Files already downloaded and verified
Files already downloaded and verified
load resnet18...

  0%|          | 0/200 [00:00<?, ?it/s]
  0%|          | 0/200 [00:14<?, ?it/s, Train loss=1.97, Train acc=0.729, Test loss=1.79, Test acc=0.69]
  0%|          | 1/200 [00:14<48:35, 14.65s/it, Train loss=1.97, Train acc=0.729, Test loss=1.79, Test acc=0.69]
  0%|          | 1/200 [00:27<48:35, 14.65s/it, Train loss=1.62, Train acc=0.61, Test loss=1.64, Test acc=0.643]
  1%|          | 2/200 [00:27<45:33, 13.81s/it, Train loss=1.62, Train acc=0.61, Test loss=1.64, Test acc=0.643]
  1%|          | 2/200 [00:41<45:33, 13.81s/it, Train loss=1.48, Train acc=0.554, Test loss=1.45, Test acc=0.53]
  2%|▏         | 3/200 [00:41<44:51, 13.66s/it, Train loss=1.48, Train acc=0.554, Test loss=1.45, Test acc=0.53]
  2%|▏         | 3/200 [00:54<44:51, 13.66s/it, Train loss=1.33, Train acc=0.492, Test loss=1.38, Test acc=0.507]
  2%|▏         | 4/200 [00:54<44:01, 13.48s/it, Train loss=1.33, Train acc=0.492, Test loss=1.38, Test acc=0.507]
  2%|▏         | 4/200 [01:07<44:01, 13.48s/it, Train loss=1.2, Train acc=0.437, Test loss=1.27, Test acc=0.485] 
  2%|▎         | 5/200 [01:07<43:31, 13.39s/it, Train loss=1.2, Train acc=0.437, Test loss=1.27, Test acc=0.485]
  2%|▎         | 5/200 [01:21<43:31, 13.39s/it, Train loss=1.07, Train acc=0.388, Test loss=1.22, Test acc=0.441]
  3%|▎         | 6/200 [01:21<43:53, 13.58s/it, Train loss=1.07, Train acc=0.388, Test loss=1.22, Test acc=0.441]
  3%|▎         | 6/200 [01:35<43:53, 13.58s/it, Train loss=0.958, Train acc=0.338, Test loss=1.08, Test acc=0.394]
  4%|▎         | 7/200 [01:35<44:19, 13.78s/it, Train loss=0.958, Train acc=0.338, Test loss=1.08, Test acc=0.394]
  4%|▎         | 7/200 [01:49<44:19, 13.78s/it, Train loss=0.839, Train acc=0.297, Test loss=0.985, Test acc=0.352]
  4%|▍         | 8/200 [01:49<43:32, 13.61s/it, Train loss=0.839, Train acc=0.297, Test loss=0.985, Test acc=0.352]
  4%|▍         | 8/200 [02:02<43:32, 13.61s/it, Train loss=0.748, Train acc=0.265, Test loss=0.933, Test acc=0.326]
  4%|▍         | 9/200 [02:02<42:56, 13.49s/it, Train loss=0.748, Train acc=0.265, Test loss=0.933, Test acc=0.326]
  4%|▍         | 9/200 [02:15<42:56, 13.49s/it, Train loss=0.671, Train acc=0.236, Test loss=0.841, Test acc=0.299]
  5%|▌         | 10/200 [02:15<42:35, 13.45s/it, Train loss=0.671, Train acc=0.236, Test loss=0.841, Test acc=0.299]
  5%|▌         | 10/200 [02:29<42:35, 13.45s/it, Train loss=0.599, Train acc=0.207, Test loss=0.832, Test acc=0.293]
  6%|▌         | 11/200 [02:29<42:17, 13.42s/it, Train loss=0.599, Train acc=0.207, Test loss=0.832, Test acc=0.293]
  6%|▌         | 11/200 [02:42<42:17, 13.42s/it, Train loss=0.535, Train acc=0.187, Test loss=0.774, Test acc=0.275]
  6%|▌         | 12/200 [02:42<41:52, 13.37s/it, Train loss=0.535, Train acc=0.187, Test loss=0.774, Test acc=0.275]
  6%|▌         | 12/200 [02:55<41:52, 13.37s/it, Train loss=0.479, Train acc=0.168, Test loss=0.731, Test acc=0.251]
  6%|▋         | 13/200 [02:55<41:30, 13.32s/it, Train loss=0.479, Train acc=0.168, Test loss=0.731, Test acc=0.251]
  6%|▋         | 13/200 [03:09<41:30, 13.32s/it, Train loss=0.429, Train acc=0.151, Test loss=0.642, Test acc=0.223]
  7%|▋         | 14/200 [03:09<41:49, 13.49s/it, Train loss=0.429, Train acc=0.151, Test loss=0.642, Test acc=0.223]
  7%|▋         | 14/200 [03:24<41:49, 13.49s/it, Train loss=0.385, Train acc=0.134, Test loss=0.678, Test acc=0.232]
  8%|▊         | 15/200 [03:24<42:39, 13.84s/it, Train loss=0.385, Train acc=0.134, Test loss=0.678, Test acc=0.232]
  8%|▊         | 15/200 [03:38<42:39, 13.84s/it, Train loss=0.344, Train acc=0.12, Test loss=0.739, Test acc=0.242] 
  8%|▊         | 16/200 [03:38<42:55, 14.00s/it, Train loss=0.344, Train acc=0.12, Test loss=0.739, Test acc=0.242]
  8%|▊         | 16/200 [03:52<42:55, 14.00s/it, Train loss=0.311, Train acc=0.107, Test loss=0.836, Test acc=0.267]
  8%|▊         | 17/200 [03:52<43:02, 14.11s/it, Train loss=0.311, Train acc=0.107, Test loss=0.836, Test acc=0.267]
  8%|▊         | 17/200 [04:06<43:02, 14.11s/it, Train loss=0.276, Train acc=0.0959, Test loss=0.657, Test acc=0.215]
  9%|▉         | 18/200 [04:06<41:59, 13.84s/it, Train loss=0.276, Train acc=0.0959, Test loss=0.657, Test acc=0.215]
  9%|▉         | 18/200 [04:19<41:59, 13.84s/it, Train loss=0.25, Train acc=0.0872, Test loss=0.705, Test acc=0.228] 
 10%|▉         | 19/200 [04:19<41:12, 13.66s/it, Train loss=0.25, Train acc=0.0872, Test loss=0.705, Test acc=0.228]
 10%|▉         | 19/200 [04:32<41:12, 13.66s/it, Train loss=0.227, Train acc=0.08, Test loss=0.769, Test acc=0.235] 
 10%|█         | 20/200 [04:32<40:47, 13.60s/it, Train loss=0.227, Train acc=0.08, Test loss=0.769, Test acc=0.235]
 10%|█         | 20/200 [04:46<40:47, 13.60s/it, Train loss=0.203, Train acc=0.0687, Test loss=0.641, Test acc=0.212]
 10%|█         | 21/200 [04:46<40:22, 13.53s/it, Train loss=0.203, Train acc=0.0687, Test loss=0.641, Test acc=0.212]
 10%|█         | 21/200 [05:00<40:22, 13.53s/it, Train loss=0.186, Train acc=0.0647, Test loss=0.683, Test acc=0.206]
 11%|█         | 22/200 [05:00<41:15, 13.91s/it, Train loss=0.186, Train acc=0.0647, Test loss=0.683, Test acc=0.206]
 11%|█         | 22/200 [05:14<41:15, 13.91s/it, Train loss=0.165, Train acc=0.0565, Test loss=0.761, Test acc=0.218]
 12%|█▏        | 23/200 [05:14<40:27, 13.71s/it, Train loss=0.165, Train acc=0.0565, Test loss=0.761, Test acc=0.218]
 12%|█▏        | 23/200 [05:27<40:27, 13.71s/it, Train loss=0.147, Train acc=0.0501, Test loss=0.678, Test acc=0.201]
 12%|█▏        | 24/200 [05:27<39:46, 13.56s/it, Train loss=0.147, Train acc=0.0501, Test loss=0.678, Test acc=0.201]
 12%|█▏        | 24/200 [05:40<39:46, 13.56s/it, Train loss=0.135, Train acc=0.0458, Test loss=0.702, Test acc=0.198]
 12%|█▎        | 25/200 [05:40<39:24, 13.51s/it, Train loss=0.135, Train acc=0.0458, Test loss=0.702, Test acc=0.198]
 12%|█▎        | 25/200 [05:54<39:24, 13.51s/it, Train loss=0.119, Train acc=0.0396, Test loss=0.662, Test acc=0.189]
 13%|█▎        | 26/200 [05:54<39:16, 13.54s/it, Train loss=0.119, Train acc=0.0396, Test loss=0.662, Test acc=0.189]
 13%|█▎        | 26/200 [06:07<39:16, 13.54s/it, Train loss=0.11, Train acc=0.0382, Test loss=0.706, Test acc=0.198] 
 14%|█▎        | 27/200 [06:07<38:55, 13.50s/it, Train loss=0.11, Train acc=0.0382, Test loss=0.706, Test acc=0.198]
 14%|█▎        | 27/200 [06:20<38:55, 13.50s/it, Train loss=0.0971, Train acc=0.0322, Test loss=0.716, Test acc=0.193]
 14%|█▍        | 28/200 [06:20<38:27, 13.42s/it, Train loss=0.0971, Train acc=0.0322, Test loss=0.716, Test acc=0.193]
 14%|█▍        | 28/200 [06:34<38:27, 13.42s/it, Train loss=0.0862, Train acc=0.0282, Test loss=0.67, Test acc=0.179] 
 14%|█▍        | 29/200 [06:34<38:07, 13.38s/it, Train loss=0.0862, Train acc=0.0282, Test loss=0.67, Test acc=0.179]
 14%|█▍        | 29/200 [06:48<38:07, 13.38s/it, Train loss=0.0777, Train acc=0.0251, Test loss=0.626, Test acc=0.166]
 15%|█▌        | 30/200 [06:48<39:00, 13.77s/it, Train loss=0.0777, Train acc=0.0251, Test loss=0.626, Test acc=0.166]
 15%|█▌        | 30/200 [07:03<39:00, 13.77s/it, Train loss=0.0717, Train acc=0.0241, Test loss=0.621, Test acc=0.168]
 16%|█▌        | 31/200 [07:03<39:12, 13.92s/it, Train loss=0.0717, Train acc=0.0241, Test loss=0.621, Test acc=0.168]
 16%|█▌        | 31/200 [07:17<39:12, 13.92s/it, Train loss=0.0627, Train acc=0.0201, Test loss=0.656, Test acc=0.169]
 16%|█▌        | 32/200 [07:17<39:10, 13.99s/it, Train loss=0.0627, Train acc=0.0201, Test loss=0.656, Test acc=0.169]
 16%|█▌        | 32/200 [07:31<39:10, 13.99s/it, Train loss=0.0574, Train acc=0.0182, Test loss=0.664, Test acc=0.176]
 16%|█▋        | 33/200 [07:31<38:59, 14.01s/it, Train loss=0.0574, Train acc=0.0182, Test loss=0.664, Test acc=0.176]
 16%|█▋        | 33/200 [07:45<38:59, 14.01s/it, Train loss=0.0533, Train acc=0.0177, Test loss=0.651, Test acc=0.167]
 17%|█▋        | 34/200 [07:45<38:46, 14.02s/it, Train loss=0.0533, Train acc=0.0177, Test loss=0.651, Test acc=0.167]
 17%|█▋        | 34/200 [07:59<38:46, 14.02s/it, Train loss=0.0473, Train acc=0.0153, Test loss=0.685, Test acc=0.172]
 18%|█▊        | 35/200 [07:59<38:26, 13.98s/it, Train loss=0.0473, Train acc=0.0153, Test loss=0.685, Test acc=0.172]
 18%|█▊        | 35/200 [08:13<38:26, 13.98s/it, Train loss=0.047, Train acc=0.015, Test loss=0.686, Test acc=0.175]  
 18%|█▊        | 36/200 [08:13<38:12, 13.98s/it, Train loss=0.047, Train acc=0.015, Test loss=0.686, Test acc=0.175]
 18%|█▊        | 36/200 [08:26<38:12, 13.98s/it, Train loss=0.0414, Train acc=0.0134, Test loss=0.7, Test acc=0.171]
 18%|█▊        | 37/200 [08:26<37:22, 13.76s/it, Train loss=0.0414, Train acc=0.0134, Test loss=0.7, Test acc=0.171]
 18%|█▊        | 37/200 [08:40<37:22, 13.76s/it, Train loss=0.0401, Train acc=0.0125, Test loss=0.742, Test acc=0.178]
 19%|█▉        | 38/200 [08:40<37:06, 13.74s/it, Train loss=0.0401, Train acc=0.0125, Test loss=0.742, Test acc=0.178]
 19%|█▉        | 38/200 [08:53<37:06, 13.74s/it, Train loss=0.0376, Train acc=0.0122, Test loss=0.732, Test acc=0.176]
 20%|█▉        | 39/200 [08:53<36:31, 13.61s/it, Train loss=0.0376, Train acc=0.0122, Test loss=0.732, Test acc=0.176]
 20%|█▉        | 39/200 [09:06<36:31, 13.61s/it, Train loss=0.0311, Train acc=0.00915, Test loss=0.659, Test acc=0.163]
 20%|██        | 40/200 [09:06<36:05, 13.54s/it, Train loss=0.0311, Train acc=0.00915, Test loss=0.659, Test acc=0.163]
 20%|██        | 40/200 [09:20<36:05, 13.54s/it, Train loss=0.0258, Train acc=0.00767, Test loss=0.675, Test acc=0.164]
 20%|██        | 41/200 [09:20<35:51, 13.53s/it, Train loss=0.0258, Train acc=0.00767, Test loss=0.675, Test acc=0.164]
 20%|██        | 41/200 [09:33<35:51, 13.53s/it, Train loss=0.0258, Train acc=0.00775, Test loss=0.689, Test acc=0.165]
 21%|██        | 42/200 [09:33<35:26, 13.46s/it, Train loss=0.0258, Train acc=0.00775, Test loss=0.689, Test acc=0.165]
 21%|██        | 42/200 [09:46<35:26, 13.46s/it, Train loss=0.0245, Train acc=0.00747, Test loss=0.671, Test acc=0.158]
 22%|██▏       | 43/200 [09:46<35:01, 13.39s/it, Train loss=0.0245, Train acc=0.00747, Test loss=0.671, Test acc=0.158]
 22%|██▏       | 43/200 [10:00<35:01, 13.39s/it, Train loss=0.021, Train acc=0.00605, Test loss=0.667, Test acc=0.163] 
 22%|██▏       | 44/200 [10:00<34:52, 13.41s/it, Train loss=0.021, Train acc=0.00605, Test loss=0.667, Test acc=0.163]
 22%|██▏       | 44/200 [10:13<34:52, 13.41s/it, Train loss=0.0192, Train acc=0.00563, Test loss=0.706, Test acc=0.159]
 22%|██▎       | 45/200 [10:13<34:35, 13.39s/it, Train loss=0.0192, Train acc=0.00563, Test loss=0.706, Test acc=0.159]
 22%|██▎       | 45/200 [10:27<34:35, 13.39s/it, Train loss=0.0178, Train acc=0.00529, Test loss=0.681, Test acc=0.158]
 23%|██▎       | 46/200 [10:27<34:22, 13.39s/it, Train loss=0.0178, Train acc=0.00529, Test loss=0.681, Test acc=0.158]
 23%|██▎       | 46/200 [10:40<34:22, 13.39s/it, Train loss=0.0172, Train acc=0.00492, Test loss=0.691, Test acc=0.159]
 24%|██▎       | 47/200 [10:40<34:26, 13.50s/it, Train loss=0.0172, Train acc=0.00492, Test loss=0.691, Test acc=0.159]
 24%|██▎       | 47/200 [10:54<34:26, 13.50s/it, Train loss=0.0171, Train acc=0.00484, Test loss=0.689, Test acc=0.155]
 24%|██▍       | 48/200 [10:54<33:59, 13.42s/it, Train loss=0.0171, Train acc=0.00484, Test loss=0.689, Test acc=0.155]
 24%|██▍       | 48/200 [11:07<33:59, 13.42s/it, Train loss=0.0168, Train acc=0.00501, Test loss=0.689, Test acc=0.154]
 24%|██▍       | 49/200 [11:07<33:40, 13.38s/it, Train loss=0.0168, Train acc=0.00501, Test loss=0.689, Test acc=0.154]
 24%|██▍       | 49/200 [11:21<33:40, 13.38s/it, Train loss=0.0146, Train acc=0.00392, Test loss=0.679, Test acc=0.157]
 25%|██▌       | 50/200 [11:21<34:02, 13.62s/it, Train loss=0.0146, Train acc=0.00392, Test loss=0.679, Test acc=0.157]
 25%|██▌       | 50/200 [11:35<34:02, 13.62s/it, Train loss=0.0141, Train acc=0.00402, Test loss=0.734, Test acc=0.163]
 26%|██▌       | 51/200 [11:35<33:51, 13.63s/it, Train loss=0.0141, Train acc=0.00402, Test loss=0.734, Test acc=0.163]
 26%|██▌       | 51/200 [11:49<33:51, 13.63s/it, Train loss=0.0142, Train acc=0.00412, Test loss=0.67, Test acc=0.152] 
 26%|██▌       | 52/200 [11:49<33:42, 13.67s/it, Train loss=0.0142, Train acc=0.00412, Test loss=0.67, Test acc=0.152]
 26%|██▌       | 52/200 [12:02<33:42, 13.67s/it, Train loss=0.0126, Train acc=0.00332, Test loss=0.686, Test acc=0.152]
 26%|██▋       | 53/200 [12:02<33:24, 13.64s/it, Train loss=0.0126, Train acc=0.00332, Test loss=0.686, Test acc=0.152]
 26%|██▋       | 53/200 [12:15<33:24, 13.64s/it, Train loss=0.0114, Train acc=0.0033, Test loss=0.697, Test acc=0.155] 
 27%|██▋       | 54/200 [12:15<32:56, 13.54s/it, Train loss=0.0114, Train acc=0.0033, Test loss=0.697, Test acc=0.155]
 27%|██▋       | 54/200 [12:29<32:56, 13.54s/it, Train loss=0.00992, Train acc=0.0025, Test loss=0.694, Test acc=0.153]
 28%|██▊       | 55/200 [12:29<32:36, 13.49s/it, Train loss=0.00992, Train acc=0.0025, Test loss=0.694, Test acc=0.153]
 28%|██▊       | 55/200 [12:43<32:36, 13.49s/it, Train loss=0.0105, Train acc=0.0027, Test loss=0.693, Test acc=0.153] 
 28%|██▊       | 56/200 [12:43<32:54, 13.71s/it, Train loss=0.0105, Train acc=0.0027, Test loss=0.693, Test acc=0.153]
 28%|██▊       | 56/200 [12:58<32:54, 13.71s/it, Train loss=0.00964, Train acc=0.00258, Test loss=0.693, Test acc=0.149]
 28%|██▊       | 57/200 [12:58<33:15, 13.96s/it, Train loss=0.00964, Train acc=0.00258, Test loss=0.693, Test acc=0.149]
 28%|██▊       | 57/200 [13:11<33:15, 13.96s/it, Train loss=0.00901, Train acc=0.00234, Test loss=0.715, Test acc=0.156]
 29%|██▉       | 58/200 [13:11<32:57, 13.93s/it, Train loss=0.00901, Train acc=0.00234, Test loss=0.715, Test acc=0.156]
 29%|██▉       | 58/200 [13:25<32:57, 13.93s/it, Train loss=0.00744, Train acc=0.00174, Test loss=0.691, Test acc=0.153]
 30%|██▉       | 59/200 [13:25<32:26, 13.80s/it, Train loss=0.00744, Train acc=0.00174, Test loss=0.691, Test acc=0.153]
 30%|██▉       | 59/200 [13:38<32:26, 13.80s/it, Train loss=0.00713, Train acc=0.00174, Test loss=0.697, Test acc=0.15] 
 30%|███       | 60/200 [13:38<31:56, 13.69s/it, Train loss=0.00713, Train acc=0.00174, Test loss=0.697, Test acc=0.15]
 30%|███       | 60/200 [13:52<31:56, 13.69s/it, Train loss=0.00626, Train acc=0.00162, Test loss=0.697, Test acc=0.15]
 30%|███       | 61/200 [13:52<31:49, 13.74s/it, Train loss=0.00626, Train acc=0.00162, Test loss=0.697, Test acc=0.15]
 30%|███       | 61/200 [14:08<31:49, 13.74s/it, Train loss=0.00692, Train acc=0.0018, Test loss=0.695, Test acc=0.15] 
 31%|███       | 62/200 [14:08<32:42, 14.22s/it, Train loss=0.00692, Train acc=0.0018, Test loss=0.695, Test acc=0.15]
 31%|███       | 62/200 [14:21<32:42, 14.22s/it, Train loss=0.00636, Train acc=0.0014, Test loss=0.678, Test acc=0.146]
 32%|███▏      | 63/200 [14:21<31:48, 13.93s/it, Train loss=0.00636, Train acc=0.0014, Test loss=0.678, Test acc=0.146]
 32%|███▏      | 63/200 [14:34<31:48, 13.93s/it, Train loss=0.0054, Train acc=0.00136, Test loss=0.675, Test acc=0.147]
 32%|███▏      | 64/200 [14:34<31:14, 13.78s/it, Train loss=0.0054, Train acc=0.00136, Test loss=0.675, Test acc=0.147]
 32%|███▏      | 64/200 [14:48<31:14, 13.78s/it, Train loss=0.00487, Train acc=0.00118, Test loss=0.696, Test acc=0.152]
 32%|███▎      | 65/200 [14:48<30:46, 13.67s/it, Train loss=0.00487, Train acc=0.00118, Test loss=0.696, Test acc=0.152]
 32%|███▎      | 65/200 [15:01<30:46, 13.67s/it, Train loss=0.00541, Train acc=0.00126, Test loss=0.702, Test acc=0.154]
 33%|███▎      | 66/200 [15:01<30:23, 13.61s/it, Train loss=0.00541, Train acc=0.00126, Test loss=0.702, Test acc=0.154]
 33%|███▎      | 66/200 [15:15<30:23, 13.61s/it, Train loss=0.00463, Train acc=0.0011, Test loss=0.68, Test acc=0.143]  
 34%|███▎      | 67/200 [15:15<30:12, 13.63s/it, Train loss=0.00463, Train acc=0.0011, Test loss=0.68, Test acc=0.143]
 34%|███▎      | 67/200 [15:28<30:12, 13.63s/it, Train loss=0.00382, Train acc=0.000919, Test loss=0.686, Test acc=0.145]
 34%|███▍      | 68/200 [15:28<29:45, 13.53s/it, Train loss=0.00382, Train acc=0.000919, Test loss=0.686, Test acc=0.145]
 34%|███▍      | 68/200 [15:41<29:45, 13.53s/it, Train loss=0.00336, Train acc=0.000759, Test loss=0.671, Test acc=0.144]
 34%|███▍      | 69/200 [15:41<29:26, 13.49s/it, Train loss=0.00336, Train acc=0.000759, Test loss=0.671, Test acc=0.144]
 34%|███▍      | 69/200 [15:55<29:26, 13.49s/it, Train loss=0.00275, Train acc=0.000619, Test loss=0.674, Test acc=0.142]
 35%|███▌      | 70/200 [15:55<29:17, 13.52s/it, Train loss=0.00275, Train acc=0.000619, Test loss=0.674, Test acc=0.142]
 35%|███▌      | 70/200 [16:09<29:17, 13.52s/it, Train loss=0.00266, Train acc=0.000599, Test loss=0.675, Test acc=0.145]
 36%|███▌      | 71/200 [16:09<29:01, 13.50s/it, Train loss=0.00266, Train acc=0.000599, Test loss=0.675, Test acc=0.145]
 36%|███▌      | 71/200 [16:22<29:01, 13.50s/it, Train loss=0.00275, Train acc=0.000599, Test loss=0.672, Test acc=0.145]
 36%|███▌      | 72/200 [16:22<28:39, 13.44s/it, Train loss=0.00275, Train acc=0.000599, Test loss=0.672, Test acc=0.145]
 36%|███▌      | 72/200 [16:36<28:39, 13.44s/it, Train loss=0.00324, Train acc=0.000639, Test loss=0.689, Test acc=0.145]
 36%|███▋      | 73/200 [16:36<28:36, 13.52s/it, Train loss=0.00324, Train acc=0.000639, Test loss=0.689, Test acc=0.145]
 36%|███▋      | 73/200 [16:49<28:36, 13.52s/it, Train loss=0.00242, Train acc=0.000579, Test loss=0.7, Test acc=0.149]  
 37%|███▋      | 74/200 [16:49<28:18, 13.48s/it, Train loss=0.00242, Train acc=0.000579, Test loss=0.7, Test acc=0.149]
 37%|███▋      | 74/200 [17:02<28:18, 13.48s/it, Train loss=0.00197, Train acc=0.0004, Test loss=0.688, Test acc=0.146]
 38%|███▊      | 75/200 [17:02<28:04, 13.48s/it, Train loss=0.00197, Train acc=0.0004, Test loss=0.688, Test acc=0.146]
 38%|███▊      | 75/200 [17:16<28:04, 13.48s/it, Train loss=0.00154, Train acc=0.00032, Test loss=0.686, Test acc=0.148]
 38%|███▊      | 76/200 [17:16<27:53, 13.49s/it, Train loss=0.00154, Train acc=0.00032, Test loss=0.686, Test acc=0.148]
 38%|███▊      | 76/200 [17:29<27:53, 13.49s/it, Train loss=0.00144, Train acc=0.00028, Test loss=0.684, Test acc=0.14] 
 38%|███▊      | 77/200 [17:29<27:32, 13.44s/it, Train loss=0.00144, Train acc=0.00028, Test loss=0.684, Test acc=0.14]
 38%|███▊      | 77/200 [17:43<27:32, 13.44s/it, Train loss=0.00127, Train acc=0.00024, Test loss=0.684, Test acc=0.142]
 39%|███▉      | 78/200 [17:43<27:20, 13.45s/it, Train loss=0.00127, Train acc=0.00024, Test loss=0.684, Test acc=0.142]
 39%|███▉      | 78/200 [17:57<27:20, 13.45s/it, Train loss=0.00109, Train acc=0.00016, Test loss=0.669, Test acc=0.14] 
 40%|███▉      | 79/200 [17:57<27:25, 13.60s/it, Train loss=0.00109, Train acc=0.00016, Test loss=0.669, Test acc=0.14]
 40%|███▉      | 79/200 [18:10<27:25, 13.60s/it, Train loss=0.00115, Train acc=0.00022, Test loss=0.671, Test acc=0.14]
 40%|████      | 80/200 [18:10<27:13, 13.61s/it, Train loss=0.00115, Train acc=0.00022, Test loss=0.671, Test acc=0.14]
 40%|████      | 80/200 [18:24<27:13, 13.61s/it, Train loss=0.000943, Train acc=0.00016, Test loss=0.671, Test acc=0.14]
 40%|████      | 81/200 [18:24<26:56, 13.58s/it, Train loss=0.000943, Train acc=0.00016, Test loss=0.671, Test acc=0.14]
 40%|████      | 81/200 [18:37<26:56, 13.58s/it, Train loss=0.0011, Train acc=0.0002, Test loss=0.668, Test acc=0.139]  
 41%|████      | 82/200 [18:37<26:35, 13.52s/it, Train loss=0.0011, Train acc=0.0002, Test loss=0.668, Test acc=0.139]
 41%|████      | 82/200 [18:51<26:35, 13.52s/it, Train loss=0.00114, Train acc=0.00024, Test loss=0.682, Test acc=0.144]
 42%|████▏     | 83/200 [18:51<26:15, 13.47s/it, Train loss=0.00114, Train acc=0.00024, Test loss=0.682, Test acc=0.144]
 42%|████▏     | 83/200 [19:04<26:15, 13.47s/it, Train loss=0.000907, Train acc=0.00016, Test loss=0.672, Test acc=0.14]
 42%|████▏     | 84/200 [19:04<26:04, 13.49s/it, Train loss=0.000907, Train acc=0.00016, Test loss=0.672, Test acc=0.14]
 42%|████▏     | 84/200 [19:18<26:04, 13.49s/it, Train loss=0.000791, Train acc=0.00012, Test loss=0.67, Test acc=0.14] 
 42%|████▎     | 85/200 [19:18<25:50, 13.49s/it, Train loss=0.000791, Train acc=0.00012, Test loss=0.67, Test acc=0.14]
 42%|████▎     | 85/200 [19:31<25:50, 13.49s/it, Train loss=0.000902, Train acc=0.0002, Test loss=0.677, Test acc=0.139]
 43%|████▎     | 86/200 [19:31<25:36, 13.48s/it, Train loss=0.000902, Train acc=0.0002, Test loss=0.677, Test acc=0.139]
 43%|████▎     | 86/200 [19:45<25:36, 13.48s/it, Train loss=0.000795, Train acc=0.00012, Test loss=0.672, Test acc=0.14]
 44%|████▎     | 87/200 [19:45<25:38, 13.61s/it, Train loss=0.000795, Train acc=0.00012, Test loss=0.672, Test acc=0.14]
 44%|████▎     | 87/200 [19:59<25:38, 13.61s/it, Train loss=0.000648, Train acc=9.99e-5, Test loss=0.672, Test acc=0.139]
 44%|████▍     | 88/200 [19:59<25:41, 13.77s/it, Train loss=0.000648, Train acc=9.99e-5, Test loss=0.672, Test acc=0.139]
 44%|████▍     | 88/200 [20:14<25:41, 13.77s/it, Train loss=0.000582, Train acc=7.99e-5, Test loss=0.665, Test acc=0.138]
 44%|████▍     | 89/200 [20:14<25:50, 13.97s/it, Train loss=0.000582, Train acc=7.99e-5, Test loss=0.665, Test acc=0.138]
 44%|████▍     | 89/200 [20:28<25:50, 13.97s/it, Train loss=0.000405, Train acc=5.99e-5, Test loss=0.671, Test acc=0.138]
 45%|████▌     | 90/200 [20:28<26:05, 14.23s/it, Train loss=0.000405, Train acc=5.99e-5, Test loss=0.671, Test acc=0.138]
 45%|████▌     | 90/200 [20:43<26:05, 14.23s/it, Train loss=0.000361, Train acc=4e-5, Test loss=0.672, Test acc=0.14]    
 46%|████▌     | 91/200 [20:43<26:06, 14.38s/it, Train loss=0.000361, Train acc=4e-5, Test loss=0.672, Test acc=0.14]
 46%|████▌     | 91/200 [20:58<26:06, 14.38s/it, Train loss=0.000313, Train acc=2e-5, Test loss=0.671, Test acc=0.139]
 46%|████▌     | 92/200 [20:58<25:56, 14.41s/it, Train loss=0.000313, Train acc=2e-5, Test loss=0.671, Test acc=0.139]
 46%|████▌     | 92/200 [21:11<25:56, 14.41s/it, Train loss=0.000311, Train acc=2e-5, Test loss=0.669, Test acc=0.139]
 46%|████▋     | 93/200 [21:11<25:12, 14.13s/it, Train loss=0.000311, Train acc=2e-5, Test loss=0.669, Test acc=0.139]
 46%|████▋     | 93/200 [21:24<25:12, 14.13s/it, Train loss=0.000289, Train acc=2e-5, Test loss=0.67, Test acc=0.138] 
 47%|████▋     | 94/200 [21:24<24:35, 13.92s/it, Train loss=0.000289, Train acc=2e-5, Test loss=0.67, Test acc=0.138]
 47%|████▋     | 94/200 [21:38<24:35, 13.92s/it, Train loss=0.000223, Train acc=0, Test loss=0.67, Test acc=0.138]   
 48%|████▊     | 95/200 [21:38<24:08, 13.80s/it, Train loss=0.000223, Train acc=0, Test loss=0.67, Test acc=0.138]
 48%|████▊     | 95/200 [21:51<24:08, 13.80s/it, Train loss=0.00021, Train acc=0, Test loss=0.669, Test acc=0.137]
 48%|████▊     | 96/200 [21:51<23:42, 13.68s/it, Train loss=0.00021, Train acc=0, Test loss=0.669, Test acc=0.137]
 48%|████▊     | 96/200 [22:05<23:42, 13.68s/it, Train loss=0.000207, Train acc=0, Test loss=0.675, Test acc=0.138]
 48%|████▊     | 97/200 [22:05<23:16, 13.56s/it, Train loss=0.000207, Train acc=0, Test loss=0.675, Test acc=0.138]
 48%|████▊     | 97/200 [22:18<23:16, 13.56s/it, Train loss=0.000231, Train acc=2e-5, Test loss=0.675, Test acc=0.137]
