Files already downloaded and verified
Files already downloaded and verified
load resnet18...

  0%|          | 0/200 [00:00<?, ?it/s]
  0%|          | 0/200 [00:13<?, ?it/s, Train loss=2.13, Train acc=0.774, Test loss=1.84, Test acc=0.717]
  0%|          | 1/200 [00:13<46:18, 13.96s/it, Train loss=2.13, Train acc=0.774, Test loss=1.84, Test acc=0.717]
  0%|          | 1/200 [00:27<46:18, 13.96s/it, Train loss=1.72, Train acc=0.653, Test loss=1.66, Test acc=0.647]
  1%|          | 2/200 [00:27<45:37, 13.83s/it, Train loss=1.72, Train acc=0.653, Test loss=1.66, Test acc=0.647]
  1%|          | 2/200 [00:42<45:37, 13.83s/it, Train loss=1.59, Train acc=0.599, Test loss=1.54, Test acc=0.584]
  2%|▏         | 3/200 [00:42<46:31, 14.17s/it, Train loss=1.59, Train acc=0.599, Test loss=1.54, Test acc=0.584]
  2%|▏         | 3/200 [00:55<46:31, 14.17s/it, Train loss=1.46, Train acc=0.546, Test loss=1.4, Test acc=0.521] 
  2%|▏         | 4/200 [00:55<45:30, 13.93s/it, Train loss=1.46, Train acc=0.546, Test loss=1.4, Test acc=0.521]
  2%|▏         | 4/200 [01:10<45:30, 13.93s/it, Train loss=1.36, Train acc=0.503, Test loss=1.35, Test acc=0.518]
  2%|▎         | 5/200 [01:10<45:39, 14.05s/it, Train loss=1.36, Train acc=0.503, Test loss=1.35, Test acc=0.518]
  2%|▎         | 5/200 [01:24<45:39, 14.05s/it, Train loss=1.27, Train acc=0.466, Test loss=1.35, Test acc=0.498]
  3%|▎         | 6/200 [01:24<46:09, 14.27s/it, Train loss=1.27, Train acc=0.466, Test loss=1.35, Test acc=0.498]
  3%|▎         | 6/200 [01:38<46:09, 14.27s/it, Train loss=1.18, Train acc=0.426, Test loss=1.23, Test acc=0.449]
  4%|▎         | 7/200 [01:38<45:12, 14.05s/it, Train loss=1.18, Train acc=0.426, Test loss=1.23, Test acc=0.449]
  4%|▎         | 7/200 [01:51<45:12, 14.05s/it, Train loss=1.09, Train acc=0.391, Test loss=1.17, Test acc=0.429]
  4%|▍         | 8/200 [01:51<44:06, 13.79s/it, Train loss=1.09, Train acc=0.391, Test loss=1.17, Test acc=0.429]
  4%|▍         | 8/200 [02:04<44:06, 13.79s/it, Train loss=1.01, Train acc=0.363, Test loss=1.08, Test acc=0.387]
  4%|▍         | 9/200 [02:04<43:21, 13.62s/it, Train loss=1.01, Train acc=0.363, Test loss=1.08, Test acc=0.387]
  4%|▍         | 9/200 [02:18<43:21, 13.62s/it, Train loss=0.932, Train acc=0.336, Test loss=1.08, Test acc=0.387]
  5%|▌         | 10/200 [02:18<42:43, 13.49s/it, Train loss=0.932, Train acc=0.336, Test loss=1.08, Test acc=0.387]
  5%|▌         | 10/200 [02:31<42:43, 13.49s/it, Train loss=0.874, Train acc=0.309, Test loss=0.923, Test acc=0.328]
  6%|▌         | 11/200 [02:31<42:13, 13.41s/it, Train loss=0.874, Train acc=0.309, Test loss=0.923, Test acc=0.328]
  6%|▌         | 11/200 [02:44<42:13, 13.41s/it, Train loss=0.807, Train acc=0.286, Test loss=0.958, Test acc=0.348]
  6%|▌         | 12/200 [02:44<41:50, 13.36s/it, Train loss=0.807, Train acc=0.286, Test loss=0.958, Test acc=0.348]
  6%|▌         | 12/200 [02:57<41:50, 13.36s/it, Train loss=0.745, Train acc=0.262, Test loss=0.899, Test acc=0.309]
  6%|▋         | 13/200 [02:57<41:32, 13.33s/it, Train loss=0.745, Train acc=0.262, Test loss=0.899, Test acc=0.309]
  6%|▋         | 13/200 [03:11<41:32, 13.33s/it, Train loss=0.69, Train acc=0.244, Test loss=0.739, Test acc=0.257] 
  7%|▋         | 14/200 [03:11<41:12, 13.29s/it, Train loss=0.69, Train acc=0.244, Test loss=0.739, Test acc=0.257]
  7%|▋         | 14/200 [03:24<41:12, 13.29s/it, Train loss=0.639, Train acc=0.224, Test loss=0.742, Test acc=0.266]
  8%|▊         | 15/200 [03:24<40:55, 13.27s/it, Train loss=0.639, Train acc=0.224, Test loss=0.742, Test acc=0.266]
  8%|▊         | 15/200 [03:37<40:55, 13.27s/it, Train loss=0.59, Train acc=0.208, Test loss=0.742, Test acc=0.261] 
  8%|▊         | 16/200 [03:37<40:38, 13.26s/it, Train loss=0.59, Train acc=0.208, Test loss=0.742, Test acc=0.261]
  8%|▊         | 16/200 [03:50<40:38, 13.26s/it, Train loss=0.548, Train acc=0.193, Test loss=0.761, Test acc=0.261]
  8%|▊         | 17/200 [03:50<40:28, 13.27s/it, Train loss=0.548, Train acc=0.193, Test loss=0.761, Test acc=0.261]
  8%|▊         | 17/200 [04:04<40:28, 13.27s/it, Train loss=0.509, Train acc=0.18, Test loss=0.727, Test acc=0.249] 
  9%|▉         | 18/200 [04:04<40:19, 13.29s/it, Train loss=0.509, Train acc=0.18, Test loss=0.727, Test acc=0.249]
  9%|▉         | 18/200 [04:17<40:19, 13.29s/it, Train loss=0.474, Train acc=0.168, Test loss=0.794, Test acc=0.265]
 10%|▉         | 19/200 [04:17<40:08, 13.31s/it, Train loss=0.474, Train acc=0.168, Test loss=0.794, Test acc=0.265]
 10%|▉         | 19/200 [04:30<40:08, 13.31s/it, Train loss=0.441, Train acc=0.156, Test loss=0.897, Test acc=0.297]
 10%|█         | 20/200 [04:30<39:50, 13.28s/it, Train loss=0.441, Train acc=0.156, Test loss=0.897, Test acc=0.297]
 10%|█         | 20/200 [04:43<39:50, 13.28s/it, Train loss=0.405, Train acc=0.143, Test loss=0.694, Test acc=0.229]
 10%|█         | 21/200 [04:43<39:33, 13.26s/it, Train loss=0.405, Train acc=0.143, Test loss=0.694, Test acc=0.229]
 10%|█         | 21/200 [04:57<39:33, 13.26s/it, Train loss=0.376, Train acc=0.131, Test loss=0.744, Test acc=0.24] 
 11%|█         | 22/200 [04:57<39:21, 13.27s/it, Train loss=0.376, Train acc=0.131, Test loss=0.744, Test acc=0.24]
 11%|█         | 22/200 [05:10<39:21, 13.27s/it, Train loss=0.356, Train acc=0.125, Test loss=0.667, Test acc=0.226]
 12%|█▏        | 23/200 [05:10<39:10, 13.28s/it, Train loss=0.356, Train acc=0.125, Test loss=0.667, Test acc=0.226]
 12%|█▏        | 23/200 [05:23<39:10, 13.28s/it, Train loss=0.327, Train acc=0.113, Test loss=0.672, Test acc=0.227]
 12%|█▏        | 24/200 [05:23<38:55, 13.27s/it, Train loss=0.327, Train acc=0.113, Test loss=0.672, Test acc=0.227]
 12%|█▏        | 24/200 [05:36<38:55, 13.27s/it, Train loss=0.3, Train acc=0.104, Test loss=0.765, Test acc=0.243]  
 12%|█▎        | 25/200 [05:36<38:39, 13.25s/it, Train loss=0.3, Train acc=0.104, Test loss=0.765, Test acc=0.243]
 12%|█▎        | 25/200 [05:50<38:39, 13.25s/it, Train loss=0.289, Train acc=0.0998, Test loss=0.671, Test acc=0.219]
 13%|█▎        | 26/200 [05:50<38:24, 13.24s/it, Train loss=0.289, Train acc=0.0998, Test loss=0.671, Test acc=0.219]
 13%|█▎        | 26/200 [06:03<38:24, 13.24s/it, Train loss=0.266, Train acc=0.0908, Test loss=0.63, Test acc=0.205] 
 14%|█▎        | 27/200 [06:03<38:14, 13.26s/it, Train loss=0.266, Train acc=0.0908, Test loss=0.63, Test acc=0.205]
 14%|█▎        | 27/200 [06:16<38:14, 13.26s/it, Train loss=0.241, Train acc=0.0846, Test loss=0.698, Test acc=0.22]
 14%|█▍        | 28/200 [06:16<38:04, 13.28s/it, Train loss=0.241, Train acc=0.0846, Test loss=0.698, Test acc=0.22]
 14%|█▍        | 28/200 [06:29<38:04, 13.28s/it, Train loss=0.22, Train acc=0.0753, Test loss=0.625, Test acc=0.198]
 14%|█▍        | 29/200 [06:29<37:48, 13.26s/it, Train loss=0.22, Train acc=0.0753, Test loss=0.625, Test acc=0.198]
 14%|█▍        | 29/200 [06:43<37:48, 13.26s/it, Train loss=0.207, Train acc=0.0725, Test loss=0.679, Test acc=0.202]
 15%|█▌        | 30/200 [06:43<37:32, 13.25s/it, Train loss=0.207, Train acc=0.0725, Test loss=0.679, Test acc=0.202]
 15%|█▌        | 30/200 [06:56<37:32, 13.25s/it, Train loss=0.194, Train acc=0.0664, Test loss=0.674, Test acc=0.21] 
 16%|█▌        | 31/200 [06:56<37:19, 13.25s/it, Train loss=0.194, Train acc=0.0664, Test loss=0.674, Test acc=0.21]
 16%|█▌        | 31/200 [07:09<37:19, 13.25s/it, Train loss=0.184, Train acc=0.0631, Test loss=0.651, Test acc=0.195]
 16%|█▌        | 32/200 [07:09<37:11, 13.29s/it, Train loss=0.184, Train acc=0.0631, Test loss=0.651, Test acc=0.195]
 16%|█▌        | 32/200 [07:23<37:11, 13.29s/it, Train loss=0.163, Train acc=0.0551, Test loss=0.772, Test acc=0.21] 
 16%|█▋        | 33/200 [07:23<37:03, 13.31s/it, Train loss=0.163, Train acc=0.0551, Test loss=0.772, Test acc=0.21]
 16%|█▋        | 33/200 [07:36<37:03, 13.31s/it, Train loss=0.154, Train acc=0.0523, Test loss=0.698, Test acc=0.199]
 17%|█▋        | 34/200 [07:36<36:45, 13.29s/it, Train loss=0.154, Train acc=0.0523, Test loss=0.698, Test acc=0.199]
 17%|█▋        | 34/200 [07:49<36:45, 13.29s/it, Train loss=0.138, Train acc=0.0475, Test loss=0.736, Test acc=0.204]
 18%|█▊        | 35/200 [07:49<36:29, 13.27s/it, Train loss=0.138, Train acc=0.0475, Test loss=0.736, Test acc=0.204]
 18%|█▊        | 35/200 [08:02<36:29, 13.27s/it, Train loss=0.129, Train acc=0.0434, Test loss=0.669, Test acc=0.192]
 18%|█▊        | 36/200 [08:02<36:16, 13.27s/it, Train loss=0.129, Train acc=0.0434, Test loss=0.669, Test acc=0.192]
 18%|█▊        | 36/200 [08:16<36:16, 13.27s/it, Train loss=0.119, Train acc=0.0399, Test loss=0.719, Test acc=0.2]  
 18%|█▊        | 37/200 [08:16<36:06, 13.29s/it, Train loss=0.119, Train acc=0.0399, Test loss=0.719, Test acc=0.2]
 18%|█▊        | 37/200 [08:29<36:06, 13.29s/it, Train loss=0.104, Train acc=0.0345, Test loss=0.722, Test acc=0.193]
 19%|█▉        | 38/200 [08:29<35:55, 13.31s/it, Train loss=0.104, Train acc=0.0345, Test loss=0.722, Test acc=0.193]
 19%|█▉        | 38/200 [08:42<35:55, 13.31s/it, Train loss=0.101, Train acc=0.0333, Test loss=0.717, Test acc=0.194]
 20%|█▉        | 39/200 [08:42<35:38, 13.28s/it, Train loss=0.101, Train acc=0.0333, Test loss=0.717, Test acc=0.194]
 20%|█▉        | 39/200 [08:56<35:38, 13.28s/it, Train loss=0.0973, Train acc=0.0318, Test loss=0.672, Test acc=0.179]
 20%|██        | 40/200 [08:56<35:22, 13.26s/it, Train loss=0.0973, Train acc=0.0318, Test loss=0.672, Test acc=0.179]
 20%|██        | 40/200 [09:09<35:22, 13.26s/it, Train loss=0.0878, Train acc=0.0281, Test loss=0.689, Test acc=0.183]
 20%|██        | 41/200 [09:09<35:08, 13.26s/it, Train loss=0.0878, Train acc=0.0281, Test loss=0.689, Test acc=0.183]
 20%|██        | 41/200 [09:22<35:08, 13.26s/it, Train loss=0.0834, Train acc=0.0273, Test loss=0.735, Test acc=0.191]
 21%|██        | 42/200 [09:22<34:59, 13.29s/it, Train loss=0.0834, Train acc=0.0273, Test loss=0.735, Test acc=0.191]
 21%|██        | 42/200 [09:36<34:59, 13.29s/it, Train loss=0.0805, Train acc=0.0251, Test loss=0.718, Test acc=0.182]
 22%|██▏       | 43/200 [09:36<34:51, 13.32s/it, Train loss=0.0805, Train acc=0.0251, Test loss=0.718, Test acc=0.182]
 22%|██▏       | 43/200 [09:49<34:51, 13.32s/it, Train loss=0.0656, Train acc=0.0213, Test loss=0.843, Test acc=0.206]
 22%|██▏       | 44/200 [09:49<34:35, 13.30s/it, Train loss=0.0656, Train acc=0.0213, Test loss=0.843, Test acc=0.206]
 22%|██▏       | 44/200 [10:02<34:35, 13.30s/it, Train loss=0.0655, Train acc=0.0213, Test loss=0.744, Test acc=0.183]
 22%|██▎       | 45/200 [10:02<34:18, 13.28s/it, Train loss=0.0655, Train acc=0.0213, Test loss=0.744, Test acc=0.183]
 22%|██▎       | 45/200 [10:15<34:18, 13.28s/it, Train loss=0.0652, Train acc=0.0215, Test loss=0.724, Test acc=0.177]
 23%|██▎       | 46/200 [10:15<34:05, 13.28s/it, Train loss=0.0652, Train acc=0.0215, Test loss=0.724, Test acc=0.177]
 23%|██▎       | 46/200 [10:29<34:05, 13.28s/it, Train loss=0.0599, Train acc=0.0194, Test loss=0.716, Test acc=0.178]
 24%|██▎       | 47/200 [10:29<33:55, 13.30s/it, Train loss=0.0599, Train acc=0.0194, Test loss=0.716, Test acc=0.178]
 24%|██▎       | 47/200 [10:42<33:55, 13.30s/it, Train loss=0.0542, Train acc=0.0167, Test loss=0.709, Test acc=0.17] 
 24%|██▍       | 48/200 [10:42<33:47, 13.34s/it, Train loss=0.0542, Train acc=0.0167, Test loss=0.709, Test acc=0.17]
 24%|██▍       | 48/200 [10:55<33:47, 13.34s/it, Train loss=0.0516, Train acc=0.0157, Test loss=0.775, Test acc=0.182]
 24%|██▍       | 49/200 [10:55<33:30, 13.31s/it, Train loss=0.0516, Train acc=0.0157, Test loss=0.775, Test acc=0.182]
 24%|██▍       | 49/200 [11:09<33:30, 13.31s/it, Train loss=0.0487, Train acc=0.015, Test loss=0.694, Test acc=0.173] 
 25%|██▌       | 50/200 [11:09<33:12, 13.29s/it, Train loss=0.0487, Train acc=0.015, Test loss=0.694, Test acc=0.173]
 25%|██▌       | 50/200 [11:22<33:12, 13.29s/it, Train loss=0.0435, Train acc=0.013, Test loss=0.77, Test acc=0.18]  
 26%|██▌       | 51/200 [11:22<32:58, 13.28s/it, Train loss=0.0435, Train acc=0.013, Test loss=0.77, Test acc=0.18]
 26%|██▌       | 51/200 [11:35<32:58, 13.28s/it, Train loss=0.0424, Train acc=0.013, Test loss=0.724, Test acc=0.172]
 26%|██▌       | 52/200 [11:35<32:48, 13.30s/it, Train loss=0.0424, Train acc=0.013, Test loss=0.724, Test acc=0.172]
 26%|██▌       | 52/200 [11:49<32:48, 13.30s/it, Train loss=0.0393, Train acc=0.0115, Test loss=0.714, Test acc=0.168]
 26%|██▋       | 53/200 [11:49<32:41, 13.34s/it, Train loss=0.0393, Train acc=0.0115, Test loss=0.714, Test acc=0.168]
 26%|██▋       | 53/200 [12:02<32:41, 13.34s/it, Train loss=0.0394, Train acc=0.012, Test loss=0.712, Test acc=0.171] 
 27%|██▋       | 54/200 [12:02<32:25, 13.33s/it, Train loss=0.0394, Train acc=0.012, Test loss=0.712, Test acc=0.171]
 27%|██▋       | 54/200 [12:15<32:25, 13.33s/it, Train loss=0.0336, Train acc=0.00995, Test loss=0.727, Test acc=0.168]
 28%|██▊       | 55/200 [12:15<32:09, 13.31s/it, Train loss=0.0336, Train acc=0.00995, Test loss=0.727, Test acc=0.168]
 28%|██▊       | 55/200 [12:28<32:09, 13.31s/it, Train loss=0.033, Train acc=0.00964, Test loss=0.712, Test acc=0.171] 
 28%|██▊       | 56/200 [12:28<31:55, 13.30s/it, Train loss=0.033, Train acc=0.00964, Test loss=0.712, Test acc=0.171]
 28%|██▊       | 56/200 [12:42<31:55, 13.30s/it, Train loss=0.0274, Train acc=0.00772, Test loss=0.72, Test acc=0.168]
 28%|██▊       | 57/200 [12:42<31:44, 13.32s/it, Train loss=0.0274, Train acc=0.00772, Test loss=0.72, Test acc=0.168]
 28%|██▊       | 57/200 [12:55<31:44, 13.32s/it, Train loss=0.025, Train acc=0.00685, Test loss=0.784, Test acc=0.174]
 29%|██▉       | 58/200 [12:55<31:36, 13.35s/it, Train loss=0.025, Train acc=0.00685, Test loss=0.784, Test acc=0.174]
 29%|██▉       | 58/200 [13:09<31:36, 13.35s/it, Train loss=0.0273, Train acc=0.00827, Test loss=0.738, Test acc=0.167]
 30%|██▉       | 59/200 [13:09<31:26, 13.38s/it, Train loss=0.0273, Train acc=0.00827, Test loss=0.738, Test acc=0.167]
 30%|██▉       | 59/200 [13:22<31:26, 13.38s/it, Train loss=0.0251, Train acc=0.00705, Test loss=0.737, Test acc=0.169]
 30%|███       | 60/200 [13:22<31:11, 13.37s/it, Train loss=0.0251, Train acc=0.00705, Test loss=0.737, Test acc=0.169]
 30%|███       | 60/200 [13:35<31:11, 13.37s/it, Train loss=0.0228, Train acc=0.00623, Test loss=0.74, Test acc=0.166] 
 30%|███       | 61/200 [13:35<31:00, 13.38s/it, Train loss=0.0228, Train acc=0.00623, Test loss=0.74, Test acc=0.166]
 30%|███       | 61/200 [13:49<31:00, 13.38s/it, Train loss=0.0226, Train acc=0.00695, Test loss=0.797, Test acc=0.175]
 31%|███       | 62/200 [13:49<30:47, 13.39s/it, Train loss=0.0226, Train acc=0.00695, Test loss=0.797, Test acc=0.175]
 31%|███       | 62/200 [14:02<30:47, 13.39s/it, Train loss=0.0216, Train acc=0.00611, Test loss=0.741, Test acc=0.166]
 32%|███▏      | 63/200 [14:02<30:36, 13.41s/it, Train loss=0.0216, Train acc=0.00611, Test loss=0.741, Test acc=0.166]
 32%|███▏      | 63/200 [14:16<30:36, 13.41s/it, Train loss=0.0197, Train acc=0.00577, Test loss=0.815, Test acc=0.178]
 32%|███▏      | 64/200 [14:16<30:24, 13.42s/it, Train loss=0.0197, Train acc=0.00577, Test loss=0.815, Test acc=0.178]
 32%|███▏      | 64/200 [14:29<30:24, 13.42s/it, Train loss=0.0187, Train acc=0.00531, Test loss=0.757, Test acc=0.168]
 32%|███▎      | 65/200 [14:29<30:04, 13.37s/it, Train loss=0.0187, Train acc=0.00531, Test loss=0.757, Test acc=0.168]
 32%|███▎      | 65/200 [14:43<30:04, 13.37s/it, Train loss=0.0169, Train acc=0.00476, Test loss=0.776, Test acc=0.169]
 33%|███▎      | 66/200 [14:43<30:08, 13.50s/it, Train loss=0.0169, Train acc=0.00476, Test loss=0.776, Test acc=0.169]
 33%|███▎      | 66/200 [14:56<30:08, 13.50s/it, Train loss=0.0149, Train acc=0.0039, Test loss=0.756, Test acc=0.164] 
 34%|███▎      | 67/200 [14:56<29:52, 13.48s/it, Train loss=0.0149, Train acc=0.0039, Test loss=0.756, Test acc=0.164]
 34%|███▎      | 67/200 [15:11<29:52, 13.48s/it, Train loss=0.0154, Train acc=0.00412, Test loss=0.755, Test acc=0.164]
 34%|███▍      | 68/200 [15:11<30:10, 13.72s/it, Train loss=0.0154, Train acc=0.00412, Test loss=0.755, Test acc=0.164]
 34%|███▍      | 68/200 [15:25<30:10, 13.72s/it, Train loss=0.0123, Train acc=0.00318, Test loss=0.749, Test acc=0.163]
 34%|███▍      | 69/200 [15:25<30:24, 13.93s/it, Train loss=0.0123, Train acc=0.00318, Test loss=0.749, Test acc=0.163]
 34%|███▍      | 69/200 [15:39<30:24, 13.93s/it, Train loss=0.011, Train acc=0.00283, Test loss=0.768, Test acc=0.163] 
 35%|███▌      | 70/200 [15:39<30:21, 14.01s/it, Train loss=0.011, Train acc=0.00283, Test loss=0.768, Test acc=0.163]
 35%|███▌      | 70/200 [15:53<30:21, 14.01s/it, Train loss=0.0102, Train acc=0.00284, Test loss=0.769, Test acc=0.161]
 36%|███▌      | 71/200 [15:53<30:15, 14.07s/it, Train loss=0.0102, Train acc=0.00284, Test loss=0.769, Test acc=0.161]
 36%|███▌      | 71/200 [16:08<30:15, 14.07s/it, Train loss=0.00977, Train acc=0.00222, Test loss=0.752, Test acc=0.16]
 36%|███▌      | 72/200 [16:08<30:29, 14.29s/it, Train loss=0.00977, Train acc=0.00222, Test loss=0.752, Test acc=0.16]
 36%|███▌      | 72/200 [16:22<30:29, 14.29s/it, Train loss=0.00995, Train acc=0.00264, Test loss=0.744, Test acc=0.158]
 36%|███▋      | 73/200 [16:22<29:54, 14.13s/it, Train loss=0.00995, Train acc=0.00264, Test loss=0.744, Test acc=0.158]
 36%|███▋      | 73/200 [16:35<29:54, 14.13s/it, Train loss=0.00775, Train acc=0.00211, Test loss=0.827, Test acc=0.166]
 37%|███▋      | 74/200 [16:35<29:10, 13.89s/it, Train loss=0.00775, Train acc=0.00211, Test loss=0.827, Test acc=0.166]
 37%|███▋      | 74/200 [16:49<29:10, 13.89s/it, Train loss=0.00916, Train acc=0.00232, Test loss=0.756, Test acc=0.162]
 38%|███▊      | 75/200 [16:49<28:37, 13.74s/it, Train loss=0.00916, Train acc=0.00232, Test loss=0.756, Test acc=0.162]
 38%|███▊      | 75/200 [17:03<28:37, 13.74s/it, Train loss=0.00643, Train acc=0.00148, Test loss=0.751, Test acc=0.16] 
 38%|███▊      | 76/200 [17:03<28:38, 13.86s/it, Train loss=0.00643, Train acc=0.00148, Test loss=0.751, Test acc=0.16]
 38%|███▊      | 76/200 [17:18<28:38, 13.86s/it, Train loss=0.00672, Train acc=0.00158, Test loss=0.767, Test acc=0.162]
 38%|███▊      | 77/200 [17:18<29:02, 14.17s/it, Train loss=0.00672, Train acc=0.00158, Test loss=0.767, Test acc=0.162]
 38%|███▊      | 77/200 [17:32<29:02, 14.17s/it, Train loss=0.00559, Train acc=0.00122, Test loss=0.755, Test acc=0.157]
 39%|███▉      | 78/200 [17:32<28:44, 14.14s/it, Train loss=0.00559, Train acc=0.00122, Test loss=0.755, Test acc=0.157]
 39%|███▉      | 78/200 [17:45<28:44, 14.14s/it, Train loss=0.0052, Train acc=0.000979, Test loss=0.758, Test acc=0.159]
 40%|███▉      | 79/200 [17:45<27:59, 13.88s/it, Train loss=0.0052, Train acc=0.000979, Test loss=0.758, Test acc=0.159]
 40%|███▉      | 79/200 [17:58<27:59, 13.88s/it, Train loss=0.00427, Train acc=0.000839, Test loss=0.753, Test acc=0.156]
 40%|████      | 80/200 [17:58<27:25, 13.71s/it, Train loss=0.00427, Train acc=0.000839, Test loss=0.753, Test acc=0.156]
 40%|████      | 80/200 [18:12<27:25, 13.71s/it, Train loss=0.00434, Train acc=0.000679, Test loss=0.768, Test acc=0.159]
 40%|████      | 81/200 [18:12<27:06, 13.67s/it, Train loss=0.00434, Train acc=0.000679, Test loss=0.768, Test acc=0.159]
 40%|████      | 81/200 [18:26<27:06, 13.67s/it, Train loss=0.00342, Train acc=0.000819, Test loss=0.763, Test acc=0.158]
 41%|████      | 82/200 [18:26<26:59, 13.72s/it, Train loss=0.00342, Train acc=0.000819, Test loss=0.763, Test acc=0.158]
 41%|████      | 82/200 [18:39<26:59, 13.72s/it, Train loss=0.00333, Train acc=0.000859, Test loss=0.748, Test acc=0.154]
 42%|████▏     | 83/200 [18:39<26:45, 13.72s/it, Train loss=0.00333, Train acc=0.000859, Test loss=0.748, Test acc=0.154]
 42%|████▏     | 83/200 [18:53<26:45, 13.72s/it, Train loss=0.00261, Train acc=0.00052, Test loss=0.751, Test acc=0.155] 
 42%|████▏     | 84/200 [18:53<26:18, 13.60s/it, Train loss=0.00261, Train acc=0.00052, Test loss=0.751, Test acc=0.155]
 42%|████▏     | 84/200 [19:06<26:18, 13.60s/it, Train loss=0.00267, Train acc=0.00042, Test loss=0.752, Test acc=0.155]
 42%|████▎     | 85/200 [19:06<25:53, 13.51s/it, Train loss=0.00267, Train acc=0.00042, Test loss=0.752, Test acc=0.155]
 42%|████▎     | 85/200 [19:19<25:53, 13.51s/it, Train loss=0.0017, Train acc=0.00026, Test loss=0.746, Test acc=0.153] 
 43%|████▎     | 86/200 [19:19<25:35, 13.47s/it, Train loss=0.0017, Train acc=0.00026, Test loss=0.746, Test acc=0.153]
 43%|████▎     | 86/200 [19:33<25:35, 13.47s/it, Train loss=0.00169, Train acc=0.0003, Test loss=0.745, Test acc=0.15] 
 44%|████▎     | 87/200 [19:33<25:20, 13.45s/it, Train loss=0.00169, Train acc=0.0003, Test loss=0.745, Test acc=0.15]
 44%|████▎     | 87/200 [19:46<25:20, 13.45s/it, Train loss=0.00163, Train acc=0.0004, Test loss=0.755, Test acc=0.153]
 44%|████▍     | 88/200 [19:46<25:06, 13.45s/it, Train loss=0.00163, Train acc=0.0004, Test loss=0.755, Test acc=0.153]
 44%|████▍     | 88/200 [20:00<25:06, 13.45s/it, Train loss=0.00165, Train acc=0.0003, Test loss=0.748, Test acc=0.15] 
 44%|████▍     | 89/200 [20:00<24:48, 13.41s/it, Train loss=0.00165, Train acc=0.0003, Test loss=0.748, Test acc=0.15]
 44%|████▍     | 89/200 [20:13<24:48, 13.41s/it, Train loss=0.00158, Train acc=0.00032, Test loss=0.747, Test acc=0.151]
 45%|████▌     | 90/200 [20:13<24:38, 13.44s/it, Train loss=0.00158, Train acc=0.00032, Test loss=0.747, Test acc=0.151]
 45%|████▌     | 90/200 [20:27<24:38, 13.44s/it, Train loss=0.00137, Train acc=0.0002, Test loss=0.754, Test acc=0.152] 
 46%|████▌     | 91/200 [20:27<24:44, 13.62s/it, Train loss=0.00137, Train acc=0.0002, Test loss=0.754, Test acc=0.152]
 46%|████▌     | 91/200 [20:41<24:44, 13.62s/it, Train loss=0.0014, Train acc=0.00018, Test loss=0.755, Test acc=0.151]
 46%|████▌     | 92/200 [20:41<24:41, 13.71s/it, Train loss=0.0014, Train acc=0.00018, Test loss=0.755, Test acc=0.151]
 46%|████▌     | 92/200 [20:55<24:41, 13.71s/it, Train loss=0.000585, Train acc=5.99e-5, Test loss=0.75, Test acc=0.15]
 46%|████▋     | 93/200 [20:55<24:38, 13.82s/it, Train loss=0.000585, Train acc=5.99e-5, Test loss=0.75, Test acc=0.15]
 46%|████▋     | 93/200 [21:10<24:38, 13.82s/it, Train loss=0.000644, Train acc=9.99e-5, Test loss=0.75, Test acc=0.149]
 47%|████▋     | 94/200 [21:10<24:53, 14.09s/it, Train loss=0.000644, Train acc=9.99e-5, Test loss=0.75, Test acc=0.149]
 47%|████▋     | 94/200 [21:24<24:53, 14.09s/it, Train loss=0.000499, Train acc=4e-5, Test loss=0.757, Test acc=0.15]   
 48%|████▊     | 95/200 [21:24<24:29, 14.00s/it, Train loss=0.000499, Train acc=4e-5, Test loss=0.757, Test acc=0.15]
 48%|████▊     | 95/200 [21:38<24:29, 14.00s/it, Train loss=0.000744, Train acc=0.00018, Test loss=0.754, Test acc=0.149]
 48%|████▊     | 96/200 [21:38<24:38, 14.22s/it, Train loss=0.000744, Train acc=0.00018, Test loss=0.754, Test acc=0.149]
 48%|████▊     | 96/200 [21:53<24:38, 14.22s/it, Train loss=0.000622, Train acc=0.00012, Test loss=0.761, Test acc=0.151]
 48%|████▊     | 97/200 [21:53<24:24, 14.22s/it, Train loss=0.000622, Train acc=0.00012, Test loss=0.761, Test acc=0.151]
 48%|████▊     | 97/200 [22:06<24:24, 14.22s/it, Train loss=0.000645, Train acc=7.99e-5, Test loss=0.757, Test acc=0.151]
 49%|████▉     | 98/200 [22:06<23:46, 13.99s/it, Train loss=0.000645, Train acc=7.99e-5, Test loss=0.757, Test acc=0.151]
 49%|████▉     | 98/200 [22:19<23:46, 13.99s/it, Train loss=0.000376, Train acc=2e-5, Test loss=0.756, Test acc=0.15]    
 50%|████▉     | 99/200 [22:19<23:14, 13.81s/it, Train loss=0.000376, Train acc=2e-5, Test loss=0.756, Test acc=0.15]
 50%|████▉     | 99/200 [22:33<23:14, 13.81s/it, Train loss=0.000367, Train acc=5.99e-5, Test loss=0.762, Test acc=0.15]
 50%|█████     | 100/200 [22:33<23:00, 13.80s/it, Train loss=0.000367, Train acc=5.99e-5, Test loss=0.762, Test acc=0.15]
 50%|█████     | 100/200 [22:47<23:00, 13.80s/it, Train loss=0.000306, Train acc=0, Test loss=0.759, Test acc=0.15]      
 50%|█████     | 101/200 [22:47<22:48, 13.82s/it, Train loss=0.000306, Train acc=0, Test loss=0.759, Test acc=0.15]
 50%|█████     | 101/200 [23:01<22:48, 13.82s/it, Train loss=0.00031, Train acc=2e-5, Test loss=0.76, Test acc=0.149]
 51%|█████     | 102/200 [23:01<22:23, 13.71s/it, Train loss=0.00031, Train acc=2e-5, Test loss=0.76, Test acc=0.149]
 51%|█████     | 102/200 [23:14<22:23, 13.71s/it, Train loss=0.000312, Train acc=5.41e-5, Test loss=0.765, Test acc=0.149]
 52%|█████▏    | 103/200 [23:14<22:03, 13.64s/it, Train loss=0.000312, Train acc=5.41e-5, Test loss=0.765, Test acc=0.149]
 52%|█████▏    | 103/200 [23:28<22:03, 13.64s/it, Train loss=0.000253, Train acc=0, Test loss=0.762, Test acc=0.15]       
 52%|█████▏    | 104/200 [23:28<21:43, 13.58s/it, Train loss=0.000253, Train acc=0, Test loss=0.762, Test acc=0.15]
 52%|█████▏    | 104/200 [23:41<21:43, 13.58s/it, Train loss=0.000243, Train acc=0, Test loss=0.77, Test acc=0.151]
 52%|█████▎    | 105/200 [23:41<21:22, 13.50s/it, Train loss=0.000243, Train acc=0, Test loss=0.77, Test acc=0.151]
 52%|█████▎    | 105/200 [23:54<21:22, 13.50s/it, Train loss=0.000272, Train acc=2e-5, Test loss=0.774, Test acc=0.15]
 53%|█████▎    | 106/200 [23:54<21:12, 13.53s/it, Train loss=0.000272, Train acc=2e-5, Test loss=0.774, Test acc=0.15]
 53%|█████▎    | 106/200 [24:08<21:12, 13.53s/it, Train loss=0.000242, Train acc=2e-5, Test loss=0.771, Test acc=0.15]
 54%|█████▎    | 107/200 [24:08<20:55, 13.50s/it, Train loss=0.000242, Train acc=2e-5, Test loss=0.771, Test acc=0.15]
 54%|█████▎    | 107/200 [24:21<20:55, 13.50s/it, Train loss=0.000206, Train acc=0, Test loss=0.775, Test acc=0.148]  
 54%|█████▍    | 108/200 [24:21<20:41, 13.49s/it, Train loss=0.000206, Train acc=0, Test loss=0.775, Test acc=0.148]
 54%|█████▍    | 108/200 [24:35<20:41, 13.49s/it, Train loss=0.000219, Train acc=0, Test loss=0.775, Test acc=0.149]
 55%|█████▍    | 109/200 [24:35<20:25, 13.46s/it, Train loss=0.000219, Train acc=0, Test loss=0.775, Test acc=0.149]
 55%|█████▍    | 109/200 [24:48<20:25, 13.46s/it, Train loss=0.0002, Train acc=0, Test loss=0.775, Test acc=0.149]  
 55%|█████▌    | 110/200 [24:48<20:08, 13.43s/it, Train loss=0.0002, Train acc=0, Test loss=0.775, Test acc=0.149]
 55%|█████▌    | 110/200 [25:01<20:08, 13.43s/it, Train loss=0.000226, Train acc=2e-5, Test loss=0.777, Test acc=0.149]
 56%|█████▌    | 111/200 [25:01<19:53, 13.41s/it, Train loss=0.000226, Train acc=2e-5, Test loss=0.777, Test acc=0.149]
 56%|█████▌    | 111/200 [25:15<19:53, 13.41s/it, Train loss=0.000231, Train acc=0, Test loss=0.776, Test acc=0.149]   
 56%|█████▌    | 112/200 [25:15<19:40, 13.42s/it, Train loss=0.000231, Train acc=0, Test loss=0.776, Test acc=0.149]
 56%|█████▌    | 112/200 [25:29<19:40, 13.42s/it, Train loss=0.000202, Train acc=0, Test loss=0.775, Test acc=0.147]
 56%|█████▋    | 113/200 [25:29<19:41, 13.58s/it, Train loss=0.000202, Train acc=0, Test loss=0.775, Test acc=0.147]
 56%|█████▋    | 113/200 [25:43<19:41, 13.58s/it, Train loss=0.000192, Train acc=0, Test loss=0.776, Test acc=0.148]
 57%|█████▋    | 114/200 [25:43<19:39, 13.72s/it, Train loss=0.000192, Train acc=0, Test loss=0.776, Test acc=0.148]
 57%|█████▋    | 114/200 [25:57<19:39, 13.72s/it, Train loss=0.000207, Train acc=4e-5, Test loss=0.774, Test acc=0.149]
 57%|█████▊    | 115/200 [25:57<19:37, 13.85s/it, Train loss=0.000207, Train acc=4e-5, Test loss=0.774, Test acc=0.149]
 57%|█████▊    | 115/200 [26:11<19:37, 13.85s/it, Train loss=0.000188, Train acc=2e-5, Test loss=0.779, Test acc=0.149]
 58%|█████▊    | 116/200 [26:11<19:33, 13.97s/it, Train loss=0.000188, Train acc=2e-5, Test loss=0.779, Test acc=0.149]
 58%|█████▊    | 116/200 [26:25<19:33, 13.97s/it, Train loss=0.000192, Train acc=2e-5, Test loss=0.78, Test acc=0.149] 
 58%|█████▊    | 117/200 [26:25<19:05, 13.80s/it, Train loss=0.000192, Train acc=2e-5, Test loss=0.78, Test acc=0.149]
 58%|█████▊    | 117/200 [26:38<19:05, 13.80s/it, Train loss=0.000176, Train acc=0, Test loss=0.778, Test acc=0.149]  
 59%|█████▉    | 118/200 [26:38<18:49, 13.78s/it, Train loss=0.000176, Train acc=0, Test loss=0.778, Test acc=0.149]
 59%|█████▉    | 118/200 [26:53<18:49, 13.78s/it, Train loss=0.00019, Train acc=0, Test loss=0.779, Test acc=0.148] 
 60%|█████▉    | 119/200 [26:53<18:43, 13.87s/it, Train loss=0.00019, Train acc=0, Test loss=0.779, Test acc=0.148]
 60%|█████▉    | 119/200 [27:07<18:43, 13.87s/it, Train loss=0.000155, Train acc=0, Test loss=0.78, Test acc=0.148]
 60%|██████    | 120/200 [27:07<18:38, 13.98s/it, Train loss=0.000155, Train acc=0, Test loss=0.78, Test acc=0.148]
 60%|██████    | 120/200 [27:20<18:38, 13.98s/it, Train loss=0.000158, Train acc=0, Test loss=0.781, Test acc=0.148]
 60%|██████    | 121/200 [27:20<18:13, 13.84s/it, Train loss=0.000158, Train acc=0, Test loss=0.781, Test acc=0.148]
 60%|██████    | 121/200 [27:34<18:13, 13.84s/it, Train loss=0.000189, Train acc=2e-5, Test loss=0.784, Test acc=0.149]
 61%|██████    | 122/200 [27:34<17:51, 13.73s/it, Train loss=0.000189, Train acc=2e-5, Test loss=0.784, Test acc=0.149]
 61%|██████    | 122/200 [27:47<17:51, 13.73s/it, Train loss=0.00025, Train acc=2e-5, Test loss=0.782, Test acc=0.148] 
 62%|██████▏   | 123/200 [27:47<17:33, 13.68s/it, Train loss=0.00025, Train acc=2e-5, Test loss=0.782, Test acc=0.148]
 62%|██████▏   | 123/200 [28:01<17:33, 13.68s/it, Train loss=0.000335, Train acc=4e-5, Test loss=0.787, Test acc=0.15]
 62%|██████▏   | 124/200 [28:01<17:13, 13.60s/it, Train loss=0.000335, Train acc=4e-5, Test loss=0.787, Test acc=0.15]
 62%|██████▏   | 124/200 [28:14<17:13, 13.60s/it, Train loss=0.000152, Train acc=0, Test loss=0.789, Test acc=0.15]   
 62%|██████▎   | 125/200 [28:14<16:55, 13.55s/it, Train loss=0.000152, Train acc=0, Test loss=0.789, Test acc=0.15]
 62%|██████▎   | 125/200 [28:28<16:55, 13.55s/it, Train loss=0.000166, Train acc=2e-5, Test loss=0.79, Test acc=0.147]
 63%|██████▎   | 126/200 [28:28<16:40, 13.53s/it, Train loss=0.000166, Train acc=2e-5, Test loss=0.79, Test acc=0.147]
 63%|██████▎   | 126/200 [28:41<16:40, 13.53s/it, Train loss=0.000221, Train acc=2e-5, Test loss=0.79, Test acc=0.15] 
 64%|██████▎   | 127/200 [28:41<16:26, 13.51s/it, Train loss=0.000221, Train acc=2e-5, Test loss=0.79, Test acc=0.15]
 64%|██████▎   | 127/200 [28:55<16:26, 13.51s/it, Train loss=0.000195, Train acc=2e-5, Test loss=0.787, Test acc=0.148]
 64%|██████▍   | 128/200 [28:55<16:13, 13.52s/it, Train loss=0.000195, Train acc=2e-5, Test loss=0.787, Test acc=0.148]
 64%|██████▍   | 128/200 [29:09<16:13, 13.52s/it, Train loss=0.000264, Train acc=5.41e-5, Test loss=0.794, Test acc=0.149]
 64%|██████▍   | 129/200 [29:09<16:10, 13.67s/it, Train loss=0.000264, Train acc=5.41e-5, Test loss=0.794, Test acc=0.149]
 64%|██████▍   | 129/200 [29:23<16:10, 13.67s/it, Train loss=0.00016, Train acc=2e-5, Test loss=0.786, Test acc=0.149]    
 65%|██████▌   | 130/200 [29:23<16:19, 14.00s/it, Train loss=0.00016, Train acc=2e-5, Test loss=0.786, Test acc=0.149]
 65%|██████▌   | 130/200 [29:37<16:19, 14.00s/it, Train loss=0.000141, Train acc=0, Test loss=0.787, Test acc=0.148]  
 66%|██████▌   | 131/200 [29:37<15:57, 13.88s/it, Train loss=0.000141, Train acc=0, Test loss=0.787, Test acc=0.148]
 66%|██████▌   | 131/200 [29:51<15:57, 13.88s/it, Train loss=0.000144, Train acc=0, Test loss=0.787, Test acc=0.149]
 66%|██████▌   | 132/200 [29:51<15:36, 13.77s/it, Train loss=0.000144, Train acc=0, Test loss=0.787, Test acc=0.149]
 66%|██████▌   | 132/200 [30:04<15:36, 13.77s/it, Train loss=0.000137, Train acc=0, Test loss=0.788, Test acc=0.15] 
 66%|██████▋   | 133/200 [30:04<15:18, 13.70s/it, Train loss=0.000137, Train acc=0, Test loss=0.788, Test acc=0.15]
 66%|██████▋   | 133/200 [30:18<15:18, 13.70s/it, Train loss=0.000132, Train acc=0, Test loss=0.792, Test acc=0.149]
 67%|██████▋   | 134/200 [30:18<15:03, 13.69s/it, Train loss=0.000132, Train acc=0, Test loss=0.792, Test acc=0.149]
 67%|██████▋   | 134/200 [30:32<15:03, 13.69s/it, Train loss=0.000146, Train acc=0, Test loss=0.789, Test acc=0.149]
 68%|██████▊   | 135/200 [30:32<15:00, 13.85s/it, Train loss=0.000146, Train acc=0, Test loss=0.789, Test acc=0.149]
 68%|██████▊   | 135/200 [30:46<15:00, 13.85s/it, Train loss=0.00015, Train acc=2e-5, Test loss=0.788, Test acc=0.149]
 68%|██████▊   | 136/200 [30:46<14:55, 13.99s/it, Train loss=0.00015, Train acc=2e-5, Test loss=0.788, Test acc=0.149]
 68%|██████▊   | 136/200 [31:00<14:55, 13.99s/it, Train loss=0.000153, Train acc=2e-5, Test loss=0.789, Test acc=0.148]
 68%|██████▊   | 137/200 [31:00<14:37, 13.93s/it, Train loss=0.000153, Train acc=2e-5, Test loss=0.789, Test acc=0.148]
 68%|██████▊   | 137/200 [31:14<14:37, 13.93s/it, Train loss=0.000131, Train acc=0, Test loss=0.79, Test acc=0.15]     
 69%|██████▉   | 138/200 [31:14<14:16, 13.81s/it, Train loss=0.000131, Train acc=0, Test loss=0.79, Test acc=0.15]
 69%|██████▉   | 138/200 [31:27<14:16, 13.81s/it, Train loss=0.000131, Train acc=0, Test loss=0.788, Test acc=0.148]
 70%|██████▉   | 139/200 [31:27<13:55, 13.70s/it, Train loss=0.000131, Train acc=0, Test loss=0.788, Test acc=0.148]
 70%|██████▉   | 139/200 [31:41<13:55, 13.70s/it, Train loss=0.000125, Train acc=0, Test loss=0.787, Test acc=0.148]
 70%|███████   | 140/200 [31:41<13:38, 13.64s/it, Train loss=0.000125, Train acc=0, Test loss=0.787, Test acc=0.148]
 70%|███████   | 140/200 [31:54<13:38, 13.64s/it, Train loss=0.000127, Train acc=0, Test loss=0.793, Test acc=0.149]
 70%|███████   | 141/200 [31:54<13:21, 13.59s/it, Train loss=0.000127, Train acc=0, Test loss=0.793, Test acc=0.149]
 70%|███████   | 141/200 [32:08<13:21, 13.59s/it, Train loss=0.000122, Train acc=0, Test loss=0.789, Test acc=0.147]
 71%|███████   | 142/200 [32:08<13:07, 13.58s/it, Train loss=0.000122, Train acc=0, Test loss=0.789, Test acc=0.147]
 71%|███████   | 142/200 [32:21<13:07, 13.58s/it, Train loss=0.000124, Train acc=0, Test loss=0.793, Test acc=0.148]
 72%|███████▏  | 143/200 [32:21<12:53, 13.57s/it, Train loss=0.000124, Train acc=0, Test loss=0.793, Test acc=0.148]
 72%|███████▏  | 143/200 [32:35<12:53, 13.57s/it, Train loss=0.00013, Train acc=0, Test loss=0.792, Test acc=0.149] 
 72%|███████▏  | 144/200 [32:35<12:41, 13.60s/it, Train loss=0.00013, Train acc=0, Test loss=0.792, Test acc=0.149]
 72%|███████▏  | 144/200 [32:48<12:41, 13.60s/it, Train loss=0.000127, Train acc=0, Test loss=0.787, Test acc=0.149]
 72%|███████▎  | 145/200 [32:48<12:25, 13.55s/it, Train loss=0.000127, Train acc=0, Test loss=0.787, Test acc=0.149]
 72%|███████▎  | 145/200 [33:02<12:25, 13.55s/it, Train loss=0.000145, Train acc=0, Test loss=0.789, Test acc=0.148]
 73%|███████▎  | 146/200 [33:02<12:10, 13.52s/it, Train loss=0.000145, Train acc=0, Test loss=0.789, Test acc=0.148]
 73%|███████▎  | 146/200 [33:15<12:10, 13.52s/it, Train loss=0.000126, Train acc=0, Test loss=0.789, Test acc=0.15] 
 74%|███████▎  | 147/200 [33:15<11:56, 13.51s/it, Train loss=0.000126, Train acc=0, Test loss=0.789, Test acc=0.15]
 74%|███████▎  | 147/200 [33:29<11:56, 13.51s/it, Train loss=0.000108, Train acc=0, Test loss=0.788, Test acc=0.149]
 74%|███████▍  | 148/200 [33:29<11:44, 13.55s/it, Train loss=0.000108, Train acc=0, Test loss=0.788, Test acc=0.149]
 74%|███████▍  | 148/200 [33:42<11:44, 13.55s/it, Train loss=0.000117, Train acc=0, Test loss=0.79, Test acc=0.15]  
 74%|███████▍  | 149/200 [33:42<11:29, 13.52s/it, Train loss=0.000117, Train acc=0, Test loss=0.79, Test acc=0.15]
 74%|███████▍  | 149/200 [33:56<11:29, 13.52s/it, Train loss=0.00011, Train acc=0, Test loss=0.79, Test acc=0.148]
 75%|███████▌  | 150/200 [33:56<11:14, 13.49s/it, Train loss=0.00011, Train acc=0, Test loss=0.79, Test acc=0.148]
 75%|███████▌  | 150/200 [34:09<11:14, 13.49s/it, Train loss=0.000124, Train acc=0, Test loss=0.794, Test acc=0.147]
 76%|███████▌  | 151/200 [34:09<11:02, 13.51s/it, Train loss=0.000124, Train acc=0, Test loss=0.794, Test acc=0.147]
 76%|███████▌  | 151/200 [34:23<11:02, 13.51s/it, Train loss=0.000113, Train acc=0, Test loss=0.79, Test acc=0.148] 
 76%|███████▌  | 152/200 [34:23<10:48, 13.51s/it, Train loss=0.000113, Train acc=0, Test loss=0.79, Test acc=0.148]
 76%|███████▌  | 152/200 [34:36<10:48, 13.51s/it, Train loss=0.000128, Train acc=2e-5, Test loss=0.793, Test acc=0.149]
 76%|███████▋  | 153/200 [34:36<10:35, 13.52s/it, Train loss=0.000128, Train acc=2e-5, Test loss=0.793, Test acc=0.149]
 76%|███████▋  | 153/200 [34:50<10:35, 13.52s/it, Train loss=0.000126, Train acc=0, Test loss=0.795, Test acc=0.149]   
 77%|███████▋  | 154/200 [34:50<10:28, 13.66s/it, Train loss=0.000126, Train acc=0, Test loss=0.795, Test acc=0.149]
 77%|███████▋  | 154/200 [35:04<10:28, 13.66s/it, Train loss=0.000114, Train acc=0, Test loss=0.792, Test acc=0.149]
 78%|███████▊  | 155/200 [35:04<10:18, 13.74s/it, Train loss=0.000114, Train acc=0, Test loss=0.792, Test acc=0.149]
 78%|███████▊  | 155/200 [35:19<10:18, 13.74s/it, Train loss=0.000122, Train acc=0, Test loss=0.792, Test acc=0.149]
 78%|███████▊  | 156/200 [35:19<10:12, 13.91s/it, Train loss=0.000122, Train acc=0, Test loss=0.792, Test acc=0.149]
 78%|███████▊  | 156/200 [35:32<10:12, 13.91s/it, Train loss=0.000123, Train acc=0, Test loss=0.793, Test acc=0.148]
 78%|███████▊  | 157/200 [35:32<09:59, 13.93s/it, Train loss=0.000123, Train acc=0, Test loss=0.793, Test acc=0.148]
 78%|███████▊  | 157/200 [35:47<09:59, 13.93s/it, Train loss=0.000113, Train acc=0, Test loss=0.791, Test acc=0.149]
 79%|███████▉  | 158/200 [35:47<09:58, 14.24s/it, Train loss=0.000113, Train acc=0, Test loss=0.791, Test acc=0.149]
 79%|███████▉  | 158/200 [36:02<09:58, 14.24s/it, Train loss=0.000117, Train acc=0, Test loss=0.796, Test acc=0.149]
 80%|███████▉  | 159/200 [36:02<09:43, 14.23s/it, Train loss=0.000117, Train acc=0, Test loss=0.796, Test acc=0.149]
 80%|███████▉  | 159/200 [36:16<09:43, 14.23s/it, Train loss=0.000116, Train acc=0, Test loss=0.794, Test acc=0.149]
 80%|████████  | 160/200 [36:16<09:31, 14.30s/it, Train loss=0.000116, Train acc=0, Test loss=0.794, Test acc=0.149]
 80%|████████  | 160/200 [36:30<09:31, 14.30s/it, Train loss=0.000123, Train acc=2e-5, Test loss=0.794, Test acc=0.149]
 80%|████████  | 161/200 [36:30<09:11, 14.15s/it, Train loss=0.000123, Train acc=2e-5, Test loss=0.794, Test acc=0.149]
 80%|████████  | 161/200 [36:44<09:11, 14.15s/it, Train loss=0.000113, Train acc=0, Test loss=0.795, Test acc=0.149]   
 81%|████████  | 162/200 [36:44<08:55, 14.08s/it, Train loss=0.000113, Train acc=0, Test loss=0.795, Test acc=0.149]
 81%|████████  | 162/200 [36:59<08:55, 14.08s/it, Train loss=0.000108, Train acc=0, Test loss=0.796, Test acc=0.149]
 82%|████████▏ | 163/200 [36:59<08:53, 14.42s/it, Train loss=0.000108, Train acc=0, Test loss=0.796, Test acc=0.149]
 82%|████████▏ | 163/200 [37:13<08:53, 14.42s/it, Train loss=0.000117, Train acc=0, Test loss=0.792, Test acc=0.149]
 82%|████████▏ | 164/200 [37:13<08:39, 14.42s/it, Train loss=0.000117, Train acc=0, Test loss=0.792, Test acc=0.149]
 82%|████████▏ | 164/200 [37:27<08:39, 14.42s/it, Train loss=0.000109, Train acc=0, Test loss=0.799, Test acc=0.149]
 82%|████████▎ | 165/200 [37:27<08:14, 14.13s/it, Train loss=0.000109, Train acc=0, Test loss=0.799, Test acc=0.149]
 82%|████████▎ | 165/200 [37:40<08:14, 14.13s/it, Train loss=0.000105, Train acc=0, Test loss=0.796, Test acc=0.149]
 83%|████████▎ | 166/200 [37:40<07:53, 13.93s/it, Train loss=0.000105, Train acc=0, Test loss=0.796, Test acc=0.149]
 83%|████████▎ | 166/200 [37:54<07:53, 13.93s/it, Train loss=0.000112, Train acc=0, Test loss=0.795, Test acc=0.149]
 84%|████████▎ | 167/200 [37:54<07:36, 13.83s/it, Train loss=0.000112, Train acc=0, Test loss=0.795, Test acc=0.149]
 84%|████████▎ | 167/200 [38:07<07:36, 13.83s/it, Train loss=0.000109, Train acc=0, Test loss=0.793, Test acc=0.149]
 84%|████████▍ | 168/200 [38:07<07:18, 13.70s/it, Train loss=0.000109, Train acc=0, Test loss=0.793, Test acc=0.149]
 84%|████████▍ | 168/200 [38:21<07:18, 13.70s/it, Train loss=0.000122, Train acc=0, Test loss=0.795, Test acc=0.149]
 84%|████████▍ | 169/200 [38:21<07:01, 13.61s/it, Train loss=0.000122, Train acc=0, Test loss=0.795, Test acc=0.149]
 84%|████████▍ | 169/200 [38:34<07:01, 13.61s/it, Train loss=0.000113, Train acc=0, Test loss=0.796, Test acc=0.149]
 85%|████████▌ | 170/200 [38:34<06:46, 13.55s/it, Train loss=0.000113, Train acc=0, Test loss=0.796, Test acc=0.149]
 85%|████████▌ | 170/200 [38:48<06:46, 13.55s/it, Train loss=0.000111, Train acc=0, Test loss=0.801, Test acc=0.149]
 86%|████████▌ | 171/200 [38:48<06:32, 13.52s/it, Train loss=0.000111, Train acc=0, Test loss=0.801, Test acc=0.149]
 86%|████████▌ | 171/200 [39:01<06:32, 13.52s/it, Train loss=0.000109, Train acc=0, Test loss=0.8, Test acc=0.15]   
 86%|████████▌ | 172/200 [39:01<06:18, 13.51s/it, Train loss=0.000109, Train acc=0, Test loss=0.8, Test acc=0.15]
 86%|████████▌ | 172/200 [39:14<06:18, 13.51s/it, Train loss=0.000117, Train acc=0, Test loss=0.791, Test acc=0.149]
 86%|████████▋ | 173/200 [39:14<06:03, 13.47s/it, Train loss=0.000117, Train acc=0, Test loss=0.791, Test acc=0.149]
 86%|████████▋ | 173/200 [39:28<06:03, 13.47s/it, Train loss=0.000106, Train acc=0, Test loss=0.795, Test acc=0.15] 
 87%|████████▋ | 174/200 [39:28<05:49, 13.44s/it, Train loss=0.000106, Train acc=0, Test loss=0.795, Test acc=0.15]
 87%|████████▋ | 174/200 [39:41<05:49, 13.44s/it, Train loss=0.000112, Train acc=0, Test loss=0.793, Test acc=0.148]
 88%|████████▊ | 175/200 [39:41<05:35, 13.42s/it, Train loss=0.000112, Train acc=0, Test loss=0.793, Test acc=0.148]
 88%|████████▊ | 175/200 [39:55<05:35, 13.42s/it, Train loss=0.000106, Train acc=0, Test loss=0.793, Test acc=0.147]
 88%|████████▊ | 176/200 [39:55<05:22, 13.45s/it, Train loss=0.000106, Train acc=0, Test loss=0.793, Test acc=0.147]
 88%|████████▊ | 176/200 [40:08<05:22, 13.45s/it, Train loss=0.000113, Train acc=0, Test loss=0.8, Test acc=0.149]  
 88%|████████▊ | 177/200 [40:08<05:09, 13.45s/it, Train loss=0.000113, Train acc=0, Test loss=0.8, Test acc=0.149]
 88%|████████▊ | 177/200 [40:22<05:09, 13.45s/it, Train loss=0.000106, Train acc=0, Test loss=0.796, Test acc=0.15]
 89%|████████▉ | 178/200 [40:22<04:55, 13.43s/it, Train loss=0.000106, Train acc=0, Test loss=0.796, Test acc=0.15]
 89%|████████▉ | 178/200 [40:35<04:55, 13.43s/it, Train loss=0.000122, Train acc=0, Test loss=0.801, Test acc=0.15]
 90%|████████▉ | 179/200 [40:35<04:43, 13.51s/it, Train loss=0.000122, Train acc=0, Test loss=0.801, Test acc=0.15]
 90%|████████▉ | 179/200 [40:51<04:43, 13.51s/it, Train loss=0.000111, Train acc=0, Test loss=0.798, Test acc=0.148]
 90%|█████████ | 180/200 [40:51<04:40, 14.04s/it, Train loss=0.000111, Train acc=0, Test loss=0.798, Test acc=0.148]
 90%|█████████ | 180/200 [41:06<04:40, 14.04s/it, Train loss=0.000112, Train acc=0, Test loss=0.799, Test acc=0.149]
 90%|█████████ | 181/200 [41:06<04:34, 14.44s/it, Train loss=0.000112, Train acc=0, Test loss=0.799, Test acc=0.149]
 90%|█████████ | 181/200 [41:19<04:34, 14.44s/it, Train loss=0.000123, Train acc=0, Test loss=0.798, Test acc=0.15] 
 91%|█████████ | 182/200 [41:19<04:14, 14.16s/it, Train loss=0.000123, Train acc=0, Test loss=0.798, Test acc=0.15]
 91%|█████████ | 182/200 [41:33<04:14, 14.16s/it, Train loss=0.000104, Train acc=0, Test loss=0.798, Test acc=0.149]
 92%|█████████▏| 183/200 [41:33<03:56, 13.94s/it, Train loss=0.000104, Train acc=0, Test loss=0.798, Test acc=0.149]
 92%|█████████▏| 183/200 [41:46<03:56, 13.94s/it, Train loss=0.000105, Train acc=0, Test loss=0.797, Test acc=0.148]
 92%|█████████▏| 184/200 [41:46<03:40, 13.80s/it, Train loss=0.000105, Train acc=0, Test loss=0.797, Test acc=0.148]
 92%|█████████▏| 184/200 [42:00<03:40, 13.80s/it, Train loss=0.00011, Train acc=0, Test loss=0.799, Test acc=0.15]  
 92%|█████████▎| 185/200 [42:00<03:25, 13.67s/it, Train loss=0.00011, Train acc=0, Test loss=0.799, Test acc=0.15]
 92%|█████████▎| 185/200 [42:13<03:25, 13.67s/it, Train loss=0.000104, Train acc=0, Test loss=0.798, Test acc=0.149]
 93%|█████████▎| 186/200 [42:13<03:10, 13.59s/it, Train loss=0.000104, Train acc=0, Test loss=0.798, Test acc=0.149]
 93%|█████████▎| 186/200 [42:27<03:10, 13.59s/it, Train loss=0.000106, Train acc=0, Test loss=0.795, Test acc=0.149]
 94%|█████████▎| 187/200 [42:27<02:56, 13.61s/it, Train loss=0.000106, Train acc=0, Test loss=0.795, Test acc=0.149]
 94%|█████████▎| 187/200 [42:40<02:56, 13.61s/it, Train loss=0.000114, Train acc=0, Test loss=0.792, Test acc=0.148]
 94%|█████████▍| 188/200 [42:40<02:42, 13.54s/it, Train loss=0.000114, Train acc=0, Test loss=0.792, Test acc=0.148]
 94%|█████████▍| 188/200 [42:54<02:42, 13.54s/it, Train loss=0.000112, Train acc=0, Test loss=0.799, Test acc=0.148]
 94%|█████████▍| 189/200 [42:54<02:28, 13.50s/it, Train loss=0.000112, Train acc=0, Test loss=0.799, Test acc=0.148]
 94%|█████████▍| 189/200 [43:07<02:28, 13.50s/it, Train loss=0.000106, Train acc=0, Test loss=0.797, Test acc=0.149]
 95%|█████████▌| 190/200 [43:07<02:15, 13.52s/it, Train loss=0.000106, Train acc=0, Test loss=0.797, Test acc=0.149]
 95%|█████████▌| 190/200 [43:21<02:15, 13.52s/it, Train loss=0.000104, Train acc=0, Test loss=0.797, Test acc=0.149]
 96%|█████████▌| 191/200 [43:21<02:01, 13.50s/it, Train loss=0.000104, Train acc=0, Test loss=0.797, Test acc=0.149]
 96%|█████████▌| 191/200 [43:34<02:01, 13.50s/it, Train loss=0.000123, Train acc=0, Test loss=0.795, Test acc=0.149]
 96%|█████████▌| 192/200 [43:34<01:47, 13.49s/it, Train loss=0.000123, Train acc=0, Test loss=0.795, Test acc=0.149]
 96%|█████████▌| 192/200 [43:48<01:47, 13.49s/it, Train loss=9.98e-5, Train acc=0, Test loss=0.803, Test acc=0.15]  
 96%|█████████▋| 193/200 [43:48<01:34, 13.49s/it, Train loss=9.98e-5, Train acc=0, Test loss=0.803, Test acc=0.15]
 96%|█████████▋| 193/200 [44:01<01:34, 13.49s/it, Train loss=0.000105, Train acc=0, Test loss=0.797, Test acc=0.148]
 97%|█████████▋| 194/200 [44:01<01:20, 13.46s/it, Train loss=0.000105, Train acc=0, Test loss=0.797, Test acc=0.148]
 97%|█████████▋| 194/200 [44:14<01:20, 13.46s/it, Train loss=0.000106, Train acc=0, Test loss=0.794, Test acc=0.149]
 98%|█████████▊| 195/200 [44:14<01:07, 13.44s/it, Train loss=0.000106, Train acc=0, Test loss=0.794, Test acc=0.149]
 98%|█████████▊| 195/200 [44:28<01:07, 13.44s/it, Train loss=0.000105, Train acc=0, Test loss=0.801, Test acc=0.148]
 98%|█████████▊| 196/200 [44:28<00:54, 13.65s/it, Train loss=0.000105, Train acc=0, Test loss=0.801, Test acc=0.148]
 98%|█████████▊| 196/200 [44:43<00:54, 13.65s/it, Train loss=0.000109, Train acc=0, Test loss=0.798, Test acc=0.149]
 98%|█████████▊| 197/200 [44:43<00:41, 13.79s/it, Train loss=0.000109, Train acc=0, Test loss=0.798, Test acc=0.149]
 98%|█████████▊| 197/200 [44:57<00:41, 13.79s/it, Train loss=0.000105, Train acc=0, Test loss=0.792, Test acc=0.147]
 99%|█████████▉| 198/200 [44:57<00:27, 13.88s/it, Train loss=0.000105, Train acc=0, Test loss=0.792, Test acc=0.147]
 99%|█████████▉| 198/200 [45:10<00:27, 13.88s/it, Train loss=0.000108, Train acc=0, Test loss=0.793, Test acc=0.148]
100%|█████████▉| 199/200 [45:10<00:13, 13.81s/it, Train loss=0.000108, Train acc=0, Test loss=0.793, Test acc=0.148]
100%|█████████▉| 199/200 [45:24<00:13, 13.81s/it, Train loss=0.000111, Train acc=0, Test loss=0.797, Test acc=0.149]
100%|██████████| 200/200 [45:24<00:00, 13.69s/it, Train loss=0.000111, Train acc=0, Test loss=0.797, Test acc=0.149]
100%|██████████| 200/200 [45:24<00:00, 13.62s/it, Train loss=0.000111, Train acc=0, Test loss=0.797, Test acc=0.149]
