Files already downloaded and verified
Files already downloaded and verified
load resnet18...

  0%|          | 0/200 [00:00<?, ?it/s]
  0%|          | 0/200 [00:13<?, ?it/s, Train loss=2.17, Train acc=0.773, Test loss=1.85, Test acc=0.718]
  0%|          | 1/200 [00:13<45:24, 13.69s/it, Train loss=2.17, Train acc=0.773, Test loss=1.85, Test acc=0.718]
  0%|          | 1/200 [00:26<45:24, 13.69s/it, Train loss=1.75, Train acc=0.66, Test loss=1.69, Test acc=0.646] 
  1%|          | 2/200 [00:26<44:18, 13.43s/it, Train loss=1.75, Train acc=0.66, Test loss=1.69, Test acc=0.646]
  1%|          | 2/200 [00:40<44:18, 13.43s/it, Train loss=1.61, Train acc=0.601, Test loss=1.53, Test acc=0.565]
  2%|▏         | 3/200 [00:40<43:48, 13.34s/it, Train loss=1.61, Train acc=0.601, Test loss=1.53, Test acc=0.565]
  2%|▏         | 3/200 [00:54<43:48, 13.34s/it, Train loss=1.48, Train acc=0.552, Test loss=1.47, Test acc=0.552]
  2%|▏         | 4/200 [00:54<44:32, 13.64s/it, Train loss=1.48, Train acc=0.552, Test loss=1.47, Test acc=0.552]
  2%|▏         | 4/200 [01:07<44:32, 13.64s/it, Train loss=1.38, Train acc=0.508, Test loss=1.41, Test acc=0.533]
  2%|▎         | 5/200 [01:07<43:53, 13.51s/it, Train loss=1.38, Train acc=0.508, Test loss=1.41, Test acc=0.533]
  2%|▎         | 5/200 [01:20<43:53, 13.51s/it, Train loss=1.28, Train acc=0.466, Test loss=1.32, Test acc=0.493]
  3%|▎         | 6/200 [01:20<43:27, 13.44s/it, Train loss=1.28, Train acc=0.466, Test loss=1.32, Test acc=0.493]
  3%|▎         | 6/200 [01:34<43:27, 13.44s/it, Train loss=1.17, Train acc=0.419, Test loss=1.19, Test acc=0.428]
  4%|▎         | 7/200 [01:34<43:20, 13.47s/it, Train loss=1.17, Train acc=0.419, Test loss=1.19, Test acc=0.428]
  4%|▎         | 7/200 [01:47<43:20, 13.47s/it, Train loss=1.07, Train acc=0.382, Test loss=1.16, Test acc=0.429]
  4%|▍         | 8/200 [01:47<43:00, 13.44s/it, Train loss=1.07, Train acc=0.382, Test loss=1.16, Test acc=0.429]
  4%|▍         | 8/200 [02:01<43:00, 13.44s/it, Train loss=0.979, Train acc=0.347, Test loss=1.01, Test acc=0.365]
  4%|▍         | 9/200 [02:01<42:41, 13.41s/it, Train loss=0.979, Train acc=0.347, Test loss=1.01, Test acc=0.365]
  4%|▍         | 9/200 [02:14<42:41, 13.41s/it, Train loss=0.885, Train acc=0.311, Test loss=0.934, Test acc=0.336]
  5%|▌         | 10/200 [02:14<42:35, 13.45s/it, Train loss=0.885, Train acc=0.311, Test loss=0.934, Test acc=0.336]
  5%|▌         | 10/200 [02:28<42:35, 13.45s/it, Train loss=0.814, Train acc=0.287, Test loss=0.964, Test acc=0.338]
  6%|▌         | 11/200 [02:28<42:17, 13.43s/it, Train loss=0.814, Train acc=0.287, Test loss=0.964, Test acc=0.338]
  6%|▌         | 11/200 [02:42<42:17, 13.43s/it, Train loss=0.728, Train acc=0.256, Test loss=0.819, Test acc=0.293]
  6%|▌         | 12/200 [02:42<43:18, 13.82s/it, Train loss=0.728, Train acc=0.256, Test loss=0.819, Test acc=0.293]
  6%|▌         | 12/200 [02:56<43:18, 13.82s/it, Train loss=0.664, Train acc=0.233, Test loss=0.806, Test acc=0.278]
  6%|▋         | 13/200 [02:56<42:45, 13.72s/it, Train loss=0.664, Train acc=0.233, Test loss=0.806, Test acc=0.278]
  6%|▋         | 13/200 [03:09<42:45, 13.72s/it, Train loss=0.603, Train acc=0.213, Test loss=0.711, Test acc=0.253]
  7%|▋         | 14/200 [03:09<42:06, 13.58s/it, Train loss=0.603, Train acc=0.213, Test loss=0.711, Test acc=0.253]
  7%|▋         | 14/200 [03:22<42:06, 13.58s/it, Train loss=0.549, Train acc=0.193, Test loss=0.762, Test acc=0.269]
  8%|▊         | 15/200 [03:22<41:35, 13.49s/it, Train loss=0.549, Train acc=0.193, Test loss=0.762, Test acc=0.269]
  8%|▊         | 15/200 [03:36<41:35, 13.49s/it, Train loss=0.499, Train acc=0.174, Test loss=0.774, Test acc=0.273]
  8%|▊         | 16/200 [03:36<41:10, 13.43s/it, Train loss=0.499, Train acc=0.174, Test loss=0.774, Test acc=0.273]
  8%|▊         | 16/200 [03:49<41:10, 13.43s/it, Train loss=0.456, Train acc=0.159, Test loss=0.884, Test acc=0.296]
  8%|▊         | 17/200 [03:49<41:23, 13.57s/it, Train loss=0.456, Train acc=0.159, Test loss=0.884, Test acc=0.296]
  8%|▊         | 17/200 [04:03<41:23, 13.57s/it, Train loss=0.411, Train acc=0.143, Test loss=0.783, Test acc=0.263]
  9%|▉         | 18/200 [04:03<40:57, 13.51s/it, Train loss=0.411, Train acc=0.143, Test loss=0.783, Test acc=0.263]
  9%|▉         | 18/200 [04:16<40:57, 13.51s/it, Train loss=0.376, Train acc=0.133, Test loss=0.799, Test acc=0.271]
 10%|▉         | 19/200 [04:16<40:32, 13.44s/it, Train loss=0.376, Train acc=0.133, Test loss=0.799, Test acc=0.271]
 10%|▉         | 19/200 [04:29<40:32, 13.44s/it, Train loss=0.342, Train acc=0.121, Test loss=0.866, Test acc=0.275]
 10%|█         | 20/200 [04:29<40:11, 13.39s/it, Train loss=0.342, Train acc=0.121, Test loss=0.866, Test acc=0.275]
 10%|█         | 20/200 [04:43<40:11, 13.39s/it, Train loss=0.307, Train acc=0.107, Test loss=0.662, Test acc=0.223]
 10%|█         | 21/200 [04:43<39:51, 13.36s/it, Train loss=0.307, Train acc=0.107, Test loss=0.662, Test acc=0.223]
 10%|█         | 21/200 [04:56<39:51, 13.36s/it, Train loss=0.274, Train acc=0.0951, Test loss=0.687, Test acc=0.22]
 11%|█         | 22/200 [04:56<39:39, 13.37s/it, Train loss=0.274, Train acc=0.0951, Test loss=0.687, Test acc=0.22]
 11%|█         | 22/200 [05:09<39:39, 13.37s/it, Train loss=0.25, Train acc=0.0859, Test loss=0.808, Test acc=0.248]
 12%|█▏        | 23/200 [05:09<39:26, 13.37s/it, Train loss=0.25, Train acc=0.0859, Test loss=0.808, Test acc=0.248]
 12%|█▏        | 23/200 [05:23<39:26, 13.37s/it, Train loss=0.223, Train acc=0.077, Test loss=0.668, Test acc=0.212]
 12%|█▏        | 24/200 [05:23<39:11, 13.36s/it, Train loss=0.223, Train acc=0.077, Test loss=0.668, Test acc=0.212]
 12%|█▏        | 24/200 [05:36<39:11, 13.36s/it, Train loss=0.206, Train acc=0.071, Test loss=0.752, Test acc=0.228]
 12%|█▎        | 25/200 [05:36<38:55, 13.34s/it, Train loss=0.206, Train acc=0.071, Test loss=0.752, Test acc=0.228]
 12%|█▎        | 25/200 [05:49<38:55, 13.34s/it, Train loss=0.186, Train acc=0.0639, Test loss=0.697, Test acc=0.209]
 13%|█▎        | 26/200 [05:49<38:39, 13.33s/it, Train loss=0.186, Train acc=0.0639, Test loss=0.697, Test acc=0.209]
 13%|█▎        | 26/200 [06:03<38:39, 13.33s/it, Train loss=0.165, Train acc=0.0578, Test loss=0.755, Test acc=0.211]
 14%|█▎        | 27/200 [06:03<38:30, 13.36s/it, Train loss=0.165, Train acc=0.0578, Test loss=0.755, Test acc=0.211]
 14%|█▎        | 27/200 [06:16<38:30, 13.36s/it, Train loss=0.15, Train acc=0.0525, Test loss=0.83, Test acc=0.231]  
 14%|█▍        | 28/200 [06:16<38:20, 13.38s/it, Train loss=0.15, Train acc=0.0525, Test loss=0.83, Test acc=0.231]
 14%|█▍        | 28/200 [06:30<38:20, 13.38s/it, Train loss=0.14, Train acc=0.048, Test loss=0.765, Test acc=0.214]
 14%|█▍        | 29/200 [06:30<38:04, 13.36s/it, Train loss=0.14, Train acc=0.048, Test loss=0.765, Test acc=0.214]
 14%|█▍        | 29/200 [06:43<38:04, 13.36s/it, Train loss=0.127, Train acc=0.0427, Test loss=0.76, Test acc=0.2] 
 15%|█▌        | 30/200 [06:43<37:48, 13.34s/it, Train loss=0.127, Train acc=0.0427, Test loss=0.76, Test acc=0.2]
 15%|█▌        | 30/200 [06:56<37:48, 13.34s/it, Train loss=0.116, Train acc=0.0398, Test loss=0.788, Test acc=0.216]
 16%|█▌        | 31/200 [06:56<37:36, 13.35s/it, Train loss=0.116, Train acc=0.0398, Test loss=0.788, Test acc=0.216]
 16%|█▌        | 31/200 [07:10<37:36, 13.35s/it, Train loss=0.109, Train acc=0.0371, Test loss=0.781, Test acc=0.198]
 16%|█▌        | 32/200 [07:10<37:27, 13.38s/it, Train loss=0.109, Train acc=0.0371, Test loss=0.781, Test acc=0.198]
 16%|█▌        | 32/200 [07:23<37:27, 13.38s/it, Train loss=0.0967, Train acc=0.0323, Test loss=0.791, Test acc=0.201]
 16%|█▋        | 33/200 [07:23<37:16, 13.39s/it, Train loss=0.0967, Train acc=0.0323, Test loss=0.791, Test acc=0.201]
 16%|█▋        | 33/200 [07:36<37:16, 13.39s/it, Train loss=0.0873, Train acc=0.0298, Test loss=0.735, Test acc=0.186]
 17%|█▋        | 34/200 [07:36<37:01, 13.38s/it, Train loss=0.0873, Train acc=0.0298, Test loss=0.735, Test acc=0.186]
 17%|█▋        | 34/200 [07:50<37:01, 13.38s/it, Train loss=0.0793, Train acc=0.027, Test loss=0.754, Test acc=0.195] 
 18%|█▊        | 35/200 [07:50<36:44, 13.36s/it, Train loss=0.0793, Train acc=0.027, Test loss=0.754, Test acc=0.195]
 18%|█▊        | 35/200 [08:03<36:44, 13.36s/it, Train loss=0.0739, Train acc=0.0241, Test loss=0.758, Test acc=0.19]
 18%|█▊        | 36/200 [08:03<36:29, 13.35s/it, Train loss=0.0739, Train acc=0.0241, Test loss=0.758, Test acc=0.19]
 18%|█▊        | 36/200 [08:17<36:29, 13.35s/it, Train loss=0.0645, Train acc=0.0212, Test loss=0.82, Test acc=0.198]
 18%|█▊        | 37/200 [08:17<36:19, 13.37s/it, Train loss=0.0645, Train acc=0.0212, Test loss=0.82, Test acc=0.198]
 18%|█▊        | 37/200 [08:30<36:19, 13.37s/it, Train loss=0.0653, Train acc=0.022, Test loss=0.784, Test acc=0.192]
 19%|█▉        | 38/200 [08:30<36:12, 13.41s/it, Train loss=0.0653, Train acc=0.022, Test loss=0.784, Test acc=0.192]
 19%|█▉        | 38/200 [08:43<36:12, 13.41s/it, Train loss=0.0561, Train acc=0.0176, Test loss=0.781, Test acc=0.187]
 20%|█▉        | 39/200 [08:43<35:56, 13.39s/it, Train loss=0.0561, Train acc=0.0176, Test loss=0.781, Test acc=0.187]
 20%|█▉        | 39/200 [08:57<35:56, 13.39s/it, Train loss=0.0506, Train acc=0.016, Test loss=0.745, Test acc=0.18]  
 20%|██        | 40/200 [08:57<35:38, 13.37s/it, Train loss=0.0506, Train acc=0.016, Test loss=0.745, Test acc=0.18]
 20%|██        | 40/200 [09:10<35:38, 13.37s/it, Train loss=0.0498, Train acc=0.0163, Test loss=0.757, Test acc=0.18]
 20%|██        | 41/200 [09:10<35:24, 13.36s/it, Train loss=0.0498, Train acc=0.0163, Test loss=0.757, Test acc=0.18]
 20%|██        | 41/200 [09:23<35:24, 13.36s/it, Train loss=0.0438, Train acc=0.0139, Test loss=0.92, Test acc=0.207]
 21%|██        | 42/200 [09:23<35:13, 13.38s/it, Train loss=0.0438, Train acc=0.0139, Test loss=0.92, Test acc=0.207]
 21%|██        | 42/200 [09:37<35:13, 13.38s/it, Train loss=0.0433, Train acc=0.0141, Test loss=0.775, Test acc=0.181]
 22%|██▏       | 43/200 [09:37<35:06, 13.41s/it, Train loss=0.0433, Train acc=0.0141, Test loss=0.775, Test acc=0.181]
 22%|██▏       | 43/200 [09:51<35:06, 13.41s/it, Train loss=0.038, Train acc=0.0125, Test loss=0.777, Test acc=0.175] 
 22%|██▏       | 44/200 [09:51<35:40, 13.72s/it, Train loss=0.038, Train acc=0.0125, Test loss=0.777, Test acc=0.175]
 22%|██▏       | 44/200 [10:06<35:40, 13.72s/it, Train loss=0.0338, Train acc=0.0105, Test loss=0.806, Test acc=0.186]
 22%|██▎       | 45/200 [10:06<35:48, 13.86s/it, Train loss=0.0338, Train acc=0.0105, Test loss=0.806, Test acc=0.186]
 22%|██▎       | 45/200 [10:20<35:48, 13.86s/it, Train loss=0.0332, Train acc=0.0107, Test loss=0.795, Test acc=0.185]
 23%|██▎       | 46/200 [10:20<35:52, 13.98s/it, Train loss=0.0332, Train acc=0.0107, Test loss=0.795, Test acc=0.185]
 23%|██▎       | 46/200 [10:34<35:52, 13.98s/it, Train loss=0.0302, Train acc=0.00968, Test loss=0.869, Test acc=0.195]
 24%|██▎       | 47/200 [10:34<35:43, 14.01s/it, Train loss=0.0302, Train acc=0.00968, Test loss=0.869, Test acc=0.195]
 24%|██▎       | 47/200 [10:48<35:43, 14.01s/it, Train loss=0.0273, Train acc=0.00856, Test loss=0.78, Test acc=0.174] 
 24%|██▍       | 48/200 [10:48<35:38, 14.07s/it, Train loss=0.0273, Train acc=0.00856, Test loss=0.78, Test acc=0.174]
 24%|██▍       | 48/200 [11:02<35:38, 14.07s/it, Train loss=0.0247, Train acc=0.00753, Test loss=0.84, Test acc=0.181]
 24%|██▍       | 49/200 [11:02<35:33, 14.13s/it, Train loss=0.0247, Train acc=0.00753, Test loss=0.84, Test acc=0.181]
 24%|██▍       | 49/200 [11:17<35:33, 14.13s/it, Train loss=0.0245, Train acc=0.00765, Test loss=0.804, Test acc=0.175]
 25%|██▌       | 50/200 [11:17<35:25, 14.17s/it, Train loss=0.0245, Train acc=0.00765, Test loss=0.804, Test acc=0.175]
 25%|██▌       | 50/200 [11:31<35:25, 14.17s/it, Train loss=0.025, Train acc=0.00771, Test loss=0.788, Test acc=0.17]  
 26%|██▌       | 51/200 [11:31<35:05, 14.13s/it, Train loss=0.025, Train acc=0.00771, Test loss=0.788, Test acc=0.17]
 26%|██▌       | 51/200 [11:44<35:05, 14.13s/it, Train loss=0.021, Train acc=0.00605, Test loss=0.789, Test acc=0.174]
 26%|██▌       | 52/200 [11:44<34:23, 13.95s/it, Train loss=0.021, Train acc=0.00605, Test loss=0.789, Test acc=0.174]
 26%|██▌       | 52/200 [11:58<34:23, 13.95s/it, Train loss=0.0181, Train acc=0.00552, Test loss=0.766, Test acc=0.168]
 26%|██▋       | 53/200 [11:58<33:48, 13.80s/it, Train loss=0.0181, Train acc=0.00552, Test loss=0.766, Test acc=0.168]
 26%|██▋       | 53/200 [12:11<33:48, 13.80s/it, Train loss=0.0187, Train acc=0.00565, Test loss=0.779, Test acc=0.167]
 27%|██▋       | 54/200 [12:11<33:14, 13.66s/it, Train loss=0.0187, Train acc=0.00565, Test loss=0.779, Test acc=0.167]
 27%|██▋       | 54/200 [12:24<33:14, 13.66s/it, Train loss=0.0189, Train acc=0.00557, Test loss=0.789, Test acc=0.17] 
 28%|██▊       | 55/200 [12:24<32:49, 13.58s/it, Train loss=0.0189, Train acc=0.00557, Test loss=0.789, Test acc=0.17]
 28%|██▊       | 55/200 [12:38<32:49, 13.58s/it, Train loss=0.0169, Train acc=0.00514, Test loss=0.788, Test acc=0.167]
 28%|██▊       | 56/200 [12:38<32:53, 13.70s/it, Train loss=0.0169, Train acc=0.00514, Test loss=0.788, Test acc=0.167]
 28%|██▊       | 56/200 [12:53<32:53, 13.70s/it, Train loss=0.0129, Train acc=0.00356, Test loss=0.754, Test acc=0.166]
 28%|██▊       | 57/200 [12:53<32:59, 13.84s/it, Train loss=0.0129, Train acc=0.00356, Test loss=0.754, Test acc=0.166]
 28%|██▊       | 57/200 [13:07<32:59, 13.84s/it, Train loss=0.0125, Train acc=0.00352, Test loss=0.762, Test acc=0.163]
 29%|██▉       | 58/200 [13:07<33:05, 13.98s/it, Train loss=0.0125, Train acc=0.00352, Test loss=0.762, Test acc=0.163]
 29%|██▉       | 58/200 [13:20<33:05, 13.98s/it, Train loss=0.0118, Train acc=0.00347, Test loss=0.769, Test acc=0.166]
 30%|██▉       | 59/200 [13:20<32:24, 13.79s/it, Train loss=0.0118, Train acc=0.00347, Test loss=0.769, Test acc=0.166]
 30%|██▉       | 59/200 [13:34<32:24, 13.79s/it, Train loss=0.0115, Train acc=0.0033, Test loss=0.784, Test acc=0.164] 
 30%|███       | 60/200 [13:34<31:55, 13.69s/it, Train loss=0.0115, Train acc=0.0033, Test loss=0.784, Test acc=0.164]
 30%|███       | 60/200 [13:47<31:55, 13.69s/it, Train loss=0.00936, Train acc=0.0026, Test loss=0.777, Test acc=0.162]
 30%|███       | 61/200 [13:47<31:39, 13.66s/it, Train loss=0.00936, Train acc=0.0026, Test loss=0.777, Test acc=0.162]
 30%|███       | 61/200 [14:01<31:39, 13.66s/it, Train loss=0.00988, Train acc=0.00301, Test loss=0.828, Test acc=0.171]
 31%|███       | 62/200 [14:01<31:21, 13.63s/it, Train loss=0.00988, Train acc=0.00301, Test loss=0.828, Test acc=0.171]
 31%|███       | 62/200 [14:14<31:21, 13.63s/it, Train loss=0.00968, Train acc=0.00252, Test loss=0.779, Test acc=0.165]
 32%|███▏      | 63/200 [14:14<30:58, 13.57s/it, Train loss=0.00968, Train acc=0.00252, Test loss=0.779, Test acc=0.165]
 32%|███▏      | 63/200 [14:28<30:58, 13.57s/it, Train loss=0.00879, Train acc=0.00244, Test loss=0.779, Test acc=0.163]
 32%|███▏      | 64/200 [14:28<30:41, 13.54s/it, Train loss=0.00879, Train acc=0.00244, Test loss=0.779, Test acc=0.163]
 32%|███▏      | 64/200 [14:41<30:41, 13.54s/it, Train loss=0.00792, Train acc=0.00212, Test loss=0.813, Test acc=0.167]
 32%|███▎      | 65/200 [14:41<30:24, 13.52s/it, Train loss=0.00792, Train acc=0.00212, Test loss=0.813, Test acc=0.167]
 32%|███▎      | 65/200 [14:55<30:24, 13.52s/it, Train loss=0.00857, Train acc=0.00222, Test loss=0.781, Test acc=0.165]
 33%|███▎      | 66/200 [14:55<30:25, 13.62s/it, Train loss=0.00857, Train acc=0.00222, Test loss=0.781, Test acc=0.165]
 33%|███▎      | 66/200 [15:09<30:25, 13.62s/it, Train loss=0.00798, Train acc=0.002, Test loss=0.771, Test acc=0.165]  
 34%|███▎      | 67/200 [15:09<30:21, 13.69s/it, Train loss=0.00798, Train acc=0.002, Test loss=0.771, Test acc=0.165]
 34%|███▎      | 67/200 [15:22<30:21, 13.69s/it, Train loss=0.00686, Train acc=0.00182, Test loss=0.811, Test acc=0.168]
 34%|███▍      | 68/200 [15:22<29:54, 13.60s/it, Train loss=0.00686, Train acc=0.00182, Test loss=0.811, Test acc=0.168]
 34%|███▍      | 68/200 [15:37<29:54, 13.60s/it, Train loss=0.00569, Train acc=0.00132, Test loss=0.781, Test acc=0.159]
 34%|███▍      | 69/200 [15:37<30:32, 13.99s/it, Train loss=0.00569, Train acc=0.00132, Test loss=0.781, Test acc=0.159]
 34%|███▍      | 69/200 [15:51<30:32, 13.99s/it, Train loss=0.00456, Train acc=0.00122, Test loss=0.781, Test acc=0.16] 
 35%|███▌      | 70/200 [15:51<30:09, 13.92s/it, Train loss=0.00456, Train acc=0.00122, Test loss=0.781, Test acc=0.16]
 35%|███▌      | 70/200 [16:04<30:09, 13.92s/it, Train loss=0.00453, Train acc=0.00126, Test loss=0.77, Test acc=0.156]
 36%|███▌      | 71/200 [16:04<29:42, 13.82s/it, Train loss=0.00453, Train acc=0.00126, Test loss=0.77, Test acc=0.156]
 36%|███▌      | 71/200 [16:18<29:42, 13.82s/it, Train loss=0.00543, Train acc=0.00146, Test loss=0.78, Test acc=0.158]
 36%|███▌      | 72/200 [16:18<29:18, 13.74s/it, Train loss=0.00543, Train acc=0.00146, Test loss=0.78, Test acc=0.158]
 36%|███▌      | 72/200 [16:32<29:18, 13.74s/it, Train loss=0.0054, Train acc=0.00132, Test loss=0.791, Test acc=0.159]
 36%|███▋      | 73/200 [16:32<29:18, 13.85s/it, Train loss=0.0054, Train acc=0.00132, Test loss=0.791, Test acc=0.159]
 36%|███▋      | 73/200 [16:46<29:18, 13.85s/it, Train loss=0.00361, Train acc=0.000819, Test loss=0.783, Test acc=0.157]
 37%|███▋      | 74/200 [16:46<29:15, 13.93s/it, Train loss=0.00361, Train acc=0.000819, Test loss=0.783, Test acc=0.157]
 37%|███▋      | 74/200 [17:01<29:15, 13.93s/it, Train loss=0.00396, Train acc=0.0011, Test loss=0.78, Test acc=0.157]   
 38%|███▊      | 75/200 [17:01<29:29, 14.15s/it, Train loss=0.00396, Train acc=0.0011, Test loss=0.78, Test acc=0.157]
 38%|███▊      | 75/200 [17:16<29:29, 14.15s/it, Train loss=0.00305, Train acc=0.000639, Test loss=0.766, Test acc=0.154]
 38%|███▊      | 76/200 [17:16<29:38, 14.35s/it, Train loss=0.00305, Train acc=0.000639, Test loss=0.766, Test acc=0.154]
 38%|███▊      | 76/200 [17:30<29:38, 14.35s/it, Train loss=0.00226, Train acc=0.000559, Test loss=0.773, Test acc=0.155]
 38%|███▊      | 77/200 [17:30<29:25, 14.36s/it, Train loss=0.00226, Train acc=0.000559, Test loss=0.773, Test acc=0.155]
 38%|███▊      | 77/200 [17:44<29:25, 14.36s/it, Train loss=0.00251, Train acc=0.000639, Test loss=0.772, Test acc=0.157]
 39%|███▉      | 78/200 [17:44<29:11, 14.36s/it, Train loss=0.00251, Train acc=0.000639, Test loss=0.772, Test acc=0.157]
 39%|███▉      | 78/200 [17:59<29:11, 14.36s/it, Train loss=0.00173, Train acc=0.00034, Test loss=0.772, Test acc=0.157] 
 40%|███▉      | 79/200 [17:59<28:52, 14.32s/it, Train loss=0.00173, Train acc=0.00034, Test loss=0.772, Test acc=0.157]
 40%|███▉      | 79/200 [18:13<28:52, 14.32s/it, Train loss=0.00165, Train acc=0.000274, Test loss=0.766, Test acc=0.155]
 40%|████      | 80/200 [18:13<28:33, 14.28s/it, Train loss=0.00165, Train acc=0.000274, Test loss=0.766, Test acc=0.155]
 40%|████      | 80/200 [18:27<28:33, 14.28s/it, Train loss=0.00183, Train acc=0.0003, Test loss=0.776, Test acc=0.153]  
 40%|████      | 81/200 [18:27<28:02, 14.14s/it, Train loss=0.00183, Train acc=0.0003, Test loss=0.776, Test acc=0.153]
 40%|████      | 81/200 [18:41<28:02, 14.14s/it, Train loss=0.00187, Train acc=0.00042, Test loss=0.775, Test acc=0.155]
 41%|████      | 82/200 [18:41<27:36, 14.04s/it, Train loss=0.00187, Train acc=0.00042, Test loss=0.775, Test acc=0.155]
 41%|████      | 82/200 [18:54<27:36, 14.04s/it, Train loss=0.00152, Train acc=0.00036, Test loss=0.777, Test acc=0.156]
 42%|████▏     | 83/200 [18:54<27:00, 13.85s/it, Train loss=0.00152, Train acc=0.00036, Test loss=0.777, Test acc=0.156]
 42%|████▏     | 83/200 [19:07<27:00, 13.85s/it, Train loss=0.00177, Train acc=0.0003, Test loss=0.787, Test acc=0.157] 
 42%|████▏     | 84/200 [19:07<26:31, 13.72s/it, Train loss=0.00177, Train acc=0.0003, Test loss=0.787, Test acc=0.157]
 42%|████▏     | 84/200 [19:21<26:31, 13.72s/it, Train loss=0.00137, Train acc=0.00024, Test loss=0.78, Test acc=0.154]
 42%|████▎     | 85/200 [19:21<26:09, 13.64s/it, Train loss=0.00137, Train acc=0.00024, Test loss=0.78, Test acc=0.154]
 42%|████▎     | 85/200 [19:35<26:09, 13.64s/it, Train loss=0.00127, Train acc=0.0002, Test loss=0.775, Test acc=0.154]
 43%|████▎     | 86/200 [19:35<26:19, 13.86s/it, Train loss=0.00127, Train acc=0.0002, Test loss=0.775, Test acc=0.154]
 43%|████▎     | 86/200 [19:50<26:19, 13.86s/it, Train loss=0.00104, Train acc=0.0002, Test loss=0.777, Test acc=0.154]
 44%|████▎     | 87/200 [19:50<26:33, 14.10s/it, Train loss=0.00104, Train acc=0.0002, Test loss=0.777, Test acc=0.154]
 44%|████▎     | 87/200 [20:05<26:33, 14.10s/it, Train loss=0.00109, Train acc=0.00018, Test loss=0.784, Test acc=0.155]
 44%|████▍     | 88/200 [20:05<26:54, 14.42s/it, Train loss=0.00109, Train acc=0.00018, Test loss=0.784, Test acc=0.155]
 44%|████▍     | 88/200 [20:20<26:54, 14.42s/it, Train loss=0.000762, Train acc=0.00012, Test loss=0.778, Test acc=0.154]
 44%|████▍     | 89/200 [20:20<27:04, 14.63s/it, Train loss=0.000762, Train acc=0.00012, Test loss=0.778, Test acc=0.154]
 44%|████▍     | 89/200 [20:35<27:04, 14.63s/it, Train loss=0.000576, Train acc=5.99e-5, Test loss=0.772, Test acc=0.151]
 45%|████▌     | 90/200 [20:35<26:43, 14.58s/it, Train loss=0.000576, Train acc=5.99e-5, Test loss=0.772, Test acc=0.151]
 45%|████▌     | 90/200 [20:50<26:43, 14.58s/it, Train loss=0.000447, Train acc=4e-5, Test loss=0.781, Test acc=0.152]   
 46%|████▌     | 91/200 [20:50<27:02, 14.89s/it, Train loss=0.000447, Train acc=4e-5, Test loss=0.781, Test acc=0.152]
 46%|████▌     | 91/200 [21:06<27:02, 14.89s/it, Train loss=0.0004, Train acc=4e-5, Test loss=0.784, Test acc=0.151]  
 46%|████▌     | 92/200 [21:06<27:15, 15.15s/it, Train loss=0.0004, Train acc=4e-5, Test loss=0.784, Test acc=0.151]
 46%|████▌     | 92/200 [21:21<27:15, 15.15s/it, Train loss=0.00035, Train acc=2e-5, Test loss=0.775, Test acc=0.153]
 46%|████▋     | 93/200 [21:21<26:50, 15.05s/it, Train loss=0.00035, Train acc=2e-5, Test loss=0.775, Test acc=0.153]
 46%|████▋     | 93/200 [21:35<26:50, 15.05s/it, Train loss=0.000334, Train acc=2e-5, Test loss=0.78, Test acc=0.153]
 47%|████▋     | 94/200 [21:35<26:19, 14.90s/it, Train loss=0.000334, Train acc=2e-5, Test loss=0.78, Test acc=0.153]
 47%|████▋     | 94/200 [21:50<26:19, 14.90s/it, Train loss=0.000284, Train acc=0, Test loss=0.785, Test acc=0.153]  
 48%|████▊     | 95/200 [21:50<25:46, 14.72s/it, Train loss=0.000284, Train acc=0, Test loss=0.785, Test acc=0.153]
 48%|████▊     | 95/200 [22:05<25:46, 14.72s/it, Train loss=0.000348, Train acc=4e-5, Test loss=0.782, Test acc=0.153]
 48%|████▊     | 96/200 [22:05<25:39, 14.80s/it, Train loss=0.000348, Train acc=4e-5, Test loss=0.782, Test acc=0.153]
 48%|████▊     | 96/200 [22:19<25:39, 14.80s/it, Train loss=0.000413, Train acc=5.99e-5, Test loss=0.79, Test acc=0.153]
 48%|████▊     | 97/200 [22:19<25:05, 14.62s/it, Train loss=0.000413, Train acc=5.99e-5, Test loss=0.79, Test acc=0.153]
 48%|████▊     | 97/200 [22:33<25:05, 14.62s/it, Train loss=0.000446, Train acc=5.99e-5, Test loss=0.779, Test acc=0.151]
 49%|████▉     | 98/200 [22:33<24:30, 14.42s/it, Train loss=0.000446, Train acc=5.99e-5, Test loss=0.779, Test acc=0.151]
 49%|████▉     | 98/200 [22:46<24:30, 14.42s/it, Train loss=0.000325, Train acc=2e-5, Test loss=0.78, Test acc=0.152]    
 50%|████▉     | 99/200 [22:46<23:50, 14.17s/it, Train loss=0.000325, Train acc=2e-5, Test loss=0.78, Test acc=0.152]
 50%|████▉     | 99/200 [23:00<23:50, 14.17s/it, Train loss=0.000212, Train acc=0, Test loss=0.781, Test acc=0.151]  
 50%|█████     | 100/200 [23:00<23:17, 13.97s/it, Train loss=0.000212, Train acc=0, Test loss=0.781, Test acc=0.151]
 50%|█████     | 100/200 [23:13<23:17, 13.97s/it, Train loss=0.000194, Train acc=0, Test loss=0.778, Test acc=0.151]
 50%|█████     | 101/200 [23:13<22:50, 13.84s/it, Train loss=0.000194, Train acc=0, Test loss=0.778, Test acc=0.151]
 50%|█████     | 101/200 [23:27<22:50, 13.84s/it, Train loss=0.000212, Train acc=0, Test loss=0.777, Test acc=0.151]
 51%|█████     | 102/200 [23:27<22:39, 13.88s/it, Train loss=0.000212, Train acc=0, Test loss=0.777, Test acc=0.151]
 51%|█████     | 102/200 [23:41<22:39, 13.88s/it, Train loss=0.000211, Train acc=0, Test loss=0.784, Test acc=0.15] 
 52%|█████▏    | 103/200 [23:41<22:26, 13.89s/it, Train loss=0.000211, Train acc=0, Test loss=0.784, Test acc=0.15]
 52%|█████▏    | 103/200 [23:55<22:26, 13.89s/it, Train loss=0.00019, Train acc=0, Test loss=0.777, Test acc=0.151]
 52%|█████▏    | 104/200 [23:55<22:03, 13.78s/it, Train loss=0.00019, Train acc=0, Test loss=0.777, Test acc=0.151]
 52%|█████▏    | 104/200 [24:08<22:03, 13.78s/it, Train loss=0.000179, Train acc=0, Test loss=0.784, Test acc=0.15]
 52%|█████▎    | 105/200 [24:08<21:44, 13.73s/it, Train loss=0.000179, Train acc=0, Test loss=0.784, Test acc=0.15]
 52%|█████▎    | 105/200 [24:22<21:44, 13.73s/it, Train loss=0.000229, Train acc=2e-5, Test loss=0.789, Test acc=0.151]
 53%|█████▎    | 106/200 [24:22<21:24, 13.67s/it, Train loss=0.000229, Train acc=2e-5, Test loss=0.789, Test acc=0.151]
 53%|█████▎    | 106/200 [24:35<21:24, 13.67s/it, Train loss=0.000241, Train acc=4e-5, Test loss=0.778, Test acc=0.151]
 54%|█████▎    | 107/200 [24:35<21:06, 13.62s/it, Train loss=0.000241, Train acc=4e-5, Test loss=0.778, Test acc=0.151]
 54%|█████▎    | 107/200 [24:49<21:06, 13.62s/it, Train loss=0.000193, Train acc=2e-5, Test loss=0.785, Test acc=0.15] 
 54%|█████▍    | 108/200 [24:49<20:47, 13.56s/it, Train loss=0.000193, Train acc=2e-5, Test loss=0.785, Test acc=0.15]
 54%|█████▍    | 108/200 [25:03<20:47, 13.56s/it, Train loss=0.0002, Train acc=2e-5, Test loss=0.785, Test acc=0.151] 
 55%|█████▍    | 109/200 [25:03<20:38, 13.60s/it, Train loss=0.0002, Train acc=2e-5, Test loss=0.785, Test acc=0.151]
 55%|█████▍    | 109/200 [25:17<20:38, 13.60s/it, Train loss=0.000244, Train acc=2e-5, Test loss=0.783, Test acc=0.15]
 55%|█████▌    | 110/200 [25:17<20:44, 13.83s/it, Train loss=0.000244, Train acc=2e-5, Test loss=0.783, Test acc=0.15]
 55%|█████▌    | 110/200 [25:30<20:44, 13.83s/it, Train loss=0.000283, Train acc=5.99e-5, Test loss=0.779, Test acc=0.149]
 56%|█████▌    | 111/200 [25:30<20:23, 13.75s/it, Train loss=0.000283, Train acc=5.99e-5, Test loss=0.779, Test acc=0.149]
 56%|█████▌    | 111/200 [25:44<20:23, 13.75s/it, Train loss=0.000148, Train acc=0, Test loss=0.782, Test acc=0.15]       
 56%|█████▌    | 112/200 [25:44<20:01, 13.66s/it, Train loss=0.000148, Train acc=0, Test loss=0.782, Test acc=0.15]
 56%|█████▌    | 112/200 [25:58<20:01, 13.66s/it, Train loss=0.000157, Train acc=0, Test loss=0.784, Test acc=0.15]
 56%|█████▋    | 113/200 [25:58<20:01, 13.81s/it, Train loss=0.000157, Train acc=0, Test loss=0.784, Test acc=0.15]
 56%|█████▋    | 113/200 [26:12<20:01, 13.81s/it, Train loss=0.000235, Train acc=2e-5, Test loss=0.785, Test acc=0.15]
 57%|█████▋    | 114/200 [26:12<20:00, 13.96s/it, Train loss=0.000235, Train acc=2e-5, Test loss=0.785, Test acc=0.15]
 57%|█████▋    | 114/200 [26:26<20:00, 13.96s/it, Train loss=0.000173, Train acc=2e-5, Test loss=0.79, Test acc=0.15] 
 57%|█████▊    | 115/200 [26:26<19:43, 13.92s/it, Train loss=0.000173, Train acc=2e-5, Test loss=0.79, Test acc=0.15]
 57%|█████▊    | 115/200 [26:40<19:43, 13.92s/it, Train loss=0.000185, Train acc=2e-5, Test loss=0.788, Test acc=0.149]
 58%|█████▊    | 116/200 [26:40<19:35, 13.99s/it, Train loss=0.000185, Train acc=2e-5, Test loss=0.788, Test acc=0.149]
 58%|█████▊    | 116/200 [26:55<19:35, 13.99s/it, Train loss=0.000188, Train acc=2e-5, Test loss=0.791, Test acc=0.149]
 58%|█████▊    | 117/200 [26:55<19:34, 14.15s/it, Train loss=0.000188, Train acc=2e-5, Test loss=0.791, Test acc=0.149]
 58%|█████▊    | 117/200 [27:09<19:34, 14.15s/it, Train loss=0.000201, Train acc=4e-5, Test loss=0.789, Test acc=0.15] 
 59%|█████▉    | 118/200 [27:09<19:09, 14.02s/it, Train loss=0.000201, Train acc=4e-5, Test loss=0.789, Test acc=0.15]
 59%|█████▉    | 118/200 [27:22<19:09, 14.02s/it, Train loss=0.00026, Train acc=4e-5, Test loss=0.789, Test acc=0.15] 
 60%|█████▉    | 119/200 [27:22<18:45, 13.89s/it, Train loss=0.00026, Train acc=4e-5, Test loss=0.789, Test acc=0.15]
 60%|█████▉    | 119/200 [27:36<18:45, 13.89s/it, Train loss=0.000257, Train acc=2e-5, Test loss=0.788, Test acc=0.151]
 60%|██████    | 120/200 [27:36<18:23, 13.79s/it, Train loss=0.000257, Train acc=2e-5, Test loss=0.788, Test acc=0.151]
 60%|██████    | 120/200 [27:50<18:23, 13.79s/it, Train loss=0.00014, Train acc=0, Test loss=0.786, Test acc=0.15]     
 60%|██████    | 121/200 [27:50<18:09, 13.79s/it, Train loss=0.00014, Train acc=0, Test loss=0.786, Test acc=0.15]
 60%|██████    | 121/200 [28:04<18:09, 13.79s/it, Train loss=0.000132, Train acc=0, Test loss=0.793, Test acc=0.15]
 61%|██████    | 122/200 [28:04<18:11, 13.99s/it, Train loss=0.000132, Train acc=0, Test loss=0.793, Test acc=0.15]
 61%|██████    | 122/200 [28:18<18:11, 13.99s/it, Train loss=0.000134, Train acc=0, Test loss=0.784, Test acc=0.151]
 62%|██████▏   | 123/200 [28:18<18:07, 14.12s/it, Train loss=0.000134, Train acc=0, Test loss=0.784, Test acc=0.151]
 62%|██████▏   | 123/200 [28:33<18:07, 14.12s/it, Train loss=0.000126, Train acc=0, Test loss=0.792, Test acc=0.15] 
 62%|██████▏   | 124/200 [28:33<18:04, 14.27s/it, Train loss=0.000126, Train acc=0, Test loss=0.792, Test acc=0.15]
 62%|██████▏   | 124/200 [28:47<18:04, 14.27s/it, Train loss=0.000135, Train acc=0, Test loss=0.795, Test acc=0.151]
 62%|██████▎   | 125/200 [28:47<17:51, 14.29s/it, Train loss=0.000135, Train acc=0, Test loss=0.795, Test acc=0.151]
 62%|██████▎   | 125/200 [29:02<17:51, 14.29s/it, Train loss=0.000133, Train acc=0, Test loss=0.792, Test acc=0.15] 
 63%|██████▎   | 126/200 [29:02<17:40, 14.33s/it, Train loss=0.000133, Train acc=0, Test loss=0.792, Test acc=0.15]
 63%|██████▎   | 126/200 [29:16<17:40, 14.33s/it, Train loss=0.000152, Train acc=2e-5, Test loss=0.794, Test acc=0.15]
 64%|██████▎   | 127/200 [29:16<17:30, 14.39s/it, Train loss=0.000152, Train acc=2e-5, Test loss=0.794, Test acc=0.15]
 64%|██████▎   | 127/200 [29:31<17:30, 14.39s/it, Train loss=0.000126, Train acc=0, Test loss=0.792, Test acc=0.15]   
 64%|██████▍   | 128/200 [29:31<17:17, 14.41s/it, Train loss=0.000126, Train acc=0, Test loss=0.792, Test acc=0.15]
 64%|██████▍   | 128/200 [29:46<17:17, 14.41s/it, Train loss=0.00013, Train acc=0, Test loss=0.798, Test acc=0.15] 
 64%|██████▍   | 129/200 [29:46<17:10, 14.52s/it, Train loss=0.00013, Train acc=0, Test loss=0.798, Test acc=0.15]
 64%|██████▍   | 129/200 [30:00<17:10, 14.52s/it, Train loss=0.000123, Train acc=0, Test loss=0.794, Test acc=0.151]
 65%|██████▌   | 130/200 [30:00<16:49, 14.43s/it, Train loss=0.000123, Train acc=0, Test loss=0.794, Test acc=0.151]
 65%|██████▌   | 130/200 [30:13<16:49, 14.43s/it, Train loss=0.000115, Train acc=0, Test loss=0.793, Test acc=0.151]
 66%|██████▌   | 131/200 [30:13<16:17, 14.17s/it, Train loss=0.000115, Train acc=0, Test loss=0.793, Test acc=0.151]
 66%|██████▌   | 131/200 [30:28<16:17, 14.17s/it, Train loss=0.000122, Train acc=0, Test loss=0.793, Test acc=0.15] 
 66%|██████▌   | 132/200 [30:28<16:05, 14.19s/it, Train loss=0.000122, Train acc=0, Test loss=0.793, Test acc=0.15]
 66%|██████▌   | 132/200 [30:42<16:05, 14.19s/it, Train loss=0.000118, Train acc=0, Test loss=0.795, Test acc=0.149]
 66%|██████▋   | 133/200 [30:42<15:51, 14.20s/it, Train loss=0.000118, Train acc=0, Test loss=0.795, Test acc=0.149]
 66%|██████▋   | 133/200 [30:56<15:51, 14.20s/it, Train loss=0.000117, Train acc=0, Test loss=0.801, Test acc=0.15] 
 67%|██████▋   | 134/200 [30:56<15:39, 14.24s/it, Train loss=0.000117, Train acc=0, Test loss=0.801, Test acc=0.15]
 67%|██████▋   | 134/200 [31:11<15:39, 14.24s/it, Train loss=0.00011, Train acc=0, Test loss=0.794, Test acc=0.151]
 68%|██████▊   | 135/200 [31:11<15:35, 14.39s/it, Train loss=0.00011, Train acc=0, Test loss=0.794, Test acc=0.151]
 68%|██████▊   | 135/200 [31:25<15:35, 14.39s/it, Train loss=0.000112, Train acc=0, Test loss=0.794, Test acc=0.149]
 68%|██████▊   | 136/200 [31:25<15:21, 14.40s/it, Train loss=0.000112, Train acc=0, Test loss=0.794, Test acc=0.149]
 68%|██████▊   | 136/200 [31:39<15:21, 14.40s/it, Train loss=0.000129, Train acc=0, Test loss=0.798, Test acc=0.151]
 68%|██████▊   | 137/200 [31:39<15:02, 14.33s/it, Train loss=0.000129, Train acc=0, Test loss=0.798, Test acc=0.151]
 68%|██████▊   | 137/200 [31:53<15:02, 14.33s/it, Train loss=0.000114, Train acc=0, Test loss=0.797, Test acc=0.15] 
 69%|██████▉   | 138/200 [31:53<14:33, 14.09s/it, Train loss=0.000114, Train acc=0, Test loss=0.797, Test acc=0.15]
 69%|██████▉   | 138/200 [32:07<14:33, 14.09s/it, Train loss=0.000116, Train acc=0, Test loss=0.794, Test acc=0.15]
 70%|██████▉   | 139/200 [32:07<14:10, 13.94s/it, Train loss=0.000116, Train acc=0, Test loss=0.794, Test acc=0.15]
 70%|██████▉   | 139/200 [32:20<14:10, 13.94s/it, Train loss=0.000106, Train acc=0, Test loss=0.789, Test acc=0.15]
 70%|███████   | 140/200 [32:20<13:52, 13.87s/it, Train loss=0.000106, Train acc=0, Test loss=0.789, Test acc=0.15]
 70%|███████   | 140/200 [32:34<13:52, 13.87s/it, Train loss=0.000113, Train acc=0, Test loss=0.793, Test acc=0.151]
 70%|███████   | 141/200 [32:34<13:37, 13.86s/it, Train loss=0.000113, Train acc=0, Test loss=0.793, Test acc=0.151]
 70%|███████   | 141/200 [32:49<13:37, 13.86s/it, Train loss=0.000107, Train acc=0, Test loss=0.791, Test acc=0.15] 
 71%|███████   | 142/200 [32:49<13:33, 14.03s/it, Train loss=0.000107, Train acc=0, Test loss=0.791, Test acc=0.15]
 71%|███████   | 142/200 [33:03<13:33, 14.03s/it, Train loss=0.000105, Train acc=0, Test loss=0.794, Test acc=0.149]
 72%|███████▏  | 143/200 [33:03<13:25, 14.13s/it, Train loss=0.000105, Train acc=0, Test loss=0.794, Test acc=0.149]
 72%|███████▏  | 143/200 [33:17<13:25, 14.13s/it, Train loss=0.000137, Train acc=0, Test loss=0.795, Test acc=0.15] 
 72%|███████▏  | 144/200 [33:17<13:02, 13.98s/it, Train loss=0.000137, Train acc=0, Test loss=0.795, Test acc=0.15]
 72%|███████▏  | 144/200 [33:30<13:02, 13.98s/it, Train loss=0.000114, Train acc=0, Test loss=0.794, Test acc=0.149]
 72%|███████▎  | 145/200 [33:30<12:44, 13.91s/it, Train loss=0.000114, Train acc=0, Test loss=0.794, Test acc=0.149]
 72%|███████▎  | 145/200 [33:44<12:44, 13.91s/it, Train loss=0.000128, Train acc=0, Test loss=0.796, Test acc=0.15] 
 73%|███████▎  | 146/200 [33:44<12:29, 13.88s/it, Train loss=0.000128, Train acc=0, Test loss=0.796, Test acc=0.15]
 73%|███████▎  | 146/200 [33:58<12:29, 13.88s/it, Train loss=0.000112, Train acc=0, Test loss=0.794, Test acc=0.15]
 74%|███████▎  | 147/200 [33:58<12:09, 13.76s/it, Train loss=0.000112, Train acc=0, Test loss=0.794, Test acc=0.15]
 74%|███████▎  | 147/200 [34:11<12:09, 13.76s/it, Train loss=0.0001, Train acc=0, Test loss=0.788, Test acc=0.151] 
 74%|███████▍  | 148/200 [34:11<11:53, 13.72s/it, Train loss=0.0001, Train acc=0, Test loss=0.788, Test acc=0.151]
 74%|███████▍  | 148/200 [34:25<11:53, 13.72s/it, Train loss=0.000102, Train acc=0, Test loss=0.796, Test acc=0.15]
 74%|███████▍  | 149/200 [34:25<11:38, 13.70s/it, Train loss=0.000102, Train acc=0, Test loss=0.796, Test acc=0.15]
 74%|███████▍  | 149/200 [34:38<11:38, 13.70s/it, Train loss=0.000103, Train acc=0, Test loss=0.795, Test acc=0.15]
 75%|███████▌  | 150/200 [34:38<11:23, 13.67s/it, Train loss=0.000103, Train acc=0, Test loss=0.795, Test acc=0.15]
 75%|███████▌  | 150/200 [34:53<11:23, 13.67s/it, Train loss=9.94e-5, Train acc=0, Test loss=0.798, Test acc=0.149]
 76%|███████▌  | 151/200 [34:53<11:16, 13.80s/it, Train loss=9.94e-5, Train acc=0, Test loss=0.798, Test acc=0.149]
 76%|███████▌  | 151/200 [35:06<11:16, 13.80s/it, Train loss=0.0001, Train acc=0, Test loss=0.793, Test acc=0.151] 
 76%|███████▌  | 152/200 [35:06<10:57, 13.70s/it, Train loss=0.0001, Train acc=0, Test loss=0.793, Test acc=0.151]
 76%|███████▌  | 152/200 [35:20<10:57, 13.70s/it, Train loss=9.76e-5, Train acc=0, Test loss=0.795, Test acc=0.149]
 76%|███████▋  | 153/200 [35:20<10:40, 13.64s/it, Train loss=9.76e-5, Train acc=0, Test loss=0.795, Test acc=0.149]
 76%|███████▋  | 153/200 [35:33<10:40, 13.64s/it, Train loss=9.93e-5, Train acc=0, Test loss=0.793, Test acc=0.15] 
 77%|███████▋  | 154/200 [35:33<10:27, 13.64s/it, Train loss=9.93e-5, Train acc=0, Test loss=0.793, Test acc=0.15]
 77%|███████▋  | 154/200 [35:47<10:27, 13.64s/it, Train loss=0.000104, Train acc=0, Test loss=0.795, Test acc=0.149]
 78%|███████▊  | 155/200 [35:47<10:13, 13.63s/it, Train loss=0.000104, Train acc=0, Test loss=0.795, Test acc=0.149]
 78%|███████▊  | 155/200 [36:00<10:13, 13.63s/it, Train loss=9.77e-5, Train acc=0, Test loss=0.796, Test acc=0.149] 
 78%|███████▊  | 156/200 [36:00<09:58, 13.60s/it, Train loss=9.77e-5, Train acc=0, Test loss=0.796, Test acc=0.149]
 78%|███████▊  | 156/200 [36:14<09:58, 13.60s/it, Train loss=0.000102, Train acc=0, Test loss=0.794, Test acc=0.15]
 78%|███████▊  | 157/200 [36:14<09:45, 13.61s/it, Train loss=0.000102, Train acc=0, Test loss=0.794, Test acc=0.15]
 78%|███████▊  | 157/200 [36:27<09:45, 13.61s/it, Train loss=9.26e-5, Train acc=0, Test loss=0.793, Test acc=0.15] 
 79%|███████▉  | 158/200 [36:27<09:30, 13.58s/it, Train loss=9.26e-5, Train acc=0, Test loss=0.793, Test acc=0.15]
 79%|███████▉  | 158/200 [36:41<09:30, 13.58s/it, Train loss=0.000105, Train acc=0, Test loss=0.799, Test acc=0.151]
 80%|███████▉  | 159/200 [36:41<09:17, 13.59s/it, Train loss=0.000105, Train acc=0, Test loss=0.799, Test acc=0.151]
 80%|███████▉  | 159/200 [36:57<09:17, 13.59s/it, Train loss=0.000103, Train acc=0, Test loss=0.798, Test acc=0.152]
 80%|████████  | 160/200 [36:57<09:25, 14.15s/it, Train loss=0.000103, Train acc=0, Test loss=0.798, Test acc=0.152]
 80%|████████  | 160/200 [37:11<09:25, 14.15s/it, Train loss=9.47e-5, Train acc=0, Test loss=0.799, Test acc=0.151] 
 80%|████████  | 161/200 [37:11<09:14, 14.23s/it, Train loss=9.47e-5, Train acc=0, Test loss=0.799, Test acc=0.151]
 80%|████████  | 161/200 [37:26<09:14, 14.23s/it, Train loss=0.000101, Train acc=0, Test loss=0.8, Test acc=0.15]  
 81%|████████  | 162/200 [37:26<09:06, 14.38s/it, Train loss=0.000101, Train acc=0, Test loss=0.8, Test acc=0.15]
 81%|████████  | 162/200 [37:39<09:06, 14.38s/it, Train loss=9.13e-5, Train acc=0, Test loss=0.798, Test acc=0.15]
 82%|████████▏ | 163/200 [37:39<08:43, 14.15s/it, Train loss=9.13e-5, Train acc=0, Test loss=0.798, Test acc=0.15]
 82%|████████▏ | 163/200 [37:53<08:43, 14.15s/it, Train loss=9.93e-5, Train acc=0, Test loss=0.794, Test acc=0.15]
 82%|████████▏ | 164/200 [37:53<08:23, 14.00s/it, Train loss=9.93e-5, Train acc=0, Test loss=0.794, Test acc=0.15]
 82%|████████▏ | 164/200 [38:07<08:23, 14.00s/it, Train loss=9.33e-5, Train acc=0, Test loss=0.802, Test acc=0.15]
 82%|████████▎ | 165/200 [38:07<08:07, 13.94s/it, Train loss=9.33e-5, Train acc=0, Test loss=0.802, Test acc=0.15]
 82%|████████▎ | 165/200 [38:20<08:07, 13.94s/it, Train loss=9.48e-5, Train acc=0, Test loss=0.798, Test acc=0.15]
 83%|████████▎ | 166/200 [38:20<07:50, 13.85s/it, Train loss=9.48e-5, Train acc=0, Test loss=0.798, Test acc=0.15]
 83%|████████▎ | 166/200 [38:34<07:50, 13.85s/it, Train loss=0.00011, Train acc=0, Test loss=0.799, Test acc=0.15]
 84%|████████▎ | 167/200 [38:34<07:35, 13.79s/it, Train loss=0.00011, Train acc=0, Test loss=0.799, Test acc=0.15]
 84%|████████▎ | 167/200 [38:48<07:35, 13.79s/it, Train loss=9.1e-5, Train acc=0, Test loss=0.796, Test acc=0.15] 
 84%|████████▍ | 168/200 [38:48<07:18, 13.71s/it, Train loss=9.1e-5, Train acc=0, Test loss=0.796, Test acc=0.15]
 84%|████████▍ | 168/200 [39:01<07:18, 13.71s/it, Train loss=9.94e-5, Train acc=0, Test loss=0.797, Test acc=0.15]
 84%|████████▍ | 169/200 [39:01<07:04, 13.69s/it, Train loss=9.94e-5, Train acc=0, Test loss=0.797, Test acc=0.15]
 84%|████████▍ | 169/200 [39:15<07:04, 13.69s/it, Train loss=9.39e-5, Train acc=0, Test loss=0.8, Test acc=0.149] 
 85%|████████▌ | 170/200 [39:15<06:49, 13.66s/it, Train loss=9.39e-5, Train acc=0, Test loss=0.8, Test acc=0.149]
 85%|████████▌ | 170/200 [39:28<06:49, 13.66s/it, Train loss=0.000129, Train acc=2e-5, Test loss=0.801, Test acc=0.151]
 86%|████████▌ | 171/200 [39:28<06:35, 13.63s/it, Train loss=0.000129, Train acc=2e-5, Test loss=0.801, Test acc=0.151]
 86%|████████▌ | 171/200 [39:42<06:35, 13.63s/it, Train loss=9.75e-5, Train acc=0, Test loss=0.804, Test acc=0.15]     
 86%|████████▌ | 172/200 [39:42<06:23, 13.71s/it, Train loss=9.75e-5, Train acc=0, Test loss=0.804, Test acc=0.15]
 86%|████████▌ | 172/200 [39:56<06:23, 13.71s/it, Train loss=9.87e-5, Train acc=0, Test loss=0.795, Test acc=0.15]
 86%|████████▋ | 173/200 [39:56<06:08, 13.66s/it, Train loss=9.87e-5, Train acc=0, Test loss=0.795, Test acc=0.15]
 86%|████████▋ | 173/200 [40:09<06:08, 13.66s/it, Train loss=9.22e-5, Train acc=0, Test loss=0.8, Test acc=0.152] 
 87%|████████▋ | 174/200 [40:09<05:54, 13.64s/it, Train loss=9.22e-5, Train acc=0, Test loss=0.8, Test acc=0.152]
 87%|████████▋ | 174/200 [40:24<05:54, 13.64s/it, Train loss=0.000103, Train acc=0, Test loss=0.794, Test acc=0.15]
 88%|████████▊ | 175/200 [40:24<05:46, 13.87s/it, Train loss=0.000103, Train acc=0, Test loss=0.794, Test acc=0.15]
 88%|████████▊ | 175/200 [40:39<05:46, 13.87s/it, Train loss=9.46e-5, Train acc=0, Test loss=0.795, Test acc=0.15] 
 88%|████████▊ | 176/200 [40:39<05:41, 14.23s/it, Train loss=9.46e-5, Train acc=0, Test loss=0.795, Test acc=0.15]
 88%|████████▊ | 176/200 [40:53<05:41, 14.23s/it, Train loss=9.92e-5, Train acc=0, Test loss=0.804, Test acc=0.15]
 88%|████████▊ | 177/200 [40:53<05:28, 14.29s/it, Train loss=9.92e-5, Train acc=0, Test loss=0.804, Test acc=0.15]
 88%|████████▊ | 177/200 [41:07<05:28, 14.29s/it, Train loss=9.01e-5, Train acc=0, Test loss=0.797, Test acc=0.15]
 89%|████████▉ | 178/200 [41:07<05:10, 14.10s/it, Train loss=9.01e-5, Train acc=0, Test loss=0.797, Test acc=0.15]
 89%|████████▉ | 178/200 [41:21<05:10, 14.10s/it, Train loss=9.54e-5, Train acc=0, Test loss=0.799, Test acc=0.151]
 90%|████████▉ | 179/200 [41:21<04:52, 13.94s/it, Train loss=9.54e-5, Train acc=0, Test loss=0.799, Test acc=0.151]
 90%|████████▉ | 179/200 [41:34<04:52, 13.94s/it, Train loss=9.43e-5, Train acc=0, Test loss=0.799, Test acc=0.15] 
 90%|█████████ | 180/200 [41:34<04:37, 13.85s/it, Train loss=9.43e-5, Train acc=0, Test loss=0.799, Test acc=0.15]
 90%|█████████ | 180/200 [41:49<04:37, 13.85s/it, Train loss=9.36e-5, Train acc=0, Test loss=0.801, Test acc=0.149]
 90%|█████████ | 181/200 [41:49<04:27, 14.09s/it, Train loss=9.36e-5, Train acc=0, Test loss=0.801, Test acc=0.149]
 90%|█████████ | 181/200 [42:03<04:27, 14.09s/it, Train loss=0.000125, Train acc=2e-5, Test loss=0.8, Test acc=0.15]
 91%|█████████ | 182/200 [42:03<04:13, 14.08s/it, Train loss=0.000125, Train acc=2e-5, Test loss=0.8, Test acc=0.15]
 91%|█████████ | 182/200 [42:17<04:13, 14.08s/it, Train loss=9.38e-5, Train acc=0, Test loss=0.8, Test acc=0.149]   
 92%|█████████▏| 183/200 [42:17<03:58, 14.03s/it, Train loss=9.38e-5, Train acc=0, Test loss=0.8, Test acc=0.149]
 92%|█████████▏| 183/200 [42:32<03:58, 14.03s/it, Train loss=9.35e-5, Train acc=0, Test loss=0.797, Test acc=0.15]
 92%|█████████▏| 184/200 [42:32<03:48, 14.29s/it, Train loss=9.35e-5, Train acc=0, Test loss=0.797, Test acc=0.15]
 92%|█████████▏| 184/200 [42:46<03:48, 14.29s/it, Train loss=9.9e-5, Train acc=0, Test loss=0.798, Test acc=0.15] 
 92%|█████████▎| 185/200 [42:46<03:34, 14.32s/it, Train loss=9.9e-5, Train acc=0, Test loss=0.798, Test acc=0.15]
 92%|█████████▎| 185/200 [43:00<03:34, 14.32s/it, Train loss=9.03e-5, Train acc=0, Test loss=0.801, Test acc=0.149]
 93%|█████████▎| 186/200 [43:00<03:17, 14.11s/it, Train loss=9.03e-5, Train acc=0, Test loss=0.801, Test acc=0.149]
 93%|█████████▎| 186/200 [43:13<03:17, 14.11s/it, Train loss=8.81e-5, Train acc=0, Test loss=0.799, Test acc=0.151]
 94%|█████████▎| 187/200 [43:13<03:01, 13.99s/it, Train loss=8.81e-5, Train acc=0, Test loss=0.799, Test acc=0.151]
 94%|█████████▎| 187/200 [43:27<03:01, 13.99s/it, Train loss=9.54e-5, Train acc=0, Test loss=0.798, Test acc=0.151]
 94%|█████████▍| 188/200 [43:27<02:47, 13.92s/it, Train loss=9.54e-5, Train acc=0, Test loss=0.798, Test acc=0.151]
 94%|█████████▍| 188/200 [43:42<02:47, 13.92s/it, Train loss=9.9e-5, Train acc=0, Test loss=0.8, Test acc=0.15]    
 94%|█████████▍| 189/200 [43:42<02:35, 14.10s/it, Train loss=9.9e-5, Train acc=0, Test loss=0.8, Test acc=0.15]
 94%|█████████▍| 189/200 [43:56<02:35, 14.10s/it, Train loss=9.07e-5, Train acc=0, Test loss=0.799, Test acc=0.15]
 95%|█████████▌| 190/200 [43:56<02:22, 14.22s/it, Train loss=9.07e-5, Train acc=0, Test loss=0.799, Test acc=0.15]
 95%|█████████▌| 190/200 [44:10<02:22, 14.22s/it, Train loss=9.28e-5, Train acc=0, Test loss=0.803, Test acc=0.15]
 96%|█████████▌| 191/200 [44:10<02:07, 14.21s/it, Train loss=9.28e-5, Train acc=0, Test loss=0.803, Test acc=0.15]
 96%|█████████▌| 191/200 [44:24<02:07, 14.21s/it, Train loss=9.77e-5, Train acc=0, Test loss=0.798, Test acc=0.151]
 96%|█████████▌| 192/200 [44:24<01:52, 14.03s/it, Train loss=9.77e-5, Train acc=0, Test loss=0.798, Test acc=0.151]
 96%|█████████▌| 192/200 [44:38<01:52, 14.03s/it, Train loss=0.000136, Train acc=2e-5, Test loss=0.811, Test acc=0.151]
 96%|█████████▋| 193/200 [44:38<01:38, 14.08s/it, Train loss=0.000136, Train acc=2e-5, Test loss=0.811, Test acc=0.151]
 96%|█████████▋| 193/200 [44:52<01:38, 14.08s/it, Train loss=9.52e-5, Train acc=0, Test loss=0.799, Test acc=0.15]     
 97%|█████████▋| 194/200 [44:52<01:24, 14.04s/it, Train loss=9.52e-5, Train acc=0, Test loss=0.799, Test acc=0.15]
 97%|█████████▋| 194/200 [45:06<01:24, 14.04s/it, Train loss=9.42e-5, Train acc=0, Test loss=0.796, Test acc=0.149]
 98%|█████████▊| 195/200 [45:06<01:09, 13.93s/it, Train loss=9.42e-5, Train acc=0, Test loss=0.796, Test acc=0.149]
 98%|█████████▊| 195/200 [45:19<01:09, 13.93s/it, Train loss=9.37e-5, Train acc=0, Test loss=0.799, Test acc=0.15] 
 98%|█████████▊| 196/200 [45:19<00:55, 13.84s/it, Train loss=9.37e-5, Train acc=0, Test loss=0.799, Test acc=0.15]
 98%|█████████▊| 196/200 [45:33<00:55, 13.84s/it, Train loss=9.11e-5, Train acc=0, Test loss=0.803, Test acc=0.15]
 98%|█████████▊| 197/200 [45:33<00:41, 13.78s/it, Train loss=9.11e-5, Train acc=0, Test loss=0.803, Test acc=0.15]
 98%|█████████▊| 197/200 [45:47<00:41, 13.78s/it, Train loss=9.2e-5, Train acc=0, Test loss=0.795, Test acc=0.15] 
 99%|█████████▉| 198/200 [45:47<00:27, 13.72s/it, Train loss=9.2e-5, Train acc=0, Test loss=0.795, Test acc=0.15]
 99%|█████████▉| 198/200 [46:00<00:27, 13.72s/it, Train loss=9.8e-5, Train acc=0, Test loss=0.795, Test acc=0.151]
100%|█████████▉| 199/200 [46:00<00:13, 13.74s/it, Train loss=9.8e-5, Train acc=0, Test loss=0.795, Test acc=0.151]
100%|█████████▉| 199/200 [46:14<00:13, 13.74s/it, Train loss=9.81e-5, Train acc=0, Test loss=0.797, Test acc=0.15]
100%|██████████| 200/200 [46:14<00:00, 13.71s/it, Train loss=9.81e-5, Train acc=0, Test loss=0.797, Test acc=0.15]
100%|██████████| 200/200 [46:14<00:00, 13.87s/it, Train loss=9.81e-5, Train acc=0, Test loss=0.797, Test acc=0.15]
