Files already downloaded and verified
Files already downloaded and verified
load resnet18...

  0%|          | 0/200 [00:00<?, ?it/s]
  0%|          | 0/200 [00:13<?, ?it/s, Train loss=1.97, Train acc=0.729, Test loss=1.96, Test acc=0.732]
  0%|          | 1/200 [00:13<45:04, 13.59s/it, Train loss=1.97, Train acc=0.729, Test loss=1.96, Test acc=0.732]
  0%|          | 1/200 [00:26<45:04, 13.59s/it, Train loss=1.61, Train acc=0.611, Test loss=1.6, Test acc=0.625] 
  1%|          | 2/200 [00:26<44:26, 13.47s/it, Train loss=1.61, Train acc=0.611, Test loss=1.6, Test acc=0.625]
  1%|          | 2/200 [00:40<44:26, 13.47s/it, Train loss=1.48, Train acc=0.556, Test loss=1.44, Test acc=0.525]
  2%|▏         | 3/200 [00:40<43:56, 13.38s/it, Train loss=1.48, Train acc=0.556, Test loss=1.44, Test acc=0.525]
  2%|▏         | 3/200 [00:53<43:56, 13.38s/it, Train loss=1.33, Train acc=0.495, Test loss=1.3, Test acc=0.501] 
  2%|▏         | 4/200 [00:53<43:32, 13.33s/it, Train loss=1.33, Train acc=0.495, Test loss=1.3, Test acc=0.501]
  2%|▏         | 4/200 [01:07<43:32, 13.33s/it, Train loss=1.21, Train acc=0.441, Test loss=1.27, Test acc=0.471]
  2%|▎         | 5/200 [01:07<43:36, 13.42s/it, Train loss=1.21, Train acc=0.441, Test loss=1.27, Test acc=0.471]
  2%|▎         | 5/200 [01:20<43:36, 13.42s/it, Train loss=1.09, Train acc=0.396, Test loss=1.31, Test acc=0.454]
  3%|▎         | 6/200 [01:20<43:25, 13.43s/it, Train loss=1.09, Train acc=0.396, Test loss=1.31, Test acc=0.454]
  3%|▎         | 6/200 [01:33<43:25, 13.43s/it, Train loss=0.985, Train acc=0.353, Test loss=0.991, Test acc=0.357]
  4%|▎         | 7/200 [01:33<42:59, 13.37s/it, Train loss=0.985, Train acc=0.353, Test loss=0.991, Test acc=0.357]
  4%|▎         | 7/200 [01:47<42:59, 13.37s/it, Train loss=0.883, Train acc=0.315, Test loss=0.973, Test acc=0.348]
  4%|▍         | 8/200 [01:47<42:53, 13.40s/it, Train loss=0.883, Train acc=0.315, Test loss=0.973, Test acc=0.348]
  4%|▍         | 8/200 [02:00<42:53, 13.40s/it, Train loss=0.795, Train acc=0.282, Test loss=0.943, Test acc=0.329]
  4%|▍         | 9/200 [02:00<42:46, 13.44s/it, Train loss=0.795, Train acc=0.282, Test loss=0.943, Test acc=0.329]
  4%|▍         | 9/200 [02:13<42:46, 13.44s/it, Train loss=0.729, Train acc=0.26, Test loss=1.19, Test acc=0.411]  
  5%|▌         | 10/200 [02:13<42:21, 13.37s/it, Train loss=0.729, Train acc=0.26, Test loss=1.19, Test acc=0.411]
  5%|▌         | 10/200 [02:27<42:21, 13.37s/it, Train loss=0.677, Train acc=0.237, Test loss=0.858, Test acc=0.293]
  6%|▌         | 11/200 [02:27<41:59, 13.33s/it, Train loss=0.677, Train acc=0.237, Test loss=0.858, Test acc=0.293]
  6%|▌         | 11/200 [02:41<41:59, 13.33s/it, Train loss=0.619, Train acc=0.218, Test loss=0.766, Test acc=0.27] 
  6%|▌         | 12/200 [02:41<42:41, 13.62s/it, Train loss=0.619, Train acc=0.218, Test loss=0.766, Test acc=0.27]
  6%|▌         | 12/200 [02:55<42:41, 13.62s/it, Train loss=0.57, Train acc=0.203, Test loss=0.784, Test acc=0.273]
  6%|▋         | 13/200 [02:55<42:59, 13.79s/it, Train loss=0.57, Train acc=0.203, Test loss=0.784, Test acc=0.273]
  6%|▋         | 13/200 [03:09<42:59, 13.79s/it, Train loss=0.524, Train acc=0.184, Test loss=0.647, Test acc=0.226]
  7%|▋         | 14/200 [03:09<42:54, 13.84s/it, Train loss=0.524, Train acc=0.184, Test loss=0.647, Test acc=0.226]
  7%|▋         | 14/200 [03:23<42:54, 13.84s/it, Train loss=0.485, Train acc=0.17, Test loss=0.708, Test acc=0.247] 
  8%|▊         | 15/200 [03:23<43:00, 13.95s/it, Train loss=0.485, Train acc=0.17, Test loss=0.708, Test acc=0.247]
  8%|▊         | 15/200 [03:37<43:00, 13.95s/it, Train loss=0.449, Train acc=0.159, Test loss=0.644, Test acc=0.223]
  8%|▊         | 16/200 [03:37<42:54, 13.99s/it, Train loss=0.449, Train acc=0.159, Test loss=0.644, Test acc=0.223]
  8%|▊         | 16/200 [03:51<42:54, 13.99s/it, Train loss=0.413, Train acc=0.145, Test loss=0.702, Test acc=0.244]
  8%|▊         | 17/200 [03:51<42:39, 13.98s/it, Train loss=0.413, Train acc=0.145, Test loss=0.702, Test acc=0.244]
  8%|▊         | 17/200 [04:06<42:39, 13.98s/it, Train loss=0.382, Train acc=0.133, Test loss=0.746, Test acc=0.247]
  9%|▉         | 18/200 [04:06<43:14, 14.25s/it, Train loss=0.382, Train acc=0.133, Test loss=0.746, Test acc=0.247]
  9%|▉         | 18/200 [04:20<43:14, 14.25s/it, Train loss=0.351, Train acc=0.123, Test loss=0.763, Test acc=0.253]
 10%|▉         | 19/200 [04:20<42:33, 14.11s/it, Train loss=0.351, Train acc=0.123, Test loss=0.763, Test acc=0.253]
 10%|▉         | 19/200 [04:33<42:33, 14.11s/it, Train loss=0.326, Train acc=0.114, Test loss=0.787, Test acc=0.25] 
 10%|█         | 20/200 [04:33<41:31, 13.84s/it, Train loss=0.326, Train acc=0.114, Test loss=0.787, Test acc=0.25]
 10%|█         | 20/200 [04:47<41:31, 13.84s/it, Train loss=0.305, Train acc=0.107, Test loss=0.64, Test acc=0.216]
 10%|█         | 21/200 [04:47<40:44, 13.66s/it, Train loss=0.305, Train acc=0.107, Test loss=0.64, Test acc=0.216]
 10%|█         | 21/200 [05:00<40:44, 13.66s/it, Train loss=0.282, Train acc=0.0984, Test loss=0.731, Test acc=0.229]
 11%|█         | 22/200 [05:00<40:27, 13.64s/it, Train loss=0.282, Train acc=0.0984, Test loss=0.731, Test acc=0.229]
 11%|█         | 22/200 [05:13<40:27, 13.64s/it, Train loss=0.26, Train acc=0.0896, Test loss=0.698, Test acc=0.223] 
 12%|█▏        | 23/200 [05:13<40:00, 13.56s/it, Train loss=0.26, Train acc=0.0896, Test loss=0.698, Test acc=0.223]
 12%|█▏        | 23/200 [05:27<40:00, 13.56s/it, Train loss=0.235, Train acc=0.0802, Test loss=0.654, Test acc=0.206]
 12%|█▏        | 24/200 [05:27<39:33, 13.48s/it, Train loss=0.235, Train acc=0.0802, Test loss=0.654, Test acc=0.206]
 12%|█▏        | 24/200 [05:40<39:33, 13.48s/it, Train loss=0.218, Train acc=0.0754, Test loss=0.716, Test acc=0.214]
 12%|█▎        | 25/200 [05:40<39:19, 13.48s/it, Train loss=0.218, Train acc=0.0754, Test loss=0.716, Test acc=0.214]
 12%|█▎        | 25/200 [05:54<39:19, 13.48s/it, Train loss=0.204, Train acc=0.0707, Test loss=0.768, Test acc=0.232]
 13%|█▎        | 26/200 [05:54<38:55, 13.42s/it, Train loss=0.204, Train acc=0.0707, Test loss=0.768, Test acc=0.232]
 13%|█▎        | 26/200 [06:07<38:55, 13.42s/it, Train loss=0.189, Train acc=0.065, Test loss=0.69, Test acc=0.203]  
 14%|█▎        | 27/200 [06:07<38:35, 13.39s/it, Train loss=0.189, Train acc=0.065, Test loss=0.69, Test acc=0.203]
 14%|█▎        | 27/200 [06:20<38:35, 13.39s/it, Train loss=0.171, Train acc=0.0591, Test loss=0.705, Test acc=0.205]
 14%|█▍        | 28/200 [06:20<38:23, 13.39s/it, Train loss=0.171, Train acc=0.0591, Test loss=0.705, Test acc=0.205]
 14%|█▍        | 28/200 [06:34<38:23, 13.39s/it, Train loss=0.158, Train acc=0.0531, Test loss=0.655, Test acc=0.196]
 14%|█▍        | 29/200 [06:34<38:17, 13.44s/it, Train loss=0.158, Train acc=0.0531, Test loss=0.655, Test acc=0.196]
 14%|█▍        | 29/200 [06:47<38:17, 13.44s/it, Train loss=0.146, Train acc=0.0495, Test loss=0.779, Test acc=0.212]
 15%|█▌        | 30/200 [06:47<37:55, 13.39s/it, Train loss=0.146, Train acc=0.0495, Test loss=0.779, Test acc=0.212]
 15%|█▌        | 30/200 [07:01<37:55, 13.39s/it, Train loss=0.138, Train acc=0.0465, Test loss=0.648, Test acc=0.196]
 16%|█▌        | 31/200 [07:01<38:22, 13.63s/it, Train loss=0.138, Train acc=0.0465, Test loss=0.648, Test acc=0.196]
 16%|█▌        | 31/200 [07:15<38:22, 13.63s/it, Train loss=0.132, Train acc=0.0444, Test loss=0.845, Test acc=0.221]
 16%|█▌        | 32/200 [07:15<38:16, 13.67s/it, Train loss=0.132, Train acc=0.0444, Test loss=0.845, Test acc=0.221]
 16%|█▌        | 32/200 [07:28<38:16, 13.67s/it, Train loss=0.115, Train acc=0.0381, Test loss=0.884, Test acc=0.215]
 16%|█▋        | 33/200 [07:28<37:51, 13.60s/it, Train loss=0.115, Train acc=0.0381, Test loss=0.884, Test acc=0.215]
 16%|█▋        | 33/200 [07:42<37:51, 13.60s/it, Train loss=0.107, Train acc=0.0364, Test loss=0.636, Test acc=0.182]
 17%|█▋        | 34/200 [07:42<37:23, 13.52s/it, Train loss=0.107, Train acc=0.0364, Test loss=0.636, Test acc=0.182]
 17%|█▋        | 34/200 [07:55<37:23, 13.52s/it, Train loss=0.0962, Train acc=0.0319, Test loss=0.672, Test acc=0.187]
 18%|█▊        | 35/200 [07:55<36:59, 13.45s/it, Train loss=0.0962, Train acc=0.0319, Test loss=0.672, Test acc=0.187]
 18%|█▊        | 35/200 [08:08<36:59, 13.45s/it, Train loss=0.0891, Train acc=0.0291, Test loss=0.675, Test acc=0.178]
 18%|█▊        | 36/200 [08:08<36:38, 13.41s/it, Train loss=0.0891, Train acc=0.0291, Test loss=0.675, Test acc=0.178]
 18%|█▊        | 36/200 [08:22<36:38, 13.41s/it, Train loss=0.0837, Train acc=0.0275, Test loss=0.666, Test acc=0.186]
 18%|█▊        | 37/200 [08:22<36:23, 13.40s/it, Train loss=0.0837, Train acc=0.0275, Test loss=0.666, Test acc=0.186]
 18%|█▊        | 37/200 [08:35<36:23, 13.40s/it, Train loss=0.0758, Train acc=0.0244, Test loss=0.67, Test acc=0.178] 
 19%|█▉        | 38/200 [08:35<36:26, 13.50s/it, Train loss=0.0758, Train acc=0.0244, Test loss=0.67, Test acc=0.178]
 19%|█▉        | 38/200 [08:49<36:26, 13.50s/it, Train loss=0.0728, Train acc=0.0225, Test loss=0.72, Test acc=0.187]
 20%|█▉        | 39/200 [08:49<36:05, 13.45s/it, Train loss=0.0728, Train acc=0.0225, Test loss=0.72, Test acc=0.187]
 20%|█▉        | 39/200 [09:02<36:05, 13.45s/it, Train loss=0.0706, Train acc=0.0227, Test loss=0.684, Test acc=0.174]
 20%|██        | 40/200 [09:02<35:42, 13.39s/it, Train loss=0.0706, Train acc=0.0227, Test loss=0.684, Test acc=0.174]
 20%|██        | 40/200 [09:16<35:42, 13.39s/it, Train loss=0.0638, Train acc=0.0206, Test loss=0.703, Test acc=0.179]
 20%|██        | 41/200 [09:16<35:49, 13.52s/it, Train loss=0.0638, Train acc=0.0206, Test loss=0.703, Test acc=0.179]
 20%|██        | 41/200 [09:30<35:49, 13.52s/it, Train loss=0.0572, Train acc=0.0179, Test loss=0.684, Test acc=0.183]
 21%|██        | 42/200 [09:30<36:00, 13.68s/it, Train loss=0.0572, Train acc=0.0179, Test loss=0.684, Test acc=0.183]
 21%|██        | 42/200 [09:43<36:00, 13.68s/it, Train loss=0.0545, Train acc=0.017, Test loss=0.665, Test acc=0.175] 
 22%|██▏       | 43/200 [09:43<35:34, 13.60s/it, Train loss=0.0545, Train acc=0.017, Test loss=0.665, Test acc=0.175]
 22%|██▏       | 43/200 [09:57<35:34, 13.60s/it, Train loss=0.0454, Train acc=0.014, Test loss=0.743, Test acc=0.189]
 22%|██▏       | 44/200 [09:57<35:19, 13.58s/it, Train loss=0.0454, Train acc=0.014, Test loss=0.743, Test acc=0.189]
 22%|██▏       | 44/200 [10:10<35:19, 13.58s/it, Train loss=0.0445, Train acc=0.0142, Test loss=0.662, Test acc=0.171]
 22%|██▎       | 45/200 [10:10<34:51, 13.49s/it, Train loss=0.0445, Train acc=0.0142, Test loss=0.662, Test acc=0.171]
 22%|██▎       | 45/200 [10:23<34:51, 13.49s/it, Train loss=0.0416, Train acc=0.0123, Test loss=0.685, Test acc=0.169]
 23%|██▎       | 46/200 [10:23<34:28, 13.43s/it, Train loss=0.0416, Train acc=0.0123, Test loss=0.685, Test acc=0.169]
 23%|██▎       | 46/200 [10:38<34:28, 13.43s/it, Train loss=0.0401, Train acc=0.0117, Test loss=0.727, Test acc=0.178]
 24%|██▎       | 47/200 [10:38<34:54, 13.69s/it, Train loss=0.0401, Train acc=0.0117, Test loss=0.727, Test acc=0.178]
 24%|██▎       | 47/200 [10:52<34:54, 13.69s/it, Train loss=0.0349, Train acc=0.0102, Test loss=0.676, Test acc=0.164]
 24%|██▍       | 48/200 [10:52<35:15, 13.91s/it, Train loss=0.0349, Train acc=0.0102, Test loss=0.676, Test acc=0.164]
 24%|██▍       | 48/200 [11:06<35:15, 13.91s/it, Train loss=0.0338, Train acc=0.01, Test loss=0.69, Test acc=0.167]   
 24%|██▍       | 49/200 [11:06<34:55, 13.88s/it, Train loss=0.0338, Train acc=0.01, Test loss=0.69, Test acc=0.167]
 24%|██▍       | 49/200 [11:19<34:55, 13.88s/it, Train loss=0.0287, Train acc=0.00804, Test loss=0.697, Test acc=0.168]
 25%|██▌       | 50/200 [11:19<34:18, 13.72s/it, Train loss=0.0287, Train acc=0.00804, Test loss=0.697, Test acc=0.168]
 25%|██▌       | 50/200 [11:33<34:18, 13.72s/it, Train loss=0.0283, Train acc=0.00795, Test loss=0.683, Test acc=0.162]
 26%|██▌       | 51/200 [11:33<33:47, 13.61s/it, Train loss=0.0283, Train acc=0.00795, Test loss=0.683, Test acc=0.162]
 26%|██▌       | 51/200 [11:46<33:47, 13.61s/it, Train loss=0.0254, Train acc=0.00703, Test loss=0.664, Test acc=0.161]
 26%|██▌       | 52/200 [11:46<33:26, 13.56s/it, Train loss=0.0254, Train acc=0.00703, Test loss=0.664, Test acc=0.161]
 26%|██▌       | 52/200 [12:00<33:26, 13.56s/it, Train loss=0.0256, Train acc=0.00739, Test loss=0.707, Test acc=0.165]
 26%|██▋       | 53/200 [12:00<33:35, 13.71s/it, Train loss=0.0256, Train acc=0.00739, Test loss=0.707, Test acc=0.165]
 26%|██▋       | 53/200 [12:15<33:35, 13.71s/it, Train loss=0.0231, Train acc=0.00643, Test loss=0.679, Test acc=0.163]
 27%|██▋       | 54/200 [12:15<33:48, 13.89s/it, Train loss=0.0231, Train acc=0.00643, Test loss=0.679, Test acc=0.163]
 27%|██▋       | 54/200 [12:29<33:48, 13.89s/it, Train loss=0.0199, Train acc=0.00593, Test loss=0.708, Test acc=0.165]
 28%|██▊       | 55/200 [12:29<33:46, 13.97s/it, Train loss=0.0199, Train acc=0.00593, Test loss=0.708, Test acc=0.165]
 28%|██▊       | 55/200 [12:42<33:46, 13.97s/it, Train loss=0.0185, Train acc=0.00504, Test loss=0.681, Test acc=0.159]
 28%|██▊       | 56/200 [12:42<33:06, 13.79s/it, Train loss=0.0185, Train acc=0.00504, Test loss=0.681, Test acc=0.159]
 28%|██▊       | 56/200 [12:56<33:06, 13.79s/it, Train loss=0.0173, Train acc=0.00452, Test loss=0.695, Test acc=0.163]
 28%|██▊       | 57/200 [12:56<32:39, 13.70s/it, Train loss=0.0173, Train acc=0.00452, Test loss=0.695, Test acc=0.163]
 28%|██▊       | 57/200 [13:09<32:39, 13.70s/it, Train loss=0.0154, Train acc=0.00444, Test loss=0.708, Test acc=0.16] 
 29%|██▉       | 58/200 [13:09<32:19, 13.66s/it, Train loss=0.0154, Train acc=0.00444, Test loss=0.708, Test acc=0.16]
 29%|██▉       | 58/200 [13:22<32:19, 13.66s/it, Train loss=0.0162, Train acc=0.00403, Test loss=0.752, Test acc=0.169]
 30%|██▉       | 59/200 [13:22<31:51, 13.56s/it, Train loss=0.0162, Train acc=0.00403, Test loss=0.752, Test acc=0.169]
 30%|██▉       | 59/200 [13:36<31:51, 13.56s/it, Train loss=0.0162, Train acc=0.00444, Test loss=0.669, Test acc=0.156]
 30%|███       | 60/200 [13:36<31:26, 13.47s/it, Train loss=0.0162, Train acc=0.00444, Test loss=0.669, Test acc=0.156]
 30%|███       | 60/200 [13:49<31:26, 13.47s/it, Train loss=0.0122, Train acc=0.00304, Test loss=0.662, Test acc=0.152]
 30%|███       | 61/200 [13:49<31:14, 13.49s/it, Train loss=0.0122, Train acc=0.00304, Test loss=0.662, Test acc=0.152]
 30%|███       | 61/200 [14:03<31:14, 13.49s/it, Train loss=0.0131, Train acc=0.00336, Test loss=0.679, Test acc=0.16] 
 31%|███       | 62/200 [14:03<30:59, 13.48s/it, Train loss=0.0131, Train acc=0.00336, Test loss=0.679, Test acc=0.16]
 31%|███       | 62/200 [14:16<30:59, 13.48s/it, Train loss=0.00986, Train acc=0.00236, Test loss=0.665, Test acc=0.154]
 32%|███▏      | 63/200 [14:16<30:47, 13.49s/it, Train loss=0.00986, Train acc=0.00236, Test loss=0.665, Test acc=0.154]
 32%|███▏      | 63/200 [14:30<30:47, 13.49s/it, Train loss=0.00965, Train acc=0.00234, Test loss=0.696, Test acc=0.156]
 32%|███▏      | 64/200 [14:30<30:35, 13.50s/it, Train loss=0.00965, Train acc=0.00234, Test loss=0.696, Test acc=0.156]
 32%|███▏      | 64/200 [14:43<30:35, 13.50s/it, Train loss=0.0106, Train acc=0.00255, Test loss=0.699, Test acc=0.157] 
 32%|███▎      | 65/200 [14:43<30:15, 13.45s/it, Train loss=0.0106, Train acc=0.00255, Test loss=0.699, Test acc=0.157]
 32%|███▎      | 65/200 [14:56<30:15, 13.45s/it, Train loss=0.00909, Train acc=0.00188, Test loss=0.688, Test acc=0.156]
 33%|███▎      | 66/200 [14:56<30:00, 13.43s/it, Train loss=0.00909, Train acc=0.00188, Test loss=0.688, Test acc=0.156]
 33%|███▎      | 66/200 [15:11<30:00, 13.43s/it, Train loss=0.00783, Train acc=0.00174, Test loss=0.7, Test acc=0.156]  
 34%|███▎      | 67/200 [15:11<30:24, 13.72s/it, Train loss=0.00783, Train acc=0.00174, Test loss=0.7, Test acc=0.156]
 34%|███▎      | 67/200 [15:25<30:24, 13.72s/it, Train loss=0.00789, Train acc=0.00198, Test loss=0.685, Test acc=0.154]
 34%|███▍      | 68/200 [15:25<30:13, 13.74s/it, Train loss=0.00789, Train acc=0.00198, Test loss=0.685, Test acc=0.154]
 34%|███▍      | 68/200 [15:38<30:13, 13.74s/it, Train loss=0.00706, Train acc=0.00165, Test loss=0.697, Test acc=0.154]
 34%|███▍      | 69/200 [15:38<29:45, 13.63s/it, Train loss=0.00706, Train acc=0.00165, Test loss=0.697, Test acc=0.154]
 34%|███▍      | 69/200 [15:51<29:45, 13.63s/it, Train loss=0.00606, Train acc=0.0012, Test loss=0.691, Test acc=0.154] 
 35%|███▌      | 70/200 [15:51<29:19, 13.53s/it, Train loss=0.00606, Train acc=0.0012, Test loss=0.691, Test acc=0.154]
 35%|███▌      | 70/200 [16:05<29:19, 13.53s/it, Train loss=0.00527, Train acc=0.00102, Test loss=0.678, Test acc=0.152]
 36%|███▌      | 71/200 [16:05<28:59, 13.49s/it, Train loss=0.00527, Train acc=0.00102, Test loss=0.678, Test acc=0.152]
 36%|███▌      | 71/200 [16:18<28:59, 13.49s/it, Train loss=0.00574, Train acc=0.00112, Test loss=0.671, Test acc=0.151]
 36%|███▌      | 72/200 [16:18<28:48, 13.50s/it, Train loss=0.00574, Train acc=0.00112, Test loss=0.671, Test acc=0.151]
 36%|███▌      | 72/200 [16:33<28:48, 13.50s/it, Train loss=0.00494, Train acc=0.000959, Test loss=0.687, Test acc=0.154]
 36%|███▋      | 73/200 [16:33<29:05, 13.75s/it, Train loss=0.00494, Train acc=0.000959, Test loss=0.687, Test acc=0.154]
 36%|███▋      | 73/200 [16:47<29:05, 13.75s/it, Train loss=0.00472, Train acc=0.00104, Test loss=0.689, Test acc=0.15]  
 37%|███▋      | 74/200 [16:47<29:16, 13.94s/it, Train loss=0.00472, Train acc=0.00104, Test loss=0.689, Test acc=0.15]
 37%|███▋      | 74/200 [17:01<29:16, 13.94s/it, Train loss=0.00403, Train acc=0.000899, Test loss=0.681, Test acc=0.153]
 38%|███▊      | 75/200 [17:01<29:20, 14.08s/it, Train loss=0.00403, Train acc=0.000899, Test loss=0.681, Test acc=0.153]
 38%|███▊      | 75/200 [17:16<29:20, 14.08s/it, Train loss=0.00301, Train acc=0.000719, Test loss=0.675, Test acc=0.147]
 38%|███▊      | 76/200 [17:16<29:35, 14.32s/it, Train loss=0.00301, Train acc=0.000719, Test loss=0.675, Test acc=0.147]
 38%|███▊      | 76/200 [17:31<29:35, 14.32s/it, Train loss=0.00238, Train acc=0.00042, Test loss=0.678, Test acc=0.148] 
 38%|███▊      | 77/200 [17:31<29:38, 14.46s/it, Train loss=0.00238, Train acc=0.00042, Test loss=0.678, Test acc=0.148]
 38%|███▊      | 77/200 [17:46<29:38, 14.46s/it, Train loss=0.0027, Train acc=0.000559, Test loss=0.666, Test acc=0.148]
 39%|███▉      | 78/200 [17:46<29:27, 14.49s/it, Train loss=0.0027, Train acc=0.000559, Test loss=0.666, Test acc=0.148]
 39%|███▉      | 78/200 [18:00<29:27, 14.49s/it, Train loss=0.0028, Train acc=0.00042, Test loss=0.663, Test acc=0.148] 
 40%|███▉      | 79/200 [18:00<29:20, 14.55s/it, Train loss=0.0028, Train acc=0.00042, Test loss=0.663, Test acc=0.148]
 40%|███▉      | 79/200 [18:15<29:20, 14.55s/it, Train loss=0.00263, Train acc=0.00046, Test loss=0.673, Test acc=0.146]
 40%|████      | 80/200 [18:15<29:01, 14.52s/it, Train loss=0.00263, Train acc=0.00046, Test loss=0.673, Test acc=0.146]
 40%|████      | 80/200 [18:29<29:01, 14.52s/it, Train loss=0.00223, Train acc=0.00038, Test loss=0.67, Test acc=0.145] 
 40%|████      | 81/200 [18:29<28:55, 14.58s/it, Train loss=0.00223, Train acc=0.00038, Test loss=0.67, Test acc=0.145]
 40%|████      | 81/200 [18:44<28:55, 14.58s/it, Train loss=0.00225, Train acc=0.0004, Test loss=0.677, Test acc=0.146]
 41%|████      | 82/200 [18:44<28:42, 14.59s/it, Train loss=0.00225, Train acc=0.0004, Test loss=0.677, Test acc=0.146]
 41%|████      | 82/200 [18:58<28:42, 14.59s/it, Train loss=0.00169, Train acc=0.00024, Test loss=0.68, Test acc=0.145]
 42%|████▏     | 83/200 [18:58<28:19, 14.53s/it, Train loss=0.00169, Train acc=0.00024, Test loss=0.68, Test acc=0.145]
 42%|████▏     | 83/200 [19:12<28:19, 14.53s/it, Train loss=0.00135, Train acc=0.00014, Test loss=0.675, Test acc=0.146]
 42%|████▏     | 84/200 [19:12<27:23, 14.17s/it, Train loss=0.00135, Train acc=0.00014, Test loss=0.675, Test acc=0.146]
 42%|████▏     | 84/200 [19:25<27:23, 14.17s/it, Train loss=0.00114, Train acc=0.00014, Test loss=0.688, Test acc=0.146]
 42%|████▎     | 85/200 [19:25<26:44, 13.95s/it, Train loss=0.00114, Train acc=0.00014, Test loss=0.688, Test acc=0.146]
 42%|████▎     | 85/200 [19:39<26:44, 13.95s/it, Train loss=0.00109, Train acc=0.00014, Test loss=0.68, Test acc=0.145] 
 43%|████▎     | 86/200 [19:39<26:28, 13.93s/it, Train loss=0.00109, Train acc=0.00014, Test loss=0.68, Test acc=0.145]
 43%|████▎     | 86/200 [19:53<26:28, 13.93s/it, Train loss=0.00129, Train acc=0.00026, Test loss=0.68, Test acc=0.147]
 44%|████▎     | 87/200 [19:53<26:02, 13.83s/it, Train loss=0.00129, Train acc=0.00026, Test loss=0.68, Test acc=0.147]
 44%|████▎     | 87/200 [20:06<26:02, 13.83s/it, Train loss=0.00111, Train acc=0.00014, Test loss=0.686, Test acc=0.145]
 44%|████▍     | 88/200 [20:06<25:35, 13.71s/it, Train loss=0.00111, Train acc=0.00014, Test loss=0.686, Test acc=0.145]
 44%|████▍     | 88/200 [20:20<25:35, 13.71s/it, Train loss=0.00131, Train acc=0.00022, Test loss=0.677, Test acc=0.147]
 44%|████▍     | 89/200 [20:20<25:14, 13.65s/it, Train loss=0.00131, Train acc=0.00022, Test loss=0.677, Test acc=0.147]
 44%|████▍     | 89/200 [20:33<25:14, 13.65s/it, Train loss=0.00072, Train acc=5.99e-5, Test loss=0.67, Test acc=0.144] 
 45%|████▌     | 90/200 [20:33<24:54, 13.59s/it, Train loss=0.00072, Train acc=5.99e-5, Test loss=0.67, Test acc=0.144]
 45%|████▌     | 90/200 [20:47<24:54, 13.59s/it, Train loss=0.000754, Train acc=0.00012, Test loss=0.67, Test acc=0.144]
 46%|████▌     | 91/200 [20:47<24:39, 13.58s/it, Train loss=0.000754, Train acc=0.00012, Test loss=0.67, Test acc=0.144]
 46%|████▌     | 91/200 [21:00<24:39, 13.58s/it, Train loss=0.000647, Train acc=4e-5, Test loss=0.676, Test acc=0.143]  
 46%|████▌     | 92/200 [21:00<24:29, 13.60s/it, Train loss=0.000647, Train acc=4e-5, Test loss=0.676, Test acc=0.143]
 46%|████▌     | 92/200 [21:14<24:29, 13.60s/it, Train loss=0.000497, Train acc=4e-5, Test loss=0.675, Test acc=0.145]
 46%|████▋     | 93/200 [21:14<24:11, 13.56s/it, Train loss=0.000497, Train acc=4e-5, Test loss=0.675, Test acc=0.145]
 46%|████▋     | 93/200 [21:27<24:11, 13.56s/it, Train loss=0.000506, Train acc=4e-5, Test loss=0.673, Test acc=0.143]
 47%|████▋     | 94/200 [21:27<23:57, 13.56s/it, Train loss=0.000506, Train acc=4e-5, Test loss=0.673, Test acc=0.143]
 47%|████▋     | 94/200 [21:41<23:57, 13.56s/it, Train loss=0.000529, Train acc=5.99e-5, Test loss=0.675, Test acc=0.144]
 48%|████▊     | 95/200 [21:41<23:40, 13.53s/it, Train loss=0.000529, Train acc=5.99e-5, Test loss=0.675, Test acc=0.144]
 48%|████▊     | 95/200 [21:54<23:40, 13.53s/it, Train loss=0.000385, Train acc=2e-5, Test loss=0.674, Test acc=0.142]   
 48%|████▊     | 96/200 [21:54<23:26, 13.52s/it, Train loss=0.000385, Train acc=2e-5, Test loss=0.674, Test acc=0.142]
 48%|████▊     | 96/200 [22:08<23:26, 13.52s/it, Train loss=0.00039, Train acc=2e-5, Test loss=0.684, Test acc=0.142] 
 48%|████▊     | 97/200 [22:08<23:25, 13.64s/it, Train loss=0.00039, Train acc=2e-5, Test loss=0.684, Test acc=0.142]
 48%|████▊     | 97/200 [22:22<23:25, 13.64s/it, Train loss=0.000492, Train acc=7.99e-5, Test loss=0.679, Test acc=0.141]
 49%|████▉     | 98/200 [22:22<23:05, 13.58s/it, Train loss=0.000492, Train acc=7.99e-5, Test loss=0.679, Test acc=0.141]
 49%|████▉     | 98/200 [22:35<23:05, 13.58s/it, Train loss=0.000475, Train acc=4e-5, Test loss=0.68, Test acc=0.141]    
 50%|████▉     | 99/200 [22:35<22:43, 13.50s/it, Train loss=0.000475, Train acc=4e-5, Test loss=0.68, Test acc=0.141]
 50%|████▉     | 99/200 [22:49<22:43, 13.50s/it, Train loss=0.00032, Train acc=2e-5, Test loss=0.685, Test acc=0.141]
 50%|█████     | 100/200 [22:49<22:43, 13.64s/it, Train loss=0.00032, Train acc=2e-5, Test loss=0.685, Test acc=0.141]
 50%|█████     | 100/200 [23:03<22:43, 13.64s/it, Train loss=0.00037, Train acc=4e-5, Test loss=0.684, Test acc=0.142]
 50%|█████     | 101/200 [23:03<22:46, 13.80s/it, Train loss=0.00037, Train acc=4e-5, Test loss=0.684, Test acc=0.142]
 50%|█████     | 101/200 [23:18<22:46, 13.80s/it, Train loss=0.000426, Train acc=5.99e-5, Test loss=0.685, Test acc=0.142]
 51%|█████     | 102/200 [23:18<23:11, 14.20s/it, Train loss=0.000426, Train acc=5.99e-5, Test loss=0.685, Test acc=0.142]
 51%|█████     | 102/200 [23:32<23:11, 14.20s/it, Train loss=0.000347, Train acc=4e-5, Test loss=0.687, Test acc=0.142]   
 52%|█████▏    | 103/200 [23:32<22:51, 14.14s/it, Train loss=0.000347, Train acc=4e-5, Test loss=0.687, Test acc=0.142]
 52%|█████▏    | 103/200 [23:46<22:51, 14.14s/it, Train loss=0.000332, Train acc=4e-5, Test loss=0.68, Test acc=0.141] 
 52%|█████▏    | 104/200 [23:46<22:15, 13.91s/it, Train loss=0.000332, Train acc=4e-5, Test loss=0.68, Test acc=0.141]
 52%|█████▏    | 104/200 [23:59<22:15, 13.91s/it, Train loss=0.000372, Train acc=5.99e-5, Test loss=0.685, Test acc=0.142]
 52%|█████▎    | 105/200 [23:59<21:49, 13.78s/it, Train loss=0.000372, Train acc=5.99e-5, Test loss=0.685, Test acc=0.142]
 52%|█████▎    | 105/200 [24:14<21:49, 13.78s/it, Train loss=0.000256, Train acc=0, Test loss=0.685, Test acc=0.142]      
 53%|█████▎    | 106/200 [24:14<22:12, 14.17s/it, Train loss=0.000256, Train acc=0, Test loss=0.685, Test acc=0.142]
 53%|█████▎    | 106/200 [24:29<22:12, 14.17s/it, Train loss=0.000255, Train acc=0, Test loss=0.68, Test acc=0.141] 
 54%|█████▎    | 107/200 [24:29<22:14, 14.35s/it, Train loss=0.000255, Train acc=0, Test loss=0.68, Test acc=0.141]
 54%|█████▎    | 107/200 [24:43<22:14, 14.35s/it, Train loss=0.000237, Train acc=2e-5, Test loss=0.684, Test acc=0.14]
 54%|█████▍    | 108/200 [24:43<21:55, 14.30s/it, Train loss=0.000237, Train acc=2e-5, Test loss=0.684, Test acc=0.14]
 54%|█████▍    | 108/200 [24:57<21:55, 14.30s/it, Train loss=0.000255, Train acc=2e-5, Test loss=0.687, Test acc=0.142]
 55%|█████▍    | 109/200 [24:57<21:38, 14.27s/it, Train loss=0.000255, Train acc=2e-5, Test loss=0.687, Test acc=0.142]
 55%|█████▍    | 109/200 [25:12<21:38, 14.27s/it, Train loss=0.000216, Train acc=0, Test loss=0.683, Test acc=0.142]   
 55%|█████▌    | 110/200 [25:12<21:37, 14.42s/it, Train loss=0.000216, Train acc=0, Test loss=0.683, Test acc=0.142]
 55%|█████▌    | 110/200 [25:27<21:37, 14.42s/it, Train loss=0.000213, Train acc=0, Test loss=0.691, Test acc=0.141]
 56%|█████▌    | 111/200 [25:27<21:28, 14.48s/it, Train loss=0.000213, Train acc=0, Test loss=0.691, Test acc=0.141]
 56%|█████▌    | 111/200 [25:41<21:28, 14.48s/it, Train loss=0.000218, Train acc=0, Test loss=0.686, Test acc=0.141]
 56%|█████▌    | 112/200 [25:41<21:10, 14.44s/it, Train loss=0.000218, Train acc=0, Test loss=0.686, Test acc=0.141]
 56%|█████▌    | 112/200 [25:55<21:10, 14.44s/it, Train loss=0.000197, Train acc=0, Test loss=0.688, Test acc=0.141]
 56%|█████▋    | 113/200 [25:55<20:51, 14.39s/it, Train loss=0.000197, Train acc=0, Test loss=0.688, Test acc=0.141]
 56%|█████▋    | 113/200 [26:09<20:51, 14.39s/it, Train loss=0.000183, Train acc=0, Test loss=0.684, Test acc=0.141]
 57%|█████▋    | 114/200 [26:09<20:15, 14.13s/it, Train loss=0.000183, Train acc=0, Test loss=0.684, Test acc=0.141]
 57%|█████▋    | 114/200 [26:22<20:15, 14.13s/it, Train loss=0.000183, Train acc=0, Test loss=0.69, Test acc=0.141] 
 57%|█████▊    | 115/200 [26:22<19:44, 13.94s/it, Train loss=0.000183, Train acc=0, Test loss=0.69, Test acc=0.141]
 57%|█████▊    | 115/200 [26:36<19:44, 13.94s/it, Train loss=0.000196, Train acc=0, Test loss=0.691, Test acc=0.141]
 58%|█████▊    | 116/200 [26:36<19:29, 13.93s/it, Train loss=0.000196, Train acc=0, Test loss=0.691, Test acc=0.141]
 58%|█████▊    | 116/200 [26:51<19:29, 13.93s/it, Train loss=0.000186, Train acc=0, Test loss=0.692, Test acc=0.14] 
 58%|█████▊    | 117/200 [26:51<19:32, 14.12s/it, Train loss=0.000186, Train acc=0, Test loss=0.692, Test acc=0.14]
 58%|█████▊    | 117/200 [27:05<19:32, 14.12s/it, Train loss=0.000169, Train acc=0, Test loss=0.688, Test acc=0.14]
 59%|█████▉    | 118/200 [27:05<19:26, 14.22s/it, Train loss=0.000169, Train acc=0, Test loss=0.688, Test acc=0.14]
 59%|█████▉    | 118/200 [27:20<19:26, 14.22s/it, Train loss=0.000176, Train acc=0, Test loss=0.689, Test acc=0.141]
 60%|█████▉    | 119/200 [27:20<19:18, 14.30s/it, Train loss=0.000176, Train acc=0, Test loss=0.689, Test acc=0.141]
 60%|█████▉    | 119/200 [27:34<19:18, 14.30s/it, Train loss=0.000171, Train acc=0, Test loss=0.692, Test acc=0.142]
 60%|██████    | 120/200 [27:34<19:00, 14.26s/it, Train loss=0.000171, Train acc=0, Test loss=0.692, Test acc=0.142]
 60%|██████    | 120/200 [27:48<19:00, 14.26s/it, Train loss=0.000169, Train acc=0, Test loss=0.691, Test acc=0.14] 
 60%|██████    | 121/200 [27:48<18:45, 14.24s/it, Train loss=0.000169, Train acc=0, Test loss=0.691, Test acc=0.14]
 60%|██████    | 121/200 [28:03<18:45, 14.24s/it, Train loss=0.00017, Train acc=0, Test loss=0.694, Test acc=0.141]
 61%|██████    | 122/200 [28:03<18:34, 14.29s/it, Train loss=0.00017, Train acc=0, Test loss=0.694, Test acc=0.141]
 61%|██████    | 122/200 [28:17<18:34, 14.29s/it, Train loss=0.000161, Train acc=0, Test loss=0.691, Test acc=0.141]
 62%|██████▏   | 123/200 [28:17<18:15, 14.22s/it, Train loss=0.000161, Train acc=0, Test loss=0.691, Test acc=0.141]
 62%|██████▏   | 123/200 [28:30<18:15, 14.22s/it, Train loss=0.000155, Train acc=0, Test loss=0.697, Test acc=0.14] 
 62%|██████▏   | 124/200 [28:30<17:44, 14.01s/it, Train loss=0.000155, Train acc=0, Test loss=0.697, Test acc=0.14]
 62%|██████▏   | 124/200 [28:44<17:44, 14.01s/it, Train loss=0.000158, Train acc=0, Test loss=0.7, Test acc=0.141] 
 62%|██████▎   | 125/200 [28:44<17:20, 13.87s/it, Train loss=0.000158, Train acc=0, Test loss=0.7, Test acc=0.141]
 62%|██████▎   | 125/200 [28:57<17:20, 13.87s/it, Train loss=0.000154, Train acc=0, Test loss=0.695, Test acc=0.141]
 63%|██████▎   | 126/200 [28:57<17:02, 13.82s/it, Train loss=0.000154, Train acc=0, Test loss=0.695, Test acc=0.141]
 63%|██████▎   | 126/200 [29:11<17:02, 13.82s/it, Train loss=0.000155, Train acc=0, Test loss=0.698, Test acc=0.141]
 64%|██████▎   | 127/200 [29:11<16:48, 13.81s/it, Train loss=0.000155, Train acc=0, Test loss=0.698, Test acc=0.141]
 64%|██████▎   | 127/200 [29:25<16:48, 13.81s/it, Train loss=0.000141, Train acc=0, Test loss=0.699, Test acc=0.141]
 64%|██████▍   | 128/200 [29:25<16:29, 13.74s/it, Train loss=0.000141, Train acc=0, Test loss=0.699, Test acc=0.141]
 64%|██████▍   | 128/200 [29:38<16:29, 13.74s/it, Train loss=0.000161, Train acc=0, Test loss=0.704, Test acc=0.14] 
 64%|██████▍   | 129/200 [29:38<16:13, 13.72s/it, Train loss=0.000161, Train acc=0, Test loss=0.704, Test acc=0.14]
 64%|██████▍   | 129/200 [29:52<16:13, 13.72s/it, Train loss=0.000149, Train acc=0, Test loss=0.702, Test acc=0.141]
 65%|██████▌   | 130/200 [29:52<15:58, 13.70s/it, Train loss=0.000149, Train acc=0, Test loss=0.702, Test acc=0.141]
 65%|██████▌   | 130/200 [30:06<15:58, 13.70s/it, Train loss=0.000137, Train acc=0, Test loss=0.699, Test acc=0.141]
 66%|██████▌   | 131/200 [30:06<15:41, 13.64s/it, Train loss=0.000137, Train acc=0, Test loss=0.699, Test acc=0.141]
 66%|██████▌   | 131/200 [30:19<15:41, 13.64s/it, Train loss=0.000158, Train acc=2e-5, Test loss=0.701, Test acc=0.141]
 66%|██████▌   | 132/200 [30:19<15:23, 13.59s/it, Train loss=0.000158, Train acc=2e-5, Test loss=0.701, Test acc=0.141]
 66%|██████▌   | 132/200 [30:33<15:23, 13.59s/it, Train loss=0.000148, Train acc=0, Test loss=0.701, Test acc=0.14]    
 66%|██████▋   | 133/200 [30:33<15:13, 13.64s/it, Train loss=0.000148, Train acc=0, Test loss=0.701, Test acc=0.14]
 66%|██████▋   | 133/200 [30:46<15:13, 13.64s/it, Train loss=0.000137, Train acc=0, Test loss=0.706, Test acc=0.14]
 67%|██████▋   | 134/200 [30:46<14:56, 13.58s/it, Train loss=0.000137, Train acc=0, Test loss=0.706, Test acc=0.14]
 67%|██████▋   | 134/200 [31:00<14:56, 13.58s/it, Train loss=0.00014, Train acc=0, Test loss=0.701, Test acc=0.141]
 68%|██████▊   | 135/200 [31:00<14:41, 13.57s/it, Train loss=0.00014, Train acc=0, Test loss=0.701, Test acc=0.141]
 68%|██████▊   | 135/200 [31:14<14:41, 13.57s/it, Train loss=0.000135, Train acc=0, Test loss=0.7, Test acc=0.14]  
 68%|██████▊   | 136/200 [31:14<14:43, 13.80s/it, Train loss=0.000135, Train acc=0, Test loss=0.7, Test acc=0.14]
 68%|██████▊   | 136/200 [31:28<14:43, 13.80s/it, Train loss=0.000144, Train acc=0, Test loss=0.702, Test acc=0.142]
 68%|██████▊   | 137/200 [31:28<14:32, 13.85s/it, Train loss=0.000144, Train acc=0, Test loss=0.702, Test acc=0.142]
 68%|██████▊   | 137/200 [31:42<14:32, 13.85s/it, Train loss=0.000136, Train acc=0, Test loss=0.704, Test acc=0.14] 
 69%|██████▉   | 138/200 [31:42<14:15, 13.80s/it, Train loss=0.000136, Train acc=0, Test loss=0.704, Test acc=0.14]
 69%|██████▉   | 138/200 [31:55<14:15, 13.80s/it, Train loss=0.000136, Train acc=0, Test loss=0.703, Test acc=0.14]
 70%|██████▉   | 139/200 [31:55<13:56, 13.72s/it, Train loss=0.000136, Train acc=0, Test loss=0.703, Test acc=0.14]
 70%|██████▉   | 139/200 [32:09<13:56, 13.72s/it, Train loss=0.000134, Train acc=0, Test loss=0.699, Test acc=0.14]
 70%|███████   | 140/200 [32:09<13:39, 13.65s/it, Train loss=0.000134, Train acc=0, Test loss=0.699, Test acc=0.14]
 70%|███████   | 140/200 [32:23<13:39, 13.65s/it, Train loss=0.000131, Train acc=0, Test loss=0.703, Test acc=0.141]
 70%|███████   | 141/200 [32:23<13:30, 13.73s/it, Train loss=0.000131, Train acc=0, Test loss=0.703, Test acc=0.141]
 70%|███████   | 141/200 [32:36<13:30, 13.73s/it, Train loss=0.000132, Train acc=0, Test loss=0.699, Test acc=0.14] 
 71%|███████   | 142/200 [32:36<13:11, 13.65s/it, Train loss=0.000132, Train acc=0, Test loss=0.699, Test acc=0.14]
 71%|███████   | 142/200 [32:50<13:11, 13.65s/it, Train loss=0.000127, Train acc=0, Test loss=0.704, Test acc=0.141]
 72%|███████▏  | 143/200 [32:50<12:54, 13.59s/it, Train loss=0.000127, Train acc=0, Test loss=0.704, Test acc=0.141]
 72%|███████▏  | 143/200 [33:03<12:54, 13.59s/it, Train loss=0.000134, Train acc=0, Test loss=0.703, Test acc=0.141]
 72%|███████▏  | 144/200 [33:03<12:44, 13.66s/it, Train loss=0.000134, Train acc=0, Test loss=0.703, Test acc=0.141]
 72%|███████▏  | 144/200 [33:17<12:44, 13.66s/it, Train loss=0.000137, Train acc=0, Test loss=0.702, Test acc=0.141]
 72%|███████▎  | 145/200 [33:17<12:29, 13.63s/it, Train loss=0.000137, Train acc=0, Test loss=0.702, Test acc=0.141]
 72%|███████▎  | 145/200 [33:30<12:29, 13.63s/it, Train loss=0.000149, Train acc=2e-5, Test loss=0.698, Test acc=0.141]
 73%|███████▎  | 146/200 [33:30<12:14, 13.61s/it, Train loss=0.000149, Train acc=2e-5, Test loss=0.698, Test acc=0.141]
 73%|███████▎  | 146/200 [33:44<12:14, 13.61s/it, Train loss=0.000139, Train acc=0, Test loss=0.701, Test acc=0.141]   
 74%|███████▎  | 147/200 [33:44<12:02, 13.62s/it, Train loss=0.000139, Train acc=0, Test loss=0.701, Test acc=0.141]
 74%|███████▎  | 147/200 [33:58<12:02, 13.62s/it, Train loss=0.000123, Train acc=0, Test loss=0.697, Test acc=0.141]
 74%|███████▍  | 148/200 [33:58<11:46, 13.58s/it, Train loss=0.000123, Train acc=0, Test loss=0.697, Test acc=0.141]
 74%|███████▍  | 148/200 [34:11<11:46, 13.58s/it, Train loss=0.000128, Train acc=0, Test loss=0.705, Test acc=0.141]
 74%|███████▍  | 149/200 [34:11<11:31, 13.56s/it, Train loss=0.000128, Train acc=0, Test loss=0.705, Test acc=0.141]
 74%|███████▍  | 149/200 [34:25<11:31, 13.56s/it, Train loss=0.000124, Train acc=0, Test loss=0.703, Test acc=0.141]
 75%|███████▌  | 150/200 [34:25<11:17, 13.55s/it, Train loss=0.000124, Train acc=0, Test loss=0.703, Test acc=0.141]
 75%|███████▌  | 150/200 [34:38<11:17, 13.55s/it, Train loss=0.000126, Train acc=0, Test loss=0.705, Test acc=0.14] 
 76%|███████▌  | 151/200 [34:38<11:03, 13.55s/it, Train loss=0.000126, Train acc=0, Test loss=0.705, Test acc=0.14]
 76%|███████▌  | 151/200 [34:52<11:03, 13.55s/it, Train loss=0.000121, Train acc=0, Test loss=0.701, Test acc=0.141]
 76%|███████▌  | 152/200 [34:52<10:52, 13.59s/it, Train loss=0.000121, Train acc=0, Test loss=0.701, Test acc=0.141]
 76%|███████▌  | 152/200 [35:05<10:52, 13.59s/it, Train loss=0.000121, Train acc=0, Test loss=0.703, Test acc=0.14] 
 76%|███████▋  | 153/200 [35:05<10:37, 13.55s/it, Train loss=0.000121, Train acc=0, Test loss=0.703, Test acc=0.14]
 76%|███████▋  | 153/200 [35:19<10:37, 13.55s/it, Train loss=0.000124, Train acc=0, Test loss=0.704, Test acc=0.141]
 77%|███████▋  | 154/200 [35:19<10:22, 13.52s/it, Train loss=0.000124, Train acc=0, Test loss=0.704, Test acc=0.141]
 77%|███████▋  | 154/200 [35:32<10:22, 13.52s/it, Train loss=0.000124, Train acc=0, Test loss=0.703, Test acc=0.14] 
 78%|███████▊  | 155/200 [35:32<10:10, 13.56s/it, Train loss=0.000124, Train acc=0, Test loss=0.703, Test acc=0.14]
 78%|███████▊  | 155/200 [35:46<10:10, 13.56s/it, Train loss=0.00012, Train acc=0, Test loss=0.703, Test acc=0.14] 
 78%|███████▊  | 156/200 [35:46<09:56, 13.55s/it, Train loss=0.00012, Train acc=0, Test loss=0.703, Test acc=0.14]
 78%|███████▊  | 156/200 [36:00<09:56, 13.55s/it, Train loss=0.000122, Train acc=0, Test loss=0.705, Test acc=0.141]
 78%|███████▊  | 157/200 [36:00<09:42, 13.55s/it, Train loss=0.000122, Train acc=0, Test loss=0.705, Test acc=0.141]
 78%|███████▊  | 157/200 [36:13<09:42, 13.55s/it, Train loss=0.000116, Train acc=0, Test loss=0.704, Test acc=0.14] 
 79%|███████▉  | 158/200 [36:13<09:33, 13.65s/it, Train loss=0.000116, Train acc=0, Test loss=0.704, Test acc=0.14]
 79%|███████▉  | 158/200 [36:27<09:33, 13.65s/it, Train loss=0.000118, Train acc=0, Test loss=0.705, Test acc=0.141]
 80%|███████▉  | 159/200 [36:27<09:17, 13.59s/it, Train loss=0.000118, Train acc=0, Test loss=0.705, Test acc=0.141]
 80%|███████▉  | 159/200 [36:40<09:17, 13.59s/it, Train loss=0.000122, Train acc=0, Test loss=0.704, Test acc=0.142]
 80%|████████  | 160/200 [36:40<09:03, 13.58s/it, Train loss=0.000122, Train acc=0, Test loss=0.704, Test acc=0.142]
 80%|████████  | 160/200 [36:54<09:03, 13.58s/it, Train loss=0.00012, Train acc=0, Test loss=0.707, Test acc=0.142] 
 80%|████████  | 161/200 [36:54<08:51, 13.63s/it, Train loss=0.00012, Train acc=0, Test loss=0.707, Test acc=0.142]
 80%|████████  | 161/200 [37:08<08:51, 13.63s/it, Train loss=0.000122, Train acc=0, Test loss=0.708, Test acc=0.141]
 81%|████████  | 162/200 [37:08<08:40, 13.70s/it, Train loss=0.000122, Train acc=0, Test loss=0.708, Test acc=0.141]
 81%|████████  | 162/200 [37:22<08:40, 13.70s/it, Train loss=0.000115, Train acc=0, Test loss=0.707, Test acc=0.141]
 82%|████████▏ | 163/200 [37:22<08:27, 13.71s/it, Train loss=0.000115, Train acc=0, Test loss=0.707, Test acc=0.141]
 82%|████████▏ | 163/200 [37:37<08:27, 13.71s/it, Train loss=0.000119, Train acc=0, Test loss=0.704, Test acc=0.141]
 82%|████████▏ | 164/200 [37:37<08:25, 14.03s/it, Train loss=0.000119, Train acc=0, Test loss=0.704, Test acc=0.141]
 82%|████████▏ | 164/200 [37:51<08:25, 14.03s/it, Train loss=0.000119, Train acc=0, Test loss=0.708, Test acc=0.141]
 82%|████████▎ | 165/200 [37:51<08:19, 14.28s/it, Train loss=0.000119, Train acc=0, Test loss=0.708, Test acc=0.141]
 82%|████████▎ | 165/200 [38:05<08:19, 14.28s/it, Train loss=0.000115, Train acc=0, Test loss=0.707, Test acc=0.141]
 83%|████████▎ | 166/200 [38:05<07:58, 14.06s/it, Train loss=0.000115, Train acc=0, Test loss=0.707, Test acc=0.141]
 83%|████████▎ | 166/200 [38:19<07:58, 14.06s/it, Train loss=0.000117, Train acc=0, Test loss=0.706, Test acc=0.141]
 84%|████████▎ | 167/200 [38:19<07:41, 13.97s/it, Train loss=0.000117, Train acc=0, Test loss=0.706, Test acc=0.141]
 84%|████████▎ | 167/200 [38:32<07:41, 13.97s/it, Train loss=0.000118, Train acc=0, Test loss=0.704, Test acc=0.141]
 84%|████████▍ | 168/200 [38:32<07:23, 13.85s/it, Train loss=0.000118, Train acc=0, Test loss=0.704, Test acc=0.141]
 84%|████████▍ | 168/200 [38:46<07:23, 13.85s/it, Train loss=0.000128, Train acc=0, Test loss=0.704, Test acc=0.142]
 84%|████████▍ | 169/200 [38:46<07:05, 13.73s/it, Train loss=0.000128, Train acc=0, Test loss=0.704, Test acc=0.142]
 84%|████████▍ | 169/200 [38:59<07:05, 13.73s/it, Train loss=0.000119, Train acc=0, Test loss=0.707, Test acc=0.141]
 85%|████████▌ | 170/200 [38:59<06:51, 13.72s/it, Train loss=0.000119, Train acc=0, Test loss=0.707, Test acc=0.141]
 85%|████████▌ | 170/200 [39:14<06:51, 13.72s/it, Train loss=0.000118, Train acc=0, Test loss=0.709, Test acc=0.141]
 86%|████████▌ | 171/200 [39:14<06:42, 13.89s/it, Train loss=0.000118, Train acc=0, Test loss=0.709, Test acc=0.141]
 86%|████████▌ | 171/200 [39:29<06:42, 13.89s/it, Train loss=0.000121, Train acc=0, Test loss=0.71, Test acc=0.142] 
 86%|████████▌ | 172/200 [39:29<06:39, 14.26s/it, Train loss=0.000121, Train acc=0, Test loss=0.71, Test acc=0.142]
 86%|████████▌ | 172/200 [39:44<06:39, 14.26s/it, Train loss=0.000124, Train acc=0, Test loss=0.702, Test acc=0.141]
 86%|████████▋ | 173/200 [39:44<06:28, 14.38s/it, Train loss=0.000124, Train acc=0, Test loss=0.702, Test acc=0.141]
 86%|████████▋ | 173/200 [39:58<06:28, 14.38s/it, Train loss=0.000112, Train acc=0, Test loss=0.705, Test acc=0.14] 
 87%|████████▋ | 174/200 [39:58<06:15, 14.45s/it, Train loss=0.000112, Train acc=0, Test loss=0.705, Test acc=0.14]
 87%|████████▋ | 174/200 [40:12<06:15, 14.45s/it, Train loss=0.000124, Train acc=0, Test loss=0.701, Test acc=0.14]
 88%|████████▊ | 175/200 [40:12<05:57, 14.32s/it, Train loss=0.000124, Train acc=0, Test loss=0.701, Test acc=0.14]
 88%|████████▊ | 175/200 [40:27<05:57, 14.32s/it, Train loss=0.000121, Train acc=0, Test loss=0.703, Test acc=0.14]
 88%|████████▊ | 176/200 [40:27<05:44, 14.37s/it, Train loss=0.000121, Train acc=0, Test loss=0.703, Test acc=0.14]
 88%|████████▊ | 176/200 [40:41<05:44, 14.37s/it, Train loss=0.000117, Train acc=0, Test loss=0.71, Test acc=0.14] 
 88%|████████▊ | 177/200 [40:41<05:31, 14.42s/it, Train loss=0.000117, Train acc=0, Test loss=0.71, Test acc=0.14]
 88%|████████▊ | 177/200 [40:55<05:31, 14.42s/it, Train loss=0.000119, Train acc=0, Test loss=0.708, Test acc=0.141]
 89%|████████▉ | 178/200 [40:55<05:14, 14.30s/it, Train loss=0.000119, Train acc=0, Test loss=0.708, Test acc=0.141]
 89%|████████▉ | 178/200 [41:10<05:14, 14.30s/it, Train loss=0.000117, Train acc=0, Test loss=0.712, Test acc=0.141]
 90%|████████▉ | 179/200 [41:10<05:01, 14.37s/it, Train loss=0.000117, Train acc=0, Test loss=0.712, Test acc=0.141]
 90%|████████▉ | 179/200 [41:24<05:01, 14.37s/it, Train loss=0.000127, Train acc=0, Test loss=0.71, Test acc=0.142] 
 90%|█████████ | 180/200 [41:24<04:44, 14.25s/it, Train loss=0.000127, Train acc=0, Test loss=0.71, Test acc=0.142]
 90%|█████████ | 180/200 [41:38<04:44, 14.25s/it, Train loss=0.000124, Train acc=0, Test loss=0.708, Test acc=0.141]
 90%|█████████ | 181/200 [41:38<04:32, 14.33s/it, Train loss=0.000124, Train acc=0, Test loss=0.708, Test acc=0.141]
 90%|█████████ | 181/200 [41:53<04:32, 14.33s/it, Train loss=0.000119, Train acc=0, Test loss=0.707, Test acc=0.14] 
 91%|█████████ | 182/200 [41:53<04:18, 14.36s/it, Train loss=0.000119, Train acc=0, Test loss=0.707, Test acc=0.14]
 91%|█████████ | 182/200 [42:07<04:18, 14.36s/it, Train loss=0.00011, Train acc=0, Test loss=0.707, Test acc=0.14] 
 92%|█████████▏| 183/200 [42:07<04:06, 14.50s/it, Train loss=0.00011, Train acc=0, Test loss=0.707, Test acc=0.14]
 92%|█████████▏| 183/200 [42:22<04:06, 14.50s/it, Train loss=0.000125, Train acc=0, Test loss=0.704, Test acc=0.142]
 92%|█████████▏| 184/200 [42:22<03:52, 14.52s/it, Train loss=0.000125, Train acc=0, Test loss=0.704, Test acc=0.142]
 92%|█████████▏| 184/200 [42:36<03:52, 14.52s/it, Train loss=0.00012, Train acc=0, Test loss=0.708, Test acc=0.14]  
 92%|█████████▎| 185/200 [42:36<03:35, 14.34s/it, Train loss=0.00012, Train acc=0, Test loss=0.708, Test acc=0.14]
 92%|█████████▎| 185/200 [42:49<03:35, 14.34s/it, Train loss=0.000121, Train acc=0, Test loss=0.709, Test acc=0.141]
 93%|█████████▎| 186/200 [42:49<03:17, 14.09s/it, Train loss=0.000121, Train acc=0, Test loss=0.709, Test acc=0.141]
 93%|█████████▎| 186/200 [43:04<03:17, 14.09s/it, Train loss=0.00011, Train acc=0, Test loss=0.705, Test acc=0.141] 
 94%|█████████▎| 187/200 [43:04<03:06, 14.32s/it, Train loss=0.00011, Train acc=0, Test loss=0.705, Test acc=0.141]
 94%|█████████▎| 187/200 [43:19<03:06, 14.32s/it, Train loss=0.000119, Train acc=0, Test loss=0.702, Test acc=0.141]
 94%|█████████▍| 188/200 [43:19<02:53, 14.44s/it, Train loss=0.000119, Train acc=0, Test loss=0.702, Test acc=0.141]
 94%|█████████▍| 188/200 [43:33<02:53, 14.44s/it, Train loss=0.00012, Train acc=0, Test loss=0.708, Test acc=0.141] 
 94%|█████████▍| 189/200 [43:33<02:38, 14.37s/it, Train loss=0.00012, Train acc=0, Test loss=0.708, Test acc=0.141]
 94%|█████████▍| 189/200 [43:48<02:38, 14.37s/it, Train loss=0.000111, Train acc=0, Test loss=0.706, Test acc=0.141]
 95%|█████████▌| 190/200 [43:48<02:23, 14.39s/it, Train loss=0.000111, Train acc=0, Test loss=0.706, Test acc=0.141]
 95%|█████████▌| 190/200 [44:02<02:23, 14.39s/it, Train loss=0.000119, Train acc=0, Test loss=0.709, Test acc=0.142]
 96%|█████████▌| 191/200 [44:02<02:08, 14.31s/it, Train loss=0.000119, Train acc=0, Test loss=0.709, Test acc=0.142]
 96%|█████████▌| 191/200 [44:17<02:08, 14.31s/it, Train loss=0.000115, Train acc=0, Test loss=0.706, Test acc=0.141]
 96%|█████████▌| 192/200 [44:17<01:55, 14.43s/it, Train loss=0.000115, Train acc=0, Test loss=0.706, Test acc=0.141]
 96%|█████████▌| 192/200 [44:31<01:55, 14.43s/it, Train loss=0.000116, Train acc=0, Test loss=0.715, Test acc=0.141]
 96%|█████████▋| 193/200 [44:31<01:40, 14.37s/it, Train loss=0.000116, Train acc=0, Test loss=0.715, Test acc=0.141]
 96%|█████████▋| 193/200 [44:45<01:40, 14.37s/it, Train loss=0.000114, Train acc=0, Test loss=0.709, Test acc=0.142]
 97%|█████████▋| 194/200 [44:45<01:26, 14.36s/it, Train loss=0.000114, Train acc=0, Test loss=0.709, Test acc=0.142]
 97%|█████████▋| 194/200 [45:00<01:26, 14.36s/it, Train loss=0.000122, Train acc=0, Test loss=0.708, Test acc=0.14] 
 98%|█████████▊| 195/200 [45:00<01:12, 14.42s/it, Train loss=0.000122, Train acc=0, Test loss=0.708, Test acc=0.14]
 98%|█████████▊| 195/200 [45:13<01:12, 14.42s/it, Train loss=0.000111, Train acc=0, Test loss=0.711, Test acc=0.141]
 98%|█████████▊| 196/200 [45:13<00:56, 14.25s/it, Train loss=0.000111, Train acc=0, Test loss=0.711, Test acc=0.141]
 98%|█████████▊| 196/200 [45:27<00:56, 14.25s/it, Train loss=0.000115, Train acc=0, Test loss=0.712, Test acc=0.141]
 98%|█████████▊| 197/200 [45:27<00:42, 14.02s/it, Train loss=0.000115, Train acc=0, Test loss=0.712, Test acc=0.141]
 98%|█████████▊| 197/200 [45:41<00:42, 14.02s/it, Train loss=0.00012, Train acc=0, Test loss=0.703, Test acc=0.141] 
 99%|█████████▉| 198/200 [45:41<00:27, 13.95s/it, Train loss=0.00012, Train acc=0, Test loss=0.703, Test acc=0.141]
 99%|█████████▉| 198/200 [45:54<00:27, 13.95s/it, Train loss=0.000122, Train acc=0, Test loss=0.702, Test acc=0.14]
100%|█████████▉| 199/200 [45:54<00:13, 13.82s/it, Train loss=0.000122, Train acc=0, Test loss=0.702, Test acc=0.14]
100%|█████████▉| 199/200 [46:08<00:13, 13.82s/it, Train loss=0.000111, Train acc=0, Test loss=0.709, Test acc=0.142]
100%|██████████| 200/200 [46:08<00:00, 13.74s/it, Train loss=0.000111, Train acc=0, Test loss=0.709, Test acc=0.142]
100%|██████████| 200/200 [46:08<00:00, 13.84s/it, Train loss=0.000111, Train acc=0, Test loss=0.709, Test acc=0.142]
