Files already downloaded and verified
Files already downloaded and verified
load resnet18...

  0%|          | 0/200 [00:00<?, ?it/s]
  0%|          | 0/200 [00:15<?, ?it/s, Train loss=2, Train acc=0.728, Test loss=1.8, Test acc=0.684]
  0%|          | 1/200 [00:15<52:01, 15.69s/it, Train loss=2, Train acc=0.728, Test loss=1.8, Test acc=0.684]
  0%|          | 1/200 [00:30<52:01, 15.69s/it, Train loss=1.61, Train acc=0.607, Test loss=1.66, Test acc=0.628]
  1%|          | 2/200 [00:30<49:32, 15.01s/it, Train loss=1.61, Train acc=0.607, Test loss=1.66, Test acc=0.628]
  1%|          | 2/200 [00:44<49:32, 15.01s/it, Train loss=1.47, Train acc=0.553, Test loss=1.55, Test acc=0.568]
  2%|▏         | 3/200 [00:44<48:22, 14.73s/it, Train loss=1.47, Train acc=0.553, Test loss=1.55, Test acc=0.568]
  2%|▏         | 3/200 [00:59<48:22, 14.73s/it, Train loss=1.35, Train acc=0.499, Test loss=1.35, Test acc=0.512]
  2%|▏         | 4/200 [00:59<48:35, 14.87s/it, Train loss=1.35, Train acc=0.499, Test loss=1.35, Test acc=0.512]
  2%|▏         | 4/200 [01:12<48:35, 14.87s/it, Train loss=1.24, Train acc=0.453, Test loss=1.3, Test acc=0.478] 
  2%|▎         | 5/200 [01:12<46:26, 14.29s/it, Train loss=1.24, Train acc=0.453, Test loss=1.3, Test acc=0.478]
  2%|▎         | 5/200 [01:26<46:26, 14.29s/it, Train loss=1.15, Train acc=0.417, Test loss=1.39, Test acc=0.473]
  3%|▎         | 6/200 [01:26<45:06, 13.95s/it, Train loss=1.15, Train acc=0.417, Test loss=1.39, Test acc=0.473]
  3%|▎         | 6/200 [01:39<45:06, 13.95s/it, Train loss=1.06, Train acc=0.381, Test loss=1.09, Test acc=0.392]
  4%|▎         | 7/200 [01:39<44:31, 13.84s/it, Train loss=1.06, Train acc=0.381, Test loss=1.09, Test acc=0.392]
  4%|▎         | 7/200 [01:54<44:31, 13.84s/it, Train loss=0.974, Train acc=0.35, Test loss=1.19, Test acc=0.405]
  4%|▍         | 8/200 [01:54<44:37, 13.95s/it, Train loss=0.974, Train acc=0.35, Test loss=1.19, Test acc=0.405]
  4%|▍         | 8/200 [02:08<44:37, 13.95s/it, Train loss=0.913, Train acc=0.326, Test loss=0.973, Test acc=0.348]
  4%|▍         | 9/200 [02:08<44:33, 14.00s/it, Train loss=0.913, Train acc=0.326, Test loss=0.973, Test acc=0.348]
  4%|▍         | 9/200 [02:22<44:33, 14.00s/it, Train loss=0.858, Train acc=0.304, Test loss=1, Test acc=0.356]    
  5%|▌         | 10/200 [02:22<44:55, 14.19s/it, Train loss=0.858, Train acc=0.304, Test loss=1, Test acc=0.356]
  5%|▌         | 10/200 [02:36<44:55, 14.19s/it, Train loss=0.808, Train acc=0.286, Test loss=0.922, Test acc=0.314]
  6%|▌         | 11/200 [02:36<43:54, 13.94s/it, Train loss=0.808, Train acc=0.286, Test loss=0.922, Test acc=0.314]
  6%|▌         | 11/200 [02:49<43:54, 13.94s/it, Train loss=0.762, Train acc=0.271, Test loss=0.882, Test acc=0.314]
  6%|▌         | 12/200 [02:49<43:04, 13.75s/it, Train loss=0.762, Train acc=0.271, Test loss=0.882, Test acc=0.314]
  6%|▌         | 12/200 [03:04<43:04, 13.75s/it, Train loss=0.729, Train acc=0.258, Test loss=0.837, Test acc=0.296]
  6%|▋         | 13/200 [03:04<43:50, 14.06s/it, Train loss=0.729, Train acc=0.258, Test loss=0.837, Test acc=0.296]
  6%|▋         | 13/200 [03:17<43:50, 14.06s/it, Train loss=0.678, Train acc=0.24, Test loss=0.768, Test acc=0.267] 
  7%|▋         | 14/200 [03:17<42:55, 13.85s/it, Train loss=0.678, Train acc=0.24, Test loss=0.768, Test acc=0.267]
  7%|▋         | 14/200 [03:30<42:55, 13.85s/it, Train loss=0.65, Train acc=0.228, Test loss=0.748, Test acc=0.262]
  8%|▊         | 15/200 [03:30<42:07, 13.66s/it, Train loss=0.65, Train acc=0.228, Test loss=0.748, Test acc=0.262]
  8%|▊         | 15/200 [03:45<42:07, 13.66s/it, Train loss=0.619, Train acc=0.218, Test loss=0.736, Test acc=0.26]
  8%|▊         | 16/200 [03:45<43:07, 14.06s/it, Train loss=0.619, Train acc=0.218, Test loss=0.736, Test acc=0.26]
  8%|▊         | 16/200 [03:59<43:07, 14.06s/it, Train loss=0.578, Train acc=0.202, Test loss=0.796, Test acc=0.271]
  8%|▊         | 17/200 [03:59<42:11, 13.83s/it, Train loss=0.578, Train acc=0.202, Test loss=0.796, Test acc=0.271]
  8%|▊         | 17/200 [04:12<42:11, 13.83s/it, Train loss=0.57, Train acc=0.2, Test loss=0.76, Test acc=0.259]    
  9%|▉         | 18/200 [04:12<41:25, 13.66s/it, Train loss=0.57, Train acc=0.2, Test loss=0.76, Test acc=0.259]
  9%|▉         | 18/200 [04:27<41:25, 13.66s/it, Train loss=0.537, Train acc=0.186, Test loss=0.835, Test acc=0.272]
 10%|▉         | 19/200 [04:27<42:20, 14.04s/it, Train loss=0.537, Train acc=0.186, Test loss=0.835, Test acc=0.272]
 10%|▉         | 19/200 [04:42<42:20, 14.04s/it, Train loss=0.515, Train acc=0.18, Test loss=0.812, Test acc=0.269] 
 10%|█         | 20/200 [04:42<42:51, 14.28s/it, Train loss=0.515, Train acc=0.18, Test loss=0.812, Test acc=0.269]
 10%|█         | 20/200 [04:57<42:51, 14.28s/it, Train loss=0.493, Train acc=0.172, Test loss=0.707, Test acc=0.246]
 10%|█         | 21/200 [04:57<43:31, 14.59s/it, Train loss=0.493, Train acc=0.172, Test loss=0.707, Test acc=0.246]
 10%|█         | 21/200 [05:12<43:31, 14.59s/it, Train loss=0.47, Train acc=0.163, Test loss=0.697, Test acc=0.237] 
 11%|█         | 22/200 [05:12<43:30, 14.67s/it, Train loss=0.47, Train acc=0.163, Test loss=0.697, Test acc=0.237]
 11%|█         | 22/200 [05:25<43:30, 14.67s/it, Train loss=0.445, Train acc=0.152, Test loss=0.677, Test acc=0.224]
 12%|█▏        | 23/200 [05:25<42:15, 14.33s/it, Train loss=0.445, Train acc=0.152, Test loss=0.677, Test acc=0.224]
 12%|█▏        | 23/200 [05:40<42:15, 14.33s/it, Train loss=0.426, Train acc=0.146, Test loss=0.638, Test acc=0.219]
 12%|█▏        | 24/200 [05:40<42:14, 14.40s/it, Train loss=0.426, Train acc=0.146, Test loss=0.638, Test acc=0.219]
 12%|█▏        | 24/200 [05:54<42:14, 14.40s/it, Train loss=0.414, Train acc=0.144, Test loss=0.717, Test acc=0.237]
 12%|█▎        | 25/200 [05:54<42:08, 14.45s/it, Train loss=0.414, Train acc=0.144, Test loss=0.717, Test acc=0.237]
 12%|█▎        | 25/200 [06:09<42:08, 14.45s/it, Train loss=0.396, Train acc=0.136, Test loss=0.594, Test acc=0.2]  
 13%|█▎        | 26/200 [06:09<41:49, 14.42s/it, Train loss=0.396, Train acc=0.136, Test loss=0.594, Test acc=0.2]
 13%|█▎        | 26/200 [06:24<41:49, 14.42s/it, Train loss=0.376, Train acc=0.129, Test loss=0.688, Test acc=0.222]
 14%|█▎        | 27/200 [06:24<42:22, 14.69s/it, Train loss=0.376, Train acc=0.129, Test loss=0.688, Test acc=0.222]
 14%|█▎        | 27/200 [06:39<42:22, 14.69s/it, Train loss=0.359, Train acc=0.122, Test loss=0.689, Test acc=0.224]
 14%|█▍        | 28/200 [06:39<42:03, 14.67s/it, Train loss=0.359, Train acc=0.122, Test loss=0.689, Test acc=0.224]
 14%|█▍        | 28/200 [06:53<42:03, 14.67s/it, Train loss=0.344, Train acc=0.118, Test loss=0.676, Test acc=0.221]
 14%|█▍        | 29/200 [06:53<41:32, 14.58s/it, Train loss=0.344, Train acc=0.118, Test loss=0.676, Test acc=0.221]
 14%|█▍        | 29/200 [07:08<41:32, 14.58s/it, Train loss=0.332, Train acc=0.113, Test loss=0.6, Test acc=0.19]   
 15%|█▌        | 30/200 [07:08<41:07, 14.52s/it, Train loss=0.332, Train acc=0.113, Test loss=0.6, Test acc=0.19]
 15%|█▌        | 30/200 [07:22<41:07, 14.52s/it, Train loss=0.32, Train acc=0.108, Test loss=0.708, Test acc=0.223]
 16%|█▌        | 31/200 [07:22<41:05, 14.59s/it, Train loss=0.32, Train acc=0.108, Test loss=0.708, Test acc=0.223]
 16%|█▌        | 31/200 [07:38<41:05, 14.59s/it, Train loss=0.309, Train acc=0.104, Test loss=0.746, Test acc=0.226]
 16%|█▌        | 32/200 [07:38<41:37, 14.87s/it, Train loss=0.309, Train acc=0.104, Test loss=0.746, Test acc=0.226]
 16%|█▌        | 32/200 [07:52<41:37, 14.87s/it, Train loss=0.29, Train acc=0.0977, Test loss=0.707, Test acc=0.209]
 16%|█▋        | 33/200 [07:52<40:54, 14.70s/it, Train loss=0.29, Train acc=0.0977, Test loss=0.707, Test acc=0.209]
 16%|█▋        | 33/200 [08:06<40:54, 14.70s/it, Train loss=0.274, Train acc=0.0917, Test loss=0.614, Test acc=0.197]
 17%|█▋        | 34/200 [08:06<40:14, 14.54s/it, Train loss=0.274, Train acc=0.0917, Test loss=0.614, Test acc=0.197]
 17%|█▋        | 34/200 [08:22<40:14, 14.54s/it, Train loss=0.254, Train acc=0.0838, Test loss=0.636, Test acc=0.198]
 18%|█▊        | 35/200 [08:22<41:03, 14.93s/it, Train loss=0.254, Train acc=0.0838, Test loss=0.636, Test acc=0.198]
 18%|█▊        | 35/200 [08:36<41:03, 14.93s/it, Train loss=0.245, Train acc=0.0811, Test loss=0.596, Test acc=0.188]
 18%|█▊        | 36/200 [08:36<40:13, 14.72s/it, Train loss=0.245, Train acc=0.0811, Test loss=0.596, Test acc=0.188]
 18%|█▊        | 36/200 [08:51<40:13, 14.72s/it, Train loss=0.227, Train acc=0.0755, Test loss=0.598, Test acc=0.187]
 18%|█▊        | 37/200 [08:51<39:44, 14.63s/it, Train loss=0.227, Train acc=0.0755, Test loss=0.598, Test acc=0.187]
 18%|█▊        | 37/200 [09:06<39:44, 14.63s/it, Train loss=0.233, Train acc=0.0768, Test loss=0.647, Test acc=0.201]
 19%|█▉        | 38/200 [09:06<39:39, 14.69s/it, Train loss=0.233, Train acc=0.0768, Test loss=0.647, Test acc=0.201]
 19%|█▉        | 38/200 [09:20<39:39, 14.69s/it, Train loss=0.212, Train acc=0.0705, Test loss=0.615, Test acc=0.191]
 20%|█▉        | 39/200 [09:20<39:19, 14.66s/it, Train loss=0.212, Train acc=0.0705, Test loss=0.615, Test acc=0.191]
 20%|█▉        | 39/200 [09:36<39:19, 14.66s/it, Train loss=0.201, Train acc=0.0645, Test loss=0.635, Test acc=0.189]
 20%|██        | 40/200 [09:36<40:19, 15.12s/it, Train loss=0.201, Train acc=0.0645, Test loss=0.635, Test acc=0.189]
 20%|██        | 40/200 [09:52<40:19, 15.12s/it, Train loss=0.193, Train acc=0.0621, Test loss=0.585, Test acc=0.181]
 20%|██        | 41/200 [09:52<40:20, 15.22s/it, Train loss=0.193, Train acc=0.0621, Test loss=0.585, Test acc=0.181]
 20%|██        | 41/200 [10:07<40:20, 15.22s/it, Train loss=0.177, Train acc=0.0571, Test loss=0.631, Test acc=0.189]
 21%|██        | 42/200 [10:07<39:40, 15.07s/it, Train loss=0.177, Train acc=0.0571, Test loss=0.631, Test acc=0.189]
 21%|██        | 42/200 [10:21<39:40, 15.07s/it, Train loss=0.18, Train acc=0.058, Test loss=0.605, Test acc=0.181]  
 22%|██▏       | 43/200 [10:21<38:45, 14.81s/it, Train loss=0.18, Train acc=0.058, Test loss=0.605, Test acc=0.181]
 22%|██▏       | 43/200 [10:35<38:45, 14.81s/it, Train loss=0.165, Train acc=0.0526, Test loss=0.616, Test acc=0.18]
 22%|██▏       | 44/200 [10:35<38:17, 14.72s/it, Train loss=0.165, Train acc=0.0526, Test loss=0.616, Test acc=0.18]
 22%|██▏       | 44/200 [10:51<38:17, 14.72s/it, Train loss=0.158, Train acc=0.0509, Test loss=0.65, Test acc=0.19] 
 22%|██▎       | 45/200 [10:51<38:40, 14.97s/it, Train loss=0.158, Train acc=0.0509, Test loss=0.65, Test acc=0.19]
 22%|██▎       | 45/200 [11:05<38:40, 14.97s/it, Train loss=0.153, Train acc=0.0488, Test loss=0.59, Test acc=0.179]
 23%|██▎       | 46/200 [11:05<38:05, 14.84s/it, Train loss=0.153, Train acc=0.0488, Test loss=0.59, Test acc=0.179]
 23%|██▎       | 46/200 [11:19<38:05, 14.84s/it, Train loss=0.145, Train acc=0.0467, Test loss=0.731, Test acc=0.205]
 24%|██▎       | 47/200 [11:19<37:07, 14.56s/it, Train loss=0.145, Train acc=0.0467, Test loss=0.731, Test acc=0.205]
 24%|██▎       | 47/200 [11:33<37:07, 14.56s/it, Train loss=0.134, Train acc=0.0415, Test loss=0.596, Test acc=0.174]
 24%|██▍       | 48/200 [11:33<36:07, 14.26s/it, Train loss=0.134, Train acc=0.0415, Test loss=0.596, Test acc=0.174]
 24%|██▍       | 48/200 [11:46<36:07, 14.26s/it, Train loss=0.128, Train acc=0.0401, Test loss=0.675, Test acc=0.19] 
 24%|██▍       | 49/200 [11:46<35:19, 14.04s/it, Train loss=0.128, Train acc=0.0401, Test loss=0.675, Test acc=0.19]
 24%|██▍       | 49/200 [12:00<35:19, 14.04s/it, Train loss=0.124, Train acc=0.0383, Test loss=0.601, Test acc=0.174]
 25%|██▌       | 50/200 [12:00<34:37, 13.85s/it, Train loss=0.124, Train acc=0.0383, Test loss=0.601, Test acc=0.174]
 25%|██▌       | 50/200 [12:13<34:37, 13.85s/it, Train loss=0.114, Train acc=0.0351, Test loss=0.625, Test acc=0.174]
 26%|██▌       | 51/200 [12:13<34:00, 13.69s/it, Train loss=0.114, Train acc=0.0351, Test loss=0.625, Test acc=0.174]
 26%|██▌       | 51/200 [12:26<34:00, 13.69s/it, Train loss=0.11, Train acc=0.0334, Test loss=0.622, Test acc=0.171] 
 26%|██▌       | 52/200 [12:26<33:29, 13.58s/it, Train loss=0.11, Train acc=0.0334, Test loss=0.622, Test acc=0.171]
 26%|██▌       | 52/200 [12:40<33:29, 13.58s/it, Train loss=0.0995, Train acc=0.03, Test loss=0.625, Test acc=0.172]
 26%|██▋       | 53/200 [12:40<33:15, 13.58s/it, Train loss=0.0995, Train acc=0.03, Test loss=0.625, Test acc=0.172]
 26%|██▋       | 53/200 [12:53<33:15, 13.58s/it, Train loss=0.104, Train acc=0.0309, Test loss=0.631, Test acc=0.171]
 27%|██▋       | 54/200 [12:53<32:59, 13.56s/it, Train loss=0.104, Train acc=0.0309, Test loss=0.631, Test acc=0.171]
 27%|██▋       | 54/200 [13:07<32:59, 13.56s/it, Train loss=0.0934, Train acc=0.0279, Test loss=0.639, Test acc=0.167]
 28%|██▊       | 55/200 [13:07<32:41, 13.53s/it, Train loss=0.0934, Train acc=0.0279, Test loss=0.639, Test acc=0.167]
 28%|██▊       | 55/200 [13:20<32:41, 13.53s/it, Train loss=0.0944, Train acc=0.0278, Test loss=0.695, Test acc=0.18] 
 28%|██▊       | 56/200 [13:20<32:18, 13.46s/it, Train loss=0.0944, Train acc=0.0278, Test loss=0.695, Test acc=0.18]
 28%|██▊       | 56/200 [13:34<32:18, 13.46s/it, Train loss=0.0936, Train acc=0.0269, Test loss=0.659, Test acc=0.18]
 28%|██▊       | 57/200 [13:34<32:00, 13.43s/it, Train loss=0.0936, Train acc=0.0269, Test loss=0.659, Test acc=0.18]
 28%|██▊       | 57/200 [13:47<32:00, 13.43s/it, Train loss=0.0863, Train acc=0.0255, Test loss=0.67, Test acc=0.168]
 29%|██▉       | 58/200 [13:47<31:52, 13.47s/it, Train loss=0.0863, Train acc=0.0255, Test loss=0.67, Test acc=0.168]
 29%|██▉       | 58/200 [14:01<31:52, 13.47s/it, Train loss=0.084, Train acc=0.0242, Test loss=0.665, Test acc=0.169]
 30%|██▉       | 59/200 [14:01<31:57, 13.60s/it, Train loss=0.084, Train acc=0.0242, Test loss=0.665, Test acc=0.169]
 30%|██▉       | 59/200 [14:15<31:57, 13.60s/it, Train loss=0.0772, Train acc=0.0216, Test loss=0.672, Test acc=0.175]
 30%|███       | 60/200 [14:15<31:47, 13.63s/it, Train loss=0.0772, Train acc=0.0216, Test loss=0.672, Test acc=0.175]
 30%|███       | 60/200 [14:28<31:47, 13.63s/it, Train loss=0.0765, Train acc=0.0223, Test loss=0.646, Test acc=0.168]
 30%|███       | 61/200 [14:28<31:32, 13.61s/it, Train loss=0.0765, Train acc=0.0223, Test loss=0.646, Test acc=0.168]
 30%|███       | 61/200 [14:42<31:32, 13.61s/it, Train loss=0.0729, Train acc=0.0201, Test loss=0.656, Test acc=0.168]
 31%|███       | 62/200 [14:42<31:10, 13.56s/it, Train loss=0.0729, Train acc=0.0201, Test loss=0.656, Test acc=0.168]
 31%|███       | 62/200 [14:56<31:10, 13.56s/it, Train loss=0.0604, Train acc=0.0166, Test loss=0.643, Test acc=0.166]
 32%|███▏      | 63/200 [14:56<31:13, 13.67s/it, Train loss=0.0604, Train acc=0.0166, Test loss=0.643, Test acc=0.166]
 32%|███▏      | 63/200 [15:09<31:13, 13.67s/it, Train loss=0.0589, Train acc=0.0159, Test loss=0.612, Test acc=0.16] 
 32%|███▏      | 64/200 [15:09<30:53, 13.63s/it, Train loss=0.0589, Train acc=0.0159, Test loss=0.612, Test acc=0.16]
 32%|███▏      | 64/200 [15:24<30:53, 13.63s/it, Train loss=0.0524, Train acc=0.0143, Test loss=0.584, Test acc=0.155]
 32%|███▎      | 65/200 [15:24<31:06, 13.83s/it, Train loss=0.0524, Train acc=0.0143, Test loss=0.584, Test acc=0.155]
 32%|███▎      | 65/200 [15:37<31:06, 13.83s/it, Train loss=0.052, Train acc=0.0134, Test loss=0.638, Test acc=0.161] 
 33%|███▎      | 66/200 [15:37<30:41, 13.74s/it, Train loss=0.052, Train acc=0.0134, Test loss=0.638, Test acc=0.161]
 33%|███▎      | 66/200 [15:51<30:41, 13.74s/it, Train loss=0.0481, Train acc=0.0124, Test loss=0.649, Test acc=0.16]
 34%|███▎      | 67/200 [15:51<30:15, 13.65s/it, Train loss=0.0481, Train acc=0.0124, Test loss=0.649, Test acc=0.16]
 34%|███▎      | 67/200 [16:04<30:15, 13.65s/it, Train loss=0.0505, Train acc=0.013, Test loss=0.622, Test acc=0.16] 
 34%|███▍      | 68/200 [16:04<30:12, 13.73s/it, Train loss=0.0505, Train acc=0.013, Test loss=0.622, Test acc=0.16]
 34%|███▍      | 68/200 [16:19<30:12, 13.73s/it, Train loss=0.0439, Train acc=0.0108, Test loss=0.614, Test acc=0.156]
 34%|███▍      | 69/200 [16:19<30:12, 13.84s/it, Train loss=0.0439, Train acc=0.0108, Test loss=0.614, Test acc=0.156]
 34%|███▍      | 69/200 [16:33<30:12, 13.84s/it, Train loss=0.0423, Train acc=0.0111, Test loss=0.644, Test acc=0.159]
 35%|███▌      | 70/200 [16:33<30:15, 13.97s/it, Train loss=0.0423, Train acc=0.0111, Test loss=0.644, Test acc=0.159]
 35%|███▌      | 70/200 [16:47<30:15, 13.97s/it, Train loss=0.0408, Train acc=0.0099, Test loss=0.67, Test acc=0.165] 
 36%|███▌      | 71/200 [16:47<30:16, 14.08s/it, Train loss=0.0408, Train acc=0.0099, Test loss=0.67, Test acc=0.165]
 36%|███▌      | 71/200 [17:00<30:16, 14.08s/it, Train loss=0.0384, Train acc=0.00875, Test loss=0.649, Test acc=0.161]
 36%|███▌      | 72/200 [17:00<29:31, 13.84s/it, Train loss=0.0384, Train acc=0.00875, Test loss=0.649, Test acc=0.161]
 36%|███▌      | 72/200 [17:14<29:31, 13.84s/it, Train loss=0.0348, Train acc=0.00759, Test loss=0.592, Test acc=0.152]
 36%|███▋      | 73/200 [17:14<29:01, 13.71s/it, Train loss=0.0348, Train acc=0.00759, Test loss=0.592, Test acc=0.152]
 36%|███▋      | 73/200 [17:29<29:01, 13.71s/it, Train loss=0.028, Train acc=0.00609, Test loss=0.585, Test acc=0.151] 
 37%|███▋      | 74/200 [17:29<29:29, 14.04s/it, Train loss=0.028, Train acc=0.00609, Test loss=0.585, Test acc=0.151]
 37%|███▋      | 74/200 [17:42<29:29, 14.04s/it, Train loss=0.023, Train acc=0.00525, Test loss=0.616, Test acc=0.156]
 38%|███▊      | 75/200 [17:42<28:51, 13.85s/it, Train loss=0.023, Train acc=0.00525, Test loss=0.616, Test acc=0.156]
 38%|███▊      | 75/200 [17:55<28:51, 13.85s/it, Train loss=0.0206, Train acc=0.00448, Test loss=0.6, Test acc=0.146] 
 38%|███▊      | 76/200 [17:55<28:15, 13.68s/it, Train loss=0.0206, Train acc=0.00448, Test loss=0.6, Test acc=0.146]
 38%|███▊      | 76/200 [18:09<28:15, 13.68s/it, Train loss=0.0183, Train acc=0.00346, Test loss=0.598, Test acc=0.146]
 38%|███▊      | 77/200 [18:09<27:50, 13.58s/it, Train loss=0.0183, Train acc=0.00346, Test loss=0.598, Test acc=0.146]
 38%|███▊      | 77/200 [18:22<27:50, 13.58s/it, Train loss=0.0173, Train acc=0.00319, Test loss=0.616, Test acc=0.15] 
 39%|███▉      | 78/200 [18:22<27:28, 13.51s/it, Train loss=0.0173, Train acc=0.00319, Test loss=0.616, Test acc=0.15]
 39%|███▉      | 78/200 [18:35<27:28, 13.51s/it, Train loss=0.0163, Train acc=0.00294, Test loss=0.609, Test acc=0.147]
 40%|███▉      | 79/200 [18:35<27:13, 13.50s/it, Train loss=0.0163, Train acc=0.00294, Test loss=0.609, Test acc=0.147]
 40%|███▉      | 79/200 [18:49<27:13, 13.50s/it, Train loss=0.0142, Train acc=0.00253, Test loss=0.599, Test acc=0.144]
 40%|████      | 80/200 [18:49<26:59, 13.49s/it, Train loss=0.0142, Train acc=0.00253, Test loss=0.599, Test acc=0.144]
 40%|████      | 80/200 [19:02<26:59, 13.49s/it, Train loss=0.0117, Train acc=0.00211, Test loss=0.628, Test acc=0.152]
 40%|████      | 81/200 [19:02<26:40, 13.45s/it, Train loss=0.0117, Train acc=0.00211, Test loss=0.628, Test acc=0.152]
 40%|████      | 81/200 [19:16<26:40, 13.45s/it, Train loss=0.0104, Train acc=0.002, Test loss=0.614, Test acc=0.148]  
 41%|████      | 82/200 [19:16<26:37, 13.53s/it, Train loss=0.0104, Train acc=0.002, Test loss=0.614, Test acc=0.148]
 41%|████      | 82/200 [19:30<26:37, 13.53s/it, Train loss=0.00871, Train acc=0.00143, Test loss=0.61, Test acc=0.144]
 42%|████▏     | 83/200 [19:30<26:52, 13.78s/it, Train loss=0.00871, Train acc=0.00143, Test loss=0.61, Test acc=0.144]
 42%|████▏     | 83/200 [19:45<26:52, 13.78s/it, Train loss=0.00832, Train acc=0.0015, Test loss=0.61, Test acc=0.144] 
 42%|████▏     | 84/200 [19:45<26:57, 13.94s/it, Train loss=0.00832, Train acc=0.0015, Test loss=0.61, Test acc=0.144]
 42%|████▏     | 84/200 [19:59<26:57, 13.94s/it, Train loss=0.00752, Train acc=0.00111, Test loss=0.692, Test acc=0.156]
 42%|████▎     | 85/200 [19:59<26:54, 14.04s/it, Train loss=0.00752, Train acc=0.00111, Test loss=0.692, Test acc=0.156]
 42%|████▎     | 85/200 [20:12<26:54, 14.04s/it, Train loss=0.00814, Train acc=0.00128, Test loss=0.618, Test acc=0.141]
 43%|████▎     | 86/200 [20:12<26:14, 13.81s/it, Train loss=0.00814, Train acc=0.00128, Test loss=0.618, Test acc=0.141]
 43%|████▎     | 86/200 [20:26<26:14, 13.81s/it, Train loss=0.00756, Train acc=0.00142, Test loss=0.62, Test acc=0.147] 
 44%|████▎     | 87/200 [20:26<25:41, 13.65s/it, Train loss=0.00756, Train acc=0.00142, Test loss=0.62, Test acc=0.147]
 44%|████▎     | 87/200 [20:39<25:41, 13.65s/it, Train loss=0.0071, Train acc=0.00108, Test loss=0.623, Test acc=0.142]
 44%|████▍     | 88/200 [20:39<25:35, 13.71s/it, Train loss=0.0071, Train acc=0.00108, Test loss=0.623, Test acc=0.142]
 44%|████▍     | 88/200 [20:54<25:35, 13.71s/it, Train loss=0.00675, Train acc=0.000959, Test loss=0.618, Test acc=0.144]
 44%|████▍     | 89/200 [20:54<25:47, 13.94s/it, Train loss=0.00675, Train acc=0.000959, Test loss=0.618, Test acc=0.144]
 44%|████▍     | 89/200 [21:08<25:47, 13.94s/it, Train loss=0.00506, Train acc=0.000879, Test loss=0.624, Test acc=0.146]
 45%|████▌     | 90/200 [21:08<25:55, 14.14s/it, Train loss=0.00506, Train acc=0.000879, Test loss=0.624, Test acc=0.146]
 45%|████▌     | 90/200 [21:22<25:55, 14.14s/it, Train loss=0.00418, Train acc=0.000619, Test loss=0.621, Test acc=0.141]
 46%|████▌     | 91/200 [21:22<25:19, 13.94s/it, Train loss=0.00418, Train acc=0.000619, Test loss=0.621, Test acc=0.141]
 46%|████▌     | 91/200 [21:35<25:19, 13.94s/it, Train loss=0.00335, Train acc=0.00046, Test loss=0.626, Test acc=0.14]  
 46%|████▌     | 92/200 [21:35<24:43, 13.74s/it, Train loss=0.00335, Train acc=0.00046, Test loss=0.626, Test acc=0.14]
 46%|████▌     | 92/200 [21:49<24:43, 13.74s/it, Train loss=0.00297, Train acc=0.00036, Test loss=0.627, Test acc=0.142]
 46%|████▋     | 93/200 [21:49<24:18, 13.63s/it, Train loss=0.00297, Train acc=0.00036, Test loss=0.627, Test acc=0.142]
 46%|████▋     | 93/200 [22:02<24:18, 13.63s/it, Train loss=0.00282, Train acc=0.00026, Test loss=0.639, Test acc=0.142]
 47%|████▋     | 94/200 [22:02<24:01, 13.60s/it, Train loss=0.00282, Train acc=0.00026, Test loss=0.639, Test acc=0.142]
 47%|████▋     | 94/200 [22:16<24:01, 13.60s/it, Train loss=0.0022, Train acc=0.00022, Test loss=0.632, Test acc=0.142] 
 48%|████▊     | 95/200 [22:16<23:58, 13.70s/it, Train loss=0.0022, Train acc=0.00022, Test loss=0.632, Test acc=0.142]
 48%|████▊     | 95/200 [22:30<23:58, 13.70s/it, Train loss=0.00195, Train acc=0.0002, Test loss=0.633, Test acc=0.139]
 48%|████▊     | 96/200 [22:30<23:37, 13.63s/it, Train loss=0.00195, Train acc=0.0002, Test loss=0.633, Test acc=0.139]
 48%|████▊     | 96/200 [22:43<23:37, 13.63s/it, Train loss=0.00241, Train acc=0.00034, Test loss=0.648, Test acc=0.141]
 48%|████▊     | 97/200 [22:43<23:12, 13.52s/it, Train loss=0.00241, Train acc=0.00034, Test loss=0.648, Test acc=0.141]
 48%|████▊     | 97/200 [22:57<23:12, 13.52s/it, Train loss=0.00272, Train acc=0.0004, Test loss=0.64, Test acc=0.142]  
 49%|████▉     | 98/200 [22:57<23:05, 13.58s/it, Train loss=0.00272, Train acc=0.0004, Test loss=0.64, Test acc=0.142]
 49%|████▉     | 98/200 [23:10<23:05, 13.58s/it, Train loss=0.00226, Train acc=0.00026, Test loss=0.65, Test acc=0.142]
 50%|████▉     | 99/200 [23:10<22:46, 13.53s/it, Train loss=0.00226, Train acc=0.00026, Test loss=0.65, Test acc=0.142]
 50%|████▉     | 99/200 [23:23<22:46, 13.53s/it, Train loss=0.00239, Train acc=0.00032, Test loss=0.653, Test acc=0.143]
 50%|█████     | 100/200 [23:23<22:30, 13.50s/it, Train loss=0.00239, Train acc=0.00032, Test loss=0.653, Test acc=0.143]
 50%|█████     | 100/200 [23:37<22:30, 13.50s/it, Train loss=0.00219, Train acc=0.00024, Test loss=0.629, Test acc=0.14] 
 50%|█████     | 101/200 [23:37<22:20, 13.54s/it, Train loss=0.00219, Train acc=0.00024, Test loss=0.629, Test acc=0.14]
 50%|█████     | 101/200 [23:50<22:20, 13.54s/it, Train loss=0.0016, Train acc=0.00026, Test loss=0.628, Test acc=0.139]
 51%|█████     | 102/200 [23:50<22:00, 13.47s/it, Train loss=0.0016, Train acc=0.00026, Test loss=0.628, Test acc=0.139]
 51%|█████     | 102/200 [24:04<22:00, 13.47s/it, Train loss=0.00115, Train acc=0.00018, Test loss=0.637, Test acc=0.139]
 52%|█████▏    | 103/200 [24:04<21:45, 13.45s/it, Train loss=0.00115, Train acc=0.00018, Test loss=0.637, Test acc=0.139]
 52%|█████▏    | 103/200 [24:17<21:45, 13.45s/it, Train loss=0.00138, Train acc=0.00012, Test loss=0.641, Test acc=0.14] 
 52%|█████▏    | 104/200 [24:17<21:35, 13.49s/it, Train loss=0.00138, Train acc=0.00012, Test loss=0.641, Test acc=0.14]
 52%|█████▏    | 104/200 [24:31<21:35, 13.49s/it, Train loss=0.00105, Train acc=0.00014, Test loss=0.645, Test acc=0.139]
 52%|█████▎    | 105/200 [24:31<21:20, 13.48s/it, Train loss=0.00105, Train acc=0.00014, Test loss=0.645, Test acc=0.139]
 52%|█████▎    | 105/200 [24:45<21:20, 13.48s/it, Train loss=0.00101, Train acc=9.99e-5, Test loss=0.651, Test acc=0.141]
 53%|█████▎    | 106/200 [24:45<21:24, 13.66s/it, Train loss=0.00101, Train acc=9.99e-5, Test loss=0.651, Test acc=0.141]
 53%|█████▎    | 106/200 [24:58<21:24, 13.66s/it, Train loss=0.00122, Train acc=0.00014, Test loss=0.643, Test acc=0.141]
 54%|█████▎    | 107/200 [24:58<21:01, 13.56s/it, Train loss=0.00122, Train acc=0.00014, Test loss=0.643, Test acc=0.141]
 54%|█████▎    | 107/200 [25:12<21:01, 13.56s/it, Train loss=0.00074, Train acc=7.99e-5, Test loss=0.649, Test acc=0.141]
 54%|█████▍    | 108/200 [25:12<20:42, 13.50s/it, Train loss=0.00074, Train acc=7.99e-5, Test loss=0.649, Test acc=0.141]
 54%|█████▍    | 108/200 [25:25<20:42, 13.50s/it, Train loss=0.000681, Train acc=7.99e-5, Test loss=0.65, Test acc=0.138]
 55%|█████▍    | 109/200 [25:25<20:30, 13.52s/it, Train loss=0.000681, Train acc=7.99e-5, Test loss=0.65, Test acc=0.138]
 55%|█████▍    | 109/200 [25:39<20:30, 13.52s/it, Train loss=0.000601, Train acc=5.99e-5, Test loss=0.651, Test acc=0.138]
 55%|█████▌    | 110/200 [25:39<20:15, 13.50s/it, Train loss=0.000601, Train acc=5.99e-5, Test loss=0.651, Test acc=0.138]
 55%|█████▌    | 110/200 [25:52<20:15, 13.50s/it, Train loss=0.000701, Train acc=9.99e-5, Test loss=0.653, Test acc=0.14] 
 56%|█████▌    | 111/200 [25:52<19:58, 13.47s/it, Train loss=0.000701, Train acc=9.99e-5, Test loss=0.653, Test acc=0.14]
 56%|█████▌    | 111/200 [26:06<19:58, 13.47s/it, Train loss=0.000633, Train acc=7.99e-5, Test loss=0.644, Test acc=0.139]
 56%|█████▌    | 112/200 [26:06<19:49, 13.52s/it, Train loss=0.000633, Train acc=7.99e-5, Test loss=0.644, Test acc=0.139]
 56%|█████▌    | 112/200 [26:20<19:49, 13.52s/it, Train loss=0.000518, Train acc=0, Test loss=0.646, Test acc=0.138]      
 56%|█████▋    | 113/200 [26:20<20:06, 13.87s/it, Train loss=0.000518, Train acc=0, Test loss=0.646, Test acc=0.138]
 56%|█████▋    | 113/200 [26:34<20:06, 13.87s/it, Train loss=0.000547, Train acc=2e-5, Test loss=0.646, Test acc=0.14]
 57%|█████▋    | 114/200 [26:34<19:43, 13.76s/it, Train loss=0.000547, Train acc=2e-5, Test loss=0.646, Test acc=0.14]
 57%|█████▋    | 114/200 [26:47<19:43, 13.76s/it, Train loss=0.000434, Train acc=0, Test loss=0.65, Test acc=0.138]   
 57%|█████▊    | 115/200 [26:47<19:28, 13.75s/it, Train loss=0.000434, Train acc=0, Test loss=0.65, Test acc=0.138]
 57%|█████▊    | 115/200 [27:01<19:28, 13.75s/it, Train loss=0.000562, Train acc=5.99e-5, Test loss=0.651, Test acc=0.139]
 58%|█████▊    | 116/200 [27:01<19:06, 13.65s/it, Train loss=0.000562, Train acc=5.99e-5, Test loss=0.651, Test acc=0.139]
 58%|█████▊    | 116/200 [27:14<19:06, 13.65s/it, Train loss=0.000439, Train acc=2e-5, Test loss=0.652, Test acc=0.139]   
 58%|█████▊    | 117/200 [27:14<18:45, 13.56s/it, Train loss=0.000439, Train acc=2e-5, Test loss=0.652, Test acc=0.139]
 58%|█████▊    | 117/200 [27:28<18:45, 13.56s/it, Train loss=0.00042, Train acc=2e-5, Test loss=0.65, Test acc=0.138]  
 59%|█████▉    | 118/200 [27:28<18:44, 13.71s/it, Train loss=0.00042, Train acc=2e-5, Test loss=0.65, Test acc=0.138]
 59%|█████▉    | 118/200 [27:43<18:44, 13.71s/it, Train loss=0.000507, Train acc=7.99e-5, Test loss=0.653, Test acc=0.139]
 60%|█████▉    | 119/200 [27:43<18:49, 13.95s/it, Train loss=0.000507, Train acc=7.99e-5, Test loss=0.653, Test acc=0.139]
 60%|█████▉    | 119/200 [27:56<18:49, 13.95s/it, Train loss=0.000411, Train acc=0, Test loss=0.659, Test acc=0.139]      
 60%|██████    | 120/200 [27:56<18:27, 13.84s/it, Train loss=0.000411, Train acc=0, Test loss=0.659, Test acc=0.139]
 60%|██████    | 120/200 [28:10<18:27, 13.84s/it, Train loss=0.000356, Train acc=0, Test loss=0.659, Test acc=0.138]
 60%|██████    | 121/200 [28:10<18:05, 13.75s/it, Train loss=0.000356, Train acc=0, Test loss=0.659, Test acc=0.138]
 60%|██████    | 121/200 [28:23<18:05, 13.75s/it, Train loss=0.00035, Train acc=0, Test loss=0.664, Test acc=0.138] 
 61%|██████    | 122/200 [28:23<17:43, 13.63s/it, Train loss=0.00035, Train acc=0, Test loss=0.664, Test acc=0.138]
 61%|██████    | 122/200 [28:37<17:43, 13.63s/it, Train loss=0.000337, Train acc=0, Test loss=0.659, Test acc=0.139]
 62%|██████▏   | 123/200 [28:37<17:24, 13.57s/it, Train loss=0.000337, Train acc=0, Test loss=0.659, Test acc=0.139]
 62%|██████▏   | 123/200 [28:50<17:24, 13.57s/it, Train loss=0.000331, Train acc=0, Test loss=0.664, Test acc=0.139]
 62%|██████▏   | 124/200 [28:50<17:09, 13.55s/it, Train loss=0.000331, Train acc=0, Test loss=0.664, Test acc=0.139]
 62%|██████▏   | 124/200 [29:04<17:09, 13.55s/it, Train loss=0.000358, Train acc=2e-5, Test loss=0.67, Test acc=0.138]
 62%|██████▎   | 125/200 [29:04<16:54, 13.53s/it, Train loss=0.000358, Train acc=2e-5, Test loss=0.67, Test acc=0.138]
 62%|██████▎   | 125/200 [29:17<16:54, 13.53s/it, Train loss=0.000353, Train acc=2e-5, Test loss=0.661, Test acc=0.137]
 63%|██████▎   | 126/200 [29:17<16:41, 13.53s/it, Train loss=0.000353, Train acc=2e-5, Test loss=0.661, Test acc=0.137]
 63%|██████▎   | 126/200 [29:31<16:41, 13.53s/it, Train loss=0.000348, Train acc=2e-5, Test loss=0.666, Test acc=0.139]
 64%|██████▎   | 127/200 [29:31<16:23, 13.48s/it, Train loss=0.000348, Train acc=2e-5, Test loss=0.666, Test acc=0.139]
 64%|██████▎   | 127/200 [29:44<16:23, 13.48s/it, Train loss=0.000335, Train acc=2e-5, Test loss=0.666, Test acc=0.139]
 64%|██████▍   | 128/200 [29:44<16:08, 13.45s/it, Train loss=0.000335, Train acc=2e-5, Test loss=0.666, Test acc=0.139]
 64%|██████▍   | 128/200 [29:58<16:08, 13.45s/it, Train loss=0.000316, Train acc=0, Test loss=0.672, Test acc=0.138]   
 64%|██████▍   | 129/200 [29:58<15:57, 13.49s/it, Train loss=0.000316, Train acc=0, Test loss=0.672, Test acc=0.138]
 64%|██████▍   | 129/200 [30:11<15:57, 13.49s/it, Train loss=0.000325, Train acc=0, Test loss=0.671, Test acc=0.138]
 65%|██████▌   | 130/200 [30:11<15:43, 13.48s/it, Train loss=0.000325, Train acc=0, Test loss=0.671, Test acc=0.138]
 65%|██████▌   | 130/200 [30:24<15:43, 13.48s/it, Train loss=0.000294, Train acc=0, Test loss=0.668, Test acc=0.138]
 66%|██████▌   | 131/200 [30:24<15:30, 13.49s/it, Train loss=0.000294, Train acc=0, Test loss=0.668, Test acc=0.138]
 66%|██████▌   | 131/200 [30:38<15:30, 13.49s/it, Train loss=0.00033, Train acc=4e-5, Test loss=0.671, Test acc=0.138]
 66%|██████▌   | 132/200 [30:38<15:17, 13.49s/it, Train loss=0.00033, Train acc=4e-5, Test loss=0.671, Test acc=0.138]
 66%|██████▌   | 132/200 [30:51<15:17, 13.49s/it, Train loss=0.000325, Train acc=2e-5, Test loss=0.672, Test acc=0.138]
 66%|██████▋   | 133/200 [30:51<15:01, 13.46s/it, Train loss=0.000325, Train acc=2e-5, Test loss=0.672, Test acc=0.138]
 66%|██████▋   | 133/200 [31:05<15:01, 13.46s/it, Train loss=0.00028, Train acc=0, Test loss=0.674, Test acc=0.139]    
 67%|██████▋   | 134/200 [31:05<14:48, 13.46s/it, Train loss=0.00028, Train acc=0, Test loss=0.674, Test acc=0.139]
 67%|██████▋   | 134/200 [31:19<14:48, 13.46s/it, Train loss=0.000272, Train acc=0, Test loss=0.671, Test acc=0.138]
 68%|██████▊   | 135/200 [31:19<14:50, 13.71s/it, Train loss=0.000272, Train acc=0, Test loss=0.671, Test acc=0.138]
 68%|██████▊   | 135/200 [31:33<14:50, 13.71s/it, Train loss=0.000269, Train acc=0, Test loss=0.673, Test acc=0.138]
 68%|██████▊   | 136/200 [31:33<14:46, 13.84s/it, Train loss=0.000269, Train acc=0, Test loss=0.673, Test acc=0.138]
 68%|██████▊   | 136/200 [31:48<14:46, 13.84s/it, Train loss=0.000312, Train acc=4e-5, Test loss=0.678, Test acc=0.137]
 68%|██████▊   | 137/200 [31:48<14:40, 13.97s/it, Train loss=0.000312, Train acc=4e-5, Test loss=0.678, Test acc=0.137]
 68%|██████▊   | 137/200 [32:01<14:40, 13.97s/it, Train loss=0.000301, Train acc=2e-5, Test loss=0.676, Test acc=0.138]
 69%|██████▉   | 138/200 [32:01<14:18, 13.84s/it, Train loss=0.000301, Train acc=2e-5, Test loss=0.676, Test acc=0.138]
 69%|██████▉   | 138/200 [32:15<14:18, 13.84s/it, Train loss=0.000279, Train acc=2e-5, Test loss=0.674, Test acc=0.138]
 70%|██████▉   | 139/200 [32:15<13:57, 13.73s/it, Train loss=0.000279, Train acc=2e-5, Test loss=0.674, Test acc=0.138]
 70%|██████▉   | 139/200 [32:28<13:57, 13.73s/it, Train loss=0.000278, Train acc=2e-5, Test loss=0.671, Test acc=0.138]
 70%|███████   | 140/200 [32:28<13:46, 13.77s/it, Train loss=0.000278, Train acc=2e-5, Test loss=0.671, Test acc=0.138]
 70%|███████   | 140/200 [32:42<13:46, 13.77s/it, Train loss=0.000265, Train acc=0, Test loss=0.674, Test acc=0.137]   
 70%|███████   | 141/200 [32:42<13:32, 13.78s/it, Train loss=0.000265, Train acc=0, Test loss=0.674, Test acc=0.137]
 70%|███████   | 141/200 [32:56<13:32, 13.78s/it, Train loss=0.000256, Train acc=0, Test loss=0.674, Test acc=0.137]
 71%|███████   | 142/200 [32:56<13:12, 13.67s/it, Train loss=0.000256, Train acc=0, Test loss=0.674, Test acc=0.137]
 71%|███████   | 142/200 [33:10<13:12, 13.67s/it, Train loss=0.000267, Train acc=2e-5, Test loss=0.677, Test acc=0.138]
 72%|███████▏  | 143/200 [33:10<13:07, 13.81s/it, Train loss=0.000267, Train acc=2e-5, Test loss=0.677, Test acc=0.138]
 72%|███████▏  | 143/200 [33:23<13:07, 13.81s/it, Train loss=0.000269, Train acc=0, Test loss=0.675, Test acc=0.138]   
 72%|███████▏  | 144/200 [33:23<12:47, 13.70s/it, Train loss=0.000269, Train acc=0, Test loss=0.675, Test acc=0.138]
 72%|███████▏  | 144/200 [33:37<12:47, 13.70s/it, Train loss=0.000276, Train acc=0, Test loss=0.674, Test acc=0.137]
 72%|███████▎  | 145/200 [33:37<12:30, 13.64s/it, Train loss=0.000276, Train acc=0, Test loss=0.674, Test acc=0.137]
 72%|███████▎  | 145/200 [33:51<12:30, 13.64s/it, Train loss=0.000289, Train acc=2e-5, Test loss=0.672, Test acc=0.137]
 73%|███████▎  | 146/200 [33:51<12:26, 13.83s/it, Train loss=0.000289, Train acc=2e-5, Test loss=0.672, Test acc=0.137]
 73%|███████▎  | 146/200 [34:05<12:26, 13.83s/it, Train loss=0.000271, Train acc=0, Test loss=0.675, Test acc=0.138]   
 74%|███████▎  | 147/200 [34:05<12:20, 13.97s/it, Train loss=0.000271, Train acc=0, Test loss=0.675, Test acc=0.138]
 74%|███████▎  | 147/200 [34:20<12:20, 13.97s/it, Train loss=0.000238, Train acc=0, Test loss=0.671, Test acc=0.138]
 74%|███████▍  | 148/200 [34:20<12:12, 14.08s/it, Train loss=0.000238, Train acc=0, Test loss=0.671, Test acc=0.138]
 74%|███████▍  | 148/200 [34:35<12:12, 14.08s/it, Train loss=0.000243, Train acc=0, Test loss=0.679, Test acc=0.139]
 74%|███████▍  | 149/200 [34:35<12:13, 14.38s/it, Train loss=0.000243, Train acc=0, Test loss=0.679, Test acc=0.139]
 74%|███████▍  | 149/200 [34:49<12:13, 14.38s/it, Train loss=0.000226, Train acc=0, Test loss=0.675, Test acc=0.138]
 75%|███████▌  | 150/200 [34:49<12:02, 14.45s/it, Train loss=0.000226, Train acc=0, Test loss=0.675, Test acc=0.138]
 75%|███████▌  | 150/200 [35:04<12:02, 14.45s/it, Train loss=0.000238, Train acc=0, Test loss=0.678, Test acc=0.137]
 76%|███████▌  | 151/200 [35:04<11:44, 14.38s/it, Train loss=0.000238, Train acc=0, Test loss=0.678, Test acc=0.137]
 76%|███████▌  | 151/200 [35:17<11:44, 14.38s/it, Train loss=0.00023, Train acc=0, Test loss=0.675, Test acc=0.138] 
 76%|███████▌  | 152/200 [35:17<11:19, 14.15s/it, Train loss=0.00023, Train acc=0, Test loss=0.675, Test acc=0.138]
 76%|███████▌  | 152/200 [35:31<11:19, 14.15s/it, Train loss=0.00026, Train acc=2e-5, Test loss=0.676, Test acc=0.138]
 76%|███████▋  | 153/200 [35:31<10:54, 13.93s/it, Train loss=0.00026, Train acc=2e-5, Test loss=0.676, Test acc=0.138]
 76%|███████▋  | 153/200 [35:44<10:54, 13.93s/it, Train loss=0.000262, Train acc=0, Test loss=0.677, Test acc=0.138]  
 77%|███████▋  | 154/200 [35:44<10:34, 13.79s/it, Train loss=0.000262, Train acc=0, Test loss=0.677, Test acc=0.138]
 77%|███████▋  | 154/200 [35:58<10:34, 13.79s/it, Train loss=0.000241, Train acc=0, Test loss=0.676, Test acc=0.138]
 78%|███████▊  | 155/200 [35:58<10:17, 13.73s/it, Train loss=0.000241, Train acc=0, Test loss=0.676, Test acc=0.138]
 78%|███████▊  | 155/200 [36:11<10:17, 13.73s/it, Train loss=0.000242, Train acc=2e-5, Test loss=0.677, Test acc=0.137]
 78%|███████▊  | 156/200 [36:11<10:00, 13.64s/it, Train loss=0.000242, Train acc=2e-5, Test loss=0.677, Test acc=0.137]
 78%|███████▊  | 156/200 [36:24<10:00, 13.64s/it, Train loss=0.000246, Train acc=0, Test loss=0.677, Test acc=0.138]   
 78%|███████▊  | 157/200 [36:24<09:43, 13.57s/it, Train loss=0.000246, Train acc=0, Test loss=0.677, Test acc=0.138]
 78%|███████▊  | 157/200 [36:38<09:43, 13.57s/it, Train loss=0.000236, Train acc=0, Test loss=0.677, Test acc=0.139]
 79%|███████▉  | 158/200 [36:38<09:29, 13.56s/it, Train loss=0.000236, Train acc=0, Test loss=0.677, Test acc=0.139]
 79%|███████▉  | 158/200 [36:51<09:29, 13.56s/it, Train loss=0.00025, Train acc=0, Test loss=0.678, Test acc=0.137] 
 80%|███████▉  | 159/200 [36:51<09:14, 13.53s/it, Train loss=0.00025, Train acc=0, Test loss=0.678, Test acc=0.137]
 80%|███████▉  | 159/200 [37:05<09:14, 13.53s/it, Train loss=0.000256, Train acc=2e-5, Test loss=0.68, Test acc=0.138]
 80%|████████  | 160/200 [37:05<09:00, 13.52s/it, Train loss=0.000256, Train acc=2e-5, Test loss=0.68, Test acc=0.138]
 80%|████████  | 160/200 [37:19<09:00, 13.52s/it, Train loss=0.000233, Train acc=0, Test loss=0.683, Test acc=0.14]   
 80%|████████  | 161/200 [37:19<08:52, 13.66s/it, Train loss=0.000233, Train acc=0, Test loss=0.683, Test acc=0.14]
 80%|████████  | 161/200 [37:32<08:52, 13.66s/it, Train loss=0.000246, Train acc=0, Test loss=0.68, Test acc=0.138]
 81%|████████  | 162/200 [37:32<08:35, 13.58s/it, Train loss=0.000246, Train acc=0, Test loss=0.68, Test acc=0.138]
 81%|████████  | 162/200 [37:46<08:35, 13.58s/it, Train loss=0.000217, Train acc=0, Test loss=0.679, Test acc=0.137]
 82%|████████▏ | 163/200 [37:46<08:24, 13.63s/it, Train loss=0.000217, Train acc=0, Test loss=0.679, Test acc=0.137]
 82%|████████▏ | 163/200 [38:00<08:24, 13.63s/it, Train loss=0.000236, Train acc=0, Test loss=0.679, Test acc=0.138]
 82%|████████▏ | 164/200 [38:00<08:16, 13.80s/it, Train loss=0.000236, Train acc=0, Test loss=0.679, Test acc=0.138]
 82%|████████▏ | 164/200 [38:15<08:16, 13.80s/it, Train loss=0.000229, Train acc=0, Test loss=0.684, Test acc=0.139]
 82%|████████▎ | 165/200 [38:15<08:12, 14.06s/it, Train loss=0.000229, Train acc=0, Test loss=0.684, Test acc=0.139]
 82%|████████▎ | 165/200 [38:30<08:12, 14.06s/it, Train loss=0.000217, Train acc=0, Test loss=0.683, Test acc=0.138]
 83%|████████▎ | 166/200 [38:30<08:07, 14.34s/it, Train loss=0.000217, Train acc=0, Test loss=0.683, Test acc=0.138]
 83%|████████▎ | 166/200 [38:43<08:07, 14.34s/it, Train loss=0.000227, Train acc=0, Test loss=0.682, Test acc=0.139]
 84%|████████▎ | 167/200 [38:43<07:44, 14.09s/it, Train loss=0.000227, Train acc=0, Test loss=0.682, Test acc=0.139]
 84%|████████▎ | 167/200 [38:57<07:44, 14.09s/it, Train loss=0.00022, Train acc=0, Test loss=0.679, Test acc=0.137] 
 84%|████████▍ | 168/200 [38:57<07:24, 13.89s/it, Train loss=0.00022, Train acc=0, Test loss=0.679, Test acc=0.137]
 84%|████████▍ | 168/200 [39:11<07:24, 13.89s/it, Train loss=0.000239, Train acc=2e-5, Test loss=0.68, Test acc=0.138]
 84%|████████▍ | 169/200 [39:11<07:10, 13.90s/it, Train loss=0.000239, Train acc=2e-5, Test loss=0.68, Test acc=0.138]
 84%|████████▍ | 169/200 [39:24<07:10, 13.90s/it, Train loss=0.000236, Train acc=2e-5, Test loss=0.682, Test acc=0.138]
 85%|████████▌ | 170/200 [39:24<06:55, 13.84s/it, Train loss=0.000236, Train acc=2e-5, Test loss=0.682, Test acc=0.138]
 85%|████████▌ | 170/200 [39:38<06:55, 13.84s/it, Train loss=0.000224, Train acc=0, Test loss=0.686, Test acc=0.138]   
 86%|████████▌ | 171/200 [39:38<06:37, 13.72s/it, Train loss=0.000224, Train acc=0, Test loss=0.686, Test acc=0.138]
 86%|████████▌ | 171/200 [39:52<06:37, 13.72s/it, Train loss=0.000227, Train acc=0, Test loss=0.686, Test acc=0.138]
 86%|████████▌ | 172/200 [39:52<06:25, 13.75s/it, Train loss=0.000227, Train acc=0, Test loss=0.686, Test acc=0.138]
 86%|████████▌ | 172/200 [40:05<06:25, 13.75s/it, Train loss=0.000225, Train acc=0, Test loss=0.678, Test acc=0.138]
 86%|████████▋ | 173/200 [40:05<06:08, 13.65s/it, Train loss=0.000225, Train acc=0, Test loss=0.678, Test acc=0.138]
 86%|████████▋ | 173/200 [40:19<06:08, 13.65s/it, Train loss=0.000215, Train acc=0, Test loss=0.684, Test acc=0.139]
 87%|████████▋ | 174/200 [40:19<05:54, 13.62s/it, Train loss=0.000215, Train acc=0, Test loss=0.684, Test acc=0.139]
 87%|████████▋ | 174/200 [40:32<05:54, 13.62s/it, Train loss=0.000237, Train acc=0, Test loss=0.677, Test acc=0.137]
 88%|████████▊ | 175/200 [40:32<05:40, 13.62s/it, Train loss=0.000237, Train acc=0, Test loss=0.677, Test acc=0.137]
 88%|████████▊ | 175/200 [40:46<05:40, 13.62s/it, Train loss=0.000222, Train acc=0, Test loss=0.675, Test acc=0.138]
 88%|████████▊ | 176/200 [40:46<05:25, 13.56s/it, Train loss=0.000222, Train acc=0, Test loss=0.675, Test acc=0.138]
 88%|████████▊ | 176/200 [40:59<05:25, 13.56s/it, Train loss=0.000231, Train acc=0, Test loss=0.685, Test acc=0.138]
 88%|████████▊ | 177/200 [40:59<05:10, 13.52s/it, Train loss=0.000231, Train acc=0, Test loss=0.685, Test acc=0.138]
 88%|████████▊ | 177/200 [41:13<05:10, 13.52s/it, Train loss=0.000232, Train acc=0, Test loss=0.683, Test acc=0.138]
 89%|████████▉ | 178/200 [41:13<04:57, 13.51s/it, Train loss=0.000232, Train acc=0, Test loss=0.683, Test acc=0.138]
 89%|████████▉ | 178/200 [41:26<04:57, 13.51s/it, Train loss=0.000219, Train acc=0, Test loss=0.686, Test acc=0.138]
 90%|████████▉ | 179/200 [41:26<04:43, 13.50s/it, Train loss=0.000219, Train acc=0, Test loss=0.686, Test acc=0.138]
 90%|████████▉ | 179/200 [41:40<04:43, 13.50s/it, Train loss=0.000237, Train acc=0, Test loss=0.688, Test acc=0.138]
 90%|█████████ | 180/200 [41:40<04:30, 13.53s/it, Train loss=0.000237, Train acc=0, Test loss=0.688, Test acc=0.138]
 90%|█████████ | 180/200 [41:53<04:30, 13.53s/it, Train loss=0.000237, Train acc=0, Test loss=0.685, Test acc=0.138]
 90%|█████████ | 181/200 [41:53<04:16, 13.53s/it, Train loss=0.000237, Train acc=0, Test loss=0.685, Test acc=0.138]
 90%|█████████ | 181/200 [42:07<04:16, 13.53s/it, Train loss=0.000216, Train acc=0, Test loss=0.684, Test acc=0.138]
 91%|█████████ | 182/200 [42:07<04:02, 13.50s/it, Train loss=0.000216, Train acc=0, Test loss=0.684, Test acc=0.138]
 91%|█████████ | 182/200 [42:20<04:02, 13.50s/it, Train loss=0.000203, Train acc=0, Test loss=0.684, Test acc=0.138]
 92%|█████████▏| 183/200 [42:20<03:49, 13.49s/it, Train loss=0.000203, Train acc=0, Test loss=0.684, Test acc=0.138]
 92%|█████████▏| 183/200 [42:34<03:49, 13.49s/it, Train loss=0.000224, Train acc=0, Test loss=0.681, Test acc=0.138]
 92%|█████████▏| 184/200 [42:34<03:36, 13.50s/it, Train loss=0.000224, Train acc=0, Test loss=0.681, Test acc=0.138]
 92%|█████████▏| 184/200 [42:47<03:36, 13.50s/it, Train loss=0.000227, Train acc=0, Test loss=0.684, Test acc=0.139]
 92%|█████████▎| 185/200 [42:47<03:22, 13.50s/it, Train loss=0.000227, Train acc=0, Test loss=0.684, Test acc=0.139]
 92%|█████████▎| 185/200 [43:01<03:22, 13.50s/it, Train loss=0.000217, Train acc=0, Test loss=0.683, Test acc=0.138]
 93%|█████████▎| 186/200 [43:01<03:09, 13.51s/it, Train loss=0.000217, Train acc=0, Test loss=0.683, Test acc=0.138]
 93%|█████████▎| 186/200 [43:14<03:09, 13.51s/it, Train loss=0.000218, Train acc=2e-5, Test loss=0.683, Test acc=0.139]
 94%|█████████▎| 187/200 [43:14<02:55, 13.49s/it, Train loss=0.000218, Train acc=2e-5, Test loss=0.683, Test acc=0.139]
 94%|█████████▎| 187/200 [43:28<02:55, 13.49s/it, Train loss=0.000232, Train acc=0, Test loss=0.68, Test acc=0.138]    
 94%|█████████▍| 188/200 [43:28<02:41, 13.48s/it, Train loss=0.000232, Train acc=0, Test loss=0.68, Test acc=0.138]
 94%|█████████▍| 188/200 [43:41<02:41, 13.48s/it, Train loss=0.000216, Train acc=0, Test loss=0.682, Test acc=0.137]
 94%|█████████▍| 189/200 [43:41<02:29, 13.60s/it, Train loss=0.000216, Train acc=0, Test loss=0.682, Test acc=0.137]
 94%|█████████▍| 189/200 [43:56<02:29, 13.60s/it, Train loss=0.000218, Train acc=0, Test loss=0.686, Test acc=0.139]
 95%|█████████▌| 190/200 [43:56<02:19, 13.95s/it, Train loss=0.000218, Train acc=0, Test loss=0.686, Test acc=0.139]
 95%|█████████▌| 190/200 [44:11<02:19, 13.95s/it, Train loss=0.000212, Train acc=0, Test loss=0.686, Test acc=0.139]
 96%|█████████▌| 191/200 [44:11<02:06, 14.11s/it, Train loss=0.000212, Train acc=0, Test loss=0.686, Test acc=0.139]
 96%|█████████▌| 191/200 [44:25<02:06, 14.11s/it, Train loss=0.000219, Train acc=0, Test loss=0.685, Test acc=0.138]
 96%|█████████▌| 192/200 [44:25<01:53, 14.24s/it, Train loss=0.000219, Train acc=0, Test loss=0.685, Test acc=0.138]
 96%|█████████▌| 192/200 [44:40<01:53, 14.24s/it, Train loss=0.000217, Train acc=0, Test loss=0.694, Test acc=0.139]
 96%|█████████▋| 193/200 [44:40<01:40, 14.32s/it, Train loss=0.000217, Train acc=0, Test loss=0.694, Test acc=0.139]
 96%|█████████▋| 193/200 [44:55<01:40, 14.32s/it, Train loss=0.000206, Train acc=0, Test loss=0.682, Test acc=0.139]
 97%|█████████▋| 194/200 [44:55<01:26, 14.46s/it, Train loss=0.000206, Train acc=0, Test loss=0.682, Test acc=0.139]
 97%|█████████▋| 194/200 [45:09<01:26, 14.46s/it, Train loss=0.000217, Train acc=0, Test loss=0.684, Test acc=0.139]
 98%|█████████▊| 195/200 [45:09<01:12, 14.50s/it, Train loss=0.000217, Train acc=0, Test loss=0.684, Test acc=0.139]
 98%|█████████▊| 195/200 [45:24<01:12, 14.50s/it, Train loss=0.000212, Train acc=0, Test loss=0.684, Test acc=0.139]
 98%|█████████▊| 196/200 [45:24<00:58, 14.54s/it, Train loss=0.000212, Train acc=0, Test loss=0.684, Test acc=0.139]
 98%|█████████▊| 196/200 [45:38<00:58, 14.54s/it, Train loss=0.000208, Train acc=0, Test loss=0.691, Test acc=0.139]
 98%|█████████▊| 197/200 [45:38<00:42, 14.30s/it, Train loss=0.000208, Train acc=0, Test loss=0.691, Test acc=0.139]
 98%|█████████▊| 197/200 [45:51<00:42, 14.30s/it, Train loss=0.000219, Train acc=0, Test loss=0.679, Test acc=0.138]
 99%|█████████▉| 198/200 [45:51<00:28, 14.05s/it, Train loss=0.000219, Train acc=0, Test loss=0.679, Test acc=0.138]
 99%|█████████▉| 198/200 [46:05<00:28, 14.05s/it, Train loss=0.000223, Train acc=0, Test loss=0.678, Test acc=0.137]
100%|█████████▉| 199/200 [46:05<00:13, 13.91s/it, Train loss=0.000223, Train acc=0, Test loss=0.678, Test acc=0.137]
100%|█████████▉| 199/200 [46:18<00:13, 13.91s/it, Train loss=0.000222, Train acc=0, Test loss=0.682, Test acc=0.139]
100%|██████████| 200/200 [46:18<00:00, 13.81s/it, Train loss=0.000222, Train acc=0, Test loss=0.682, Test acc=0.139]
100%|██████████| 200/200 [46:18<00:00, 13.89s/it, Train loss=0.000222, Train acc=0, Test loss=0.682, Test acc=0.139]
