Files already downloaded and verified
Files already downloaded and verified
load resnet18...

  0%|          | 0/200 [00:00<?, ?it/s]
  0%|          | 0/200 [00:15<?, ?it/s, Train loss=2.14, Train acc=0.759, Test loss=1.85, Test acc=0.7]
  0%|          | 1/200 [00:15<49:50, 15.03s/it, Train loss=2.14, Train acc=0.759, Test loss=1.85, Test acc=0.7]
  0%|          | 1/200 [00:29<49:50, 15.03s/it, Train loss=1.72, Train acc=0.644, Test loss=1.69, Test acc=0.643]
  1%|          | 2/200 [00:29<47:37, 14.43s/it, Train loss=1.72, Train acc=0.644, Test loss=1.69, Test acc=0.643]
  1%|          | 2/200 [00:43<47:37, 14.43s/it, Train loss=1.59, Train acc=0.594, Test loss=1.55, Test acc=0.566]
  2%|▏         | 3/200 [00:43<46:44, 14.24s/it, Train loss=1.59, Train acc=0.594, Test loss=1.55, Test acc=0.566]
  2%|▏         | 3/200 [00:56<46:44, 14.24s/it, Train loss=1.48, Train acc=0.55, Test loss=1.42, Test acc=0.536] 
  2%|▏         | 4/200 [00:56<45:21, 13.89s/it, Train loss=1.48, Train acc=0.55, Test loss=1.42, Test acc=0.536]
  2%|▏         | 4/200 [01:09<45:21, 13.89s/it, Train loss=1.39, Train acc=0.51, Test loss=1.53, Test acc=0.569]
  2%|▎         | 5/200 [01:09<44:17, 13.63s/it, Train loss=1.39, Train acc=0.51, Test loss=1.53, Test acc=0.569]
  2%|▎         | 5/200 [01:22<44:17, 13.63s/it, Train loss=1.32, Train acc=0.484, Test loss=1.46, Test acc=0.511]
  3%|▎         | 6/200 [01:22<43:36, 13.49s/it, Train loss=1.32, Train acc=0.484, Test loss=1.46, Test acc=0.511]
  3%|▎         | 6/200 [01:35<43:36, 13.49s/it, Train loss=1.24, Train acc=0.454, Test loss=1.25, Test acc=0.453]
  4%|▎         | 7/200 [01:35<43:04, 13.39s/it, Train loss=1.24, Train acc=0.454, Test loss=1.25, Test acc=0.453]
  4%|▎         | 7/200 [01:49<43:04, 13.39s/it, Train loss=1.17, Train acc=0.427, Test loss=1.21, Test acc=0.438]
  4%|▍         | 8/200 [01:49<42:40, 13.34s/it, Train loss=1.17, Train acc=0.427, Test loss=1.21, Test acc=0.438]
  4%|▍         | 8/200 [02:02<42:40, 13.34s/it, Train loss=1.12, Train acc=0.404, Test loss=1.36, Test acc=0.48] 
  4%|▍         | 9/200 [02:02<42:18, 13.29s/it, Train loss=1.12, Train acc=0.404, Test loss=1.36, Test acc=0.48]
  4%|▍         | 9/200 [02:15<42:18, 13.29s/it, Train loss=1.05, Train acc=0.379, Test loss=1.17, Test acc=0.41]
  5%|▌         | 10/200 [02:15<41:59, 13.26s/it, Train loss=1.05, Train acc=0.379, Test loss=1.17, Test acc=0.41]
  5%|▌         | 10/200 [02:28<41:59, 13.26s/it, Train loss=1.01, Train acc=0.362, Test loss=1.1, Test acc=0.389]
  6%|▌         | 11/200 [02:28<41:46, 13.26s/it, Train loss=1.01, Train acc=0.362, Test loss=1.1, Test acc=0.389]
  6%|▌         | 11/200 [02:42<41:46, 13.26s/it, Train loss=0.968, Train acc=0.349, Test loss=1.03, Test acc=0.374]
  6%|▌         | 12/200 [02:42<41:29, 13.24s/it, Train loss=0.968, Train acc=0.349, Test loss=1.03, Test acc=0.374]
  6%|▌         | 12/200 [02:55<41:29, 13.24s/it, Train loss=0.917, Train acc=0.326, Test loss=0.976, Test acc=0.341]
  6%|▋         | 13/200 [02:55<41:14, 13.23s/it, Train loss=0.917, Train acc=0.326, Test loss=0.976, Test acc=0.341]
  6%|▋         | 13/200 [03:08<41:14, 13.23s/it, Train loss=0.872, Train acc=0.307, Test loss=0.95, Test acc=0.332] 
  7%|▋         | 14/200 [03:08<41:00, 13.23s/it, Train loss=0.872, Train acc=0.307, Test loss=0.95, Test acc=0.332]
  7%|▋         | 14/200 [03:21<41:00, 13.23s/it, Train loss=0.839, Train acc=0.298, Test loss=0.892, Test acc=0.316]
  8%|▊         | 15/200 [03:21<40:49, 13.24s/it, Train loss=0.839, Train acc=0.298, Test loss=0.892, Test acc=0.316]
  8%|▊         | 15/200 [03:34<40:49, 13.24s/it, Train loss=0.804, Train acc=0.286, Test loss=0.936, Test acc=0.331]
  8%|▊         | 16/200 [03:34<40:36, 13.24s/it, Train loss=0.804, Train acc=0.286, Test loss=0.936, Test acc=0.331]
  8%|▊         | 16/200 [03:48<40:36, 13.24s/it, Train loss=0.77, Train acc=0.272, Test loss=0.847, Test acc=0.297] 
  8%|▊         | 17/200 [03:48<40:20, 13.23s/it, Train loss=0.77, Train acc=0.272, Test loss=0.847, Test acc=0.297]
  8%|▊         | 17/200 [04:01<40:20, 13.23s/it, Train loss=0.729, Train acc=0.258, Test loss=0.962, Test acc=0.329]
  9%|▉         | 18/200 [04:01<40:05, 13.22s/it, Train loss=0.729, Train acc=0.258, Test loss=0.962, Test acc=0.329]
  9%|▉         | 18/200 [04:14<40:05, 13.22s/it, Train loss=0.707, Train acc=0.25, Test loss=0.869, Test acc=0.301] 
 10%|▉         | 19/200 [04:14<39:51, 13.21s/it, Train loss=0.707, Train acc=0.25, Test loss=0.869, Test acc=0.301]
 10%|▉         | 19/200 [04:27<39:51, 13.21s/it, Train loss=0.67, Train acc=0.236, Test loss=0.939, Test acc=0.322]
 10%|█         | 20/200 [04:27<39:39, 13.22s/it, Train loss=0.67, Train acc=0.236, Test loss=0.939, Test acc=0.322]
 10%|█         | 20/200 [04:41<39:39, 13.22s/it, Train loss=0.646, Train acc=0.227, Test loss=0.815, Test acc=0.281]
 10%|█         | 21/200 [04:41<39:30, 13.25s/it, Train loss=0.646, Train acc=0.227, Test loss=0.815, Test acc=0.281]
 10%|█         | 21/200 [04:54<39:30, 13.25s/it, Train loss=0.616, Train acc=0.217, Test loss=0.849, Test acc=0.296]
 11%|█         | 22/200 [04:54<39:26, 13.30s/it, Train loss=0.616, Train acc=0.217, Test loss=0.849, Test acc=0.296]
 11%|█         | 22/200 [05:09<39:26, 13.30s/it, Train loss=0.595, Train acc=0.207, Test loss=0.81, Test acc=0.271] 
 12%|█▏        | 23/200 [05:09<40:28, 13.72s/it, Train loss=0.595, Train acc=0.207, Test loss=0.81, Test acc=0.271]
 12%|█▏        | 23/200 [05:24<40:28, 13.72s/it, Train loss=0.567, Train acc=0.198, Test loss=0.732, Test acc=0.258]
 12%|█▏        | 24/200 [05:24<41:44, 14.23s/it, Train loss=0.567, Train acc=0.198, Test loss=0.732, Test acc=0.258]
 12%|█▏        | 24/200 [05:38<41:44, 14.23s/it, Train loss=0.54, Train acc=0.189, Test loss=0.821, Test acc=0.274] 
 12%|█▎        | 25/200 [05:38<41:29, 14.23s/it, Train loss=0.54, Train acc=0.189, Test loss=0.821, Test acc=0.274]
 12%|█▎        | 25/200 [05:52<41:29, 14.23s/it, Train loss=0.524, Train acc=0.182, Test loss=0.711, Test acc=0.242]
 13%|█▎        | 26/200 [05:52<40:49, 14.08s/it, Train loss=0.524, Train acc=0.182, Test loss=0.711, Test acc=0.242]
 13%|█▎        | 26/200 [06:06<40:49, 14.08s/it, Train loss=0.499, Train acc=0.174, Test loss=0.703, Test acc=0.24] 
 14%|█▎        | 27/200 [06:06<40:43, 14.12s/it, Train loss=0.499, Train acc=0.174, Test loss=0.703, Test acc=0.24]
 14%|█▎        | 27/200 [06:20<40:43, 14.12s/it, Train loss=0.475, Train acc=0.163, Test loss=0.7, Test acc=0.242] 
 14%|█▍        | 28/200 [06:20<40:26, 14.11s/it, Train loss=0.475, Train acc=0.163, Test loss=0.7, Test acc=0.242]
 14%|█▍        | 28/200 [06:35<40:26, 14.11s/it, Train loss=0.454, Train acc=0.156, Test loss=0.732, Test acc=0.247]
 14%|█▍        | 29/200 [06:35<40:20, 14.15s/it, Train loss=0.454, Train acc=0.156, Test loss=0.732, Test acc=0.247]
 14%|█▍        | 29/200 [06:49<40:20, 14.15s/it, Train loss=0.439, Train acc=0.152, Test loss=0.652, Test acc=0.218]
 15%|█▌        | 30/200 [06:49<40:06, 14.15s/it, Train loss=0.439, Train acc=0.152, Test loss=0.652, Test acc=0.218]
 15%|█▌        | 30/200 [07:03<40:06, 14.15s/it, Train loss=0.416, Train acc=0.144, Test loss=0.757, Test acc=0.247]
 16%|█▌        | 31/200 [07:03<39:31, 14.03s/it, Train loss=0.416, Train acc=0.144, Test loss=0.757, Test acc=0.247]
 16%|█▌        | 31/200 [07:16<39:31, 14.03s/it, Train loss=0.41, Train acc=0.141, Test loss=0.702, Test acc=0.227] 
 16%|█▌        | 32/200 [07:16<39:09, 13.98s/it, Train loss=0.41, Train acc=0.141, Test loss=0.702, Test acc=0.227]
 16%|█▌        | 32/200 [07:31<39:09, 13.98s/it, Train loss=0.387, Train acc=0.131, Test loss=0.711, Test acc=0.222]
 16%|█▋        | 33/200 [07:31<39:11, 14.08s/it, Train loss=0.387, Train acc=0.131, Test loss=0.711, Test acc=0.222]
 16%|█▋        | 33/200 [07:45<39:11, 14.08s/it, Train loss=0.364, Train acc=0.123, Test loss=0.638, Test acc=0.213]
 17%|█▋        | 34/200 [07:45<38:51, 14.05s/it, Train loss=0.364, Train acc=0.123, Test loss=0.638, Test acc=0.213]
 17%|█▋        | 34/200 [07:59<38:51, 14.05s/it, Train loss=0.349, Train acc=0.119, Test loss=0.723, Test acc=0.236]
 18%|█▊        | 35/200 [07:59<38:43, 14.08s/it, Train loss=0.349, Train acc=0.119, Test loss=0.723, Test acc=0.236]
 18%|█▊        | 35/200 [08:13<38:43, 14.08s/it, Train loss=0.335, Train acc=0.114, Test loss=0.746, Test acc=0.247]
 18%|█▊        | 36/200 [08:13<38:20, 14.03s/it, Train loss=0.335, Train acc=0.114, Test loss=0.746, Test acc=0.247]
 18%|█▊        | 36/200 [08:27<38:20, 14.03s/it, Train loss=0.323, Train acc=0.109, Test loss=0.666, Test acc=0.215]
 18%|█▊        | 37/200 [08:27<38:05, 14.02s/it, Train loss=0.323, Train acc=0.109, Test loss=0.666, Test acc=0.215]
 18%|█▊        | 37/200 [08:41<38:05, 14.02s/it, Train loss=0.302, Train acc=0.102, Test loss=0.674, Test acc=0.218]
 19%|█▉        | 38/200 [08:41<38:02, 14.09s/it, Train loss=0.302, Train acc=0.102, Test loss=0.674, Test acc=0.218]
 19%|█▉        | 38/200 [08:56<38:02, 14.09s/it, Train loss=0.296, Train acc=0.101, Test loss=0.709, Test acc=0.224]
 20%|█▉        | 39/200 [08:56<38:17, 14.27s/it, Train loss=0.296, Train acc=0.101, Test loss=0.709, Test acc=0.224]
 20%|█▉        | 39/200 [09:09<38:17, 14.27s/it, Train loss=0.28, Train acc=0.0934, Test loss=0.699, Test acc=0.215]
 20%|██        | 40/200 [09:09<37:35, 14.10s/it, Train loss=0.28, Train acc=0.0934, Test loss=0.699, Test acc=0.215]
 20%|██        | 40/200 [09:23<37:35, 14.10s/it, Train loss=0.269, Train acc=0.0892, Test loss=0.616, Test acc=0.194]
 20%|██        | 41/200 [09:23<36:39, 13.83s/it, Train loss=0.269, Train acc=0.0892, Test loss=0.616, Test acc=0.194]
 20%|██        | 41/200 [09:36<36:39, 13.83s/it, Train loss=0.25, Train acc=0.083, Test loss=0.676, Test acc=0.212]  
 21%|██        | 42/200 [09:36<35:57, 13.66s/it, Train loss=0.25, Train acc=0.083, Test loss=0.676, Test acc=0.212]
 21%|██        | 42/200 [09:49<35:57, 13.66s/it, Train loss=0.25, Train acc=0.0818, Test loss=0.697, Test acc=0.211]
 22%|██▏       | 43/200 [09:49<35:28, 13.56s/it, Train loss=0.25, Train acc=0.0818, Test loss=0.697, Test acc=0.211]
 22%|██▏       | 43/200 [10:03<35:28, 13.56s/it, Train loss=0.23, Train acc=0.0777, Test loss=0.683, Test acc=0.206]
 22%|██▏       | 44/200 [10:03<35:03, 13.48s/it, Train loss=0.23, Train acc=0.0777, Test loss=0.683, Test acc=0.206]
 22%|██▏       | 44/200 [10:16<35:03, 13.48s/it, Train loss=0.218, Train acc=0.0715, Test loss=0.66, Test acc=0.201]
 22%|██▎       | 45/200 [10:16<34:38, 13.41s/it, Train loss=0.218, Train acc=0.0715, Test loss=0.66, Test acc=0.201]
 22%|██▎       | 45/200 [10:29<34:38, 13.41s/it, Train loss=0.207, Train acc=0.0674, Test loss=0.633, Test acc=0.199]
 23%|██▎       | 46/200 [10:29<34:15, 13.35s/it, Train loss=0.207, Train acc=0.0674, Test loss=0.633, Test acc=0.199]
 23%|██▎       | 46/200 [10:42<34:15, 13.35s/it, Train loss=0.197, Train acc=0.0644, Test loss=0.694, Test acc=0.197]
 24%|██▎       | 47/200 [10:42<33:57, 13.32s/it, Train loss=0.197, Train acc=0.0644, Test loss=0.694, Test acc=0.197]
 24%|██▎       | 47/200 [10:56<33:57, 13.32s/it, Train loss=0.192, Train acc=0.0628, Test loss=0.76, Test acc=0.21]  
 24%|██▍       | 48/200 [10:56<33:48, 13.35s/it, Train loss=0.192, Train acc=0.0628, Test loss=0.76, Test acc=0.21]
 24%|██▍       | 48/200 [11:09<33:48, 13.35s/it, Train loss=0.19, Train acc=0.0611, Test loss=0.771, Test acc=0.222]
 24%|██▍       | 49/200 [11:09<33:40, 13.38s/it, Train loss=0.19, Train acc=0.0611, Test loss=0.771, Test acc=0.222]
 24%|██▍       | 49/200 [11:22<33:40, 13.38s/it, Train loss=0.175, Train acc=0.0548, Test loss=0.671, Test acc=0.194]
 25%|██▌       | 50/200 [11:22<33:20, 13.34s/it, Train loss=0.175, Train acc=0.0548, Test loss=0.671, Test acc=0.194]
 25%|██▌       | 50/200 [11:36<33:20, 13.34s/it, Train loss=0.168, Train acc=0.0526, Test loss=0.726, Test acc=0.201]
 26%|██▌       | 51/200 [11:36<33:02, 13.30s/it, Train loss=0.168, Train acc=0.0526, Test loss=0.726, Test acc=0.201]
 26%|██▌       | 51/200 [11:49<33:02, 13.30s/it, Train loss=0.166, Train acc=0.0532, Test loss=0.677, Test acc=0.202]
 26%|██▌       | 52/200 [11:49<32:44, 13.28s/it, Train loss=0.166, Train acc=0.0532, Test loss=0.677, Test acc=0.202]
 26%|██▌       | 52/200 [12:02<32:44, 13.28s/it, Train loss=0.147, Train acc=0.0442, Test loss=0.709, Test acc=0.201]
 26%|██▋       | 53/200 [12:02<32:31, 13.28s/it, Train loss=0.147, Train acc=0.0442, Test loss=0.709, Test acc=0.201]
 26%|██▋       | 53/200 [12:15<32:31, 13.28s/it, Train loss=0.15, Train acc=0.0464, Test loss=0.636, Test acc=0.186] 
 27%|██▋       | 54/200 [12:15<32:17, 13.27s/it, Train loss=0.15, Train acc=0.0464, Test loss=0.636, Test acc=0.186]
 27%|██▋       | 54/200 [12:29<32:17, 13.27s/it, Train loss=0.138, Train acc=0.043, Test loss=0.693, Test acc=0.197]
 28%|██▊       | 55/200 [12:29<32:02, 13.26s/it, Train loss=0.138, Train acc=0.043, Test loss=0.693, Test acc=0.197]
 28%|██▊       | 55/200 [12:42<32:02, 13.26s/it, Train loss=0.126, Train acc=0.038, Test loss=0.672, Test acc=0.183]
 28%|██▊       | 56/200 [12:42<31:43, 13.22s/it, Train loss=0.126, Train acc=0.038, Test loss=0.672, Test acc=0.183]
 28%|██▊       | 56/200 [12:55<31:43, 13.22s/it, Train loss=0.121, Train acc=0.0366, Test loss=0.685, Test acc=0.191]
 28%|██▊       | 57/200 [12:55<31:28, 13.20s/it, Train loss=0.121, Train acc=0.0366, Test loss=0.685, Test acc=0.191]
 28%|██▊       | 57/200 [13:08<31:28, 13.20s/it, Train loss=0.114, Train acc=0.0335, Test loss=0.744, Test acc=0.197]
 29%|██▉       | 58/200 [13:08<31:16, 13.21s/it, Train loss=0.114, Train acc=0.0335, Test loss=0.744, Test acc=0.197]
 29%|██▉       | 58/200 [13:21<31:16, 13.21s/it, Train loss=0.115, Train acc=0.034, Test loss=0.678, Test acc=0.184] 
 30%|██▉       | 59/200 [13:21<31:05, 13.23s/it, Train loss=0.115, Train acc=0.034, Test loss=0.678, Test acc=0.184]
 30%|██▉       | 59/200 [13:35<31:05, 13.23s/it, Train loss=0.109, Train acc=0.0318, Test loss=0.679, Test acc=0.185]
 30%|███       | 60/200 [13:35<30:54, 13.25s/it, Train loss=0.109, Train acc=0.0318, Test loss=0.679, Test acc=0.185]
 30%|███       | 60/200 [13:48<30:54, 13.25s/it, Train loss=0.1, Train acc=0.0286, Test loss=0.679, Test acc=0.182]  
 30%|███       | 61/200 [13:48<30:39, 13.24s/it, Train loss=0.1, Train acc=0.0286, Test loss=0.679, Test acc=0.182]
 30%|███       | 61/200 [14:01<30:39, 13.24s/it, Train loss=0.0944, Train acc=0.0274, Test loss=0.661, Test acc=0.183]
 31%|███       | 62/200 [14:01<30:24, 13.22s/it, Train loss=0.0944, Train acc=0.0274, Test loss=0.661, Test acc=0.183]
 31%|███       | 62/200 [14:14<30:24, 13.22s/it, Train loss=0.0922, Train acc=0.0263, Test loss=0.732, Test acc=0.187]
 32%|███▏      | 63/200 [14:14<30:13, 13.23s/it, Train loss=0.0922, Train acc=0.0263, Test loss=0.732, Test acc=0.187]
 32%|███▏      | 63/200 [14:28<30:13, 13.23s/it, Train loss=0.0865, Train acc=0.023, Test loss=0.698, Test acc=0.194] 
 32%|███▏      | 64/200 [14:28<30:01, 13.24s/it, Train loss=0.0865, Train acc=0.023, Test loss=0.698, Test acc=0.194]
 32%|███▏      | 64/200 [14:41<30:01, 13.24s/it, Train loss=0.0794, Train acc=0.0218, Test loss=0.702, Test acc=0.188]
 32%|███▎      | 65/200 [14:41<29:48, 13.25s/it, Train loss=0.0794, Train acc=0.0218, Test loss=0.702, Test acc=0.188]
 32%|███▎      | 65/200 [14:54<29:48, 13.25s/it, Train loss=0.0707, Train acc=0.02, Test loss=0.706, Test acc=0.179]  
 33%|███▎      | 66/200 [14:54<29:32, 13.23s/it, Train loss=0.0707, Train acc=0.02, Test loss=0.706, Test acc=0.179]
 33%|███▎      | 66/200 [15:07<29:32, 13.23s/it, Train loss=0.073, Train acc=0.021, Test loss=0.714, Test acc=0.176]
 34%|███▎      | 67/200 [15:07<29:18, 13.22s/it, Train loss=0.073, Train acc=0.021, Test loss=0.714, Test acc=0.176]
 34%|███▎      | 67/200 [15:20<29:18, 13.22s/it, Train loss=0.0689, Train acc=0.0193, Test loss=0.697, Test acc=0.182]
 34%|███▍      | 68/200 [15:20<29:07, 13.24s/it, Train loss=0.0689, Train acc=0.0193, Test loss=0.697, Test acc=0.182]
 34%|███▍      | 68/200 [15:34<29:07, 13.24s/it, Train loss=0.0586, Train acc=0.0149, Test loss=0.666, Test acc=0.178]
 34%|███▍      | 69/200 [15:34<28:57, 13.26s/it, Train loss=0.0586, Train acc=0.0149, Test loss=0.666, Test acc=0.178]
 34%|███▍      | 69/200 [15:47<28:57, 13.26s/it, Train loss=0.053, Train acc=0.0139, Test loss=0.747, Test acc=0.179] 
 35%|███▌      | 70/200 [15:47<28:45, 13.27s/it, Train loss=0.053, Train acc=0.0139, Test loss=0.747, Test acc=0.179]
 35%|███▌      | 70/200 [16:00<28:45, 13.27s/it, Train loss=0.0546, Train acc=0.014, Test loss=0.769, Test acc=0.186]
 36%|███▌      | 71/200 [16:00<28:28, 13.24s/it, Train loss=0.0546, Train acc=0.014, Test loss=0.769, Test acc=0.186]
 36%|███▌      | 71/200 [16:13<28:28, 13.24s/it, Train loss=0.0494, Train acc=0.0115, Test loss=0.691, Test acc=0.172]
 36%|███▌      | 72/200 [16:13<28:14, 13.24s/it, Train loss=0.0494, Train acc=0.0115, Test loss=0.691, Test acc=0.172]
 36%|███▌      | 72/200 [16:27<28:14, 13.24s/it, Train loss=0.0465, Train acc=0.0116, Test loss=0.677, Test acc=0.169]
 36%|███▋      | 73/200 [16:27<28:03, 13.26s/it, Train loss=0.0465, Train acc=0.0116, Test loss=0.677, Test acc=0.169]
 36%|███▋      | 73/200 [16:40<28:03, 13.26s/it, Train loss=0.0421, Train acc=0.0103, Test loss=0.689, Test acc=0.174]
 37%|███▋      | 74/200 [16:40<27:52, 13.28s/it, Train loss=0.0421, Train acc=0.0103, Test loss=0.689, Test acc=0.174]
 37%|███▋      | 74/200 [16:53<27:52, 13.28s/it, Train loss=0.0373, Train acc=0.00887, Test loss=0.69, Test acc=0.172]
 38%|███▊      | 75/200 [16:53<27:40, 13.28s/it, Train loss=0.0373, Train acc=0.00887, Test loss=0.69, Test acc=0.172]
 38%|███▊      | 75/200 [17:07<27:40, 13.28s/it, Train loss=0.032, Train acc=0.00751, Test loss=0.741, Test acc=0.174]
 38%|███▊      | 76/200 [17:07<27:22, 13.25s/it, Train loss=0.032, Train acc=0.00751, Test loss=0.741, Test acc=0.174]
 38%|███▊      | 76/200 [17:20<27:22, 13.25s/it, Train loss=0.0309, Train acc=0.00703, Test loss=0.671, Test acc=0.167]
 38%|███▊      | 77/200 [17:20<27:08, 13.24s/it, Train loss=0.0309, Train acc=0.00703, Test loss=0.671, Test acc=0.167]
 38%|███▊      | 77/200 [17:33<27:08, 13.24s/it, Train loss=0.0277, Train acc=0.00645, Test loss=0.7, Test acc=0.169]  
 39%|███▉      | 78/200 [17:33<26:57, 13.26s/it, Train loss=0.0277, Train acc=0.00645, Test loss=0.7, Test acc=0.169]
 39%|███▉      | 78/200 [17:46<26:57, 13.26s/it, Train loss=0.0231, Train acc=0.00496, Test loss=0.702, Test acc=0.17]
 40%|███▉      | 79/200 [17:46<26:45, 13.27s/it, Train loss=0.0231, Train acc=0.00496, Test loss=0.702, Test acc=0.17]
 40%|███▉      | 79/200 [18:00<26:45, 13.27s/it, Train loss=0.0232, Train acc=0.00484, Test loss=0.71, Test acc=0.166]
 40%|████      | 80/200 [18:00<26:32, 13.27s/it, Train loss=0.0232, Train acc=0.00484, Test loss=0.71, Test acc=0.166]
 40%|████      | 80/200 [18:13<26:32, 13.27s/it, Train loss=0.0206, Train acc=0.00432, Test loss=0.738, Test acc=0.169]
 40%|████      | 81/200 [18:13<26:16, 13.25s/it, Train loss=0.0206, Train acc=0.00432, Test loss=0.738, Test acc=0.169]
 40%|████      | 81/200 [18:26<26:16, 13.25s/it, Train loss=0.0221, Train acc=0.00508, Test loss=0.715, Test acc=0.167]
 41%|████      | 82/200 [18:26<26:03, 13.25s/it, Train loss=0.0221, Train acc=0.00508, Test loss=0.715, Test acc=0.167]
 41%|████      | 82/200 [18:39<26:03, 13.25s/it, Train loss=0.0206, Train acc=0.00427, Test loss=0.738, Test acc=0.168]
 42%|████▏     | 83/200 [18:39<25:50, 13.25s/it, Train loss=0.0206, Train acc=0.00427, Test loss=0.738, Test acc=0.168]
 42%|████▏     | 83/200 [18:53<25:50, 13.25s/it, Train loss=0.0192, Train acc=0.0039, Test loss=0.7, Test acc=0.162]   
 42%|████▏     | 84/200 [18:53<25:38, 13.26s/it, Train loss=0.0192, Train acc=0.0039, Test loss=0.7, Test acc=0.162]
 42%|████▏     | 84/200 [19:06<25:38, 13.26s/it, Train loss=0.0161, Train acc=0.00356, Test loss=0.69, Test acc=0.162]
 42%|████▎     | 85/200 [19:06<25:26, 13.28s/it, Train loss=0.0161, Train acc=0.00356, Test loss=0.69, Test acc=0.162]
 42%|████▎     | 85/200 [19:19<25:26, 13.28s/it, Train loss=0.0139, Train acc=0.00276, Test loss=0.732, Test acc=0.162]
 43%|████▎     | 86/200 [19:19<25:10, 13.25s/it, Train loss=0.0139, Train acc=0.00276, Test loss=0.732, Test acc=0.162]
 43%|████▎     | 86/200 [19:32<25:10, 13.25s/it, Train loss=0.016, Train acc=0.00306, Test loss=0.736, Test acc=0.169] 
 44%|████▎     | 87/200 [19:32<24:57, 13.25s/it, Train loss=0.016, Train acc=0.00306, Test loss=0.736, Test acc=0.169]
 44%|████▎     | 87/200 [19:46<24:57, 13.25s/it, Train loss=0.0133, Train acc=0.00256, Test loss=0.718, Test acc=0.161]
 44%|████▍     | 88/200 [19:46<24:44, 13.26s/it, Train loss=0.0133, Train acc=0.00256, Test loss=0.718, Test acc=0.161]
 44%|████▍     | 88/200 [19:59<24:44, 13.26s/it, Train loss=0.0119, Train acc=0.00216, Test loss=0.714, Test acc=0.162]
 44%|████▍     | 89/200 [19:59<24:33, 13.27s/it, Train loss=0.0119, Train acc=0.00216, Test loss=0.714, Test acc=0.162]
 44%|████▍     | 89/200 [20:12<24:33, 13.27s/it, Train loss=0.0108, Train acc=0.00198, Test loss=0.714, Test acc=0.159]
 45%|████▌     | 90/200 [20:12<24:21, 13.29s/it, Train loss=0.0108, Train acc=0.00198, Test loss=0.714, Test acc=0.159]
 45%|████▌     | 90/200 [20:25<24:21, 13.29s/it, Train loss=0.01, Train acc=0.00166, Test loss=0.723, Test acc=0.16]   
 46%|████▌     | 91/200 [20:25<24:05, 13.26s/it, Train loss=0.01, Train acc=0.00166, Test loss=0.723, Test acc=0.16]
 46%|████▌     | 91/200 [20:39<24:05, 13.26s/it, Train loss=0.0096, Train acc=0.00198, Test loss=0.727, Test acc=0.162]
 46%|████▌     | 92/200 [20:39<23:51, 13.26s/it, Train loss=0.0096, Train acc=0.00198, Test loss=0.727, Test acc=0.162]
 46%|████▌     | 92/200 [20:52<23:51, 13.26s/it, Train loss=0.00819, Train acc=0.00128, Test loss=0.744, Test acc=0.161]
 46%|████▋     | 93/200 [20:52<23:39, 13.27s/it, Train loss=0.00819, Train acc=0.00128, Test loss=0.744, Test acc=0.161]
 46%|████▋     | 93/200 [21:05<23:39, 13.27s/it, Train loss=0.00827, Train acc=0.00128, Test loss=0.713, Test acc=0.158]
 47%|████▋     | 94/200 [21:05<23:28, 13.29s/it, Train loss=0.00827, Train acc=0.00128, Test loss=0.713, Test acc=0.158]
 47%|████▋     | 94/200 [21:19<23:28, 13.29s/it, Train loss=0.00676, Train acc=0.00114, Test loss=0.727, Test acc=0.159]
 48%|████▊     | 95/200 [21:19<23:15, 13.29s/it, Train loss=0.00676, Train acc=0.00114, Test loss=0.727, Test acc=0.159]
 48%|████▊     | 95/200 [21:32<23:15, 13.29s/it, Train loss=0.00672, Train acc=0.00123, Test loss=0.728, Test acc=0.159]
 48%|████▊     | 96/200 [21:32<22:59, 13.26s/it, Train loss=0.00672, Train acc=0.00123, Test loss=0.728, Test acc=0.159]
 48%|████▊     | 96/200 [21:45<22:59, 13.26s/it, Train loss=0.00635, Train acc=0.00112, Test loss=0.719, Test acc=0.16] 
 48%|████▊     | 97/200 [21:45<22:45, 13.25s/it, Train loss=0.00635, Train acc=0.00112, Test loss=0.719, Test acc=0.16]
 48%|████▊     | 97/200 [21:58<22:45, 13.25s/it, Train loss=0.00525, Train acc=0.000959, Test loss=0.725, Test acc=0.156]
 49%|████▉     | 98/200 [21:58<22:32, 13.26s/it, Train loss=0.00525, Train acc=0.000959, Test loss=0.725, Test acc=0.156]
 49%|████▉     | 98/200 [22:12<22:32, 13.26s/it, Train loss=0.00458, Train acc=0.000619, Test loss=0.734, Test acc=0.155]
 50%|████▉     | 99/200 [22:12<22:20, 13.27s/it, Train loss=0.00458, Train acc=0.000619, Test loss=0.734, Test acc=0.155]
 50%|████▉     | 99/200 [22:25<22:20, 13.27s/it, Train loss=0.00401, Train acc=0.000559, Test loss=0.744, Test acc=0.154]
 50%|█████     | 100/200 [22:25<22:07, 13.28s/it, Train loss=0.00401, Train acc=0.000559, Test loss=0.744, Test acc=0.154]
 50%|█████     | 100/200 [22:38<22:07, 13.28s/it, Train loss=0.00362, Train acc=0.0005, Test loss=0.739, Test acc=0.157]  
 50%|█████     | 101/200 [22:38<21:52, 13.26s/it, Train loss=0.00362, Train acc=0.0005, Test loss=0.739, Test acc=0.157]
 50%|█████     | 101/200 [22:51<21:52, 13.26s/it, Train loss=0.0027, Train acc=0.00042, Test loss=0.748, Test acc=0.155]
 51%|█████     | 102/200 [22:51<21:39, 13.26s/it, Train loss=0.0027, Train acc=0.00042, Test loss=0.748, Test acc=0.155]
 51%|█████     | 102/200 [23:05<21:39, 13.26s/it, Train loss=0.00333, Train acc=0.000434, Test loss=0.751, Test acc=0.157]
 52%|█████▏    | 103/200 [23:05<21:28, 13.29s/it, Train loss=0.00333, Train acc=0.000434, Test loss=0.751, Test acc=0.157]
 52%|█████▏    | 103/200 [23:18<21:28, 13.29s/it, Train loss=0.0024, Train acc=0.00034, Test loss=0.751, Test acc=0.155]  
 52%|█████▏    | 104/200 [23:18<21:18, 13.31s/it, Train loss=0.0024, Train acc=0.00034, Test loss=0.751, Test acc=0.155]
 52%|█████▏    | 104/200 [23:31<21:18, 13.31s/it, Train loss=0.00201, Train acc=0.00022, Test loss=0.753, Test acc=0.155]
 52%|█████▎    | 105/200 [23:31<21:03, 13.30s/it, Train loss=0.00201, Train acc=0.00022, Test loss=0.753, Test acc=0.155]
 52%|█████▎    | 105/200 [23:45<21:03, 13.30s/it, Train loss=0.00248, Train acc=0.00034, Test loss=0.762, Test acc=0.156]
 53%|█████▎    | 106/200 [23:45<20:48, 13.28s/it, Train loss=0.00248, Train acc=0.00034, Test loss=0.762, Test acc=0.156]
 53%|█████▎    | 106/200 [23:58<20:48, 13.28s/it, Train loss=0.00181, Train acc=0.00024, Test loss=0.747, Test acc=0.155]
 54%|█████▎    | 107/200 [23:58<20:34, 13.28s/it, Train loss=0.00181, Train acc=0.00024, Test loss=0.747, Test acc=0.155]
 54%|█████▎    | 107/200 [24:11<20:34, 13.28s/it, Train loss=0.00131, Train acc=0.0002, Test loss=0.757, Test acc=0.154] 
 54%|█████▍    | 108/200 [24:11<20:22, 13.29s/it, Train loss=0.00131, Train acc=0.0002, Test loss=0.757, Test acc=0.154]
 54%|█████▍    | 108/200 [24:25<20:22, 13.29s/it, Train loss=0.00127, Train acc=0.00022, Test loss=0.761, Test acc=0.155]
 55%|█████▍    | 109/200 [24:25<20:10, 13.30s/it, Train loss=0.00127, Train acc=0.00022, Test loss=0.761, Test acc=0.155]
 55%|█████▍    | 109/200 [24:38<20:10, 13.30s/it, Train loss=0.00118, Train acc=0.00016, Test loss=0.763, Test acc=0.156]
 55%|█████▌    | 110/200 [24:38<19:57, 13.30s/it, Train loss=0.00118, Train acc=0.00016, Test loss=0.763, Test acc=0.156]
 55%|█████▌    | 110/200 [24:51<19:57, 13.30s/it, Train loss=0.00115, Train acc=0.00018, Test loss=0.772, Test acc=0.157]
 56%|█████▌    | 111/200 [24:51<19:41, 13.28s/it, Train loss=0.00115, Train acc=0.00018, Test loss=0.772, Test acc=0.157]
 56%|█████▌    | 111/200 [25:04<19:41, 13.28s/it, Train loss=0.00148, Train acc=0.00026, Test loss=0.776, Test acc=0.155]
 56%|█████▌    | 112/200 [25:04<19:28, 13.28s/it, Train loss=0.00148, Train acc=0.00026, Test loss=0.776, Test acc=0.155]
 56%|█████▌    | 112/200 [25:18<19:28, 13.28s/it, Train loss=0.00138, Train acc=0.0002, Test loss=0.771, Test acc=0.156] 
 56%|█████▋    | 113/200 [25:18<19:16, 13.29s/it, Train loss=0.00138, Train acc=0.0002, Test loss=0.771, Test acc=0.156]
 56%|█████▋    | 113/200 [25:31<19:16, 13.29s/it, Train loss=0.00108, Train acc=0.00012, Test loss=0.764, Test acc=0.156]
 57%|█████▋    | 114/200 [25:31<19:05, 13.31s/it, Train loss=0.00108, Train acc=0.00012, Test loss=0.764, Test acc=0.156]
 57%|█████▋    | 114/200 [25:44<19:05, 13.31s/it, Train loss=0.000757, Train acc=4e-5, Test loss=0.771, Test acc=0.157]  
 57%|█████▊    | 115/200 [25:44<18:50, 13.30s/it, Train loss=0.000757, Train acc=4e-5, Test loss=0.771, Test acc=0.157]
 57%|█████▊    | 115/200 [25:58<18:50, 13.30s/it, Train loss=0.000648, Train acc=4e-5, Test loss=0.777, Test acc=0.153]
 58%|█████▊    | 116/200 [25:58<18:52, 13.49s/it, Train loss=0.000648, Train acc=4e-5, Test loss=0.777, Test acc=0.153]
 58%|█████▊    | 116/200 [26:12<18:52, 13.49s/it, Train loss=0.000555, Train acc=4e-5, Test loss=0.778, Test acc=0.157]
 58%|█████▊    | 117/200 [26:12<18:33, 13.42s/it, Train loss=0.000555, Train acc=4e-5, Test loss=0.778, Test acc=0.157]
 58%|█████▊    | 117/200 [26:25<18:33, 13.42s/it, Train loss=0.000533, Train acc=4e-5, Test loss=0.777, Test acc=0.155]
 59%|█████▉    | 118/200 [26:25<18:18, 13.39s/it, Train loss=0.000533, Train acc=4e-5, Test loss=0.777, Test acc=0.155]
 59%|█████▉    | 118/200 [26:38<18:18, 13.39s/it, Train loss=0.000531, Train acc=4e-5, Test loss=0.784, Test acc=0.156]
 60%|█████▉    | 119/200 [26:38<18:02, 13.37s/it, Train loss=0.000531, Train acc=4e-5, Test loss=0.784, Test acc=0.156]
 60%|█████▉    | 119/200 [26:51<18:02, 13.37s/it, Train loss=0.000525, Train acc=2e-5, Test loss=0.788, Test acc=0.155]
 60%|██████    | 120/200 [26:51<17:46, 13.33s/it, Train loss=0.000525, Train acc=2e-5, Test loss=0.788, Test acc=0.155]
 60%|██████    | 120/200 [27:05<17:46, 13.33s/it, Train loss=0.000457, Train acc=2e-5, Test loss=0.79, Test acc=0.155] 
 60%|██████    | 121/200 [27:05<17:30, 13.29s/it, Train loss=0.000457, Train acc=2e-5, Test loss=0.79, Test acc=0.155]
 60%|██████    | 121/200 [27:18<17:30, 13.29s/it, Train loss=0.000578, Train acc=7.99e-5, Test loss=0.79, Test acc=0.155]
 61%|██████    | 122/200 [27:18<17:15, 13.28s/it, Train loss=0.000578, Train acc=7.99e-5, Test loss=0.79, Test acc=0.155]
 61%|██████    | 122/200 [27:31<17:15, 13.28s/it, Train loss=0.000622, Train acc=9.4e-5, Test loss=0.792, Test acc=0.156]
 62%|██████▏   | 123/200 [27:31<17:03, 13.30s/it, Train loss=0.000622, Train acc=9.4e-5, Test loss=0.792, Test acc=0.156]
 62%|██████▏   | 123/200 [27:45<17:03, 13.30s/it, Train loss=0.00077, Train acc=7.99e-5, Test loss=0.792, Test acc=0.157]
 62%|██████▏   | 124/200 [27:45<16:51, 13.31s/it, Train loss=0.00077, Train acc=7.99e-5, Test loss=0.792, Test acc=0.157]
 62%|██████▏   | 124/200 [27:58<16:51, 13.31s/it, Train loss=0.000401, Train acc=4e-5, Test loss=0.798, Test acc=0.155]  
 62%|██████▎   | 125/200 [27:58<16:37, 13.30s/it, Train loss=0.000401, Train acc=4e-5, Test loss=0.798, Test acc=0.155]
 62%|██████▎   | 125/200 [28:11<16:37, 13.30s/it, Train loss=0.000392, Train acc=7.99e-5, Test loss=0.796, Test acc=0.155]
 63%|██████▎   | 126/200 [28:11<16:22, 13.28s/it, Train loss=0.000392, Train acc=7.99e-5, Test loss=0.796, Test acc=0.155]
 63%|██████▎   | 126/200 [28:24<16:22, 13.28s/it, Train loss=0.000394, Train acc=4e-5, Test loss=0.79, Test acc=0.154]    
 64%|██████▎   | 127/200 [28:24<16:09, 13.28s/it, Train loss=0.000394, Train acc=4e-5, Test loss=0.79, Test acc=0.154]
 64%|██████▎   | 127/200 [28:38<16:09, 13.28s/it, Train loss=0.000398, Train acc=5.99e-5, Test loss=0.793, Test acc=0.154]
 64%|██████▍   | 128/200 [28:38<15:56, 13.29s/it, Train loss=0.000398, Train acc=5.99e-5, Test loss=0.793, Test acc=0.154]
 64%|██████▍   | 128/200 [28:51<15:56, 13.29s/it, Train loss=0.000385, Train acc=2e-5, Test loss=0.8, Test acc=0.154]     
 64%|██████▍   | 129/200 [28:51<15:45, 13.31s/it, Train loss=0.000385, Train acc=2e-5, Test loss=0.8, Test acc=0.154]
 64%|██████▍   | 129/200 [29:04<15:45, 13.31s/it, Train loss=0.000457, Train acc=4e-5, Test loss=0.799, Test acc=0.154]
 65%|██████▌   | 130/200 [29:04<15:30, 13.30s/it, Train loss=0.000457, Train acc=4e-5, Test loss=0.799, Test acc=0.154]
 65%|██████▌   | 130/200 [29:17<15:30, 13.30s/it, Train loss=0.000333, Train acc=0, Test loss=0.802, Test acc=0.154]   
 66%|██████▌   | 131/200 [29:17<15:15, 13.28s/it, Train loss=0.000333, Train acc=0, Test loss=0.802, Test acc=0.154]
 66%|██████▌   | 131/200 [29:31<15:15, 13.28s/it, Train loss=0.000374, Train acc=7.99e-5, Test loss=0.798, Test acc=0.154]
 66%|██████▌   | 132/200 [29:31<15:02, 13.27s/it, Train loss=0.000374, Train acc=7.99e-5, Test loss=0.798, Test acc=0.154]
 66%|██████▌   | 132/200 [29:44<15:02, 13.27s/it, Train loss=0.000366, Train acc=4e-5, Test loss=0.797, Test acc=0.154]   
 66%|██████▋   | 133/200 [29:44<14:50, 13.29s/it, Train loss=0.000366, Train acc=4e-5, Test loss=0.797, Test acc=0.154]
 66%|██████▋   | 133/200 [29:57<14:50, 13.29s/it, Train loss=0.000332, Train acc=2e-5, Test loss=0.802, Test acc=0.154]
 67%|██████▋   | 134/200 [29:57<14:38, 13.31s/it, Train loss=0.000332, Train acc=2e-5, Test loss=0.802, Test acc=0.154]
 67%|██████▋   | 134/200 [30:11<14:38, 13.31s/it, Train loss=0.000395, Train acc=2e-5, Test loss=0.801, Test acc=0.155]
 68%|██████▊   | 135/200 [30:11<14:24, 13.30s/it, Train loss=0.000395, Train acc=2e-5, Test loss=0.801, Test acc=0.155]
 68%|██████▊   | 135/200 [30:24<14:24, 13.30s/it, Train loss=0.000308, Train acc=0, Test loss=0.798, Test acc=0.153]   
 68%|██████▊   | 136/200 [30:24<14:09, 13.27s/it, Train loss=0.000308, Train acc=0, Test loss=0.798, Test acc=0.153]
 68%|██████▊   | 136/200 [30:37<14:09, 13.27s/it, Train loss=0.000286, Train acc=0, Test loss=0.807, Test acc=0.155]
 68%|██████▊   | 137/200 [30:37<13:55, 13.27s/it, Train loss=0.000286, Train acc=0, Test loss=0.807, Test acc=0.155]
 68%|██████▊   | 137/200 [30:51<13:55, 13.27s/it, Train loss=0.000306, Train acc=0, Test loss=0.805, Test acc=0.153]
 69%|██████▉   | 138/200 [30:51<13:43, 13.28s/it, Train loss=0.000306, Train acc=0, Test loss=0.805, Test acc=0.153]
 69%|██████▉   | 138/200 [31:04<13:43, 13.28s/it, Train loss=0.000324, Train acc=2e-5, Test loss=0.804, Test acc=0.153]
 70%|██████▉   | 139/200 [31:04<13:31, 13.31s/it, Train loss=0.000324, Train acc=2e-5, Test loss=0.804, Test acc=0.153]
 70%|██████▉   | 139/200 [31:17<13:31, 13.31s/it, Train loss=0.000399, Train acc=2e-5, Test loss=0.803, Test acc=0.155]
 70%|███████   | 140/200 [31:17<13:17, 13.30s/it, Train loss=0.000399, Train acc=2e-5, Test loss=0.803, Test acc=0.155]
 70%|███████   | 140/200 [31:30<13:17, 13.30s/it, Train loss=0.000471, Train acc=2e-5, Test loss=0.807, Test acc=0.154]
 70%|███████   | 141/200 [31:30<13:03, 13.28s/it, Train loss=0.000471, Train acc=2e-5, Test loss=0.807, Test acc=0.154]
 70%|███████   | 141/200 [31:44<13:03, 13.28s/it, Train loss=0.000458, Train acc=2e-5, Test loss=0.81, Test acc=0.153] 
 71%|███████   | 142/200 [31:44<12:49, 13.27s/it, Train loss=0.000458, Train acc=2e-5, Test loss=0.81, Test acc=0.153]
 71%|███████   | 142/200 [31:57<12:49, 13.27s/it, Train loss=0.000303, Train acc=2e-5, Test loss=0.811, Test acc=0.154]
 72%|███████▏  | 143/200 [31:57<12:37, 13.28s/it, Train loss=0.000303, Train acc=2e-5, Test loss=0.811, Test acc=0.154]
 72%|███████▏  | 143/200 [32:10<12:37, 13.28s/it, Train loss=0.000325, Train acc=2e-5, Test loss=0.803, Test acc=0.154]
 72%|███████▏  | 144/200 [32:10<12:25, 13.31s/it, Train loss=0.000325, Train acc=2e-5, Test loss=0.803, Test acc=0.154]
 72%|███████▏  | 144/200 [32:24<12:25, 13.31s/it, Train loss=0.00028, Train acc=0, Test loss=0.805, Test acc=0.153]    
 72%|███████▎  | 145/200 [32:24<12:14, 13.35s/it, Train loss=0.00028, Train acc=0, Test loss=0.805, Test acc=0.153]
 72%|███████▎  | 145/200 [32:37<12:14, 13.35s/it, Train loss=0.000271, Train acc=0, Test loss=0.81, Test acc=0.154]
 73%|███████▎  | 146/200 [32:37<12:02, 13.38s/it, Train loss=0.000271, Train acc=0, Test loss=0.81, Test acc=0.154]
 73%|███████▎  | 146/200 [32:50<12:02, 13.38s/it, Train loss=0.000261, Train acc=0, Test loss=0.808, Test acc=0.153]
 74%|███████▎  | 147/200 [32:50<11:47, 13.34s/it, Train loss=0.000261, Train acc=0, Test loss=0.808, Test acc=0.153]
 74%|███████▎  | 147/200 [33:04<11:47, 13.34s/it, Train loss=0.000231, Train acc=0, Test loss=0.811, Test acc=0.154]
 74%|███████▍  | 148/200 [33:04<11:33, 13.34s/it, Train loss=0.000231, Train acc=0, Test loss=0.811, Test acc=0.154]
 74%|███████▍  | 148/200 [33:17<11:33, 13.34s/it, Train loss=0.000243, Train acc=0, Test loss=0.81, Test acc=0.154] 
 74%|███████▍  | 149/200 [33:17<11:20, 13.35s/it, Train loss=0.000243, Train acc=0, Test loss=0.81, Test acc=0.154]
 74%|███████▍  | 149/200 [33:30<11:20, 13.35s/it, Train loss=0.000235, Train acc=0, Test loss=0.813, Test acc=0.154]
 75%|███████▌  | 150/200 [33:30<11:06, 13.33s/it, Train loss=0.000235, Train acc=0, Test loss=0.813, Test acc=0.154]
 75%|███████▌  | 150/200 [33:44<11:06, 13.33s/it, Train loss=0.000239, Train acc=0, Test loss=0.816, Test acc=0.153]
 76%|███████▌  | 151/200 [33:44<10:51, 13.31s/it, Train loss=0.000239, Train acc=0, Test loss=0.816, Test acc=0.153]
 76%|███████▌  | 151/200 [33:57<10:51, 13.31s/it, Train loss=0.00023, Train acc=0, Test loss=0.812, Test acc=0.154] 
 76%|███████▌  | 152/200 [33:57<10:37, 13.29s/it, Train loss=0.00023, Train acc=0, Test loss=0.812, Test acc=0.154]
 76%|███████▌  | 152/200 [34:10<10:37, 13.29s/it, Train loss=0.000243, Train acc=0, Test loss=0.812, Test acc=0.154]
 76%|███████▋  | 153/200 [34:10<10:24, 13.29s/it, Train loss=0.000243, Train acc=0, Test loss=0.812, Test acc=0.154]
 76%|███████▋  | 153/200 [34:24<10:24, 13.29s/it, Train loss=0.000258, Train acc=2e-5, Test loss=0.814, Test acc=0.154]
 77%|███████▋  | 154/200 [34:24<10:12, 13.30s/it, Train loss=0.000258, Train acc=2e-5, Test loss=0.814, Test acc=0.154]
 77%|███████▋  | 154/200 [34:37<10:12, 13.30s/it, Train loss=0.000239, Train acc=0, Test loss=0.815, Test acc=0.155]   
 78%|███████▊  | 155/200 [34:37<09:58, 13.29s/it, Train loss=0.000239, Train acc=0, Test loss=0.815, Test acc=0.155]
 78%|███████▊  | 155/200 [34:50<09:58, 13.29s/it, Train loss=0.000218, Train acc=0, Test loss=0.814, Test acc=0.153]
 78%|███████▊  | 156/200 [34:50<09:44, 13.28s/it, Train loss=0.000218, Train acc=0, Test loss=0.814, Test acc=0.153]
 78%|███████▊  | 156/200 [35:03<09:44, 13.28s/it, Train loss=0.000228, Train acc=0, Test loss=0.815, Test acc=0.154]
 78%|███████▊  | 157/200 [35:03<09:30, 13.27s/it, Train loss=0.000228, Train acc=0, Test loss=0.815, Test acc=0.154]
 78%|███████▊  | 157/200 [35:17<09:30, 13.27s/it, Train loss=0.000219, Train acc=0, Test loss=0.811, Test acc=0.152]
 79%|███████▉  | 158/200 [35:17<09:17, 13.28s/it, Train loss=0.000219, Train acc=0, Test loss=0.811, Test acc=0.152]
 79%|███████▉  | 158/200 [35:31<09:17, 13.28s/it, Train loss=0.000219, Train acc=0, Test loss=0.814, Test acc=0.154]
 80%|███████▉  | 159/200 [35:31<09:17, 13.60s/it, Train loss=0.000219, Train acc=0, Test loss=0.814, Test acc=0.154]
 80%|███████▉  | 159/200 [35:44<09:17, 13.60s/it, Train loss=0.000232, Train acc=0, Test loss=0.817, Test acc=0.154]
 80%|████████  | 160/200 [35:44<09:00, 13.52s/it, Train loss=0.000232, Train acc=0, Test loss=0.817, Test acc=0.154]
 80%|████████  | 160/200 [35:58<09:00, 13.52s/it, Train loss=0.000216, Train acc=2e-5, Test loss=0.81, Test acc=0.154]
 80%|████████  | 161/200 [35:58<08:44, 13.44s/it, Train loss=0.000216, Train acc=2e-5, Test loss=0.81, Test acc=0.154]
 80%|████████  | 161/200 [36:11<08:44, 13.44s/it, Train loss=0.000225, Train acc=0, Test loss=0.815, Test acc=0.154]  
 81%|████████  | 162/200 [36:11<08:28, 13.39s/it, Train loss=0.000225, Train acc=0, Test loss=0.815, Test acc=0.154]
 81%|████████  | 162/200 [36:24<08:28, 13.39s/it, Train loss=0.000222, Train acc=0, Test loss=0.822, Test acc=0.154]
 82%|████████▏ | 163/200 [36:24<08:14, 13.36s/it, Train loss=0.000222, Train acc=0, Test loss=0.822, Test acc=0.154]
 82%|████████▏ | 163/200 [36:38<08:14, 13.36s/it, Train loss=0.000212, Train acc=0, Test loss=0.813, Test acc=0.154]
 82%|████████▏ | 164/200 [36:38<08:02, 13.41s/it, Train loss=0.000212, Train acc=0, Test loss=0.813, Test acc=0.154]
 82%|████████▏ | 164/200 [36:51<08:02, 13.41s/it, Train loss=0.000204, Train acc=0, Test loss=0.821, Test acc=0.153]
 82%|████████▎ | 165/200 [36:51<07:51, 13.48s/it, Train loss=0.000204, Train acc=0, Test loss=0.821, Test acc=0.153]
 82%|████████▎ | 165/200 [37:05<07:51, 13.48s/it, Train loss=0.000208, Train acc=0, Test loss=0.818, Test acc=0.154]
 83%|████████▎ | 166/200 [37:05<07:43, 13.64s/it, Train loss=0.000208, Train acc=0, Test loss=0.818, Test acc=0.154]
 83%|████████▎ | 166/200 [37:19<07:43, 13.64s/it, Train loss=0.00021, Train acc=0, Test loss=0.82, Test acc=0.154]  
 84%|████████▎ | 167/200 [37:19<07:31, 13.70s/it, Train loss=0.00021, Train acc=0, Test loss=0.82, Test acc=0.154]
 84%|████████▎ | 167/200 [37:33<07:31, 13.70s/it, Train loss=0.000218, Train acc=0, Test loss=0.816, Test acc=0.154]
 84%|████████▍ | 168/200 [37:33<07:17, 13.66s/it, Train loss=0.000218, Train acc=0, Test loss=0.816, Test acc=0.154]
 84%|████████▍ | 168/200 [37:47<07:17, 13.66s/it, Train loss=0.000208, Train acc=0, Test loss=0.819, Test acc=0.154]
 84%|████████▍ | 169/200 [37:47<07:12, 13.94s/it, Train loss=0.000208, Train acc=0, Test loss=0.819, Test acc=0.154]
 84%|████████▍ | 169/200 [38:01<07:12, 13.94s/it, Train loss=0.000208, Train acc=0, Test loss=0.819, Test acc=0.155]
 85%|████████▌ | 170/200 [38:01<06:58, 13.95s/it, Train loss=0.000208, Train acc=0, Test loss=0.819, Test acc=0.155]
 85%|████████▌ | 170/200 [38:15<06:58, 13.95s/it, Train loss=0.0002, Train acc=0, Test loss=0.825, Test acc=0.153]  
 86%|████████▌ | 171/200 [38:15<06:38, 13.74s/it, Train loss=0.0002, Train acc=0, Test loss=0.825, Test acc=0.153]
 86%|████████▌ | 171/200 [38:28<06:38, 13.74s/it, Train loss=0.000214, Train acc=0, Test loss=0.821, Test acc=0.154]
 86%|████████▌ | 172/200 [38:28<06:21, 13.63s/it, Train loss=0.000214, Train acc=0, Test loss=0.821, Test acc=0.154]
 86%|████████▌ | 172/200 [38:41<06:21, 13.63s/it, Train loss=0.000225, Train acc=0, Test loss=0.815, Test acc=0.153]
 86%|████████▋ | 173/200 [38:41<06:05, 13.54s/it, Train loss=0.000225, Train acc=0, Test loss=0.815, Test acc=0.153]
 86%|████████▋ | 173/200 [38:55<06:05, 13.54s/it, Train loss=0.000194, Train acc=0, Test loss=0.824, Test acc=0.153]
 87%|████████▋ | 174/200 [38:55<05:51, 13.52s/it, Train loss=0.000194, Train acc=0, Test loss=0.824, Test acc=0.153]
 87%|████████▋ | 174/200 [39:09<05:51, 13.52s/it, Train loss=0.000213, Train acc=0, Test loss=0.816, Test acc=0.154]
 88%|████████▊ | 175/200 [39:09<05:44, 13.78s/it, Train loss=0.000213, Train acc=0, Test loss=0.816, Test acc=0.154]
 88%|████████▊ | 175/200 [39:23<05:44, 13.78s/it, Train loss=0.000209, Train acc=0, Test loss=0.818, Test acc=0.154]
 88%|████████▊ | 176/200 [39:23<05:31, 13.82s/it, Train loss=0.000209, Train acc=0, Test loss=0.818, Test acc=0.154]
 88%|████████▊ | 176/200 [39:37<05:31, 13.82s/it, Train loss=0.000207, Train acc=0, Test loss=0.821, Test acc=0.154]
 88%|████████▊ | 177/200 [39:37<05:19, 13.91s/it, Train loss=0.000207, Train acc=0, Test loss=0.821, Test acc=0.154]
 88%|████████▊ | 177/200 [39:52<05:19, 13.91s/it, Train loss=0.000198, Train acc=0, Test loss=0.816, Test acc=0.153]
 89%|████████▉ | 178/200 [39:52<05:09, 14.08s/it, Train loss=0.000198, Train acc=0, Test loss=0.816, Test acc=0.153]
 89%|████████▉ | 178/200 [40:06<05:09, 14.08s/it, Train loss=0.000206, Train acc=0, Test loss=0.822, Test acc=0.154]
 90%|████████▉ | 179/200 [40:06<04:55, 14.08s/it, Train loss=0.000206, Train acc=0, Test loss=0.822, Test acc=0.154]
 90%|████████▉ | 179/200 [40:20<04:55, 14.08s/it, Train loss=0.000198, Train acc=0, Test loss=0.823, Test acc=0.152]
 90%|█████████ | 180/200 [40:20<04:44, 14.21s/it, Train loss=0.000198, Train acc=0, Test loss=0.823, Test acc=0.152]
 90%|█████████ | 180/200 [40:35<04:44, 14.21s/it, Train loss=0.00022, Train acc=0, Test loss=0.816, Test acc=0.153] 
 90%|█████████ | 181/200 [40:35<04:31, 14.27s/it, Train loss=0.00022, Train acc=0, Test loss=0.816, Test acc=0.153]
 90%|█████████ | 181/200 [40:48<04:31, 14.27s/it, Train loss=0.000213, Train acc=0, Test loss=0.821, Test acc=0.153]
 91%|█████████ | 182/200 [40:48<04:13, 14.06s/it, Train loss=0.000213, Train acc=0, Test loss=0.821, Test acc=0.153]
 91%|█████████ | 182/200 [41:02<04:13, 14.06s/it, Train loss=0.000192, Train acc=0, Test loss=0.82, Test acc=0.153] 
 92%|█████████▏| 183/200 [41:02<03:55, 13.86s/it, Train loss=0.000192, Train acc=0, Test loss=0.82, Test acc=0.153]
 92%|█████████▏| 183/200 [41:15<03:55, 13.86s/it, Train loss=0.000197, Train acc=0, Test loss=0.82, Test acc=0.154]
 92%|█████████▏| 184/200 [41:15<03:39, 13.72s/it, Train loss=0.000197, Train acc=0, Test loss=0.82, Test acc=0.154]
 92%|█████████▏| 184/200 [41:28<03:39, 13.72s/it, Train loss=0.0002, Train acc=0, Test loss=0.823, Test acc=0.154] 
 92%|█████████▎| 185/200 [41:28<03:24, 13.60s/it, Train loss=0.0002, Train acc=0, Test loss=0.823, Test acc=0.154]
 92%|█████████▎| 185/200 [41:42<03:24, 13.60s/it, Train loss=0.00019, Train acc=0, Test loss=0.82, Test acc=0.154]
 93%|█████████▎| 186/200 [41:42<03:09, 13.51s/it, Train loss=0.00019, Train acc=0, Test loss=0.82, Test acc=0.154]
 93%|█████████▎| 186/200 [41:55<03:09, 13.51s/it, Train loss=0.000194, Train acc=0, Test loss=0.819, Test acc=0.152]
 94%|█████████▎| 187/200 [41:55<02:54, 13.46s/it, Train loss=0.000194, Train acc=0, Test loss=0.819, Test acc=0.152]
 94%|█████████▎| 187/200 [42:09<02:54, 13.46s/it, Train loss=0.00021, Train acc=0, Test loss=0.817, Test acc=0.154] 
 94%|█████████▍| 188/200 [42:09<02:44, 13.71s/it, Train loss=0.00021, Train acc=0, Test loss=0.817, Test acc=0.154]
 94%|█████████▍| 188/200 [42:23<02:44, 13.71s/it, Train loss=0.000203, Train acc=0, Test loss=0.82, Test acc=0.154]
 94%|█████████▍| 189/200 [42:23<02:29, 13.63s/it, Train loss=0.000203, Train acc=0, Test loss=0.82, Test acc=0.154]
 94%|█████████▍| 189/200 [42:36<02:29, 13.63s/it, Train loss=0.000196, Train acc=0, Test loss=0.82, Test acc=0.154]
 95%|█████████▌| 190/200 [42:36<02:15, 13.53s/it, Train loss=0.000196, Train acc=0, Test loss=0.82, Test acc=0.154]
 95%|█████████▌| 190/200 [42:49<02:15, 13.53s/it, Train loss=0.000193, Train acc=0, Test loss=0.822, Test acc=0.154]
 96%|█████████▌| 191/200 [42:49<02:01, 13.49s/it, Train loss=0.000193, Train acc=0, Test loss=0.822, Test acc=0.154]
 96%|█████████▌| 191/200 [43:03<02:01, 13.49s/it, Train loss=0.000223, Train acc=0, Test loss=0.822, Test acc=0.153]
 96%|█████████▌| 192/200 [43:03<01:47, 13.43s/it, Train loss=0.000223, Train acc=0, Test loss=0.822, Test acc=0.153]
 96%|█████████▌| 192/200 [43:16<01:47, 13.43s/it, Train loss=0.000192, Train acc=0, Test loss=0.829, Test acc=0.154]
 96%|█████████▋| 193/200 [43:16<01:34, 13.46s/it, Train loss=0.000192, Train acc=0, Test loss=0.829, Test acc=0.154]
 96%|█████████▋| 193/200 [43:30<01:34, 13.46s/it, Train loss=0.000194, Train acc=0, Test loss=0.819, Test acc=0.153]
 97%|█████████▋| 194/200 [43:30<01:21, 13.52s/it, Train loss=0.000194, Train acc=0, Test loss=0.819, Test acc=0.153]
 97%|█████████▋| 194/200 [43:43<01:21, 13.52s/it, Train loss=0.000193, Train acc=0, Test loss=0.817, Test acc=0.154]
 98%|█████████▊| 195/200 [43:43<01:07, 13.51s/it, Train loss=0.000193, Train acc=0, Test loss=0.817, Test acc=0.154]
 98%|█████████▊| 195/200 [43:57<01:07, 13.51s/it, Train loss=0.000195, Train acc=0, Test loss=0.821, Test acc=0.154]
 98%|█████████▊| 196/200 [43:57<00:54, 13.58s/it, Train loss=0.000195, Train acc=0, Test loss=0.821, Test acc=0.154]
 98%|█████████▊| 196/200 [44:11<00:54, 13.58s/it, Train loss=0.000215, Train acc=0, Test loss=0.822, Test acc=0.153]
 98%|█████████▊| 197/200 [44:11<00:40, 13.54s/it, Train loss=0.000215, Train acc=0, Test loss=0.822, Test acc=0.153]
 98%|█████████▊| 197/200 [44:24<00:40, 13.54s/it, Train loss=0.000203, Train acc=0, Test loss=0.819, Test acc=0.153]
 99%|█████████▉| 198/200 [44:24<00:26, 13.50s/it, Train loss=0.000203, Train acc=0, Test loss=0.819, Test acc=0.153]
 99%|█████████▉| 198/200 [44:37<00:26, 13.50s/it, Train loss=0.000209, Train acc=0, Test loss=0.818, Test acc=0.153]
100%|█████████▉| 199/200 [44:37<00:13, 13.46s/it, Train loss=0.000209, Train acc=0, Test loss=0.818, Test acc=0.153]
100%|█████████▉| 199/200 [44:51<00:13, 13.46s/it, Train loss=0.000207, Train acc=0, Test loss=0.82, Test acc=0.153] 
100%|██████████| 200/200 [44:51<00:00, 13.41s/it, Train loss=0.000207, Train acc=0, Test loss=0.82, Test acc=0.153]
100%|██████████| 200/200 [44:51<00:00, 13.46s/it, Train loss=0.000207, Train acc=0, Test loss=0.82, Test acc=0.153]
