Files already downloaded and verified
Files already downloaded and verified
load resnet18...

  0%|          | 0/200 [00:00<?, ?it/s]
  0%|          | 0/200 [00:17<?, ?it/s, Train loss=2.01, Train acc=0.739, Test loss=2.89, Test acc=0.839]
  0%|          | 1/200 [00:17<58:22, 17.60s/it, Train loss=2.01, Train acc=0.739, Test loss=2.89, Test acc=0.839]
  0%|          | 1/200 [00:34<58:22, 17.60s/it, Train loss=1.7, Train acc=0.642, Test loss=1.76, Test acc=0.666] 
  1%|          | 2/200 [00:34<57:20, 17.38s/it, Train loss=1.7, Train acc=0.642, Test loss=1.76, Test acc=0.666]
  1%|          | 2/200 [00:52<57:20, 17.38s/it, Train loss=1.55, Train acc=0.58, Test loss=1.74, Test acc=0.639]
  2%|▏         | 3/200 [00:52<56:53, 17.33s/it, Train loss=1.55, Train acc=0.58, Test loss=1.74, Test acc=0.639]
  2%|▏         | 3/200 [01:09<56:53, 17.33s/it, Train loss=1.43, Train acc=0.532, Test loss=1.79, Test acc=0.663]
  2%|▏         | 4/200 [01:09<56:29, 17.29s/it, Train loss=1.43, Train acc=0.532, Test loss=1.79, Test acc=0.663]
  2%|▏         | 4/200 [01:26<56:29, 17.29s/it, Train loss=1.33, Train acc=0.49, Test loss=1.81, Test acc=0.62]  
  2%|▎         | 5/200 [01:26<56:09, 17.28s/it, Train loss=1.33, Train acc=0.49, Test loss=1.81, Test acc=0.62]
  2%|▎         | 5/200 [01:43<56:09, 17.28s/it, Train loss=1.24, Train acc=0.453, Test loss=4.34, Test acc=0.7]
  3%|▎         | 6/200 [01:43<55:46, 17.25s/it, Train loss=1.24, Train acc=0.453, Test loss=4.34, Test acc=0.7]
  3%|▎         | 6/200 [02:00<55:46, 17.25s/it, Train loss=1.16, Train acc=0.42, Test loss=1.27, Test acc=0.47]
  4%|▎         | 7/200 [02:00<55:24, 17.23s/it, Train loss=1.16, Train acc=0.42, Test loss=1.27, Test acc=0.47]
  4%|▎         | 7/200 [02:18<55:24, 17.23s/it, Train loss=1.08, Train acc=0.388, Test loss=1.23, Test acc=0.459]
  4%|▍         | 8/200 [02:18<55:06, 17.22s/it, Train loss=1.08, Train acc=0.388, Test loss=1.23, Test acc=0.459]
  4%|▍         | 8/200 [02:35<55:06, 17.22s/it, Train loss=1.02, Train acc=0.367, Test loss=1.4, Test acc=0.514] 
  4%|▍         | 9/200 [02:35<54:47, 17.21s/it, Train loss=1.02, Train acc=0.367, Test loss=1.4, Test acc=0.514]
  4%|▍         | 9/200 [02:52<54:47, 17.21s/it, Train loss=0.968, Train acc=0.347, Test loss=1.79, Test acc=0.564]
  5%|▌         | 10/200 [02:52<54:31, 17.22s/it, Train loss=0.968, Train acc=0.347, Test loss=1.79, Test acc=0.564]
  5%|▌         | 10/200 [03:09<54:31, 17.22s/it, Train loss=0.914, Train acc=0.327, Test loss=1.26, Test acc=0.459]
  6%|▌         | 11/200 [03:09<54:15, 17.22s/it, Train loss=0.914, Train acc=0.327, Test loss=1.26, Test acc=0.459]
  6%|▌         | 11/200 [03:27<54:15, 17.22s/it, Train loss=0.864, Train acc=0.307, Test loss=1.01, Test acc=0.346]
  6%|▌         | 12/200 [03:27<53:59, 17.23s/it, Train loss=0.864, Train acc=0.307, Test loss=1.01, Test acc=0.346]
  6%|▌         | 12/200 [03:44<53:59, 17.23s/it, Train loss=0.82, Train acc=0.29, Test loss=1.25, Test acc=0.417]  
  6%|▋         | 13/200 [03:44<53:41, 17.23s/it, Train loss=0.82, Train acc=0.29, Test loss=1.25, Test acc=0.417]
  6%|▋         | 13/200 [04:01<53:41, 17.23s/it, Train loss=0.774, Train acc=0.273, Test loss=0.95, Test acc=0.339]
  7%|▋         | 14/200 [04:01<53:25, 17.24s/it, Train loss=0.774, Train acc=0.273, Test loss=0.95, Test acc=0.339]
  7%|▋         | 14/200 [04:18<53:25, 17.24s/it, Train loss=0.735, Train acc=0.258, Test loss=1.09, Test acc=0.368]
  8%|▊         | 15/200 [04:18<53:13, 17.26s/it, Train loss=0.735, Train acc=0.258, Test loss=1.09, Test acc=0.368]
  8%|▊         | 15/200 [04:36<53:13, 17.26s/it, Train loss=0.701, Train acc=0.245, Test loss=0.961, Test acc=0.339]
  8%|▊         | 16/200 [04:36<52:57, 17.27s/it, Train loss=0.701, Train acc=0.245, Test loss=0.961, Test acc=0.339]
  8%|▊         | 16/200 [04:53<52:57, 17.27s/it, Train loss=0.678, Train acc=0.237, Test loss=0.883, Test acc=0.305]
  8%|▊         | 17/200 [04:53<52:40, 17.27s/it, Train loss=0.678, Train acc=0.237, Test loss=0.883, Test acc=0.305]
  8%|▊         | 17/200 [05:10<52:40, 17.27s/it, Train loss=0.642, Train acc=0.224, Test loss=0.819, Test acc=0.297]
  9%|▉         | 18/200 [05:10<52:19, 17.25s/it, Train loss=0.642, Train acc=0.224, Test loss=0.819, Test acc=0.297]
  9%|▉         | 18/200 [05:27<52:19, 17.25s/it, Train loss=0.622, Train acc=0.218, Test loss=0.922, Test acc=0.31] 
 10%|▉         | 19/200 [05:27<52:04, 17.26s/it, Train loss=0.622, Train acc=0.218, Test loss=0.922, Test acc=0.31]
 10%|▉         | 19/200 [05:45<52:04, 17.26s/it, Train loss=0.6, Train acc=0.208, Test loss=0.796, Test acc=0.282] 
 10%|█         | 20/200 [05:45<51:45, 17.25s/it, Train loss=0.6, Train acc=0.208, Test loss=0.796, Test acc=0.282]
 10%|█         | 20/200 [06:02<51:45, 17.25s/it, Train loss=0.575, Train acc=0.199, Test loss=0.947, Test acc=0.323]
 10%|█         | 21/200 [06:02<51:28, 17.25s/it, Train loss=0.575, Train acc=0.199, Test loss=0.947, Test acc=0.323]
 10%|█         | 21/200 [06:19<51:28, 17.25s/it, Train loss=0.558, Train acc=0.195, Test loss=1.02, Test acc=0.334] 
 11%|█         | 22/200 [06:19<51:13, 17.27s/it, Train loss=0.558, Train acc=0.195, Test loss=1.02, Test acc=0.334]
 11%|█         | 22/200 [06:36<51:13, 17.27s/it, Train loss=0.543, Train acc=0.19, Test loss=0.87, Test acc=0.292] 
 12%|█▏        | 23/200 [06:36<50:57, 17.27s/it, Train loss=0.543, Train acc=0.19, Test loss=0.87, Test acc=0.292]
 12%|█▏        | 23/200 [06:54<50:57, 17.27s/it, Train loss=0.521, Train acc=0.18, Test loss=0.734, Test acc=0.252]
 12%|█▏        | 24/200 [06:54<50:39, 17.27s/it, Train loss=0.521, Train acc=0.18, Test loss=0.734, Test acc=0.252]
 12%|█▏        | 24/200 [07:11<50:39, 17.27s/it, Train loss=0.508, Train acc=0.175, Test loss=0.746, Test acc=0.262]
 12%|█▎        | 25/200 [07:11<50:21, 17.27s/it, Train loss=0.508, Train acc=0.175, Test loss=0.746, Test acc=0.262]
 12%|█▎        | 25/200 [07:28<50:21, 17.27s/it, Train loss=0.493, Train acc=0.171, Test loss=0.686, Test acc=0.241]
 13%|█▎        | 26/200 [07:28<50:08, 17.29s/it, Train loss=0.493, Train acc=0.171, Test loss=0.686, Test acc=0.241]
 13%|█▎        | 26/200 [07:46<50:08, 17.29s/it, Train loss=0.479, Train acc=0.167, Test loss=0.647, Test acc=0.234]
 14%|█▎        | 27/200 [07:46<49:53, 17.30s/it, Train loss=0.479, Train acc=0.167, Test loss=0.647, Test acc=0.234]
 14%|█▎        | 27/200 [08:03<49:53, 17.30s/it, Train loss=0.461, Train acc=0.161, Test loss=0.738, Test acc=0.235]
 14%|█▍        | 28/200 [08:03<49:33, 17.29s/it, Train loss=0.461, Train acc=0.161, Test loss=0.738, Test acc=0.235]
 14%|█▍        | 28/200 [08:20<49:33, 17.29s/it, Train loss=0.454, Train acc=0.156, Test loss=1.01, Test acc=0.323] 
 14%|█▍        | 29/200 [08:20<49:17, 17.29s/it, Train loss=0.454, Train acc=0.156, Test loss=1.01, Test acc=0.323]
 14%|█▍        | 29/200 [08:38<49:17, 17.29s/it, Train loss=0.442, Train acc=0.153, Test loss=0.84, Test acc=0.287]
 15%|█▌        | 30/200 [08:38<49:02, 17.31s/it, Train loss=0.442, Train acc=0.153, Test loss=0.84, Test acc=0.287]
 15%|█▌        | 30/200 [08:55<49:02, 17.31s/it, Train loss=0.429, Train acc=0.149, Test loss=0.796, Test acc=0.252]
 16%|█▌        | 31/200 [08:55<48:45, 17.31s/it, Train loss=0.429, Train acc=0.149, Test loss=0.796, Test acc=0.252]
 16%|█▌        | 31/200 [09:12<48:45, 17.31s/it, Train loss=0.412, Train acc=0.143, Test loss=0.664, Test acc=0.219]
 16%|█▌        | 32/200 [09:12<48:27, 17.31s/it, Train loss=0.412, Train acc=0.143, Test loss=0.664, Test acc=0.219]
 16%|█▌        | 32/200 [09:30<48:27, 17.31s/it, Train loss=0.409, Train acc=0.143, Test loss=0.697, Test acc=0.226]
 16%|█▋        | 33/200 [09:30<48:14, 17.33s/it, Train loss=0.409, Train acc=0.143, Test loss=0.697, Test acc=0.226]
 16%|█▋        | 33/200 [09:47<48:14, 17.33s/it, Train loss=0.399, Train acc=0.14, Test loss=0.803, Test acc=0.266] 
 17%|█▋        | 34/200 [09:47<47:56, 17.33s/it, Train loss=0.399, Train acc=0.14, Test loss=0.803, Test acc=0.266]
 17%|█▋        | 34/200 [10:04<47:56, 17.33s/it, Train loss=0.382, Train acc=0.133, Test loss=0.467, Test acc=0.166]
 18%|█▊        | 35/200 [10:04<47:35, 17.30s/it, Train loss=0.382, Train acc=0.133, Test loss=0.467, Test acc=0.166]
 18%|█▊        | 35/200 [10:22<47:35, 17.30s/it, Train loss=0.374, Train acc=0.13, Test loss=0.985, Test acc=0.315] 
 18%|█▊        | 36/200 [10:22<47:20, 17.32s/it, Train loss=0.374, Train acc=0.13, Test loss=0.985, Test acc=0.315]
 18%|█▊        | 36/200 [10:39<47:20, 17.32s/it, Train loss=0.371, Train acc=0.131, Test loss=0.585, Test acc=0.197]
 18%|█▊        | 37/200 [10:39<47:03, 17.33s/it, Train loss=0.371, Train acc=0.131, Test loss=0.585, Test acc=0.197]
 18%|█▊        | 37/200 [10:56<47:03, 17.33s/it, Train loss=0.36, Train acc=0.125, Test loss=0.695, Test acc=0.231] 
 19%|█▉        | 38/200 [10:56<46:44, 17.31s/it, Train loss=0.36, Train acc=0.125, Test loss=0.695, Test acc=0.231]
 19%|█▉        | 38/200 [11:13<46:44, 17.31s/it, Train loss=0.352, Train acc=0.123, Test loss=0.609, Test acc=0.196]
 20%|█▉        | 39/200 [11:13<46:28, 17.32s/it, Train loss=0.352, Train acc=0.123, Test loss=0.609, Test acc=0.196]
 20%|█▉        | 39/200 [11:31<46:28, 17.32s/it, Train loss=0.348, Train acc=0.122, Test loss=0.572, Test acc=0.197]
 20%|██        | 40/200 [11:31<46:15, 17.34s/it, Train loss=0.348, Train acc=0.122, Test loss=0.572, Test acc=0.197]
 20%|██        | 40/200 [11:48<46:15, 17.34s/it, Train loss=0.332, Train acc=0.116, Test loss=0.532, Test acc=0.182]
 20%|██        | 41/200 [11:48<45:56, 17.34s/it, Train loss=0.332, Train acc=0.116, Test loss=0.532, Test acc=0.182]
 20%|██        | 41/200 [12:05<45:56, 17.34s/it, Train loss=0.328, Train acc=0.115, Test loss=0.481, Test acc=0.161]
 21%|██        | 42/200 [12:05<45:34, 17.31s/it, Train loss=0.328, Train acc=0.115, Test loss=0.481, Test acc=0.161]
 21%|██        | 42/200 [12:23<45:34, 17.31s/it, Train loss=0.321, Train acc=0.113, Test loss=0.781, Test acc=0.251]
 22%|██▏       | 43/200 [12:23<45:19, 17.32s/it, Train loss=0.321, Train acc=0.113, Test loss=0.781, Test acc=0.251]
 22%|██▏       | 43/200 [12:40<45:19, 17.32s/it, Train loss=0.323, Train acc=0.113, Test loss=0.814, Test acc=0.25] 
 22%|██▏       | 44/200 [12:40<45:00, 17.31s/it, Train loss=0.323, Train acc=0.113, Test loss=0.814, Test acc=0.25]
 22%|██▏       | 44/200 [12:57<45:00, 17.31s/it, Train loss=0.305, Train acc=0.107, Test loss=0.424, Test acc=0.143]
 22%|██▎       | 45/200 [12:57<44:38, 17.28s/it, Train loss=0.305, Train acc=0.107, Test loss=0.424, Test acc=0.143]
 22%|██▎       | 45/200 [13:15<44:38, 17.28s/it, Train loss=0.303, Train acc=0.107, Test loss=0.558, Test acc=0.186]
 23%|██▎       | 46/200 [13:15<44:24, 17.30s/it, Train loss=0.303, Train acc=0.107, Test loss=0.558, Test acc=0.186]
 23%|██▎       | 46/200 [13:32<44:24, 17.30s/it, Train loss=0.294, Train acc=0.103, Test loss=0.744, Test acc=0.222]
 24%|██▎       | 47/200 [13:32<44:12, 17.33s/it, Train loss=0.294, Train acc=0.103, Test loss=0.744, Test acc=0.222]
 24%|██▎       | 47/200 [13:51<44:12, 17.33s/it, Train loss=0.29, Train acc=0.102, Test loss=0.446, Test acc=0.152] 
 24%|██▍       | 48/200 [13:51<44:52, 17.71s/it, Train loss=0.29, Train acc=0.102, Test loss=0.446, Test acc=0.152]
 24%|██▍       | 48/200 [14:09<44:52, 17.71s/it, Train loss=0.283, Train acc=0.0979, Test loss=0.552, Test acc=0.181]
 24%|██▍       | 49/200 [14:09<45:18, 18.00s/it, Train loss=0.283, Train acc=0.0979, Test loss=0.552, Test acc=0.181]
 24%|██▍       | 49/200 [14:27<45:18, 18.00s/it, Train loss=0.276, Train acc=0.0968, Test loss=0.564, Test acc=0.189]
 25%|██▌       | 50/200 [14:27<44:31, 17.81s/it, Train loss=0.276, Train acc=0.0968, Test loss=0.564, Test acc=0.189]
 25%|██▌       | 50/200 [14:44<44:31, 17.81s/it, Train loss=0.269, Train acc=0.0937, Test loss=0.532, Test acc=0.18] 
 26%|██▌       | 51/200 [14:44<43:43, 17.60s/it, Train loss=0.269, Train acc=0.0937, Test loss=0.532, Test acc=0.18]
 26%|██▌       | 51/200 [15:01<43:43, 17.60s/it, Train loss=0.27, Train acc=0.0963, Test loss=0.401, Test acc=0.134]
 26%|██▌       | 52/200 [15:01<43:05, 17.47s/it, Train loss=0.27, Train acc=0.0963, Test loss=0.401, Test acc=0.134]
 26%|██▌       | 52/200 [15:18<43:05, 17.47s/it, Train loss=0.259, Train acc=0.0905, Test loss=0.466, Test acc=0.15]
 26%|██▋       | 53/200 [15:18<42:34, 17.37s/it, Train loss=0.259, Train acc=0.0905, Test loss=0.466, Test acc=0.15]
 26%|██▋       | 53/200 [15:35<42:34, 17.37s/it, Train loss=0.258, Train acc=0.0905, Test loss=0.544, Test acc=0.175]
 27%|██▋       | 54/200 [15:35<42:07, 17.31s/it, Train loss=0.258, Train acc=0.0905, Test loss=0.544, Test acc=0.175]
 27%|██▋       | 54/200 [15:52<42:07, 17.31s/it, Train loss=0.253, Train acc=0.0899, Test loss=0.405, Test acc=0.138]
 28%|██▊       | 55/200 [15:52<41:40, 17.25s/it, Train loss=0.253, Train acc=0.0899, Test loss=0.405, Test acc=0.138]
 28%|██▊       | 55/200 [16:10<41:40, 17.25s/it, Train loss=0.243, Train acc=0.086, Test loss=0.516, Test acc=0.171] 
 28%|██▊       | 56/200 [16:10<41:19, 17.22s/it, Train loss=0.243, Train acc=0.086, Test loss=0.516, Test acc=0.171]
 28%|██▊       | 56/200 [16:27<41:19, 17.22s/it, Train loss=0.24, Train acc=0.0849, Test loss=0.408, Test acc=0.136]
 28%|██▊       | 57/200 [16:27<41:01, 17.22s/it, Train loss=0.24, Train acc=0.0849, Test loss=0.408, Test acc=0.136]
 28%|██▊       | 57/200 [16:44<41:01, 17.22s/it, Train loss=0.233, Train acc=0.084, Test loss=0.597, Test acc=0.186]
 29%|██▉       | 58/200 [16:44<40:39, 17.18s/it, Train loss=0.233, Train acc=0.084, Test loss=0.597, Test acc=0.186]
 29%|██▉       | 58/200 [17:01<40:39, 17.18s/it, Train loss=0.231, Train acc=0.0822, Test loss=0.517, Test acc=0.168]
 30%|██▉       | 59/200 [17:01<40:23, 17.19s/it, Train loss=0.231, Train acc=0.0822, Test loss=0.517, Test acc=0.168]
 30%|██▉       | 59/200 [17:18<40:23, 17.19s/it, Train loss=0.227, Train acc=0.0806, Test loss=0.373, Test acc=0.124]
 30%|███       | 60/200 [17:18<40:08, 17.20s/it, Train loss=0.227, Train acc=0.0806, Test loss=0.373, Test acc=0.124]
 30%|███       | 60/200 [17:35<40:08, 17.20s/it, Train loss=0.218, Train acc=0.0771, Test loss=0.397, Test acc=0.128]
 30%|███       | 61/200 [17:35<39:46, 17.17s/it, Train loss=0.218, Train acc=0.0771, Test loss=0.397, Test acc=0.128]
 30%|███       | 61/200 [17:53<39:46, 17.17s/it, Train loss=0.214, Train acc=0.0764, Test loss=0.417, Test acc=0.133]
 31%|███       | 62/200 [17:53<39:27, 17.16s/it, Train loss=0.214, Train acc=0.0764, Test loss=0.417, Test acc=0.133]
 31%|███       | 62/200 [18:10<39:27, 17.16s/it, Train loss=0.212, Train acc=0.0761, Test loss=0.434, Test acc=0.137]
 32%|███▏      | 63/200 [18:10<39:13, 17.18s/it, Train loss=0.212, Train acc=0.0761, Test loss=0.434, Test acc=0.137]
 32%|███▏      | 63/200 [18:27<39:13, 17.18s/it, Train loss=0.208, Train acc=0.0729, Test loss=0.482, Test acc=0.15] 
 32%|███▏      | 64/200 [18:27<38:58, 17.19s/it, Train loss=0.208, Train acc=0.0729, Test loss=0.482, Test acc=0.15]
 32%|███▏      | 64/200 [18:44<38:58, 17.19s/it, Train loss=0.204, Train acc=0.0721, Test loss=0.414, Test acc=0.137]
 32%|███▎      | 65/200 [18:44<38:35, 17.15s/it, Train loss=0.204, Train acc=0.0721, Test loss=0.414, Test acc=0.137]
 32%|███▎      | 65/200 [19:01<38:35, 17.15s/it, Train loss=0.198, Train acc=0.0699, Test loss=0.524, Test acc=0.157]
 33%|███▎      | 66/200 [19:01<38:21, 17.17s/it, Train loss=0.198, Train acc=0.0699, Test loss=0.524, Test acc=0.157]
 33%|███▎      | 66/200 [19:18<38:21, 17.17s/it, Train loss=0.198, Train acc=0.0703, Test loss=0.525, Test acc=0.162]
 34%|███▎      | 67/200 [19:18<38:06, 17.19s/it, Train loss=0.198, Train acc=0.0703, Test loss=0.525, Test acc=0.162]
