Files already downloaded and verified
Files already downloaded and verified
load resnet18...

  0%|          | 0/200 [00:00<?, ?it/s]
  0%|          | 0/200 [00:17<?, ?it/s, Train loss=2.17, Train acc=0.773, Test loss=2.12, Test acc=0.771]
  0%|          | 1/200 [00:17<58:11, 17.54s/it, Train loss=2.17, Train acc=0.773, Test loss=2.12, Test acc=0.771]
  0%|          | 1/200 [00:34<58:11, 17.54s/it, Train loss=1.82, Train acc=0.684, Test loss=1.78, Test acc=0.675]
  1%|          | 2/200 [00:34<57:04, 17.30s/it, Train loss=1.82, Train acc=0.684, Test loss=1.78, Test acc=0.675]
  1%|          | 2/200 [00:51<57:04, 17.30s/it, Train loss=1.7, Train acc=0.635, Test loss=1.8, Test acc=0.685]  
  2%|▏         | 3/200 [00:51<56:26, 17.19s/it, Train loss=1.7, Train acc=0.635, Test loss=1.8, Test acc=0.685]
  2%|▏         | 3/200 [01:08<56:26, 17.19s/it, Train loss=1.61, Train acc=0.596, Test loss=1.65, Test acc=0.646]
  2%|▏         | 4/200 [01:08<56:02, 17.16s/it, Train loss=1.61, Train acc=0.596, Test loss=1.65, Test acc=0.646]
  2%|▏         | 4/200 [01:26<56:02, 17.16s/it, Train loss=1.53, Train acc=0.566, Test loss=1.56, Test acc=0.609]
  2%|▎         | 5/200 [01:26<55:48, 17.17s/it, Train loss=1.53, Train acc=0.566, Test loss=1.56, Test acc=0.609]
  2%|▎         | 5/200 [01:43<55:48, 17.17s/it, Train loss=1.46, Train acc=0.536, Test loss=1.55, Test acc=0.595]
  3%|▎         | 6/200 [01:43<55:27, 17.15s/it, Train loss=1.46, Train acc=0.536, Test loss=1.55, Test acc=0.595]
  3%|▎         | 6/200 [02:00<55:27, 17.15s/it, Train loss=1.39, Train acc=0.503, Test loss=1.56, Test acc=0.593]
  4%|▎         | 7/200 [02:00<55:03, 17.12s/it, Train loss=1.39, Train acc=0.503, Test loss=1.56, Test acc=0.593]
  4%|▎         | 7/200 [02:17<55:03, 17.12s/it, Train loss=1.31, Train acc=0.477, Test loss=1.34, Test acc=0.485]
  4%|▍         | 8/200 [02:17<54:43, 17.10s/it, Train loss=1.31, Train acc=0.477, Test loss=1.34, Test acc=0.485]
  4%|▍         | 8/200 [02:34<54:43, 17.10s/it, Train loss=1.25, Train acc=0.448, Test loss=1.34, Test acc=0.506]
  4%|▍         | 9/200 [02:34<54:18, 17.06s/it, Train loss=1.25, Train acc=0.448, Test loss=1.34, Test acc=0.506]
  4%|▍         | 9/200 [02:51<54:18, 17.06s/it, Train loss=1.18, Train acc=0.423, Test loss=1.5, Test acc=0.569] 
  5%|▌         | 10/200 [02:51<53:54, 17.02s/it, Train loss=1.18, Train acc=0.423, Test loss=1.5, Test acc=0.569]
  5%|▌         | 10/200 [03:08<53:54, 17.02s/it, Train loss=1.11, Train acc=0.392, Test loss=1.8, Test acc=0.6]  
  6%|▌         | 11/200 [03:08<53:31, 16.99s/it, Train loss=1.11, Train acc=0.392, Test loss=1.8, Test acc=0.6]
  6%|▌         | 11/200 [03:25<53:31, 16.99s/it, Train loss=1.05, Train acc=0.372, Test loss=1.35, Test acc=0.466]
  6%|▌         | 12/200 [03:25<53:12, 16.98s/it, Train loss=1.05, Train acc=0.372, Test loss=1.35, Test acc=0.466]
  6%|▌         | 12/200 [03:42<53:12, 16.98s/it, Train loss=0.986, Train acc=0.345, Test loss=1.57, Test acc=0.544]
  6%|▋         | 13/200 [03:42<52:57, 16.99s/it, Train loss=0.986, Train acc=0.345, Test loss=1.57, Test acc=0.544]
  6%|▋         | 13/200 [03:59<52:57, 16.99s/it, Train loss=0.933, Train acc=0.326, Test loss=1.22, Test acc=0.443]
  7%|▋         | 14/200 [03:59<52:38, 16.98s/it, Train loss=0.933, Train acc=0.326, Test loss=1.22, Test acc=0.443]
  7%|▋         | 14/200 [04:16<52:38, 16.98s/it, Train loss=0.865, Train acc=0.3, Test loss=1.27, Test acc=0.43]   
  8%|▊         | 15/200 [04:16<52:26, 17.01s/it, Train loss=0.865, Train acc=0.3, Test loss=1.27, Test acc=0.43]
  8%|▊         | 15/200 [04:33<52:26, 17.01s/it, Train loss=0.808, Train acc=0.282, Test loss=1.26, Test acc=0.451]
  8%|▊         | 16/200 [04:33<52:07, 17.00s/it, Train loss=0.808, Train acc=0.282, Test loss=1.26, Test acc=0.451]
  8%|▊         | 16/200 [04:50<52:07, 17.00s/it, Train loss=0.766, Train acc=0.265, Test loss=0.94, Test acc=0.34] 
  8%|▊         | 17/200 [04:50<51:51, 17.00s/it, Train loss=0.766, Train acc=0.265, Test loss=0.94, Test acc=0.34]
  8%|▊         | 17/200 [05:07<51:51, 17.00s/it, Train loss=0.719, Train acc=0.251, Test loss=0.88, Test acc=0.309]
  9%|▉         | 18/200 [05:07<51:35, 17.01s/it, Train loss=0.719, Train acc=0.251, Test loss=0.88, Test acc=0.309]
  9%|▉         | 18/200 [05:24<51:35, 17.01s/it, Train loss=0.683, Train acc=0.239, Test loss=1.17, Test acc=0.38] 
 10%|▉         | 19/200 [05:24<51:20, 17.02s/it, Train loss=0.683, Train acc=0.239, Test loss=1.17, Test acc=0.38]
 10%|▉         | 19/200 [05:41<51:20, 17.02s/it, Train loss=0.649, Train acc=0.225, Test loss=0.8, Test acc=0.286]
 10%|█         | 20/200 [05:41<51:07, 17.04s/it, Train loss=0.649, Train acc=0.225, Test loss=0.8, Test acc=0.286]
 10%|█         | 20/200 [05:58<51:07, 17.04s/it, Train loss=0.614, Train acc=0.211, Test loss=0.789, Test acc=0.28]
 10%|█         | 21/200 [05:58<50:51, 17.05s/it, Train loss=0.614, Train acc=0.211, Test loss=0.789, Test acc=0.28]
 10%|█         | 21/200 [06:15<50:51, 17.05s/it, Train loss=0.587, Train acc=0.203, Test loss=1.09, Test acc=0.371]
 11%|█         | 22/200 [06:15<50:31, 17.03s/it, Train loss=0.587, Train acc=0.203, Test loss=1.09, Test acc=0.371]
 11%|█         | 22/200 [06:32<50:31, 17.03s/it, Train loss=0.563, Train acc=0.196, Test loss=0.782, Test acc=0.274]
 12%|█▏        | 23/200 [06:32<50:13, 17.02s/it, Train loss=0.563, Train acc=0.196, Test loss=0.782, Test acc=0.274]
 12%|█▏        | 23/200 [06:49<50:13, 17.02s/it, Train loss=0.541, Train acc=0.184, Test loss=1, Test acc=0.336]    
 12%|█▏        | 24/200 [06:49<49:56, 17.02s/it, Train loss=0.541, Train acc=0.184, Test loss=1, Test acc=0.336]
 12%|█▏        | 24/200 [07:06<49:56, 17.02s/it, Train loss=0.522, Train acc=0.179, Test loss=0.934, Test acc=0.32]
 12%|█▎        | 25/200 [07:06<49:42, 17.04s/it, Train loss=0.522, Train acc=0.179, Test loss=0.934, Test acc=0.32]
 12%|█▎        | 25/200 [07:23<49:42, 17.04s/it, Train loss=0.501, Train acc=0.173, Test loss=0.714, Test acc=0.258]
 13%|█▎        | 26/200 [07:23<49:21, 17.02s/it, Train loss=0.501, Train acc=0.173, Test loss=0.714, Test acc=0.258]
 13%|█▎        | 26/200 [07:40<49:21, 17.02s/it, Train loss=0.483, Train acc=0.166, Test loss=0.647, Test acc=0.226]
 14%|█▎        | 27/200 [07:40<49:04, 17.02s/it, Train loss=0.483, Train acc=0.166, Test loss=0.647, Test acc=0.226]
 14%|█▎        | 27/200 [07:57<49:04, 17.02s/it, Train loss=0.46, Train acc=0.157, Test loss=0.641, Test acc=0.214] 
 14%|█▍        | 28/200 [07:57<48:48, 17.03s/it, Train loss=0.46, Train acc=0.157, Test loss=0.641, Test acc=0.214]
 14%|█▍        | 28/200 [08:14<48:48, 17.03s/it, Train loss=0.448, Train acc=0.154, Test loss=0.882, Test acc=0.277]
 14%|█▍        | 29/200 [08:14<48:34, 17.04s/it, Train loss=0.448, Train acc=0.154, Test loss=0.882, Test acc=0.277]
 14%|█▍        | 29/200 [08:31<48:34, 17.04s/it, Train loss=0.434, Train acc=0.15, Test loss=0.759, Test acc=0.259] 
 15%|█▌        | 30/200 [08:31<48:13, 17.02s/it, Train loss=0.434, Train acc=0.15, Test loss=0.759, Test acc=0.259]
 15%|█▌        | 30/200 [08:48<48:13, 17.02s/it, Train loss=0.419, Train acc=0.145, Test loss=0.747, Test acc=0.255]
 16%|█▌        | 31/200 [08:48<47:54, 17.01s/it, Train loss=0.419, Train acc=0.145, Test loss=0.747, Test acc=0.255]
 16%|█▌        | 31/200 [09:05<47:54, 17.01s/it, Train loss=0.405, Train acc=0.142, Test loss=0.759, Test acc=0.25] 
 16%|█▌        | 32/200 [09:05<47:40, 17.03s/it, Train loss=0.405, Train acc=0.142, Test loss=0.759, Test acc=0.25]
 16%|█▌        | 32/200 [09:22<47:40, 17.03s/it, Train loss=0.395, Train acc=0.137, Test loss=0.804, Test acc=0.262]
 16%|█▋        | 33/200 [09:22<47:20, 17.01s/it, Train loss=0.395, Train acc=0.137, Test loss=0.804, Test acc=0.262]
 16%|█▋        | 33/200 [09:39<47:20, 17.01s/it, Train loss=0.38, Train acc=0.133, Test loss=0.797, Test acc=0.273] 
 17%|█▋        | 34/200 [09:39<47:02, 17.00s/it, Train loss=0.38, Train acc=0.133, Test loss=0.797, Test acc=0.273]
 17%|█▋        | 34/200 [09:56<47:02, 17.00s/it, Train loss=0.367, Train acc=0.126, Test loss=0.534, Test acc=0.188]
 18%|█▊        | 35/200 [09:56<46:45, 17.00s/it, Train loss=0.367, Train acc=0.126, Test loss=0.534, Test acc=0.188]
 18%|█▊        | 35/200 [10:13<46:45, 17.00s/it, Train loss=0.357, Train acc=0.123, Test loss=0.73, Test acc=0.252] 
 18%|█▊        | 36/200 [10:13<46:29, 17.01s/it, Train loss=0.357, Train acc=0.123, Test loss=0.73, Test acc=0.252]
 18%|█▊        | 36/200 [10:30<46:29, 17.01s/it, Train loss=0.352, Train acc=0.121, Test loss=0.556, Test acc=0.192]
 18%|█▊        | 37/200 [10:30<46:10, 17.00s/it, Train loss=0.352, Train acc=0.121, Test loss=0.556, Test acc=0.192]
 18%|█▊        | 37/200 [10:47<46:10, 17.00s/it, Train loss=0.342, Train acc=0.12, Test loss=0.52, Test acc=0.174]  
 19%|█▉        | 38/200 [10:47<45:50, 16.98s/it, Train loss=0.342, Train acc=0.12, Test loss=0.52, Test acc=0.174]
 19%|█▉        | 38/200 [11:04<45:50, 16.98s/it, Train loss=0.33, Train acc=0.116, Test loss=0.576, Test acc=0.196]
 20%|█▉        | 39/200 [11:04<45:37, 17.00s/it, Train loss=0.33, Train acc=0.116, Test loss=0.576, Test acc=0.196]
 20%|█▉        | 39/200 [11:21<45:37, 17.00s/it, Train loss=0.325, Train acc=0.112, Test loss=0.669, Test acc=0.212]
 20%|██        | 40/200 [11:21<45:20, 17.01s/it, Train loss=0.325, Train acc=0.112, Test loss=0.669, Test acc=0.212]
 20%|██        | 40/200 [11:38<45:20, 17.01s/it, Train loss=0.312, Train acc=0.109, Test loss=0.518, Test acc=0.176]
 20%|██        | 41/200 [11:38<45:01, 16.99s/it, Train loss=0.312, Train acc=0.109, Test loss=0.518, Test acc=0.176]
 20%|██        | 41/200 [11:55<45:01, 16.99s/it, Train loss=0.303, Train acc=0.105, Test loss=0.653, Test acc=0.21] 
 21%|██        | 42/200 [11:55<44:40, 16.97s/it, Train loss=0.303, Train acc=0.105, Test loss=0.653, Test acc=0.21]
 21%|██        | 42/200 [12:12<44:40, 16.97s/it, Train loss=0.297, Train acc=0.105, Test loss=0.591, Test acc=0.193]
 22%|██▏       | 43/200 [12:12<44:32, 17.02s/it, Train loss=0.297, Train acc=0.105, Test loss=0.591, Test acc=0.193]
 22%|██▏       | 43/200 [12:29<44:32, 17.02s/it, Train loss=0.295, Train acc=0.102, Test loss=0.718, Test acc=0.23] 
 22%|██▏       | 44/200 [12:29<44:10, 16.99s/it, Train loss=0.295, Train acc=0.102, Test loss=0.718, Test acc=0.23]
 22%|██▏       | 44/200 [12:46<44:10, 16.99s/it, Train loss=0.277, Train acc=0.0954, Test loss=0.433, Test acc=0.147]
 22%|██▎       | 45/200 [12:46<44:00, 17.03s/it, Train loss=0.277, Train acc=0.0954, Test loss=0.433, Test acc=0.147]
 22%|██▎       | 45/200 [13:03<44:00, 17.03s/it, Train loss=0.273, Train acc=0.095, Test loss=0.583, Test acc=0.193] 
 23%|██▎       | 46/200 [13:03<43:47, 17.06s/it, Train loss=0.273, Train acc=0.095, Test loss=0.583, Test acc=0.193]
 23%|██▎       | 46/200 [13:20<43:47, 17.06s/it, Train loss=0.261, Train acc=0.0899, Test loss=0.491, Test acc=0.162]
 24%|██▎       | 47/200 [13:20<43:32, 17.07s/it, Train loss=0.261, Train acc=0.0899, Test loss=0.491, Test acc=0.162]
 24%|██▎       | 47/200 [13:37<43:32, 17.07s/it, Train loss=0.26, Train acc=0.0908, Test loss=0.426, Test acc=0.144] 
 24%|██▍       | 48/200 [13:37<43:12, 17.06s/it, Train loss=0.26, Train acc=0.0908, Test loss=0.426, Test acc=0.144]
 24%|██▍       | 48/200 [13:54<43:12, 17.06s/it, Train loss=0.253, Train acc=0.0878, Test loss=0.487, Test acc=0.158]
 24%|██▍       | 49/200 [13:54<42:54, 17.05s/it, Train loss=0.253, Train acc=0.0878, Test loss=0.487, Test acc=0.158]
 24%|██▍       | 49/200 [14:12<42:54, 17.05s/it, Train loss=0.248, Train acc=0.0866, Test loss=0.53, Test acc=0.173] 
 25%|██▌       | 50/200 [14:12<42:42, 17.08s/it, Train loss=0.248, Train acc=0.0866, Test loss=0.53, Test acc=0.173]
 25%|██▌       | 50/200 [14:29<42:42, 17.08s/it, Train loss=0.239, Train acc=0.085, Test loss=0.482, Test acc=0.162]
 26%|██▌       | 51/200 [14:29<42:25, 17.08s/it, Train loss=0.239, Train acc=0.085, Test loss=0.482, Test acc=0.162]
 26%|██▌       | 51/200 [14:46<42:25, 17.08s/it, Train loss=0.235, Train acc=0.0821, Test loss=0.463, Test acc=0.149]
 26%|██▌       | 52/200 [14:46<42:07, 17.08s/it, Train loss=0.235, Train acc=0.0821, Test loss=0.463, Test acc=0.149]
 26%|██▌       | 52/200 [15:03<42:07, 17.08s/it, Train loss=0.228, Train acc=0.0798, Test loss=0.509, Test acc=0.164]
 26%|██▋       | 53/200 [15:03<41:47, 17.06s/it, Train loss=0.228, Train acc=0.0798, Test loss=0.509, Test acc=0.164]
 26%|██▋       | 53/200 [15:20<41:47, 17.06s/it, Train loss=0.223, Train acc=0.0767, Test loss=0.489, Test acc=0.162]
 27%|██▋       | 54/200 [15:20<41:34, 17.09s/it, Train loss=0.223, Train acc=0.0767, Test loss=0.489, Test acc=0.162]
 27%|██▋       | 54/200 [15:37<41:34, 17.09s/it, Train loss=0.215, Train acc=0.0755, Test loss=0.402, Test acc=0.127]
 28%|██▊       | 55/200 [15:37<41:17, 17.08s/it, Train loss=0.215, Train acc=0.0755, Test loss=0.402, Test acc=0.127]
 28%|██▊       | 55/200 [15:54<41:17, 17.08s/it, Train loss=0.209, Train acc=0.072, Test loss=0.769, Test acc=0.236] 
 28%|██▊       | 56/200 [15:54<40:57, 17.07s/it, Train loss=0.209, Train acc=0.072, Test loss=0.769, Test acc=0.236]
 28%|██▊       | 56/200 [16:11<40:57, 17.07s/it, Train loss=0.208, Train acc=0.0724, Test loss=0.412, Test acc=0.134]
 28%|██▊       | 57/200 [16:11<40:42, 17.08s/it, Train loss=0.208, Train acc=0.0724, Test loss=0.412, Test acc=0.134]
 28%|██▊       | 57/200 [16:28<40:42, 17.08s/it, Train loss=0.2, Train acc=0.0711, Test loss=0.487, Test acc=0.157]  
 29%|██▉       | 58/200 [16:28<40:26, 17.09s/it, Train loss=0.2, Train acc=0.0711, Test loss=0.487, Test acc=0.157]
 29%|██▉       | 58/200 [16:45<40:26, 17.09s/it, Train loss=0.195, Train acc=0.0685, Test loss=0.437, Test acc=0.138]
 30%|██▉       | 59/200 [16:45<40:08, 17.08s/it, Train loss=0.195, Train acc=0.0685, Test loss=0.437, Test acc=0.138]
 30%|██▉       | 59/200 [17:02<40:08, 17.08s/it, Train loss=0.191, Train acc=0.0669, Test loss=0.403, Test acc=0.131]
 30%|███       | 60/200 [17:02<39:50, 17.07s/it, Train loss=0.191, Train acc=0.0669, Test loss=0.403, Test acc=0.131]
 30%|███       | 60/200 [17:19<39:50, 17.07s/it, Train loss=0.187, Train acc=0.0652, Test loss=0.353, Test acc=0.115]
 30%|███       | 61/200 [17:19<39:33, 17.08s/it, Train loss=0.187, Train acc=0.0652, Test loss=0.353, Test acc=0.115]
 30%|███       | 61/200 [17:36<39:33, 17.08s/it, Train loss=0.18, Train acc=0.0627, Test loss=0.474, Test acc=0.145] 
 31%|███       | 62/200 [17:36<39:18, 17.09s/it, Train loss=0.18, Train acc=0.0627, Test loss=0.474, Test acc=0.145]
 31%|███       | 62/200 [17:54<39:18, 17.09s/it, Train loss=0.18, Train acc=0.0638, Test loss=0.443, Test acc=0.135]
 32%|███▏      | 63/200 [17:54<39:00, 17.09s/it, Train loss=0.18, Train acc=0.0638, Test loss=0.443, Test acc=0.135]
 32%|███▏      | 63/200 [18:11<39:00, 17.09s/it, Train loss=0.173, Train acc=0.0607, Test loss=0.364, Test acc=0.115]
 32%|███▏      | 64/200 [18:11<38:40, 17.06s/it, Train loss=0.173, Train acc=0.0607, Test loss=0.364, Test acc=0.115]
 32%|███▏      | 64/200 [18:28<38:40, 17.06s/it, Train loss=0.169, Train acc=0.0595, Test loss=0.418, Test acc=0.132]
 32%|███▎      | 65/200 [18:28<38:22, 17.05s/it, Train loss=0.169, Train acc=0.0595, Test loss=0.418, Test acc=0.132]
 32%|███▎      | 65/200 [18:45<38:22, 17.05s/it, Train loss=0.165, Train acc=0.0581, Test loss=0.371, Test acc=0.119]
 33%|███▎      | 66/200 [18:45<38:08, 17.08s/it, Train loss=0.165, Train acc=0.0581, Test loss=0.371, Test acc=0.119]
 33%|███▎      | 66/200 [19:02<38:08, 17.08s/it, Train loss=0.163, Train acc=0.0576, Test loss=0.507, Test acc=0.149]
 34%|███▎      | 67/200 [19:02<37:50, 17.07s/it, Train loss=0.163, Train acc=0.0576, Test loss=0.507, Test acc=0.149]
 34%|███▎      | 67/200 [19:19<37:50, 17.07s/it, Train loss=0.155, Train acc=0.0541, Test loss=0.429, Test acc=0.132]
 34%|███▍      | 68/200 [19:19<37:30, 17.05s/it, Train loss=0.155, Train acc=0.0541, Test loss=0.429, Test acc=0.132]
 34%|███▍      | 68/200 [19:36<37:30, 17.05s/it, Train loss=0.151, Train acc=0.054, Test loss=0.443, Test acc=0.133] 
 34%|███▍      | 69/200 [19:36<37:18, 17.09s/it, Train loss=0.151, Train acc=0.054, Test loss=0.443, Test acc=0.133]
 34%|███▍      | 69/200 [19:53<37:18, 17.09s/it, Train loss=0.147, Train acc=0.0511, Test loss=0.446, Test acc=0.137]
 35%|███▌      | 70/200 [19:53<37:01, 17.09s/it, Train loss=0.147, Train acc=0.0511, Test loss=0.446, Test acc=0.137]
 35%|███▌      | 70/200 [20:11<37:01, 17.09s/it, Train loss=0.145, Train acc=0.0507, Test loss=0.347, Test acc=0.107]
 36%|███▌      | 71/200 [20:11<37:32, 17.46s/it, Train loss=0.145, Train acc=0.0507, Test loss=0.347, Test acc=0.107]
 36%|███▌      | 71/200 [20:30<37:32, 17.46s/it, Train loss=0.14, Train acc=0.0501, Test loss=0.392, Test acc=0.124] 
 36%|███▌      | 72/200 [20:30<37:49, 17.73s/it, Train loss=0.14, Train acc=0.0501, Test loss=0.392, Test acc=0.124]
 36%|███▌      | 72/200 [20:48<37:49, 17.73s/it, Train loss=0.133, Train acc=0.0475, Test loss=0.406, Test acc=0.124]
 36%|███▋      | 73/200 [20:48<37:55, 17.92s/it, Train loss=0.133, Train acc=0.0475, Test loss=0.406, Test acc=0.124]
 36%|███▋      | 73/200 [21:06<37:55, 17.92s/it, Train loss=0.136, Train acc=0.0486, Test loss=0.373, Test acc=0.114]
 37%|███▋      | 74/200 [21:06<37:50, 18.02s/it, Train loss=0.136, Train acc=0.0486, Test loss=0.373, Test acc=0.114]
 37%|███▋      | 74/200 [21:23<37:50, 18.02s/it, Train loss=0.127, Train acc=0.0447, Test loss=0.493, Test acc=0.145]
 38%|███▊      | 75/200 [21:23<36:54, 17.72s/it, Train loss=0.127, Train acc=0.0447, Test loss=0.493, Test acc=0.145]
 38%|███▊      | 75/200 [21:41<36:54, 17.72s/it, Train loss=0.128, Train acc=0.0451, Test loss=0.405, Test acc=0.12] 
 38%|███▊      | 76/200 [21:41<36:16, 17.55s/it, Train loss=0.128, Train acc=0.0451, Test loss=0.405, Test acc=0.12]
 38%|███▊      | 76/200 [21:58<36:16, 17.55s/it, Train loss=0.118, Train acc=0.0425, Test loss=0.402, Test acc=0.124]
 38%|███▊      | 77/200 [21:58<35:42, 17.42s/it, Train loss=0.118, Train acc=0.0425, Test loss=0.402, Test acc=0.124]
 38%|███▊      | 77/200 [22:15<35:42, 17.42s/it, Train loss=0.121, Train acc=0.0423, Test loss=0.362, Test acc=0.109]
 39%|███▉      | 78/200 [22:15<35:11, 17.31s/it, Train loss=0.121, Train acc=0.0423, Test loss=0.362, Test acc=0.109]
 39%|███▉      | 78/200 [22:32<35:11, 17.31s/it, Train loss=0.115, Train acc=0.0417, Test loss=0.369, Test acc=0.11] 
 40%|███▉      | 79/200 [22:32<34:43, 17.22s/it, Train loss=0.115, Train acc=0.0417, Test loss=0.369, Test acc=0.11]
 40%|███▉      | 79/200 [22:49<34:43, 17.22s/it, Train loss=0.114, Train acc=0.0396, Test loss=0.362, Test acc=0.107]
 40%|████      | 80/200 [22:49<34:23, 17.19s/it, Train loss=0.114, Train acc=0.0396, Test loss=0.362, Test acc=0.107]
 40%|████      | 80/200 [23:06<34:23, 17.19s/it, Train loss=0.109, Train acc=0.0392, Test loss=0.399, Test acc=0.109]
 40%|████      | 81/200 [23:06<34:02, 17.16s/it, Train loss=0.109, Train acc=0.0392, Test loss=0.399, Test acc=0.109]
 40%|████      | 81/200 [23:23<34:02, 17.16s/it, Train loss=0.104, Train acc=0.0369, Test loss=0.447, Test acc=0.127]
 41%|████      | 82/200 [23:23<33:39, 17.11s/it, Train loss=0.104, Train acc=0.0369, Test loss=0.447, Test acc=0.127]
 41%|████      | 82/200 [23:40<33:39, 17.11s/it, Train loss=0.106, Train acc=0.038, Test loss=0.422, Test acc=0.114] 
 42%|████▏     | 83/200 [23:40<33:23, 17.12s/it, Train loss=0.106, Train acc=0.038, Test loss=0.422, Test acc=0.114]
 42%|████▏     | 83/200 [23:57<33:23, 17.12s/it, Train loss=0.101, Train acc=0.0356, Test loss=0.381, Test acc=0.107]
 42%|████▏     | 84/200 [23:57<33:07, 17.13s/it, Train loss=0.101, Train acc=0.0356, Test loss=0.381, Test acc=0.107]
 42%|████▏     | 84/200 [24:14<33:07, 17.13s/it, Train loss=0.1, Train acc=0.0359, Test loss=0.4, Test acc=0.107]    
 42%|████▎     | 85/200 [24:14<32:49, 17.13s/it, Train loss=0.1, Train acc=0.0359, Test loss=0.4, Test acc=0.107]
 42%|████▎     | 85/200 [24:31<32:49, 17.13s/it, Train loss=0.0965, Train acc=0.0343, Test loss=0.427, Test acc=0.114]
 43%|████▎     | 86/200 [24:31<32:28, 17.10s/it, Train loss=0.0965, Train acc=0.0343, Test loss=0.427, Test acc=0.114]
 43%|████▎     | 86/200 [24:48<32:28, 17.10s/it, Train loss=0.1, Train acc=0.0353, Test loss=0.403, Test acc=0.11]    
 44%|████▎     | 87/200 [24:48<32:11, 17.09s/it, Train loss=0.1, Train acc=0.0353, Test loss=0.403, Test acc=0.11]
 44%|████▎     | 87/200 [25:06<32:11, 17.09s/it, Train loss=0.091, Train acc=0.0327, Test loss=0.389, Test acc=0.108]
 44%|████▍     | 88/200 [25:06<31:55, 17.10s/it, Train loss=0.091, Train acc=0.0327, Test loss=0.389, Test acc=0.108]
 44%|████▍     | 88/200 [25:23<31:55, 17.10s/it, Train loss=0.0878, Train acc=0.0308, Test loss=0.347, Test acc=0.0998]
 44%|████▍     | 89/200 [25:23<31:34, 17.07s/it, Train loss=0.0878, Train acc=0.0308, Test loss=0.347, Test acc=0.0998]
 44%|████▍     | 89/200 [25:40<31:34, 17.07s/it, Train loss=0.0865, Train acc=0.031, Test loss=0.423, Test acc=0.114]  
 45%|████▌     | 90/200 [25:40<31:18, 17.08s/it, Train loss=0.0865, Train acc=0.031, Test loss=0.423, Test acc=0.114]
 45%|████▌     | 90/200 [25:57<31:18, 17.08s/it, Train loss=0.084, Train acc=0.0299, Test loss=0.345, Test acc=0.0998]
 46%|████▌     | 91/200 [25:57<31:03, 17.10s/it, Train loss=0.084, Train acc=0.0299, Test loss=0.345, Test acc=0.0998]
 46%|████▌     | 91/200 [26:14<31:03, 17.10s/it, Train loss=0.0799, Train acc=0.0274, Test loss=0.524, Test acc=0.143]
 46%|████▌     | 92/200 [26:14<30:45, 17.09s/it, Train loss=0.0799, Train acc=0.0274, Test loss=0.524, Test acc=0.143]
 46%|████▌     | 92/200 [26:31<30:45, 17.09s/it, Train loss=0.078, Train acc=0.0275, Test loss=0.353, Test acc=0.0982]
 46%|████▋     | 93/200 [26:31<30:26, 17.07s/it, Train loss=0.078, Train acc=0.0275, Test loss=0.353, Test acc=0.0982]
 46%|████▋     | 93/200 [26:48<30:26, 17.07s/it, Train loss=0.0743, Train acc=0.0251, Test loss=0.383, Test acc=0.106]
 47%|████▋     | 94/200 [26:48<30:09, 17.07s/it, Train loss=0.0743, Train acc=0.0251, Test loss=0.383, Test acc=0.106]
 47%|████▋     | 94/200 [27:05<30:09, 17.07s/it, Train loss=0.0705, Train acc=0.0234, Test loss=0.355, Test acc=0.0934]
 48%|████▊     | 95/200 [27:05<29:55, 17.10s/it, Train loss=0.0705, Train acc=0.0234, Test loss=0.355, Test acc=0.0934]
 48%|████▊     | 95/200 [27:22<29:55, 17.10s/it, Train loss=0.0728, Train acc=0.0257, Test loss=0.57, Test acc=0.129]  
 48%|████▊     | 96/200 [27:22<29:39, 17.11s/it, Train loss=0.0728, Train acc=0.0257, Test loss=0.57, Test acc=0.129]
 48%|████▊     | 96/200 [27:39<29:39, 17.11s/it, Train loss=0.0714, Train acc=0.0248, Test loss=0.338, Test acc=0.0916]
 48%|████▊     | 97/200 [27:39<29:19, 17.08s/it, Train loss=0.0714, Train acc=0.0248, Test loss=0.338, Test acc=0.0916]
 48%|████▊     | 97/200 [27:56<29:19, 17.08s/it, Train loss=0.0658, Train acc=0.023, Test loss=0.342, Test acc=0.089]  
 49%|████▉     | 98/200 [27:56<29:02, 17.08s/it, Train loss=0.0658, Train acc=0.023, Test loss=0.342, Test acc=0.089]
 49%|████▉     | 98/200 [28:14<29:02, 17.08s/it, Train loss=0.0625, Train acc=0.022, Test loss=0.394, Test acc=0.102]
 50%|████▉     | 99/200 [28:14<28:48, 17.11s/it, Train loss=0.0625, Train acc=0.022, Test loss=0.394, Test acc=0.102]
 50%|████▉     | 99/200 [28:31<28:48, 17.11s/it, Train loss=0.065, Train acc=0.0224, Test loss=0.35, Test acc=0.0909]
 50%|█████     | 100/200 [28:31<28:29, 17.09s/it, Train loss=0.065, Train acc=0.0224, Test loss=0.35, Test acc=0.0909]
 50%|█████     | 100/200 [28:48<28:29, 17.09s/it, Train loss=0.0598, Train acc=0.0209, Test loss=0.388, Test acc=0.101]
 50%|█████     | 101/200 [28:48<28:09, 17.07s/it, Train loss=0.0598, Train acc=0.0209, Test loss=0.388, Test acc=0.101]
 50%|█████     | 101/200 [29:05<28:09, 17.07s/it, Train loss=0.0575, Train acc=0.0196, Test loss=0.42, Test acc=0.106] 
 51%|█████     | 102/200 [29:05<27:56, 17.11s/it, Train loss=0.0575, Train acc=0.0196, Test loss=0.42, Test acc=0.106]
 51%|█████     | 102/200 [29:22<27:56, 17.11s/it, Train loss=0.0565, Train acc=0.0192, Test loss=0.367, Test acc=0.0959]
 52%|█████▏    | 103/200 [29:22<27:40, 17.12s/it, Train loss=0.0565, Train acc=0.0192, Test loss=0.367, Test acc=0.0959]
 52%|█████▏    | 103/200 [29:39<27:40, 17.12s/it, Train loss=0.0509, Train acc=0.017, Test loss=0.394, Test acc=0.0996] 
 52%|█████▏    | 104/200 [29:39<27:19, 17.08s/it, Train loss=0.0509, Train acc=0.017, Test loss=0.394, Test acc=0.0996]
 52%|█████▏    | 104/200 [29:56<27:19, 17.08s/it, Train loss=0.0518, Train acc=0.0175, Test loss=0.377, Test acc=0.0981]
 52%|█████▎    | 105/200 [29:56<27:02, 17.08s/it, Train loss=0.0518, Train acc=0.0175, Test loss=0.377, Test acc=0.0981]
 52%|█████▎    | 105/200 [30:13<27:02, 17.08s/it, Train loss=0.0507, Train acc=0.0171, Test loss=0.349, Test acc=0.0895]
 53%|█████▎    | 106/200 [30:13<26:49, 17.12s/it, Train loss=0.0507, Train acc=0.0171, Test loss=0.349, Test acc=0.0895]
 53%|█████▎    | 106/200 [30:30<26:49, 17.12s/it, Train loss=0.0478, Train acc=0.0167, Test loss=0.377, Test acc=0.0941]
 54%|█████▎    | 107/200 [30:30<26:30, 17.10s/it, Train loss=0.0478, Train acc=0.0167, Test loss=0.377, Test acc=0.0941]
 54%|█████▎    | 107/200 [30:47<26:30, 17.10s/it, Train loss=0.0451, Train acc=0.0155, Test loss=0.35, Test acc=0.0869] 
 54%|█████▍    | 108/200 [30:47<26:11, 17.08s/it, Train loss=0.0451, Train acc=0.0155, Test loss=0.35, Test acc=0.0869]
 54%|█████▍    | 108/200 [31:05<26:11, 17.08s/it, Train loss=0.0421, Train acc=0.0148, Test loss=0.386, Test acc=0.096]
 55%|█████▍    | 109/200 [31:05<26:00, 17.15s/it, Train loss=0.0421, Train acc=0.0148, Test loss=0.386, Test acc=0.096]
 55%|█████▍    | 109/200 [31:22<26:00, 17.15s/it, Train loss=0.0442, Train acc=0.0151, Test loss=0.359, Test acc=0.0919]
 55%|█████▌    | 110/200 [31:22<25:42, 17.14s/it, Train loss=0.0442, Train acc=0.0151, Test loss=0.359, Test acc=0.0919]
 55%|█████▌    | 110/200 [31:39<25:42, 17.14s/it, Train loss=0.0413, Train acc=0.0142, Test loss=0.363, Test acc=0.0907]
 56%|█████▌    | 111/200 [31:39<25:19, 17.07s/it, Train loss=0.0413, Train acc=0.0142, Test loss=0.363, Test acc=0.0907]
 56%|█████▌    | 111/200 [31:56<25:19, 17.07s/it, Train loss=0.0418, Train acc=0.014, Test loss=0.4, Test acc=0.0969]   
 56%|█████▌    | 112/200 [31:56<24:59, 17.04s/it, Train loss=0.0418, Train acc=0.014, Test loss=0.4, Test acc=0.0969]
 56%|█████▌    | 112/200 [32:13<24:59, 17.04s/it, Train loss=0.0389, Train acc=0.0132, Test loss=0.37, Test acc=0.0887]
 56%|█████▋    | 113/200 [32:13<24:42, 17.04s/it, Train loss=0.0389, Train acc=0.0132, Test loss=0.37, Test acc=0.0887]
 56%|█████▋    | 113/200 [32:30<24:42, 17.04s/it, Train loss=0.0368, Train acc=0.0123, Test loss=0.372, Test acc=0.089]
 57%|█████▋    | 114/200 [32:30<24:21, 17.00s/it, Train loss=0.0368, Train acc=0.0123, Test loss=0.372, Test acc=0.089]
 57%|█████▋    | 114/200 [32:46<24:21, 17.00s/it, Train loss=0.0366, Train acc=0.0123, Test loss=0.399, Test acc=0.0967]
 57%|█████▊    | 115/200 [32:46<24:02, 16.98s/it, Train loss=0.0366, Train acc=0.0123, Test loss=0.399, Test acc=0.0967]
 57%|█████▊    | 115/200 [33:03<24:02, 16.98s/it, Train loss=0.0354, Train acc=0.0123, Test loss=0.374, Test acc=0.0906]
 58%|█████▊    | 116/200 [33:03<23:46, 16.99s/it, Train loss=0.0354, Train acc=0.0123, Test loss=0.374, Test acc=0.0906]
 58%|█████▊    | 116/200 [33:21<23:46, 16.99s/it, Train loss=0.0359, Train acc=0.0126, Test loss=0.364, Test acc=0.089] 
 58%|█████▊    | 117/200 [33:21<23:31, 17.01s/it, Train loss=0.0359, Train acc=0.0126, Test loss=0.364, Test acc=0.089]
 58%|█████▊    | 117/200 [33:37<23:31, 17.01s/it, Train loss=0.0331, Train acc=0.0109, Test loss=0.371, Test acc=0.0916]
 59%|█████▉    | 118/200 [33:37<23:13, 16.99s/it, Train loss=0.0331, Train acc=0.0109, Test loss=0.371, Test acc=0.0916]
 59%|█████▉    | 118/200 [33:55<23:13, 16.99s/it, Train loss=0.0325, Train acc=0.0108, Test loss=0.378, Test acc=0.0905]
 60%|█████▉    | 119/200 [33:55<22:56, 17.00s/it, Train loss=0.0325, Train acc=0.0108, Test loss=0.378, Test acc=0.0905]
 60%|█████▉    | 119/200 [34:12<22:56, 17.00s/it, Train loss=0.0314, Train acc=0.0102, Test loss=0.482, Test acc=0.104] 
 60%|██████    | 120/200 [34:12<22:41, 17.01s/it, Train loss=0.0314, Train acc=0.0102, Test loss=0.482, Test acc=0.104]
 60%|██████    | 120/200 [34:28<22:41, 17.01s/it, Train loss=0.0307, Train acc=0.0103, Test loss=0.378, Test acc=0.0912]
 60%|██████    | 121/200 [34:28<22:21, 16.99s/it, Train loss=0.0307, Train acc=0.0103, Test loss=0.378, Test acc=0.0912]
 60%|██████    | 121/200 [34:45<22:21, 16.99s/it, Train loss=0.0263, Train acc=0.00843, Test loss=0.356, Test acc=0.0845]
 61%|██████    | 122/200 [34:45<22:04, 16.98s/it, Train loss=0.0263, Train acc=0.00843, Test loss=0.356, Test acc=0.0845]
 61%|██████    | 122/200 [35:03<22:04, 16.98s/it, Train loss=0.0241, Train acc=0.0077, Test loss=0.371, Test acc=0.0862] 
 62%|██████▏   | 123/200 [35:03<21:48, 17.00s/it, Train loss=0.0241, Train acc=0.0077, Test loss=0.371, Test acc=0.0862]
 62%|██████▏   | 123/200 [35:19<21:48, 17.00s/it, Train loss=0.025, Train acc=0.00785, Test loss=0.361, Test acc=0.0841]
 62%|██████▏   | 124/200 [35:19<21:31, 17.00s/it, Train loss=0.025, Train acc=0.00785, Test loss=0.361, Test acc=0.0841]
 62%|██████▏   | 124/200 [35:36<21:31, 17.00s/it, Train loss=0.0248, Train acc=0.00789, Test loss=0.348, Test acc=0.0833]
 62%|██████▎   | 125/200 [35:36<21:13, 16.97s/it, Train loss=0.0248, Train acc=0.00789, Test loss=0.348, Test acc=0.0833]
 62%|██████▎   | 125/200 [35:53<21:13, 16.97s/it, Train loss=0.0224, Train acc=0.00706, Test loss=0.355, Test acc=0.0835]
 63%|██████▎   | 126/200 [35:53<20:56, 16.98s/it, Train loss=0.0224, Train acc=0.00706, Test loss=0.355, Test acc=0.0835]
 63%|██████▎   | 126/200 [36:10<20:56, 16.98s/it, Train loss=0.0233, Train acc=0.00777, Test loss=0.374, Test acc=0.085] 
 64%|██████▎   | 127/200 [36:10<20:40, 16.99s/it, Train loss=0.0233, Train acc=0.00777, Test loss=0.374, Test acc=0.085]
 64%|██████▎   | 127/200 [36:27<20:40, 16.99s/it, Train loss=0.0223, Train acc=0.00682, Test loss=0.372, Test acc=0.0851]
 64%|██████▍   | 128/200 [36:27<20:23, 16.99s/it, Train loss=0.0223, Train acc=0.00682, Test loss=0.372, Test acc=0.0851]
 64%|██████▍   | 128/200 [36:44<20:23, 16.99s/it, Train loss=0.0218, Train acc=0.007, Test loss=0.367, Test acc=0.0859]  
 64%|██████▍   | 129/200 [36:44<20:04, 16.97s/it, Train loss=0.0218, Train acc=0.007, Test loss=0.367, Test acc=0.0859]
 64%|██████▍   | 129/200 [37:01<20:04, 16.97s/it, Train loss=0.0235, Train acc=0.00724, Test loss=0.373, Test acc=0.0859]
 65%|██████▌   | 130/200 [37:01<19:48, 16.98s/it, Train loss=0.0235, Train acc=0.00724, Test loss=0.373, Test acc=0.0859]
 65%|██████▌   | 130/200 [37:18<19:48, 16.98s/it, Train loss=0.0213, Train acc=0.00661, Test loss=0.382, Test acc=0.0858]
 66%|██████▌   | 131/200 [37:18<19:31, 16.97s/it, Train loss=0.0213, Train acc=0.00661, Test loss=0.382, Test acc=0.0858]
 66%|██████▌   | 131/200 [37:35<19:31, 16.97s/it, Train loss=0.02, Train acc=0.00637, Test loss=0.365, Test acc=0.0825]  
 66%|██████▌   | 132/200 [37:35<19:12, 16.96s/it, Train loss=0.02, Train acc=0.00637, Test loss=0.365, Test acc=0.0825]
 66%|██████▌   | 132/200 [37:52<19:12, 16.96s/it, Train loss=0.0173, Train acc=0.0051, Test loss=0.356, Test acc=0.0783]
 66%|██████▋   | 133/200 [37:52<18:55, 16.95s/it, Train loss=0.0173, Train acc=0.0051, Test loss=0.356, Test acc=0.0783]
 66%|██████▋   | 133/200 [38:09<18:55, 16.95s/it, Train loss=0.016, Train acc=0.0047, Test loss=0.37, Test acc=0.081]   
 67%|██████▋   | 134/200 [38:09<18:41, 16.99s/it, Train loss=0.016, Train acc=0.0047, Test loss=0.37, Test acc=0.081]
 67%|██████▋   | 134/200 [38:26<18:41, 16.99s/it, Train loss=0.0174, Train acc=0.00545, Test loss=0.367, Test acc=0.0824]
 68%|██████▊   | 135/200 [38:26<18:24, 16.99s/it, Train loss=0.0174, Train acc=0.00545, Test loss=0.367, Test acc=0.0824]
 68%|██████▊   | 135/200 [38:43<18:24, 16.99s/it, Train loss=0.0157, Train acc=0.00454, Test loss=0.38, Test acc=0.0821] 
 68%|██████▊   | 136/200 [38:43<18:05, 16.96s/it, Train loss=0.0157, Train acc=0.00454, Test loss=0.38, Test acc=0.0821]
 68%|██████▊   | 136/200 [39:00<18:05, 16.96s/it, Train loss=0.0156, Train acc=0.00462, Test loss=0.385, Test acc=0.0838]
 68%|██████▊   | 137/200 [39:00<17:49, 16.98s/it, Train loss=0.0156, Train acc=0.00462, Test loss=0.385, Test acc=0.0838]
 68%|██████▊   | 137/200 [39:17<17:49, 16.98s/it, Train loss=0.0141, Train acc=0.00399, Test loss=0.378, Test acc=0.0816]
 69%|██████▉   | 138/200 [39:17<17:33, 17.00s/it, Train loss=0.0141, Train acc=0.00399, Test loss=0.378, Test acc=0.0816]
 69%|██████▉   | 138/200 [39:34<17:33, 17.00s/it, Train loss=0.0139, Train acc=0.00375, Test loss=0.366, Test acc=0.0793]
 70%|██████▉   | 139/200 [39:34<17:16, 17.00s/it, Train loss=0.0139, Train acc=0.00375, Test loss=0.366, Test acc=0.0793]
 70%|██████▉   | 139/200 [39:51<17:16, 17.00s/it, Train loss=0.0144, Train acc=0.00438, Test loss=0.375, Test acc=0.0799]
 70%|███████   | 140/200 [39:51<16:58, 16.97s/it, Train loss=0.0144, Train acc=0.00438, Test loss=0.375, Test acc=0.0799]
 70%|███████   | 140/200 [40:08<16:58, 16.97s/it, Train loss=0.0128, Train acc=0.00385, Test loss=0.376, Test acc=0.0794]
 70%|███████   | 141/200 [40:08<16:42, 17.00s/it, Train loss=0.0128, Train acc=0.00385, Test loss=0.376, Test acc=0.0794]
 70%|███████   | 141/200 [40:25<16:42, 17.00s/it, Train loss=0.0132, Train acc=0.00381, Test loss=0.377, Test acc=0.0802]
 71%|███████   | 142/200 [40:25<16:26, 17.00s/it, Train loss=0.0132, Train acc=0.00381, Test loss=0.377, Test acc=0.0802]
 71%|███████   | 142/200 [40:42<16:26, 17.00s/it, Train loss=0.013, Train acc=0.00395, Test loss=0.367, Test acc=0.0779] 
 72%|███████▏  | 143/200 [40:42<16:08, 16.98s/it, Train loss=0.013, Train acc=0.00395, Test loss=0.367, Test acc=0.0779]
 72%|███████▏  | 143/200 [40:59<16:08, 16.98s/it, Train loss=0.0125, Train acc=0.00347, Test loss=0.369, Test acc=0.0782]
 72%|███████▏  | 144/200 [40:59<15:52, 17.00s/it, Train loss=0.0125, Train acc=0.00347, Test loss=0.369, Test acc=0.0782]
 72%|███████▏  | 144/200 [41:16<15:52, 17.00s/it, Train loss=0.0109, Train acc=0.00291, Test loss=0.366, Test acc=0.0783]
 72%|███████▎  | 145/200 [41:16<15:40, 17.09s/it, Train loss=0.0109, Train acc=0.00291, Test loss=0.366, Test acc=0.0783]
 72%|███████▎  | 145/200 [41:34<15:40, 17.09s/it, Train loss=0.0109, Train acc=0.00273, Test loss=0.365, Test acc=0.0787]
 73%|███████▎  | 146/200 [41:34<15:24, 17.12s/it, Train loss=0.0109, Train acc=0.00273, Test loss=0.365, Test acc=0.0787]
 73%|███████▎  | 146/200 [41:51<15:24, 17.12s/it, Train loss=0.0102, Train acc=0.00227, Test loss=0.367, Test acc=0.0809]
 74%|███████▎  | 147/200 [41:51<15:06, 17.10s/it, Train loss=0.0102, Train acc=0.00227, Test loss=0.367, Test acc=0.0809]
 74%|███████▎  | 147/200 [42:09<15:06, 17.10s/it, Train loss=0.0102, Train acc=0.00271, Test loss=0.374, Test acc=0.0796]
 74%|███████▍  | 148/200 [42:09<15:11, 17.52s/it, Train loss=0.0102, Train acc=0.00271, Test loss=0.374, Test acc=0.0796]
 74%|███████▍  | 148/200 [42:27<15:11, 17.52s/it, Train loss=0.00883, Train acc=0.00233, Test loss=0.381, Test acc=0.0812]
 74%|███████▍  | 149/200 [42:27<14:54, 17.54s/it, Train loss=0.00883, Train acc=0.00233, Test loss=0.381, Test acc=0.0812]
 74%|███████▍  | 149/200 [42:44<14:54, 17.54s/it, Train loss=0.00959, Train acc=0.00253, Test loss=0.386, Test acc=0.08]  
 75%|███████▌  | 150/200 [42:44<14:29, 17.39s/it, Train loss=0.00959, Train acc=0.00253, Test loss=0.386, Test acc=0.08]
 75%|███████▌  | 150/200 [43:01<14:29, 17.39s/it, Train loss=0.00896, Train acc=0.00211, Test loss=0.377, Test acc=0.0804]
 76%|███████▌  | 151/200 [43:01<14:08, 17.31s/it, Train loss=0.00896, Train acc=0.00211, Test loss=0.377, Test acc=0.0804]
 76%|███████▌  | 151/200 [43:18<14:08, 17.31s/it, Train loss=0.00956, Train acc=0.00257, Test loss=0.382, Test acc=0.0793]
 76%|███████▌  | 152/200 [43:18<13:46, 17.23s/it, Train loss=0.00956, Train acc=0.00257, Test loss=0.382, Test acc=0.0793]
 76%|███████▌  | 152/200 [43:35<13:46, 17.23s/it, Train loss=0.00842, Train acc=0.00192, Test loss=0.377, Test acc=0.0777]
 76%|███████▋  | 153/200 [43:35<13:26, 17.16s/it, Train loss=0.00842, Train acc=0.00192, Test loss=0.377, Test acc=0.0777]
 76%|███████▋  | 153/200 [43:52<13:26, 17.16s/it, Train loss=0.00887, Train acc=0.00233, Test loss=0.375, Test acc=0.0787]
 77%|███████▋  | 154/200 [43:52<13:05, 17.07s/it, Train loss=0.00887, Train acc=0.00233, Test loss=0.375, Test acc=0.0787]
 77%|███████▋  | 154/200 [44:09<13:05, 17.07s/it, Train loss=0.00831, Train acc=0.0021, Test loss=0.378, Test acc=0.0783] 
 78%|███████▊  | 155/200 [44:09<12:47, 17.06s/it, Train loss=0.00831, Train acc=0.0021, Test loss=0.378, Test acc=0.0783]
 78%|███████▊  | 155/200 [44:26<12:47, 17.06s/it, Train loss=0.00737, Train acc=0.00151, Test loss=0.37, Test acc=0.078] 
 78%|███████▊  | 156/200 [44:26<12:32, 17.11s/it, Train loss=0.00737, Train acc=0.00151, Test loss=0.37, Test acc=0.078]
 78%|███████▊  | 156/200 [44:43<12:32, 17.11s/it, Train loss=0.0078, Train acc=0.00187, Test loss=0.367, Test acc=0.0772]
 78%|███████▊  | 157/200 [44:43<12:16, 17.12s/it, Train loss=0.0078, Train acc=0.00187, Test loss=0.367, Test acc=0.0772]
 78%|███████▊  | 157/200 [45:00<12:16, 17.12s/it, Train loss=0.00787, Train acc=0.00215, Test loss=0.37, Test acc=0.077] 
 79%|███████▉  | 158/200 [45:00<11:58, 17.10s/it, Train loss=0.00787, Train acc=0.00215, Test loss=0.37, Test acc=0.077]
 79%|███████▉  | 158/200 [45:17<11:58, 17.10s/it, Train loss=0.00703, Train acc=0.00173, Test loss=0.368, Test acc=0.0765]
 80%|███████▉  | 159/200 [45:17<11:42, 17.13s/it, Train loss=0.00703, Train acc=0.00173, Test loss=0.368, Test acc=0.0765]
 80%|███████▉  | 159/200 [45:35<11:42, 17.13s/it, Train loss=0.00676, Train acc=0.00151, Test loss=0.377, Test acc=0.0778]
 80%|████████  | 160/200 [45:35<11:26, 17.16s/it, Train loss=0.00676, Train acc=0.00151, Test loss=0.377, Test acc=0.0778]
 80%|████████  | 160/200 [45:52<11:26, 17.16s/it, Train loss=0.00638, Train acc=0.00142, Test loss=0.377, Test acc=0.0766]
 80%|████████  | 161/200 [45:52<11:08, 17.14s/it, Train loss=0.00638, Train acc=0.00142, Test loss=0.377, Test acc=0.0766]
 80%|████████  | 161/200 [46:09<11:08, 17.14s/it, Train loss=0.00687, Train acc=0.0014, Test loss=0.375, Test acc=0.0775] 
 81%|████████  | 162/200 [46:09<10:50, 17.12s/it, Train loss=0.00687, Train acc=0.0014, Test loss=0.375, Test acc=0.0775]
 81%|████████  | 162/200 [46:26<10:50, 17.12s/it, Train loss=0.00657, Train acc=0.00159, Test loss=0.373, Test acc=0.0773]
 82%|████████▏ | 163/200 [46:26<10:34, 17.15s/it, Train loss=0.00657, Train acc=0.00159, Test loss=0.373, Test acc=0.0773]
 82%|████████▏ | 163/200 [46:45<10:34, 17.15s/it, Train loss=0.00619, Train acc=0.0013, Test loss=0.379, Test acc=0.0777] 
 82%|████████▏ | 164/200 [46:45<10:31, 17.55s/it, Train loss=0.00619, Train acc=0.0013, Test loss=0.379, Test acc=0.0777]
 82%|████████▏ | 164/200 [47:02<10:31, 17.55s/it, Train loss=0.00593, Train acc=0.00108, Test loss=0.377, Test acc=0.0789]
 82%|████████▎ | 165/200 [47:02<10:12, 17.51s/it, Train loss=0.00593, Train acc=0.00108, Test loss=0.377, Test acc=0.0789]
 82%|████████▎ | 165/200 [47:19<10:12, 17.51s/it, Train loss=0.00583, Train acc=0.00117, Test loss=0.372, Test acc=0.078] 
 83%|████████▎ | 166/200 [47:19<09:51, 17.40s/it, Train loss=0.00583, Train acc=0.00117, Test loss=0.372, Test acc=0.078]
 83%|████████▎ | 166/200 [47:36<09:51, 17.40s/it, Train loss=0.00616, Train acc=0.00134, Test loss=0.376, Test acc=0.078]
 84%|████████▎ | 167/200 [47:36<09:32, 17.35s/it, Train loss=0.00616, Train acc=0.00134, Test loss=0.376, Test acc=0.078]
 84%|████████▎ | 167/200 [47:53<09:32, 17.35s/it, Train loss=0.0057, Train acc=0.00118, Test loss=0.374, Test acc=0.0773]
 84%|████████▍ | 168/200 [47:53<09:11, 17.25s/it, Train loss=0.0057, Train acc=0.00118, Test loss=0.374, Test acc=0.0773]
 84%|████████▍ | 168/200 [48:10<09:11, 17.25s/it, Train loss=0.0055, Train acc=0.00112, Test loss=0.383, Test acc=0.0766]
 84%|████████▍ | 169/200 [48:10<08:53, 17.21s/it, Train loss=0.0055, Train acc=0.00112, Test loss=0.383, Test acc=0.0766]
 84%|████████▍ | 169/200 [48:28<08:53, 17.21s/it, Train loss=0.00601, Train acc=0.0012, Test loss=0.379, Test acc=0.0768]
 85%|████████▌ | 170/200 [48:28<08:35, 17.18s/it, Train loss=0.00601, Train acc=0.0012, Test loss=0.379, Test acc=0.0768]
 85%|████████▌ | 170/200 [48:45<08:35, 17.18s/it, Train loss=0.00557, Train acc=0.0011, Test loss=0.382, Test acc=0.0765]
 86%|████████▌ | 171/200 [48:45<08:16, 17.12s/it, Train loss=0.00557, Train acc=0.0011, Test loss=0.382, Test acc=0.0765]
 86%|████████▌ | 171/200 [49:01<08:16, 17.12s/it, Train loss=0.00529, Train acc=0.000996, Test loss=0.378, Test acc=0.0769]
 86%|████████▌ | 172/200 [49:01<07:57, 17.04s/it, Train loss=0.00529, Train acc=0.000996, Test loss=0.378, Test acc=0.0769]
 86%|████████▌ | 172/200 [49:18<07:57, 17.04s/it, Train loss=0.00543, Train acc=0.00104, Test loss=0.382, Test acc=0.0768] 
 86%|████████▋ | 173/200 [49:18<07:39, 17.01s/it, Train loss=0.00543, Train acc=0.00104, Test loss=0.382, Test acc=0.0768]
 86%|████████▋ | 173/200 [49:36<07:39, 17.01s/it, Train loss=0.00555, Train acc=0.00116, Test loss=0.371, Test acc=0.0777]
 87%|████████▋ | 174/200 [49:36<07:23, 17.05s/it, Train loss=0.00555, Train acc=0.00116, Test loss=0.371, Test acc=0.0777]
 87%|████████▋ | 174/200 [49:53<07:23, 17.05s/it, Train loss=0.00524, Train acc=0.000837, Test loss=0.377, Test acc=0.0775]
 88%|████████▊ | 175/200 [49:53<07:06, 17.05s/it, Train loss=0.00524, Train acc=0.000837, Test loss=0.377, Test acc=0.0775]
 88%|████████▊ | 175/200 [50:10<07:06, 17.05s/it, Train loss=0.00496, Train acc=0.000857, Test loss=0.374, Test acc=0.0776]
 88%|████████▊ | 176/200 [50:10<06:48, 17.04s/it, Train loss=0.00496, Train acc=0.000857, Test loss=0.374, Test acc=0.0776]
 88%|████████▊ | 176/200 [50:27<06:48, 17.04s/it, Train loss=0.00508, Train acc=0.000817, Test loss=0.38, Test acc=0.0778] 
 88%|████████▊ | 177/200 [50:27<06:33, 17.09s/it, Train loss=0.00508, Train acc=0.000817, Test loss=0.38, Test acc=0.0778]
 88%|████████▊ | 177/200 [50:44<06:33, 17.09s/it, Train loss=0.0053, Train acc=0.000917, Test loss=0.377, Test acc=0.0768]
 89%|████████▉ | 178/200 [50:44<06:16, 17.13s/it, Train loss=0.0053, Train acc=0.000917, Test loss=0.377, Test acc=0.0768]
 89%|████████▉ | 178/200 [51:01<06:16, 17.13s/it, Train loss=0.00474, Train acc=0.000857, Test loss=0.378, Test acc=0.077]
 90%|████████▉ | 179/200 [51:01<05:58, 17.09s/it, Train loss=0.00474, Train acc=0.000857, Test loss=0.378, Test acc=0.077]
 90%|████████▉ | 179/200 [51:18<05:58, 17.09s/it, Train loss=0.00498, Train acc=0.000996, Test loss=0.378, Test acc=0.0781]
 90%|█████████ | 180/200 [51:18<05:41, 17.09s/it, Train loss=0.00498, Train acc=0.000996, Test loss=0.378, Test acc=0.0781]
 90%|█████████ | 180/200 [51:35<05:41, 17.09s/it, Train loss=0.00534, Train acc=0.00106, Test loss=0.377, Test acc=0.0769] 
 90%|█████████ | 181/200 [51:35<05:25, 17.13s/it, Train loss=0.00534, Train acc=0.00106, Test loss=0.377, Test acc=0.0769]
 90%|█████████ | 181/200 [51:52<05:25, 17.13s/it, Train loss=0.0049, Train acc=0.00108, Test loss=0.381, Test acc=0.0773] 
 91%|█████████ | 182/200 [51:52<05:07, 17.10s/it, Train loss=0.0049, Train acc=0.00108, Test loss=0.381, Test acc=0.0773]
 91%|█████████ | 182/200 [52:09<05:07, 17.10s/it, Train loss=0.00479, Train acc=0.000837, Test loss=0.374, Test acc=0.0774]
 92%|█████████▏| 183/200 [52:09<04:50, 17.10s/it, Train loss=0.00479, Train acc=0.000837, Test loss=0.374, Test acc=0.0774]
 92%|█████████▏| 183/200 [52:27<04:50, 17.10s/it, Train loss=0.00493, Train acc=0.000797, Test loss=0.379, Test acc=0.0774]
 92%|█████████▏| 184/200 [52:27<04:34, 17.13s/it, Train loss=0.00493, Train acc=0.000797, Test loss=0.379, Test acc=0.0774]
 92%|█████████▏| 184/200 [52:44<04:34, 17.13s/it, Train loss=0.00452, Train acc=0.000797, Test loss=0.376, Test acc=0.0765]
 92%|█████████▎| 185/200 [52:44<04:16, 17.13s/it, Train loss=0.00452, Train acc=0.000797, Test loss=0.376, Test acc=0.0765]
 92%|█████████▎| 185/200 [53:01<04:16, 17.13s/it, Train loss=0.00479, Train acc=0.000937, Test loss=0.377, Test acc=0.0772]
 93%|█████████▎| 186/200 [53:01<03:59, 17.11s/it, Train loss=0.00479, Train acc=0.000937, Test loss=0.377, Test acc=0.0772]
 93%|█████████▎| 186/200 [53:18<03:59, 17.11s/it, Train loss=0.0048, Train acc=0.000917, Test loss=0.374, Test acc=0.0783] 
 94%|█████████▎| 187/200 [53:18<03:42, 17.12s/it, Train loss=0.0048, Train acc=0.000917, Test loss=0.374, Test acc=0.0783]
 94%|█████████▎| 187/200 [53:35<03:42, 17.12s/it, Train loss=0.00445, Train acc=0.000777, Test loss=0.376, Test acc=0.0776]
 94%|█████████▍| 188/200 [53:35<03:25, 17.16s/it, Train loss=0.00445, Train acc=0.000777, Test loss=0.376, Test acc=0.0776]
 94%|█████████▍| 188/200 [53:52<03:25, 17.16s/it, Train loss=0.00517, Train acc=0.00104, Test loss=0.381, Test acc=0.0774] 
 94%|█████████▍| 189/200 [53:52<03:08, 17.13s/it, Train loss=0.00517, Train acc=0.00104, Test loss=0.381, Test acc=0.0774]
 94%|█████████▍| 189/200 [54:09<03:08, 17.13s/it, Train loss=0.00454, Train acc=0.000937, Test loss=0.38, Test acc=0.077] 
 95%|█████████▌| 190/200 [54:09<02:50, 17.07s/it, Train loss=0.00454, Train acc=0.000937, Test loss=0.38, Test acc=0.077]
 95%|█████████▌| 190/200 [54:26<02:50, 17.07s/it, Train loss=0.00475, Train acc=0.000737, Test loss=0.376, Test acc=0.0783]
 96%|█████████▌| 191/200 [54:26<02:33, 17.05s/it, Train loss=0.00475, Train acc=0.000737, Test loss=0.376, Test acc=0.0783]
 96%|█████████▌| 191/200 [54:43<02:33, 17.05s/it, Train loss=0.00457, Train acc=0.000678, Test loss=0.385, Test acc=0.0777]
 96%|█████████▌| 192/200 [54:43<02:16, 17.05s/it, Train loss=0.00457, Train acc=0.000678, Test loss=0.385, Test acc=0.0777]
 96%|█████████▌| 192/200 [55:00<02:16, 17.05s/it, Train loss=0.00461, Train acc=0.000717, Test loss=0.374, Test acc=0.0777]
 96%|█████████▋| 193/200 [55:00<01:58, 17.00s/it, Train loss=0.00461, Train acc=0.000717, Test loss=0.374, Test acc=0.0777]
 96%|█████████▋| 193/200 [55:17<01:58, 17.00s/it, Train loss=0.00444, Train acc=0.000797, Test loss=0.381, Test acc=0.0775]
 97%|█████████▋| 194/200 [55:17<01:41, 16.97s/it, Train loss=0.00444, Train acc=0.000797, Test loss=0.381, Test acc=0.0775]
 97%|█████████▋| 194/200 [55:34<01:41, 16.97s/it, Train loss=0.00479, Train acc=0.000897, Test loss=0.376, Test acc=0.077] 
 98%|█████████▊| 195/200 [55:34<01:24, 16.97s/it, Train loss=0.00479, Train acc=0.000897, Test loss=0.376, Test acc=0.077]
 98%|█████████▊| 195/200 [55:51<01:24, 16.97s/it, Train loss=0.00445, Train acc=0.000717, Test loss=0.377, Test acc=0.078]
 98%|█████████▊| 196/200 [55:51<01:07, 16.98s/it, Train loss=0.00445, Train acc=0.000717, Test loss=0.377, Test acc=0.078]
 98%|█████████▊| 196/200 [56:08<01:07, 16.98s/it, Train loss=0.00486, Train acc=0.000957, Test loss=0.383, Test acc=0.0769]
 98%|█████████▊| 197/200 [56:08<00:50, 16.96s/it, Train loss=0.00486, Train acc=0.000957, Test loss=0.383, Test acc=0.0769]
 98%|█████████▊| 197/200 [56:25<00:50, 16.96s/it, Train loss=0.00445, Train acc=0.000737, Test loss=0.381, Test acc=0.0764]
 99%|█████████▉| 198/200 [56:25<00:34, 17.02s/it, Train loss=0.00445, Train acc=0.000737, Test loss=0.381, Test acc=0.0764]
 99%|█████████▉| 198/200 [56:42<00:34, 17.02s/it, Train loss=0.00476, Train acc=0.000857, Test loss=0.381, Test acc=0.0772]
100%|█████████▉| 199/200 [56:42<00:17, 17.04s/it, Train loss=0.00476, Train acc=0.000857, Test loss=0.381, Test acc=0.0772]
100%|█████████▉| 199/200 [56:59<00:17, 17.04s/it, Train loss=0.00465, Train acc=0.000757, Test loss=0.377, Test acc=0.0779]
100%|██████████| 200/200 [56:59<00:00, 16.99s/it, Train loss=0.00465, Train acc=0.000757, Test loss=0.377, Test acc=0.0779]
100%|██████████| 200/200 [56:59<00:00, 17.10s/it, Train loss=0.00465, Train acc=0.000757, Test loss=0.377, Test acc=0.0779]
