Files already downloaded and verified
Files already downloaded and verified
load resnet18...

  0%|          | 0/200 [00:00<?, ?it/s]
  0%|          | 0/200 [00:18<?, ?it/s, Train loss=2.08, Train acc=0.752, Test loss=2.38, Test acc=0.776]
  0%|          | 1/200 [00:18<1:00:06, 18.12s/it, Train loss=2.08, Train acc=0.752, Test loss=2.38, Test acc=0.776]
  0%|          | 1/200 [00:35<1:00:06, 18.12s/it, Train loss=1.79, Train acc=0.673, Test loss=1.81, Test acc=0.672]
  1%|          | 2/200 [00:35<58:37, 17.77s/it, Train loss=1.79, Train acc=0.673, Test loss=1.81, Test acc=0.672]  
  1%|          | 2/200 [00:52<58:37, 17.77s/it, Train loss=1.65, Train acc=0.623, Test loss=1.72, Test acc=0.644]
  2%|▏         | 3/200 [00:52<57:31, 17.52s/it, Train loss=1.65, Train acc=0.623, Test loss=1.72, Test acc=0.644]
  2%|▏         | 3/200 [01:11<57:31, 17.52s/it, Train loss=1.55, Train acc=0.576, Test loss=1.68, Test acc=0.622]
  2%|▏         | 4/200 [01:11<58:17, 17.84s/it, Train loss=1.55, Train acc=0.576, Test loss=1.68, Test acc=0.622]
  2%|▏         | 4/200 [01:28<58:17, 17.84s/it, Train loss=1.47, Train acc=0.547, Test loss=1.65, Test acc=0.605]
  2%|▎         | 5/200 [01:28<57:26, 17.67s/it, Train loss=1.47, Train acc=0.547, Test loss=1.65, Test acc=0.605]
  2%|▎         | 5/200 [01:45<57:26, 17.67s/it, Train loss=1.4, Train acc=0.518, Test loss=1.65, Test acc=0.597] 
  3%|▎         | 6/200 [01:45<56:28, 17.47s/it, Train loss=1.4, Train acc=0.518, Test loss=1.65, Test acc=0.597]
  3%|▎         | 6/200 [02:02<56:28, 17.47s/it, Train loss=1.34, Train acc=0.497, Test loss=1.81, Test acc=0.619]
  4%|▎         | 7/200 [02:02<55:44, 17.33s/it, Train loss=1.34, Train acc=0.497, Test loss=1.81, Test acc=0.619]
  4%|▎         | 7/200 [02:19<55:44, 17.33s/it, Train loss=1.28, Train acc=0.468, Test loss=1.29, Test acc=0.472]
  4%|▍         | 8/200 [02:19<55:10, 17.24s/it, Train loss=1.28, Train acc=0.468, Test loss=1.29, Test acc=0.472]
  4%|▍         | 8/200 [02:36<55:10, 17.24s/it, Train loss=1.22, Train acc=0.443, Test loss=1.92, Test acc=0.635]
  4%|▍         | 9/200 [02:36<54:42, 17.19s/it, Train loss=1.22, Train acc=0.443, Test loss=1.92, Test acc=0.635]
  4%|▍         | 9/200 [02:53<54:42, 17.19s/it, Train loss=1.17, Train acc=0.422, Test loss=1.86, Test acc=0.567]
  5%|▌         | 10/200 [02:53<54:18, 17.15s/it, Train loss=1.17, Train acc=0.422, Test loss=1.86, Test acc=0.567]
  5%|▌         | 10/200 [03:11<54:18, 17.15s/it, Train loss=1.1, Train acc=0.4, Test loss=1.59, Test acc=0.545]   
  6%|▌         | 11/200 [03:11<54:00, 17.15s/it, Train loss=1.1, Train acc=0.4, Test loss=1.59, Test acc=0.545]
  6%|▌         | 11/200 [03:28<54:00, 17.15s/it, Train loss=1.06, Train acc=0.382, Test loss=1.38, Test acc=0.455]
  6%|▌         | 12/200 [03:28<53:44, 17.15s/it, Train loss=1.06, Train acc=0.382, Test loss=1.38, Test acc=0.455]
  6%|▌         | 12/200 [03:45<53:44, 17.15s/it, Train loss=1.02, Train acc=0.367, Test loss=2.11, Test acc=0.614]
  6%|▋         | 13/200 [03:45<53:27, 17.15s/it, Train loss=1.02, Train acc=0.367, Test loss=2.11, Test acc=0.614]
  6%|▋         | 13/200 [04:02<53:27, 17.15s/it, Train loss=0.995, Train acc=0.354, Test loss=1.2, Test acc=0.428]
  7%|▋         | 14/200 [04:02<53:15, 17.18s/it, Train loss=0.995, Train acc=0.354, Test loss=1.2, Test acc=0.428]
  7%|▋         | 14/200 [04:19<53:15, 17.18s/it, Train loss=0.941, Train acc=0.336, Test loss=1.7, Test acc=0.506]
  8%|▊         | 15/200 [04:19<52:56, 17.17s/it, Train loss=0.941, Train acc=0.336, Test loss=1.7, Test acc=0.506]
  8%|▊         | 15/200 [04:36<52:56, 17.17s/it, Train loss=0.917, Train acc=0.329, Test loss=1.18, Test acc=0.41]
  8%|▊         | 16/200 [04:36<52:38, 17.17s/it, Train loss=0.917, Train acc=0.329, Test loss=1.18, Test acc=0.41]
  8%|▊         | 16/200 [04:54<52:38, 17.17s/it, Train loss=0.885, Train acc=0.317, Test loss=0.938, Test acc=0.331]
  8%|▊         | 17/200 [04:54<52:25, 17.19s/it, Train loss=0.885, Train acc=0.317, Test loss=0.938, Test acc=0.331]
  8%|▊         | 17/200 [05:11<52:25, 17.19s/it, Train loss=0.858, Train acc=0.305, Test loss=0.927, Test acc=0.329]
  9%|▉         | 18/200 [05:11<52:10, 17.20s/it, Train loss=0.858, Train acc=0.305, Test loss=0.927, Test acc=0.329]
  9%|▉         | 18/200 [05:28<52:10, 17.20s/it, Train loss=0.827, Train acc=0.294, Test loss=1.28, Test acc=0.43]  
 10%|▉         | 19/200 [05:28<51:48, 17.17s/it, Train loss=0.827, Train acc=0.294, Test loss=1.28, Test acc=0.43]
 10%|▉         | 19/200 [05:45<51:48, 17.17s/it, Train loss=0.798, Train acc=0.285, Test loss=1.21, Test acc=0.386]
 10%|█         | 20/200 [05:45<51:27, 17.15s/it, Train loss=0.798, Train acc=0.285, Test loss=1.21, Test acc=0.386]
 10%|█         | 20/200 [06:02<51:27, 17.15s/it, Train loss=0.775, Train acc=0.273, Test loss=1.03, Test acc=0.363]
 10%|█         | 21/200 [06:02<51:09, 17.15s/it, Train loss=0.775, Train acc=0.273, Test loss=1.03, Test acc=0.363]
 10%|█         | 21/200 [06:19<51:09, 17.15s/it, Train loss=0.753, Train acc=0.267, Test loss=0.936, Test acc=0.326]
 11%|█         | 22/200 [06:19<50:49, 17.13s/it, Train loss=0.753, Train acc=0.267, Test loss=0.936, Test acc=0.326]
 11%|█         | 22/200 [06:37<50:49, 17.13s/it, Train loss=0.721, Train acc=0.254, Test loss=0.886, Test acc=0.306]
 12%|█▏        | 23/200 [06:37<50:38, 17.17s/it, Train loss=0.721, Train acc=0.254, Test loss=0.886, Test acc=0.306]
 12%|█▏        | 23/200 [06:54<50:38, 17.17s/it, Train loss=0.697, Train acc=0.244, Test loss=1.02, Test acc=0.339] 
 12%|█▏        | 24/200 [06:54<50:25, 17.19s/it, Train loss=0.697, Train acc=0.244, Test loss=1.02, Test acc=0.339]
 12%|█▏        | 24/200 [07:11<50:25, 17.19s/it, Train loss=0.676, Train acc=0.237, Test loss=0.804, Test acc=0.284]
 12%|█▎        | 25/200 [07:11<50:10, 17.20s/it, Train loss=0.676, Train acc=0.237, Test loss=0.804, Test acc=0.284]
 12%|█▎        | 25/200 [07:28<50:10, 17.20s/it, Train loss=0.665, Train acc=0.235, Test loss=0.719, Test acc=0.249]
 13%|█▎        | 26/200 [07:28<49:54, 17.21s/it, Train loss=0.665, Train acc=0.235, Test loss=0.719, Test acc=0.249]
 13%|█▎        | 26/200 [07:45<49:54, 17.21s/it, Train loss=0.648, Train acc=0.227, Test loss=0.932, Test acc=0.31] 
 14%|█▎        | 27/200 [07:45<49:32, 17.18s/it, Train loss=0.648, Train acc=0.227, Test loss=0.932, Test acc=0.31]
 14%|█▎        | 27/200 [08:03<49:32, 17.18s/it, Train loss=0.634, Train acc=0.222, Test loss=1.06, Test acc=0.333]
 14%|█▍        | 28/200 [08:03<49:15, 17.18s/it, Train loss=0.634, Train acc=0.222, Test loss=1.06, Test acc=0.333]
 14%|█▍        | 28/200 [08:20<49:15, 17.18s/it, Train loss=0.619, Train acc=0.217, Test loss=0.869, Test acc=0.293]
 14%|█▍        | 29/200 [08:20<48:56, 17.17s/it, Train loss=0.619, Train acc=0.217, Test loss=0.869, Test acc=0.293]
 14%|█▍        | 29/200 [08:37<48:56, 17.17s/it, Train loss=0.611, Train acc=0.214, Test loss=0.772, Test acc=0.268]
 15%|█▌        | 30/200 [08:37<48:46, 17.22s/it, Train loss=0.611, Train acc=0.214, Test loss=0.772, Test acc=0.268]
 15%|█▌        | 30/200 [08:54<48:46, 17.22s/it, Train loss=0.593, Train acc=0.206, Test loss=1.13, Test acc=0.361] 
 16%|█▌        | 31/200 [08:54<48:33, 17.24s/it, Train loss=0.593, Train acc=0.206, Test loss=1.13, Test acc=0.361]
 16%|█▌        | 31/200 [09:12<48:33, 17.24s/it, Train loss=0.583, Train acc=0.203, Test loss=0.989, Test acc=0.307]
 16%|█▌        | 32/200 [09:12<48:19, 17.26s/it, Train loss=0.583, Train acc=0.203, Test loss=0.989, Test acc=0.307]
 16%|█▌        | 32/200 [09:29<48:19, 17.26s/it, Train loss=0.567, Train acc=0.197, Test loss=1.36, Test acc=0.345] 
 16%|█▋        | 33/200 [09:29<48:13, 17.33s/it, Train loss=0.567, Train acc=0.197, Test loss=1.36, Test acc=0.345]
 16%|█▋        | 33/200 [09:46<48:13, 17.33s/it, Train loss=0.558, Train acc=0.195, Test loss=0.683, Test acc=0.234]
 17%|█▋        | 34/200 [09:46<47:49, 17.29s/it, Train loss=0.558, Train acc=0.195, Test loss=0.683, Test acc=0.234]
 17%|█▋        | 34/200 [10:03<47:49, 17.29s/it, Train loss=0.536, Train acc=0.186, Test loss=0.589, Test acc=0.203]
 18%|█▊        | 35/200 [10:03<47:27, 17.26s/it, Train loss=0.536, Train acc=0.186, Test loss=0.589, Test acc=0.203]
 18%|█▊        | 35/200 [10:21<47:27, 17.26s/it, Train loss=0.527, Train acc=0.183, Test loss=1.07, Test acc=0.35]  
 18%|█▊        | 36/200 [10:21<47:02, 17.21s/it, Train loss=0.527, Train acc=0.183, Test loss=1.07, Test acc=0.35]
 18%|█▊        | 36/200 [10:38<47:02, 17.21s/it, Train loss=0.526, Train acc=0.183, Test loss=0.631, Test acc=0.21]
 18%|█▊        | 37/200 [10:38<46:48, 17.23s/it, Train loss=0.526, Train acc=0.183, Test loss=0.631, Test acc=0.21]
 18%|█▊        | 37/200 [10:55<46:48, 17.23s/it, Train loss=0.523, Train acc=0.183, Test loss=0.833, Test acc=0.267]
 19%|█▉        | 38/200 [10:55<46:42, 17.30s/it, Train loss=0.523, Train acc=0.183, Test loss=0.833, Test acc=0.267]
 19%|█▉        | 38/200 [11:12<46:42, 17.30s/it, Train loss=0.504, Train acc=0.176, Test loss=0.629, Test acc=0.215]
 20%|█▉        | 39/200 [11:12<46:18, 17.25s/it, Train loss=0.504, Train acc=0.176, Test loss=0.629, Test acc=0.215]
 20%|█▉        | 39/200 [11:30<46:18, 17.25s/it, Train loss=0.497, Train acc=0.172, Test loss=0.596, Test acc=0.201]
 20%|██        | 40/200 [11:30<45:55, 17.22s/it, Train loss=0.497, Train acc=0.172, Test loss=0.596, Test acc=0.201]
 20%|██        | 40/200 [11:47<45:55, 17.22s/it, Train loss=0.486, Train acc=0.169, Test loss=0.6, Test acc=0.206]  
 20%|██        | 41/200 [11:47<45:33, 17.19s/it, Train loss=0.486, Train acc=0.169, Test loss=0.6, Test acc=0.206]
 20%|██        | 41/200 [12:04<45:33, 17.19s/it, Train loss=0.476, Train acc=0.167, Test loss=0.613, Test acc=0.203]
 21%|██        | 42/200 [12:04<45:18, 17.21s/it, Train loss=0.476, Train acc=0.167, Test loss=0.613, Test acc=0.203]
 21%|██        | 42/200 [12:21<45:18, 17.21s/it, Train loss=0.472, Train acc=0.165, Test loss=0.666, Test acc=0.228]
 22%|██▏       | 43/200 [12:21<44:57, 17.18s/it, Train loss=0.472, Train acc=0.165, Test loss=0.666, Test acc=0.228]
 22%|██▏       | 43/200 [12:38<44:57, 17.18s/it, Train loss=0.47, Train acc=0.165, Test loss=0.71, Test acc=0.239]  
 22%|██▏       | 44/200 [12:38<44:38, 17.17s/it, Train loss=0.47, Train acc=0.165, Test loss=0.71, Test acc=0.239]
 22%|██▏       | 44/200 [12:55<44:38, 17.17s/it, Train loss=0.451, Train acc=0.157, Test loss=0.607, Test acc=0.2]
 22%|██▎       | 45/200 [12:55<44:23, 17.19s/it, Train loss=0.451, Train acc=0.157, Test loss=0.607, Test acc=0.2]
 22%|██▎       | 45/200 [13:13<44:23, 17.19s/it, Train loss=0.453, Train acc=0.157, Test loss=0.808, Test acc=0.245]
 23%|██▎       | 46/200 [13:13<44:06, 17.18s/it, Train loss=0.453, Train acc=0.157, Test loss=0.808, Test acc=0.245]
 23%|██▎       | 46/200 [13:30<44:06, 17.18s/it, Train loss=0.441, Train acc=0.154, Test loss=0.722, Test acc=0.235]
 24%|██▎       | 47/200 [13:30<43:51, 17.20s/it, Train loss=0.441, Train acc=0.154, Test loss=0.722, Test acc=0.235]
 24%|██▎       | 47/200 [13:47<43:51, 17.20s/it, Train loss=0.436, Train acc=0.152, Test loss=0.579, Test acc=0.19] 
 24%|██▍       | 48/200 [13:47<43:35, 17.21s/it, Train loss=0.436, Train acc=0.152, Test loss=0.579, Test acc=0.19]
 24%|██▍       | 48/200 [14:04<43:35, 17.21s/it, Train loss=0.43, Train acc=0.149, Test loss=0.555, Test acc=0.186]
 24%|██▍       | 49/200 [14:04<43:20, 17.22s/it, Train loss=0.43, Train acc=0.149, Test loss=0.555, Test acc=0.186]
 24%|██▍       | 49/200 [14:21<43:20, 17.22s/it, Train loss=0.426, Train acc=0.149, Test loss=0.632, Test acc=0.212]
 25%|██▌       | 50/200 [14:21<42:55, 17.17s/it, Train loss=0.426, Train acc=0.149, Test loss=0.632, Test acc=0.212]
 25%|██▌       | 50/200 [14:39<42:55, 17.17s/it, Train loss=0.413, Train acc=0.143, Test loss=0.593, Test acc=0.194]
 26%|██▌       | 51/200 [14:39<42:40, 17.19s/it, Train loss=0.413, Train acc=0.143, Test loss=0.593, Test acc=0.194]
 26%|██▌       | 51/200 [14:56<42:40, 17.19s/it, Train loss=0.401, Train acc=0.14, Test loss=0.549, Test acc=0.182] 
 26%|██▌       | 52/200 [14:56<42:28, 17.22s/it, Train loss=0.401, Train acc=0.14, Test loss=0.549, Test acc=0.182]
 26%|██▌       | 52/200 [15:13<42:28, 17.22s/it, Train loss=0.396, Train acc=0.138, Test loss=0.774, Test acc=0.24]
 26%|██▋       | 53/200 [15:13<42:13, 17.23s/it, Train loss=0.396, Train acc=0.138, Test loss=0.774, Test acc=0.24]
 26%|██▋       | 53/200 [15:30<42:13, 17.23s/it, Train loss=0.395, Train acc=0.138, Test loss=0.653, Test acc=0.217]
 27%|██▋       | 54/200 [15:30<41:53, 17.22s/it, Train loss=0.395, Train acc=0.138, Test loss=0.653, Test acc=0.217]
 27%|██▋       | 54/200 [15:48<41:53, 17.22s/it, Train loss=0.39, Train acc=0.137, Test loss=0.632, Test acc=0.208] 
 28%|██▊       | 55/200 [15:48<41:36, 17.22s/it, Train loss=0.39, Train acc=0.137, Test loss=0.632, Test acc=0.208]
 28%|██▊       | 55/200 [16:05<41:36, 17.22s/it, Train loss=0.375, Train acc=0.13, Test loss=0.581, Test acc=0.193]
 28%|██▊       | 56/200 [16:05<41:15, 17.19s/it, Train loss=0.375, Train acc=0.13, Test loss=0.581, Test acc=0.193]
 28%|██▊       | 56/200 [16:22<41:15, 17.19s/it, Train loss=0.369, Train acc=0.129, Test loss=0.506, Test acc=0.167]
 28%|██▊       | 57/200 [16:22<40:49, 17.13s/it, Train loss=0.369, Train acc=0.129, Test loss=0.506, Test acc=0.167]
 28%|██▊       | 57/200 [16:39<40:49, 17.13s/it, Train loss=0.371, Train acc=0.131, Test loss=0.517, Test acc=0.174]
 29%|██▉       | 58/200 [16:39<40:29, 17.11s/it, Train loss=0.371, Train acc=0.131, Test loss=0.517, Test acc=0.174]
 29%|██▉       | 58/200 [16:56<40:29, 17.11s/it, Train loss=0.368, Train acc=0.128, Test loss=0.585, Test acc=0.188]
 30%|██▉       | 59/200 [16:56<40:19, 17.16s/it, Train loss=0.368, Train acc=0.128, Test loss=0.585, Test acc=0.188]
 30%|██▉       | 59/200 [17:13<40:19, 17.16s/it, Train loss=0.362, Train acc=0.125, Test loss=0.447, Test acc=0.152]
 30%|███       | 60/200 [17:13<40:03, 17.17s/it, Train loss=0.362, Train acc=0.125, Test loss=0.447, Test acc=0.152]
 30%|███       | 60/200 [17:30<40:03, 17.17s/it, Train loss=0.353, Train acc=0.123, Test loss=0.47, Test acc=0.157] 
 30%|███       | 61/200 [17:30<39:42, 17.14s/it, Train loss=0.353, Train acc=0.123, Test loss=0.47, Test acc=0.157]
 30%|███       | 61/200 [17:48<39:42, 17.14s/it, Train loss=0.345, Train acc=0.121, Test loss=0.535, Test acc=0.171]
 31%|███       | 62/200 [17:48<39:29, 17.17s/it, Train loss=0.345, Train acc=0.121, Test loss=0.535, Test acc=0.171]
 31%|███       | 62/200 [18:05<39:29, 17.17s/it, Train loss=0.335, Train acc=0.116, Test loss=0.597, Test acc=0.188]
 32%|███▏      | 63/200 [18:05<39:20, 17.23s/it, Train loss=0.335, Train acc=0.116, Test loss=0.597, Test acc=0.188]
 32%|███▏      | 63/200 [18:22<39:20, 17.23s/it, Train loss=0.336, Train acc=0.117, Test loss=0.421, Test acc=0.141]
 32%|███▏      | 64/200 [18:22<38:55, 17.17s/it, Train loss=0.336, Train acc=0.117, Test loss=0.421, Test acc=0.141]
 32%|███▏      | 64/200 [18:39<38:55, 17.17s/it, Train loss=0.332, Train acc=0.117, Test loss=0.531, Test acc=0.174]
 32%|███▎      | 65/200 [18:39<38:45, 17.23s/it, Train loss=0.332, Train acc=0.117, Test loss=0.531, Test acc=0.174]
 32%|███▎      | 65/200 [18:57<38:45, 17.23s/it, Train loss=0.325, Train acc=0.113, Test loss=0.542, Test acc=0.179]
 33%|███▎      | 66/200 [18:57<38:30, 17.24s/it, Train loss=0.325, Train acc=0.113, Test loss=0.542, Test acc=0.179]
 33%|███▎      | 66/200 [19:14<38:30, 17.24s/it, Train loss=0.324, Train acc=0.113, Test loss=0.485, Test acc=0.16] 
 34%|███▎      | 67/200 [19:14<38:05, 17.18s/it, Train loss=0.324, Train acc=0.113, Test loss=0.485, Test acc=0.16]
 34%|███▎      | 67/200 [19:31<38:05, 17.18s/it, Train loss=0.317, Train acc=0.11, Test loss=0.506, Test acc=0.168]
 34%|███▍      | 68/200 [19:31<37:41, 17.13s/it, Train loss=0.317, Train acc=0.11, Test loss=0.506, Test acc=0.168]
 34%|███▍      | 68/200 [19:48<37:41, 17.13s/it, Train loss=0.31, Train acc=0.109, Test loss=0.425, Test acc=0.144]
 34%|███▍      | 69/200 [19:48<37:21, 17.11s/it, Train loss=0.31, Train acc=0.109, Test loss=0.425, Test acc=0.144]
 34%|███▍      | 69/200 [20:05<37:21, 17.11s/it, Train loss=0.303, Train acc=0.106, Test loss=0.42, Test acc=0.138]
 35%|███▌      | 70/200 [20:05<37:07, 17.14s/it, Train loss=0.303, Train acc=0.106, Test loss=0.42, Test acc=0.138]
 35%|███▌      | 70/200 [20:22<37:07, 17.14s/it, Train loss=0.312, Train acc=0.109, Test loss=0.475, Test acc=0.153]
 36%|███▌      | 71/200 [20:22<36:46, 17.11s/it, Train loss=0.312, Train acc=0.109, Test loss=0.475, Test acc=0.153]
 36%|███▌      | 71/200 [20:39<36:46, 17.11s/it, Train loss=0.303, Train acc=0.106, Test loss=0.524, Test acc=0.166]
 36%|███▌      | 72/200 [20:39<36:27, 17.09s/it, Train loss=0.303, Train acc=0.106, Test loss=0.524, Test acc=0.166]
 36%|███▌      | 72/200 [20:56<36:27, 17.09s/it, Train loss=0.295, Train acc=0.103, Test loss=0.528, Test acc=0.162]
 36%|███▋      | 73/200 [20:56<36:12, 17.11s/it, Train loss=0.295, Train acc=0.103, Test loss=0.528, Test acc=0.162]
 36%|███▋      | 73/200 [21:13<36:12, 17.11s/it, Train loss=0.293, Train acc=0.102, Test loss=0.48, Test acc=0.148] 
 37%|███▋      | 74/200 [21:13<35:55, 17.11s/it, Train loss=0.293, Train acc=0.102, Test loss=0.48, Test acc=0.148]
 37%|███▋      | 74/200 [21:30<35:55, 17.11s/it, Train loss=0.291, Train acc=0.102, Test loss=0.398, Test acc=0.135]
 38%|███▊      | 75/200 [21:30<35:36, 17.10s/it, Train loss=0.291, Train acc=0.102, Test loss=0.398, Test acc=0.135]
 38%|███▊      | 75/200 [21:47<35:36, 17.10s/it, Train loss=0.286, Train acc=0.101, Test loss=0.643, Test acc=0.188]
 38%|███▊      | 76/200 [21:47<35:17, 17.08s/it, Train loss=0.286, Train acc=0.101, Test loss=0.643, Test acc=0.188]
 38%|███▊      | 76/200 [22:05<35:17, 17.08s/it, Train loss=0.28, Train acc=0.0984, Test loss=0.419, Test acc=0.14] 
 38%|███▊      | 77/200 [22:05<35:05, 17.12s/it, Train loss=0.28, Train acc=0.0984, Test loss=0.419, Test acc=0.14]
 38%|███▊      | 77/200 [22:22<35:05, 17.12s/it, Train loss=0.282, Train acc=0.1, Test loss=0.441, Test acc=0.143] 
 39%|███▉      | 78/200 [22:22<34:48, 17.12s/it, Train loss=0.282, Train acc=0.1, Test loss=0.441, Test acc=0.143]
 39%|███▉      | 78/200 [22:39<34:48, 17.12s/it, Train loss=0.276, Train acc=0.0968, Test loss=0.427, Test acc=0.139]
 40%|███▉      | 79/200 [22:39<34:28, 17.10s/it, Train loss=0.276, Train acc=0.0968, Test loss=0.427, Test acc=0.139]
 40%|███▉      | 79/200 [22:56<34:28, 17.10s/it, Train loss=0.266, Train acc=0.0921, Test loss=0.526, Test acc=0.165]
 40%|████      | 80/200 [22:56<34:08, 17.07s/it, Train loss=0.266, Train acc=0.0921, Test loss=0.526, Test acc=0.165]
 40%|████      | 80/200 [23:13<34:08, 17.07s/it, Train loss=0.261, Train acc=0.0921, Test loss=0.388, Test acc=0.125]
 40%|████      | 81/200 [23:13<33:54, 17.10s/it, Train loss=0.261, Train acc=0.0921, Test loss=0.388, Test acc=0.125]
 40%|████      | 81/200 [23:30<33:54, 17.10s/it, Train loss=0.261, Train acc=0.0922, Test loss=0.523, Test acc=0.168]
 41%|████      | 82/200 [23:30<33:37, 17.10s/it, Train loss=0.261, Train acc=0.0922, Test loss=0.523, Test acc=0.168]
 41%|████      | 82/200 [23:47<33:37, 17.10s/it, Train loss=0.255, Train acc=0.0884, Test loss=0.411, Test acc=0.137]
 42%|████▏     | 83/200 [23:47<33:18, 17.08s/it, Train loss=0.255, Train acc=0.0884, Test loss=0.411, Test acc=0.137]
 42%|████▏     | 83/200 [24:04<33:18, 17.08s/it, Train loss=0.255, Train acc=0.0899, Test loss=0.396, Test acc=0.13] 
 42%|████▏     | 84/200 [24:04<32:59, 17.07s/it, Train loss=0.255, Train acc=0.0899, Test loss=0.396, Test acc=0.13]
 42%|████▏     | 84/200 [24:21<32:59, 17.07s/it, Train loss=0.252, Train acc=0.0878, Test loss=0.457, Test acc=0.146]
 42%|████▎     | 85/200 [24:21<32:45, 17.09s/it, Train loss=0.252, Train acc=0.0878, Test loss=0.457, Test acc=0.146]
 42%|████▎     | 85/200 [24:38<32:45, 17.09s/it, Train loss=0.248, Train acc=0.0868, Test loss=0.398, Test acc=0.128]
 43%|████▎     | 86/200 [24:38<32:29, 17.10s/it, Train loss=0.248, Train acc=0.0868, Test loss=0.398, Test acc=0.128]
 43%|████▎     | 86/200 [24:55<32:29, 17.10s/it, Train loss=0.244, Train acc=0.0854, Test loss=0.486, Test acc=0.147]
 44%|████▎     | 87/200 [24:55<32:09, 17.07s/it, Train loss=0.244, Train acc=0.0854, Test loss=0.486, Test acc=0.147]
 44%|████▎     | 87/200 [25:12<32:09, 17.07s/it, Train loss=0.236, Train acc=0.0822, Test loss=0.382, Test acc=0.125]
 44%|████▍     | 88/200 [25:12<31:53, 17.08s/it, Train loss=0.236, Train acc=0.0822, Test loss=0.382, Test acc=0.125]
 44%|████▍     | 88/200 [25:30<31:53, 17.08s/it, Train loss=0.233, Train acc=0.0814, Test loss=0.458, Test acc=0.139]
 44%|████▍     | 89/200 [25:30<31:40, 17.13s/it, Train loss=0.233, Train acc=0.0814, Test loss=0.458, Test acc=0.139]
 44%|████▍     | 89/200 [25:47<31:40, 17.13s/it, Train loss=0.237, Train acc=0.0828, Test loss=0.469, Test acc=0.147]
 45%|████▌     | 90/200 [25:47<31:22, 17.11s/it, Train loss=0.237, Train acc=0.0828, Test loss=0.469, Test acc=0.147]
 45%|████▌     | 90/200 [26:04<31:22, 17.11s/it, Train loss=0.229, Train acc=0.0802, Test loss=0.409, Test acc=0.125]
 46%|████▌     | 91/200 [26:04<31:04, 17.10s/it, Train loss=0.229, Train acc=0.0802, Test loss=0.409, Test acc=0.125]
 46%|████▌     | 91/200 [26:21<31:04, 17.10s/it, Train loss=0.225, Train acc=0.081, Test loss=0.444, Test acc=0.146] 
 46%|████▌     | 92/200 [26:21<30:47, 17.10s/it, Train loss=0.225, Train acc=0.081, Test loss=0.444, Test acc=0.146]
 46%|████▌     | 92/200 [26:38<30:47, 17.10s/it, Train loss=0.221, Train acc=0.0775, Test loss=0.401, Test acc=0.129]
 46%|████▋     | 93/200 [26:38<30:32, 17.13s/it, Train loss=0.221, Train acc=0.0775, Test loss=0.401, Test acc=0.129]
 46%|████▋     | 93/200 [26:55<30:32, 17.13s/it, Train loss=0.215, Train acc=0.0749, Test loss=0.399, Test acc=0.126]
 47%|████▋     | 94/200 [26:55<30:13, 17.11s/it, Train loss=0.215, Train acc=0.0749, Test loss=0.399, Test acc=0.126]
 47%|████▋     | 94/200 [27:12<30:13, 17.11s/it, Train loss=0.218, Train acc=0.077, Test loss=0.385, Test acc=0.12]  
 48%|████▊     | 95/200 [27:12<29:55, 17.10s/it, Train loss=0.218, Train acc=0.077, Test loss=0.385, Test acc=0.12]
 48%|████▊     | 95/200 [27:29<29:55, 17.10s/it, Train loss=0.217, Train acc=0.0767, Test loss=0.4, Test acc=0.125]
 48%|████▊     | 96/200 [27:29<29:41, 17.13s/it, Train loss=0.217, Train acc=0.0767, Test loss=0.4, Test acc=0.125]
 48%|████▊     | 96/200 [27:47<29:41, 17.13s/it, Train loss=0.204, Train acc=0.0716, Test loss=0.363, Test acc=0.115]
 48%|████▊     | 97/200 [27:47<29:23, 17.12s/it, Train loss=0.204, Train acc=0.0716, Test loss=0.363, Test acc=0.115]
 48%|████▊     | 97/200 [28:04<29:23, 17.12s/it, Train loss=0.207, Train acc=0.0727, Test loss=0.361, Test acc=0.116]
 49%|████▉     | 98/200 [28:04<29:04, 17.10s/it, Train loss=0.207, Train acc=0.0727, Test loss=0.361, Test acc=0.116]
 49%|████▉     | 98/200 [28:21<29:04, 17.10s/it, Train loss=0.204, Train acc=0.0717, Test loss=0.38, Test acc=0.118] 
 50%|████▉     | 99/200 [28:21<28:47, 17.10s/it, Train loss=0.204, Train acc=0.0717, Test loss=0.38, Test acc=0.118]
 50%|████▉     | 99/200 [28:38<28:47, 17.10s/it, Train loss=0.202, Train acc=0.0723, Test loss=0.369, Test acc=0.117]
 50%|█████     | 100/200 [28:38<28:32, 17.12s/it, Train loss=0.202, Train acc=0.0723, Test loss=0.369, Test acc=0.117]
 50%|█████     | 100/200 [28:55<28:32, 17.12s/it, Train loss=0.197, Train acc=0.0689, Test loss=0.406, Test acc=0.128]
 50%|█████     | 101/200 [28:55<28:13, 17.11s/it, Train loss=0.197, Train acc=0.0689, Test loss=0.406, Test acc=0.128]
 50%|█████     | 101/200 [29:12<28:13, 17.11s/it, Train loss=0.2, Train acc=0.0711, Test loss=0.406, Test acc=0.127]  
 51%|█████     | 102/200 [29:12<27:54, 17.09s/it, Train loss=0.2, Train acc=0.0711, Test loss=0.406, Test acc=0.127]
 51%|█████     | 102/200 [29:29<27:54, 17.09s/it, Train loss=0.195, Train acc=0.0696, Test loss=0.402, Test acc=0.125]
 52%|█████▏    | 103/200 [29:29<27:40, 17.11s/it, Train loss=0.195, Train acc=0.0696, Test loss=0.402, Test acc=0.125]
 52%|█████▏    | 103/200 [29:46<27:40, 17.11s/it, Train loss=0.193, Train acc=0.0672, Test loss=0.394, Test acc=0.121]
 52%|█████▏    | 104/200 [29:46<27:22, 17.11s/it, Train loss=0.193, Train acc=0.0672, Test loss=0.394, Test acc=0.121]
 52%|█████▏    | 104/200 [30:03<27:22, 17.11s/it, Train loss=0.19, Train acc=0.067, Test loss=0.401, Test acc=0.123]  
 52%|█████▎    | 105/200 [30:03<27:04, 17.10s/it, Train loss=0.19, Train acc=0.067, Test loss=0.401, Test acc=0.123]
 52%|█████▎    | 105/200 [30:20<27:04, 17.10s/it, Train loss=0.186, Train acc=0.0662, Test loss=0.373, Test acc=0.123]
 53%|█████▎    | 106/200 [30:20<26:46, 17.09s/it, Train loss=0.186, Train acc=0.0662, Test loss=0.373, Test acc=0.123]
 53%|█████▎    | 106/200 [30:38<26:46, 17.09s/it, Train loss=0.18, Train acc=0.0628, Test loss=0.357, Test acc=0.115] 
 54%|█████▎    | 107/200 [30:38<26:30, 17.10s/it, Train loss=0.18, Train acc=0.0628, Test loss=0.357, Test acc=0.115]
 54%|█████▎    | 107/200 [30:55<26:30, 17.10s/it, Train loss=0.169, Train acc=0.058, Test loss=0.375, Test acc=0.11] 
 54%|█████▍    | 108/200 [30:55<26:13, 17.11s/it, Train loss=0.169, Train acc=0.058, Test loss=0.375, Test acc=0.11]
 54%|█████▍    | 108/200 [31:12<26:13, 17.11s/it, Train loss=0.173, Train acc=0.061, Test loss=0.37, Test acc=0.113]
 55%|█████▍    | 109/200 [31:12<25:55, 17.09s/it, Train loss=0.173, Train acc=0.061, Test loss=0.37, Test acc=0.113]
 55%|█████▍    | 109/200 [31:29<25:55, 17.09s/it, Train loss=0.166, Train acc=0.0569, Test loss=0.368, Test acc=0.116]
 55%|█████▌    | 110/200 [31:29<25:40, 17.12s/it, Train loss=0.166, Train acc=0.0569, Test loss=0.368, Test acc=0.116]
 55%|█████▌    | 110/200 [31:46<25:40, 17.12s/it, Train loss=0.163, Train acc=0.056, Test loss=0.359, Test acc=0.111] 
 56%|█████▌    | 111/200 [31:46<25:23, 17.11s/it, Train loss=0.163, Train acc=0.056, Test loss=0.359, Test acc=0.111]
 56%|█████▌    | 111/200 [32:03<25:23, 17.11s/it, Train loss=0.169, Train acc=0.0612, Test loss=0.368, Test acc=0.109]
 56%|█████▌    | 112/200 [32:03<25:04, 17.10s/it, Train loss=0.169, Train acc=0.0612, Test loss=0.368, Test acc=0.109]
 56%|█████▌    | 112/200 [32:20<25:04, 17.10s/it, Train loss=0.163, Train acc=0.0578, Test loss=0.373, Test acc=0.113]
 56%|█████▋    | 113/200 [32:20<24:46, 17.09s/it, Train loss=0.163, Train acc=0.0578, Test loss=0.373, Test acc=0.113]
 56%|█████▋    | 113/200 [32:37<24:46, 17.09s/it, Train loss=0.158, Train acc=0.0559, Test loss=0.407, Test acc=0.122]
 57%|█████▋    | 114/200 [32:37<24:32, 17.12s/it, Train loss=0.158, Train acc=0.0559, Test loss=0.407, Test acc=0.122]
 57%|█████▋    | 114/200 [32:55<24:32, 17.12s/it, Train loss=0.16, Train acc=0.0557, Test loss=0.371, Test acc=0.109] 
 57%|█████▊    | 115/200 [32:55<24:24, 17.23s/it, Train loss=0.16, Train acc=0.0557, Test loss=0.371, Test acc=0.109]
 57%|█████▊    | 115/200 [33:12<24:24, 17.23s/it, Train loss=0.156, Train acc=0.0548, Test loss=0.404, Test acc=0.114]
 58%|█████▊    | 116/200 [33:12<24:01, 17.16s/it, Train loss=0.156, Train acc=0.0548, Test loss=0.404, Test acc=0.114]
 58%|█████▊    | 116/200 [33:29<24:01, 17.16s/it, Train loss=0.153, Train acc=0.0541, Test loss=0.348, Test acc=0.105]
 58%|█████▊    | 117/200 [33:29<23:44, 17.16s/it, Train loss=0.153, Train acc=0.0541, Test loss=0.348, Test acc=0.105]
 58%|█████▊    | 117/200 [33:46<23:44, 17.16s/it, Train loss=0.153, Train acc=0.0535, Test loss=0.367, Test acc=0.109]
 59%|█████▉    | 118/200 [33:46<23:26, 17.16s/it, Train loss=0.153, Train acc=0.0535, Test loss=0.367, Test acc=0.109]
 59%|█████▉    | 118/200 [34:03<23:26, 17.16s/it, Train loss=0.153, Train acc=0.054, Test loss=0.381, Test acc=0.117] 
 60%|█████▉    | 119/200 [34:03<23:06, 17.12s/it, Train loss=0.153, Train acc=0.054, Test loss=0.381, Test acc=0.117]
 60%|█████▉    | 119/200 [34:20<23:06, 17.12s/it, Train loss=0.148, Train acc=0.052, Test loss=0.391, Test acc=0.119]
 60%|██████    | 120/200 [34:20<22:48, 17.10s/it, Train loss=0.148, Train acc=0.052, Test loss=0.391, Test acc=0.119]
 60%|██████    | 120/200 [34:37<22:48, 17.10s/it, Train loss=0.143, Train acc=0.051, Test loss=0.352, Test acc=0.106]
 60%|██████    | 121/200 [34:37<22:32, 17.12s/it, Train loss=0.143, Train acc=0.051, Test loss=0.352, Test acc=0.106]
 60%|██████    | 121/200 [34:54<22:32, 17.12s/it, Train loss=0.137, Train acc=0.0479, Test loss=0.359, Test acc=0.109]
 61%|██████    | 122/200 [34:54<22:14, 17.11s/it, Train loss=0.137, Train acc=0.0479, Test loss=0.359, Test acc=0.109]
 61%|██████    | 122/200 [35:11<22:14, 17.11s/it, Train loss=0.139, Train acc=0.0489, Test loss=0.373, Test acc=0.111]
 62%|██████▏   | 123/200 [35:11<21:54, 17.07s/it, Train loss=0.139, Train acc=0.0489, Test loss=0.373, Test acc=0.111]
 62%|██████▏   | 123/200 [35:29<21:54, 17.07s/it, Train loss=0.135, Train acc=0.0472, Test loss=0.378, Test acc=0.105]
 62%|██████▏   | 124/200 [35:29<21:46, 17.19s/it, Train loss=0.135, Train acc=0.0472, Test loss=0.378, Test acc=0.105]
 62%|██████▏   | 124/200 [35:47<21:46, 17.19s/it, Train loss=0.13, Train acc=0.0457, Test loss=0.341, Test acc=0.0999]
 62%|██████▎   | 125/200 [35:47<21:46, 17.42s/it, Train loss=0.13, Train acc=0.0457, Test loss=0.341, Test acc=0.0999]
 62%|██████▎   | 125/200 [36:04<21:46, 17.42s/it, Train loss=0.125, Train acc=0.0435, Test loss=0.361, Test acc=0.107]
 63%|██████▎   | 126/200 [36:04<21:21, 17.32s/it, Train loss=0.125, Train acc=0.0435, Test loss=0.361, Test acc=0.107]
 63%|██████▎   | 126/200 [36:21<21:21, 17.32s/it, Train loss=0.128, Train acc=0.0454, Test loss=0.356, Test acc=0.102]
 64%|██████▎   | 127/200 [36:21<20:57, 17.22s/it, Train loss=0.128, Train acc=0.0454, Test loss=0.356, Test acc=0.102]
 64%|██████▎   | 127/200 [36:38<20:57, 17.22s/it, Train loss=0.124, Train acc=0.044, Test loss=0.345, Test acc=0.0998]
 64%|██████▍   | 128/200 [36:38<20:38, 17.20s/it, Train loss=0.124, Train acc=0.044, Test loss=0.345, Test acc=0.0998]
 64%|██████▍   | 128/200 [36:55<20:38, 17.20s/it, Train loss=0.123, Train acc=0.0427, Test loss=0.358, Test acc=0.104]
 64%|██████▍   | 129/200 [36:55<20:17, 17.15s/it, Train loss=0.123, Train acc=0.0427, Test loss=0.358, Test acc=0.104]
 64%|██████▍   | 129/200 [37:12<20:17, 17.15s/it, Train loss=0.123, Train acc=0.0435, Test loss=0.349, Test acc=0.103]
 65%|██████▌   | 130/200 [37:12<19:57, 17.10s/it, Train loss=0.123, Train acc=0.0435, Test loss=0.349, Test acc=0.103]
 65%|██████▌   | 130/200 [37:29<19:57, 17.10s/it, Train loss=0.121, Train acc=0.0425, Test loss=0.35, Test acc=0.1]   
 66%|██████▌   | 131/200 [37:29<19:39, 17.10s/it, Train loss=0.121, Train acc=0.0425, Test loss=0.35, Test acc=0.1]
 66%|██████▌   | 131/200 [37:46<19:39, 17.10s/it, Train loss=0.118, Train acc=0.0423, Test loss=0.346, Test acc=0.1]
 66%|██████▌   | 132/200 [37:46<19:23, 17.11s/it, Train loss=0.118, Train acc=0.0423, Test loss=0.346, Test acc=0.1]
 66%|██████▌   | 132/200 [38:03<19:23, 17.11s/it, Train loss=0.113, Train acc=0.04, Test loss=0.361, Test acc=0.0995]
 66%|██████▋   | 133/200 [38:03<19:05, 17.10s/it, Train loss=0.113, Train acc=0.04, Test loss=0.361, Test acc=0.0995]
 66%|██████▋   | 133/200 [38:20<19:05, 17.10s/it, Train loss=0.11, Train acc=0.039, Test loss=0.339, Test acc=0.0969]
 67%|██████▋   | 134/200 [38:20<18:46, 17.07s/it, Train loss=0.11, Train acc=0.039, Test loss=0.339, Test acc=0.0969]
 67%|██████▋   | 134/200 [38:38<18:46, 17.07s/it, Train loss=0.108, Train acc=0.0381, Test loss=0.366, Test acc=0.101]
 68%|██████▊   | 135/200 [38:38<18:31, 17.10s/it, Train loss=0.108, Train acc=0.0381, Test loss=0.366, Test acc=0.101]
 68%|██████▊   | 135/200 [38:55<18:31, 17.10s/it, Train loss=0.105, Train acc=0.0365, Test loss=0.37, Test acc=0.0988]
 68%|██████▊   | 136/200 [38:55<18:13, 17.09s/it, Train loss=0.105, Train acc=0.0365, Test loss=0.37, Test acc=0.0988]
 68%|██████▊   | 136/200 [39:12<18:13, 17.09s/it, Train loss=0.106, Train acc=0.0375, Test loss=0.404, Test acc=0.109]
 68%|██████▊   | 137/200 [39:12<17:54, 17.05s/it, Train loss=0.106, Train acc=0.0375, Test loss=0.404, Test acc=0.109]
 68%|██████▊   | 137/200 [39:29<17:54, 17.05s/it, Train loss=0.104, Train acc=0.0373, Test loss=0.369, Test acc=0.0984]
 69%|██████▉   | 138/200 [39:29<17:37, 17.05s/it, Train loss=0.104, Train acc=0.0373, Test loss=0.369, Test acc=0.0984]
 69%|██████▉   | 138/200 [39:46<17:37, 17.05s/it, Train loss=0.101, Train acc=0.0351, Test loss=0.357, Test acc=0.0992]
 70%|██████▉   | 139/200 [39:46<17:21, 17.07s/it, Train loss=0.101, Train acc=0.0351, Test loss=0.357, Test acc=0.0992]
 70%|██████▉   | 139/200 [40:03<17:21, 17.07s/it, Train loss=0.103, Train acc=0.0361, Test loss=0.38, Test acc=0.105]  
 70%|███████   | 140/200 [40:03<17:04, 17.07s/it, Train loss=0.103, Train acc=0.0361, Test loss=0.38, Test acc=0.105]
 70%|███████   | 140/200 [40:20<17:04, 17.07s/it, Train loss=0.0981, Train acc=0.0348, Test loss=0.379, Test acc=0.102]
 70%|███████   | 141/200 [40:20<16:46, 17.06s/it, Train loss=0.0981, Train acc=0.0348, Test loss=0.379, Test acc=0.102]
 70%|███████   | 141/200 [40:37<16:46, 17.06s/it, Train loss=0.0984, Train acc=0.0357, Test loss=0.376, Test acc=0.104]
 71%|███████   | 142/200 [40:37<16:30, 17.07s/it, Train loss=0.0984, Train acc=0.0357, Test loss=0.376, Test acc=0.104]
 71%|███████   | 142/200 [40:54<16:30, 17.07s/it, Train loss=0.0931, Train acc=0.0319, Test loss=0.348, Test acc=0.0935]
 72%|███████▏  | 143/200 [40:54<16:13, 17.08s/it, Train loss=0.0931, Train acc=0.0319, Test loss=0.348, Test acc=0.0935]
 72%|███████▏  | 143/200 [41:11<16:13, 17.08s/it, Train loss=0.0945, Train acc=0.0322, Test loss=0.369, Test acc=0.0962]
 72%|███████▏  | 144/200 [41:11<15:55, 17.06s/it, Train loss=0.0945, Train acc=0.0322, Test loss=0.369, Test acc=0.0962]
 72%|███████▏  | 144/200 [41:28<15:55, 17.06s/it, Train loss=0.09, Train acc=0.0312, Test loss=0.353, Test acc=0.0943]  
 72%|███████▎  | 145/200 [41:28<15:38, 17.07s/it, Train loss=0.09, Train acc=0.0312, Test loss=0.353, Test acc=0.0943]
 72%|███████▎  | 145/200 [41:45<15:38, 17.07s/it, Train loss=0.0905, Train acc=0.0316, Test loss=0.365, Test acc=0.0964]
 73%|███████▎  | 146/200 [41:45<15:23, 17.10s/it, Train loss=0.0905, Train acc=0.0316, Test loss=0.365, Test acc=0.0964]
 73%|███████▎  | 146/200 [42:02<15:23, 17.10s/it, Train loss=0.0859, Train acc=0.0297, Test loss=0.353, Test acc=0.0956]
 74%|███████▎  | 147/200 [42:02<15:05, 17.08s/it, Train loss=0.0859, Train acc=0.0297, Test loss=0.353, Test acc=0.0956]
 74%|███████▎  | 147/200 [42:19<15:05, 17.08s/it, Train loss=0.0834, Train acc=0.0293, Test loss=0.346, Test acc=0.0921]
 74%|███████▍  | 148/200 [42:19<14:46, 17.05s/it, Train loss=0.0834, Train acc=0.0293, Test loss=0.346, Test acc=0.0921]
 74%|███████▍  | 148/200 [42:37<14:46, 17.05s/it, Train loss=0.0836, Train acc=0.0286, Test loss=0.352, Test acc=0.0926]
 74%|███████▍  | 149/200 [42:37<14:45, 17.36s/it, Train loss=0.0836, Train acc=0.0286, Test loss=0.352, Test acc=0.0926]
 74%|███████▍  | 149/200 [42:56<14:45, 17.36s/it, Train loss=0.0818, Train acc=0.0289, Test loss=0.357, Test acc=0.0932]
 75%|███████▌  | 150/200 [42:56<14:39, 17.60s/it, Train loss=0.0818, Train acc=0.0289, Test loss=0.357, Test acc=0.0932]
 75%|███████▌  | 150/200 [43:13<14:39, 17.60s/it, Train loss=0.0783, Train acc=0.0274, Test loss=0.354, Test acc=0.092] 
 76%|███████▌  | 151/200 [43:13<14:13, 17.42s/it, Train loss=0.0783, Train acc=0.0274, Test loss=0.354, Test acc=0.092]
 76%|███████▌  | 151/200 [43:30<14:13, 17.42s/it, Train loss=0.0765, Train acc=0.0263, Test loss=0.355, Test acc=0.0927]
 76%|███████▌  | 152/200 [43:30<13:52, 17.34s/it, Train loss=0.0765, Train acc=0.0263, Test loss=0.355, Test acc=0.0927]
 76%|███████▌  | 152/200 [43:47<13:52, 17.34s/it, Train loss=0.0778, Train acc=0.0269, Test loss=0.353, Test acc=0.0923]
 76%|███████▋  | 153/200 [43:47<13:32, 17.28s/it, Train loss=0.0778, Train acc=0.0269, Test loss=0.353, Test acc=0.0923]
 76%|███████▋  | 153/200 [44:04<13:32, 17.28s/it, Train loss=0.0749, Train acc=0.0261, Test loss=0.344, Test acc=0.0899]
 77%|███████▋  | 154/200 [44:04<13:11, 17.21s/it, Train loss=0.0749, Train acc=0.0261, Test loss=0.344, Test acc=0.0899]
 77%|███████▋  | 154/200 [44:21<13:11, 17.21s/it, Train loss=0.0721, Train acc=0.0244, Test loss=0.356, Test acc=0.0912]
 78%|███████▊  | 155/200 [44:21<12:51, 17.14s/it, Train loss=0.0721, Train acc=0.0244, Test loss=0.356, Test acc=0.0912]
 78%|███████▊  | 155/200 [44:38<12:51, 17.14s/it, Train loss=0.072, Train acc=0.0245, Test loss=0.359, Test acc=0.0933] 
 78%|███████▊  | 156/200 [44:38<12:33, 17.13s/it, Train loss=0.072, Train acc=0.0245, Test loss=0.359, Test acc=0.0933]
 78%|███████▊  | 156/200 [44:55<12:33, 17.13s/it, Train loss=0.0733, Train acc=0.0259, Test loss=0.348, Test acc=0.089]
 78%|███████▊  | 157/200 [44:55<12:15, 17.11s/it, Train loss=0.0733, Train acc=0.0259, Test loss=0.348, Test acc=0.089]
 78%|███████▊  | 157/200 [45:12<12:15, 17.11s/it, Train loss=0.0692, Train acc=0.0237, Test loss=0.356, Test acc=0.0914]
 79%|███████▉  | 158/200 [45:12<11:56, 17.06s/it, Train loss=0.0692, Train acc=0.0237, Test loss=0.356, Test acc=0.0914]
 79%|███████▉  | 158/200 [45:29<11:56, 17.06s/it, Train loss=0.0666, Train acc=0.023, Test loss=0.351, Test acc=0.0894] 
 80%|███████▉  | 159/200 [45:29<11:39, 17.05s/it, Train loss=0.0666, Train acc=0.023, Test loss=0.351, Test acc=0.0894]
 80%|███████▉  | 159/200 [45:46<11:39, 17.05s/it, Train loss=0.0661, Train acc=0.0231, Test loss=0.356, Test acc=0.09] 
 80%|████████  | 160/200 [45:46<11:22, 17.07s/it, Train loss=0.0661, Train acc=0.0231, Test loss=0.356, Test acc=0.09]
 80%|████████  | 160/200 [46:03<11:22, 17.07s/it, Train loss=0.0641, Train acc=0.0224, Test loss=0.358, Test acc=0.0913]
 80%|████████  | 161/200 [46:03<11:05, 17.06s/it, Train loss=0.0641, Train acc=0.0224, Test loss=0.358, Test acc=0.0913]
 80%|████████  | 161/200 [46:20<11:05, 17.06s/it, Train loss=0.0617, Train acc=0.0213, Test loss=0.355, Test acc=0.0898]
 81%|████████  | 162/200 [46:20<10:46, 17.03s/it, Train loss=0.0617, Train acc=0.0213, Test loss=0.355, Test acc=0.0898]
 81%|████████  | 162/200 [46:37<10:46, 17.03s/it, Train loss=0.0606, Train acc=0.0203, Test loss=0.357, Test acc=0.0904]
 82%|████████▏ | 163/200 [46:37<10:30, 17.04s/it, Train loss=0.0606, Train acc=0.0203, Test loss=0.357, Test acc=0.0904]
 82%|████████▏ | 163/200 [46:54<10:30, 17.04s/it, Train loss=0.0622, Train acc=0.0218, Test loss=0.358, Test acc=0.0908]
 82%|████████▏ | 164/200 [46:54<10:13, 17.04s/it, Train loss=0.0622, Train acc=0.0218, Test loss=0.358, Test acc=0.0908]
 82%|████████▏ | 164/200 [47:11<10:13, 17.04s/it, Train loss=0.0612, Train acc=0.0209, Test loss=0.357, Test acc=0.0903]
 82%|████████▎ | 165/200 [47:11<09:55, 17.01s/it, Train loss=0.0612, Train acc=0.0209, Test loss=0.357, Test acc=0.0903]
 82%|████████▎ | 165/200 [47:28<09:55, 17.01s/it, Train loss=0.0604, Train acc=0.0213, Test loss=0.358, Test acc=0.0912]
 83%|████████▎ | 166/200 [47:28<09:38, 17.02s/it, Train loss=0.0604, Train acc=0.0213, Test loss=0.358, Test acc=0.0912]
 83%|████████▎ | 166/200 [47:46<09:38, 17.02s/it, Train loss=0.0603, Train acc=0.0207, Test loss=0.363, Test acc=0.0892]
 84%|████████▎ | 167/200 [47:46<09:28, 17.22s/it, Train loss=0.0603, Train acc=0.0207, Test loss=0.363, Test acc=0.0892]
 84%|████████▎ | 167/200 [48:04<09:28, 17.22s/it, Train loss=0.0547, Train acc=0.0192, Test loss=0.365, Test acc=0.0905]
 84%|████████▍ | 168/200 [48:04<09:17, 17.41s/it, Train loss=0.0547, Train acc=0.0192, Test loss=0.365, Test acc=0.0905]
 84%|████████▍ | 168/200 [48:21<09:17, 17.41s/it, Train loss=0.0562, Train acc=0.0203, Test loss=0.368, Test acc=0.0906]
 84%|████████▍ | 169/200 [48:21<08:56, 17.31s/it, Train loss=0.0562, Train acc=0.0203, Test loss=0.368, Test acc=0.0906]
 84%|████████▍ | 169/200 [48:38<08:56, 17.31s/it, Train loss=0.0558, Train acc=0.0189, Test loss=0.366, Test acc=0.0906]
 85%|████████▌ | 170/200 [48:38<08:36, 17.23s/it, Train loss=0.0558, Train acc=0.0189, Test loss=0.366, Test acc=0.0906]
 85%|████████▌ | 170/200 [48:55<08:36, 17.23s/it, Train loss=0.0553, Train acc=0.0194, Test loss=0.368, Test acc=0.0896]
 86%|████████▌ | 171/200 [48:55<08:17, 17.17s/it, Train loss=0.0553, Train acc=0.0194, Test loss=0.368, Test acc=0.0896]
 86%|████████▌ | 171/200 [49:12<08:17, 17.17s/it, Train loss=0.0543, Train acc=0.0193, Test loss=0.361, Test acc=0.0889]
 86%|████████▌ | 172/200 [49:12<07:58, 17.10s/it, Train loss=0.0543, Train acc=0.0193, Test loss=0.361, Test acc=0.0889]
 86%|████████▌ | 172/200 [49:29<07:58, 17.10s/it, Train loss=0.0532, Train acc=0.0184, Test loss=0.367, Test acc=0.0869]
 86%|████████▋ | 173/200 [49:29<07:41, 17.08s/it, Train loss=0.0532, Train acc=0.0184, Test loss=0.367, Test acc=0.0869]
 86%|████████▋ | 173/200 [49:46<07:41, 17.08s/it, Train loss=0.0529, Train acc=0.018, Test loss=0.362, Test acc=0.088]  
 87%|████████▋ | 174/200 [49:46<07:23, 17.08s/it, Train loss=0.0529, Train acc=0.018, Test loss=0.362, Test acc=0.088]
 87%|████████▋ | 174/200 [50:03<07:23, 17.08s/it, Train loss=0.0513, Train acc=0.0177, Test loss=0.361, Test acc=0.089]
 88%|████████▊ | 175/200 [50:03<07:06, 17.07s/it, Train loss=0.0513, Train acc=0.0177, Test loss=0.361, Test acc=0.089]
 88%|████████▊ | 175/200 [50:20<07:06, 17.07s/it, Train loss=0.0515, Train acc=0.0166, Test loss=0.36, Test acc=0.0885]
 88%|████████▊ | 176/200 [50:20<06:48, 17.04s/it, Train loss=0.0515, Train acc=0.0166, Test loss=0.36, Test acc=0.0885]
 88%|████████▊ | 176/200 [50:37<06:48, 17.04s/it, Train loss=0.0509, Train acc=0.0174, Test loss=0.363, Test acc=0.0888]
 88%|████████▊ | 177/200 [50:37<06:32, 17.06s/it, Train loss=0.0509, Train acc=0.0174, Test loss=0.363, Test acc=0.0888]
 88%|████████▊ | 177/200 [50:54<06:32, 17.06s/it, Train loss=0.0494, Train acc=0.0169, Test loss=0.362, Test acc=0.0891]
 89%|████████▉ | 178/200 [50:54<06:15, 17.05s/it, Train loss=0.0494, Train acc=0.0169, Test loss=0.362, Test acc=0.0891]
 89%|████████▉ | 178/200 [51:11<06:15, 17.05s/it, Train loss=0.05, Train acc=0.0174, Test loss=0.365, Test acc=0.0881]  
 90%|████████▉ | 179/200 [51:11<05:57, 17.03s/it, Train loss=0.05, Train acc=0.0174, Test loss=0.365, Test acc=0.0881]
 90%|████████▉ | 179/200 [51:28<05:57, 17.03s/it, Train loss=0.0488, Train acc=0.0165, Test loss=0.363, Test acc=0.0888]
 90%|█████████ | 180/200 [51:28<05:40, 17.02s/it, Train loss=0.0488, Train acc=0.0165, Test loss=0.363, Test acc=0.0888]
 90%|█████████ | 180/200 [51:45<05:40, 17.02s/it, Train loss=0.0474, Train acc=0.0169, Test loss=0.356, Test acc=0.0874]
 90%|█████████ | 181/200 [51:45<05:23, 17.03s/it, Train loss=0.0474, Train acc=0.0169, Test loss=0.356, Test acc=0.0874]
 90%|█████████ | 181/200 [52:02<05:23, 17.03s/it, Train loss=0.0483, Train acc=0.0168, Test loss=0.362, Test acc=0.0871]
 91%|█████████ | 182/200 [52:02<05:06, 17.03s/it, Train loss=0.0483, Train acc=0.0168, Test loss=0.362, Test acc=0.0871]
 91%|█████████ | 182/200 [52:19<05:06, 17.03s/it, Train loss=0.0483, Train acc=0.0163, Test loss=0.36, Test acc=0.0869] 
 92%|█████████▏| 183/200 [52:19<04:49, 17.01s/it, Train loss=0.0483, Train acc=0.0163, Test loss=0.36, Test acc=0.0869]
 92%|█████████▏| 183/200 [52:36<04:49, 17.01s/it, Train loss=0.0465, Train acc=0.016, Test loss=0.359, Test acc=0.0862]
 92%|█████████▏| 184/200 [52:36<04:32, 17.02s/it, Train loss=0.0465, Train acc=0.016, Test loss=0.359, Test acc=0.0862]
 92%|█████████▏| 184/200 [52:53<04:32, 17.02s/it, Train loss=0.0456, Train acc=0.0151, Test loss=0.364, Test acc=0.0873]
 92%|█████████▎| 185/200 [52:53<04:15, 17.03s/it, Train loss=0.0456, Train acc=0.0151, Test loss=0.364, Test acc=0.0873]
 92%|█████████▎| 185/200 [53:10<04:15, 17.03s/it, Train loss=0.0461, Train acc=0.0151, Test loss=0.365, Test acc=0.0867]
 93%|█████████▎| 186/200 [53:10<03:58, 17.04s/it, Train loss=0.0461, Train acc=0.0151, Test loss=0.365, Test acc=0.0867]
 93%|█████████▎| 186/200 [53:27<03:58, 17.04s/it, Train loss=0.0472, Train acc=0.0161, Test loss=0.364, Test acc=0.087] 
 94%|█████████▎| 187/200 [53:27<03:41, 17.04s/it, Train loss=0.0472, Train acc=0.0161, Test loss=0.364, Test acc=0.087]
 94%|█████████▎| 187/200 [53:44<03:41, 17.04s/it, Train loss=0.0457, Train acc=0.0153, Test loss=0.359, Test acc=0.0861]
 94%|█████████▍| 188/200 [53:44<03:24, 17.04s/it, Train loss=0.0457, Train acc=0.0153, Test loss=0.359, Test acc=0.0861]
 94%|█████████▍| 188/200 [54:02<03:24, 17.04s/it, Train loss=0.047, Train acc=0.0159, Test loss=0.358, Test acc=0.0871] 
 94%|█████████▍| 189/200 [54:02<03:08, 17.17s/it, Train loss=0.047, Train acc=0.0159, Test loss=0.358, Test acc=0.0871]
 94%|█████████▍| 189/200 [54:19<03:08, 17.17s/it, Train loss=0.045, Train acc=0.0148, Test loss=0.366, Test acc=0.0857]
 95%|█████████▌| 190/200 [54:19<02:51, 17.13s/it, Train loss=0.045, Train acc=0.0148, Test loss=0.366, Test acc=0.0857]
 95%|█████████▌| 190/200 [54:36<02:51, 17.13s/it, Train loss=0.0465, Train acc=0.016, Test loss=0.36, Test acc=0.0879] 
 96%|█████████▌| 191/200 [54:36<02:33, 17.09s/it, Train loss=0.0465, Train acc=0.016, Test loss=0.36, Test acc=0.0879]
 96%|█████████▌| 191/200 [54:53<02:33, 17.09s/it, Train loss=0.0459, Train acc=0.0154, Test loss=0.363, Test acc=0.0861]
 96%|█████████▌| 192/200 [54:53<02:16, 17.08s/it, Train loss=0.0459, Train acc=0.0154, Test loss=0.363, Test acc=0.0861]
 96%|█████████▌| 192/200 [55:10<02:16, 17.08s/it, Train loss=0.0459, Train acc=0.0156, Test loss=0.362, Test acc=0.0862]
 96%|█████████▋| 193/200 [55:10<01:59, 17.08s/it, Train loss=0.0459, Train acc=0.0156, Test loss=0.362, Test acc=0.0862]
 96%|█████████▋| 193/200 [55:27<01:59, 17.08s/it, Train loss=0.0453, Train acc=0.0156, Test loss=0.361, Test acc=0.0866]
 97%|█████████▋| 194/200 [55:27<01:42, 17.08s/it, Train loss=0.0453, Train acc=0.0156, Test loss=0.361, Test acc=0.0866]
 97%|█████████▋| 194/200 [55:44<01:42, 17.08s/it, Train loss=0.0452, Train acc=0.0152, Test loss=0.359, Test acc=0.0862]
 98%|█████████▊| 195/200 [55:44<01:25, 17.06s/it, Train loss=0.0452, Train acc=0.0152, Test loss=0.359, Test acc=0.0862]
 98%|█████████▊| 195/200 [56:01<01:25, 17.06s/it, Train loss=0.0433, Train acc=0.0144, Test loss=0.358, Test acc=0.0862]
 98%|█████████▊| 196/200 [56:01<01:08, 17.06s/it, Train loss=0.0433, Train acc=0.0144, Test loss=0.358, Test acc=0.0862]
 98%|█████████▊| 196/200 [56:18<01:08, 17.06s/it, Train loss=0.0469, Train acc=0.0159, Test loss=0.361, Test acc=0.0859]
 98%|█████████▊| 197/200 [56:18<00:51, 17.05s/it, Train loss=0.0469, Train acc=0.0159, Test loss=0.361, Test acc=0.0859]
 98%|█████████▊| 197/200 [56:35<00:51, 17.05s/it, Train loss=0.0467, Train acc=0.0158, Test loss=0.362, Test acc=0.0868]
 99%|█████████▉| 198/200 [56:35<00:34, 17.04s/it, Train loss=0.0467, Train acc=0.0158, Test loss=0.362, Test acc=0.0868]
 99%|█████████▉| 198/200 [56:52<00:34, 17.04s/it, Train loss=0.0448, Train acc=0.0147, Test loss=0.363, Test acc=0.0861]
100%|█████████▉| 199/200 [56:52<00:17, 17.04s/it, Train loss=0.0448, Train acc=0.0147, Test loss=0.363, Test acc=0.0861]
100%|█████████▉| 199/200 [57:09<00:17, 17.04s/it, Train loss=0.0446, Train acc=0.0154, Test loss=0.358, Test acc=0.0864]
100%|██████████| 200/200 [57:09<00:00, 17.05s/it, Train loss=0.0446, Train acc=0.0154, Test loss=0.358, Test acc=0.0864]
100%|██████████| 200/200 [57:09<00:00, 17.15s/it, Train loss=0.0446, Train acc=0.0154, Test loss=0.358, Test acc=0.0864]
