Files already downloaded and verified
Files already downloaded and verified
load resnet18...

  0%|          | 0/200 [00:00<?, ?it/s]
  0%|          | 0/200 [00:17<?, ?it/s, Train loss=2.15, Train acc=0.775, Test loss=2.42, Test acc=0.809]
  0%|          | 1/200 [00:17<58:13, 17.56s/it, Train loss=2.15, Train acc=0.775, Test loss=2.42, Test acc=0.809]
  0%|          | 1/200 [00:34<58:13, 17.56s/it, Train loss=1.8, Train acc=0.687, Test loss=1.75, Test acc=0.67]  
  1%|          | 2/200 [00:34<57:03, 17.29s/it, Train loss=1.8, Train acc=0.687, Test loss=1.75, Test acc=0.67]
  1%|          | 2/200 [00:51<57:03, 17.29s/it, Train loss=1.67, Train acc=0.631, Test loss=1.74, Test acc=0.648]
  2%|▏         | 3/200 [00:51<56:33, 17.23s/it, Train loss=1.67, Train acc=0.631, Test loss=1.74, Test acc=0.648]
  2%|▏         | 3/200 [01:08<56:33, 17.23s/it, Train loss=1.59, Train acc=0.593, Test loss=1.71, Test acc=0.674]
  2%|▏         | 4/200 [01:08<56:12, 17.21s/it, Train loss=1.59, Train acc=0.593, Test loss=1.71, Test acc=0.674]
  2%|▏         | 4/200 [01:26<56:12, 17.21s/it, Train loss=1.5, Train acc=0.559, Test loss=1.67, Test acc=0.656] 
  2%|▎         | 5/200 [01:26<55:50, 17.18s/it, Train loss=1.5, Train acc=0.559, Test loss=1.67, Test acc=0.656]
  2%|▎         | 5/200 [01:43<55:50, 17.18s/it, Train loss=1.43, Train acc=0.525, Test loss=1.64, Test acc=0.596]
  3%|▎         | 6/200 [01:43<55:29, 17.16s/it, Train loss=1.43, Train acc=0.525, Test loss=1.64, Test acc=0.596]
  3%|▎         | 6/200 [02:00<55:29, 17.16s/it, Train loss=1.36, Train acc=0.498, Test loss=1.57, Test acc=0.575]
  4%|▎         | 7/200 [02:00<55:07, 17.14s/it, Train loss=1.36, Train acc=0.498, Test loss=1.57, Test acc=0.575]
  4%|▎         | 7/200 [02:17<55:07, 17.14s/it, Train loss=1.28, Train acc=0.466, Test loss=1.35, Test acc=0.483]
  4%|▍         | 8/200 [02:17<54:50, 17.14s/it, Train loss=1.28, Train acc=0.466, Test loss=1.35, Test acc=0.483]
  4%|▍         | 8/200 [02:34<54:50, 17.14s/it, Train loss=1.2, Train acc=0.437, Test loss=1.52, Test acc=0.527] 
  4%|▍         | 9/200 [02:34<54:29, 17.12s/it, Train loss=1.2, Train acc=0.437, Test loss=1.52, Test acc=0.527]
  4%|▍         | 9/200 [02:51<54:29, 17.12s/it, Train loss=1.15, Train acc=0.414, Test loss=1.71, Test acc=0.57]
  5%|▌         | 10/200 [02:51<54:14, 17.13s/it, Train loss=1.15, Train acc=0.414, Test loss=1.71, Test acc=0.57]
  5%|▌         | 10/200 [03:08<54:14, 17.13s/it, Train loss=1.09, Train acc=0.389, Test loss=1.64, Test acc=0.564]
  6%|▌         | 11/200 [03:08<54:00, 17.14s/it, Train loss=1.09, Train acc=0.389, Test loss=1.64, Test acc=0.564]
  6%|▌         | 11/200 [03:26<54:00, 17.14s/it, Train loss=1.03, Train acc=0.369, Test loss=1.21, Test acc=0.433]
  6%|▌         | 12/200 [03:26<53:42, 17.14s/it, Train loss=1.03, Train acc=0.369, Test loss=1.21, Test acc=0.433]
  6%|▌         | 12/200 [03:43<53:42, 17.14s/it, Train loss=0.987, Train acc=0.351, Test loss=1.62, Test acc=0.534]
  6%|▋         | 13/200 [03:43<53:25, 17.14s/it, Train loss=0.987, Train acc=0.351, Test loss=1.62, Test acc=0.534]
  6%|▋         | 13/200 [04:00<53:25, 17.14s/it, Train loss=0.945, Train acc=0.334, Test loss=1.31, Test acc=0.447]
  7%|▋         | 14/200 [04:00<53:09, 17.15s/it, Train loss=0.945, Train acc=0.334, Test loss=1.31, Test acc=0.447]
  7%|▋         | 14/200 [04:17<53:09, 17.15s/it, Train loss=0.895, Train acc=0.317, Test loss=1.48, Test acc=0.465]
  8%|▊         | 15/200 [04:17<52:54, 17.16s/it, Train loss=0.895, Train acc=0.317, Test loss=1.48, Test acc=0.465]
  8%|▊         | 15/200 [04:34<52:54, 17.16s/it, Train loss=0.859, Train acc=0.302, Test loss=1.14, Test acc=0.408]
  8%|▊         | 16/200 [04:34<52:35, 17.15s/it, Train loss=0.859, Train acc=0.302, Test loss=1.14, Test acc=0.408]
  8%|▊         | 16/200 [04:52<52:35, 17.15s/it, Train loss=0.814, Train acc=0.285, Test loss=0.973, Test acc=0.353]
  8%|▊         | 17/200 [04:52<52:44, 17.29s/it, Train loss=0.814, Train acc=0.285, Test loss=0.973, Test acc=0.353]
  8%|▊         | 17/200 [05:09<52:44, 17.29s/it, Train loss=0.769, Train acc=0.269, Test loss=1.02, Test acc=0.358] 
  9%|▉         | 18/200 [05:09<52:12, 17.21s/it, Train loss=0.769, Train acc=0.269, Test loss=1.02, Test acc=0.358]
  9%|▉         | 18/200 [05:26<52:12, 17.21s/it, Train loss=0.736, Train acc=0.256, Test loss=1.03, Test acc=0.357]
 10%|▉         | 19/200 [05:26<51:48, 17.17s/it, Train loss=0.736, Train acc=0.256, Test loss=1.03, Test acc=0.357]
 10%|▉         | 19/200 [05:44<51:48, 17.17s/it, Train loss=0.709, Train acc=0.248, Test loss=0.87, Test acc=0.307]
 10%|█         | 20/200 [05:44<51:56, 17.31s/it, Train loss=0.709, Train acc=0.248, Test loss=0.87, Test acc=0.307]
 10%|█         | 20/200 [06:01<51:56, 17.31s/it, Train loss=0.677, Train acc=0.236, Test loss=1.75, Test acc=0.505]
 10%|█         | 21/200 [06:01<51:34, 17.29s/it, Train loss=0.677, Train acc=0.236, Test loss=1.75, Test acc=0.505]
 10%|█         | 21/200 [06:18<51:34, 17.29s/it, Train loss=0.655, Train acc=0.23, Test loss=1.01, Test acc=0.339] 
 11%|█         | 22/200 [06:18<51:15, 17.28s/it, Train loss=0.655, Train acc=0.23, Test loss=1.01, Test acc=0.339]
 11%|█         | 22/200 [06:35<51:15, 17.28s/it, Train loss=0.627, Train acc=0.218, Test loss=0.779, Test acc=0.273]
 12%|█▏        | 23/200 [06:35<50:53, 17.25s/it, Train loss=0.627, Train acc=0.218, Test loss=0.779, Test acc=0.273]
 12%|█▏        | 23/200 [06:52<50:53, 17.25s/it, Train loss=0.615, Train acc=0.213, Test loss=0.89, Test acc=0.304] 
 12%|█▏        | 24/200 [06:52<50:27, 17.20s/it, Train loss=0.615, Train acc=0.213, Test loss=0.89, Test acc=0.304]
 12%|█▏        | 24/200 [07:09<50:27, 17.20s/it, Train loss=0.591, Train acc=0.204, Test loss=0.795, Test acc=0.275]
 12%|█▎        | 25/200 [07:09<50:03, 17.17s/it, Train loss=0.591, Train acc=0.204, Test loss=0.795, Test acc=0.275]
 12%|█▎        | 25/200 [07:26<50:03, 17.17s/it, Train loss=0.57, Train acc=0.199, Test loss=0.699, Test acc=0.243] 
 13%|█▎        | 26/200 [07:26<49:44, 17.15s/it, Train loss=0.57, Train acc=0.199, Test loss=0.699, Test acc=0.243]
 13%|█▎        | 26/200 [07:44<49:44, 17.15s/it, Train loss=0.57, Train acc=0.198, Test loss=0.831, Test acc=0.289]
 14%|█▎        | 27/200 [07:44<49:28, 17.16s/it, Train loss=0.57, Train acc=0.198, Test loss=0.831, Test acc=0.289]
 14%|█▎        | 27/200 [08:01<49:28, 17.16s/it, Train loss=0.54, Train acc=0.188, Test loss=0.758, Test acc=0.255]
 14%|█▍        | 28/200 [08:01<49:19, 17.21s/it, Train loss=0.54, Train acc=0.188, Test loss=0.758, Test acc=0.255]
 14%|█▍        | 28/200 [08:18<49:19, 17.21s/it, Train loss=0.524, Train acc=0.183, Test loss=0.939, Test acc=0.313]
 14%|█▍        | 29/200 [08:18<48:57, 17.18s/it, Train loss=0.524, Train acc=0.183, Test loss=0.939, Test acc=0.313]
 14%|█▍        | 29/200 [08:35<48:57, 17.18s/it, Train loss=0.511, Train acc=0.178, Test loss=1.36, Test acc=0.439] 
 15%|█▌        | 30/200 [08:35<48:35, 17.15s/it, Train loss=0.511, Train acc=0.178, Test loss=1.36, Test acc=0.439]
 15%|█▌        | 30/200 [08:52<48:35, 17.15s/it, Train loss=0.502, Train acc=0.176, Test loss=0.665, Test acc=0.236]
 16%|█▌        | 31/200 [08:52<48:13, 17.12s/it, Train loss=0.502, Train acc=0.176, Test loss=0.665, Test acc=0.236]
 16%|█▌        | 31/200 [09:09<48:13, 17.12s/it, Train loss=0.481, Train acc=0.166, Test loss=0.644, Test acc=0.225]
 16%|█▌        | 32/200 [09:09<47:57, 17.13s/it, Train loss=0.481, Train acc=0.166, Test loss=0.644, Test acc=0.225]
 16%|█▌        | 32/200 [09:26<47:57, 17.13s/it, Train loss=0.467, Train acc=0.163, Test loss=1.05, Test acc=0.352] 
 16%|█▋        | 33/200 [09:26<47:36, 17.11s/it, Train loss=0.467, Train acc=0.163, Test loss=1.05, Test acc=0.352]
 16%|█▋        | 33/200 [09:44<47:36, 17.11s/it, Train loss=0.465, Train acc=0.162, Test loss=0.743, Test acc=0.253]
 17%|█▋        | 34/200 [09:44<47:18, 17.10s/it, Train loss=0.465, Train acc=0.162, Test loss=0.743, Test acc=0.253]
 17%|█▋        | 34/200 [10:01<47:18, 17.10s/it, Train loss=0.441, Train acc=0.155, Test loss=0.529, Test acc=0.182]
 18%|█▊        | 35/200 [10:01<47:02, 17.11s/it, Train loss=0.441, Train acc=0.155, Test loss=0.529, Test acc=0.182]
 18%|█▊        | 35/200 [10:18<47:02, 17.11s/it, Train loss=0.428, Train acc=0.149, Test loss=1.12, Test acc=0.365] 
 18%|█▊        | 36/200 [10:18<46:46, 17.11s/it, Train loss=0.428, Train acc=0.149, Test loss=1.12, Test acc=0.365]
 18%|█▊        | 36/200 [10:35<46:46, 17.11s/it, Train loss=0.423, Train acc=0.148, Test loss=0.871, Test acc=0.304]
 18%|█▊        | 37/200 [10:35<46:26, 17.10s/it, Train loss=0.423, Train acc=0.148, Test loss=0.871, Test acc=0.304]
 18%|█▊        | 37/200 [10:52<46:26, 17.10s/it, Train loss=0.413, Train acc=0.144, Test loss=0.826, Test acc=0.273]
 19%|█▉        | 38/200 [10:52<46:10, 17.10s/it, Train loss=0.413, Train acc=0.144, Test loss=0.826, Test acc=0.273]
 19%|█▉        | 38/200 [11:09<46:10, 17.10s/it, Train loss=0.405, Train acc=0.143, Test loss=0.565, Test acc=0.197]
 20%|█▉        | 39/200 [11:09<45:57, 17.13s/it, Train loss=0.405, Train acc=0.143, Test loss=0.565, Test acc=0.197]
 20%|█▉        | 39/200 [11:26<45:57, 17.13s/it, Train loss=0.395, Train acc=0.139, Test loss=0.724, Test acc=0.24] 
 20%|██        | 40/200 [11:26<45:36, 17.10s/it, Train loss=0.395, Train acc=0.139, Test loss=0.724, Test acc=0.24]
 20%|██        | 40/200 [11:43<45:36, 17.10s/it, Train loss=0.387, Train acc=0.134, Test loss=0.553, Test acc=0.186]
 20%|██        | 41/200 [11:43<45:18, 17.10s/it, Train loss=0.387, Train acc=0.134, Test loss=0.553, Test acc=0.186]
 20%|██        | 41/200 [12:01<45:18, 17.10s/it, Train loss=0.377, Train acc=0.132, Test loss=0.545, Test acc=0.187]
 21%|██        | 42/200 [12:01<45:14, 17.18s/it, Train loss=0.377, Train acc=0.132, Test loss=0.545, Test acc=0.187]
 21%|██        | 42/200 [12:18<45:14, 17.18s/it, Train loss=0.368, Train acc=0.129, Test loss=0.675, Test acc=0.219]
 22%|██▏       | 43/200 [12:18<45:09, 17.26s/it, Train loss=0.368, Train acc=0.129, Test loss=0.675, Test acc=0.219]
 22%|██▏       | 43/200 [12:35<45:09, 17.26s/it, Train loss=0.363, Train acc=0.127, Test loss=0.846, Test acc=0.276]
 22%|██▏       | 44/200 [12:35<44:41, 17.19s/it, Train loss=0.363, Train acc=0.127, Test loss=0.846, Test acc=0.276]
 22%|██▏       | 44/200 [12:52<44:41, 17.19s/it, Train loss=0.351, Train acc=0.123, Test loss=0.48, Test acc=0.164] 
 22%|██▎       | 45/200 [12:52<44:22, 17.18s/it, Train loss=0.351, Train acc=0.123, Test loss=0.48, Test acc=0.164]
 22%|██▎       | 45/200 [13:09<44:22, 17.18s/it, Train loss=0.351, Train acc=0.124, Test loss=0.602, Test acc=0.198]
 23%|██▎       | 46/200 [13:09<44:03, 17.17s/it, Train loss=0.351, Train acc=0.124, Test loss=0.602, Test acc=0.198]
 23%|██▎       | 46/200 [13:26<44:03, 17.17s/it, Train loss=0.338, Train acc=0.118, Test loss=0.589, Test acc=0.199]
 24%|██▎       | 47/200 [13:26<43:41, 17.14s/it, Train loss=0.338, Train acc=0.118, Test loss=0.589, Test acc=0.199]
 24%|██▎       | 47/200 [13:44<43:41, 17.14s/it, Train loss=0.331, Train acc=0.115, Test loss=0.52, Test acc=0.172] 
 24%|██▍       | 48/200 [13:44<43:21, 17.11s/it, Train loss=0.331, Train acc=0.115, Test loss=0.52, Test acc=0.172]
 24%|██▍       | 48/200 [14:01<43:21, 17.11s/it, Train loss=0.325, Train acc=0.112, Test loss=0.666, Test acc=0.22]
 24%|██▍       | 49/200 [14:01<43:07, 17.13s/it, Train loss=0.325, Train acc=0.112, Test loss=0.666, Test acc=0.22]
 24%|██▍       | 49/200 [14:18<43:07, 17.13s/it, Train loss=0.322, Train acc=0.112, Test loss=0.58, Test acc=0.195]
 25%|██▌       | 50/200 [14:18<42:46, 17.11s/it, Train loss=0.322, Train acc=0.112, Test loss=0.58, Test acc=0.195]
 25%|██▌       | 50/200 [14:35<42:46, 17.11s/it, Train loss=0.308, Train acc=0.108, Test loss=0.753, Test acc=0.238]
 26%|██▌       | 51/200 [14:35<42:27, 17.09s/it, Train loss=0.308, Train acc=0.108, Test loss=0.753, Test acc=0.238]
 26%|██▌       | 51/200 [14:52<42:27, 17.09s/it, Train loss=0.306, Train acc=0.106, Test loss=0.661, Test acc=0.209]
 26%|██▌       | 52/200 [14:52<42:14, 17.13s/it, Train loss=0.306, Train acc=0.106, Test loss=0.661, Test acc=0.209]
 26%|██▌       | 52/200 [15:09<42:14, 17.13s/it, Train loss=0.295, Train acc=0.104, Test loss=0.697, Test acc=0.221]
 26%|██▋       | 53/200 [15:09<41:55, 17.11s/it, Train loss=0.295, Train acc=0.104, Test loss=0.697, Test acc=0.221]
 26%|██▋       | 53/200 [15:26<41:55, 17.11s/it, Train loss=0.291, Train acc=0.102, Test loss=0.479, Test acc=0.162]
 27%|██▋       | 54/200 [15:26<41:36, 17.10s/it, Train loss=0.291, Train acc=0.102, Test loss=0.479, Test acc=0.162]
 27%|██▋       | 54/200 [15:43<41:36, 17.10s/it, Train loss=0.285, Train acc=0.101, Test loss=0.56, Test acc=0.182] 
 28%|██▊       | 55/200 [15:43<41:20, 17.11s/it, Train loss=0.285, Train acc=0.101, Test loss=0.56, Test acc=0.182]
 28%|██▊       | 55/200 [16:00<41:20, 17.11s/it, Train loss=0.275, Train acc=0.0961, Test loss=0.778, Test acc=0.238]
 28%|██▊       | 56/200 [16:00<41:02, 17.10s/it, Train loss=0.275, Train acc=0.0961, Test loss=0.778, Test acc=0.238]
 28%|██▊       | 56/200 [16:17<41:02, 17.10s/it, Train loss=0.273, Train acc=0.0965, Test loss=0.395, Test acc=0.137]
 28%|██▊       | 57/200 [16:17<40:43, 17.08s/it, Train loss=0.273, Train acc=0.0965, Test loss=0.395, Test acc=0.137]
 28%|██▊       | 57/200 [16:34<40:43, 17.08s/it, Train loss=0.264, Train acc=0.0939, Test loss=0.459, Test acc=0.153]
 29%|██▉       | 58/200 [16:34<40:24, 17.07s/it, Train loss=0.264, Train acc=0.0939, Test loss=0.459, Test acc=0.153]
 29%|██▉       | 58/200 [16:52<40:24, 17.07s/it, Train loss=0.26, Train acc=0.0904, Test loss=0.502, Test acc=0.163] 
 30%|██▉       | 59/200 [16:52<40:11, 17.10s/it, Train loss=0.26, Train acc=0.0904, Test loss=0.502, Test acc=0.163]
 30%|██▉       | 59/200 [17:09<40:11, 17.10s/it, Train loss=0.254, Train acc=0.089, Test loss=0.405, Test acc=0.136]
 30%|███       | 60/200 [17:09<39:51, 17.08s/it, Train loss=0.254, Train acc=0.089, Test loss=0.405, Test acc=0.136]
 30%|███       | 60/200 [17:26<39:51, 17.08s/it, Train loss=0.246, Train acc=0.0865, Test loss=0.37, Test acc=0.122]
 30%|███       | 61/200 [17:26<39:31, 17.06s/it, Train loss=0.246, Train acc=0.0865, Test loss=0.37, Test acc=0.122]
 30%|███       | 61/200 [17:43<39:31, 17.06s/it, Train loss=0.239, Train acc=0.0848, Test loss=0.497, Test acc=0.155]
 31%|███       | 62/200 [17:43<39:20, 17.10s/it, Train loss=0.239, Train acc=0.0848, Test loss=0.497, Test acc=0.155]
 31%|███       | 62/200 [18:00<39:20, 17.10s/it, Train loss=0.241, Train acc=0.086, Test loss=0.472, Test acc=0.152] 
 32%|███▏      | 63/200 [18:00<39:02, 17.10s/it, Train loss=0.241, Train acc=0.086, Test loss=0.472, Test acc=0.152]
 32%|███▏      | 63/200 [18:17<39:02, 17.10s/it, Train loss=0.235, Train acc=0.0831, Test loss=0.431, Test acc=0.142]
 32%|███▏      | 64/200 [18:17<38:45, 17.10s/it, Train loss=0.235, Train acc=0.0831, Test loss=0.431, Test acc=0.142]
 32%|███▏      | 64/200 [18:34<38:45, 17.10s/it, Train loss=0.232, Train acc=0.082, Test loss=0.474, Test acc=0.15]  
 32%|███▎      | 65/200 [18:34<38:28, 17.10s/it, Train loss=0.232, Train acc=0.082, Test loss=0.474, Test acc=0.15]
 32%|███▎      | 65/200 [18:51<38:28, 17.10s/it, Train loss=0.224, Train acc=0.078, Test loss=0.495, Test acc=0.163]
 33%|███▎      | 66/200 [18:51<38:15, 17.13s/it, Train loss=0.224, Train acc=0.078, Test loss=0.495, Test acc=0.163]
 33%|███▎      | 66/200 [19:08<38:15, 17.13s/it, Train loss=0.223, Train acc=0.0786, Test loss=0.499, Test acc=0.16]
 34%|███▎      | 67/200 [19:08<37:56, 17.12s/it, Train loss=0.223, Train acc=0.0786, Test loss=0.499, Test acc=0.16]
 34%|███▎      | 67/200 [19:26<37:56, 17.12s/it, Train loss=0.214, Train acc=0.0754, Test loss=0.435, Test acc=0.137]
 34%|███▍      | 68/200 [19:26<37:36, 17.10s/it, Train loss=0.214, Train acc=0.0754, Test loss=0.435, Test acc=0.137]
 34%|███▍      | 68/200 [19:43<37:36, 17.10s/it, Train loss=0.206, Train acc=0.0723, Test loss=0.433, Test acc=0.136]
 34%|███▍      | 69/200 [19:43<37:24, 17.13s/it, Train loss=0.206, Train acc=0.0723, Test loss=0.433, Test acc=0.136]
 34%|███▍      | 69/200 [20:00<37:24, 17.13s/it, Train loss=0.203, Train acc=0.0712, Test loss=0.424, Test acc=0.136]
 35%|███▌      | 70/200 [20:00<37:14, 17.19s/it, Train loss=0.203, Train acc=0.0712, Test loss=0.424, Test acc=0.136]
 35%|███▌      | 70/200 [20:19<37:14, 17.19s/it, Train loss=0.204, Train acc=0.0725, Test loss=0.413, Test acc=0.13] 
 36%|███▌      | 71/200 [20:19<37:50, 17.60s/it, Train loss=0.204, Train acc=0.0725, Test loss=0.413, Test acc=0.13]
 36%|███▌      | 71/200 [20:36<37:50, 17.60s/it, Train loss=0.198, Train acc=0.0699, Test loss=0.427, Test acc=0.133]
 36%|███▌      | 72/200 [20:36<37:40, 17.66s/it, Train loss=0.198, Train acc=0.0699, Test loss=0.427, Test acc=0.133]
 36%|███▌      | 72/200 [20:54<37:40, 17.66s/it, Train loss=0.194, Train acc=0.0681, Test loss=0.423, Test acc=0.134]
 36%|███▋      | 73/200 [20:54<37:09, 17.56s/it, Train loss=0.194, Train acc=0.0681, Test loss=0.423, Test acc=0.134]
 36%|███▋      | 73/200 [21:11<37:09, 17.56s/it, Train loss=0.187, Train acc=0.0662, Test loss=0.496, Test acc=0.147]
 37%|███▋      | 74/200 [21:11<36:44, 17.50s/it, Train loss=0.187, Train acc=0.0662, Test loss=0.496, Test acc=0.147]
 37%|███▋      | 74/200 [21:28<36:44, 17.50s/it, Train loss=0.187, Train acc=0.0675, Test loss=0.404, Test acc=0.129]
 38%|███▊      | 75/200 [21:28<36:16, 17.41s/it, Train loss=0.187, Train acc=0.0675, Test loss=0.404, Test acc=0.129]
 38%|███▊      | 75/200 [21:46<36:16, 17.41s/it, Train loss=0.182, Train acc=0.0648, Test loss=0.505, Test acc=0.149]
 38%|███▊      | 76/200 [21:46<35:55, 17.38s/it, Train loss=0.182, Train acc=0.0648, Test loss=0.505, Test acc=0.149]
 38%|███▊      | 76/200 [22:03<35:55, 17.38s/it, Train loss=0.18, Train acc=0.0645, Test loss=0.357, Test acc=0.117] 
 38%|███▊      | 77/200 [22:03<35:35, 17.36s/it, Train loss=0.18, Train acc=0.0645, Test loss=0.357, Test acc=0.117]
 38%|███▊      | 77/200 [22:20<35:35, 17.36s/it, Train loss=0.173, Train acc=0.0617, Test loss=0.461, Test acc=0.138]
 39%|███▉      | 78/200 [22:20<35:14, 17.33s/it, Train loss=0.173, Train acc=0.0617, Test loss=0.461, Test acc=0.138]
 39%|███▉      | 78/200 [22:37<35:14, 17.33s/it, Train loss=0.17, Train acc=0.0594, Test loss=0.388, Test acc=0.121] 
 40%|███▉      | 79/200 [22:37<34:52, 17.29s/it, Train loss=0.17, Train acc=0.0594, Test loss=0.388, Test acc=0.121]
 40%|███▉      | 79/200 [22:55<34:52, 17.29s/it, Train loss=0.169, Train acc=0.0605, Test loss=0.393, Test acc=0.123]
 40%|████      | 80/200 [22:55<34:37, 17.31s/it, Train loss=0.169, Train acc=0.0605, Test loss=0.393, Test acc=0.123]
 40%|████      | 80/200 [23:12<34:37, 17.31s/it, Train loss=0.162, Train acc=0.057, Test loss=0.39, Test acc=0.118]  
 40%|████      | 81/200 [23:12<34:20, 17.32s/it, Train loss=0.162, Train acc=0.057, Test loss=0.39, Test acc=0.118]
 40%|████      | 81/200 [23:31<34:20, 17.32s/it, Train loss=0.161, Train acc=0.0574, Test loss=0.474, Test acc=0.143]
 41%|████      | 82/200 [23:31<34:46, 17.69s/it, Train loss=0.161, Train acc=0.0574, Test loss=0.474, Test acc=0.143]
 41%|████      | 82/200 [23:48<34:46, 17.69s/it, Train loss=0.16, Train acc=0.0567, Test loss=0.461, Test acc=0.139] 
 42%|████▏     | 83/200 [23:48<34:24, 17.64s/it, Train loss=0.16, Train acc=0.0567, Test loss=0.461, Test acc=0.139]
 42%|████▏     | 83/200 [24:06<34:24, 17.64s/it, Train loss=0.151, Train acc=0.0528, Test loss=0.351, Test acc=0.109]
 42%|████▏     | 84/200 [24:06<34:00, 17.59s/it, Train loss=0.151, Train acc=0.0528, Test loss=0.351, Test acc=0.109]
 42%|████▏     | 84/200 [24:23<34:00, 17.59s/it, Train loss=0.149, Train acc=0.0535, Test loss=0.45, Test acc=0.134] 
 42%|████▎     | 85/200 [24:23<33:36, 17.53s/it, Train loss=0.149, Train acc=0.0535, Test loss=0.45, Test acc=0.134]
 42%|████▎     | 85/200 [24:40<33:36, 17.53s/it, Train loss=0.151, Train acc=0.0541, Test loss=0.338, Test acc=0.104]
 43%|████▎     | 86/200 [24:40<33:11, 17.47s/it, Train loss=0.151, Train acc=0.0541, Test loss=0.338, Test acc=0.104]
 43%|████▎     | 86/200 [24:58<33:11, 17.47s/it, Train loss=0.141, Train acc=0.0508, Test loss=0.404, Test acc=0.118]
 44%|████▎     | 87/200 [24:58<32:49, 17.43s/it, Train loss=0.141, Train acc=0.0508, Test loss=0.404, Test acc=0.118]
 44%|████▎     | 87/200 [25:15<32:49, 17.43s/it, Train loss=0.14, Train acc=0.049, Test loss=0.399, Test acc=0.113]  
 44%|████▍     | 88/200 [25:15<32:26, 17.38s/it, Train loss=0.14, Train acc=0.049, Test loss=0.399, Test acc=0.113]
 44%|████▍     | 88/200 [25:32<32:26, 17.38s/it, Train loss=0.136, Train acc=0.0487, Test loss=0.393, Test acc=0.112]
 44%|████▍     | 89/200 [25:32<31:58, 17.29s/it, Train loss=0.136, Train acc=0.0487, Test loss=0.393, Test acc=0.112]
 44%|████▍     | 89/200 [25:49<31:58, 17.29s/it, Train loss=0.137, Train acc=0.0486, Test loss=0.455, Test acc=0.128]
 45%|████▌     | 90/200 [25:49<31:39, 17.27s/it, Train loss=0.137, Train acc=0.0486, Test loss=0.455, Test acc=0.128]
 45%|████▌     | 90/200 [26:07<31:39, 17.27s/it, Train loss=0.133, Train acc=0.0471, Test loss=0.356, Test acc=0.102]
 46%|████▌     | 91/200 [26:07<31:25, 17.30s/it, Train loss=0.133, Train acc=0.0471, Test loss=0.356, Test acc=0.102]
 46%|████▌     | 91/200 [26:24<31:25, 17.30s/it, Train loss=0.13, Train acc=0.0473, Test loss=0.426, Test acc=0.127] 
 46%|████▌     | 92/200 [26:24<31:05, 17.27s/it, Train loss=0.13, Train acc=0.0473, Test loss=0.426, Test acc=0.127]
 46%|████▌     | 92/200 [26:41<31:05, 17.27s/it, Train loss=0.13, Train acc=0.0473, Test loss=0.471, Test acc=0.133]
 46%|████▋     | 93/200 [26:41<30:53, 17.32s/it, Train loss=0.13, Train acc=0.0473, Test loss=0.471, Test acc=0.133]
 46%|████▋     | 93/200 [26:59<30:53, 17.32s/it, Train loss=0.121, Train acc=0.0423, Test loss=0.404, Test acc=0.112]
 47%|████▋     | 94/200 [26:59<30:41, 17.37s/it, Train loss=0.121, Train acc=0.0423, Test loss=0.404, Test acc=0.112]
 47%|████▋     | 94/200 [27:16<30:41, 17.37s/it, Train loss=0.121, Train acc=0.0432, Test loss=0.409, Test acc=0.116]
 48%|████▊     | 95/200 [27:16<30:19, 17.33s/it, Train loss=0.121, Train acc=0.0432, Test loss=0.409, Test acc=0.116]
 48%|████▊     | 95/200 [27:33<30:19, 17.33s/it, Train loss=0.119, Train acc=0.0425, Test loss=0.414, Test acc=0.118]
 48%|████▊     | 96/200 [27:33<29:59, 17.30s/it, Train loss=0.119, Train acc=0.0425, Test loss=0.414, Test acc=0.118]
 48%|████▊     | 96/200 [27:51<29:59, 17.30s/it, Train loss=0.116, Train acc=0.0418, Test loss=0.352, Test acc=0.1]  
 48%|████▊     | 97/200 [27:51<29:43, 17.31s/it, Train loss=0.116, Train acc=0.0418, Test loss=0.352, Test acc=0.1]
 48%|████▊     | 97/200 [28:08<29:43, 17.31s/it, Train loss=0.111, Train acc=0.04, Test loss=0.36, Test acc=0.101] 
 49%|████▉     | 98/200 [28:08<29:24, 17.30s/it, Train loss=0.111, Train acc=0.04, Test loss=0.36, Test acc=0.101]
 49%|████▉     | 98/200 [28:25<29:24, 17.30s/it, Train loss=0.106, Train acc=0.0378, Test loss=0.359, Test acc=0.106]
 50%|████▉     | 99/200 [28:25<29:03, 17.26s/it, Train loss=0.106, Train acc=0.0378, Test loss=0.359, Test acc=0.106]
 50%|████▉     | 99/200 [28:42<29:03, 17.26s/it, Train loss=0.106, Train acc=0.0389, Test loss=0.383, Test acc=0.104]
 50%|█████     | 100/200 [28:42<28:48, 17.29s/it, Train loss=0.106, Train acc=0.0389, Test loss=0.383, Test acc=0.104]
 50%|█████     | 100/200 [29:00<28:48, 17.29s/it, Train loss=0.104, Train acc=0.0376, Test loss=0.42, Test acc=0.116] 
 50%|█████     | 101/200 [29:00<28:56, 17.54s/it, Train loss=0.104, Train acc=0.0376, Test loss=0.42, Test acc=0.116]
 50%|█████     | 101/200 [29:18<28:56, 17.54s/it, Train loss=0.105, Train acc=0.0371, Test loss=0.367, Test acc=0.107]
 51%|█████     | 102/200 [29:18<28:29, 17.44s/it, Train loss=0.105, Train acc=0.0371, Test loss=0.367, Test acc=0.107]
 51%|█████     | 102/200 [29:35<28:29, 17.44s/it, Train loss=0.0987, Train acc=0.0358, Test loss=0.326, Test acc=0.092]
 52%|█████▏    | 103/200 [29:35<28:04, 17.36s/it, Train loss=0.0987, Train acc=0.0358, Test loss=0.326, Test acc=0.092]
 52%|█████▏    | 103/200 [29:52<28:04, 17.36s/it, Train loss=0.0939, Train acc=0.0338, Test loss=0.373, Test acc=0.104]
 52%|█████▏    | 104/200 [29:52<27:47, 17.37s/it, Train loss=0.0939, Train acc=0.0338, Test loss=0.373, Test acc=0.104]
 52%|█████▏    | 104/200 [30:10<27:47, 17.37s/it, Train loss=0.0952, Train acc=0.034, Test loss=0.38, Test acc=0.1]    
 52%|█████▎    | 105/200 [30:10<27:31, 17.39s/it, Train loss=0.0952, Train acc=0.034, Test loss=0.38, Test acc=0.1]
 52%|█████▎    | 105/200 [30:27<27:31, 17.39s/it, Train loss=0.0894, Train acc=0.0316, Test loss=0.411, Test acc=0.11]
 53%|█████▎    | 106/200 [30:27<27:08, 17.33s/it, Train loss=0.0894, Train acc=0.0316, Test loss=0.411, Test acc=0.11]
 53%|█████▎    | 106/200 [30:44<27:08, 17.33s/it, Train loss=0.0891, Train acc=0.0304, Test loss=0.38, Test acc=0.109]
 54%|█████▎    | 107/200 [30:44<26:52, 17.34s/it, Train loss=0.0891, Train acc=0.0304, Test loss=0.38, Test acc=0.109]
 54%|█████▎    | 107/200 [31:01<26:52, 17.34s/it, Train loss=0.0809, Train acc=0.0286, Test loss=0.361, Test acc=0.0997]
 54%|█████▍    | 108/200 [31:01<26:33, 17.32s/it, Train loss=0.0809, Train acc=0.0286, Test loss=0.361, Test acc=0.0997]
 54%|█████▍    | 108/200 [31:19<26:33, 17.32s/it, Train loss=0.0804, Train acc=0.0292, Test loss=0.392, Test acc=0.105] 
 55%|█████▍    | 109/200 [31:19<26:12, 17.28s/it, Train loss=0.0804, Train acc=0.0292, Test loss=0.392, Test acc=0.105]
 55%|█████▍    | 109/200 [31:36<26:12, 17.28s/it, Train loss=0.0811, Train acc=0.0295, Test loss=0.385, Test acc=0.0995]
 55%|█████▌    | 110/200 [31:36<25:56, 17.29s/it, Train loss=0.0811, Train acc=0.0295, Test loss=0.385, Test acc=0.0995]
 55%|█████▌    | 110/200 [31:53<25:56, 17.29s/it, Train loss=0.0774, Train acc=0.0275, Test loss=0.367, Test acc=0.101] 
 56%|█████▌    | 111/200 [31:53<25:39, 17.30s/it, Train loss=0.0774, Train acc=0.0275, Test loss=0.367, Test acc=0.101]
 56%|█████▌    | 111/200 [32:11<25:39, 17.30s/it, Train loss=0.0779, Train acc=0.0281, Test loss=0.359, Test acc=0.0956]
 56%|█████▌    | 112/200 [32:11<25:22, 17.30s/it, Train loss=0.0779, Train acc=0.0281, Test loss=0.359, Test acc=0.0956]
 56%|█████▌    | 112/200 [32:28<25:22, 17.30s/it, Train loss=0.0733, Train acc=0.0265, Test loss=0.359, Test acc=0.0959]
 56%|█████▋    | 113/200 [32:28<25:03, 17.28s/it, Train loss=0.0733, Train acc=0.0265, Test loss=0.359, Test acc=0.0959]
 56%|█████▋    | 113/200 [32:45<25:03, 17.28s/it, Train loss=0.0703, Train acc=0.0245, Test loss=0.429, Test acc=0.113] 
 57%|█████▋    | 114/200 [32:45<24:48, 17.31s/it, Train loss=0.0703, Train acc=0.0245, Test loss=0.429, Test acc=0.113]
 57%|█████▋    | 114/200 [33:03<24:48, 17.31s/it, Train loss=0.0709, Train acc=0.0257, Test loss=0.372, Test acc=0.0973]
 57%|█████▊    | 115/200 [33:03<24:30, 17.31s/it, Train loss=0.0709, Train acc=0.0257, Test loss=0.372, Test acc=0.0973]
 57%|█████▊    | 115/200 [33:20<24:30, 17.31s/it, Train loss=0.0723, Train acc=0.0256, Test loss=0.354, Test acc=0.0917]
 58%|█████▊    | 116/200 [33:20<24:11, 17.28s/it, Train loss=0.0723, Train acc=0.0256, Test loss=0.354, Test acc=0.0917]
 58%|█████▊    | 116/200 [33:37<24:11, 17.28s/it, Train loss=0.0662, Train acc=0.0236, Test loss=0.341, Test acc=0.0912]
 58%|█████▊    | 117/200 [33:37<23:54, 17.29s/it, Train loss=0.0662, Train acc=0.0236, Test loss=0.341, Test acc=0.0912]
 58%|█████▊    | 117/200 [33:54<23:54, 17.29s/it, Train loss=0.0651, Train acc=0.023, Test loss=0.335, Test acc=0.089]  
 59%|█████▉    | 118/200 [33:54<23:38, 17.30s/it, Train loss=0.0651, Train acc=0.023, Test loss=0.335, Test acc=0.089]
 59%|█████▉    | 118/200 [34:12<23:38, 17.30s/it, Train loss=0.061, Train acc=0.022, Test loss=0.342, Test acc=0.0914]
 60%|█████▉    | 119/200 [34:12<23:19, 17.28s/it, Train loss=0.061, Train acc=0.022, Test loss=0.342, Test acc=0.0914]
 60%|█████▉    | 119/200 [34:29<23:19, 17.28s/it, Train loss=0.0601, Train acc=0.0204, Test loss=0.378, Test acc=0.0956]
 60%|██████    | 120/200 [34:29<23:00, 17.25s/it, Train loss=0.0601, Train acc=0.0204, Test loss=0.378, Test acc=0.0956]
 60%|██████    | 120/200 [34:46<23:00, 17.25s/it, Train loss=0.0585, Train acc=0.0205, Test loss=0.361, Test acc=0.0925]
 60%|██████    | 121/200 [34:46<22:45, 17.28s/it, Train loss=0.0585, Train acc=0.0205, Test loss=0.361, Test acc=0.0925]
 60%|██████    | 121/200 [35:03<22:45, 17.28s/it, Train loss=0.0574, Train acc=0.0205, Test loss=0.43, Test acc=0.101]  
 61%|██████    | 122/200 [35:03<22:28, 17.29s/it, Train loss=0.0574, Train acc=0.0205, Test loss=0.43, Test acc=0.101]
 61%|██████    | 122/200 [35:21<22:28, 17.29s/it, Train loss=0.0592, Train acc=0.0214, Test loss=0.372, Test acc=0.0932]
 62%|██████▏   | 123/200 [35:21<22:10, 17.27s/it, Train loss=0.0592, Train acc=0.0214, Test loss=0.372, Test acc=0.0932]
 62%|██████▏   | 123/200 [35:38<22:10, 17.27s/it, Train loss=0.0535, Train acc=0.0191, Test loss=0.36, Test acc=0.0893] 
 62%|██████▏   | 124/200 [35:38<21:53, 17.28s/it, Train loss=0.0535, Train acc=0.0191, Test loss=0.36, Test acc=0.0893]
 62%|██████▏   | 124/200 [35:55<21:53, 17.28s/it, Train loss=0.0523, Train acc=0.0183, Test loss=0.349, Test acc=0.0866]
 62%|██████▎   | 125/200 [35:55<21:37, 17.30s/it, Train loss=0.0523, Train acc=0.0183, Test loss=0.349, Test acc=0.0866]
 62%|██████▎   | 125/200 [36:12<21:37, 17.30s/it, Train loss=0.0489, Train acc=0.0172, Test loss=0.386, Test acc=0.0959]
 63%|██████▎   | 126/200 [36:12<21:15, 17.24s/it, Train loss=0.0489, Train acc=0.0172, Test loss=0.386, Test acc=0.0959]
 63%|██████▎   | 126/200 [36:30<21:15, 17.24s/it, Train loss=0.0489, Train acc=0.0172, Test loss=0.344, Test acc=0.0865]
 64%|██████▎   | 127/200 [36:30<20:55, 17.20s/it, Train loss=0.0489, Train acc=0.0172, Test loss=0.344, Test acc=0.0865]
 64%|██████▎   | 127/200 [36:47<20:55, 17.20s/it, Train loss=0.045, Train acc=0.0152, Test loss=0.355, Test acc=0.0874] 
 64%|██████▍   | 128/200 [36:47<20:39, 17.22s/it, Train loss=0.045, Train acc=0.0152, Test loss=0.355, Test acc=0.0874]
 64%|██████▍   | 128/200 [37:04<20:39, 17.22s/it, Train loss=0.0448, Train acc=0.0156, Test loss=0.394, Test acc=0.0973]
 64%|██████▍   | 129/200 [37:04<20:22, 17.22s/it, Train loss=0.0448, Train acc=0.0156, Test loss=0.394, Test acc=0.0973]
 64%|██████▍   | 129/200 [37:21<20:22, 17.22s/it, Train loss=0.0436, Train acc=0.015, Test loss=0.358, Test acc=0.0896] 
 65%|██████▌   | 130/200 [37:21<20:06, 17.23s/it, Train loss=0.0436, Train acc=0.015, Test loss=0.358, Test acc=0.0896]
 65%|██████▌   | 130/200 [37:39<20:06, 17.23s/it, Train loss=0.042, Train acc=0.0142, Test loss=0.361, Test acc=0.0892]
 66%|██████▌   | 131/200 [37:39<19:50, 17.26s/it, Train loss=0.042, Train acc=0.0142, Test loss=0.361, Test acc=0.0892]
 66%|██████▌   | 131/200 [37:56<19:50, 17.26s/it, Train loss=0.0411, Train acc=0.0139, Test loss=0.369, Test acc=0.0887]
 66%|██████▌   | 132/200 [37:56<19:35, 17.29s/it, Train loss=0.0411, Train acc=0.0139, Test loss=0.369, Test acc=0.0887]
 66%|██████▌   | 132/200 [38:13<19:35, 17.29s/it, Train loss=0.0402, Train acc=0.0136, Test loss=0.345, Test acc=0.0824]
 66%|██████▋   | 133/200 [38:13<19:19, 17.30s/it, Train loss=0.0402, Train acc=0.0136, Test loss=0.345, Test acc=0.0824]
 66%|██████▋   | 133/200 [38:30<19:19, 17.30s/it, Train loss=0.0371, Train acc=0.0122, Test loss=0.352, Test acc=0.0847]
 67%|██████▋   | 134/200 [38:30<18:59, 17.27s/it, Train loss=0.0371, Train acc=0.0122, Test loss=0.352, Test acc=0.0847]
 67%|██████▋   | 134/200 [38:48<18:59, 17.27s/it, Train loss=0.0367, Train acc=0.012, Test loss=0.358, Test acc=0.0833] 
 68%|██████▊   | 135/200 [38:48<18:45, 17.31s/it, Train loss=0.0367, Train acc=0.012, Test loss=0.358, Test acc=0.0833]
 68%|██████▊   | 135/200 [39:05<18:45, 17.31s/it, Train loss=0.0352, Train acc=0.0114, Test loss=0.36, Test acc=0.0839]
 68%|██████▊   | 136/200 [39:05<18:28, 17.33s/it, Train loss=0.0352, Train acc=0.0114, Test loss=0.36, Test acc=0.0839]
 68%|██████▊   | 136/200 [39:23<18:28, 17.33s/it, Train loss=0.0343, Train acc=0.0118, Test loss=0.383, Test acc=0.0886]
 68%|██████▊   | 137/200 [39:23<18:11, 17.32s/it, Train loss=0.0343, Train acc=0.0118, Test loss=0.383, Test acc=0.0886]
 68%|██████▊   | 137/200 [39:40<18:11, 17.32s/it, Train loss=0.0341, Train acc=0.0113, Test loss=0.381, Test acc=0.0872]
 69%|██████▉   | 138/200 [39:40<17:53, 17.31s/it, Train loss=0.0341, Train acc=0.0113, Test loss=0.381, Test acc=0.0872]
 69%|██████▉   | 138/200 [39:57<17:53, 17.31s/it, Train loss=0.0341, Train acc=0.0109, Test loss=0.352, Test acc=0.0827]
 70%|██████▉   | 139/200 [39:57<17:34, 17.29s/it, Train loss=0.0341, Train acc=0.0109, Test loss=0.352, Test acc=0.0827]
 70%|██████▉   | 139/200 [40:14<17:34, 17.29s/it, Train loss=0.0321, Train acc=0.0105, Test loss=0.388, Test acc=0.0917]
 70%|███████   | 140/200 [40:14<17:15, 17.27s/it, Train loss=0.0321, Train acc=0.0105, Test loss=0.388, Test acc=0.0917]
 70%|███████   | 140/200 [40:31<17:15, 17.27s/it, Train loss=0.0317, Train acc=0.0106, Test loss=0.357, Test acc=0.084] 
 70%|███████   | 141/200 [40:31<16:55, 17.22s/it, Train loss=0.0317, Train acc=0.0106, Test loss=0.357, Test acc=0.084]
 70%|███████   | 141/200 [40:49<16:55, 17.22s/it, Train loss=0.0296, Train acc=0.00934, Test loss=0.368, Test acc=0.0854]
 71%|███████   | 142/200 [40:49<16:38, 17.22s/it, Train loss=0.0296, Train acc=0.00934, Test loss=0.368, Test acc=0.0854]
 71%|███████   | 142/200 [41:06<16:38, 17.22s/it, Train loss=0.0298, Train acc=0.00981, Test loss=0.36, Test acc=0.0841] 
 72%|███████▏  | 143/200 [41:06<16:21, 17.21s/it, Train loss=0.0298, Train acc=0.00981, Test loss=0.36, Test acc=0.0841]
 72%|███████▏  | 143/200 [41:23<16:21, 17.21s/it, Train loss=0.0297, Train acc=0.00938, Test loss=0.352, Test acc=0.0833]
 72%|███████▏  | 144/200 [41:23<16:02, 17.19s/it, Train loss=0.0297, Train acc=0.00938, Test loss=0.352, Test acc=0.0833]
 72%|███████▏  | 144/200 [41:40<16:02, 17.19s/it, Train loss=0.0274, Train acc=0.00898, Test loss=0.361, Test acc=0.0852]
 72%|███████▎  | 145/200 [41:40<15:46, 17.20s/it, Train loss=0.0274, Train acc=0.00898, Test loss=0.361, Test acc=0.0852]
 72%|███████▎  | 145/200 [41:57<15:46, 17.20s/it, Train loss=0.0253, Train acc=0.00764, Test loss=0.356, Test acc=0.0835]
 73%|███████▎  | 146/200 [41:57<15:29, 17.22s/it, Train loss=0.0253, Train acc=0.00764, Test loss=0.356, Test acc=0.0835]
 73%|███████▎  | 146/200 [42:15<15:29, 17.22s/it, Train loss=0.0235, Train acc=0.00717, Test loss=0.358, Test acc=0.0824]
 74%|███████▎  | 147/200 [42:15<15:17, 17.31s/it, Train loss=0.0235, Train acc=0.00717, Test loss=0.358, Test acc=0.0824]
 74%|███████▎  | 147/200 [42:32<15:17, 17.31s/it, Train loss=0.0234, Train acc=0.00711, Test loss=0.358, Test acc=0.0811]
 74%|███████▍  | 148/200 [42:32<14:57, 17.27s/it, Train loss=0.0234, Train acc=0.00711, Test loss=0.358, Test acc=0.0811]
 74%|███████▍  | 148/200 [42:49<14:57, 17.27s/it, Train loss=0.0223, Train acc=0.00696, Test loss=0.36, Test acc=0.0807] 
 74%|███████▍  | 149/200 [42:49<14:40, 17.27s/it, Train loss=0.0223, Train acc=0.00696, Test loss=0.36, Test acc=0.0807]
 74%|███████▍  | 149/200 [43:07<14:40, 17.27s/it, Train loss=0.0236, Train acc=0.00713, Test loss=0.355, Test acc=0.0805]
 75%|███████▌  | 150/200 [43:07<14:23, 17.26s/it, Train loss=0.0236, Train acc=0.00713, Test loss=0.355, Test acc=0.0805]
 75%|███████▌  | 150/200 [43:24<14:23, 17.26s/it, Train loss=0.0213, Train acc=0.00648, Test loss=0.359, Test acc=0.0809]
 76%|███████▌  | 151/200 [43:24<14:04, 17.23s/it, Train loss=0.0213, Train acc=0.00648, Test loss=0.359, Test acc=0.0809]
 76%|███████▌  | 151/200 [43:41<14:04, 17.23s/it, Train loss=0.0207, Train acc=0.00576, Test loss=0.361, Test acc=0.0809]
 76%|███████▌  | 152/200 [43:41<13:46, 17.23s/it, Train loss=0.0207, Train acc=0.00576, Test loss=0.361, Test acc=0.0809]
 76%|███████▌  | 152/200 [43:58<13:46, 17.23s/it, Train loss=0.0198, Train acc=0.00564, Test loss=0.36, Test acc=0.0818] 
 76%|███████▋  | 153/200 [43:58<13:30, 17.24s/it, Train loss=0.0198, Train acc=0.00564, Test loss=0.36, Test acc=0.0818]
 76%|███████▋  | 153/200 [44:16<13:30, 17.24s/it, Train loss=0.019, Train acc=0.00518, Test loss=0.357, Test acc=0.0811]
 77%|███████▋  | 154/200 [44:16<13:13, 17.24s/it, Train loss=0.019, Train acc=0.00518, Test loss=0.357, Test acc=0.0811]
 77%|███████▋  | 154/200 [44:33<13:13, 17.24s/it, Train loss=0.0174, Train acc=0.00467, Test loss=0.355, Test acc=0.0785]
 78%|███████▊  | 155/200 [44:33<12:54, 17.21s/it, Train loss=0.0174, Train acc=0.00467, Test loss=0.355, Test acc=0.0785]
 78%|███████▊  | 155/200 [44:50<12:54, 17.21s/it, Train loss=0.0188, Train acc=0.0053, Test loss=0.358, Test acc=0.0791] 
 78%|███████▊  | 156/200 [44:50<12:38, 17.23s/it, Train loss=0.0188, Train acc=0.0053, Test loss=0.358, Test acc=0.0791]
 78%|███████▊  | 156/200 [45:07<12:38, 17.23s/it, Train loss=0.0178, Train acc=0.00515, Test loss=0.358, Test acc=0.0803]
 78%|███████▊  | 157/200 [45:07<12:21, 17.24s/it, Train loss=0.0178, Train acc=0.00515, Test loss=0.358, Test acc=0.0803]
 78%|███████▊  | 157/200 [45:24<12:21, 17.24s/it, Train loss=0.0173, Train acc=0.00522, Test loss=0.36, Test acc=0.0791] 
 79%|███████▉  | 158/200 [45:24<12:02, 17.20s/it, Train loss=0.0173, Train acc=0.00522, Test loss=0.36, Test acc=0.0791]
 79%|███████▉  | 158/200 [45:42<12:02, 17.20s/it, Train loss=0.0162, Train acc=0.00441, Test loss=0.359, Test acc=0.078]
 80%|███████▉  | 159/200 [45:42<11:45, 17.22s/it, Train loss=0.0162, Train acc=0.00441, Test loss=0.359, Test acc=0.078]
 80%|███████▉  | 159/200 [45:59<11:45, 17.22s/it, Train loss=0.0158, Train acc=0.00393, Test loss=0.358, Test acc=0.0807]
 80%|████████  | 160/200 [45:59<11:28, 17.22s/it, Train loss=0.0158, Train acc=0.00393, Test loss=0.358, Test acc=0.0807]
 80%|████████  | 160/200 [46:16<11:28, 17.22s/it, Train loss=0.0167, Train acc=0.00496, Test loss=0.356, Test acc=0.0803]
 80%|████████  | 161/200 [46:16<11:11, 17.23s/it, Train loss=0.0167, Train acc=0.00496, Test loss=0.356, Test acc=0.0803]
 80%|████████  | 161/200 [46:33<11:11, 17.23s/it, Train loss=0.0162, Train acc=0.00486, Test loss=0.355, Test acc=0.0795]
 81%|████████  | 162/200 [46:33<10:54, 17.22s/it, Train loss=0.0162, Train acc=0.00486, Test loss=0.355, Test acc=0.0795]
 81%|████████  | 162/200 [46:51<10:54, 17.22s/it, Train loss=0.0154, Train acc=0.00432, Test loss=0.357, Test acc=0.0805]
 82%|████████▏ | 163/200 [46:51<10:45, 17.45s/it, Train loss=0.0154, Train acc=0.00432, Test loss=0.357, Test acc=0.0805]
 82%|████████▏ | 163/200 [47:09<10:45, 17.45s/it, Train loss=0.0154, Train acc=0.00415, Test loss=0.36, Test acc=0.0797] 
 82%|████████▏ | 164/200 [47:09<10:26, 17.39s/it, Train loss=0.0154, Train acc=0.00415, Test loss=0.36, Test acc=0.0797]
 82%|████████▏ | 164/200 [47:26<10:26, 17.39s/it, Train loss=0.0153, Train acc=0.00425, Test loss=0.358, Test acc=0.0793]
 82%|████████▎ | 165/200 [47:26<10:05, 17.31s/it, Train loss=0.0153, Train acc=0.00425, Test loss=0.358, Test acc=0.0793]
 82%|████████▎ | 165/200 [47:43<10:05, 17.31s/it, Train loss=0.0147, Train acc=0.00369, Test loss=0.357, Test acc=0.0799]
 83%|████████▎ | 166/200 [47:43<09:47, 17.28s/it, Train loss=0.0147, Train acc=0.00369, Test loss=0.357, Test acc=0.0799]
 83%|████████▎ | 166/200 [48:00<09:47, 17.28s/it, Train loss=0.0147, Train acc=0.00401, Test loss=0.362, Test acc=0.0793]
 84%|████████▎ | 167/200 [48:00<09:30, 17.27s/it, Train loss=0.0147, Train acc=0.00401, Test loss=0.362, Test acc=0.0793]
 84%|████████▎ | 167/200 [48:17<09:30, 17.27s/it, Train loss=0.0133, Train acc=0.00324, Test loss=0.358, Test acc=0.078] 
 84%|████████▍ | 168/200 [48:17<09:11, 17.25s/it, Train loss=0.0133, Train acc=0.00324, Test loss=0.358, Test acc=0.078]
 84%|████████▍ | 168/200 [48:34<09:11, 17.25s/it, Train loss=0.0138, Train acc=0.00396, Test loss=0.359, Test acc=0.0785]
 84%|████████▍ | 169/200 [48:34<08:53, 17.21s/it, Train loss=0.0138, Train acc=0.00396, Test loss=0.359, Test acc=0.0785]
 84%|████████▍ | 169/200 [48:52<08:53, 17.21s/it, Train loss=0.0128, Train acc=0.00331, Test loss=0.358, Test acc=0.0794]
 85%|████████▌ | 170/200 [48:52<08:36, 17.21s/it, Train loss=0.0128, Train acc=0.00331, Test loss=0.358, Test acc=0.0794]
 85%|████████▌ | 170/200 [49:09<08:36, 17.21s/it, Train loss=0.0134, Train acc=0.00338, Test loss=0.357, Test acc=0.0785]
 86%|████████▌ | 171/200 [49:09<08:19, 17.23s/it, Train loss=0.0134, Train acc=0.00338, Test loss=0.357, Test acc=0.0785]
 86%|████████▌ | 171/200 [49:26<08:19, 17.23s/it, Train loss=0.0127, Train acc=0.00307, Test loss=0.355, Test acc=0.0775]
 86%|████████▌ | 172/200 [49:26<08:02, 17.22s/it, Train loss=0.0127, Train acc=0.00307, Test loss=0.355, Test acc=0.0775]
 86%|████████▌ | 172/200 [49:43<08:02, 17.22s/it, Train loss=0.0135, Train acc=0.00355, Test loss=0.358, Test acc=0.0797]
 86%|████████▋ | 173/200 [49:43<07:44, 17.22s/it, Train loss=0.0135, Train acc=0.00355, Test loss=0.358, Test acc=0.0797]
 86%|████████▋ | 173/200 [50:01<07:44, 17.22s/it, Train loss=0.0127, Train acc=0.00309, Test loss=0.357, Test acc=0.0796]
 87%|████████▋ | 174/200 [50:01<07:27, 17.23s/it, Train loss=0.0127, Train acc=0.00309, Test loss=0.357, Test acc=0.0796]
 87%|████████▋ | 174/200 [50:18<07:27, 17.23s/it, Train loss=0.0125, Train acc=0.00308, Test loss=0.357, Test acc=0.079] 
 88%|████████▊ | 175/200 [50:18<07:11, 17.25s/it, Train loss=0.0125, Train acc=0.00308, Test loss=0.357, Test acc=0.079]
 88%|████████▊ | 175/200 [50:35<07:11, 17.25s/it, Train loss=0.0121, Train acc=0.00281, Test loss=0.358, Test acc=0.0795]
 88%|████████▊ | 176/200 [50:35<06:53, 17.22s/it, Train loss=0.0121, Train acc=0.00281, Test loss=0.358, Test acc=0.0795]
 88%|████████▊ | 176/200 [50:52<06:53, 17.22s/it, Train loss=0.0122, Train acc=0.00313, Test loss=0.359, Test acc=0.0792]
 88%|████████▊ | 177/200 [50:52<06:35, 17.21s/it, Train loss=0.0122, Train acc=0.00313, Test loss=0.359, Test acc=0.0792]
 88%|████████▊ | 177/200 [51:10<06:35, 17.21s/it, Train loss=0.0121, Train acc=0.0029, Test loss=0.356, Test acc=0.0784] 
 89%|████████▉ | 178/200 [51:10<06:19, 17.23s/it, Train loss=0.0121, Train acc=0.0029, Test loss=0.356, Test acc=0.0784]
 89%|████████▉ | 178/200 [51:27<06:19, 17.23s/it, Train loss=0.0114, Train acc=0.00271, Test loss=0.355, Test acc=0.079]
 90%|████████▉ | 179/200 [51:27<06:01, 17.22s/it, Train loss=0.0114, Train acc=0.00271, Test loss=0.355, Test acc=0.079]
 90%|████████▉ | 179/200 [51:44<06:01, 17.22s/it, Train loss=0.0114, Train acc=0.00243, Test loss=0.357, Test acc=0.0785]
 90%|█████████ | 180/200 [51:44<05:44, 17.21s/it, Train loss=0.0114, Train acc=0.00243, Test loss=0.357, Test acc=0.0785]
 90%|█████████ | 180/200 [52:01<05:44, 17.21s/it, Train loss=0.0119, Train acc=0.003, Test loss=0.355, Test acc=0.0795]  
 90%|█████████ | 181/200 [52:01<05:27, 17.24s/it, Train loss=0.0119, Train acc=0.003, Test loss=0.355, Test acc=0.0795]
 90%|█████████ | 181/200 [52:18<05:27, 17.24s/it, Train loss=0.0115, Train acc=0.00287, Test loss=0.358, Test acc=0.0785]
 91%|█████████ | 182/200 [52:18<05:10, 17.25s/it, Train loss=0.0115, Train acc=0.00287, Test loss=0.358, Test acc=0.0785]
 91%|█████████ | 182/200 [52:36<05:10, 17.25s/it, Train loss=0.0114, Train acc=0.00267, Test loss=0.356, Test acc=0.079] 
 92%|█████████▏| 183/200 [52:36<04:52, 17.21s/it, Train loss=0.0114, Train acc=0.00267, Test loss=0.356, Test acc=0.079]
 92%|█████████▏| 183/200 [52:53<04:52, 17.21s/it, Train loss=0.0116, Train acc=0.00263, Test loss=0.356, Test acc=0.0784]
 92%|█████████▏| 184/200 [52:53<04:35, 17.23s/it, Train loss=0.0116, Train acc=0.00263, Test loss=0.356, Test acc=0.0784]
 92%|█████████▏| 184/200 [53:10<04:35, 17.23s/it, Train loss=0.0106, Train acc=0.0024, Test loss=0.357, Test acc=0.0784] 
 92%|█████████▎| 185/200 [53:10<04:18, 17.25s/it, Train loss=0.0106, Train acc=0.0024, Test loss=0.357, Test acc=0.0784]
 92%|█████████▎| 185/200 [53:27<04:18, 17.25s/it, Train loss=0.0115, Train acc=0.00288, Test loss=0.359, Test acc=0.0778]
 93%|█████████▎| 186/200 [53:27<04:01, 17.24s/it, Train loss=0.0115, Train acc=0.00288, Test loss=0.359, Test acc=0.0778]
 93%|█████████▎| 186/200 [53:45<04:01, 17.24s/it, Train loss=0.0113, Train acc=0.00259, Test loss=0.356, Test acc=0.0789]
 94%|█████████▎| 187/200 [53:45<03:43, 17.22s/it, Train loss=0.0113, Train acc=0.00259, Test loss=0.356, Test acc=0.0789]
 94%|█████████▎| 187/200 [54:02<03:43, 17.22s/it, Train loss=0.0106, Train acc=0.00251, Test loss=0.355, Test acc=0.0792]
 94%|█████████▍| 188/200 [54:02<03:26, 17.21s/it, Train loss=0.0106, Train acc=0.00251, Test loss=0.355, Test acc=0.0792]
 94%|█████████▍| 188/200 [54:19<03:26, 17.21s/it, Train loss=0.0118, Train acc=0.00278, Test loss=0.355, Test acc=0.0784]
 94%|█████████▍| 189/200 [54:19<03:09, 17.23s/it, Train loss=0.0118, Train acc=0.00278, Test loss=0.355, Test acc=0.0784]
 94%|█████████▍| 189/200 [54:36<03:09, 17.23s/it, Train loss=0.0109, Train acc=0.00269, Test loss=0.358, Test acc=0.0786]
 95%|█████████▌| 190/200 [54:36<02:51, 17.20s/it, Train loss=0.0109, Train acc=0.00269, Test loss=0.358, Test acc=0.0786]
 95%|█████████▌| 190/200 [54:53<02:51, 17.20s/it, Train loss=0.0107, Train acc=0.00233, Test loss=0.356, Test acc=0.0793]
 96%|█████████▌| 191/200 [54:53<02:34, 17.21s/it, Train loss=0.0107, Train acc=0.00233, Test loss=0.356, Test acc=0.0793]
 96%|█████████▌| 191/200 [55:11<02:34, 17.21s/it, Train loss=0.0109, Train acc=0.00273, Test loss=0.357, Test acc=0.0788]
 96%|█████████▌| 192/200 [55:11<02:17, 17.24s/it, Train loss=0.0109, Train acc=0.00273, Test loss=0.357, Test acc=0.0788]
 96%|█████████▌| 192/200 [55:28<02:17, 17.24s/it, Train loss=0.011, Train acc=0.00277, Test loss=0.357, Test acc=0.0778] 
 96%|█████████▋| 193/200 [55:28<02:00, 17.23s/it, Train loss=0.011, Train acc=0.00277, Test loss=0.357, Test acc=0.0778]
 96%|█████████▋| 193/200 [55:45<02:00, 17.23s/it, Train loss=0.0106, Train acc=0.0024, Test loss=0.356, Test acc=0.0783]
 97%|█████████▋| 194/200 [55:45<01:43, 17.22s/it, Train loss=0.0106, Train acc=0.0024, Test loss=0.356, Test acc=0.0783]
 97%|█████████▋| 194/200 [56:02<01:43, 17.22s/it, Train loss=0.0108, Train acc=0.00266, Test loss=0.355, Test acc=0.0789]
 98%|█████████▊| 195/200 [56:02<01:26, 17.23s/it, Train loss=0.0108, Train acc=0.00266, Test loss=0.355, Test acc=0.0789]
 98%|█████████▊| 195/200 [56:20<01:26, 17.23s/it, Train loss=0.0105, Train acc=0.00217, Test loss=0.356, Test acc=0.078] 
 98%|█████████▊| 196/200 [56:20<01:08, 17.24s/it, Train loss=0.0105, Train acc=0.00217, Test loss=0.356, Test acc=0.078]
 98%|█████████▊| 196/200 [56:37<01:08, 17.24s/it, Train loss=0.0116, Train acc=0.00279, Test loss=0.356, Test acc=0.0776]
 98%|█████████▊| 197/200 [56:37<00:51, 17.22s/it, Train loss=0.0116, Train acc=0.00279, Test loss=0.356, Test acc=0.0776]
 98%|█████████▊| 197/200 [56:54<00:51, 17.22s/it, Train loss=0.011, Train acc=0.00261, Test loss=0.358, Test acc=0.0783] 
 99%|█████████▉| 198/200 [56:54<00:34, 17.21s/it, Train loss=0.011, Train acc=0.00261, Test loss=0.358, Test acc=0.0783]
 99%|█████████▉| 198/200 [57:11<00:34, 17.21s/it, Train loss=0.0106, Train acc=0.00269, Test loss=0.357, Test acc=0.0782]
100%|█████████▉| 199/200 [57:11<00:17, 17.22s/it, Train loss=0.0106, Train acc=0.00269, Test loss=0.357, Test acc=0.0782]
100%|█████████▉| 199/200 [57:28<00:17, 17.22s/it, Train loss=0.011, Train acc=0.00255, Test loss=0.355, Test acc=0.0785] 
100%|██████████| 200/200 [57:28<00:00, 17.23s/it, Train loss=0.011, Train acc=0.00255, Test loss=0.355, Test acc=0.0785]
100%|██████████| 200/200 [57:28<00:00, 17.24s/it, Train loss=0.011, Train acc=0.00255, Test loss=0.355, Test acc=0.0785]
