Files already downloaded and verified
Files already downloaded and verified
load resnet18...

  0%|          | 0/200 [00:00<?, ?it/s]
  0%|          | 0/200 [00:17<?, ?it/s, Train loss=2.01, Train acc=0.732, Test loss=2.64, Test acc=0.803]
  0%|          | 1/200 [00:17<58:09, 17.53s/it, Train loss=2.01, Train acc=0.732, Test loss=2.64, Test acc=0.803]
  0%|          | 1/200 [00:35<58:09, 17.53s/it, Train loss=1.7, Train acc=0.636, Test loss=1.72, Test acc=0.65]  
  1%|          | 2/200 [00:35<58:35, 17.76s/it, Train loss=1.7, Train acc=0.636, Test loss=1.72, Test acc=0.65]
  1%|          | 2/200 [00:53<58:35, 17.76s/it, Train loss=1.56, Train acc=0.586, Test loss=2.04, Test acc=0.729]
  2%|▏         | 3/200 [00:53<59:09, 18.02s/it, Train loss=1.56, Train acc=0.586, Test loss=2.04, Test acc=0.729]
  2%|▏         | 3/200 [01:10<59:09, 18.02s/it, Train loss=1.47, Train acc=0.546, Test loss=1.99, Test acc=0.664]
  2%|▏         | 4/200 [01:10<57:43, 17.67s/it, Train loss=1.47, Train acc=0.546, Test loss=1.99, Test acc=0.664]
  2%|▏         | 4/200 [01:27<57:43, 17.67s/it, Train loss=1.38, Train acc=0.511, Test loss=2.11, Test acc=0.677]
  2%|▎         | 5/200 [01:27<56:43, 17.46s/it, Train loss=1.38, Train acc=0.511, Test loss=2.11, Test acc=0.677]
  2%|▎         | 5/200 [01:45<56:43, 17.46s/it, Train loss=1.3, Train acc=0.478, Test loss=1.76, Test acc=0.575] 
  3%|▎         | 6/200 [01:45<55:58, 17.31s/it, Train loss=1.3, Train acc=0.478, Test loss=1.76, Test acc=0.575]
  3%|▎         | 6/200 [02:02<55:58, 17.31s/it, Train loss=1.22, Train acc=0.442, Test loss=1.32, Test acc=0.478]
  4%|▎         | 7/200 [02:02<55:25, 17.23s/it, Train loss=1.22, Train acc=0.442, Test loss=1.32, Test acc=0.478]
  4%|▎         | 7/200 [02:19<55:25, 17.23s/it, Train loss=1.15, Train acc=0.414, Test loss=1.23, Test acc=0.444]
  4%|▍         | 8/200 [02:19<54:57, 17.18s/it, Train loss=1.15, Train acc=0.414, Test loss=1.23, Test acc=0.444]
  4%|▍         | 8/200 [02:36<54:57, 17.18s/it, Train loss=1.09, Train acc=0.395, Test loss=1.49, Test acc=0.517]
  4%|▍         | 9/200 [02:36<54:34, 17.14s/it, Train loss=1.09, Train acc=0.395, Test loss=1.49, Test acc=0.517]
  4%|▍         | 9/200 [02:53<54:34, 17.14s/it, Train loss=1.05, Train acc=0.376, Test loss=1.95, Test acc=0.568]
  5%|▌         | 10/200 [02:53<54:11, 17.11s/it, Train loss=1.05, Train acc=0.376, Test loss=1.95, Test acc=0.568]
  5%|▌         | 10/200 [03:10<54:11, 17.11s/it, Train loss=1, Train acc=0.361, Test loss=1.7, Test acc=0.541]    
  6%|▌         | 11/200 [03:10<53:53, 17.11s/it, Train loss=1, Train acc=0.361, Test loss=1.7, Test acc=0.541]
  6%|▌         | 11/200 [03:27<53:53, 17.11s/it, Train loss=0.959, Train acc=0.343, Test loss=1.01, Test acc=0.357]
  6%|▌         | 12/200 [03:27<53:35, 17.10s/it, Train loss=0.959, Train acc=0.343, Test loss=1.01, Test acc=0.357]
  6%|▌         | 12/200 [03:44<53:35, 17.10s/it, Train loss=0.921, Train acc=0.33, Test loss=1.69, Test acc=0.54]  
  6%|▋         | 13/200 [03:44<53:15, 17.09s/it, Train loss=0.921, Train acc=0.33, Test loss=1.69, Test acc=0.54]
  6%|▋         | 13/200 [04:01<53:15, 17.09s/it, Train loss=0.887, Train acc=0.315, Test loss=0.985, Test acc=0.358]
  7%|▋         | 14/200 [04:01<52:58, 17.09s/it, Train loss=0.887, Train acc=0.315, Test loss=0.985, Test acc=0.358]
  7%|▋         | 14/200 [04:18<52:58, 17.09s/it, Train loss=0.834, Train acc=0.298, Test loss=1.31, Test acc=0.428] 
  8%|▊         | 15/200 [04:18<52:41, 17.09s/it, Train loss=0.834, Train acc=0.298, Test loss=1.31, Test acc=0.428]
  8%|▊         | 15/200 [04:35<52:41, 17.09s/it, Train loss=0.818, Train acc=0.292, Test loss=1.1, Test acc=0.376] 
  8%|▊         | 16/200 [04:35<52:23, 17.08s/it, Train loss=0.818, Train acc=0.292, Test loss=1.1, Test acc=0.376]
  8%|▊         | 16/200 [04:52<52:23, 17.08s/it, Train loss=0.782, Train acc=0.278, Test loss=0.996, Test acc=0.342]
  8%|▊         | 17/200 [04:52<52:02, 17.06s/it, Train loss=0.782, Train acc=0.278, Test loss=0.996, Test acc=0.342]
  8%|▊         | 17/200 [05:09<52:02, 17.06s/it, Train loss=0.758, Train acc=0.268, Test loss=0.93, Test acc=0.309] 
  9%|▉         | 18/200 [05:09<51:45, 17.06s/it, Train loss=0.758, Train acc=0.268, Test loss=0.93, Test acc=0.309]
  9%|▉         | 18/200 [05:26<51:45, 17.06s/it, Train loss=0.734, Train acc=0.259, Test loss=1.14, Test acc=0.368]
 10%|▉         | 19/200 [05:26<51:30, 17.07s/it, Train loss=0.734, Train acc=0.259, Test loss=1.14, Test acc=0.368]
 10%|▉         | 19/200 [05:43<51:30, 17.07s/it, Train loss=0.71, Train acc=0.25, Test loss=1.01, Test acc=0.329]  
 10%|█         | 20/200 [05:43<51:11, 17.06s/it, Train loss=0.71, Train acc=0.25, Test loss=1.01, Test acc=0.329]
 10%|█         | 20/200 [06:01<51:11, 17.06s/it, Train loss=0.685, Train acc=0.242, Test loss=1.24, Test acc=0.402]
 10%|█         | 21/200 [06:01<50:56, 17.07s/it, Train loss=0.685, Train acc=0.242, Test loss=1.24, Test acc=0.402]
 10%|█         | 21/200 [06:18<50:56, 17.07s/it, Train loss=0.67, Train acc=0.237, Test loss=0.876, Test acc=0.302]
 11%|█         | 22/200 [06:18<50:37, 17.07s/it, Train loss=0.67, Train acc=0.237, Test loss=0.876, Test acc=0.302]
 11%|█         | 22/200 [06:35<50:37, 17.07s/it, Train loss=0.64, Train acc=0.225, Test loss=0.914, Test acc=0.31] 
 12%|█▏        | 23/200 [06:35<50:22, 17.07s/it, Train loss=0.64, Train acc=0.225, Test loss=0.914, Test acc=0.31]
 12%|█▏        | 23/200 [06:52<50:22, 17.07s/it, Train loss=0.631, Train acc=0.221, Test loss=0.82, Test acc=0.273]
 12%|█▏        | 24/200 [06:52<50:04, 17.07s/it, Train loss=0.631, Train acc=0.221, Test loss=0.82, Test acc=0.273]
 12%|█▏        | 24/200 [07:09<50:04, 17.07s/it, Train loss=0.618, Train acc=0.214, Test loss=0.824, Test acc=0.281]
 12%|█▎        | 25/200 [07:09<49:51, 17.10s/it, Train loss=0.618, Train acc=0.214, Test loss=0.824, Test acc=0.281]
 12%|█▎        | 25/200 [07:26<49:51, 17.10s/it, Train loss=0.604, Train acc=0.211, Test loss=0.952, Test acc=0.32] 
 13%|█▎        | 26/200 [07:26<49:35, 17.10s/it, Train loss=0.604, Train acc=0.211, Test loss=0.952, Test acc=0.32]
 13%|█▎        | 26/200 [07:43<49:35, 17.10s/it, Train loss=0.596, Train acc=0.207, Test loss=0.832, Test acc=0.279]
 14%|█▎        | 27/200 [07:43<49:15, 17.09s/it, Train loss=0.596, Train acc=0.207, Test loss=0.832, Test acc=0.279]
 14%|█▎        | 27/200 [08:00<49:15, 17.09s/it, Train loss=0.582, Train acc=0.203, Test loss=0.905, Test acc=0.281]
 14%|█▍        | 28/200 [08:00<49:03, 17.11s/it, Train loss=0.582, Train acc=0.203, Test loss=0.905, Test acc=0.281]
 14%|█▍        | 28/200 [08:17<49:03, 17.11s/it, Train loss=0.572, Train acc=0.199, Test loss=0.763, Test acc=0.259]
 14%|█▍        | 29/200 [08:17<48:45, 17.11s/it, Train loss=0.572, Train acc=0.199, Test loss=0.763, Test acc=0.259]
 14%|█▍        | 29/200 [08:34<48:45, 17.11s/it, Train loss=0.557, Train acc=0.195, Test loss=0.751, Test acc=0.254]
 15%|█▌        | 30/200 [08:34<48:26, 17.10s/it, Train loss=0.557, Train acc=0.195, Test loss=0.751, Test acc=0.254]
 15%|█▌        | 30/200 [08:52<48:26, 17.10s/it, Train loss=0.545, Train acc=0.19, Test loss=0.809, Test acc=0.264] 
 16%|█▌        | 31/200 [08:52<48:10, 17.10s/it, Train loss=0.545, Train acc=0.19, Test loss=0.809, Test acc=0.264]
 16%|█▌        | 31/200 [09:09<48:10, 17.10s/it, Train loss=0.538, Train acc=0.187, Test loss=0.746, Test acc=0.241]
 16%|█▌        | 32/200 [09:09<47:55, 17.12s/it, Train loss=0.538, Train acc=0.187, Test loss=0.746, Test acc=0.241]
 16%|█▌        | 32/200 [09:26<47:55, 17.12s/it, Train loss=0.521, Train acc=0.181, Test loss=0.727, Test acc=0.239]
 16%|█▋        | 33/200 [09:26<47:36, 17.10s/it, Train loss=0.521, Train acc=0.181, Test loss=0.727, Test acc=0.239]
 16%|█▋        | 33/200 [09:43<47:36, 17.10s/it, Train loss=0.514, Train acc=0.179, Test loss=0.728, Test acc=0.244]
 17%|█▋        | 34/200 [09:43<47:22, 17.12s/it, Train loss=0.514, Train acc=0.179, Test loss=0.728, Test acc=0.244]
 17%|█▋        | 34/200 [10:00<47:22, 17.12s/it, Train loss=0.493, Train acc=0.171, Test loss=0.595, Test acc=0.206]
 18%|█▊        | 35/200 [10:00<47:12, 17.16s/it, Train loss=0.493, Train acc=0.171, Test loss=0.595, Test acc=0.206]
 18%|█▊        | 35/200 [10:17<47:12, 17.16s/it, Train loss=0.489, Train acc=0.17, Test loss=0.813, Test acc=0.273] 
 18%|█▊        | 36/200 [10:17<46:57, 17.18s/it, Train loss=0.489, Train acc=0.17, Test loss=0.813, Test acc=0.273]
 18%|█▊        | 36/200 [10:35<46:57, 17.18s/it, Train loss=0.483, Train acc=0.168, Test loss=0.613, Test acc=0.205]
 18%|█▊        | 37/200 [10:35<46:41, 17.19s/it, Train loss=0.483, Train acc=0.168, Test loss=0.613, Test acc=0.205]
 18%|█▊        | 37/200 [10:52<46:41, 17.19s/it, Train loss=0.477, Train acc=0.168, Test loss=0.652, Test acc=0.215]
 19%|█▉        | 38/200 [10:52<46:26, 17.20s/it, Train loss=0.477, Train acc=0.168, Test loss=0.652, Test acc=0.215]
 19%|█▉        | 38/200 [11:09<46:26, 17.20s/it, Train loss=0.468, Train acc=0.163, Test loss=0.784, Test acc=0.258]
 20%|█▉        | 39/200 [11:09<46:13, 17.22s/it, Train loss=0.468, Train acc=0.163, Test loss=0.784, Test acc=0.258]
 20%|█▉        | 39/200 [11:26<46:13, 17.22s/it, Train loss=0.464, Train acc=0.161, Test loss=0.757, Test acc=0.251]
 20%|██        | 40/200 [11:26<45:54, 17.22s/it, Train loss=0.464, Train acc=0.161, Test loss=0.757, Test acc=0.251]
 20%|██        | 40/200 [11:44<45:54, 17.22s/it, Train loss=0.454, Train acc=0.158, Test loss=0.663, Test acc=0.225]
 20%|██        | 41/200 [11:44<45:36, 17.21s/it, Train loss=0.454, Train acc=0.158, Test loss=0.663, Test acc=0.225]
 20%|██        | 41/200 [12:01<45:36, 17.21s/it, Train loss=0.441, Train acc=0.154, Test loss=0.721, Test acc=0.226]
 21%|██        | 42/200 [12:01<45:24, 17.24s/it, Train loss=0.441, Train acc=0.154, Test loss=0.721, Test acc=0.226]
 21%|██        | 42/200 [12:18<45:24, 17.24s/it, Train loss=0.441, Train acc=0.154, Test loss=0.605, Test acc=0.206]
 22%|██▏       | 43/200 [12:18<45:02, 17.22s/it, Train loss=0.441, Train acc=0.154, Test loss=0.605, Test acc=0.206]
 22%|██▏       | 43/200 [12:35<45:02, 17.22s/it, Train loss=0.438, Train acc=0.154, Test loss=0.718, Test acc=0.235]
 22%|██▏       | 44/200 [12:35<44:27, 17.10s/it, Train loss=0.438, Train acc=0.154, Test loss=0.718, Test acc=0.235]
 22%|██▏       | 44/200 [12:52<44:27, 17.10s/it, Train loss=0.422, Train acc=0.148, Test loss=0.619, Test acc=0.196]
 22%|██▎       | 45/200 [12:52<44:08, 17.08s/it, Train loss=0.422, Train acc=0.148, Test loss=0.619, Test acc=0.196]
 22%|██▎       | 45/200 [13:09<44:08, 17.08s/it, Train loss=0.423, Train acc=0.148, Test loss=0.666, Test acc=0.213]
 23%|██▎       | 46/200 [13:09<43:44, 17.04s/it, Train loss=0.423, Train acc=0.148, Test loss=0.666, Test acc=0.213]
 23%|██▎       | 46/200 [13:26<43:44, 17.04s/it, Train loss=0.412, Train acc=0.144, Test loss=0.627, Test acc=0.204]
 24%|██▎       | 47/200 [13:26<43:21, 17.00s/it, Train loss=0.412, Train acc=0.144, Test loss=0.627, Test acc=0.204]
 24%|██▎       | 47/200 [13:43<43:21, 17.00s/it, Train loss=0.405, Train acc=0.14, Test loss=0.6, Test acc=0.195]   
 24%|██▍       | 48/200 [13:43<42:54, 16.94s/it, Train loss=0.405, Train acc=0.14, Test loss=0.6, Test acc=0.195]
 24%|██▍       | 48/200 [14:00<42:54, 16.94s/it, Train loss=0.396, Train acc=0.138, Test loss=0.67, Test acc=0.214]
 24%|██▍       | 49/200 [14:00<42:41, 16.96s/it, Train loss=0.396, Train acc=0.138, Test loss=0.67, Test acc=0.214]
 24%|██▍       | 49/200 [14:16<42:41, 16.96s/it, Train loss=0.395, Train acc=0.137, Test loss=0.51, Test acc=0.175]
 25%|██▌       | 50/200 [14:16<42:19, 16.93s/it, Train loss=0.395, Train acc=0.137, Test loss=0.51, Test acc=0.175]
 25%|██▌       | 50/200 [14:33<42:19, 16.93s/it, Train loss=0.386, Train acc=0.135, Test loss=0.553, Test acc=0.184]
 26%|██▌       | 51/200 [14:33<42:01, 16.92s/it, Train loss=0.386, Train acc=0.135, Test loss=0.553, Test acc=0.184]
 26%|██▌       | 51/200 [14:50<42:01, 16.92s/it, Train loss=0.38, Train acc=0.132, Test loss=0.603, Test acc=0.196] 
 26%|██▌       | 52/200 [14:50<41:44, 16.92s/it, Train loss=0.38, Train acc=0.132, Test loss=0.603, Test acc=0.196]
 26%|██▌       | 52/200 [15:07<41:44, 16.92s/it, Train loss=0.374, Train acc=0.13, Test loss=0.666, Test acc=0.212]
 26%|██▋       | 53/200 [15:07<41:31, 16.95s/it, Train loss=0.374, Train acc=0.13, Test loss=0.666, Test acc=0.212]
 26%|██▋       | 53/200 [15:24<41:31, 16.95s/it, Train loss=0.375, Train acc=0.13, Test loss=0.713, Test acc=0.219]
 27%|██▋       | 54/200 [15:24<41:11, 16.93s/it, Train loss=0.375, Train acc=0.13, Test loss=0.713, Test acc=0.219]
 27%|██▋       | 54/200 [15:41<41:11, 16.93s/it, Train loss=0.363, Train acc=0.127, Test loss=0.542, Test acc=0.181]
 28%|██▊       | 55/200 [15:41<40:48, 16.89s/it, Train loss=0.363, Train acc=0.127, Test loss=0.542, Test acc=0.181]
 28%|██▊       | 55/200 [15:58<40:48, 16.89s/it, Train loss=0.358, Train acc=0.126, Test loss=0.521, Test acc=0.174]
 28%|██▊       | 56/200 [15:58<40:33, 16.90s/it, Train loss=0.358, Train acc=0.126, Test loss=0.521, Test acc=0.174]
 28%|██▊       | 56/200 [16:15<40:33, 16.90s/it, Train loss=0.351, Train acc=0.123, Test loss=0.574, Test acc=0.182]
 28%|██▊       | 57/200 [16:15<40:12, 16.87s/it, Train loss=0.351, Train acc=0.123, Test loss=0.574, Test acc=0.182]
 28%|██▊       | 57/200 [16:31<40:12, 16.87s/it, Train loss=0.353, Train acc=0.125, Test loss=0.458, Test acc=0.155]
 29%|██▉       | 58/200 [16:31<39:51, 16.84s/it, Train loss=0.353, Train acc=0.125, Test loss=0.458, Test acc=0.155]
 29%|██▉       | 58/200 [16:48<39:51, 16.84s/it, Train loss=0.346, Train acc=0.121, Test loss=0.497, Test acc=0.162]
 30%|██▉       | 59/200 [16:48<39:32, 16.83s/it, Train loss=0.346, Train acc=0.121, Test loss=0.497, Test acc=0.162]
 30%|██▉       | 59/200 [17:05<39:32, 16.83s/it, Train loss=0.343, Train acc=0.118, Test loss=0.424, Test acc=0.144]
 30%|███       | 60/200 [17:05<39:22, 16.87s/it, Train loss=0.343, Train acc=0.118, Test loss=0.424, Test acc=0.144]
 30%|███       | 60/200 [17:22<39:22, 16.87s/it, Train loss=0.333, Train acc=0.117, Test loss=0.501, Test acc=0.166]
 30%|███       | 61/200 [17:22<39:03, 16.86s/it, Train loss=0.333, Train acc=0.117, Test loss=0.501, Test acc=0.166]
 30%|███       | 61/200 [17:39<39:03, 16.86s/it, Train loss=0.326, Train acc=0.114, Test loss=0.513, Test acc=0.162]
 31%|███       | 62/200 [17:39<38:43, 16.84s/it, Train loss=0.326, Train acc=0.114, Test loss=0.513, Test acc=0.162]
 31%|███       | 62/200 [17:56<38:43, 16.84s/it, Train loss=0.322, Train acc=0.112, Test loss=0.493, Test acc=0.165]
 32%|███▏      | 63/200 [17:56<38:34, 16.89s/it, Train loss=0.322, Train acc=0.112, Test loss=0.493, Test acc=0.165]
 32%|███▏      | 63/200 [18:13<38:34, 16.89s/it, Train loss=0.319, Train acc=0.112, Test loss=0.422, Test acc=0.14] 
 32%|███▏      | 64/200 [18:13<38:18, 16.90s/it, Train loss=0.319, Train acc=0.112, Test loss=0.422, Test acc=0.14]
 32%|███▏      | 64/200 [18:30<38:18, 16.90s/it, Train loss=0.315, Train acc=0.11, Test loss=0.555, Test acc=0.18] 
 32%|███▎      | 65/200 [18:30<38:01, 16.90s/it, Train loss=0.315, Train acc=0.11, Test loss=0.555, Test acc=0.18]
 32%|███▎      | 65/200 [18:47<38:01, 16.90s/it, Train loss=0.313, Train acc=0.111, Test loss=0.462, Test acc=0.155]
 33%|███▎      | 66/200 [18:47<37:46, 16.91s/it, Train loss=0.313, Train acc=0.111, Test loss=0.462, Test acc=0.155]
 33%|███▎      | 66/200 [19:04<37:46, 16.91s/it, Train loss=0.314, Train acc=0.112, Test loss=0.534, Test acc=0.174]
 34%|███▎      | 67/200 [19:04<37:33, 16.94s/it, Train loss=0.314, Train acc=0.112, Test loss=0.534, Test acc=0.174]
 34%|███▎      | 67/200 [19:20<37:33, 16.94s/it, Train loss=0.303, Train acc=0.107, Test loss=0.507, Test acc=0.168]
 34%|███▍      | 68/200 [19:20<37:13, 16.92s/it, Train loss=0.303, Train acc=0.107, Test loss=0.507, Test acc=0.168]
 34%|███▍      | 68/200 [19:37<37:13, 16.92s/it, Train loss=0.297, Train acc=0.105, Test loss=0.457, Test acc=0.15] 
 34%|███▍      | 69/200 [19:37<36:55, 16.91s/it, Train loss=0.297, Train acc=0.105, Test loss=0.457, Test acc=0.15]
 34%|███▍      | 69/200 [19:54<36:55, 16.91s/it, Train loss=0.297, Train acc=0.105, Test loss=0.431, Test acc=0.137]
 35%|███▌      | 70/200 [19:54<36:41, 16.93s/it, Train loss=0.297, Train acc=0.105, Test loss=0.431, Test acc=0.137]
 35%|███▌      | 70/200 [20:11<36:41, 16.93s/it, Train loss=0.294, Train acc=0.103, Test loss=0.441, Test acc=0.141]
 36%|███▌      | 71/200 [20:11<36:27, 16.96s/it, Train loss=0.294, Train acc=0.103, Test loss=0.441, Test acc=0.141]
 36%|███▌      | 71/200 [20:28<36:27, 16.96s/it, Train loss=0.287, Train acc=0.101, Test loss=0.498, Test acc=0.159]
 36%|███▌      | 72/200 [20:28<36:08, 16.94s/it, Train loss=0.287, Train acc=0.101, Test loss=0.498, Test acc=0.159]
 36%|███▌      | 72/200 [20:45<36:08, 16.94s/it, Train loss=0.287, Train acc=0.101, Test loss=0.482, Test acc=0.158]
 36%|███▋      | 73/200 [20:45<35:51, 16.94s/it, Train loss=0.287, Train acc=0.101, Test loss=0.482, Test acc=0.158]
 36%|███▋      | 73/200 [21:02<35:51, 16.94s/it, Train loss=0.279, Train acc=0.098, Test loss=0.525, Test acc=0.159]
 37%|███▋      | 74/200 [21:02<35:37, 16.96s/it, Train loss=0.279, Train acc=0.098, Test loss=0.525, Test acc=0.159]
 37%|███▋      | 74/200 [21:19<35:37, 16.96s/it, Train loss=0.274, Train acc=0.0966, Test loss=0.381, Test acc=0.127]
 38%|███▊      | 75/200 [21:19<35:14, 16.91s/it, Train loss=0.274, Train acc=0.0966, Test loss=0.381, Test acc=0.127]
 38%|███▊      | 75/200 [21:36<35:14, 16.91s/it, Train loss=0.273, Train acc=0.0961, Test loss=0.708, Test acc=0.199]
 38%|███▊      | 76/200 [21:36<34:54, 16.89s/it, Train loss=0.273, Train acc=0.0961, Test loss=0.708, Test acc=0.199]
 38%|███▊      | 76/200 [21:53<34:54, 16.89s/it, Train loss=0.273, Train acc=0.0956, Test loss=0.4, Test acc=0.134]  
 38%|███▊      | 77/200 [21:53<34:38, 16.90s/it, Train loss=0.273, Train acc=0.0956, Test loss=0.4, Test acc=0.134]
 38%|███▊      | 77/200 [22:10<34:38, 16.90s/it, Train loss=0.268, Train acc=0.094, Test loss=0.408, Test acc=0.134]
 39%|███▉      | 78/200 [22:10<34:23, 16.91s/it, Train loss=0.268, Train acc=0.094, Test loss=0.408, Test acc=0.134]
 39%|███▉      | 78/200 [22:27<34:23, 16.91s/it, Train loss=0.263, Train acc=0.0925, Test loss=0.441, Test acc=0.14]
 40%|███▉      | 79/200 [22:27<34:06, 16.91s/it, Train loss=0.263, Train acc=0.0925, Test loss=0.441, Test acc=0.14]
 40%|███▉      | 79/200 [22:44<34:06, 16.91s/it, Train loss=0.255, Train acc=0.0887, Test loss=0.498, Test acc=0.156]
 40%|████      | 80/200 [22:44<33:48, 16.91s/it, Train loss=0.255, Train acc=0.0887, Test loss=0.498, Test acc=0.156]
 40%|████      | 80/200 [23:01<33:48, 16.91s/it, Train loss=0.258, Train acc=0.0906, Test loss=0.478, Test acc=0.148]
 40%|████      | 81/200 [23:01<33:36, 16.95s/it, Train loss=0.258, Train acc=0.0906, Test loss=0.478, Test acc=0.148]
 40%|████      | 81/200 [23:18<33:36, 16.95s/it, Train loss=0.253, Train acc=0.0898, Test loss=0.5, Test acc=0.157]  
 41%|████      | 82/200 [23:18<33:19, 16.95s/it, Train loss=0.253, Train acc=0.0898, Test loss=0.5, Test acc=0.157]
 41%|████      | 82/200 [23:34<33:19, 16.95s/it, Train loss=0.248, Train acc=0.0876, Test loss=0.392, Test acc=0.132]
 42%|████▏     | 83/200 [23:34<33:00, 16.93s/it, Train loss=0.248, Train acc=0.0876, Test loss=0.392, Test acc=0.132]
 42%|████▏     | 83/200 [23:51<33:00, 16.93s/it, Train loss=0.241, Train acc=0.0845, Test loss=0.44, Test acc=0.14]  
 42%|████▏     | 84/200 [23:51<32:45, 16.94s/it, Train loss=0.241, Train acc=0.0845, Test loss=0.44, Test acc=0.14]
 42%|████▏     | 84/200 [24:08<32:45, 16.94s/it, Train loss=0.244, Train acc=0.0863, Test loss=0.485, Test acc=0.155]
 42%|████▎     | 85/200 [24:08<32:30, 16.96s/it, Train loss=0.244, Train acc=0.0863, Test loss=0.485, Test acc=0.155]
 42%|████▎     | 85/200 [24:25<32:30, 16.96s/it, Train loss=0.242, Train acc=0.0849, Test loss=0.443, Test acc=0.138]
 43%|████▎     | 86/200 [24:25<32:11, 16.94s/it, Train loss=0.242, Train acc=0.0849, Test loss=0.443, Test acc=0.138]
 43%|████▎     | 86/200 [24:42<32:11, 16.94s/it, Train loss=0.235, Train acc=0.0836, Test loss=0.477, Test acc=0.144]
 44%|████▎     | 87/200 [24:42<31:53, 16.93s/it, Train loss=0.235, Train acc=0.0836, Test loss=0.477, Test acc=0.144]
 44%|████▎     | 87/200 [24:59<31:53, 16.93s/it, Train loss=0.232, Train acc=0.0823, Test loss=0.429, Test acc=0.137]
 44%|████▍     | 88/200 [24:59<31:39, 16.96s/it, Train loss=0.232, Train acc=0.0823, Test loss=0.429, Test acc=0.137]
 44%|████▍     | 88/200 [25:16<31:39, 16.96s/it, Train loss=0.225, Train acc=0.0797, Test loss=0.433, Test acc=0.136]
 44%|████▍     | 89/200 [25:16<31:19, 16.94s/it, Train loss=0.225, Train acc=0.0797, Test loss=0.433, Test acc=0.136]
 44%|████▍     | 89/200 [25:33<31:19, 16.94s/it, Train loss=0.225, Train acc=0.0786, Test loss=0.585, Test acc=0.178]
 45%|████▌     | 90/200 [25:33<30:56, 16.88s/it, Train loss=0.225, Train acc=0.0786, Test loss=0.585, Test acc=0.178]
 45%|████▌     | 90/200 [25:50<30:56, 16.88s/it, Train loss=0.221, Train acc=0.0783, Test loss=0.382, Test acc=0.12] 
 46%|████▌     | 91/200 [25:50<30:39, 16.87s/it, Train loss=0.221, Train acc=0.0783, Test loss=0.382, Test acc=0.12]
 46%|████▌     | 91/200 [26:07<30:39, 16.87s/it, Train loss=0.214, Train acc=0.0749, Test loss=0.506, Test acc=0.155]
 46%|████▌     | 92/200 [26:07<30:24, 16.90s/it, Train loss=0.214, Train acc=0.0749, Test loss=0.506, Test acc=0.155]
 46%|████▌     | 92/200 [26:23<30:24, 16.90s/it, Train loss=0.213, Train acc=0.076, Test loss=0.453, Test acc=0.138] 
 46%|████▋     | 93/200 [26:23<30:05, 16.88s/it, Train loss=0.213, Train acc=0.076, Test loss=0.453, Test acc=0.138]
 46%|████▋     | 93/200 [26:40<30:05, 16.88s/it, Train loss=0.207, Train acc=0.0723, Test loss=0.418, Test acc=0.13]
 47%|████▋     | 94/200 [26:40<29:47, 16.87s/it, Train loss=0.207, Train acc=0.0723, Test loss=0.418, Test acc=0.13]
 47%|████▋     | 94/200 [26:57<29:47, 16.87s/it, Train loss=0.208, Train acc=0.0731, Test loss=0.373, Test acc=0.12]
 48%|████▊     | 95/200 [26:57<29:36, 16.92s/it, Train loss=0.208, Train acc=0.0731, Test loss=0.373, Test acc=0.12]
 48%|████▊     | 95/200 [27:14<29:36, 16.92s/it, Train loss=0.2, Train acc=0.0705, Test loss=0.369, Test acc=0.117] 
 48%|████▊     | 96/200 [27:14<29:21, 16.94s/it, Train loss=0.2, Train acc=0.0705, Test loss=0.369, Test acc=0.117]
 48%|████▊     | 96/200 [27:31<29:21, 16.94s/it, Train loss=0.203, Train acc=0.0717, Test loss=0.372, Test acc=0.118]
 48%|████▊     | 97/200 [27:31<28:59, 16.89s/it, Train loss=0.203, Train acc=0.0717, Test loss=0.372, Test acc=0.118]
 48%|████▊     | 97/200 [27:48<28:59, 16.89s/it, Train loss=0.199, Train acc=0.0716, Test loss=0.369, Test acc=0.114]
 49%|████▉     | 98/200 [27:48<28:38, 16.85s/it, Train loss=0.199, Train acc=0.0716, Test loss=0.369, Test acc=0.114]
 49%|████▉     | 98/200 [28:05<28:38, 16.85s/it, Train loss=0.197, Train acc=0.0687, Test loss=0.369, Test acc=0.113]
 50%|████▉     | 99/200 [28:05<28:24, 16.87s/it, Train loss=0.197, Train acc=0.0687, Test loss=0.369, Test acc=0.113]
 50%|████▉     | 99/200 [28:22<28:24, 16.87s/it, Train loss=0.19, Train acc=0.0673, Test loss=0.381, Test acc=0.122] 
 50%|█████     | 100/200 [28:22<28:05, 16.85s/it, Train loss=0.19, Train acc=0.0673, Test loss=0.381, Test acc=0.122]
 50%|█████     | 100/200 [28:38<28:05, 16.85s/it, Train loss=0.19, Train acc=0.0684, Test loss=0.409, Test acc=0.124]
 50%|█████     | 101/200 [28:38<27:47, 16.84s/it, Train loss=0.19, Train acc=0.0684, Test loss=0.409, Test acc=0.124]
 50%|█████     | 101/200 [28:55<27:47, 16.84s/it, Train loss=0.188, Train acc=0.0658, Test loss=0.406, Test acc=0.124]
 51%|█████     | 102/200 [28:55<27:30, 16.84s/it, Train loss=0.188, Train acc=0.0658, Test loss=0.406, Test acc=0.124]
 51%|█████     | 102/200 [29:12<27:30, 16.84s/it, Train loss=0.186, Train acc=0.0651, Test loss=0.423, Test acc=0.13] 
 52%|█████▏    | 103/200 [29:12<27:16, 16.87s/it, Train loss=0.186, Train acc=0.0651, Test loss=0.423, Test acc=0.13]
 52%|█████▏    | 103/200 [29:29<27:16, 16.87s/it, Train loss=0.182, Train acc=0.0637, Test loss=0.421, Test acc=0.124]
 52%|█████▏    | 104/200 [29:29<27:04, 16.92s/it, Train loss=0.182, Train acc=0.0637, Test loss=0.421, Test acc=0.124]
 52%|█████▏    | 104/200 [29:46<27:04, 16.92s/it, Train loss=0.179, Train acc=0.0645, Test loss=0.378, Test acc=0.115]
 52%|█████▎    | 105/200 [29:46<26:47, 16.92s/it, Train loss=0.179, Train acc=0.0645, Test loss=0.378, Test acc=0.115]
 52%|█████▎    | 105/200 [30:03<26:47, 16.92s/it, Train loss=0.174, Train acc=0.0615, Test loss=0.358, Test acc=0.11] 
 53%|█████▎    | 106/200 [30:03<26:32, 16.94s/it, Train loss=0.174, Train acc=0.0615, Test loss=0.358, Test acc=0.11]
 53%|█████▎    | 106/200 [30:20<26:32, 16.94s/it, Train loss=0.17, Train acc=0.061, Test loss=0.355, Test acc=0.112] 
 54%|█████▎    | 107/200 [30:20<26:17, 16.97s/it, Train loss=0.17, Train acc=0.061, Test loss=0.355, Test acc=0.112]
 54%|█████▎    | 107/200 [30:37<26:17, 16.97s/it, Train loss=0.162, Train acc=0.056, Test loss=0.352, Test acc=0.109]
 54%|█████▍    | 108/200 [30:37<25:58, 16.94s/it, Train loss=0.162, Train acc=0.056, Test loss=0.352, Test acc=0.109]
 54%|█████▍    | 108/200 [30:54<25:58, 16.94s/it, Train loss=0.167, Train acc=0.059, Test loss=0.362, Test acc=0.109]
 55%|█████▍    | 109/200 [30:54<25:37, 16.90s/it, Train loss=0.167, Train acc=0.059, Test loss=0.362, Test acc=0.109]
 55%|█████▍    | 109/200 [31:11<25:37, 16.90s/it, Train loss=0.16, Train acc=0.0564, Test loss=0.361, Test acc=0.109]
 55%|█████▌    | 110/200 [31:11<25:23, 16.93s/it, Train loss=0.16, Train acc=0.0564, Test loss=0.361, Test acc=0.109]
 55%|█████▌    | 110/200 [31:28<25:23, 16.93s/it, Train loss=0.159, Train acc=0.0565, Test loss=0.372, Test acc=0.114]
 56%|█████▌    | 111/200 [31:28<25:09, 16.96s/it, Train loss=0.159, Train acc=0.0565, Test loss=0.372, Test acc=0.114]
 56%|█████▌    | 111/200 [31:45<25:09, 16.96s/it, Train loss=0.16, Train acc=0.0568, Test loss=0.395, Test acc=0.119] 
 56%|█████▌    | 112/200 [31:45<24:52, 16.96s/it, Train loss=0.16, Train acc=0.0568, Test loss=0.395, Test acc=0.119]
 56%|█████▌    | 112/200 [32:02<24:52, 16.96s/it, Train loss=0.157, Train acc=0.0562, Test loss=0.342, Test acc=0.102]
 56%|█████▋    | 113/200 [32:02<24:36, 16.97s/it, Train loss=0.157, Train acc=0.0562, Test loss=0.342, Test acc=0.102]
 56%|█████▋    | 113/200 [32:19<24:36, 16.97s/it, Train loss=0.152, Train acc=0.0533, Test loss=0.419, Test acc=0.124]
 57%|█████▋    | 114/200 [32:19<24:21, 16.99s/it, Train loss=0.152, Train acc=0.0533, Test loss=0.419, Test acc=0.124]
 57%|█████▋    | 114/200 [32:36<24:21, 16.99s/it, Train loss=0.148, Train acc=0.052, Test loss=0.363, Test acc=0.11]  
 57%|█████▊    | 115/200 [32:36<24:04, 16.99s/it, Train loss=0.148, Train acc=0.052, Test loss=0.363, Test acc=0.11]
 57%|█████▊    | 115/200 [32:53<24:04, 16.99s/it, Train loss=0.149, Train acc=0.0529, Test loss=0.359, Test acc=0.106]
 58%|█████▊    | 116/200 [32:53<23:43, 16.95s/it, Train loss=0.149, Train acc=0.0529, Test loss=0.359, Test acc=0.106]
 58%|█████▊    | 116/200 [33:10<23:43, 16.95s/it, Train loss=0.146, Train acc=0.051, Test loss=0.362, Test acc=0.109] 
 58%|█████▊    | 117/200 [33:10<23:24, 16.93s/it, Train loss=0.146, Train acc=0.051, Test loss=0.362, Test acc=0.109]
 58%|█████▊    | 117/200 [33:27<23:24, 16.93s/it, Train loss=0.141, Train acc=0.0488, Test loss=0.423, Test acc=0.125]
 59%|█████▉    | 118/200 [33:27<23:10, 16.96s/it, Train loss=0.141, Train acc=0.0488, Test loss=0.423, Test acc=0.125]
 59%|█████▉    | 118/200 [33:44<23:10, 16.96s/it, Train loss=0.142, Train acc=0.0508, Test loss=0.355, Test acc=0.106]
 60%|█████▉    | 119/200 [33:44<22:53, 16.95s/it, Train loss=0.142, Train acc=0.0508, Test loss=0.355, Test acc=0.106]
 60%|█████▉    | 119/200 [34:00<22:53, 16.95s/it, Train loss=0.142, Train acc=0.0504, Test loss=0.363, Test acc=0.112]
 60%|██████    | 120/200 [34:00<22:32, 16.91s/it, Train loss=0.142, Train acc=0.0504, Test loss=0.363, Test acc=0.112]
 60%|██████    | 120/200 [34:17<22:32, 16.91s/it, Train loss=0.134, Train acc=0.0474, Test loss=0.349, Test acc=0.101]
 60%|██████    | 121/200 [34:17<22:18, 16.94s/it, Train loss=0.134, Train acc=0.0474, Test loss=0.349, Test acc=0.101]
 60%|██████    | 121/200 [34:34<22:18, 16.94s/it, Train loss=0.132, Train acc=0.047, Test loss=0.367, Test acc=0.105] 
 61%|██████    | 122/200 [34:34<21:59, 16.92s/it, Train loss=0.132, Train acc=0.047, Test loss=0.367, Test acc=0.105]
 61%|██████    | 122/200 [34:51<21:59, 16.92s/it, Train loss=0.133, Train acc=0.0474, Test loss=0.393, Test acc=0.112]
 62%|██████▏   | 123/200 [34:51<21:38, 16.86s/it, Train loss=0.133, Train acc=0.0474, Test loss=0.393, Test acc=0.112]
 62%|██████▏   | 123/200 [35:08<21:38, 16.86s/it, Train loss=0.132, Train acc=0.0462, Test loss=0.349, Test acc=0.101]
 62%|██████▏   | 124/200 [35:08<21:20, 16.85s/it, Train loss=0.132, Train acc=0.0462, Test loss=0.349, Test acc=0.101]
 62%|██████▏   | 124/200 [35:25<21:20, 16.85s/it, Train loss=0.126, Train acc=0.0437, Test loss=0.339, Test acc=0.0986]
 62%|██████▎   | 125/200 [35:25<21:08, 16.92s/it, Train loss=0.126, Train acc=0.0437, Test loss=0.339, Test acc=0.0986]
 62%|██████▎   | 125/200 [35:42<21:08, 16.92s/it, Train loss=0.125, Train acc=0.0452, Test loss=0.364, Test acc=0.107] 
 63%|██████▎   | 126/200 [35:42<20:53, 16.93s/it, Train loss=0.125, Train acc=0.0452, Test loss=0.364, Test acc=0.107]
 63%|██████▎   | 126/200 [35:59<20:53, 16.93s/it, Train loss=0.123, Train acc=0.0432, Test loss=0.404, Test acc=0.112]
 64%|██████▎   | 127/200 [35:59<20:34, 16.91s/it, Train loss=0.123, Train acc=0.0432, Test loss=0.404, Test acc=0.112]
 64%|██████▎   | 127/200 [36:16<20:34, 16.91s/it, Train loss=0.118, Train acc=0.0421, Test loss=0.346, Test acc=0.101]
 64%|██████▍   | 128/200 [36:16<20:16, 16.89s/it, Train loss=0.118, Train acc=0.0421, Test loss=0.346, Test acc=0.101]
 64%|██████▍   | 128/200 [36:32<20:16, 16.89s/it, Train loss=0.116, Train acc=0.0402, Test loss=0.37, Test acc=0.11]  
 64%|██████▍   | 129/200 [36:32<19:58, 16.88s/it, Train loss=0.116, Train acc=0.0402, Test loss=0.37, Test acc=0.11]
 64%|██████▍   | 129/200 [36:49<19:58, 16.88s/it, Train loss=0.118, Train acc=0.041, Test loss=0.337, Test acc=0.0995]
 65%|██████▌   | 130/200 [36:49<19:40, 16.86s/it, Train loss=0.118, Train acc=0.041, Test loss=0.337, Test acc=0.0995]
 65%|██████▌   | 130/200 [37:06<19:40, 16.86s/it, Train loss=0.112, Train acc=0.04, Test loss=0.37, Test acc=0.105]   
 66%|██████▌   | 131/200 [37:06<19:24, 16.88s/it, Train loss=0.112, Train acc=0.04, Test loss=0.37, Test acc=0.105]
 66%|██████▌   | 131/200 [37:23<19:24, 16.88s/it, Train loss=0.113, Train acc=0.0406, Test loss=0.33, Test acc=0.0971]
 66%|██████▌   | 132/200 [37:23<19:07, 16.88s/it, Train loss=0.113, Train acc=0.0406, Test loss=0.33, Test acc=0.0971]
 66%|██████▌   | 132/200 [37:40<19:07, 16.88s/it, Train loss=0.107, Train acc=0.0367, Test loss=0.342, Test acc=0.0968]
 66%|██████▋   | 133/200 [37:40<18:49, 16.85s/it, Train loss=0.107, Train acc=0.0367, Test loss=0.342, Test acc=0.0968]
 66%|██████▋   | 133/200 [37:57<18:49, 16.85s/it, Train loss=0.111, Train acc=0.0395, Test loss=0.323, Test acc=0.0914]
 67%|██████▋   | 134/200 [37:57<18:31, 16.84s/it, Train loss=0.111, Train acc=0.0395, Test loss=0.323, Test acc=0.0914]
 67%|██████▋   | 134/200 [38:13<18:31, 16.84s/it, Train loss=0.104, Train acc=0.0363, Test loss=0.336, Test acc=0.0924]
 68%|██████▊   | 135/200 [38:13<18:14, 16.84s/it, Train loss=0.104, Train acc=0.0363, Test loss=0.336, Test acc=0.0924]
 68%|██████▊   | 135/200 [38:30<18:14, 16.84s/it, Train loss=0.102, Train acc=0.0354, Test loss=0.338, Test acc=0.0964]
 68%|██████▊   | 136/200 [38:30<17:59, 16.87s/it, Train loss=0.102, Train acc=0.0354, Test loss=0.338, Test acc=0.0964]
 68%|██████▊   | 136/200 [38:47<17:59, 16.87s/it, Train loss=0.101, Train acc=0.0362, Test loss=0.383, Test acc=0.105] 
 68%|██████▊   | 137/200 [38:47<17:44, 16.89s/it, Train loss=0.101, Train acc=0.0362, Test loss=0.383, Test acc=0.105]
 68%|██████▊   | 137/200 [39:04<17:44, 16.89s/it, Train loss=0.0987, Train acc=0.0342, Test loss=0.332, Test acc=0.0935]
 69%|██████▉   | 138/200 [39:04<17:28, 16.91s/it, Train loss=0.0987, Train acc=0.0342, Test loss=0.332, Test acc=0.0935]
 69%|██████▉   | 138/200 [39:22<17:28, 16.91s/it, Train loss=0.0967, Train acc=0.0335, Test loss=0.335, Test acc=0.0943]
 70%|██████▉   | 139/200 [39:22<17:19, 17.04s/it, Train loss=0.0967, Train acc=0.0335, Test loss=0.335, Test acc=0.0943]
 70%|██████▉   | 139/200 [39:39<17:19, 17.04s/it, Train loss=0.0959, Train acc=0.0336, Test loss=0.33, Test acc=0.0965] 
 70%|███████   | 140/200 [39:39<17:01, 17.03s/it, Train loss=0.0959, Train acc=0.0336, Test loss=0.33, Test acc=0.0965]
 70%|███████   | 140/200 [39:56<17:01, 17.03s/it, Train loss=0.0947, Train acc=0.0328, Test loss=0.339, Test acc=0.0928]
 70%|███████   | 141/200 [39:56<16:42, 16.99s/it, Train loss=0.0947, Train acc=0.0328, Test loss=0.339, Test acc=0.0928]
 70%|███████   | 141/200 [40:12<16:42, 16.99s/it, Train loss=0.0946, Train acc=0.0331, Test loss=0.331, Test acc=0.0925]
 71%|███████   | 142/200 [40:12<16:24, 16.98s/it, Train loss=0.0946, Train acc=0.0331, Test loss=0.331, Test acc=0.0925]
 71%|███████   | 142/200 [40:29<16:24, 16.98s/it, Train loss=0.0909, Train acc=0.0316, Test loss=0.32, Test acc=0.09]   
 72%|███████▏  | 143/200 [40:29<16:05, 16.95s/it, Train loss=0.0909, Train acc=0.0316, Test loss=0.32, Test acc=0.09]
 72%|███████▏  | 143/200 [40:46<16:05, 16.95s/it, Train loss=0.0862, Train acc=0.0298, Test loss=0.325, Test acc=0.0944]
 72%|███████▏  | 144/200 [40:46<15:45, 16.89s/it, Train loss=0.0862, Train acc=0.0298, Test loss=0.325, Test acc=0.0944]
 72%|███████▏  | 144/200 [41:03<15:45, 16.89s/it, Train loss=0.0847, Train acc=0.03, Test loss=0.318, Test acc=0.0891]  
 72%|███████▎  | 145/200 [41:03<15:27, 16.86s/it, Train loss=0.0847, Train acc=0.03, Test loss=0.318, Test acc=0.0891]
 72%|███████▎  | 145/200 [41:20<15:27, 16.86s/it, Train loss=0.0828, Train acc=0.0285, Test loss=0.326, Test acc=0.0932]
 73%|███████▎  | 146/200 [41:20<15:10, 16.86s/it, Train loss=0.0828, Train acc=0.0285, Test loss=0.326, Test acc=0.0932]
 73%|███████▎  | 146/200 [41:37<15:10, 16.86s/it, Train loss=0.0795, Train acc=0.027, Test loss=0.339, Test acc=0.0939] 
 74%|███████▎  | 147/200 [41:37<14:52, 16.85s/it, Train loss=0.0795, Train acc=0.027, Test loss=0.339, Test acc=0.0939]
 74%|███████▎  | 147/200 [41:53<14:52, 16.85s/it, Train loss=0.0787, Train acc=0.0267, Test loss=0.32, Test acc=0.0905]
 74%|███████▍  | 148/200 [41:53<14:34, 16.82s/it, Train loss=0.0787, Train acc=0.0267, Test loss=0.32, Test acc=0.0905]
 74%|███████▍  | 148/200 [42:10<14:34, 16.82s/it, Train loss=0.0778, Train acc=0.026, Test loss=0.32, Test acc=0.0899] 
 74%|███████▍  | 149/200 [42:10<14:17, 16.81s/it, Train loss=0.0778, Train acc=0.026, Test loss=0.32, Test acc=0.0899]
 74%|███████▍  | 149/200 [42:27<14:17, 16.81s/it, Train loss=0.0756, Train acc=0.0254, Test loss=0.318, Test acc=0.088]
 75%|███████▌  | 150/200 [42:27<14:01, 16.83s/it, Train loss=0.0756, Train acc=0.0254, Test loss=0.318, Test acc=0.088]
 75%|███████▌  | 150/200 [42:44<14:01, 16.83s/it, Train loss=0.0758, Train acc=0.0264, Test loss=0.323, Test acc=0.0892]
 76%|███████▌  | 151/200 [42:44<13:44, 16.82s/it, Train loss=0.0758, Train acc=0.0264, Test loss=0.323, Test acc=0.0892]
 76%|███████▌  | 151/200 [43:01<13:44, 16.82s/it, Train loss=0.0758, Train acc=0.0268, Test loss=0.319, Test acc=0.0883]
 76%|███████▌  | 152/200 [43:01<13:28, 16.85s/it, Train loss=0.0758, Train acc=0.0268, Test loss=0.319, Test acc=0.0883]
 76%|███████▌  | 152/200 [43:18<13:28, 16.85s/it, Train loss=0.0752, Train acc=0.0261, Test loss=0.319, Test acc=0.0876]
 76%|███████▋  | 153/200 [43:18<13:11, 16.84s/it, Train loss=0.0752, Train acc=0.0261, Test loss=0.319, Test acc=0.0876]
 76%|███████▋  | 153/200 [43:34<13:11, 16.84s/it, Train loss=0.0724, Train acc=0.0245, Test loss=0.32, Test acc=0.0866] 
 77%|███████▋  | 154/200 [43:34<12:54, 16.85s/it, Train loss=0.0724, Train acc=0.0245, Test loss=0.32, Test acc=0.0866]
 77%|███████▋  | 154/200 [43:51<12:54, 16.85s/it, Train loss=0.0697, Train acc=0.0242, Test loss=0.323, Test acc=0.0873]
 78%|███████▊  | 155/200 [43:51<12:36, 16.81s/it, Train loss=0.0697, Train acc=0.0242, Test loss=0.323, Test acc=0.0873]
 78%|███████▊  | 155/200 [44:08<12:36, 16.81s/it, Train loss=0.0702, Train acc=0.0238, Test loss=0.325, Test acc=0.0874]
 78%|███████▊  | 156/200 [44:08<12:19, 16.82s/it, Train loss=0.0702, Train acc=0.0238, Test loss=0.325, Test acc=0.0874]
 78%|███████▊  | 156/200 [44:25<12:19, 16.82s/it, Train loss=0.0696, Train acc=0.0243, Test loss=0.317, Test acc=0.0866]
 78%|███████▊  | 157/200 [44:25<12:05, 16.87s/it, Train loss=0.0696, Train acc=0.0243, Test loss=0.317, Test acc=0.0866]
 78%|███████▊  | 157/200 [44:42<12:05, 16.87s/it, Train loss=0.065, Train acc=0.0213, Test loss=0.325, Test acc=0.09]   
 79%|███████▉  | 158/200 [44:42<11:48, 16.87s/it, Train loss=0.065, Train acc=0.0213, Test loss=0.325, Test acc=0.09]
 79%|███████▉  | 158/200 [44:59<11:48, 16.87s/it, Train loss=0.0653, Train acc=0.0222, Test loss=0.322, Test acc=0.0896]
 80%|███████▉  | 159/200 [44:59<11:30, 16.83s/it, Train loss=0.0653, Train acc=0.0222, Test loss=0.322, Test acc=0.0896]
 80%|███████▉  | 159/200 [45:16<11:30, 16.83s/it, Train loss=0.0632, Train acc=0.0209, Test loss=0.324, Test acc=0.0873]
 80%|████████  | 160/200 [45:16<11:14, 16.86s/it, Train loss=0.0632, Train acc=0.0209, Test loss=0.324, Test acc=0.0873]
 80%|████████  | 160/200 [45:32<11:14, 16.86s/it, Train loss=0.0647, Train acc=0.0224, Test loss=0.318, Test acc=0.0878]
 80%|████████  | 161/200 [45:32<10:59, 16.90s/it, Train loss=0.0647, Train acc=0.0224, Test loss=0.318, Test acc=0.0878]
 80%|████████  | 161/200 [45:49<10:59, 16.90s/it, Train loss=0.0607, Train acc=0.0211, Test loss=0.314, Test acc=0.0875]
 81%|████████  | 162/200 [45:49<10:41, 16.89s/it, Train loss=0.0607, Train acc=0.0211, Test loss=0.314, Test acc=0.0875]
 81%|████████  | 162/200 [46:06<10:41, 16.89s/it, Train loss=0.0625, Train acc=0.02, Test loss=0.314, Test acc=0.0862]  
 82%|████████▏ | 163/200 [46:06<10:23, 16.85s/it, Train loss=0.0625, Train acc=0.02, Test loss=0.314, Test acc=0.0862]
 82%|████████▏ | 163/200 [46:23<10:23, 16.85s/it, Train loss=0.0626, Train acc=0.0217, Test loss=0.317, Test acc=0.0854]
 82%|████████▏ | 164/200 [46:23<10:07, 16.88s/it, Train loss=0.0626, Train acc=0.0217, Test loss=0.317, Test acc=0.0854]
 82%|████████▏ | 164/200 [46:40<10:07, 16.88s/it, Train loss=0.0619, Train acc=0.0213, Test loss=0.32, Test acc=0.0854] 
 82%|████████▎ | 165/200 [46:40<09:51, 16.89s/it, Train loss=0.0619, Train acc=0.0213, Test loss=0.32, Test acc=0.0854]
 82%|████████▎ | 165/200 [46:57<09:51, 16.89s/it, Train loss=0.0601, Train acc=0.0207, Test loss=0.314, Test acc=0.0866]
 83%|████████▎ | 166/200 [46:57<09:34, 16.90s/it, Train loss=0.0601, Train acc=0.0207, Test loss=0.314, Test acc=0.0866]
 83%|████████▎ | 166/200 [47:14<09:34, 16.90s/it, Train loss=0.0597, Train acc=0.0199, Test loss=0.319, Test acc=0.0867]
 84%|████████▎ | 167/200 [47:14<09:17, 16.89s/it, Train loss=0.0597, Train acc=0.0199, Test loss=0.319, Test acc=0.0867]
 84%|████████▎ | 167/200 [47:31<09:17, 16.89s/it, Train loss=0.0567, Train acc=0.0186, Test loss=0.315, Test acc=0.0853]
 84%|████████▍ | 168/200 [47:31<09:06, 17.07s/it, Train loss=0.0567, Train acc=0.0186, Test loss=0.315, Test acc=0.0853]
 84%|████████▍ | 168/200 [47:48<09:06, 17.07s/it, Train loss=0.0558, Train acc=0.019, Test loss=0.322, Test acc=0.0855] 
 84%|████████▍ | 169/200 [47:48<08:47, 17.02s/it, Train loss=0.0558, Train acc=0.019, Test loss=0.322, Test acc=0.0855]
 84%|████████▍ | 169/200 [48:05<08:47, 17.02s/it, Train loss=0.0564, Train acc=0.0184, Test loss=0.32, Test acc=0.0869]
 85%|████████▌ | 170/200 [48:05<08:28, 16.95s/it, Train loss=0.0564, Train acc=0.0184, Test loss=0.32, Test acc=0.0869]
 85%|████████▌ | 170/200 [48:22<08:28, 16.95s/it, Train loss=0.0547, Train acc=0.0181, Test loss=0.32, Test acc=0.0856]
 86%|████████▌ | 171/200 [48:22<08:09, 16.90s/it, Train loss=0.0547, Train acc=0.0181, Test loss=0.32, Test acc=0.0856]
 86%|████████▌ | 171/200 [48:39<08:09, 16.90s/it, Train loss=0.0548, Train acc=0.0186, Test loss=0.317, Test acc=0.0854]
 86%|████████▌ | 172/200 [48:39<07:53, 16.90s/it, Train loss=0.0548, Train acc=0.0186, Test loss=0.317, Test acc=0.0854]
 86%|████████▌ | 172/200 [48:55<07:53, 16.90s/it, Train loss=0.0543, Train acc=0.0181, Test loss=0.32, Test acc=0.0842] 
 86%|████████▋ | 173/200 [48:55<07:35, 16.85s/it, Train loss=0.0543, Train acc=0.0181, Test loss=0.32, Test acc=0.0842]
 86%|████████▋ | 173/200 [49:12<07:35, 16.85s/it, Train loss=0.0541, Train acc=0.018, Test loss=0.317, Test acc=0.0868]
 87%|████████▋ | 174/200 [49:12<07:17, 16.83s/it, Train loss=0.0541, Train acc=0.018, Test loss=0.317, Test acc=0.0868]
 87%|████████▋ | 174/200 [49:29<07:17, 16.83s/it, Train loss=0.0521, Train acc=0.0179, Test loss=0.318, Test acc=0.0857]
 88%|████████▊ | 175/200 [49:29<07:01, 16.87s/it, Train loss=0.0521, Train acc=0.0179, Test loss=0.318, Test acc=0.0857]
 88%|████████▊ | 175/200 [49:46<07:01, 16.87s/it, Train loss=0.0541, Train acc=0.0179, Test loss=0.319, Test acc=0.0853]
 88%|████████▊ | 176/200 [49:46<06:45, 16.88s/it, Train loss=0.0541, Train acc=0.0179, Test loss=0.319, Test acc=0.0853]
 88%|████████▊ | 176/200 [50:03<06:45, 16.88s/it, Train loss=0.0524, Train acc=0.0172, Test loss=0.322, Test acc=0.0845]
 88%|████████▊ | 177/200 [50:03<06:28, 16.88s/it, Train loss=0.0524, Train acc=0.0172, Test loss=0.322, Test acc=0.0845]
 88%|████████▊ | 177/200 [50:20<06:28, 16.88s/it, Train loss=0.0511, Train acc=0.0161, Test loss=0.318, Test acc=0.0848]
 89%|████████▉ | 178/200 [50:20<06:11, 16.89s/it, Train loss=0.0511, Train acc=0.0161, Test loss=0.318, Test acc=0.0848]
 89%|████████▉ | 178/200 [50:37<06:11, 16.89s/it, Train loss=0.0504, Train acc=0.0165, Test loss=0.319, Test acc=0.0858]
 90%|████████▉ | 179/200 [50:37<05:54, 16.89s/it, Train loss=0.0504, Train acc=0.0165, Test loss=0.319, Test acc=0.0858]
 90%|████████▉ | 179/200 [50:54<05:54, 16.89s/it, Train loss=0.0508, Train acc=0.0166, Test loss=0.317, Test acc=0.0855]
 90%|█████████ | 180/200 [50:54<05:37, 16.89s/it, Train loss=0.0508, Train acc=0.0166, Test loss=0.317, Test acc=0.0855]
 90%|█████████ | 180/200 [51:10<05:37, 16.89s/it, Train loss=0.0499, Train acc=0.0161, Test loss=0.316, Test acc=0.0844]
 90%|█████████ | 181/200 [51:10<05:20, 16.89s/it, Train loss=0.0499, Train acc=0.0161, Test loss=0.316, Test acc=0.0844]
 90%|█████████ | 181/200 [51:27<05:20, 16.89s/it, Train loss=0.0495, Train acc=0.0162, Test loss=0.316, Test acc=0.0845]
 91%|█████████ | 182/200 [51:27<05:03, 16.85s/it, Train loss=0.0495, Train acc=0.0162, Test loss=0.316, Test acc=0.0845]
 91%|█████████ | 182/200 [51:44<05:03, 16.85s/it, Train loss=0.05, Train acc=0.0166, Test loss=0.315, Test acc=0.0836]  
 92%|█████████▏| 183/200 [51:44<04:45, 16.81s/it, Train loss=0.05, Train acc=0.0166, Test loss=0.315, Test acc=0.0836]
 92%|█████████▏| 183/200 [52:01<04:45, 16.81s/it, Train loss=0.0491, Train acc=0.0162, Test loss=0.317, Test acc=0.085]
 92%|█████████▏| 184/200 [52:01<04:29, 16.83s/it, Train loss=0.0491, Train acc=0.0162, Test loss=0.317, Test acc=0.085]
 92%|█████████▏| 184/200 [52:18<04:29, 16.83s/it, Train loss=0.0497, Train acc=0.0167, Test loss=0.316, Test acc=0.084]
 92%|█████████▎| 185/200 [52:18<04:11, 16.79s/it, Train loss=0.0497, Train acc=0.0167, Test loss=0.316, Test acc=0.084]
 92%|█████████▎| 185/200 [52:34<04:11, 16.79s/it, Train loss=0.0496, Train acc=0.0164, Test loss=0.318, Test acc=0.0847]
 93%|█████████▎| 186/200 [52:34<03:55, 16.79s/it, Train loss=0.0496, Train acc=0.0164, Test loss=0.318, Test acc=0.0847]
 93%|█████████▎| 186/200 [52:51<03:55, 16.79s/it, Train loss=0.0491, Train acc=0.016, Test loss=0.318, Test acc=0.0857] 
 94%|█████████▎| 187/200 [52:51<03:38, 16.82s/it, Train loss=0.0491, Train acc=0.016, Test loss=0.318, Test acc=0.0857]
 94%|█████████▎| 187/200 [53:08<03:38, 16.82s/it, Train loss=0.0474, Train acc=0.0153, Test loss=0.317, Test acc=0.0852]
 94%|█████████▍| 188/200 [53:08<03:22, 16.90s/it, Train loss=0.0474, Train acc=0.0153, Test loss=0.317, Test acc=0.0852]
 94%|█████████▍| 188/200 [53:25<03:22, 16.90s/it, Train loss=0.0498, Train acc=0.0165, Test loss=0.315, Test acc=0.0841]
 94%|█████████▍| 189/200 [53:25<03:06, 16.91s/it, Train loss=0.0498, Train acc=0.0165, Test loss=0.315, Test acc=0.0841]
 94%|█████████▍| 189/200 [53:42<03:06, 16.91s/it, Train loss=0.0487, Train acc=0.016, Test loss=0.317, Test acc=0.0853] 
 95%|█████████▌| 190/200 [53:42<02:49, 16.91s/it, Train loss=0.0487, Train acc=0.016, Test loss=0.317, Test acc=0.0853]
 95%|█████████▌| 190/200 [53:59<02:49, 16.91s/it, Train loss=0.0465, Train acc=0.0153, Test loss=0.317, Test acc=0.0842]
 96%|█████████▌| 191/200 [53:59<02:32, 16.92s/it, Train loss=0.0465, Train acc=0.0153, Test loss=0.317, Test acc=0.0842]
 96%|█████████▌| 191/200 [54:16<02:32, 16.92s/it, Train loss=0.0481, Train acc=0.0153, Test loss=0.317, Test acc=0.0844]
 96%|█████████▌| 192/200 [54:16<02:15, 16.91s/it, Train loss=0.0481, Train acc=0.0153, Test loss=0.317, Test acc=0.0844]
 96%|█████████▌| 192/200 [54:33<02:15, 16.91s/it, Train loss=0.0489, Train acc=0.0159, Test loss=0.316, Test acc=0.0846]
 96%|█████████▋| 193/200 [54:33<01:58, 16.92s/it, Train loss=0.0489, Train acc=0.0159, Test loss=0.316, Test acc=0.0846]
 96%|█████████▋| 193/200 [54:50<01:58, 16.92s/it, Train loss=0.0489, Train acc=0.0161, Test loss=0.317, Test acc=0.0845]
 97%|█████████▋| 194/200 [54:50<01:41, 16.85s/it, Train loss=0.0489, Train acc=0.0161, Test loss=0.317, Test acc=0.0845]
 97%|█████████▋| 194/200 [55:06<01:41, 16.85s/it, Train loss=0.0471, Train acc=0.0153, Test loss=0.316, Test acc=0.0848]
 98%|█████████▊| 195/200 [55:06<01:24, 16.81s/it, Train loss=0.0471, Train acc=0.0153, Test loss=0.316, Test acc=0.0848]
 98%|█████████▊| 195/200 [55:23<01:24, 16.81s/it, Train loss=0.0473, Train acc=0.0158, Test loss=0.315, Test acc=0.084] 
 98%|█████████▊| 196/200 [55:23<01:07, 16.78s/it, Train loss=0.0473, Train acc=0.0158, Test loss=0.315, Test acc=0.084]
 98%|█████████▊| 196/200 [55:40<01:07, 16.78s/it, Train loss=0.0497, Train acc=0.0164, Test loss=0.316, Test acc=0.0845]
 98%|█████████▊| 197/200 [55:40<00:50, 16.79s/it, Train loss=0.0497, Train acc=0.0164, Test loss=0.316, Test acc=0.0845]
 98%|█████████▊| 197/200 [55:57<00:50, 16.79s/it, Train loss=0.0484, Train acc=0.0156, Test loss=0.317, Test acc=0.0847]
 99%|█████████▉| 198/200 [55:57<00:33, 16.80s/it, Train loss=0.0484, Train acc=0.0156, Test loss=0.317, Test acc=0.0847]
 99%|█████████▉| 198/200 [56:13<00:33, 16.80s/it, Train loss=0.0473, Train acc=0.0151, Test loss=0.316, Test acc=0.0839]
100%|█████████▉| 199/200 [56:13<00:16, 16.77s/it, Train loss=0.0473, Train acc=0.0151, Test loss=0.316, Test acc=0.0839]
100%|█████████▉| 199/200 [56:30<00:16, 16.77s/it, Train loss=0.0473, Train acc=0.0152, Test loss=0.316, Test acc=0.0842]
100%|██████████| 200/200 [56:30<00:00, 16.77s/it, Train loss=0.0473, Train acc=0.0152, Test loss=0.316, Test acc=0.0842]
100%|██████████| 200/200 [56:30<00:00, 16.95s/it, Train loss=0.0473, Train acc=0.0152, Test loss=0.316, Test acc=0.0842]
