Files already downloaded and verified
Files already downloaded and verified
load resnet18...

  0%|          | 0/200 [00:00<?, ?it/s]
  0%|          | 0/200 [00:19<?, ?it/s, Train loss=2.05, Train acc=0.756, Test loss=1.87, Test acc=0.694]
  0%|          | 1/200 [00:19<1:05:22, 19.71s/it, Train loss=2.05, Train acc=0.756, Test loss=1.87, Test acc=0.694]
  0%|          | 1/200 [00:38<1:05:22, 19.71s/it, Train loss=1.75, Train acc=0.662, Test loss=1.74, Test acc=0.653]
  1%|          | 2/200 [00:38<1:02:36, 18.97s/it, Train loss=1.75, Train acc=0.662, Test loss=1.74, Test acc=0.653]
  1%|          | 2/200 [00:56<1:02:36, 18.97s/it, Train loss=1.61, Train acc=0.61, Test loss=1.87, Test acc=0.667] 
  2%|▏         | 3/200 [00:56<1:01:28, 18.72s/it, Train loss=1.61, Train acc=0.61, Test loss=1.87, Test acc=0.667]
  2%|▏         | 3/200 [01:15<1:01:28, 18.72s/it, Train loss=1.53, Train acc=0.574, Test loss=1.51, Test acc=0.586]
  2%|▏         | 4/200 [01:15<1:00:46, 18.60s/it, Train loss=1.53, Train acc=0.574, Test loss=1.51, Test acc=0.586]
  2%|▏         | 4/200 [01:33<1:00:46, 18.60s/it, Train loss=1.43, Train acc=0.532, Test loss=1.38, Test acc=0.525]
  2%|▎         | 5/200 [01:33<1:00:17, 18.55s/it, Train loss=1.43, Train acc=0.532, Test loss=1.38, Test acc=0.525]
  2%|▎         | 5/200 [01:51<1:00:17, 18.55s/it, Train loss=1.37, Train acc=0.5, Test loss=1.55, Test acc=0.57]   
  3%|▎         | 6/200 [01:51<59:53, 18.52s/it, Train loss=1.37, Train acc=0.5, Test loss=1.55, Test acc=0.57]  
  3%|▎         | 6/200 [02:10<59:53, 18.52s/it, Train loss=1.27, Train acc=0.464, Test loss=1.42, Test acc=0.498]
  4%|▎         | 7/200 [02:10<59:31, 18.51s/it, Train loss=1.27, Train acc=0.464, Test loss=1.42, Test acc=0.498]
  4%|▎         | 7/200 [02:28<59:31, 18.51s/it, Train loss=1.21, Train acc=0.442, Test loss=1.21, Test acc=0.439]
  4%|▍         | 8/200 [02:28<59:13, 18.51s/it, Train loss=1.21, Train acc=0.442, Test loss=1.21, Test acc=0.439]
  4%|▍         | 8/200 [02:47<59:13, 18.51s/it, Train loss=1.16, Train acc=0.42, Test loss=1.4, Test acc=0.479]  
  4%|▍         | 9/200 [02:47<58:52, 18.50s/it, Train loss=1.16, Train acc=0.42, Test loss=1.4, Test acc=0.479]
  4%|▍         | 9/200 [03:06<58:52, 18.50s/it, Train loss=1.1, Train acc=0.393, Test loss=1.13, Test acc=0.407]
  5%|▌         | 10/200 [03:06<59:14, 18.71s/it, Train loss=1.1, Train acc=0.393, Test loss=1.13, Test acc=0.407]
  5%|▌         | 10/200 [03:25<59:14, 18.71s/it, Train loss=1.06, Train acc=0.379, Test loss=1.19, Test acc=0.429]
  6%|▌         | 11/200 [03:25<58:52, 18.69s/it, Train loss=1.06, Train acc=0.379, Test loss=1.19, Test acc=0.429]
  6%|▌         | 11/200 [03:44<58:52, 18.69s/it, Train loss=1.01, Train acc=0.359, Test loss=1.09, Test acc=0.396]
  6%|▌         | 12/200 [03:44<58:52, 18.79s/it, Train loss=1.01, Train acc=0.359, Test loss=1.09, Test acc=0.396]
  6%|▌         | 12/200 [04:04<58:52, 18.79s/it, Train loss=0.968, Train acc=0.345, Test loss=1.01, Test acc=0.361]
  6%|▋         | 13/200 [04:04<59:46, 19.18s/it, Train loss=0.968, Train acc=0.345, Test loss=1.01, Test acc=0.361]
  6%|▋         | 13/200 [04:23<59:46, 19.18s/it, Train loss=0.944, Train acc=0.337, Test loss=1.03, Test acc=0.363]
  7%|▋         | 14/200 [04:23<59:53, 19.32s/it, Train loss=0.944, Train acc=0.337, Test loss=1.03, Test acc=0.363]
  7%|▋         | 14/200 [04:43<59:53, 19.32s/it, Train loss=0.907, Train acc=0.321, Test loss=0.96, Test acc=0.345]
  8%|▊         | 15/200 [04:43<59:57, 19.44s/it, Train loss=0.907, Train acc=0.321, Test loss=0.96, Test acc=0.345]
  8%|▊         | 15/200 [05:03<59:57, 19.44s/it, Train loss=0.869, Train acc=0.308, Test loss=0.895, Test acc=0.321]
  8%|▊         | 16/200 [05:03<59:33, 19.42s/it, Train loss=0.869, Train acc=0.308, Test loss=0.895, Test acc=0.321]
  8%|▊         | 16/200 [05:22<59:33, 19.42s/it, Train loss=0.84, Train acc=0.296, Test loss=1.02, Test acc=0.351]  
  8%|▊         | 17/200 [05:22<59:19, 19.45s/it, Train loss=0.84, Train acc=0.296, Test loss=1.02, Test acc=0.351]
  8%|▊         | 17/200 [05:42<59:19, 19.45s/it, Train loss=0.812, Train acc=0.286, Test loss=0.842, Test acc=0.294]
  9%|▉         | 18/200 [05:42<59:12, 19.52s/it, Train loss=0.812, Train acc=0.286, Test loss=0.842, Test acc=0.294]
  9%|▉         | 18/200 [06:02<59:12, 19.52s/it, Train loss=0.779, Train acc=0.273, Test loss=0.812, Test acc=0.283]
 10%|▉         | 19/200 [06:02<59:33, 19.74s/it, Train loss=0.779, Train acc=0.273, Test loss=0.812, Test acc=0.283]
 10%|▉         | 19/200 [06:22<59:33, 19.74s/it, Train loss=0.755, Train acc=0.264, Test loss=0.759, Test acc=0.264]
 10%|█         | 20/200 [06:22<59:01, 19.68s/it, Train loss=0.755, Train acc=0.264, Test loss=0.759, Test acc=0.264]
 10%|█         | 20/200 [06:41<59:01, 19.68s/it, Train loss=0.735, Train acc=0.257, Test loss=0.74, Test acc=0.258] 
 10%|█         | 21/200 [06:41<58:53, 19.74s/it, Train loss=0.735, Train acc=0.257, Test loss=0.74, Test acc=0.258]
 10%|█         | 21/200 [07:00<58:53, 19.74s/it, Train loss=0.709, Train acc=0.249, Test loss=0.784, Test acc=0.266]
 11%|█         | 22/200 [07:00<57:41, 19.44s/it, Train loss=0.709, Train acc=0.249, Test loss=0.784, Test acc=0.266]
 11%|█         | 22/200 [07:19<57:41, 19.44s/it, Train loss=0.693, Train acc=0.242, Test loss=0.743, Test acc=0.26] 
 12%|█▏        | 23/200 [07:19<56:45, 19.24s/it, Train loss=0.693, Train acc=0.242, Test loss=0.743, Test acc=0.26]
 12%|█▏        | 23/200 [07:38<56:45, 19.24s/it, Train loss=0.674, Train acc=0.234, Test loss=0.798, Test acc=0.278]
 12%|█▏        | 24/200 [07:38<56:32, 19.27s/it, Train loss=0.674, Train acc=0.234, Test loss=0.798, Test acc=0.278]
 12%|█▏        | 24/200 [07:58<56:32, 19.27s/it, Train loss=0.658, Train acc=0.229, Test loss=0.683, Test acc=0.243]
 12%|█▎        | 25/200 [07:58<56:14, 19.28s/it, Train loss=0.658, Train acc=0.229, Test loss=0.683, Test acc=0.243]
 12%|█▎        | 25/200 [08:18<56:14, 19.28s/it, Train loss=0.637, Train acc=0.223, Test loss=0.631, Test acc=0.219]
 13%|█▎        | 26/200 [08:18<56:33, 19.50s/it, Train loss=0.637, Train acc=0.223, Test loss=0.631, Test acc=0.219]
 13%|█▎        | 26/200 [08:36<56:33, 19.50s/it, Train loss=0.625, Train acc=0.219, Test loss=0.761, Test acc=0.256]
 14%|█▎        | 27/200 [08:36<55:40, 19.31s/it, Train loss=0.625, Train acc=0.219, Test loss=0.761, Test acc=0.256]
 14%|█▎        | 27/200 [08:55<55:40, 19.31s/it, Train loss=0.601, Train acc=0.21, Test loss=0.79, Test acc=0.265]  
 14%|█▍        | 28/200 [08:55<54:52, 19.14s/it, Train loss=0.601, Train acc=0.21, Test loss=0.79, Test acc=0.265]
 14%|█▍        | 28/200 [09:14<54:52, 19.14s/it, Train loss=0.598, Train acc=0.209, Test loss=0.666, Test acc=0.226]
 14%|█▍        | 29/200 [09:14<54:17, 19.05s/it, Train loss=0.598, Train acc=0.209, Test loss=0.666, Test acc=0.226]
 14%|█▍        | 29/200 [09:33<54:17, 19.05s/it, Train loss=0.569, Train acc=0.199, Test loss=0.61, Test acc=0.215] 
 15%|█▌        | 30/200 [09:33<53:50, 19.00s/it, Train loss=0.569, Train acc=0.199, Test loss=0.61, Test acc=0.215]
 15%|█▌        | 30/200 [09:52<53:50, 19.00s/it, Train loss=0.561, Train acc=0.196, Test loss=0.652, Test acc=0.219]
 16%|█▌        | 31/200 [09:52<53:23, 18.95s/it, Train loss=0.561, Train acc=0.196, Test loss=0.652, Test acc=0.219]
 16%|█▌        | 31/200 [10:12<53:23, 18.95s/it, Train loss=0.551, Train acc=0.193, Test loss=0.659, Test acc=0.222]
 16%|█▌        | 32/200 [10:12<54:02, 19.30s/it, Train loss=0.551, Train acc=0.193, Test loss=0.659, Test acc=0.222]
 16%|█▌        | 32/200 [10:32<54:02, 19.30s/it, Train loss=0.538, Train acc=0.188, Test loss=0.602, Test acc=0.202]
 16%|█▋        | 33/200 [10:32<53:57, 19.39s/it, Train loss=0.538, Train acc=0.188, Test loss=0.602, Test acc=0.202]
 16%|█▋        | 33/200 [10:51<53:57, 19.39s/it, Train loss=0.536, Train acc=0.189, Test loss=0.618, Test acc=0.222]
 17%|█▋        | 34/200 [10:51<53:29, 19.33s/it, Train loss=0.536, Train acc=0.189, Test loss=0.618, Test acc=0.222]
 17%|█▋        | 34/200 [11:10<53:29, 19.33s/it, Train loss=0.524, Train acc=0.184, Test loss=0.566, Test acc=0.197]
 18%|█▊        | 35/200 [11:10<52:54, 19.24s/it, Train loss=0.524, Train acc=0.184, Test loss=0.566, Test acc=0.197]
 18%|█▊        | 35/200 [11:29<52:54, 19.24s/it, Train loss=0.512, Train acc=0.178, Test loss=0.531, Test acc=0.182]
 18%|█▊        | 36/200 [11:29<52:25, 19.18s/it, Train loss=0.512, Train acc=0.178, Test loss=0.531, Test acc=0.182]
 18%|█▊        | 36/200 [11:48<52:25, 19.18s/it, Train loss=0.494, Train acc=0.172, Test loss=0.6, Test acc=0.206]  
 18%|█▊        | 37/200 [11:48<52:14, 19.23s/it, Train loss=0.494, Train acc=0.172, Test loss=0.6, Test acc=0.206]
 18%|█▊        | 37/200 [12:08<52:14, 19.23s/it, Train loss=0.488, Train acc=0.169, Test loss=0.575, Test acc=0.197]
 19%|█▉        | 38/200 [12:08<52:14, 19.35s/it, Train loss=0.488, Train acc=0.169, Test loss=0.575, Test acc=0.197]
 19%|█▉        | 38/200 [12:28<52:14, 19.35s/it, Train loss=0.483, Train acc=0.167, Test loss=0.543, Test acc=0.182]
 20%|█▉        | 39/200 [12:28<52:41, 19.64s/it, Train loss=0.483, Train acc=0.167, Test loss=0.543, Test acc=0.182]
 20%|█▉        | 39/200 [12:49<52:41, 19.64s/it, Train loss=0.469, Train acc=0.164, Test loss=0.528, Test acc=0.177]
 20%|██        | 40/200 [12:49<53:07, 19.92s/it, Train loss=0.469, Train acc=0.164, Test loss=0.528, Test acc=0.177]
 20%|██        | 40/200 [13:09<53:07, 19.92s/it, Train loss=0.457, Train acc=0.158, Test loss=0.547, Test acc=0.189]
 20%|██        | 41/200 [13:09<52:46, 19.91s/it, Train loss=0.457, Train acc=0.158, Test loss=0.547, Test acc=0.189]
 20%|██        | 41/200 [13:29<52:46, 19.91s/it, Train loss=0.45, Train acc=0.156, Test loss=0.522, Test acc=0.182] 
 21%|██        | 42/200 [13:29<52:38, 19.99s/it, Train loss=0.45, Train acc=0.156, Test loss=0.522, Test acc=0.182]
 21%|██        | 42/200 [13:48<52:38, 19.99s/it, Train loss=0.447, Train acc=0.154, Test loss=0.534, Test acc=0.18]
 22%|██▏       | 43/200 [13:48<51:44, 19.77s/it, Train loss=0.447, Train acc=0.154, Test loss=0.534, Test acc=0.18]
 22%|██▏       | 43/200 [14:08<51:44, 19.77s/it, Train loss=0.447, Train acc=0.155, Test loss=0.573, Test acc=0.191]
 22%|██▏       | 44/200 [14:08<51:42, 19.89s/it, Train loss=0.447, Train acc=0.155, Test loss=0.573, Test acc=0.191]
 22%|██▏       | 44/200 [14:28<51:42, 19.89s/it, Train loss=0.431, Train acc=0.151, Test loss=0.486, Test acc=0.162]
 22%|██▎       | 45/200 [14:28<51:08, 19.80s/it, Train loss=0.431, Train acc=0.151, Test loss=0.486, Test acc=0.162]
 22%|██▎       | 45/200 [14:48<51:08, 19.80s/it, Train loss=0.419, Train acc=0.147, Test loss=0.476, Test acc=0.16] 
 23%|██▎       | 46/200 [14:48<51:14, 19.96s/it, Train loss=0.419, Train acc=0.147, Test loss=0.476, Test acc=0.16]
 23%|██▎       | 46/200 [15:08<51:14, 19.96s/it, Train loss=0.415, Train acc=0.144, Test loss=0.471, Test acc=0.165]
 24%|██▎       | 47/200 [15:08<50:41, 19.88s/it, Train loss=0.415, Train acc=0.144, Test loss=0.471, Test acc=0.165]
 24%|██▎       | 47/200 [15:27<50:41, 19.88s/it, Train loss=0.412, Train acc=0.144, Test loss=0.454, Test acc=0.157]
 24%|██▍       | 48/200 [15:27<49:53, 19.69s/it, Train loss=0.412, Train acc=0.144, Test loss=0.454, Test acc=0.157]
 24%|██▍       | 48/200 [15:46<49:53, 19.69s/it, Train loss=0.401, Train acc=0.139, Test loss=0.515, Test acc=0.171]
 24%|██▍       | 49/200 [15:46<49:08, 19.52s/it, Train loss=0.401, Train acc=0.139, Test loss=0.515, Test acc=0.171]
 24%|██▍       | 49/200 [16:05<49:08, 19.52s/it, Train loss=0.398, Train acc=0.139, Test loss=0.482, Test acc=0.167]
 25%|██▌       | 50/200 [16:05<48:18, 19.32s/it, Train loss=0.398, Train acc=0.139, Test loss=0.482, Test acc=0.167]
 25%|██▌       | 50/200 [16:24<48:18, 19.32s/it, Train loss=0.399, Train acc=0.138, Test loss=0.475, Test acc=0.162]
 26%|██▌       | 51/200 [16:24<47:33, 19.15s/it, Train loss=0.399, Train acc=0.138, Test loss=0.475, Test acc=0.162]
 26%|██▌       | 51/200 [16:42<47:33, 19.15s/it, Train loss=0.381, Train acc=0.133, Test loss=0.452, Test acc=0.149]
 26%|██▌       | 52/200 [16:42<46:56, 19.03s/it, Train loss=0.381, Train acc=0.133, Test loss=0.452, Test acc=0.149]
 26%|██▌       | 52/200 [17:01<46:56, 19.03s/it, Train loss=0.381, Train acc=0.132, Test loss=0.599, Test acc=0.202]
 26%|██▋       | 53/200 [17:01<46:19, 18.91s/it, Train loss=0.381, Train acc=0.132, Test loss=0.599, Test acc=0.202]
 26%|██▋       | 53/200 [17:20<46:19, 18.91s/it, Train loss=0.379, Train acc=0.131, Test loss=0.5, Test acc=0.172]  
 27%|██▋       | 54/200 [17:20<45:49, 18.83s/it, Train loss=0.379, Train acc=0.131, Test loss=0.5, Test acc=0.172]
 27%|██▋       | 54/200 [17:38<45:49, 18.83s/it, Train loss=0.369, Train acc=0.128, Test loss=0.47, Test acc=0.159]
 28%|██▊       | 55/200 [17:38<45:18, 18.75s/it, Train loss=0.369, Train acc=0.128, Test loss=0.47, Test acc=0.159]
 28%|██▊       | 55/200 [17:57<45:18, 18.75s/it, Train loss=0.367, Train acc=0.128, Test loss=0.475, Test acc=0.159]
 28%|██▊       | 56/200 [17:57<44:52, 18.70s/it, Train loss=0.367, Train acc=0.128, Test loss=0.475, Test acc=0.159]
 28%|██▊       | 56/200 [18:16<44:52, 18.70s/it, Train loss=0.361, Train acc=0.126, Test loss=0.425, Test acc=0.146]
 28%|██▊       | 57/200 [18:16<44:31, 18.68s/it, Train loss=0.361, Train acc=0.126, Test loss=0.425, Test acc=0.146]
 28%|██▊       | 57/200 [18:34<44:31, 18.68s/it, Train loss=0.357, Train acc=0.125, Test loss=0.497, Test acc=0.167]
 29%|██▉       | 58/200 [18:34<44:20, 18.74s/it, Train loss=0.357, Train acc=0.125, Test loss=0.497, Test acc=0.167]
 29%|██▉       | 58/200 [18:54<44:20, 18.74s/it, Train loss=0.349, Train acc=0.123, Test loss=0.44, Test acc=0.149] 
 30%|██▉       | 59/200 [18:54<44:29, 18.93s/it, Train loss=0.349, Train acc=0.123, Test loss=0.44, Test acc=0.149]
 30%|██▉       | 59/200 [19:13<44:29, 18.93s/it, Train loss=0.343, Train acc=0.119, Test loss=0.429, Test acc=0.144]
 30%|███       | 60/200 [19:13<44:19, 19.00s/it, Train loss=0.343, Train acc=0.119, Test loss=0.429, Test acc=0.144]
 30%|███       | 60/200 [19:33<44:19, 19.00s/it, Train loss=0.334, Train acc=0.116, Test loss=0.409, Test acc=0.134]
 30%|███       | 61/200 [19:33<44:41, 19.29s/it, Train loss=0.334, Train acc=0.116, Test loss=0.409, Test acc=0.134]
 30%|███       | 61/200 [19:52<44:41, 19.29s/it, Train loss=0.336, Train acc=0.117, Test loss=0.49, Test acc=0.162] 
 31%|███       | 62/200 [19:52<44:17, 19.26s/it, Train loss=0.336, Train acc=0.117, Test loss=0.49, Test acc=0.162]
 31%|███       | 62/200 [20:11<44:17, 19.26s/it, Train loss=0.335, Train acc=0.116, Test loss=0.434, Test acc=0.144]
 32%|███▏      | 63/200 [20:11<43:38, 19.12s/it, Train loss=0.335, Train acc=0.116, Test loss=0.434, Test acc=0.144]
 32%|███▏      | 63/200 [20:30<43:38, 19.12s/it, Train loss=0.324, Train acc=0.113, Test loss=0.454, Test acc=0.154]
 32%|███▏      | 64/200 [20:30<43:19, 19.11s/it, Train loss=0.324, Train acc=0.113, Test loss=0.454, Test acc=0.154]
 32%|███▏      | 64/200 [20:50<43:19, 19.11s/it, Train loss=0.323, Train acc=0.112, Test loss=0.377, Test acc=0.126]
 32%|███▎      | 65/200 [20:50<43:23, 19.28s/it, Train loss=0.323, Train acc=0.112, Test loss=0.377, Test acc=0.126]
 32%|███▎      | 65/200 [21:10<43:23, 19.28s/it, Train loss=0.313, Train acc=0.109, Test loss=0.415, Test acc=0.137]
 33%|███▎      | 66/200 [21:10<43:31, 19.49s/it, Train loss=0.313, Train acc=0.109, Test loss=0.415, Test acc=0.137]
 33%|███▎      | 66/200 [21:29<43:31, 19.49s/it, Train loss=0.308, Train acc=0.106, Test loss=0.447, Test acc=0.147]
 34%|███▎      | 67/200 [21:29<42:55, 19.37s/it, Train loss=0.308, Train acc=0.106, Test loss=0.447, Test acc=0.147]
 34%|███▎      | 67/200 [21:48<42:55, 19.37s/it, Train loss=0.301, Train acc=0.105, Test loss=0.476, Test acc=0.154]
 34%|███▍      | 68/200 [21:48<42:49, 19.46s/it, Train loss=0.301, Train acc=0.105, Test loss=0.476, Test acc=0.154]
 34%|███▍      | 68/200 [22:08<42:49, 19.46s/it, Train loss=0.302, Train acc=0.106, Test loss=0.414, Test acc=0.138]
 34%|███▍      | 69/200 [22:08<42:36, 19.51s/it, Train loss=0.302, Train acc=0.106, Test loss=0.414, Test acc=0.138]
 34%|███▍      | 69/200 [22:27<42:36, 19.51s/it, Train loss=0.299, Train acc=0.104, Test loss=0.414, Test acc=0.137]
 35%|███▌      | 70/200 [22:27<41:53, 19.33s/it, Train loss=0.299, Train acc=0.104, Test loss=0.414, Test acc=0.137]
 35%|███▌      | 70/200 [22:46<41:53, 19.33s/it, Train loss=0.291, Train acc=0.102, Test loss=0.405, Test acc=0.133]
 36%|███▌      | 71/200 [22:46<41:28, 19.29s/it, Train loss=0.291, Train acc=0.102, Test loss=0.405, Test acc=0.133]
 36%|███▌      | 71/200 [23:05<41:28, 19.29s/it, Train loss=0.291, Train acc=0.102, Test loss=0.428, Test acc=0.14] 
 36%|███▌      | 72/200 [23:05<41:10, 19.30s/it, Train loss=0.291, Train acc=0.102, Test loss=0.428, Test acc=0.14]
 36%|███▌      | 72/200 [23:24<41:10, 19.30s/it, Train loss=0.285, Train acc=0.0993, Test loss=0.435, Test acc=0.137]
 36%|███▋      | 73/200 [23:24<40:40, 19.21s/it, Train loss=0.285, Train acc=0.0993, Test loss=0.435, Test acc=0.137]
 36%|███▋      | 73/200 [23:43<40:40, 19.21s/it, Train loss=0.281, Train acc=0.0986, Test loss=0.412, Test acc=0.133]
 37%|███▋      | 74/200 [23:43<40:00, 19.05s/it, Train loss=0.281, Train acc=0.0986, Test loss=0.412, Test acc=0.133]
 37%|███▋      | 74/200 [24:02<40:00, 19.05s/it, Train loss=0.279, Train acc=0.0975, Test loss=0.428, Test acc=0.141]
 38%|███▊      | 75/200 [24:02<39:23, 18.91s/it, Train loss=0.279, Train acc=0.0975, Test loss=0.428, Test acc=0.141]
 38%|███▊      | 75/200 [24:21<39:23, 18.91s/it, Train loss=0.271, Train acc=0.0948, Test loss=0.404, Test acc=0.127]
 38%|███▊      | 76/200 [24:21<39:32, 19.13s/it, Train loss=0.271, Train acc=0.0948, Test loss=0.404, Test acc=0.127]
 38%|███▊      | 76/200 [24:41<39:32, 19.13s/it, Train loss=0.268, Train acc=0.0934, Test loss=0.368, Test acc=0.124]
 38%|███▊      | 77/200 [24:41<39:19, 19.18s/it, Train loss=0.268, Train acc=0.0934, Test loss=0.368, Test acc=0.124]
 38%|███▊      | 77/200 [24:59<39:19, 19.18s/it, Train loss=0.26, Train acc=0.0908, Test loss=0.373, Test acc=0.122] 
 39%|███▉      | 78/200 [24:59<38:41, 19.03s/it, Train loss=0.26, Train acc=0.0908, Test loss=0.373, Test acc=0.122]
 39%|███▉      | 78/200 [25:18<38:41, 19.03s/it, Train loss=0.266, Train acc=0.0927, Test loss=0.405, Test acc=0.137]
 40%|███▉      | 79/200 [25:18<38:04, 18.88s/it, Train loss=0.266, Train acc=0.0927, Test loss=0.405, Test acc=0.137]
 40%|███▉      | 79/200 [25:36<38:04, 18.88s/it, Train loss=0.263, Train acc=0.0912, Test loss=0.384, Test acc=0.129]
 40%|████      | 80/200 [25:36<37:35, 18.80s/it, Train loss=0.263, Train acc=0.0912, Test loss=0.384, Test acc=0.129]
 40%|████      | 80/200 [25:55<37:35, 18.80s/it, Train loss=0.249, Train acc=0.0868, Test loss=0.364, Test acc=0.123]
 40%|████      | 81/200 [25:55<37:11, 18.75s/it, Train loss=0.249, Train acc=0.0868, Test loss=0.364, Test acc=0.123]
 40%|████      | 81/200 [26:14<37:11, 18.75s/it, Train loss=0.251, Train acc=0.0885, Test loss=0.367, Test acc=0.12] 
 41%|████      | 82/200 [26:14<37:08, 18.88s/it, Train loss=0.251, Train acc=0.0885, Test loss=0.367, Test acc=0.12]
 41%|████      | 82/200 [26:34<37:08, 18.88s/it, Train loss=0.246, Train acc=0.0867, Test loss=0.369, Test acc=0.118]
 42%|████▏     | 83/200 [26:34<37:31, 19.24s/it, Train loss=0.246, Train acc=0.0867, Test loss=0.369, Test acc=0.118]
 42%|████▏     | 83/200 [26:54<37:31, 19.24s/it, Train loss=0.245, Train acc=0.0868, Test loss=0.36, Test acc=0.115] 
 42%|████▏     | 84/200 [26:54<37:34, 19.43s/it, Train loss=0.245, Train acc=0.0868, Test loss=0.36, Test acc=0.115]
 42%|████▏     | 84/200 [27:14<37:34, 19.43s/it, Train loss=0.24, Train acc=0.0837, Test loss=0.359, Test acc=0.115]
 42%|████▎     | 85/200 [27:14<37:28, 19.55s/it, Train loss=0.24, Train acc=0.0837, Test loss=0.359, Test acc=0.115]
 42%|████▎     | 85/200 [27:34<37:28, 19.55s/it, Train loss=0.242, Train acc=0.0851, Test loss=0.363, Test acc=0.117]
 43%|████▎     | 86/200 [27:34<37:17, 19.62s/it, Train loss=0.242, Train acc=0.0851, Test loss=0.363, Test acc=0.117]
 43%|████▎     | 86/200 [27:53<37:17, 19.62s/it, Train loss=0.237, Train acc=0.084, Test loss=0.378, Test acc=0.123] 
 44%|████▎     | 87/200 [27:53<36:49, 19.55s/it, Train loss=0.237, Train acc=0.084, Test loss=0.378, Test acc=0.123]
 44%|████▎     | 87/200 [28:12<36:49, 19.55s/it, Train loss=0.237, Train acc=0.0834, Test loss=0.371, Test acc=0.118]
 44%|████▍     | 88/200 [28:12<36:17, 19.44s/it, Train loss=0.237, Train acc=0.0834, Test loss=0.371, Test acc=0.118]
 44%|████▍     | 88/200 [28:32<36:17, 19.44s/it, Train loss=0.232, Train acc=0.0812, Test loss=0.363, Test acc=0.119]
 44%|████▍     | 89/200 [28:32<35:46, 19.34s/it, Train loss=0.232, Train acc=0.0812, Test loss=0.363, Test acc=0.119]
 44%|████▍     | 89/200 [28:50<35:46, 19.34s/it, Train loss=0.231, Train acc=0.0803, Test loss=0.378, Test acc=0.124]
 45%|████▌     | 90/200 [28:50<35:11, 19.20s/it, Train loss=0.231, Train acc=0.0803, Test loss=0.378, Test acc=0.124]
 45%|████▌     | 90/200 [29:09<35:11, 19.20s/it, Train loss=0.223, Train acc=0.0793, Test loss=0.381, Test acc=0.119]
 46%|████▌     | 91/200 [29:09<34:47, 19.15s/it, Train loss=0.223, Train acc=0.0793, Test loss=0.381, Test acc=0.119]
 46%|████▌     | 91/200 [29:29<34:47, 19.15s/it, Train loss=0.214, Train acc=0.0754, Test loss=0.347, Test acc=0.115]
 46%|████▌     | 92/200 [29:29<34:27, 19.15s/it, Train loss=0.214, Train acc=0.0754, Test loss=0.347, Test acc=0.115]
 46%|████▌     | 92/200 [29:48<34:27, 19.15s/it, Train loss=0.209, Train acc=0.0735, Test loss=0.352, Test acc=0.119]
 46%|████▋     | 93/200 [29:48<34:09, 19.16s/it, Train loss=0.209, Train acc=0.0735, Test loss=0.352, Test acc=0.119]
 46%|████▋     | 93/200 [30:07<34:09, 19.16s/it, Train loss=0.212, Train acc=0.0754, Test loss=0.396, Test acc=0.12] 
 47%|████▋     | 94/200 [30:07<33:59, 19.24s/it, Train loss=0.212, Train acc=0.0754, Test loss=0.396, Test acc=0.12]
 47%|████▋     | 94/200 [30:26<33:59, 19.24s/it, Train loss=0.208, Train acc=0.0731, Test loss=0.365, Test acc=0.114]
 48%|████▊     | 95/200 [30:26<33:20, 19.05s/it, Train loss=0.208, Train acc=0.0731, Test loss=0.365, Test acc=0.114]
 48%|████▊     | 95/200 [30:44<33:20, 19.05s/it, Train loss=0.202, Train acc=0.0702, Test loss=0.376, Test acc=0.114]
 48%|████▊     | 96/200 [30:44<32:48, 18.93s/it, Train loss=0.202, Train acc=0.0702, Test loss=0.376, Test acc=0.114]
 48%|████▊     | 96/200 [31:03<32:48, 18.93s/it, Train loss=0.201, Train acc=0.07, Test loss=0.331, Test acc=0.106]  
 48%|████▊     | 97/200 [31:03<32:23, 18.86s/it, Train loss=0.201, Train acc=0.07, Test loss=0.331, Test acc=0.106]
 48%|████▊     | 97/200 [31:22<32:23, 18.86s/it, Train loss=0.191, Train acc=0.0662, Test loss=0.358, Test acc=0.113]
 49%|████▉     | 98/200 [31:22<31:56, 18.79s/it, Train loss=0.191, Train acc=0.0662, Test loss=0.358, Test acc=0.113]
 49%|████▉     | 98/200 [31:40<31:56, 18.79s/it, Train loss=0.198, Train acc=0.0694, Test loss=0.353, Test acc=0.116]
 50%|████▉     | 99/200 [31:40<31:32, 18.74s/it, Train loss=0.198, Train acc=0.0694, Test loss=0.353, Test acc=0.116]
 50%|████▉     | 99/200 [31:59<31:32, 18.74s/it, Train loss=0.19, Train acc=0.0671, Test loss=0.341, Test acc=0.108] 
 50%|█████     | 100/200 [31:59<31:10, 18.71s/it, Train loss=0.19, Train acc=0.0671, Test loss=0.341, Test acc=0.108]
 50%|█████     | 100/200 [32:19<31:10, 18.71s/it, Train loss=0.19, Train acc=0.0667, Test loss=0.357, Test acc=0.111]
 50%|█████     | 101/200 [32:19<31:43, 19.22s/it, Train loss=0.19, Train acc=0.0667, Test loss=0.357, Test acc=0.111]
 50%|█████     | 101/200 [32:40<31:43, 19.22s/it, Train loss=0.193, Train acc=0.0675, Test loss=0.336, Test acc=0.107]
 51%|█████     | 102/200 [32:40<31:54, 19.54s/it, Train loss=0.193, Train acc=0.0675, Test loss=0.336, Test acc=0.107]
 51%|█████     | 102/200 [32:59<31:54, 19.54s/it, Train loss=0.183, Train acc=0.0637, Test loss=0.356, Test acc=0.11] 
 52%|█████▏    | 103/200 [32:59<31:39, 19.59s/it, Train loss=0.183, Train acc=0.0637, Test loss=0.356, Test acc=0.11]
 52%|█████▏    | 103/200 [33:19<31:39, 19.59s/it, Train loss=0.183, Train acc=0.0638, Test loss=0.35, Test acc=0.107]
 52%|█████▏    | 104/200 [33:19<31:26, 19.65s/it, Train loss=0.183, Train acc=0.0638, Test loss=0.35, Test acc=0.107]
 52%|█████▏    | 104/200 [33:39<31:26, 19.65s/it, Train loss=0.177, Train acc=0.0628, Test loss=0.383, Test acc=0.117]
 52%|█████▎    | 105/200 [33:39<30:55, 19.54s/it, Train loss=0.177, Train acc=0.0628, Test loss=0.383, Test acc=0.117]
 52%|█████▎    | 105/200 [33:59<30:55, 19.54s/it, Train loss=0.174, Train acc=0.0622, Test loss=0.35, Test acc=0.108] 
 53%|█████▎    | 106/200 [33:59<30:52, 19.71s/it, Train loss=0.174, Train acc=0.0622, Test loss=0.35, Test acc=0.108]
 53%|█████▎    | 106/200 [34:18<30:52, 19.71s/it, Train loss=0.175, Train acc=0.0607, Test loss=0.343, Test acc=0.106]
 54%|█████▎    | 107/200 [34:18<30:35, 19.74s/it, Train loss=0.175, Train acc=0.0607, Test loss=0.343, Test acc=0.106]
 54%|█████▎    | 107/200 [34:39<30:35, 19.74s/it, Train loss=0.17, Train acc=0.0592, Test loss=0.353, Test acc=0.108] 
 54%|█████▍    | 108/200 [34:39<30:28, 19.87s/it, Train loss=0.17, Train acc=0.0592, Test loss=0.353, Test acc=0.108]
 54%|█████▍    | 108/200 [34:59<30:28, 19.87s/it, Train loss=0.167, Train acc=0.0581, Test loss=0.316, Test acc=0.0998]
 55%|█████▍    | 109/200 [34:59<30:15, 19.95s/it, Train loss=0.167, Train acc=0.0581, Test loss=0.316, Test acc=0.0998]
 55%|█████▍    | 109/200 [35:19<30:15, 19.95s/it, Train loss=0.164, Train acc=0.0568, Test loss=0.335, Test acc=0.107] 
 55%|█████▌    | 110/200 [35:19<29:52, 19.91s/it, Train loss=0.164, Train acc=0.0568, Test loss=0.335, Test acc=0.107]
 55%|█████▌    | 110/200 [35:39<29:52, 19.91s/it, Train loss=0.158, Train acc=0.0554, Test loss=0.324, Test acc=0.104]
 56%|█████▌    | 111/200 [35:39<29:48, 20.10s/it, Train loss=0.158, Train acc=0.0554, Test loss=0.324, Test acc=0.104]
 56%|█████▌    | 111/200 [35:58<29:48, 20.10s/it, Train loss=0.157, Train acc=0.055, Test loss=0.359, Test acc=0.104] 
 56%|█████▌    | 112/200 [35:58<29:04, 19.82s/it, Train loss=0.157, Train acc=0.055, Test loss=0.359, Test acc=0.104]
 56%|█████▌    | 112/200 [36:18<29:04, 19.82s/it, Train loss=0.157, Train acc=0.0552, Test loss=0.331, Test acc=0.105]
 56%|█████▋    | 113/200 [36:18<28:34, 19.71s/it, Train loss=0.157, Train acc=0.0552, Test loss=0.331, Test acc=0.105]
 56%|█████▋    | 113/200 [36:37<28:34, 19.71s/it, Train loss=0.153, Train acc=0.0537, Test loss=0.343, Test acc=0.103]
 57%|█████▋    | 114/200 [36:37<27:54, 19.47s/it, Train loss=0.153, Train acc=0.0537, Test loss=0.343, Test acc=0.103]
 57%|█████▋    | 114/200 [36:56<27:54, 19.47s/it, Train loss=0.15, Train acc=0.0529, Test loss=0.332, Test acc=0.1]   
 57%|█████▊    | 115/200 [36:56<27:22, 19.32s/it, Train loss=0.15, Train acc=0.0529, Test loss=0.332, Test acc=0.1]
 57%|█████▊    | 115/200 [37:14<27:22, 19.32s/it, Train loss=0.151, Train acc=0.0538, Test loss=0.337, Test acc=0.103]
 58%|█████▊    | 116/200 [37:14<26:51, 19.19s/it, Train loss=0.151, Train acc=0.0538, Test loss=0.337, Test acc=0.103]
 58%|█████▊    | 116/200 [37:35<26:51, 19.19s/it, Train loss=0.144, Train acc=0.0508, Test loss=0.326, Test acc=0.102]
 58%|█████▊    | 117/200 [37:35<27:02, 19.55s/it, Train loss=0.144, Train acc=0.0508, Test loss=0.326, Test acc=0.102]
 58%|█████▊    | 117/200 [37:55<27:02, 19.55s/it, Train loss=0.147, Train acc=0.0532, Test loss=0.334, Test acc=0.101]
 59%|█████▉    | 118/200 [37:55<26:51, 19.65s/it, Train loss=0.147, Train acc=0.0532, Test loss=0.334, Test acc=0.101]
 59%|█████▉    | 118/200 [38:14<26:51, 19.65s/it, Train loss=0.141, Train acc=0.0512, Test loss=0.353, Test acc=0.103]
 60%|█████▉    | 119/200 [38:14<26:33, 19.67s/it, Train loss=0.141, Train acc=0.0512, Test loss=0.353, Test acc=0.103]
 60%|█████▉    | 119/200 [38:33<26:33, 19.67s/it, Train loss=0.141, Train acc=0.0495, Test loss=0.336, Test acc=0.1]  
 60%|██████    | 120/200 [38:33<25:57, 19.46s/it, Train loss=0.141, Train acc=0.0495, Test loss=0.336, Test acc=0.1]
 60%|██████    | 120/200 [38:53<25:57, 19.46s/it, Train loss=0.14, Train acc=0.0483, Test loss=0.322, Test acc=0.0925]
 60%|██████    | 121/200 [38:53<25:40, 19.50s/it, Train loss=0.14, Train acc=0.0483, Test loss=0.322, Test acc=0.0925]
 60%|██████    | 121/200 [39:12<25:40, 19.50s/it, Train loss=0.133, Train acc=0.0469, Test loss=0.338, Test acc=0.0976]
 61%|██████    | 122/200 [39:12<25:06, 19.32s/it, Train loss=0.133, Train acc=0.0469, Test loss=0.338, Test acc=0.0976]
 61%|██████    | 122/200 [39:31<25:06, 19.32s/it, Train loss=0.134, Train acc=0.0472, Test loss=0.332, Test acc=0.0981]
 62%|██████▏   | 123/200 [39:31<24:36, 19.18s/it, Train loss=0.134, Train acc=0.0472, Test loss=0.332, Test acc=0.0981]
 62%|██████▏   | 123/200 [39:50<24:36, 19.18s/it, Train loss=0.13, Train acc=0.0463, Test loss=0.319, Test acc=0.095]  
 62%|██████▏   | 124/200 [39:50<24:20, 19.21s/it, Train loss=0.13, Train acc=0.0463, Test loss=0.319, Test acc=0.095]
 62%|██████▏   | 124/200 [40:09<24:20, 19.21s/it, Train loss=0.127, Train acc=0.0446, Test loss=0.323, Test acc=0.0941]
 62%|██████▎   | 125/200 [40:09<23:51, 19.08s/it, Train loss=0.127, Train acc=0.0446, Test loss=0.323, Test acc=0.0941]
 62%|██████▎   | 125/200 [40:28<23:51, 19.08s/it, Train loss=0.123, Train acc=0.0423, Test loss=0.341, Test acc=0.0983]
 63%|██████▎   | 126/200 [40:28<23:35, 19.13s/it, Train loss=0.123, Train acc=0.0423, Test loss=0.341, Test acc=0.0983]
 63%|██████▎   | 126/200 [40:47<23:35, 19.13s/it, Train loss=0.121, Train acc=0.0424, Test loss=0.324, Test acc=0.0941]
 64%|██████▎   | 127/200 [40:47<23:11, 19.07s/it, Train loss=0.121, Train acc=0.0424, Test loss=0.324, Test acc=0.0941]
 64%|██████▎   | 127/200 [41:07<23:11, 19.07s/it, Train loss=0.119, Train acc=0.0423, Test loss=0.325, Test acc=0.0937]
 64%|██████▍   | 128/200 [41:07<23:15, 19.38s/it, Train loss=0.119, Train acc=0.0423, Test loss=0.325, Test acc=0.0937]
 64%|██████▍   | 128/200 [41:26<23:15, 19.38s/it, Train loss=0.117, Train acc=0.0422, Test loss=0.322, Test acc=0.0964]
 64%|██████▍   | 129/200 [41:26<22:53, 19.34s/it, Train loss=0.117, Train acc=0.0422, Test loss=0.322, Test acc=0.0964]
 64%|██████▍   | 129/200 [41:46<22:53, 19.34s/it, Train loss=0.115, Train acc=0.0394, Test loss=0.334, Test acc=0.0963]
 65%|██████▌   | 130/200 [41:46<22:41, 19.45s/it, Train loss=0.115, Train acc=0.0394, Test loss=0.334, Test acc=0.0963]
 65%|██████▌   | 130/200 [42:05<22:41, 19.45s/it, Train loss=0.112, Train acc=0.0403, Test loss=0.339, Test acc=0.0954]
 66%|██████▌   | 131/200 [42:05<22:12, 19.31s/it, Train loss=0.112, Train acc=0.0403, Test loss=0.339, Test acc=0.0954]
 66%|██████▌   | 131/200 [42:25<22:12, 19.31s/it, Train loss=0.113, Train acc=0.0404, Test loss=0.355, Test acc=0.0926]
 66%|██████▌   | 132/200 [42:25<22:07, 19.53s/it, Train loss=0.113, Train acc=0.0404, Test loss=0.355, Test acc=0.0926]
 66%|██████▌   | 132/200 [42:44<22:07, 19.53s/it, Train loss=0.109, Train acc=0.0374, Test loss=0.327, Test acc=0.092] 
 66%|██████▋   | 133/200 [42:44<21:30, 19.26s/it, Train loss=0.109, Train acc=0.0374, Test loss=0.327, Test acc=0.092]
 66%|██████▋   | 133/200 [43:02<21:30, 19.26s/it, Train loss=0.108, Train acc=0.0377, Test loss=0.315, Test acc=0.0904]
 67%|██████▋   | 134/200 [43:02<20:59, 19.08s/it, Train loss=0.108, Train acc=0.0377, Test loss=0.315, Test acc=0.0904]
 67%|██████▋   | 134/200 [43:21<20:59, 19.08s/it, Train loss=0.105, Train acc=0.0375, Test loss=0.323, Test acc=0.0935]
 68%|██████▊   | 135/200 [43:21<20:28, 18.90s/it, Train loss=0.105, Train acc=0.0375, Test loss=0.323, Test acc=0.0935]
 68%|██████▊   | 135/200 [43:39<20:28, 18.90s/it, Train loss=0.0992, Train acc=0.035, Test loss=0.33, Test acc=0.0933] 
 68%|██████▊   | 136/200 [43:39<20:03, 18.80s/it, Train loss=0.0992, Train acc=0.035, Test loss=0.33, Test acc=0.0933]
 68%|██████▊   | 136/200 [43:58<20:03, 18.80s/it, Train loss=0.0967, Train acc=0.0336, Test loss=0.338, Test acc=0.0948]
 68%|██████▊   | 137/200 [43:58<19:40, 18.74s/it, Train loss=0.0967, Train acc=0.0336, Test loss=0.338, Test acc=0.0948]
 68%|██████▊   | 137/200 [44:17<19:40, 18.74s/it, Train loss=0.0978, Train acc=0.0348, Test loss=0.341, Test acc=0.0961]
 69%|██████▉   | 138/200 [44:17<19:20, 18.72s/it, Train loss=0.0978, Train acc=0.0348, Test loss=0.341, Test acc=0.0961]
 69%|██████▉   | 138/200 [44:35<19:20, 18.72s/it, Train loss=0.0948, Train acc=0.0343, Test loss=0.337, Test acc=0.091] 
 70%|██████▉   | 139/200 [44:35<18:59, 18.68s/it, Train loss=0.0948, Train acc=0.0343, Test loss=0.337, Test acc=0.091]
 70%|██████▉   | 139/200 [44:54<18:59, 18.68s/it, Train loss=0.0954, Train acc=0.0337, Test loss=0.363, Test acc=0.0947]
 70%|███████   | 140/200 [44:54<18:38, 18.65s/it, Train loss=0.0954, Train acc=0.0337, Test loss=0.363, Test acc=0.0947]
 70%|███████   | 140/200 [45:13<18:38, 18.65s/it, Train loss=0.0952, Train acc=0.0341, Test loss=0.331, Test acc=0.0906]
 70%|███████   | 141/200 [45:13<18:19, 18.64s/it, Train loss=0.0952, Train acc=0.0341, Test loss=0.331, Test acc=0.0906]
 70%|███████   | 141/200 [45:31<18:19, 18.64s/it, Train loss=0.0906, Train acc=0.0326, Test loss=0.337, Test acc=0.0899]
 71%|███████   | 142/200 [45:31<18:03, 18.68s/it, Train loss=0.0906, Train acc=0.0326, Test loss=0.337, Test acc=0.0899]
 71%|███████   | 142/200 [45:50<18:03, 18.68s/it, Train loss=0.0879, Train acc=0.0319, Test loss=0.335, Test acc=0.0885]
 72%|███████▏  | 143/200 [45:50<17:42, 18.64s/it, Train loss=0.0879, Train acc=0.0319, Test loss=0.335, Test acc=0.0885]
 72%|███████▏  | 143/200 [46:09<17:42, 18.64s/it, Train loss=0.0887, Train acc=0.0315, Test loss=0.33, Test acc=0.0916] 
 72%|███████▏  | 144/200 [46:09<17:24, 18.65s/it, Train loss=0.0887, Train acc=0.0315, Test loss=0.33, Test acc=0.0916]
 72%|███████▏  | 144/200 [46:27<17:24, 18.65s/it, Train loss=0.0846, Train acc=0.0293, Test loss=0.344, Test acc=0.0924]
 72%|███████▎  | 145/200 [46:27<17:08, 18.70s/it, Train loss=0.0846, Train acc=0.0293, Test loss=0.344, Test acc=0.0924]
 72%|███████▎  | 145/200 [46:46<17:08, 18.70s/it, Train loss=0.0878, Train acc=0.031, Test loss=0.333, Test acc=0.0888] 
 73%|███████▎  | 146/200 [46:46<16:54, 18.79s/it, Train loss=0.0878, Train acc=0.031, Test loss=0.333, Test acc=0.0888]
 73%|███████▎  | 146/200 [47:05<16:54, 18.79s/it, Train loss=0.0804, Train acc=0.0286, Test loss=0.338, Test acc=0.0916]
 74%|███████▎  | 147/200 [47:05<16:33, 18.75s/it, Train loss=0.0804, Train acc=0.0286, Test loss=0.338, Test acc=0.0916]
 74%|███████▎  | 147/200 [47:24<16:33, 18.75s/it, Train loss=0.0771, Train acc=0.0264, Test loss=0.33, Test acc=0.0873] 
 74%|███████▍  | 148/200 [47:24<16:16, 18.77s/it, Train loss=0.0771, Train acc=0.0264, Test loss=0.33, Test acc=0.0873]
 74%|███████▍  | 148/200 [47:43<16:16, 18.77s/it, Train loss=0.0786, Train acc=0.0274, Test loss=0.323, Test acc=0.0876]
 74%|███████▍  | 149/200 [47:43<16:07, 18.96s/it, Train loss=0.0786, Train acc=0.0274, Test loss=0.323, Test acc=0.0876]
 74%|███████▍  | 149/200 [48:02<16:07, 18.96s/it, Train loss=0.0774, Train acc=0.027, Test loss=0.328, Test acc=0.0903] 
 75%|███████▌  | 150/200 [48:02<15:50, 19.00s/it, Train loss=0.0774, Train acc=0.027, Test loss=0.328, Test acc=0.0903]
 75%|███████▌  | 150/200 [48:22<15:50, 19.00s/it, Train loss=0.0775, Train acc=0.0279, Test loss=0.334, Test acc=0.0892]
 76%|███████▌  | 151/200 [48:22<15:45, 19.29s/it, Train loss=0.0775, Train acc=0.0279, Test loss=0.334, Test acc=0.0892]
 76%|███████▌  | 151/200 [48:42<15:45, 19.29s/it, Train loss=0.0753, Train acc=0.0268, Test loss=0.331, Test acc=0.0892]
 76%|███████▌  | 152/200 [48:42<15:36, 19.52s/it, Train loss=0.0753, Train acc=0.0268, Test loss=0.331, Test acc=0.0892]
 76%|███████▌  | 152/200 [49:02<15:36, 19.52s/it, Train loss=0.0745, Train acc=0.0264, Test loss=0.335, Test acc=0.0882]
 76%|███████▋  | 153/200 [49:02<15:16, 19.50s/it, Train loss=0.0745, Train acc=0.0264, Test loss=0.335, Test acc=0.0882]
 76%|███████▋  | 153/200 [49:21<15:16, 19.50s/it, Train loss=0.0682, Train acc=0.0236, Test loss=0.334, Test acc=0.0884]
 77%|███████▋  | 154/200 [49:21<14:53, 19.42s/it, Train loss=0.0682, Train acc=0.0236, Test loss=0.334, Test acc=0.0884]
 77%|███████▋  | 154/200 [49:40<14:53, 19.42s/it, Train loss=0.0684, Train acc=0.0248, Test loss=0.33, Test acc=0.0861] 
 78%|███████▊  | 155/200 [49:40<14:32, 19.40s/it, Train loss=0.0684, Train acc=0.0248, Test loss=0.33, Test acc=0.0861]
 78%|███████▊  | 155/200 [50:00<14:32, 19.40s/it, Train loss=0.0673, Train acc=0.0235, Test loss=0.332, Test acc=0.0868]
 78%|███████▊  | 156/200 [50:00<14:18, 19.52s/it, Train loss=0.0673, Train acc=0.0235, Test loss=0.332, Test acc=0.0868]
 78%|███████▊  | 156/200 [50:20<14:18, 19.52s/it, Train loss=0.0676, Train acc=0.024, Test loss=0.329, Test acc=0.0868] 
 78%|███████▊  | 157/200 [50:20<14:07, 19.71s/it, Train loss=0.0676, Train acc=0.024, Test loss=0.329, Test acc=0.0868]
 78%|███████▊  | 157/200 [50:40<14:07, 19.71s/it, Train loss=0.0658, Train acc=0.0235, Test loss=0.337, Test acc=0.087]
 79%|███████▉  | 158/200 [50:40<13:41, 19.56s/it, Train loss=0.0658, Train acc=0.0235, Test loss=0.337, Test acc=0.087]
 79%|███████▉  | 158/200 [51:01<13:41, 19.56s/it, Train loss=0.0642, Train acc=0.0234, Test loss=0.34, Test acc=0.0889]
 80%|███████▉  | 159/200 [51:01<13:43, 20.09s/it, Train loss=0.0642, Train acc=0.0234, Test loss=0.34, Test acc=0.0889]
 80%|███████▉  | 159/200 [51:21<13:43, 20.09s/it, Train loss=0.0622, Train acc=0.0224, Test loss=0.332, Test acc=0.0859]
 80%|████████  | 160/200 [51:21<13:19, 19.98s/it, Train loss=0.0622, Train acc=0.0224, Test loss=0.332, Test acc=0.0859]
