Files already downloaded and verified
Files already downloaded and verified
load resnet18...

  0%|          | 0/200 [00:00<?, ?it/s]
  0%|          | 0/200 [00:21<?, ?it/s, Train loss=2.22, Train acc=0.79, Test loss=1.9, Test acc=0.73]
  0%|          | 1/200 [00:21<1:11:39, 21.60s/it, Train loss=2.22, Train acc=0.79, Test loss=1.9, Test acc=0.73]
  0%|          | 1/200 [00:41<1:11:39, 21.60s/it, Train loss=1.86, Train acc=0.709, Test loss=1.82, Test acc=0.702]
  1%|          | 2/200 [00:41<1:08:08, 20.65s/it, Train loss=1.86, Train acc=0.709, Test loss=1.82, Test acc=0.702]
  1%|          | 2/200 [01:02<1:08:08, 20.65s/it, Train loss=1.74, Train acc=0.655, Test loss=1.82, Test acc=0.682]
  2%|▏         | 3/200 [01:02<1:08:43, 20.93s/it, Train loss=1.74, Train acc=0.655, Test loss=1.82, Test acc=0.682]
  2%|▏         | 3/200 [01:21<1:08:43, 20.93s/it, Train loss=1.66, Train acc=0.615, Test loss=1.58, Test acc=0.608]
  2%|▏         | 4/200 [01:21<1:05:17, 19.99s/it, Train loss=1.66, Train acc=0.615, Test loss=1.58, Test acc=0.608]
  2%|▏         | 4/200 [01:39<1:05:17, 19.99s/it, Train loss=1.57, Train acc=0.579, Test loss=1.49, Test acc=0.554]
  2%|▎         | 5/200 [01:39<1:03:18, 19.48s/it, Train loss=1.57, Train acc=0.579, Test loss=1.49, Test acc=0.554]
  2%|▎         | 5/200 [01:59<1:03:18, 19.48s/it, Train loss=1.5, Train acc=0.545, Test loss=1.49, Test acc=0.552] 
  3%|▎         | 6/200 [01:59<1:02:37, 19.37s/it, Train loss=1.5, Train acc=0.545, Test loss=1.49, Test acc=0.552]
  3%|▎         | 6/200 [02:19<1:02:37, 19.37s/it, Train loss=1.42, Train acc=0.515, Test loss=1.5, Test acc=0.542]
  4%|▎         | 7/200 [02:19<1:03:21, 19.70s/it, Train loss=1.42, Train acc=0.515, Test loss=1.5, Test acc=0.542]
  4%|▎         | 7/200 [02:41<1:03:21, 19.70s/it, Train loss=1.36, Train acc=0.489, Test loss=1.35, Test acc=0.476]
  4%|▍         | 8/200 [02:41<1:05:00, 20.31s/it, Train loss=1.36, Train acc=0.489, Test loss=1.35, Test acc=0.476]
  4%|▍         | 8/200 [03:02<1:05:00, 20.31s/it, Train loss=1.3, Train acc=0.466, Test loss=1.28, Test acc=0.46]  
  4%|▍         | 9/200 [03:02<1:05:56, 20.71s/it, Train loss=1.3, Train acc=0.466, Test loss=1.28, Test acc=0.46]
  4%|▍         | 9/200 [03:24<1:05:56, 20.71s/it, Train loss=1.24, Train acc=0.436, Test loss=1.22, Test acc=0.453]
  5%|▌         | 10/200 [03:24<1:06:22, 20.96s/it, Train loss=1.24, Train acc=0.436, Test loss=1.22, Test acc=0.453]
  5%|▌         | 10/200 [03:44<1:06:22, 20.96s/it, Train loss=1.17, Train acc=0.416, Test loss=1.3, Test acc=0.484] 
  6%|▌         | 11/200 [03:44<1:05:36, 20.83s/it, Train loss=1.17, Train acc=0.416, Test loss=1.3, Test acc=0.484]
  6%|▌         | 11/200 [04:06<1:05:36, 20.83s/it, Train loss=1.12, Train acc=0.394, Test loss=1.13, Test acc=0.403]
  6%|▌         | 12/200 [04:06<1:06:16, 21.15s/it, Train loss=1.12, Train acc=0.394, Test loss=1.13, Test acc=0.403]
  6%|▌         | 12/200 [04:25<1:06:16, 21.15s/it, Train loss=1.06, Train acc=0.369, Test loss=1.12, Test acc=0.406]
  6%|▋         | 13/200 [04:25<1:04:06, 20.57s/it, Train loss=1.06, Train acc=0.369, Test loss=1.12, Test acc=0.406]
  6%|▋         | 13/200 [04:44<1:04:06, 20.57s/it, Train loss=1.01, Train acc=0.35, Test loss=0.984, Test acc=0.353]
  7%|▋         | 14/200 [04:44<1:01:52, 19.96s/it, Train loss=1.01, Train acc=0.35, Test loss=0.984, Test acc=0.353]
  7%|▋         | 14/200 [05:02<1:01:52, 19.96s/it, Train loss=0.957, Train acc=0.332, Test loss=1.06, Test acc=0.381]
  8%|▊         | 15/200 [05:02<1:00:13, 19.53s/it, Train loss=0.957, Train acc=0.332, Test loss=1.06, Test acc=0.381]
  8%|▊         | 15/200 [05:21<1:00:13, 19.53s/it, Train loss=0.913, Train acc=0.317, Test loss=0.875, Test acc=0.312]
  8%|▊         | 16/200 [05:21<58:59, 19.24s/it, Train loss=0.913, Train acc=0.317, Test loss=0.875, Test acc=0.312]  
  8%|▊         | 16/200 [05:40<58:59, 19.24s/it, Train loss=0.867, Train acc=0.301, Test loss=0.875, Test acc=0.308]
  8%|▊         | 17/200 [05:40<58:01, 19.03s/it, Train loss=0.867, Train acc=0.301, Test loss=0.875, Test acc=0.308]
  8%|▊         | 17/200 [05:58<58:01, 19.03s/it, Train loss=0.824, Train acc=0.284, Test loss=0.804, Test acc=0.289]
  9%|▉         | 18/200 [05:58<57:15, 18.88s/it, Train loss=0.824, Train acc=0.284, Test loss=0.804, Test acc=0.289]
  9%|▉         | 18/200 [06:17<57:15, 18.88s/it, Train loss=0.793, Train acc=0.275, Test loss=0.813, Test acc=0.29] 
 10%|▉         | 19/200 [06:17<56:39, 18.78s/it, Train loss=0.793, Train acc=0.275, Test loss=0.813, Test acc=0.29]
 10%|▉         | 19/200 [06:35<56:39, 18.78s/it, Train loss=0.755, Train acc=0.259, Test loss=0.784, Test acc=0.282]
 10%|█         | 20/200 [06:35<56:15, 18.75s/it, Train loss=0.755, Train acc=0.259, Test loss=0.784, Test acc=0.282]
 10%|█         | 20/200 [06:54<56:15, 18.75s/it, Train loss=0.718, Train acc=0.245, Test loss=0.729, Test acc=0.259]
 10%|█         | 21/200 [06:54<55:41, 18.67s/it, Train loss=0.718, Train acc=0.245, Test loss=0.729, Test acc=0.259]
 10%|█         | 21/200 [07:12<55:41, 18.67s/it, Train loss=0.689, Train acc=0.239, Test loss=0.742, Test acc=0.264]
 11%|█         | 22/200 [07:12<55:18, 18.64s/it, Train loss=0.689, Train acc=0.239, Test loss=0.742, Test acc=0.264]
 11%|█         | 22/200 [07:31<55:18, 18.64s/it, Train loss=0.661, Train acc=0.228, Test loss=0.683, Test acc=0.236]
 12%|█▏        | 23/200 [07:31<54:58, 18.64s/it, Train loss=0.661, Train acc=0.228, Test loss=0.683, Test acc=0.236]
 12%|█▏        | 23/200 [07:50<54:58, 18.64s/it, Train loss=0.635, Train acc=0.218, Test loss=0.666, Test acc=0.233]
 12%|█▏        | 24/200 [07:50<54:36, 18.62s/it, Train loss=0.635, Train acc=0.218, Test loss=0.666, Test acc=0.233]
 12%|█▏        | 24/200 [08:09<54:36, 18.62s/it, Train loss=0.614, Train acc=0.212, Test loss=0.681, Test acc=0.24] 
 12%|█▎        | 25/200 [08:09<54:59, 18.86s/it, Train loss=0.614, Train acc=0.212, Test loss=0.681, Test acc=0.24]
 12%|█▎        | 25/200 [08:28<54:59, 18.86s/it, Train loss=0.579, Train acc=0.199, Test loss=0.629, Test acc=0.224]
 13%|█▎        | 26/200 [08:28<54:33, 18.81s/it, Train loss=0.579, Train acc=0.199, Test loss=0.629, Test acc=0.224]
 13%|█▎        | 26/200 [08:46<54:33, 18.81s/it, Train loss=0.556, Train acc=0.192, Test loss=0.621, Test acc=0.216]
 14%|█▎        | 27/200 [08:46<54:05, 18.76s/it, Train loss=0.556, Train acc=0.192, Test loss=0.621, Test acc=0.216]
 14%|█▎        | 27/200 [09:05<54:05, 18.76s/it, Train loss=0.536, Train acc=0.184, Test loss=0.709, Test acc=0.248]
 14%|█▍        | 28/200 [09:05<53:35, 18.70s/it, Train loss=0.536, Train acc=0.184, Test loss=0.709, Test acc=0.248]
 14%|█▍        | 28/200 [09:24<53:35, 18.70s/it, Train loss=0.519, Train acc=0.179, Test loss=0.557, Test acc=0.189]
 14%|█▍        | 29/200 [09:24<53:12, 18.67s/it, Train loss=0.519, Train acc=0.179, Test loss=0.557, Test acc=0.189]
 14%|█▍        | 29/200 [09:42<53:12, 18.67s/it, Train loss=0.498, Train acc=0.172, Test loss=0.579, Test acc=0.201]
 15%|█▌        | 30/200 [09:42<52:55, 18.68s/it, Train loss=0.498, Train acc=0.172, Test loss=0.579, Test acc=0.201]
 15%|█▌        | 30/200 [10:01<52:55, 18.68s/it, Train loss=0.486, Train acc=0.167, Test loss=0.565, Test acc=0.198]
 16%|█▌        | 31/200 [10:01<52:32, 18.66s/it, Train loss=0.486, Train acc=0.167, Test loss=0.565, Test acc=0.198]
 16%|█▌        | 31/200 [10:20<52:32, 18.66s/it, Train loss=0.466, Train acc=0.161, Test loss=0.519, Test acc=0.182]
 16%|█▌        | 32/200 [10:20<52:52, 18.89s/it, Train loss=0.466, Train acc=0.161, Test loss=0.519, Test acc=0.182]
 16%|█▌        | 32/200 [10:40<52:52, 18.89s/it, Train loss=0.451, Train acc=0.156, Test loss=0.54, Test acc=0.184] 
 16%|█▋        | 33/200 [10:40<52:59, 19.04s/it, Train loss=0.451, Train acc=0.156, Test loss=0.54, Test acc=0.184]
 16%|█▋        | 33/200 [10:59<52:59, 19.04s/it, Train loss=0.445, Train acc=0.155, Test loss=0.554, Test acc=0.196]
 17%|█▋        | 34/200 [10:59<53:01, 19.17s/it, Train loss=0.445, Train acc=0.155, Test loss=0.554, Test acc=0.196]
 17%|█▋        | 34/200 [11:18<53:01, 19.17s/it, Train loss=0.427, Train acc=0.148, Test loss=0.486, Test acc=0.174]
 18%|█▊        | 35/200 [11:18<52:47, 19.20s/it, Train loss=0.427, Train acc=0.148, Test loss=0.486, Test acc=0.174]
 18%|█▊        | 35/200 [11:38<52:47, 19.20s/it, Train loss=0.416, Train acc=0.143, Test loss=0.514, Test acc=0.181]
 18%|█▊        | 36/200 [11:38<52:49, 19.33s/it, Train loss=0.416, Train acc=0.143, Test loss=0.514, Test acc=0.181]
 18%|█▊        | 36/200 [11:57<52:49, 19.33s/it, Train loss=0.403, Train acc=0.14, Test loss=0.508, Test acc=0.178] 
 18%|█▊        | 37/200 [11:57<52:38, 19.38s/it, Train loss=0.403, Train acc=0.14, Test loss=0.508, Test acc=0.178]
 18%|█▊        | 37/200 [12:17<52:38, 19.38s/it, Train loss=0.39, Train acc=0.134, Test loss=0.527, Test acc=0.178]
 19%|█▉        | 38/200 [12:17<52:21, 19.39s/it, Train loss=0.39, Train acc=0.134, Test loss=0.527, Test acc=0.178]
 19%|█▉        | 38/200 [12:37<52:21, 19.39s/it, Train loss=0.38, Train acc=0.131, Test loss=0.468, Test acc=0.159]
 20%|█▉        | 39/200 [12:37<52:42, 19.64s/it, Train loss=0.38, Train acc=0.131, Test loss=0.468, Test acc=0.159]
 20%|█▉        | 39/200 [12:57<52:42, 19.64s/it, Train loss=0.368, Train acc=0.128, Test loss=0.45, Test acc=0.155]
 20%|██        | 40/200 [12:57<52:16, 19.60s/it, Train loss=0.368, Train acc=0.128, Test loss=0.45, Test acc=0.155]
 20%|██        | 40/200 [13:16<52:16, 19.60s/it, Train loss=0.357, Train acc=0.123, Test loss=0.454, Test acc=0.158]
 20%|██        | 41/200 [13:16<51:59, 19.62s/it, Train loss=0.357, Train acc=0.123, Test loss=0.454, Test acc=0.158]
 20%|██        | 41/200 [13:37<51:59, 19.62s/it, Train loss=0.348, Train acc=0.12, Test loss=0.458, Test acc=0.158] 
 21%|██        | 42/200 [13:37<52:07, 19.79s/it, Train loss=0.348, Train acc=0.12, Test loss=0.458, Test acc=0.158]
 21%|██        | 42/200 [13:57<52:07, 19.79s/it, Train loss=0.342, Train acc=0.118, Test loss=0.509, Test acc=0.168]
 22%|██▏       | 43/200 [13:57<52:01, 19.88s/it, Train loss=0.342, Train acc=0.118, Test loss=0.509, Test acc=0.168]
 22%|██▏       | 43/200 [14:17<52:01, 19.88s/it, Train loss=0.329, Train acc=0.114, Test loss=0.453, Test acc=0.16] 
 22%|██▏       | 44/200 [14:17<51:51, 19.94s/it, Train loss=0.329, Train acc=0.114, Test loss=0.453, Test acc=0.16]
 22%|██▏       | 44/200 [14:37<51:51, 19.94s/it, Train loss=0.319, Train acc=0.11, Test loss=0.429, Test acc=0.142]
 22%|██▎       | 45/200 [14:37<51:39, 20.00s/it, Train loss=0.319, Train acc=0.11, Test loss=0.429, Test acc=0.142]
 22%|██▎       | 45/200 [14:57<51:39, 20.00s/it, Train loss=0.309, Train acc=0.108, Test loss=0.436, Test acc=0.148]
 23%|██▎       | 46/200 [14:57<51:34, 20.09s/it, Train loss=0.309, Train acc=0.108, Test loss=0.436, Test acc=0.148]
 23%|██▎       | 46/200 [15:17<51:34, 20.09s/it, Train loss=0.301, Train acc=0.105, Test loss=0.435, Test acc=0.148]
 24%|██▎       | 47/200 [15:17<51:01, 20.01s/it, Train loss=0.301, Train acc=0.105, Test loss=0.435, Test acc=0.148]
 24%|██▎       | 47/200 [15:37<51:01, 20.01s/it, Train loss=0.293, Train acc=0.103, Test loss=0.425, Test acc=0.145]
 24%|██▍       | 48/200 [15:37<50:49, 20.06s/it, Train loss=0.293, Train acc=0.103, Test loss=0.425, Test acc=0.145]
 24%|██▍       | 48/200 [15:58<50:49, 20.06s/it, Train loss=0.291, Train acc=0.101, Test loss=0.401, Test acc=0.138]
 24%|██▍       | 49/200 [15:58<50:56, 20.24s/it, Train loss=0.291, Train acc=0.101, Test loss=0.401, Test acc=0.138]
 24%|██▍       | 49/200 [16:17<50:56, 20.24s/it, Train loss=0.277, Train acc=0.097, Test loss=0.395, Test acc=0.134]
 25%|██▌       | 50/200 [16:17<50:01, 20.01s/it, Train loss=0.277, Train acc=0.097, Test loss=0.395, Test acc=0.134]
 25%|██▌       | 50/200 [16:37<50:01, 20.01s/it, Train loss=0.273, Train acc=0.096, Test loss=0.431, Test acc=0.147]
 26%|██▌       | 51/200 [16:37<49:28, 19.92s/it, Train loss=0.273, Train acc=0.096, Test loss=0.431, Test acc=0.147]
 26%|██▌       | 51/200 [16:57<49:28, 19.92s/it, Train loss=0.269, Train acc=0.0956, Test loss=0.407, Test acc=0.139]
 26%|██▌       | 52/200 [16:57<49:25, 20.04s/it, Train loss=0.269, Train acc=0.0956, Test loss=0.407, Test acc=0.139]
 26%|██▌       | 52/200 [17:18<49:25, 20.04s/it, Train loss=0.259, Train acc=0.0896, Test loss=0.499, Test acc=0.162]
 26%|██▋       | 53/200 [17:18<49:44, 20.31s/it, Train loss=0.259, Train acc=0.0896, Test loss=0.499, Test acc=0.162]
 26%|██▋       | 53/200 [17:38<49:44, 20.31s/it, Train loss=0.256, Train acc=0.0891, Test loss=0.409, Test acc=0.137]
 27%|██▋       | 54/200 [17:38<49:22, 20.29s/it, Train loss=0.256, Train acc=0.0891, Test loss=0.409, Test acc=0.137]
 27%|██▋       | 54/200 [17:58<49:22, 20.29s/it, Train loss=0.246, Train acc=0.0863, Test loss=0.386, Test acc=0.128]
 28%|██▊       | 55/200 [17:58<48:33, 20.10s/it, Train loss=0.246, Train acc=0.0863, Test loss=0.386, Test acc=0.128]
 28%|██▊       | 55/200 [18:19<48:33, 20.10s/it, Train loss=0.238, Train acc=0.0831, Test loss=0.381, Test acc=0.129]
 28%|██▊       | 56/200 [18:19<48:34, 20.24s/it, Train loss=0.238, Train acc=0.0831, Test loss=0.381, Test acc=0.129]
 28%|██▊       | 56/200 [18:39<48:34, 20.24s/it, Train loss=0.233, Train acc=0.0825, Test loss=0.343, Test acc=0.116]
 28%|██▊       | 57/200 [18:39<48:25, 20.32s/it, Train loss=0.233, Train acc=0.0825, Test loss=0.343, Test acc=0.116]
 28%|██▊       | 57/200 [18:59<48:25, 20.32s/it, Train loss=0.23, Train acc=0.0804, Test loss=0.383, Test acc=0.13]  
 29%|██▉       | 58/200 [18:59<47:45, 20.18s/it, Train loss=0.23, Train acc=0.0804, Test loss=0.383, Test acc=0.13]
 29%|██▉       | 58/200 [19:19<47:45, 20.18s/it, Train loss=0.226, Train acc=0.082, Test loss=0.369, Test acc=0.121]
 30%|██▉       | 59/200 [19:19<47:14, 20.11s/it, Train loss=0.226, Train acc=0.082, Test loss=0.369, Test acc=0.121]
 30%|██▉       | 59/200 [19:39<47:14, 20.11s/it, Train loss=0.217, Train acc=0.0775, Test loss=0.368, Test acc=0.121]
 30%|███       | 60/200 [19:39<46:43, 20.03s/it, Train loss=0.217, Train acc=0.0775, Test loss=0.368, Test acc=0.121]
 30%|███       | 60/200 [19:59<46:43, 20.03s/it, Train loss=0.213, Train acc=0.0751, Test loss=0.355, Test acc=0.114]
 30%|███       | 61/200 [19:59<46:24, 20.03s/it, Train loss=0.213, Train acc=0.0751, Test loss=0.355, Test acc=0.114]
 30%|███       | 61/200 [20:19<46:24, 20.03s/it, Train loss=0.209, Train acc=0.0741, Test loss=0.407, Test acc=0.131]
 31%|███       | 62/200 [20:19<46:12, 20.09s/it, Train loss=0.209, Train acc=0.0741, Test loss=0.407, Test acc=0.131]
 31%|███       | 62/200 [20:39<46:12, 20.09s/it, Train loss=0.204, Train acc=0.0705, Test loss=0.379, Test acc=0.125]
 32%|███▏      | 63/200 [20:39<45:43, 20.02s/it, Train loss=0.204, Train acc=0.0705, Test loss=0.379, Test acc=0.125]
 32%|███▏      | 63/200 [20:59<45:43, 20.02s/it, Train loss=0.199, Train acc=0.0701, Test loss=0.373, Test acc=0.122]
 32%|███▏      | 64/200 [20:59<45:05, 19.90s/it, Train loss=0.199, Train acc=0.0701, Test loss=0.373, Test acc=0.122]
 32%|███▏      | 64/200 [21:19<45:05, 19.90s/it, Train loss=0.192, Train acc=0.0676, Test loss=0.365, Test acc=0.119]
 32%|███▎      | 65/200 [21:19<44:56, 19.97s/it, Train loss=0.192, Train acc=0.0676, Test loss=0.365, Test acc=0.119]
 32%|███▎      | 65/200 [21:39<44:56, 19.97s/it, Train loss=0.184, Train acc=0.065, Test loss=0.354, Test acc=0.114] 
 33%|███▎      | 66/200 [21:39<44:54, 20.11s/it, Train loss=0.184, Train acc=0.065, Test loss=0.354, Test acc=0.114]
 33%|███▎      | 66/200 [21:58<44:54, 20.11s/it, Train loss=0.181, Train acc=0.0633, Test loss=0.355, Test acc=0.113]
 34%|███▎      | 67/200 [21:58<43:54, 19.81s/it, Train loss=0.181, Train acc=0.0633, Test loss=0.355, Test acc=0.113]
 34%|███▎      | 67/200 [22:18<43:54, 19.81s/it, Train loss=0.178, Train acc=0.0643, Test loss=0.362, Test acc=0.116]
 34%|███▍      | 68/200 [22:18<43:17, 19.68s/it, Train loss=0.178, Train acc=0.0643, Test loss=0.362, Test acc=0.116]
 34%|███▍      | 68/200 [22:36<43:17, 19.68s/it, Train loss=0.175, Train acc=0.0622, Test loss=0.367, Test acc=0.12] 
 34%|███▍      | 69/200 [22:36<42:26, 19.44s/it, Train loss=0.175, Train acc=0.0622, Test loss=0.367, Test acc=0.12]
 34%|███▍      | 69/200 [22:55<42:26, 19.44s/it, Train loss=0.169, Train acc=0.0602, Test loss=0.364, Test acc=0.115]
 35%|███▌      | 70/200 [22:55<41:48, 19.29s/it, Train loss=0.169, Train acc=0.0602, Test loss=0.364, Test acc=0.115]
 35%|███▌      | 70/200 [23:14<41:48, 19.29s/it, Train loss=0.162, Train acc=0.0571, Test loss=0.373, Test acc=0.114]
 36%|███▌      | 71/200 [23:14<41:09, 19.14s/it, Train loss=0.162, Train acc=0.0571, Test loss=0.373, Test acc=0.114]
 36%|███▌      | 71/200 [23:33<41:09, 19.14s/it, Train loss=0.163, Train acc=0.0579, Test loss=0.36, Test acc=0.116] 
 36%|███▌      | 72/200 [23:33<40:35, 19.03s/it, Train loss=0.163, Train acc=0.0579, Test loss=0.36, Test acc=0.116]
 36%|███▌      | 72/200 [23:52<40:35, 19.03s/it, Train loss=0.154, Train acc=0.0556, Test loss=0.378, Test acc=0.109]
 36%|███▋      | 73/200 [23:52<40:01, 18.91s/it, Train loss=0.154, Train acc=0.0556, Test loss=0.378, Test acc=0.109]
 36%|███▋      | 73/200 [24:10<40:01, 18.91s/it, Train loss=0.152, Train acc=0.0545, Test loss=0.392, Test acc=0.117]
 37%|███▋      | 74/200 [24:10<39:34, 18.84s/it, Train loss=0.152, Train acc=0.0545, Test loss=0.392, Test acc=0.117]
 37%|███▋      | 74/200 [24:29<39:34, 18.84s/it, Train loss=0.143, Train acc=0.0506, Test loss=0.376, Test acc=0.112]
 38%|███▊      | 75/200 [24:29<39:10, 18.80s/it, Train loss=0.143, Train acc=0.0506, Test loss=0.376, Test acc=0.112]
 38%|███▊      | 75/200 [24:48<39:10, 18.80s/it, Train loss=0.143, Train acc=0.0518, Test loss=0.357, Test acc=0.109]
 38%|███▊      | 76/200 [24:48<38:49, 18.79s/it, Train loss=0.143, Train acc=0.0518, Test loss=0.357, Test acc=0.109]
 38%|███▊      | 76/200 [25:09<38:49, 18.79s/it, Train loss=0.142, Train acc=0.05, Test loss=0.351, Test acc=0.109]  
 38%|███▊      | 77/200 [25:09<40:16, 19.65s/it, Train loss=0.142, Train acc=0.05, Test loss=0.351, Test acc=0.109]
 38%|███▊      | 77/200 [25:28<40:16, 19.65s/it, Train loss=0.139, Train acc=0.0489, Test loss=0.37, Test acc=0.111]
 39%|███▉      | 78/200 [25:28<39:27, 19.41s/it, Train loss=0.139, Train acc=0.0489, Test loss=0.37, Test acc=0.111]
 39%|███▉      | 78/200 [25:47<39:27, 19.41s/it, Train loss=0.138, Train acc=0.0479, Test loss=0.352, Test acc=0.105]
 40%|███▉      | 79/200 [25:47<38:52, 19.28s/it, Train loss=0.138, Train acc=0.0479, Test loss=0.352, Test acc=0.105]
 40%|███▉      | 79/200 [26:07<38:52, 19.28s/it, Train loss=0.131, Train acc=0.0472, Test loss=0.382, Test acc=0.118]
 40%|████      | 80/200 [26:07<38:38, 19.32s/it, Train loss=0.131, Train acc=0.0472, Test loss=0.382, Test acc=0.118]
 40%|████      | 80/200 [26:26<38:38, 19.32s/it, Train loss=0.129, Train acc=0.0465, Test loss=0.335, Test acc=0.101]
 40%|████      | 81/200 [26:26<38:35, 19.46s/it, Train loss=0.129, Train acc=0.0465, Test loss=0.335, Test acc=0.101]
 40%|████      | 81/200 [26:45<38:35, 19.46s/it, Train loss=0.121, Train acc=0.0438, Test loss=0.367, Test acc=0.114]
 41%|████      | 82/200 [26:45<37:59, 19.32s/it, Train loss=0.121, Train acc=0.0438, Test loss=0.367, Test acc=0.114]
 41%|████      | 82/200 [27:04<37:59, 19.32s/it, Train loss=0.12, Train acc=0.0429, Test loss=0.342, Test acc=0.101] 
 42%|████▏     | 83/200 [27:04<37:25, 19.20s/it, Train loss=0.12, Train acc=0.0429, Test loss=0.342, Test acc=0.101]
 42%|████▏     | 83/200 [27:24<37:25, 19.20s/it, Train loss=0.119, Train acc=0.042, Test loss=0.336, Test acc=0.104]
 42%|████▏     | 84/200 [27:24<37:17, 19.29s/it, Train loss=0.119, Train acc=0.042, Test loss=0.336, Test acc=0.104]
 42%|████▏     | 84/200 [27:43<37:17, 19.29s/it, Train loss=0.117, Train acc=0.0418, Test loss=0.359, Test acc=0.104]
 42%|████▎     | 85/200 [27:43<36:40, 19.14s/it, Train loss=0.117, Train acc=0.0418, Test loss=0.359, Test acc=0.104]
 42%|████▎     | 85/200 [28:01<36:40, 19.14s/it, Train loss=0.109, Train acc=0.0383, Test loss=0.397, Test acc=0.114]
 43%|████▎     | 86/200 [28:01<36:08, 19.02s/it, Train loss=0.109, Train acc=0.0383, Test loss=0.397, Test acc=0.114]
 43%|████▎     | 86/200 [28:20<36:08, 19.02s/it, Train loss=0.107, Train acc=0.038, Test loss=0.352, Test acc=0.1]   
 44%|████▎     | 87/200 [28:20<35:35, 18.90s/it, Train loss=0.107, Train acc=0.038, Test loss=0.352, Test acc=0.1]
 44%|████▎     | 87/200 [28:39<35:35, 18.90s/it, Train loss=0.105, Train acc=0.0373, Test loss=0.364, Test acc=0.103]
 44%|████▍     | 88/200 [28:39<35:11, 18.85s/it, Train loss=0.105, Train acc=0.0373, Test loss=0.364, Test acc=0.103]
 44%|████▍     | 88/200 [28:58<35:11, 18.85s/it, Train loss=0.102, Train acc=0.0358, Test loss=0.337, Test acc=0.0989]
 44%|████▍     | 89/200 [28:58<34:53, 18.86s/it, Train loss=0.102, Train acc=0.0358, Test loss=0.337, Test acc=0.0989]
 44%|████▍     | 89/200 [29:18<34:53, 18.86s/it, Train loss=0.0972, Train acc=0.0344, Test loss=0.357, Test acc=0.103]
 45%|████▌     | 90/200 [29:18<35:35, 19.41s/it, Train loss=0.0972, Train acc=0.0344, Test loss=0.357, Test acc=0.103]
 45%|████▌     | 90/200 [29:37<35:35, 19.41s/it, Train loss=0.0959, Train acc=0.0344, Test loss=0.371, Test acc=0.105]
 46%|████▌     | 91/200 [29:37<34:53, 19.20s/it, Train loss=0.0959, Train acc=0.0344, Test loss=0.371, Test acc=0.105]
 46%|████▌     | 91/200 [29:56<34:53, 19.20s/it, Train loss=0.0941, Train acc=0.0328, Test loss=0.376, Test acc=0.106]
 46%|████▌     | 92/200 [29:56<34:18, 19.06s/it, Train loss=0.0941, Train acc=0.0328, Test loss=0.376, Test acc=0.106]
 46%|████▌     | 92/200 [30:15<34:18, 19.06s/it, Train loss=0.089, Train acc=0.0317, Test loss=0.372, Test acc=0.103] 
 46%|████▋     | 93/200 [30:15<34:18, 19.24s/it, Train loss=0.089, Train acc=0.0317, Test loss=0.372, Test acc=0.103]
 46%|████▋     | 93/200 [30:34<34:18, 19.24s/it, Train loss=0.0876, Train acc=0.0319, Test loss=0.371, Test acc=0.1] 
 47%|████▋     | 94/200 [30:34<33:40, 19.06s/it, Train loss=0.0876, Train acc=0.0319, Test loss=0.371, Test acc=0.1]
 47%|████▋     | 94/200 [30:54<33:40, 19.06s/it, Train loss=0.0843, Train acc=0.0303, Test loss=0.375, Test acc=0.103]
 48%|████▊     | 95/200 [30:54<33:57, 19.41s/it, Train loss=0.0843, Train acc=0.0303, Test loss=0.375, Test acc=0.103]
 48%|████▊     | 95/200 [31:14<33:57, 19.41s/it, Train loss=0.0817, Train acc=0.029, Test loss=0.406, Test acc=0.107] 
 48%|████▊     | 96/200 [31:14<34:01, 19.63s/it, Train loss=0.0817, Train acc=0.029, Test loss=0.406, Test acc=0.107]
 48%|████▊     | 96/200 [31:34<34:01, 19.63s/it, Train loss=0.0798, Train acc=0.0281, Test loss=0.355, Test acc=0.0953]
 48%|████▊     | 97/200 [31:34<33:46, 19.67s/it, Train loss=0.0798, Train acc=0.0281, Test loss=0.355, Test acc=0.0953]
 48%|████▊     | 97/200 [31:54<33:46, 19.67s/it, Train loss=0.0747, Train acc=0.0262, Test loss=0.356, Test acc=0.0968]
 49%|████▉     | 98/200 [31:54<33:25, 19.66s/it, Train loss=0.0747, Train acc=0.0262, Test loss=0.356, Test acc=0.0968]
 49%|████▉     | 98/200 [32:14<33:25, 19.66s/it, Train loss=0.0774, Train acc=0.0265, Test loss=0.354, Test acc=0.0976]
 50%|████▉     | 99/200 [32:14<33:17, 19.77s/it, Train loss=0.0774, Train acc=0.0265, Test loss=0.354, Test acc=0.0976]
 50%|████▉     | 99/200 [32:33<33:17, 19.77s/it, Train loss=0.0723, Train acc=0.0257, Test loss=0.371, Test acc=0.0986]
 50%|█████     | 100/200 [32:33<32:36, 19.57s/it, Train loss=0.0723, Train acc=0.0257, Test loss=0.371, Test acc=0.0986]
 50%|█████     | 100/200 [32:54<32:36, 19.57s/it, Train loss=0.0698, Train acc=0.0238, Test loss=0.356, Test acc=0.0962]
 50%|█████     | 101/200 [32:54<32:49, 19.90s/it, Train loss=0.0698, Train acc=0.0238, Test loss=0.356, Test acc=0.0962]
 50%|█████     | 101/200 [33:14<32:49, 19.90s/it, Train loss=0.0714, Train acc=0.0253, Test loss=0.37, Test acc=0.103]  
 51%|█████     | 102/200 [33:14<32:29, 19.89s/it, Train loss=0.0714, Train acc=0.0253, Test loss=0.37, Test acc=0.103]
 51%|█████     | 102/200 [33:33<32:29, 19.89s/it, Train loss=0.0678, Train acc=0.0238, Test loss=0.347, Test acc=0.096]
 52%|█████▏    | 103/200 [33:33<32:00, 19.80s/it, Train loss=0.0678, Train acc=0.0238, Test loss=0.347, Test acc=0.096]
 52%|█████▏    | 103/200 [33:53<32:00, 19.80s/it, Train loss=0.0639, Train acc=0.0221, Test loss=0.388, Test acc=0.101]
 52%|█████▏    | 104/200 [33:53<31:44, 19.84s/it, Train loss=0.0639, Train acc=0.0221, Test loss=0.388, Test acc=0.101]
 52%|█████▏    | 104/200 [34:13<31:44, 19.84s/it, Train loss=0.0613, Train acc=0.0213, Test loss=0.353, Test acc=0.0949]
 52%|█████▎    | 105/200 [34:13<31:36, 19.96s/it, Train loss=0.0613, Train acc=0.0213, Test loss=0.353, Test acc=0.0949]
 52%|█████▎    | 105/200 [34:33<31:36, 19.96s/it, Train loss=0.0596, Train acc=0.0207, Test loss=0.389, Test acc=0.1]   
 53%|█████▎    | 106/200 [34:33<31:09, 19.89s/it, Train loss=0.0596, Train acc=0.0207, Test loss=0.389, Test acc=0.1]
 53%|█████▎    | 106/200 [34:53<31:09, 19.89s/it, Train loss=0.0579, Train acc=0.0206, Test loss=0.367, Test acc=0.0965]
 54%|█████▎    | 107/200 [34:53<31:00, 20.00s/it, Train loss=0.0579, Train acc=0.0206, Test loss=0.367, Test acc=0.0965]
 54%|█████▎    | 107/200 [35:13<31:00, 20.00s/it, Train loss=0.06, Train acc=0.0212, Test loss=0.351, Test acc=0.0917]  
 54%|█████▍    | 108/200 [35:13<30:29, 19.88s/it, Train loss=0.06, Train acc=0.0212, Test loss=0.351, Test acc=0.0917]
 54%|█████▍    | 108/200 [35:33<30:29, 19.88s/it, Train loss=0.0539, Train acc=0.0187, Test loss=0.38, Test acc=0.096]
 55%|█████▍    | 109/200 [35:33<30:21, 20.02s/it, Train loss=0.0539, Train acc=0.0187, Test loss=0.38, Test acc=0.096]
 55%|█████▍    | 109/200 [35:54<30:21, 20.02s/it, Train loss=0.0519, Train acc=0.0185, Test loss=0.375, Test acc=0.0976]
 55%|█████▌    | 110/200 [35:54<30:17, 20.19s/it, Train loss=0.0519, Train acc=0.0185, Test loss=0.375, Test acc=0.0976]
 55%|█████▌    | 110/200 [36:14<30:17, 20.19s/it, Train loss=0.0508, Train acc=0.0182, Test loss=0.393, Test acc=0.0964]
 56%|█████▌    | 111/200 [36:14<29:48, 20.09s/it, Train loss=0.0508, Train acc=0.0182, Test loss=0.393, Test acc=0.0964]
 56%|█████▌    | 111/200 [36:34<29:48, 20.09s/it, Train loss=0.0485, Train acc=0.0169, Test loss=0.387, Test acc=0.0946]
 56%|█████▌    | 112/200 [36:34<29:28, 20.10s/it, Train loss=0.0485, Train acc=0.0169, Test loss=0.387, Test acc=0.0946]
 56%|█████▌    | 112/200 [36:55<29:28, 20.10s/it, Train loss=0.0491, Train acc=0.0163, Test loss=0.376, Test acc=0.0933]
 56%|█████▋    | 113/200 [36:55<29:49, 20.57s/it, Train loss=0.0491, Train acc=0.0163, Test loss=0.376, Test acc=0.0933]
 56%|█████▋    | 113/200 [37:15<29:49, 20.57s/it, Train loss=0.0476, Train acc=0.0154, Test loss=0.379, Test acc=0.0911]
 57%|█████▋    | 114/200 [37:15<29:13, 20.38s/it, Train loss=0.0476, Train acc=0.0154, Test loss=0.379, Test acc=0.0911]
 57%|█████▋    | 114/200 [37:35<29:13, 20.38s/it, Train loss=0.0423, Train acc=0.014, Test loss=0.374, Test acc=0.0909] 
 57%|█████▊    | 115/200 [37:35<28:42, 20.27s/it, Train loss=0.0423, Train acc=0.014, Test loss=0.374, Test acc=0.0909]
 57%|█████▊    | 115/200 [37:56<28:42, 20.27s/it, Train loss=0.0421, Train acc=0.0145, Test loss=0.378, Test acc=0.0909]
 58%|█████▊    | 116/200 [37:56<28:31, 20.38s/it, Train loss=0.0421, Train acc=0.0145, Test loss=0.378, Test acc=0.0909]
 58%|█████▊    | 116/200 [38:17<28:31, 20.38s/it, Train loss=0.042, Train acc=0.0146, Test loss=0.372, Test acc=0.0923] 
 58%|█████▊    | 117/200 [38:17<28:27, 20.57s/it, Train loss=0.042, Train acc=0.0146, Test loss=0.372, Test acc=0.0923]
 58%|█████▊    | 117/200 [38:38<28:27, 20.57s/it, Train loss=0.0417, Train acc=0.0141, Test loss=0.376, Test acc=0.0915]
 59%|█████▉    | 118/200 [38:38<28:17, 20.71s/it, Train loss=0.0417, Train acc=0.0141, Test loss=0.376, Test acc=0.0915]
 59%|█████▉    | 118/200 [38:58<28:17, 20.71s/it, Train loss=0.037, Train acc=0.0125, Test loss=0.369, Test acc=0.0899] 
 60%|█████▉    | 119/200 [38:58<27:38, 20.47s/it, Train loss=0.037, Train acc=0.0125, Test loss=0.369, Test acc=0.0899]
 60%|█████▉    | 119/200 [39:18<27:38, 20.47s/it, Train loss=0.0373, Train acc=0.013, Test loss=0.384, Test acc=0.0906]
 60%|██████    | 120/200 [39:18<27:02, 20.28s/it, Train loss=0.0373, Train acc=0.013, Test loss=0.384, Test acc=0.0906]
 60%|██████    | 120/200 [39:38<27:02, 20.28s/it, Train loss=0.0348, Train acc=0.0116, Test loss=0.385, Test acc=0.0898]
 60%|██████    | 121/200 [39:38<26:31, 20.15s/it, Train loss=0.0348, Train acc=0.0116, Test loss=0.385, Test acc=0.0898]
 60%|██████    | 121/200 [39:57<26:31, 20.15s/it, Train loss=0.0336, Train acc=0.0114, Test loss=0.384, Test acc=0.0909]
 61%|██████    | 122/200 [39:57<25:48, 19.85s/it, Train loss=0.0336, Train acc=0.0114, Test loss=0.384, Test acc=0.0909]
 61%|██████    | 122/200 [40:16<25:48, 19.85s/it, Train loss=0.0311, Train acc=0.00987, Test loss=0.401, Test acc=0.0933]
 62%|██████▏   | 123/200 [40:16<25:09, 19.61s/it, Train loss=0.0311, Train acc=0.00987, Test loss=0.401, Test acc=0.0933]
 62%|██████▏   | 123/200 [40:35<25:09, 19.61s/it, Train loss=0.0315, Train acc=0.0103, Test loss=0.391, Test acc=0.088]  
 62%|██████▏   | 124/200 [40:35<24:38, 19.46s/it, Train loss=0.0315, Train acc=0.0103, Test loss=0.391, Test acc=0.088]
 62%|██████▏   | 124/200 [40:54<24:38, 19.46s/it, Train loss=0.0307, Train acc=0.00999, Test loss=0.38, Test acc=0.0875]
 62%|██████▎   | 125/200 [40:54<24:19, 19.46s/it, Train loss=0.0307, Train acc=0.00999, Test loss=0.38, Test acc=0.0875]
 62%|██████▎   | 125/200 [41:14<24:19, 19.46s/it, Train loss=0.0274, Train acc=0.00866, Test loss=0.393, Test acc=0.0884]
 63%|██████▎   | 126/200 [41:14<23:53, 19.38s/it, Train loss=0.0274, Train acc=0.00866, Test loss=0.393, Test acc=0.0884]
 63%|██████▎   | 126/200 [41:33<23:53, 19.38s/it, Train loss=0.0277, Train acc=0.00893, Test loss=0.384, Test acc=0.0879]
 64%|██████▎   | 127/200 [41:33<23:30, 19.32s/it, Train loss=0.0277, Train acc=0.00893, Test loss=0.384, Test acc=0.0879]
 64%|██████▎   | 127/200 [41:52<23:30, 19.32s/it, Train loss=0.0274, Train acc=0.00875, Test loss=0.393, Test acc=0.0891]
 64%|██████▍   | 128/200 [41:52<23:09, 19.30s/it, Train loss=0.0274, Train acc=0.00875, Test loss=0.393, Test acc=0.0891]
 64%|██████▍   | 128/200 [42:11<23:09, 19.30s/it, Train loss=0.0247, Train acc=0.00823, Test loss=0.39, Test acc=0.0891] 
 64%|██████▍   | 129/200 [42:11<22:43, 19.21s/it, Train loss=0.0247, Train acc=0.00823, Test loss=0.39, Test acc=0.0891]
 64%|██████▍   | 129/200 [42:30<22:43, 19.21s/it, Train loss=0.024, Train acc=0.00753, Test loss=0.397, Test acc=0.0884]
 65%|██████▌   | 130/200 [42:30<22:16, 19.10s/it, Train loss=0.024, Train acc=0.00753, Test loss=0.397, Test acc=0.0884]
 65%|██████▌   | 130/200 [42:49<22:16, 19.10s/it, Train loss=0.022, Train acc=0.00665, Test loss=0.397, Test acc=0.088] 
 66%|██████▌   | 131/200 [42:49<21:52, 19.03s/it, Train loss=0.022, Train acc=0.00665, Test loss=0.397, Test acc=0.088]
 66%|██████▌   | 131/200 [43:08<21:52, 19.03s/it, Train loss=0.0242, Train acc=0.00801, Test loss=0.391, Test acc=0.0868]
 66%|██████▌   | 132/200 [43:08<21:32, 19.00s/it, Train loss=0.0242, Train acc=0.00801, Test loss=0.391, Test acc=0.0868]
 66%|██████▌   | 132/200 [43:27<21:32, 19.00s/it, Train loss=0.0214, Train acc=0.00667, Test loss=0.396, Test acc=0.0872]
 66%|██████▋   | 133/200 [43:27<21:18, 19.08s/it, Train loss=0.0214, Train acc=0.00667, Test loss=0.396, Test acc=0.0872]
 66%|██████▋   | 133/200 [43:47<21:18, 19.08s/it, Train loss=0.0215, Train acc=0.00681, Test loss=0.389, Test acc=0.0846]
 67%|██████▋   | 134/200 [43:47<21:08, 19.21s/it, Train loss=0.0215, Train acc=0.00681, Test loss=0.389, Test acc=0.0846]
 67%|██████▋   | 134/200 [44:06<21:08, 19.21s/it, Train loss=0.0205, Train acc=0.00655, Test loss=0.388, Test acc=0.0861]
 68%|██████▊   | 135/200 [44:06<20:51, 19.26s/it, Train loss=0.0205, Train acc=0.00655, Test loss=0.388, Test acc=0.0861]
 68%|██████▊   | 135/200 [44:26<20:51, 19.26s/it, Train loss=0.0183, Train acc=0.00585, Test loss=0.396, Test acc=0.084] 
 68%|██████▊   | 136/200 [44:26<20:43, 19.44s/it, Train loss=0.0183, Train acc=0.00585, Test loss=0.396, Test acc=0.084]
 68%|██████▊   | 136/200 [44:46<20:43, 19.44s/it, Train loss=0.0192, Train acc=0.00589, Test loss=0.389, Test acc=0.086]
 68%|██████▊   | 137/200 [44:46<20:35, 19.60s/it, Train loss=0.0192, Train acc=0.00589, Test loss=0.389, Test acc=0.086]
 68%|██████▊   | 137/200 [45:06<20:35, 19.60s/it, Train loss=0.0178, Train acc=0.00539, Test loss=0.394, Test acc=0.0856]
 69%|██████▉   | 138/200 [45:06<20:29, 19.82s/it, Train loss=0.0178, Train acc=0.00539, Test loss=0.394, Test acc=0.0856]
 69%|██████▉   | 138/200 [45:27<20:29, 19.82s/it, Train loss=0.0159, Train acc=0.00442, Test loss=0.393, Test acc=0.0847]
 70%|██████▉   | 139/200 [45:27<20:27, 20.12s/it, Train loss=0.0159, Train acc=0.00442, Test loss=0.393, Test acc=0.0847]
 70%|██████▉   | 139/200 [45:46<20:27, 20.12s/it, Train loss=0.0153, Train acc=0.00478, Test loss=0.394, Test acc=0.0849]
 70%|███████   | 140/200 [45:46<19:56, 19.95s/it, Train loss=0.0153, Train acc=0.00478, Test loss=0.394, Test acc=0.0849]
 70%|███████   | 140/200 [46:07<19:56, 19.95s/it, Train loss=0.0147, Train acc=0.0045, Test loss=0.397, Test acc=0.0845] 
 70%|███████   | 141/200 [46:07<19:50, 20.17s/it, Train loss=0.0147, Train acc=0.0045, Test loss=0.397, Test acc=0.0845]
 70%|███████   | 141/200 [46:27<19:50, 20.17s/it, Train loss=0.0158, Train acc=0.00487, Test loss=0.396, Test acc=0.0848]
 71%|███████   | 142/200 [46:27<19:25, 20.09s/it, Train loss=0.0158, Train acc=0.00487, Test loss=0.396, Test acc=0.0848]
 71%|███████   | 142/200 [46:48<19:25, 20.09s/it, Train loss=0.0158, Train acc=0.00472, Test loss=0.39, Test acc=0.0833] 
 72%|███████▏  | 143/200 [46:48<19:13, 20.24s/it, Train loss=0.0158, Train acc=0.00472, Test loss=0.39, Test acc=0.0833]
 72%|███████▏  | 143/200 [47:07<19:13, 20.24s/it, Train loss=0.0145, Train acc=0.00427, Test loss=0.392, Test acc=0.0836]
 72%|███████▏  | 144/200 [47:07<18:43, 20.06s/it, Train loss=0.0145, Train acc=0.00427, Test loss=0.392, Test acc=0.0836]
 72%|███████▏  | 144/200 [47:28<18:43, 20.06s/it, Train loss=0.0142, Train acc=0.00416, Test loss=0.387, Test acc=0.0829]
 72%|███████▎  | 145/200 [47:28<18:38, 20.33s/it, Train loss=0.0142, Train acc=0.00416, Test loss=0.387, Test acc=0.0829]
 72%|███████▎  | 145/200 [47:48<18:38, 20.33s/it, Train loss=0.0125, Train acc=0.00362, Test loss=0.386, Test acc=0.0826]
 73%|███████▎  | 146/200 [47:48<18:16, 20.31s/it, Train loss=0.0125, Train acc=0.00362, Test loss=0.386, Test acc=0.0826]
 73%|███████▎  | 146/200 [48:07<18:16, 20.31s/it, Train loss=0.0125, Train acc=0.0034, Test loss=0.391, Test acc=0.0827] 
 74%|███████▎  | 147/200 [48:07<17:34, 19.90s/it, Train loss=0.0125, Train acc=0.0034, Test loss=0.391, Test acc=0.0827]
 74%|███████▎  | 147/200 [48:28<17:34, 19.90s/it, Train loss=0.0127, Train acc=0.00383, Test loss=0.401, Test acc=0.0838]
 74%|███████▍  | 148/200 [48:28<17:21, 20.03s/it, Train loss=0.0127, Train acc=0.00383, Test loss=0.401, Test acc=0.0838]
 74%|███████▍  | 148/200 [48:49<17:21, 20.03s/it, Train loss=0.0126, Train acc=0.00394, Test loss=0.396, Test acc=0.0825]
 74%|███████▍  | 149/200 [48:49<17:15, 20.31s/it, Train loss=0.0126, Train acc=0.00394, Test loss=0.396, Test acc=0.0825]
 74%|███████▍  | 149/200 [49:08<17:15, 20.31s/it, Train loss=0.0122, Train acc=0.00364, Test loss=0.396, Test acc=0.0831]
 75%|███████▌  | 150/200 [49:08<16:37, 19.95s/it, Train loss=0.0122, Train acc=0.00364, Test loss=0.396, Test acc=0.0831]
 75%|███████▌  | 150/200 [49:27<16:37, 19.95s/it, Train loss=0.0117, Train acc=0.00328, Test loss=0.404, Test acc=0.0845]
 76%|███████▌  | 151/200 [49:27<16:08, 19.77s/it, Train loss=0.0117, Train acc=0.00328, Test loss=0.404, Test acc=0.0845]
 76%|███████▌  | 151/200 [49:47<16:08, 19.77s/it, Train loss=0.0114, Train acc=0.00328, Test loss=0.404, Test acc=0.0832]
 76%|███████▌  | 152/200 [49:47<15:45, 19.69s/it, Train loss=0.0114, Train acc=0.00328, Test loss=0.404, Test acc=0.0832]
 76%|███████▌  | 152/200 [50:06<15:45, 19.69s/it, Train loss=0.01, Train acc=0.0026, Test loss=0.405, Test acc=0.0836]   
 76%|███████▋  | 153/200 [50:06<15:17, 19.53s/it, Train loss=0.01, Train acc=0.0026, Test loss=0.405, Test acc=0.0836]
 76%|███████▋  | 153/200 [50:25<15:17, 19.53s/it, Train loss=0.0102, Train acc=0.0027, Test loss=0.403, Test acc=0.0832]
 77%|███████▋  | 154/200 [50:25<14:52, 19.39s/it, Train loss=0.0102, Train acc=0.0027, Test loss=0.403, Test acc=0.0832]
 77%|███████▋  | 154/200 [50:45<14:52, 19.39s/it, Train loss=0.0103, Train acc=0.00277, Test loss=0.399, Test acc=0.0828]
 78%|███████▊  | 155/200 [50:45<14:46, 19.70s/it, Train loss=0.0103, Train acc=0.00277, Test loss=0.399, Test acc=0.0828]
 78%|███████▊  | 155/200 [51:04<14:46, 19.70s/it, Train loss=0.0101, Train acc=0.00284, Test loss=0.399, Test acc=0.0838]
 78%|███████▊  | 156/200 [51:04<14:18, 19.50s/it, Train loss=0.0101, Train acc=0.00284, Test loss=0.399, Test acc=0.0838]
 78%|███████▊  | 156/200 [51:24<14:18, 19.50s/it, Train loss=0.0097, Train acc=0.0028, Test loss=0.407, Test acc=0.0849] 
 78%|███████▊  | 157/200 [51:24<14:03, 19.61s/it, Train loss=0.0097, Train acc=0.0028, Test loss=0.407, Test acc=0.0849]
 78%|███████▊  | 157/200 [51:43<14:03, 19.61s/it, Train loss=0.00948, Train acc=0.00227, Test loss=0.409, Test acc=0.0836]
 79%|███████▉  | 158/200 [51:43<13:39, 19.51s/it, Train loss=0.00948, Train acc=0.00227, Test loss=0.409, Test acc=0.0836]
 79%|███████▉  | 158/200 [52:04<13:39, 19.51s/it, Train loss=0.00843, Train acc=0.00206, Test loss=0.399, Test acc=0.0823]
 80%|███████▉  | 159/200 [52:04<13:37, 19.94s/it, Train loss=0.00843, Train acc=0.00206, Test loss=0.399, Test acc=0.0823]
 80%|███████▉  | 159/200 [52:23<13:37, 19.94s/it, Train loss=0.00859, Train acc=0.00212, Test loss=0.4, Test acc=0.0826]  
 80%|████████  | 160/200 [52:23<13:06, 19.66s/it, Train loss=0.00859, Train acc=0.00212, Test loss=0.4, Test acc=0.0826]
 80%|████████  | 160/200 [52:44<13:06, 19.66s/it, Train loss=0.00843, Train acc=0.00188, Test loss=0.399, Test acc=0.0823]
 80%|████████  | 161/200 [52:44<13:02, 20.06s/it, Train loss=0.00843, Train acc=0.00188, Test loss=0.399, Test acc=0.0823]
 80%|████████  | 161/200 [53:05<13:02, 20.06s/it, Train loss=0.00832, Train acc=0.00206, Test loss=0.397, Test acc=0.082] 
 81%|████████  | 162/200 [53:05<12:46, 20.16s/it, Train loss=0.00832, Train acc=0.00206, Test loss=0.397, Test acc=0.082]
 81%|████████  | 162/200 [53:25<12:46, 20.16s/it, Train loss=0.00863, Train acc=0.00208, Test loss=0.397, Test acc=0.0825]
 82%|████████▏ | 163/200 [53:25<12:24, 20.13s/it, Train loss=0.00863, Train acc=0.00208, Test loss=0.397, Test acc=0.0825]
 82%|████████▏ | 163/200 [53:44<12:24, 20.13s/it, Train loss=0.008, Train acc=0.002, Test loss=0.402, Test acc=0.0834]    
 82%|████████▏ | 164/200 [53:44<11:51, 19.76s/it, Train loss=0.008, Train acc=0.002, Test loss=0.402, Test acc=0.0834]
 82%|████████▏ | 164/200 [54:03<11:51, 19.76s/it, Train loss=0.00742, Train acc=0.00168, Test loss=0.4, Test acc=0.0822]
 82%|████████▎ | 165/200 [54:03<11:28, 19.67s/it, Train loss=0.00742, Train acc=0.00168, Test loss=0.4, Test acc=0.0822]
 82%|████████▎ | 165/200 [54:22<11:28, 19.67s/it, Train loss=0.00715, Train acc=0.00154, Test loss=0.402, Test acc=0.0807]
 83%|████████▎ | 166/200 [54:22<11:00, 19.42s/it, Train loss=0.00715, Train acc=0.00154, Test loss=0.402, Test acc=0.0807]
 83%|████████▎ | 166/200 [54:41<11:00, 19.42s/it, Train loss=0.00714, Train acc=0.00172, Test loss=0.401, Test acc=0.0814]
 84%|████████▎ | 167/200 [54:41<10:35, 19.25s/it, Train loss=0.00714, Train acc=0.00172, Test loss=0.401, Test acc=0.0814]
 84%|████████▎ | 167/200 [55:00<10:35, 19.25s/it, Train loss=0.00755, Train acc=0.00181, Test loss=0.4, Test acc=0.0802]  
 84%|████████▍ | 168/200 [55:00<10:11, 19.12s/it, Train loss=0.00755, Train acc=0.00181, Test loss=0.4, Test acc=0.0802]
 84%|████████▍ | 168/200 [55:19<10:11, 19.12s/it, Train loss=0.00726, Train acc=0.00167, Test loss=0.409, Test acc=0.0821]
 84%|████████▍ | 169/200 [55:19<09:49, 19.03s/it, Train loss=0.00726, Train acc=0.00167, Test loss=0.409, Test acc=0.0821]
 84%|████████▍ | 169/200 [55:37<09:49, 19.03s/it, Train loss=0.00694, Train acc=0.00174, Test loss=0.407, Test acc=0.0812]
 85%|████████▌ | 170/200 [55:37<09:29, 18.97s/it, Train loss=0.00694, Train acc=0.00174, Test loss=0.407, Test acc=0.0812]
 85%|████████▌ | 170/200 [55:56<09:29, 18.97s/it, Train loss=0.00662, Train acc=0.0013, Test loss=0.406, Test acc=0.0816] 
 86%|████████▌ | 171/200 [55:56<09:09, 18.94s/it, Train loss=0.00662, Train acc=0.0013, Test loss=0.406, Test acc=0.0816]
 86%|████████▌ | 171/200 [56:16<09:09, 18.94s/it, Train loss=0.0068, Train acc=0.00152, Test loss=0.403, Test acc=0.0819]
 86%|████████▌ | 172/200 [56:16<08:54, 19.10s/it, Train loss=0.0068, Train acc=0.00152, Test loss=0.403, Test acc=0.0819]
 86%|████████▌ | 172/200 [56:37<08:54, 19.10s/it, Train loss=0.00639, Train acc=0.00141, Test loss=0.405, Test acc=0.0816]
 86%|████████▋ | 173/200 [56:37<08:53, 19.75s/it, Train loss=0.00639, Train acc=0.00141, Test loss=0.405, Test acc=0.0816]
 86%|████████▋ | 173/200 [56:57<08:53, 19.75s/it, Train loss=0.00727, Train acc=0.00166, Test loss=0.401, Test acc=0.0798]
 87%|████████▋ | 174/200 [56:57<08:34, 19.80s/it, Train loss=0.00727, Train acc=0.00166, Test loss=0.401, Test acc=0.0798]
 87%|████████▋ | 174/200 [57:16<08:34, 19.80s/it, Train loss=0.0063, Train acc=0.00153, Test loss=0.403, Test acc=0.0814] 
 88%|████████▊ | 175/200 [57:16<08:09, 19.59s/it, Train loss=0.0063, Train acc=0.00153, Test loss=0.403, Test acc=0.0814]
 88%|████████▊ | 175/200 [57:35<08:09, 19.59s/it, Train loss=0.00616, Train acc=0.00148, Test loss=0.405, Test acc=0.0804]
 88%|████████▊ | 176/200 [57:35<07:46, 19.44s/it, Train loss=0.00616, Train acc=0.00148, Test loss=0.405, Test acc=0.0804]
 88%|████████▊ | 176/200 [57:56<07:46, 19.44s/it, Train loss=0.00594, Train acc=0.0013, Test loss=0.408, Test acc=0.0809] 
 88%|████████▊ | 177/200 [57:56<07:37, 19.91s/it, Train loss=0.00594, Train acc=0.0013, Test loss=0.408, Test acc=0.0809]
 88%|████████▊ | 177/200 [58:15<07:37, 19.91s/it, Train loss=0.00606, Train acc=0.0012, Test loss=0.404, Test acc=0.0803]
 89%|████████▉ | 178/200 [58:15<07:13, 19.71s/it, Train loss=0.00606, Train acc=0.0012, Test loss=0.404, Test acc=0.0803]
 89%|████████▉ | 178/200 [58:34<07:13, 19.71s/it, Train loss=0.00584, Train acc=0.00118, Test loss=0.402, Test acc=0.0813]
 90%|████████▉ | 179/200 [58:34<06:48, 19.47s/it, Train loss=0.00584, Train acc=0.00118, Test loss=0.402, Test acc=0.0813]
 90%|████████▉ | 179/200 [58:54<06:48, 19.47s/it, Train loss=0.00596, Train acc=0.00112, Test loss=0.402, Test acc=0.0805]
 90%|█████████ | 180/200 [58:54<06:30, 19.50s/it, Train loss=0.00596, Train acc=0.00112, Test loss=0.402, Test acc=0.0805]
 90%|█████████ | 180/200 [59:14<06:30, 19.50s/it, Train loss=0.0061, Train acc=0.0013, Test loss=0.401, Test acc=0.08]    
 90%|█████████ | 181/200 [59:14<06:12, 19.62s/it, Train loss=0.0061, Train acc=0.0013, Test loss=0.401, Test acc=0.08]
 90%|█████████ | 181/200 [59:33<06:12, 19.62s/it, Train loss=0.00605, Train acc=0.0013, Test loss=0.406, Test acc=0.082]
 91%|█████████ | 182/200 [59:33<05:53, 19.64s/it, Train loss=0.00605, Train acc=0.0013, Test loss=0.406, Test acc=0.082]
 91%|█████████ | 182/200 [59:53<05:53, 19.64s/it, Train loss=0.00585, Train acc=0.0013, Test loss=0.406, Test acc=0.0809]
 92%|█████████▏| 183/200 [59:53<05:35, 19.76s/it, Train loss=0.00585, Train acc=0.0013, Test loss=0.406, Test acc=0.0809]
 92%|█████████▏| 183/200 [1:00:13<05:35, 19.76s/it, Train loss=0.0057, Train acc=0.00118, Test loss=0.405, Test acc=0.0799]
 92%|█████████▏| 184/200 [1:00:13<05:15, 19.70s/it, Train loss=0.0057, Train acc=0.00118, Test loss=0.405, Test acc=0.0799]
 92%|█████████▏| 184/200 [1:00:33<05:15, 19.70s/it, Train loss=0.00551, Train acc=0.000953, Test loss=0.405, Test acc=0.0812]
 92%|█████████▎| 185/200 [1:00:33<04:55, 19.72s/it, Train loss=0.00551, Train acc=0.000953, Test loss=0.405, Test acc=0.0812]
 92%|█████████▎| 185/200 [1:00:52<04:55, 19.72s/it, Train loss=0.0059, Train acc=0.0015, Test loss=0.406, Test acc=0.0826]   
 93%|█████████▎| 186/200 [1:00:52<04:34, 19.57s/it, Train loss=0.0059, Train acc=0.0015, Test loss=0.406, Test acc=0.0826]
 93%|█████████▎| 186/200 [1:01:13<04:34, 19.57s/it, Train loss=0.0061, Train acc=0.00118, Test loss=0.405, Test acc=0.081]
 94%|█████████▎| 187/200 [1:01:13<04:18, 19.91s/it, Train loss=0.0061, Train acc=0.00118, Test loss=0.405, Test acc=0.081]
 94%|█████████▎| 187/200 [1:01:33<04:18, 19.91s/it, Train loss=0.00518, Train acc=0.000879, Test loss=0.406, Test acc=0.0813]
 94%|█████████▍| 188/200 [1:01:33<03:58, 19.88s/it, Train loss=0.00518, Train acc=0.000879, Test loss=0.406, Test acc=0.0813]
 94%|█████████▍| 188/200 [1:01:53<03:58, 19.88s/it, Train loss=0.00592, Train acc=0.00134, Test loss=0.406, Test acc=0.0812] 
 94%|█████████▍| 189/200 [1:01:53<03:39, 19.98s/it, Train loss=0.00592, Train acc=0.00134, Test loss=0.406, Test acc=0.0812]
 94%|█████████▍| 189/200 [1:02:13<03:39, 19.98s/it, Train loss=0.00553, Train acc=0.00112, Test loss=0.405, Test acc=0.0811]
 95%|█████████▌| 190/200 [1:02:13<03:19, 19.94s/it, Train loss=0.00553, Train acc=0.00112, Test loss=0.405, Test acc=0.0811]
 95%|█████████▌| 190/200 [1:02:32<03:19, 19.94s/it, Train loss=0.0061, Train acc=0.00112, Test loss=0.407, Test acc=0.0799] 
 96%|█████████▌| 191/200 [1:02:32<02:58, 19.79s/it, Train loss=0.0061, Train acc=0.00112, Test loss=0.407, Test acc=0.0799]
 96%|█████████▌| 191/200 [1:02:53<02:58, 19.79s/it, Train loss=0.00619, Train acc=0.00146, Test loss=0.406, Test acc=0.081]
 96%|█████████▌| 192/200 [1:02:53<02:41, 20.17s/it, Train loss=0.00619, Train acc=0.00146, Test loss=0.406, Test acc=0.081]
 96%|█████████▌| 192/200 [1:03:13<02:41, 20.17s/it, Train loss=0.00559, Train acc=0.00106, Test loss=0.405, Test acc=0.081]
 96%|█████████▋| 193/200 [1:03:13<02:19, 19.99s/it, Train loss=0.00559, Train acc=0.00106, Test loss=0.405, Test acc=0.081]
 96%|█████████▋| 193/200 [1:03:32<02:19, 19.99s/it, Train loss=0.00545, Train acc=0.000979, Test loss=0.406, Test acc=0.0806]
 97%|█████████▋| 194/200 [1:03:32<01:59, 19.89s/it, Train loss=0.00545, Train acc=0.000979, Test loss=0.406, Test acc=0.0806]
 97%|█████████▋| 194/200 [1:03:52<01:59, 19.89s/it, Train loss=0.00543, Train acc=0.00118, Test loss=0.404, Test acc=0.0811] 
 98%|█████████▊| 195/200 [1:03:52<01:38, 19.76s/it, Train loss=0.00543, Train acc=0.00118, Test loss=0.404, Test acc=0.0811]
 98%|█████████▊| 195/200 [1:04:10<01:38, 19.76s/it, Train loss=0.0056, Train acc=0.00124, Test loss=0.405, Test acc=0.0807] 
 98%|█████████▊| 196/200 [1:04:10<01:17, 19.44s/it, Train loss=0.0056, Train acc=0.00124, Test loss=0.405, Test acc=0.0807]
 98%|█████████▊| 196/200 [1:04:30<01:17, 19.44s/it, Train loss=0.00561, Train acc=0.00116, Test loss=0.406, Test acc=0.0809]
 98%|█████████▊| 197/200 [1:04:30<00:58, 19.37s/it, Train loss=0.00561, Train acc=0.00116, Test loss=0.406, Test acc=0.0809]
 98%|█████████▊| 197/200 [1:04:49<00:58, 19.37s/it, Train loss=0.00551, Train acc=0.00118, Test loss=0.407, Test acc=0.0808]
 99%|█████████▉| 198/200 [1:04:49<00:38, 19.24s/it, Train loss=0.00551, Train acc=0.00118, Test loss=0.407, Test acc=0.0808]
 99%|█████████▉| 198/200 [1:05:07<00:38, 19.24s/it, Train loss=0.00559, Train acc=0.00104, Test loss=0.408, Test acc=0.0817]
100%|█████████▉| 199/200 [1:05:07<00:19, 19.13s/it, Train loss=0.00559, Train acc=0.00104, Test loss=0.408, Test acc=0.0817]
100%|█████████▉| 199/200 [1:05:27<00:19, 19.13s/it, Train loss=0.00576, Train acc=0.00118, Test loss=0.407, Test acc=0.0807]
100%|██████████| 200/200 [1:05:27<00:00, 19.14s/it, Train loss=0.00576, Train acc=0.00118, Test loss=0.407, Test acc=0.0807]
100%|██████████| 200/200 [1:05:27<00:00, 19.64s/it, Train loss=0.00576, Train acc=0.00118, Test loss=0.407, Test acc=0.0807]
