Files already downloaded and verified
Files already downloaded and verified
load resnet18...

  0%|          | 0/200 [00:00<?, ?it/s]
  0%|          | 0/200 [00:20<?, ?it/s, Train loss=2.2, Train acc=0.79, Test loss=1.92, Test acc=0.732]
  0%|          | 1/200 [00:20<1:07:16, 20.29s/it, Train loss=2.2, Train acc=0.79, Test loss=1.92, Test acc=0.732]
  0%|          | 1/200 [00:39<1:07:16, 20.29s/it, Train loss=1.87, Train acc=0.716, Test loss=1.8, Test acc=0.693]
  1%|          | 2/200 [00:39<1:04:54, 19.67s/it, Train loss=1.87, Train acc=0.716, Test loss=1.8, Test acc=0.693]
  1%|          | 2/200 [00:59<1:04:54, 19.67s/it, Train loss=1.74, Train acc=0.662, Test loss=1.78, Test acc=0.673]
  2%|▏         | 3/200 [00:59<1:04:32, 19.66s/it, Train loss=1.74, Train acc=0.662, Test loss=1.78, Test acc=0.673]
  2%|▏         | 3/200 [01:18<1:04:32, 19.66s/it, Train loss=1.66, Train acc=0.627, Test loss=1.6, Test acc=0.614] 
  2%|▏         | 4/200 [01:18<1:03:39, 19.49s/it, Train loss=1.66, Train acc=0.627, Test loss=1.6, Test acc=0.614]
  2%|▏         | 4/200 [01:37<1:03:39, 19.49s/it, Train loss=1.59, Train acc=0.593, Test loss=1.54, Test acc=0.575]
  2%|▎         | 5/200 [01:37<1:03:05, 19.41s/it, Train loss=1.59, Train acc=0.593, Test loss=1.54, Test acc=0.575]
  2%|▎         | 5/200 [01:57<1:03:05, 19.41s/it, Train loss=1.53, Train acc=0.567, Test loss=1.56, Test acc=0.594]
  3%|▎         | 6/200 [01:57<1:03:01, 19.49s/it, Train loss=1.53, Train acc=0.567, Test loss=1.56, Test acc=0.594]
  3%|▎         | 6/200 [02:16<1:03:01, 19.49s/it, Train loss=1.46, Train acc=0.535, Test loss=1.53, Test acc=0.56] 
  4%|▎         | 7/200 [02:16<1:02:34, 19.45s/it, Train loss=1.46, Train acc=0.535, Test loss=1.53, Test acc=0.56]
  4%|▎         | 7/200 [02:36<1:02:34, 19.45s/it, Train loss=1.4, Train acc=0.512, Test loss=1.3, Test acc=0.471] 
  4%|▍         | 8/200 [02:36<1:02:27, 19.52s/it, Train loss=1.4, Train acc=0.512, Test loss=1.3, Test acc=0.471]
  4%|▍         | 8/200 [02:55<1:02:27, 19.52s/it, Train loss=1.34, Train acc=0.49, Test loss=1.26, Test acc=0.459]
  4%|▍         | 9/200 [02:55<1:01:54, 19.45s/it, Train loss=1.34, Train acc=0.49, Test loss=1.26, Test acc=0.459]
  4%|▍         | 9/200 [03:15<1:01:54, 19.45s/it, Train loss=1.28, Train acc=0.464, Test loss=1.25, Test acc=0.46]
  5%|▌         | 10/200 [03:15<1:01:32, 19.43s/it, Train loss=1.28, Train acc=0.464, Test loss=1.25, Test acc=0.46]
  5%|▌         | 10/200 [03:34<1:01:32, 19.43s/it, Train loss=1.23, Train acc=0.442, Test loss=1.28, Test acc=0.481]
  6%|▌         | 11/200 [03:34<1:00:50, 19.32s/it, Train loss=1.23, Train acc=0.442, Test loss=1.28, Test acc=0.481]
  6%|▌         | 11/200 [03:53<1:00:50, 19.32s/it, Train loss=1.17, Train acc=0.421, Test loss=1.14, Test acc=0.406]
  6%|▌         | 12/200 [03:53<1:00:22, 19.27s/it, Train loss=1.17, Train acc=0.421, Test loss=1.14, Test acc=0.406]
  6%|▌         | 12/200 [04:13<1:00:22, 19.27s/it, Train loss=1.11, Train acc=0.396, Test loss=1.12, Test acc=0.394]
  6%|▋         | 13/200 [04:13<1:00:32, 19.42s/it, Train loss=1.11, Train acc=0.396, Test loss=1.12, Test acc=0.394]
  6%|▋         | 13/200 [04:32<1:00:32, 19.42s/it, Train loss=1.06, Train acc=0.377, Test loss=1.04, Test acc=0.371]
  7%|▋         | 14/200 [04:32<59:51, 19.31s/it, Train loss=1.06, Train acc=0.377, Test loss=1.04, Test acc=0.371]  
  7%|▋         | 14/200 [04:51<59:51, 19.31s/it, Train loss=1.02, Train acc=0.36, Test loss=1.15, Test acc=0.421] 
  8%|▊         | 15/200 [04:51<59:21, 19.25s/it, Train loss=1.02, Train acc=0.36, Test loss=1.15, Test acc=0.421]
  8%|▊         | 15/200 [05:10<59:21, 19.25s/it, Train loss=0.988, Train acc=0.35, Test loss=0.962, Test acc=0.345]
  8%|▊         | 16/200 [05:10<59:01, 19.25s/it, Train loss=0.988, Train acc=0.35, Test loss=0.962, Test acc=0.345]
  8%|▊         | 16/200 [05:30<59:01, 19.25s/it, Train loss=0.944, Train acc=0.335, Test loss=0.926, Test acc=0.334]
  8%|▊         | 17/200 [05:30<58:59, 19.34s/it, Train loss=0.944, Train acc=0.335, Test loss=0.926, Test acc=0.334]
  8%|▊         | 17/200 [05:50<58:59, 19.34s/it, Train loss=0.908, Train acc=0.319, Test loss=0.977, Test acc=0.35] 
  9%|▉         | 18/200 [05:50<59:30, 19.62s/it, Train loss=0.908, Train acc=0.319, Test loss=0.977, Test acc=0.35]
  9%|▉         | 18/200 [06:10<59:30, 19.62s/it, Train loss=0.882, Train acc=0.309, Test loss=0.867, Test acc=0.308]
 10%|▉         | 19/200 [06:10<1:00:05, 19.92s/it, Train loss=0.882, Train acc=0.309, Test loss=0.867, Test acc=0.308]
 10%|▉         | 19/200 [06:32<1:00:05, 19.92s/it, Train loss=0.845, Train acc=0.297, Test loss=0.939, Test acc=0.335]
 10%|█         | 20/200 [06:32<1:00:50, 20.28s/it, Train loss=0.845, Train acc=0.297, Test loss=0.939, Test acc=0.335]
 10%|█         | 20/200 [06:53<1:00:50, 20.28s/it, Train loss=0.823, Train acc=0.288, Test loss=0.834, Test acc=0.299]
 10%|█         | 21/200 [06:53<1:01:09, 20.50s/it, Train loss=0.823, Train acc=0.288, Test loss=0.834, Test acc=0.299]
 10%|█         | 21/200 [07:14<1:01:09, 20.50s/it, Train loss=0.789, Train acc=0.277, Test loss=0.873, Test acc=0.305]
 11%|█         | 22/200 [07:14<1:01:17, 20.66s/it, Train loss=0.789, Train acc=0.277, Test loss=0.873, Test acc=0.305]
 11%|█         | 22/200 [07:33<1:01:17, 20.66s/it, Train loss=0.762, Train acc=0.267, Test loss=0.756, Test acc=0.266]
 12%|█▏        | 23/200 [07:33<1:00:17, 20.44s/it, Train loss=0.762, Train acc=0.267, Test loss=0.756, Test acc=0.266]
 12%|█▏        | 23/200 [07:53<1:00:17, 20.44s/it, Train loss=0.735, Train acc=0.254, Test loss=0.771, Test acc=0.277]
 12%|█▏        | 24/200 [07:53<58:58, 20.10s/it, Train loss=0.735, Train acc=0.254, Test loss=0.771, Test acc=0.277]  
 12%|█▏        | 24/200 [08:12<58:58, 20.10s/it, Train loss=0.716, Train acc=0.25, Test loss=0.726, Test acc=0.255] 
 12%|█▎        | 25/200 [08:12<57:58, 19.88s/it, Train loss=0.716, Train acc=0.25, Test loss=0.726, Test acc=0.255]
 12%|█▎        | 25/200 [08:32<57:58, 19.88s/it, Train loss=0.684, Train acc=0.239, Test loss=0.666, Test acc=0.237]
 13%|█▎        | 26/200 [08:32<57:13, 19.73s/it, Train loss=0.684, Train acc=0.239, Test loss=0.666, Test acc=0.237]
 13%|█▎        | 26/200 [08:51<57:13, 19.73s/it, Train loss=0.659, Train acc=0.229, Test loss=0.679, Test acc=0.238]
 14%|█▎        | 27/200 [08:51<56:48, 19.70s/it, Train loss=0.659, Train acc=0.229, Test loss=0.679, Test acc=0.238]
 14%|█▎        | 27/200 [09:10<56:48, 19.70s/it, Train loss=0.632, Train acc=0.217, Test loss=0.743, Test acc=0.264]
 14%|█▍        | 28/200 [09:10<55:45, 19.45s/it, Train loss=0.632, Train acc=0.217, Test loss=0.743, Test acc=0.264]
 14%|█▍        | 28/200 [09:29<55:45, 19.45s/it, Train loss=0.622, Train acc=0.215, Test loss=0.676, Test acc=0.239]
 14%|█▍        | 29/200 [09:29<55:16, 19.39s/it, Train loss=0.622, Train acc=0.215, Test loss=0.676, Test acc=0.239]
 14%|█▍        | 29/200 [09:49<55:16, 19.39s/it, Train loss=0.599, Train acc=0.208, Test loss=0.634, Test acc=0.223]
 15%|█▌        | 30/200 [09:49<54:48, 19.34s/it, Train loss=0.599, Train acc=0.208, Test loss=0.634, Test acc=0.223]
 15%|█▌        | 30/200 [10:08<54:48, 19.34s/it, Train loss=0.584, Train acc=0.204, Test loss=0.659, Test acc=0.233]
 16%|█▌        | 31/200 [10:08<54:40, 19.41s/it, Train loss=0.584, Train acc=0.204, Test loss=0.659, Test acc=0.233]
 16%|█▌        | 31/200 [10:27<54:40, 19.41s/it, Train loss=0.565, Train acc=0.196, Test loss=0.634, Test acc=0.227]
 16%|█▌        | 32/200 [10:27<54:18, 19.39s/it, Train loss=0.565, Train acc=0.196, Test loss=0.634, Test acc=0.227]
 16%|█▌        | 32/200 [10:47<54:18, 19.39s/it, Train loss=0.55, Train acc=0.19, Test loss=0.611, Test acc=0.206]  
 16%|█▋        | 33/200 [10:47<54:15, 19.49s/it, Train loss=0.55, Train acc=0.19, Test loss=0.611, Test acc=0.206]
 16%|█▋        | 33/200 [11:06<54:15, 19.49s/it, Train loss=0.54, Train acc=0.188, Test loss=0.6, Test acc=0.22]  
 17%|█▋        | 34/200 [11:06<53:44, 19.42s/it, Train loss=0.54, Train acc=0.188, Test loss=0.6, Test acc=0.22]
 17%|█▋        | 34/200 [11:25<53:44, 19.42s/it, Train loss=0.521, Train acc=0.182, Test loss=0.528, Test acc=0.188]
 18%|█▊        | 35/200 [11:25<53:04, 19.30s/it, Train loss=0.521, Train acc=0.182, Test loss=0.528, Test acc=0.188]
 18%|█▊        | 35/200 [11:45<53:04, 19.30s/it, Train loss=0.514, Train acc=0.177, Test loss=0.574, Test acc=0.201]
 18%|█▊        | 36/200 [11:45<52:44, 19.29s/it, Train loss=0.514, Train acc=0.177, Test loss=0.574, Test acc=0.201]
 18%|█▊        | 36/200 [12:04<52:44, 19.29s/it, Train loss=0.502, Train acc=0.174, Test loss=0.571, Test acc=0.201]
 18%|█▊        | 37/200 [12:04<52:24, 19.29s/it, Train loss=0.502, Train acc=0.174, Test loss=0.571, Test acc=0.201]
 18%|█▊        | 37/200 [12:23<52:24, 19.29s/it, Train loss=0.489, Train acc=0.169, Test loss=0.534, Test acc=0.184]
 19%|█▉        | 38/200 [12:23<52:13, 19.34s/it, Train loss=0.489, Train acc=0.169, Test loss=0.534, Test acc=0.184]
 19%|█▉        | 38/200 [12:43<52:13, 19.34s/it, Train loss=0.471, Train acc=0.163, Test loss=0.593, Test acc=0.203]
 20%|█▉        | 39/200 [12:43<51:54, 19.34s/it, Train loss=0.471, Train acc=0.163, Test loss=0.593, Test acc=0.203]
 20%|█▉        | 39/200 [13:02<51:54, 19.34s/it, Train loss=0.462, Train acc=0.161, Test loss=0.528, Test acc=0.188]
 20%|██        | 40/200 [13:02<51:30, 19.31s/it, Train loss=0.462, Train acc=0.161, Test loss=0.528, Test acc=0.188]
 20%|██        | 40/200 [13:21<51:30, 19.31s/it, Train loss=0.453, Train acc=0.157, Test loss=0.54, Test acc=0.188] 
 20%|██        | 41/200 [13:21<50:59, 19.24s/it, Train loss=0.453, Train acc=0.157, Test loss=0.54, Test acc=0.188]
 20%|██        | 41/200 [13:40<50:59, 19.24s/it, Train loss=0.438, Train acc=0.153, Test loss=0.505, Test acc=0.175]
 21%|██        | 42/200 [13:40<50:44, 19.27s/it, Train loss=0.438, Train acc=0.153, Test loss=0.505, Test acc=0.175]
 21%|██        | 42/200 [14:00<50:44, 19.27s/it, Train loss=0.434, Train acc=0.15, Test loss=0.494, Test acc=0.169] 
 22%|██▏       | 43/200 [14:00<50:43, 19.38s/it, Train loss=0.434, Train acc=0.15, Test loss=0.494, Test acc=0.169]
 22%|██▏       | 43/200 [14:19<50:43, 19.38s/it, Train loss=0.419, Train acc=0.145, Test loss=0.52, Test acc=0.183]
 22%|██▏       | 44/200 [14:19<50:02, 19.25s/it, Train loss=0.419, Train acc=0.145, Test loss=0.52, Test acc=0.183]
 22%|██▏       | 44/200 [14:39<50:02, 19.25s/it, Train loss=0.412, Train acc=0.142, Test loss=0.463, Test acc=0.158]
 22%|██▎       | 45/200 [14:39<50:16, 19.46s/it, Train loss=0.412, Train acc=0.142, Test loss=0.463, Test acc=0.158]
 22%|██▎       | 45/200 [14:59<50:16, 19.46s/it, Train loss=0.401, Train acc=0.14, Test loss=0.496, Test acc=0.172] 
 23%|██▎       | 46/200 [14:59<50:09, 19.54s/it, Train loss=0.401, Train acc=0.14, Test loss=0.496, Test acc=0.172]
 23%|██▎       | 46/200 [15:18<50:09, 19.54s/it, Train loss=0.393, Train acc=0.137, Test loss=0.472, Test acc=0.166]
 24%|██▎       | 47/200 [15:18<49:33, 19.43s/it, Train loss=0.393, Train acc=0.137, Test loss=0.472, Test acc=0.166]
 24%|██▎       | 47/200 [15:37<49:33, 19.43s/it, Train loss=0.386, Train acc=0.133, Test loss=0.443, Test acc=0.154]
 24%|██▍       | 48/200 [15:37<49:09, 19.40s/it, Train loss=0.386, Train acc=0.133, Test loss=0.443, Test acc=0.154]
 24%|██▍       | 48/200 [15:56<49:09, 19.40s/it, Train loss=0.379, Train acc=0.133, Test loss=0.464, Test acc=0.159]
 24%|██▍       | 49/200 [15:56<48:16, 19.18s/it, Train loss=0.379, Train acc=0.133, Test loss=0.464, Test acc=0.159]
 24%|██▍       | 49/200 [16:14<48:16, 19.18s/it, Train loss=0.369, Train acc=0.129, Test loss=0.45, Test acc=0.154] 
 25%|██▌       | 50/200 [16:14<47:11, 18.88s/it, Train loss=0.369, Train acc=0.129, Test loss=0.45, Test acc=0.154]
 25%|██▌       | 50/200 [16:32<47:11, 18.88s/it, Train loss=0.364, Train acc=0.128, Test loss=0.449, Test acc=0.153]
 26%|██▌       | 51/200 [16:32<46:21, 18.67s/it, Train loss=0.364, Train acc=0.128, Test loss=0.449, Test acc=0.153]
 26%|██▌       | 51/200 [16:51<46:21, 18.67s/it, Train loss=0.355, Train acc=0.125, Test loss=0.432, Test acc=0.149]
 26%|██▌       | 52/200 [16:51<45:44, 18.55s/it, Train loss=0.355, Train acc=0.125, Test loss=0.432, Test acc=0.149]
 26%|██▌       | 52/200 [17:09<45:44, 18.55s/it, Train loss=0.346, Train acc=0.12, Test loss=0.552, Test acc=0.192] 
 26%|██▋       | 53/200 [17:09<45:13, 18.46s/it, Train loss=0.346, Train acc=0.12, Test loss=0.552, Test acc=0.192]
 26%|██▋       | 53/200 [17:27<45:13, 18.46s/it, Train loss=0.346, Train acc=0.121, Test loss=0.458, Test acc=0.159]
 27%|██▋       | 54/200 [17:27<44:41, 18.37s/it, Train loss=0.346, Train acc=0.121, Test loss=0.458, Test acc=0.159]
 27%|██▋       | 54/200 [17:45<44:41, 18.37s/it, Train loss=0.337, Train acc=0.117, Test loss=0.407, Test acc=0.142]
 28%|██▊       | 55/200 [17:45<44:18, 18.34s/it, Train loss=0.337, Train acc=0.117, Test loss=0.407, Test acc=0.142]
 28%|██▊       | 55/200 [18:04<44:18, 18.34s/it, Train loss=0.329, Train acc=0.116, Test loss=0.421, Test acc=0.145]
 28%|██▊       | 56/200 [18:04<44:01, 18.35s/it, Train loss=0.329, Train acc=0.116, Test loss=0.421, Test acc=0.145]
 28%|██▊       | 56/200 [18:22<44:01, 18.35s/it, Train loss=0.321, Train acc=0.114, Test loss=0.401, Test acc=0.138]
 28%|██▊       | 57/200 [18:22<43:41, 18.33s/it, Train loss=0.321, Train acc=0.114, Test loss=0.401, Test acc=0.138]
 28%|██▊       | 57/200 [18:41<43:41, 18.33s/it, Train loss=0.318, Train acc=0.112, Test loss=0.415, Test acc=0.144]
 29%|██▉       | 58/200 [18:41<43:50, 18.53s/it, Train loss=0.318, Train acc=0.112, Test loss=0.415, Test acc=0.144]
 29%|██▉       | 58/200 [18:59<43:50, 18.53s/it, Train loss=0.31, Train acc=0.109, Test loss=0.436, Test acc=0.147] 
 30%|██▉       | 59/200 [18:59<43:30, 18.51s/it, Train loss=0.31, Train acc=0.109, Test loss=0.436, Test acc=0.147]
 30%|██▉       | 59/200 [19:18<43:30, 18.51s/it, Train loss=0.305, Train acc=0.107, Test loss=0.415, Test acc=0.139]
 30%|███       | 60/200 [19:18<43:14, 18.53s/it, Train loss=0.305, Train acc=0.107, Test loss=0.415, Test acc=0.139]
 30%|███       | 60/200 [19:36<43:14, 18.53s/it, Train loss=0.298, Train acc=0.103, Test loss=0.381, Test acc=0.126]
 30%|███       | 61/200 [19:36<42:57, 18.54s/it, Train loss=0.298, Train acc=0.103, Test loss=0.381, Test acc=0.126]
 30%|███       | 61/200 [19:56<42:57, 18.54s/it, Train loss=0.289, Train acc=0.102, Test loss=0.434, Test acc=0.15] 
 31%|███       | 62/200 [19:56<43:27, 18.89s/it, Train loss=0.289, Train acc=0.102, Test loss=0.434, Test acc=0.15]
 31%|███       | 62/200 [20:15<43:27, 18.89s/it, Train loss=0.286, Train acc=0.101, Test loss=0.408, Test acc=0.14]
 32%|███▏      | 63/200 [20:15<42:51, 18.77s/it, Train loss=0.286, Train acc=0.101, Test loss=0.408, Test acc=0.14]
 32%|███▏      | 63/200 [20:33<42:51, 18.77s/it, Train loss=0.283, Train acc=0.0997, Test loss=0.409, Test acc=0.145]
 32%|███▏      | 64/200 [20:33<42:18, 18.66s/it, Train loss=0.283, Train acc=0.0997, Test loss=0.409, Test acc=0.145]
 32%|███▏      | 64/200 [20:52<42:18, 18.66s/it, Train loss=0.274, Train acc=0.0949, Test loss=0.39, Test acc=0.132] 
 32%|███▎      | 65/200 [20:52<41:49, 18.59s/it, Train loss=0.274, Train acc=0.0949, Test loss=0.39, Test acc=0.132]
 32%|███▎      | 65/200 [21:10<41:49, 18.59s/it, Train loss=0.267, Train acc=0.0933, Test loss=0.393, Test acc=0.137]
 33%|███▎      | 66/200 [21:10<41:39, 18.65s/it, Train loss=0.267, Train acc=0.0933, Test loss=0.393, Test acc=0.137]
 33%|███▎      | 66/200 [21:29<41:39, 18.65s/it, Train loss=0.262, Train acc=0.0929, Test loss=0.42, Test acc=0.137] 
 34%|███▎      | 67/200 [21:29<41:10, 18.57s/it, Train loss=0.262, Train acc=0.0929, Test loss=0.42, Test acc=0.137]
 34%|███▎      | 67/200 [21:48<41:10, 18.57s/it, Train loss=0.255, Train acc=0.0903, Test loss=0.39, Test acc=0.134]
 34%|███▍      | 68/200 [21:48<41:21, 18.80s/it, Train loss=0.255, Train acc=0.0903, Test loss=0.39, Test acc=0.134]
 34%|███▍      | 68/200 [22:07<41:21, 18.80s/it, Train loss=0.255, Train acc=0.089, Test loss=0.398, Test acc=0.135]
 34%|███▍      | 69/200 [22:07<41:14, 18.89s/it, Train loss=0.255, Train acc=0.089, Test loss=0.398, Test acc=0.135]
 34%|███▍      | 69/200 [22:26<41:14, 18.89s/it, Train loss=0.254, Train acc=0.0895, Test loss=0.364, Test acc=0.119]
 35%|███▌      | 70/200 [22:26<40:47, 18.83s/it, Train loss=0.254, Train acc=0.0895, Test loss=0.364, Test acc=0.119]
 35%|███▌      | 70/200 [22:44<40:47, 18.83s/it, Train loss=0.245, Train acc=0.0855, Test loss=0.39, Test acc=0.129] 
 36%|███▌      | 71/200 [22:44<40:18, 18.75s/it, Train loss=0.245, Train acc=0.0855, Test loss=0.39, Test acc=0.129]
 36%|███▌      | 71/200 [23:04<40:18, 18.75s/it, Train loss=0.243, Train acc=0.086, Test loss=0.396, Test acc=0.136]
 36%|███▌      | 72/200 [23:04<40:27, 18.97s/it, Train loss=0.243, Train acc=0.086, Test loss=0.396, Test acc=0.136]
 36%|███▌      | 72/200 [23:23<40:27, 18.97s/it, Train loss=0.234, Train acc=0.084, Test loss=0.375, Test acc=0.12] 
 36%|███▋      | 73/200 [23:23<40:13, 19.00s/it, Train loss=0.234, Train acc=0.084, Test loss=0.375, Test acc=0.12]
 36%|███▋      | 73/200 [23:42<40:13, 19.00s/it, Train loss=0.229, Train acc=0.0809, Test loss=0.368, Test acc=0.12]
 37%|███▋      | 74/200 [23:42<40:03, 19.08s/it, Train loss=0.229, Train acc=0.0809, Test loss=0.368, Test acc=0.12]
 37%|███▋      | 74/200 [24:01<40:03, 19.08s/it, Train loss=0.222, Train acc=0.0793, Test loss=0.359, Test acc=0.122]
 38%|███▊      | 75/200 [24:01<39:36, 19.01s/it, Train loss=0.222, Train acc=0.0793, Test loss=0.359, Test acc=0.122]
 38%|███▊      | 75/200 [24:20<39:36, 19.01s/it, Train loss=0.221, Train acc=0.0778, Test loss=0.389, Test acc=0.125]
 38%|███▊      | 76/200 [24:20<39:22, 19.05s/it, Train loss=0.221, Train acc=0.0778, Test loss=0.389, Test acc=0.125]
 38%|███▊      | 76/200 [24:40<39:22, 19.05s/it, Train loss=0.221, Train acc=0.0776, Test loss=0.351, Test acc=0.117]
 38%|███▊      | 77/200 [24:40<39:24, 19.22s/it, Train loss=0.221, Train acc=0.0776, Test loss=0.351, Test acc=0.117]
 38%|███▊      | 77/200 [25:00<39:24, 19.22s/it, Train loss=0.211, Train acc=0.0749, Test loss=0.368, Test acc=0.12] 
 39%|███▉      | 78/200 [25:00<39:52, 19.61s/it, Train loss=0.211, Train acc=0.0749, Test loss=0.368, Test acc=0.12]
 39%|███▉      | 78/200 [25:19<39:52, 19.61s/it, Train loss=0.21, Train acc=0.074, Test loss=0.401, Test acc=0.131] 
 40%|███▉      | 79/200 [25:19<38:57, 19.32s/it, Train loss=0.21, Train acc=0.074, Test loss=0.401, Test acc=0.131]
 40%|███▉      | 79/200 [25:39<38:57, 19.32s/it, Train loss=0.203, Train acc=0.072, Test loss=0.362, Test acc=0.12]
 40%|████      | 80/200 [25:39<38:56, 19.47s/it, Train loss=0.203, Train acc=0.072, Test loss=0.362, Test acc=0.12]
 40%|████      | 80/200 [25:58<38:56, 19.47s/it, Train loss=0.199, Train acc=0.0716, Test loss=0.353, Test acc=0.117]
 40%|████      | 81/200 [25:58<38:29, 19.41s/it, Train loss=0.199, Train acc=0.0716, Test loss=0.353, Test acc=0.117]
 40%|████      | 81/200 [26:17<38:29, 19.41s/it, Train loss=0.197, Train acc=0.0695, Test loss=0.404, Test acc=0.129]
 41%|████      | 82/200 [26:17<38:02, 19.35s/it, Train loss=0.197, Train acc=0.0695, Test loss=0.404, Test acc=0.129]
 41%|████      | 82/200 [26:37<38:02, 19.35s/it, Train loss=0.188, Train acc=0.0671, Test loss=0.338, Test acc=0.108]
 42%|████▏     | 83/200 [26:37<37:47, 19.38s/it, Train loss=0.188, Train acc=0.0671, Test loss=0.338, Test acc=0.108]
 42%|████▏     | 83/200 [26:55<37:47, 19.38s/it, Train loss=0.194, Train acc=0.0688, Test loss=0.339, Test acc=0.116]
 42%|████▏     | 84/200 [26:55<36:54, 19.09s/it, Train loss=0.194, Train acc=0.0688, Test loss=0.339, Test acc=0.116]
 42%|████▏     | 84/200 [27:14<36:54, 19.09s/it, Train loss=0.187, Train acc=0.0656, Test loss=0.35, Test acc=0.111] 
 42%|████▎     | 85/200 [27:14<36:22, 18.98s/it, Train loss=0.187, Train acc=0.0656, Test loss=0.35, Test acc=0.111]
 42%|████▎     | 85/200 [27:33<36:22, 18.98s/it, Train loss=0.184, Train acc=0.0642, Test loss=0.361, Test acc=0.119]
 43%|████▎     | 86/200 [27:33<36:02, 18.97s/it, Train loss=0.184, Train acc=0.0642, Test loss=0.361, Test acc=0.119]
 43%|████▎     | 86/200 [27:52<36:02, 18.97s/it, Train loss=0.18, Train acc=0.0637, Test loss=0.371, Test acc=0.116] 
 44%|████▎     | 87/200 [27:52<35:43, 18.97s/it, Train loss=0.18, Train acc=0.0637, Test loss=0.371, Test acc=0.116]
 44%|████▎     | 87/200 [28:10<35:43, 18.97s/it, Train loss=0.173, Train acc=0.0621, Test loss=0.386, Test acc=0.118]
 44%|████▍     | 88/200 [28:10<35:10, 18.85s/it, Train loss=0.173, Train acc=0.0621, Test loss=0.386, Test acc=0.118]
 44%|████▍     | 88/200 [28:29<35:10, 18.85s/it, Train loss=0.169, Train acc=0.0606, Test loss=0.367, Test acc=0.113]
 44%|████▍     | 89/200 [28:29<34:44, 18.78s/it, Train loss=0.169, Train acc=0.0606, Test loss=0.367, Test acc=0.113]
 44%|████▍     | 89/200 [28:47<34:44, 18.78s/it, Train loss=0.169, Train acc=0.0594, Test loss=0.369, Test acc=0.116]
 45%|████▌     | 90/200 [28:47<34:18, 18.71s/it, Train loss=0.169, Train acc=0.0594, Test loss=0.369, Test acc=0.116]
 45%|████▌     | 90/200 [29:06<34:18, 18.71s/it, Train loss=0.16, Train acc=0.0578, Test loss=0.355, Test acc=0.11]  
 46%|████▌     | 91/200 [29:06<33:58, 18.70s/it, Train loss=0.16, Train acc=0.0578, Test loss=0.355, Test acc=0.11]
 46%|████▌     | 91/200 [29:26<33:58, 18.70s/it, Train loss=0.161, Train acc=0.0578, Test loss=0.349, Test acc=0.109]
 46%|████▌     | 92/200 [29:26<34:11, 18.99s/it, Train loss=0.161, Train acc=0.0578, Test loss=0.349, Test acc=0.109]
 46%|████▌     | 92/200 [29:45<34:11, 18.99s/it, Train loss=0.15, Train acc=0.0534, Test loss=0.374, Test acc=0.112] 
 46%|████▋     | 93/200 [29:45<33:59, 19.06s/it, Train loss=0.15, Train acc=0.0534, Test loss=0.374, Test acc=0.112]
 46%|████▋     | 93/200 [30:04<33:59, 19.06s/it, Train loss=0.15, Train acc=0.0543, Test loss=0.393, Test acc=0.12] 
 47%|████▋     | 94/200 [30:04<33:43, 19.09s/it, Train loss=0.15, Train acc=0.0543, Test loss=0.393, Test acc=0.12]
 47%|████▋     | 94/200 [30:23<33:43, 19.09s/it, Train loss=0.147, Train acc=0.0524, Test loss=0.375, Test acc=0.116]
 48%|████▊     | 95/200 [30:23<33:01, 18.87s/it, Train loss=0.147, Train acc=0.0524, Test loss=0.375, Test acc=0.116]
 48%|████▊     | 95/200 [30:41<33:01, 18.87s/it, Train loss=0.145, Train acc=0.052, Test loss=0.366, Test acc=0.112] 
 48%|████▊     | 96/200 [30:41<32:39, 18.84s/it, Train loss=0.145, Train acc=0.052, Test loss=0.366, Test acc=0.112]
 48%|████▊     | 96/200 [31:00<32:39, 18.84s/it, Train loss=0.145, Train acc=0.0519, Test loss=0.338, Test acc=0.109]
 48%|████▊     | 97/200 [31:00<32:26, 18.90s/it, Train loss=0.145, Train acc=0.0519, Test loss=0.338, Test acc=0.109]
 48%|████▊     | 97/200 [31:19<32:26, 18.90s/it, Train loss=0.137, Train acc=0.0484, Test loss=0.341, Test acc=0.106]
 49%|████▉     | 98/200 [31:19<31:53, 18.76s/it, Train loss=0.137, Train acc=0.0484, Test loss=0.341, Test acc=0.106]
 49%|████▉     | 98/200 [31:37<31:53, 18.76s/it, Train loss=0.142, Train acc=0.0512, Test loss=0.351, Test acc=0.105]
 50%|████▉     | 99/200 [31:37<31:32, 18.74s/it, Train loss=0.142, Train acc=0.0512, Test loss=0.351, Test acc=0.105]
 50%|████▉     | 99/200 [31:56<31:32, 18.74s/it, Train loss=0.13, Train acc=0.0456, Test loss=0.345, Test acc=0.103] 
 50%|█████     | 100/200 [31:56<31:14, 18.75s/it, Train loss=0.13, Train acc=0.0456, Test loss=0.345, Test acc=0.103]
 50%|█████     | 100/200 [32:15<31:14, 18.75s/it, Train loss=0.129, Train acc=0.0459, Test loss=0.348, Test acc=0.104]
 50%|█████     | 101/200 [32:15<31:04, 18.84s/it, Train loss=0.129, Train acc=0.0459, Test loss=0.348, Test acc=0.104]
 50%|█████     | 101/200 [32:33<31:04, 18.84s/it, Train loss=0.126, Train acc=0.0452, Test loss=0.373, Test acc=0.113]
 51%|█████     | 102/200 [32:33<30:26, 18.64s/it, Train loss=0.126, Train acc=0.0452, Test loss=0.373, Test acc=0.113]
 51%|█████     | 102/200 [32:52<30:26, 18.64s/it, Train loss=0.122, Train acc=0.0442, Test loss=0.347, Test acc=0.105]
 52%|█████▏    | 103/200 [32:52<30:07, 18.63s/it, Train loss=0.122, Train acc=0.0442, Test loss=0.347, Test acc=0.105]
 52%|█████▏    | 103/200 [33:10<30:07, 18.63s/it, Train loss=0.119, Train acc=0.0433, Test loss=0.349, Test acc=0.105]
 52%|█████▏    | 104/200 [33:10<29:39, 18.54s/it, Train loss=0.119, Train acc=0.0433, Test loss=0.349, Test acc=0.105]
 52%|█████▏    | 104/200 [33:29<29:39, 18.54s/it, Train loss=0.118, Train acc=0.0423, Test loss=0.356, Test acc=0.102]
 52%|█████▎    | 105/200 [33:29<29:11, 18.44s/it, Train loss=0.118, Train acc=0.0423, Test loss=0.356, Test acc=0.102]
 52%|█████▎    | 105/200 [33:47<29:11, 18.44s/it, Train loss=0.115, Train acc=0.0412, Test loss=0.38, Test acc=0.107] 
 53%|█████▎    | 106/200 [33:47<28:45, 18.36s/it, Train loss=0.115, Train acc=0.0412, Test loss=0.38, Test acc=0.107]
 53%|█████▎    | 106/200 [34:05<28:45, 18.36s/it, Train loss=0.112, Train acc=0.0395, Test loss=0.363, Test acc=0.103]
 54%|█████▎    | 107/200 [34:05<28:24, 18.33s/it, Train loss=0.112, Train acc=0.0395, Test loss=0.363, Test acc=0.103]
 54%|█████▎    | 107/200 [34:23<28:24, 18.33s/it, Train loss=0.11, Train acc=0.0396, Test loss=0.351, Test acc=0.104] 
 54%|█████▍    | 108/200 [34:23<28:04, 18.31s/it, Train loss=0.11, Train acc=0.0396, Test loss=0.351, Test acc=0.104]
 54%|█████▍    | 108/200 [34:42<28:04, 18.31s/it, Train loss=0.107, Train acc=0.0376, Test loss=0.342, Test acc=0.0993]
 55%|█████▍    | 109/200 [34:42<27:43, 18.28s/it, Train loss=0.107, Train acc=0.0376, Test loss=0.342, Test acc=0.0993]
 55%|█████▍    | 109/200 [35:00<27:43, 18.28s/it, Train loss=0.102, Train acc=0.0366, Test loss=0.365, Test acc=0.102] 
 55%|█████▌    | 110/200 [35:00<27:29, 18.32s/it, Train loss=0.102, Train acc=0.0366, Test loss=0.365, Test acc=0.102]
 55%|█████▌    | 110/200 [35:18<27:29, 18.32s/it, Train loss=0.101, Train acc=0.0364, Test loss=0.344, Test acc=0.0951]
 56%|█████▌    | 111/200 [35:18<27:10, 18.32s/it, Train loss=0.101, Train acc=0.0364, Test loss=0.344, Test acc=0.0951]
 56%|█████▌    | 111/200 [35:37<27:10, 18.32s/it, Train loss=0.102, Train acc=0.036, Test loss=0.346, Test acc=0.0983] 
 56%|█████▌    | 112/200 [35:37<26:51, 18.31s/it, Train loss=0.102, Train acc=0.036, Test loss=0.346, Test acc=0.0983]
 56%|█████▌    | 112/200 [35:56<26:51, 18.31s/it, Train loss=0.0983, Train acc=0.035, Test loss=0.359, Test acc=0.101]
 56%|█████▋    | 113/200 [35:56<27:05, 18.68s/it, Train loss=0.0983, Train acc=0.035, Test loss=0.359, Test acc=0.101]
 56%|█████▋    | 113/200 [36:14<27:05, 18.68s/it, Train loss=0.0971, Train acc=0.0337, Test loss=0.338, Test acc=0.0964]
 57%|█████▋    | 114/200 [36:14<26:36, 18.56s/it, Train loss=0.0971, Train acc=0.0337, Test loss=0.338, Test acc=0.0964]
 57%|█████▋    | 114/200 [36:33<26:36, 18.56s/it, Train loss=0.0906, Train acc=0.0326, Test loss=0.342, Test acc=0.0969]
 57%|█████▊    | 115/200 [36:33<26:10, 18.48s/it, Train loss=0.0906, Train acc=0.0326, Test loss=0.342, Test acc=0.0969]
 57%|█████▊    | 115/200 [36:51<26:10, 18.48s/it, Train loss=0.0898, Train acc=0.0329, Test loss=0.343, Test acc=0.0972]
 58%|█████▊    | 116/200 [36:51<25:43, 18.38s/it, Train loss=0.0898, Train acc=0.0329, Test loss=0.343, Test acc=0.0972]
 58%|█████▊    | 116/200 [37:09<25:43, 18.38s/it, Train loss=0.0883, Train acc=0.0311, Test loss=0.355, Test acc=0.101] 
 58%|█████▊    | 117/200 [37:09<25:23, 18.36s/it, Train loss=0.0883, Train acc=0.0311, Test loss=0.355, Test acc=0.101]
 58%|█████▊    | 117/200 [37:27<25:23, 18.36s/it, Train loss=0.0868, Train acc=0.0316, Test loss=0.368, Test acc=0.101]
 59%|█████▉    | 118/200 [37:27<25:04, 18.35s/it, Train loss=0.0868, Train acc=0.0316, Test loss=0.368, Test acc=0.101]
 59%|█████▉    | 118/200 [37:46<25:04, 18.35s/it, Train loss=0.0818, Train acc=0.0285, Test loss=0.355, Test acc=0.099]
 60%|█████▉    | 119/200 [37:46<24:46, 18.36s/it, Train loss=0.0818, Train acc=0.0285, Test loss=0.355, Test acc=0.099]
 60%|█████▉    | 119/200 [38:05<24:46, 18.36s/it, Train loss=0.0806, Train acc=0.0291, Test loss=0.352, Test acc=0.0957]
 60%|██████    | 120/200 [38:05<24:59, 18.74s/it, Train loss=0.0806, Train acc=0.0291, Test loss=0.352, Test acc=0.0957]
 60%|██████    | 120/200 [38:24<24:59, 18.74s/it, Train loss=0.0752, Train acc=0.0266, Test loss=0.353, Test acc=0.0933]
 60%|██████    | 121/200 [38:24<24:35, 18.67s/it, Train loss=0.0752, Train acc=0.0266, Test loss=0.353, Test acc=0.0933]
 60%|██████    | 121/200 [38:43<24:35, 18.67s/it, Train loss=0.0742, Train acc=0.0261, Test loss=0.356, Test acc=0.0957]
 61%|██████    | 122/200 [38:43<24:14, 18.64s/it, Train loss=0.0742, Train acc=0.0261, Test loss=0.356, Test acc=0.0957]
 61%|██████    | 122/200 [39:01<24:14, 18.64s/it, Train loss=0.0732, Train acc=0.0259, Test loss=0.376, Test acc=0.098] 
 62%|██████▏   | 123/200 [39:01<23:56, 18.66s/it, Train loss=0.0732, Train acc=0.0259, Test loss=0.376, Test acc=0.098]
 62%|██████▏   | 123/200 [39:20<23:56, 18.66s/it, Train loss=0.0695, Train acc=0.0248, Test loss=0.361, Test acc=0.0935]
 62%|██████▏   | 124/200 [39:20<23:40, 18.69s/it, Train loss=0.0695, Train acc=0.0248, Test loss=0.361, Test acc=0.0935]
 62%|██████▏   | 124/200 [39:39<23:40, 18.69s/it, Train loss=0.07, Train acc=0.0237, Test loss=0.355, Test acc=0.0937]  
 62%|██████▎   | 125/200 [39:39<23:21, 18.68s/it, Train loss=0.07, Train acc=0.0237, Test loss=0.355, Test acc=0.0937]
 62%|██████▎   | 125/200 [39:58<23:21, 18.68s/it, Train loss=0.0694, Train acc=0.0245, Test loss=0.36, Test acc=0.0949]
 63%|██████▎   | 126/200 [39:58<23:21, 18.94s/it, Train loss=0.0694, Train acc=0.0245, Test loss=0.36, Test acc=0.0949]
 63%|██████▎   | 126/200 [40:18<23:21, 18.94s/it, Train loss=0.0661, Train acc=0.0242, Test loss=0.355, Test acc=0.0927]
 64%|██████▎   | 127/200 [40:18<23:26, 19.27s/it, Train loss=0.0661, Train acc=0.0242, Test loss=0.355, Test acc=0.0927]
 64%|██████▎   | 127/200 [40:38<23:26, 19.27s/it, Train loss=0.0637, Train acc=0.0224, Test loss=0.36, Test acc=0.0941] 
 64%|██████▍   | 128/200 [40:38<23:08, 19.29s/it, Train loss=0.0637, Train acc=0.0224, Test loss=0.36, Test acc=0.0941]
 64%|██████▍   | 128/200 [40:57<23:08, 19.29s/it, Train loss=0.0621, Train acc=0.0222, Test loss=0.365, Test acc=0.093]
 64%|██████▍   | 129/200 [40:57<22:44, 19.22s/it, Train loss=0.0621, Train acc=0.0222, Test loss=0.365, Test acc=0.093]
 64%|██████▍   | 129/200 [41:16<22:44, 19.22s/it, Train loss=0.0593, Train acc=0.0208, Test loss=0.357, Test acc=0.0936]
 65%|██████▌   | 130/200 [41:16<22:30, 19.29s/it, Train loss=0.0593, Train acc=0.0208, Test loss=0.357, Test acc=0.0936]
 65%|██████▌   | 130/200 [41:36<22:30, 19.29s/it, Train loss=0.0556, Train acc=0.0189, Test loss=0.359, Test acc=0.0924]
 66%|██████▌   | 131/200 [41:36<22:20, 19.43s/it, Train loss=0.0556, Train acc=0.0189, Test loss=0.359, Test acc=0.0924]
 66%|██████▌   | 131/200 [41:54<22:20, 19.43s/it, Train loss=0.0597, Train acc=0.0213, Test loss=0.377, Test acc=0.0942]
 66%|██████▌   | 132/200 [41:54<21:44, 19.18s/it, Train loss=0.0597, Train acc=0.0213, Test loss=0.377, Test acc=0.0942]
 66%|██████▌   | 132/200 [42:13<21:44, 19.18s/it, Train loss=0.0566, Train acc=0.0195, Test loss=0.378, Test acc=0.0947]
 66%|██████▋   | 133/200 [42:13<21:12, 19.00s/it, Train loss=0.0566, Train acc=0.0195, Test loss=0.378, Test acc=0.0947]
 66%|██████▋   | 133/200 [42:31<21:12, 19.00s/it, Train loss=0.0538, Train acc=0.0188, Test loss=0.356, Test acc=0.0908]
 67%|██████▋   | 134/200 [42:31<20:43, 18.84s/it, Train loss=0.0538, Train acc=0.0188, Test loss=0.356, Test acc=0.0908]
 67%|██████▋   | 134/200 [42:50<20:43, 18.84s/it, Train loss=0.053, Train acc=0.0187, Test loss=0.357, Test acc=0.0919] 
 68%|██████▊   | 135/200 [42:50<20:18, 18.74s/it, Train loss=0.053, Train acc=0.0187, Test loss=0.357, Test acc=0.0919]
 68%|██████▊   | 135/200 [43:09<20:18, 18.74s/it, Train loss=0.0507, Train acc=0.0176, Test loss=0.366, Test acc=0.0934]
 68%|██████▊   | 136/200 [43:09<20:09, 18.89s/it, Train loss=0.0507, Train acc=0.0176, Test loss=0.366, Test acc=0.0934]
 68%|██████▊   | 136/200 [43:28<20:09, 18.89s/it, Train loss=0.0475, Train acc=0.0164, Test loss=0.368, Test acc=0.0921]
 68%|██████▊   | 137/200 [43:28<19:52, 18.93s/it, Train loss=0.0475, Train acc=0.0164, Test loss=0.368, Test acc=0.0921]
 68%|██████▊   | 137/200 [43:47<19:52, 18.93s/it, Train loss=0.0466, Train acc=0.0157, Test loss=0.362, Test acc=0.0904]
 69%|██████▉   | 138/200 [43:47<19:27, 18.83s/it, Train loss=0.0466, Train acc=0.0157, Test loss=0.362, Test acc=0.0904]
 69%|██████▉   | 138/200 [44:05<19:27, 18.83s/it, Train loss=0.0426, Train acc=0.0146, Test loss=0.356, Test acc=0.0893]
 70%|██████▉   | 139/200 [44:05<19:04, 18.77s/it, Train loss=0.0426, Train acc=0.0146, Test loss=0.356, Test acc=0.0893]
 70%|██████▉   | 139/200 [44:24<19:04, 18.77s/it, Train loss=0.0449, Train acc=0.0156, Test loss=0.377, Test acc=0.0925]
 70%|███████   | 140/200 [44:24<18:45, 18.77s/it, Train loss=0.0449, Train acc=0.0156, Test loss=0.377, Test acc=0.0925]
 70%|███████   | 140/200 [44:43<18:45, 18.77s/it, Train loss=0.0416, Train acc=0.0143, Test loss=0.381, Test acc=0.091] 
 70%|███████   | 141/200 [44:43<18:21, 18.68s/it, Train loss=0.0416, Train acc=0.0143, Test loss=0.381, Test acc=0.091]
 70%|███████   | 141/200 [45:02<18:21, 18.68s/it, Train loss=0.0425, Train acc=0.0145, Test loss=0.375, Test acc=0.0877]
 71%|███████   | 142/200 [45:02<18:09, 18.79s/it, Train loss=0.0425, Train acc=0.0145, Test loss=0.375, Test acc=0.0877]
 71%|███████   | 142/200 [45:21<18:09, 18.79s/it, Train loss=0.0406, Train acc=0.0137, Test loss=0.381, Test acc=0.0915]
 72%|███████▏  | 143/200 [45:21<17:52, 18.81s/it, Train loss=0.0406, Train acc=0.0137, Test loss=0.381, Test acc=0.0915]
 72%|███████▏  | 143/200 [45:39<17:52, 18.81s/it, Train loss=0.0392, Train acc=0.0134, Test loss=0.366, Test acc=0.0897]
 72%|███████▏  | 144/200 [45:39<17:34, 18.82s/it, Train loss=0.0392, Train acc=0.0134, Test loss=0.366, Test acc=0.0897]
 72%|███████▏  | 144/200 [45:58<17:34, 18.82s/it, Train loss=0.0387, Train acc=0.0129, Test loss=0.358, Test acc=0.0859]
 72%|███████▎  | 145/200 [45:58<17:15, 18.83s/it, Train loss=0.0387, Train acc=0.0129, Test loss=0.358, Test acc=0.0859]
 72%|███████▎  | 145/200 [46:18<17:15, 18.83s/it, Train loss=0.0364, Train acc=0.0123, Test loss=0.361, Test acc=0.0878]
 73%|███████▎  | 146/200 [46:18<17:07, 19.02s/it, Train loss=0.0364, Train acc=0.0123, Test loss=0.361, Test acc=0.0878]
 73%|███████▎  | 146/200 [46:37<17:07, 19.02s/it, Train loss=0.0365, Train acc=0.0123, Test loss=0.368, Test acc=0.0859]
 74%|███████▎  | 147/200 [46:37<16:53, 19.12s/it, Train loss=0.0365, Train acc=0.0123, Test loss=0.368, Test acc=0.0859]
 74%|███████▎  | 147/200 [46:57<16:53, 19.12s/it, Train loss=0.0334, Train acc=0.0111, Test loss=0.371, Test acc=0.0871]
 74%|███████▍  | 148/200 [46:57<16:39, 19.22s/it, Train loss=0.0334, Train acc=0.0111, Test loss=0.371, Test acc=0.0871]
 74%|███████▍  | 148/200 [47:16<16:39, 19.22s/it, Train loss=0.035, Train acc=0.0118, Test loss=0.36, Test acc=0.0876]  
 74%|███████▍  | 149/200 [47:16<16:28, 19.39s/it, Train loss=0.035, Train acc=0.0118, Test loss=0.36, Test acc=0.0876]
 74%|███████▍  | 149/200 [47:35<16:28, 19.39s/it, Train loss=0.0326, Train acc=0.0108, Test loss=0.375, Test acc=0.0886]
 75%|███████▌  | 150/200 [47:35<15:56, 19.13s/it, Train loss=0.0326, Train acc=0.0108, Test loss=0.375, Test acc=0.0886]
 75%|███████▌  | 150/200 [47:55<15:56, 19.13s/it, Train loss=0.0303, Train acc=0.0101, Test loss=0.373, Test acc=0.086] 
 76%|███████▌  | 151/200 [47:55<15:56, 19.52s/it, Train loss=0.0303, Train acc=0.0101, Test loss=0.373, Test acc=0.086]
 76%|███████▌  | 151/200 [48:15<15:56, 19.52s/it, Train loss=0.03, Train acc=0.0101, Test loss=0.37, Test acc=0.0868]  
 76%|███████▌  | 152/200 [48:15<15:38, 19.55s/it, Train loss=0.03, Train acc=0.0101, Test loss=0.37, Test acc=0.0868]
 76%|███████▌  | 152/200 [48:34<15:38, 19.55s/it, Train loss=0.03, Train acc=0.00959, Test loss=0.373, Test acc=0.0877]
 76%|███████▋  | 153/200 [48:34<15:18, 19.54s/it, Train loss=0.03, Train acc=0.00959, Test loss=0.373, Test acc=0.0877]
 76%|███████▋  | 153/200 [48:53<15:18, 19.54s/it, Train loss=0.0298, Train acc=0.0098, Test loss=0.381, Test acc=0.0868]
 77%|███████▋  | 154/200 [48:53<14:42, 19.18s/it, Train loss=0.0298, Train acc=0.0098, Test loss=0.381, Test acc=0.0868]
 77%|███████▋  | 154/200 [49:12<14:42, 19.18s/it, Train loss=0.0273, Train acc=0.00813, Test loss=0.375, Test acc=0.0866]
 78%|███████▊  | 155/200 [49:12<14:27, 19.27s/it, Train loss=0.0273, Train acc=0.00813, Test loss=0.375, Test acc=0.0866]
 78%|███████▊  | 155/200 [49:31<14:27, 19.27s/it, Train loss=0.0277, Train acc=0.00911, Test loss=0.373, Test acc=0.0859]
 78%|███████▊  | 156/200 [49:31<14:02, 19.16s/it, Train loss=0.0277, Train acc=0.00911, Test loss=0.373, Test acc=0.0859]
 78%|███████▊  | 156/200 [49:50<14:02, 19.16s/it, Train loss=0.0257, Train acc=0.00791, Test loss=0.373, Test acc=0.0855]
 78%|███████▊  | 157/200 [49:50<13:41, 19.10s/it, Train loss=0.0257, Train acc=0.00791, Test loss=0.373, Test acc=0.0855]
 78%|███████▊  | 157/200 [50:09<13:41, 19.10s/it, Train loss=0.0258, Train acc=0.00833, Test loss=0.372, Test acc=0.0849]
 79%|███████▉  | 158/200 [50:09<13:24, 19.16s/it, Train loss=0.0258, Train acc=0.00833, Test loss=0.372, Test acc=0.0849]
 79%|███████▉  | 158/200 [50:28<13:24, 19.16s/it, Train loss=0.0245, Train acc=0.00758, Test loss=0.372, Test acc=0.0866]
 80%|███████▉  | 159/200 [50:28<12:54, 18.89s/it, Train loss=0.0245, Train acc=0.00758, Test loss=0.372, Test acc=0.0866]
 80%|███████▉  | 159/200 [50:46<12:54, 18.89s/it, Train loss=0.0237, Train acc=0.00741, Test loss=0.376, Test acc=0.0856]
 80%|████████  | 160/200 [50:46<12:28, 18.72s/it, Train loss=0.0237, Train acc=0.00741, Test loss=0.376, Test acc=0.0856]
 80%|████████  | 160/200 [51:04<12:28, 18.72s/it, Train loss=0.0244, Train acc=0.00762, Test loss=0.374, Test acc=0.0869]
 80%|████████  | 161/200 [51:04<12:04, 18.58s/it, Train loss=0.0244, Train acc=0.00762, Test loss=0.374, Test acc=0.0869]
 80%|████████  | 161/200 [51:23<12:04, 18.58s/it, Train loss=0.0242, Train acc=0.00747, Test loss=0.37, Test acc=0.0846] 
 81%|████████  | 162/200 [51:23<11:42, 18.50s/it, Train loss=0.0242, Train acc=0.00747, Test loss=0.37, Test acc=0.0846]
 81%|████████  | 162/200 [51:41<11:42, 18.50s/it, Train loss=0.0241, Train acc=0.00723, Test loss=0.367, Test acc=0.0837]
 82%|████████▏ | 163/200 [51:41<11:25, 18.53s/it, Train loss=0.0241, Train acc=0.00723, Test loss=0.367, Test acc=0.0837]
 82%|████████▏ | 163/200 [52:00<11:25, 18.53s/it, Train loss=0.0227, Train acc=0.00673, Test loss=0.373, Test acc=0.0845]
 82%|████████▏ | 164/200 [52:00<11:11, 18.64s/it, Train loss=0.0227, Train acc=0.00673, Test loss=0.373, Test acc=0.0845]
 82%|████████▏ | 164/200 [52:20<11:11, 18.64s/it, Train loss=0.022, Train acc=0.00719, Test loss=0.375, Test acc=0.0848] 
 82%|████████▎ | 165/200 [52:20<11:02, 18.93s/it, Train loss=0.022, Train acc=0.00719, Test loss=0.375, Test acc=0.0848]
 82%|████████▎ | 165/200 [52:40<11:02, 18.93s/it, Train loss=0.0211, Train acc=0.00653, Test loss=0.377, Test acc=0.084]
 83%|████████▎ | 166/200 [52:40<10:55, 19.29s/it, Train loss=0.0211, Train acc=0.00653, Test loss=0.377, Test acc=0.084]
 83%|████████▎ | 166/200 [53:00<10:55, 19.29s/it, Train loss=0.0212, Train acc=0.00649, Test loss=0.376, Test acc=0.0835]
 84%|████████▎ | 167/200 [53:00<10:49, 19.67s/it, Train loss=0.0212, Train acc=0.00649, Test loss=0.376, Test acc=0.0835]
 84%|████████▎ | 167/200 [53:21<10:49, 19.67s/it, Train loss=0.0199, Train acc=0.0059, Test loss=0.374, Test acc=0.0832] 
 84%|████████▍ | 168/200 [53:21<10:40, 20.02s/it, Train loss=0.0199, Train acc=0.0059, Test loss=0.374, Test acc=0.0832]
 84%|████████▍ | 168/200 [53:42<10:40, 20.02s/it, Train loss=0.0192, Train acc=0.00598, Test loss=0.373, Test acc=0.0832]
 84%|████████▍ | 169/200 [53:42<10:26, 20.20s/it, Train loss=0.0192, Train acc=0.00598, Test loss=0.373, Test acc=0.0832]
 84%|████████▍ | 169/200 [54:02<10:26, 20.20s/it, Train loss=0.0181, Train acc=0.00508, Test loss=0.375, Test acc=0.0838]
 85%|████████▌ | 170/200 [54:02<10:07, 20.26s/it, Train loss=0.0181, Train acc=0.00508, Test loss=0.375, Test acc=0.0838]
 85%|████████▌ | 170/200 [54:21<10:07, 20.26s/it, Train loss=0.0181, Train acc=0.00521, Test loss=0.376, Test acc=0.0828]
 86%|████████▌ | 171/200 [54:21<09:35, 19.86s/it, Train loss=0.0181, Train acc=0.00521, Test loss=0.376, Test acc=0.0828]
 86%|████████▌ | 171/200 [54:40<09:35, 19.86s/it, Train loss=0.0188, Train acc=0.00551, Test loss=0.374, Test acc=0.083] 
 86%|████████▌ | 172/200 [54:40<09:03, 19.41s/it, Train loss=0.0188, Train acc=0.00551, Test loss=0.374, Test acc=0.083]
 86%|████████▌ | 172/200 [54:58<09:03, 19.41s/it, Train loss=0.0175, Train acc=0.00493, Test loss=0.375, Test acc=0.0826]
 86%|████████▋ | 173/200 [54:58<08:34, 19.06s/it, Train loss=0.0175, Train acc=0.00493, Test loss=0.375, Test acc=0.0826]
 86%|████████▋ | 173/200 [55:17<08:34, 19.06s/it, Train loss=0.018, Train acc=0.00516, Test loss=0.373, Test acc=0.0839] 
 87%|████████▋ | 174/200 [55:17<08:14, 19.02s/it, Train loss=0.018, Train acc=0.00516, Test loss=0.373, Test acc=0.0839]
 87%|████████▋ | 174/200 [55:35<08:14, 19.02s/it, Train loss=0.0169, Train acc=0.00478, Test loss=0.378, Test acc=0.0827]
 88%|████████▊ | 175/200 [55:35<07:50, 18.82s/it, Train loss=0.0169, Train acc=0.00478, Test loss=0.378, Test acc=0.0827]
 88%|████████▊ | 175/200 [55:53<07:50, 18.82s/it, Train loss=0.0176, Train acc=0.00525, Test loss=0.377, Test acc=0.0811]
 88%|████████▊ | 176/200 [55:53<07:28, 18.67s/it, Train loss=0.0176, Train acc=0.00525, Test loss=0.377, Test acc=0.0811]
 88%|████████▊ | 176/200 [56:12<07:28, 18.67s/it, Train loss=0.0171, Train acc=0.00474, Test loss=0.38, Test acc=0.0819] 
 88%|████████▊ | 177/200 [56:12<07:07, 18.59s/it, Train loss=0.0171, Train acc=0.00474, Test loss=0.38, Test acc=0.0819]
 88%|████████▊ | 177/200 [56:30<07:07, 18.59s/it, Train loss=0.0166, Train acc=0.00478, Test loss=0.375, Test acc=0.0823]
 89%|████████▉ | 178/200 [56:30<06:48, 18.58s/it, Train loss=0.0166, Train acc=0.00478, Test loss=0.375, Test acc=0.0823]
 89%|████████▉ | 178/200 [56:49<06:48, 18.58s/it, Train loss=0.0168, Train acc=0.0046, Test loss=0.376, Test acc=0.0834] 
 90%|████████▉ | 179/200 [56:49<06:28, 18.51s/it, Train loss=0.0168, Train acc=0.0046, Test loss=0.376, Test acc=0.0834]
 90%|████████▉ | 179/200 [57:07<06:28, 18.51s/it, Train loss=0.0161, Train acc=0.00456, Test loss=0.376, Test acc=0.0828]
 90%|█████████ | 180/200 [57:07<06:08, 18.44s/it, Train loss=0.0161, Train acc=0.00456, Test loss=0.376, Test acc=0.0828]
 90%|█████████ | 180/200 [57:25<06:08, 18.44s/it, Train loss=0.0159, Train acc=0.00476, Test loss=0.376, Test acc=0.0833]
 90%|█████████ | 181/200 [57:25<05:49, 18.37s/it, Train loss=0.0159, Train acc=0.00476, Test loss=0.376, Test acc=0.0833]
 90%|█████████ | 181/200 [57:44<05:49, 18.37s/it, Train loss=0.0155, Train acc=0.00418, Test loss=0.382, Test acc=0.0838]
 91%|█████████ | 182/200 [57:44<05:30, 18.36s/it, Train loss=0.0155, Train acc=0.00418, Test loss=0.382, Test acc=0.0838]
 91%|█████████ | 182/200 [58:02<05:30, 18.36s/it, Train loss=0.016, Train acc=0.0045, Test loss=0.381, Test acc=0.0823]  
 92%|█████████▏| 183/200 [58:02<05:11, 18.35s/it, Train loss=0.016, Train acc=0.0045, Test loss=0.381, Test acc=0.0823]
 92%|█████████▏| 183/200 [58:20<05:11, 18.35s/it, Train loss=0.0159, Train acc=0.00468, Test loss=0.377, Test acc=0.0829]
 92%|█████████▏| 184/200 [58:20<04:53, 18.32s/it, Train loss=0.0159, Train acc=0.00468, Test loss=0.377, Test acc=0.0829]
 92%|█████████▏| 184/200 [58:41<04:53, 18.32s/it, Train loss=0.0155, Train acc=0.00436, Test loss=0.379, Test acc=0.0833]
 92%|█████████▎| 185/200 [58:41<04:44, 18.99s/it, Train loss=0.0155, Train acc=0.00436, Test loss=0.379, Test acc=0.0833]
 92%|█████████▎| 185/200 [59:02<04:44, 18.99s/it, Train loss=0.0156, Train acc=0.00412, Test loss=0.382, Test acc=0.0821]
 93%|█████████▎| 186/200 [59:02<04:34, 19.63s/it, Train loss=0.0156, Train acc=0.00412, Test loss=0.382, Test acc=0.0821]
 93%|█████████▎| 186/200 [59:20<04:34, 19.63s/it, Train loss=0.0161, Train acc=0.00444, Test loss=0.38, Test acc=0.0826] 
 94%|█████████▎| 187/200 [59:20<04:09, 19.23s/it, Train loss=0.0161, Train acc=0.00444, Test loss=0.38, Test acc=0.0826]
 94%|█████████▎| 187/200 [59:38<04:09, 19.23s/it, Train loss=0.0152, Train acc=0.0044, Test loss=0.381, Test acc=0.0827]
 94%|█████████▍| 188/200 [59:38<03:47, 18.96s/it, Train loss=0.0152, Train acc=0.0044, Test loss=0.381, Test acc=0.0827]
 94%|█████████▍| 188/200 [59:57<03:47, 18.96s/it, Train loss=0.0158, Train acc=0.00431, Test loss=0.379, Test acc=0.0829]
 94%|█████████▍| 189/200 [59:57<03:26, 18.76s/it, Train loss=0.0158, Train acc=0.00431, Test loss=0.379, Test acc=0.0829]
 94%|█████████▍| 189/200 [1:00:15<03:26, 18.76s/it, Train loss=0.0147, Train acc=0.0041, Test loss=0.378, Test acc=0.0822]
 95%|█████████▌| 190/200 [1:00:15<03:06, 18.62s/it, Train loss=0.0147, Train acc=0.0041, Test loss=0.378, Test acc=0.0822]
 95%|█████████▌| 190/200 [1:00:33<03:06, 18.62s/it, Train loss=0.0157, Train acc=0.00456, Test loss=0.38, Test acc=0.0823]
 96%|█████████▌| 191/200 [1:00:33<02:46, 18.53s/it, Train loss=0.0157, Train acc=0.00456, Test loss=0.38, Test acc=0.0823]
 96%|█████████▌| 191/200 [1:00:52<02:46, 18.53s/it, Train loss=0.0149, Train acc=0.00408, Test loss=0.379, Test acc=0.0822]
 96%|█████████▌| 192/200 [1:00:52<02:27, 18.46s/it, Train loss=0.0149, Train acc=0.00408, Test loss=0.379, Test acc=0.0822]
 96%|█████████▌| 192/200 [1:01:10<02:27, 18.46s/it, Train loss=0.0152, Train acc=0.00432, Test loss=0.38, Test acc=0.0815] 
 96%|█████████▋| 193/200 [1:01:10<02:09, 18.43s/it, Train loss=0.0152, Train acc=0.00432, Test loss=0.38, Test acc=0.0815]
 96%|█████████▋| 193/200 [1:01:28<02:09, 18.43s/it, Train loss=0.0145, Train acc=0.00378, Test loss=0.381, Test acc=0.0824]
 97%|█████████▋| 194/200 [1:01:28<01:50, 18.37s/it, Train loss=0.0145, Train acc=0.00378, Test loss=0.381, Test acc=0.0824]
 97%|█████████▋| 194/200 [1:01:46<01:50, 18.37s/it, Train loss=0.0157, Train acc=0.00446, Test loss=0.377, Test acc=0.082] 
 98%|█████████▊| 195/200 [1:01:46<01:31, 18.35s/it, Train loss=0.0157, Train acc=0.00446, Test loss=0.377, Test acc=0.082]
 98%|█████████▊| 195/200 [1:02:05<01:31, 18.35s/it, Train loss=0.015, Train acc=0.00406, Test loss=0.379, Test acc=0.0826]
 98%|█████████▊| 196/200 [1:02:05<01:13, 18.35s/it, Train loss=0.015, Train acc=0.00406, Test loss=0.379, Test acc=0.0826]
 98%|█████████▊| 196/200 [1:02:23<01:13, 18.35s/it, Train loss=0.0151, Train acc=0.00385, Test loss=0.379, Test acc=0.0836]
 98%|█████████▊| 197/200 [1:02:23<00:54, 18.32s/it, Train loss=0.0151, Train acc=0.00385, Test loss=0.379, Test acc=0.0836]
 98%|█████████▊| 197/200 [1:02:41<00:54, 18.32s/it, Train loss=0.0154, Train acc=0.00424, Test loss=0.379, Test acc=0.083] 
 99%|█████████▉| 198/200 [1:02:41<00:36, 18.31s/it, Train loss=0.0154, Train acc=0.00424, Test loss=0.379, Test acc=0.083]
 99%|█████████▉| 198/200 [1:03:00<00:36, 18.31s/it, Train loss=0.0146, Train acc=0.00395, Test loss=0.383, Test acc=0.0831]
100%|█████████▉| 199/200 [1:03:00<00:18, 18.32s/it, Train loss=0.0146, Train acc=0.00395, Test loss=0.383, Test acc=0.0831]
100%|█████████▉| 199/200 [1:03:18<00:18, 18.32s/it, Train loss=0.015, Train acc=0.004, Test loss=0.38, Test acc=0.0822]    
100%|██████████| 200/200 [1:03:18<00:00, 18.32s/it, Train loss=0.015, Train acc=0.004, Test loss=0.38, Test acc=0.0822]
100%|██████████| 200/200 [1:03:18<00:00, 18.99s/it, Train loss=0.015, Train acc=0.004, Test loss=0.38, Test acc=0.0822]
