Files already downloaded and verified
Files already downloaded and verified
load resnet18...

  0%|          | 0/200 [00:00<?, ?it/s]
  0%|          | 0/200 [00:20<?, ?it/s, Train loss=2.2, Train acc=0.793, Test loss=1.95, Test acc=0.731]
  0%|          | 1/200 [00:20<1:07:35, 20.38s/it, Train loss=2.2, Train acc=0.793, Test loss=1.95, Test acc=0.731]
  0%|          | 1/200 [00:39<1:07:35, 20.38s/it, Train loss=1.88, Train acc=0.713, Test loss=1.75, Test acc=0.657]
  1%|          | 2/200 [00:39<1:05:46, 19.93s/it, Train loss=1.88, Train acc=0.713, Test loss=1.75, Test acc=0.657]
  1%|          | 2/200 [00:59<1:05:46, 19.93s/it, Train loss=1.74, Train acc=0.659, Test loss=1.77, Test acc=0.664]
  2%|▏         | 3/200 [00:59<1:04:36, 19.68s/it, Train loss=1.74, Train acc=0.659, Test loss=1.77, Test acc=0.664]
  2%|▏         | 3/200 [01:18<1:04:36, 19.68s/it, Train loss=1.66, Train acc=0.623, Test loss=1.79, Test acc=0.667]
  2%|▏         | 4/200 [01:18<1:03:59, 19.59s/it, Train loss=1.66, Train acc=0.623, Test loss=1.79, Test acc=0.667]
  2%|▏         | 4/200 [01:38<1:03:59, 19.59s/it, Train loss=1.59, Train acc=0.595, Test loss=1.54, Test acc=0.569]
  2%|▎         | 5/200 [01:38<1:03:44, 19.61s/it, Train loss=1.59, Train acc=0.595, Test loss=1.54, Test acc=0.569]
  2%|▎         | 5/200 [01:58<1:03:44, 19.61s/it, Train loss=1.52, Train acc=0.562, Test loss=1.59, Test acc=0.579]
  3%|▎         | 6/200 [01:58<1:03:24, 19.61s/it, Train loss=1.52, Train acc=0.562, Test loss=1.59, Test acc=0.579]
  3%|▎         | 6/200 [02:18<1:03:24, 19.61s/it, Train loss=1.45, Train acc=0.537, Test loss=1.51, Test acc=0.538]
  4%|▎         | 7/200 [02:18<1:03:42, 19.81s/it, Train loss=1.45, Train acc=0.537, Test loss=1.51, Test acc=0.538]
  4%|▎         | 7/200 [02:38<1:03:42, 19.81s/it, Train loss=1.4, Train acc=0.511, Test loss=1.32, Test acc=0.49]  
  4%|▍         | 8/200 [02:38<1:03:52, 19.96s/it, Train loss=1.4, Train acc=0.511, Test loss=1.32, Test acc=0.49]
  4%|▍         | 8/200 [02:58<1:03:52, 19.96s/it, Train loss=1.35, Train acc=0.494, Test loss=1.28, Test acc=0.474]
  4%|▍         | 9/200 [02:58<1:03:02, 19.81s/it, Train loss=1.35, Train acc=0.494, Test loss=1.28, Test acc=0.474]
  4%|▍         | 9/200 [03:17<1:03:02, 19.81s/it, Train loss=1.28, Train acc=0.468, Test loss=1.32, Test acc=0.489]
  5%|▌         | 10/200 [03:17<1:02:24, 19.71s/it, Train loss=1.28, Train acc=0.468, Test loss=1.32, Test acc=0.489]
  5%|▌         | 10/200 [03:37<1:02:24, 19.71s/it, Train loss=1.24, Train acc=0.45, Test loss=1.4, Test acc=0.518]  
  6%|▌         | 11/200 [03:37<1:02:30, 19.85s/it, Train loss=1.24, Train acc=0.45, Test loss=1.4, Test acc=0.518]
  6%|▌         | 11/200 [03:57<1:02:30, 19.85s/it, Train loss=1.18, Train acc=0.426, Test loss=1.17, Test acc=0.426]
  6%|▌         | 12/200 [03:57<1:02:18, 19.89s/it, Train loss=1.18, Train acc=0.426, Test loss=1.17, Test acc=0.426]
  6%|▌         | 12/200 [04:17<1:02:18, 19.89s/it, Train loss=1.14, Train acc=0.412, Test loss=1.27, Test acc=0.449]
  6%|▋         | 13/200 [04:17<1:01:27, 19.72s/it, Train loss=1.14, Train acc=0.412, Test loss=1.27, Test acc=0.449]
  6%|▋         | 13/200 [04:37<1:01:27, 19.72s/it, Train loss=1.09, Train acc=0.39, Test loss=1.15, Test acc=0.411] 
  7%|▋         | 14/200 [04:37<1:01:39, 19.89s/it, Train loss=1.09, Train acc=0.39, Test loss=1.15, Test acc=0.411]
  7%|▋         | 14/200 [04:56<1:01:39, 19.89s/it, Train loss=1.06, Train acc=0.379, Test loss=1.3, Test acc=0.453]
  8%|▊         | 15/200 [04:56<1:00:48, 19.72s/it, Train loss=1.06, Train acc=0.379, Test loss=1.3, Test acc=0.453]
  8%|▊         | 15/200 [05:15<1:00:48, 19.72s/it, Train loss=1.02, Train acc=0.366, Test loss=1.02, Test acc=0.373]
  8%|▊         | 16/200 [05:15<59:39, 19.45s/it, Train loss=1.02, Train acc=0.366, Test loss=1.02, Test acc=0.373]  
  8%|▊         | 16/200 [05:35<59:39, 19.45s/it, Train loss=0.984, Train acc=0.351, Test loss=1.03, Test acc=0.361]
  8%|▊         | 17/200 [05:35<59:56, 19.65s/it, Train loss=0.984, Train acc=0.351, Test loss=1.03, Test acc=0.361]
  8%|▊         | 17/200 [05:55<59:56, 19.65s/it, Train loss=0.953, Train acc=0.338, Test loss=0.964, Test acc=0.342]
  9%|▉         | 18/200 [05:55<59:33, 19.63s/it, Train loss=0.953, Train acc=0.338, Test loss=0.964, Test acc=0.342]
  9%|▉         | 18/200 [06:15<59:33, 19.63s/it, Train loss=0.935, Train acc=0.332, Test loss=0.974, Test acc=0.345]
 10%|▉         | 19/200 [06:15<59:54, 19.86s/it, Train loss=0.935, Train acc=0.332, Test loss=0.974, Test acc=0.345]
 10%|▉         | 19/200 [06:35<59:54, 19.86s/it, Train loss=0.896, Train acc=0.319, Test loss=0.946, Test acc=0.329]
 10%|█         | 20/200 [06:35<59:22, 19.79s/it, Train loss=0.896, Train acc=0.319, Test loss=0.946, Test acc=0.329]
 10%|█         | 20/200 [06:54<59:22, 19.79s/it, Train loss=0.884, Train acc=0.313, Test loss=0.848, Test acc=0.299]
 10%|█         | 21/200 [06:54<58:58, 19.77s/it, Train loss=0.884, Train acc=0.313, Test loss=0.848, Test acc=0.299]
 10%|█         | 21/200 [07:14<58:58, 19.77s/it, Train loss=0.853, Train acc=0.303, Test loss=0.901, Test acc=0.317]
 11%|█         | 22/200 [07:14<58:36, 19.75s/it, Train loss=0.853, Train acc=0.303, Test loss=0.901, Test acc=0.317]
 11%|█         | 22/200 [07:34<58:36, 19.75s/it, Train loss=0.831, Train acc=0.295, Test loss=0.828, Test acc=0.288]
 12%|█▏        | 23/200 [07:34<58:30, 19.83s/it, Train loss=0.831, Train acc=0.295, Test loss=0.828, Test acc=0.288]
 12%|█▏        | 23/200 [07:54<58:30, 19.83s/it, Train loss=0.808, Train acc=0.285, Test loss=0.86, Test acc=0.301] 
 12%|█▏        | 24/200 [07:54<58:22, 19.90s/it, Train loss=0.808, Train acc=0.285, Test loss=0.86, Test acc=0.301]
 12%|█▏        | 24/200 [08:14<58:22, 19.90s/it, Train loss=0.78, Train acc=0.274, Test loss=0.896, Test acc=0.311]
 12%|█▎        | 25/200 [08:14<58:07, 19.93s/it, Train loss=0.78, Train acc=0.274, Test loss=0.896, Test acc=0.311]
 12%|█▎        | 25/200 [08:35<58:07, 19.93s/it, Train loss=0.758, Train acc=0.267, Test loss=0.763, Test acc=0.268]
 13%|█▎        | 26/200 [08:35<58:15, 20.09s/it, Train loss=0.758, Train acc=0.267, Test loss=0.763, Test acc=0.268]
 13%|█▎        | 26/200 [08:55<58:15, 20.09s/it, Train loss=0.741, Train acc=0.261, Test loss=0.785, Test acc=0.28] 
 14%|█▎        | 27/200 [08:55<57:58, 20.11s/it, Train loss=0.741, Train acc=0.261, Test loss=0.785, Test acc=0.28]
 14%|█▎        | 27/200 [09:15<57:58, 20.11s/it, Train loss=0.709, Train acc=0.247, Test loss=0.903, Test acc=0.306]
 14%|█▍        | 28/200 [09:15<57:51, 20.18s/it, Train loss=0.709, Train acc=0.247, Test loss=0.903, Test acc=0.306]
 14%|█▍        | 28/200 [09:35<57:51, 20.18s/it, Train loss=0.705, Train acc=0.248, Test loss=0.799, Test acc=0.283]
 14%|█▍        | 29/200 [09:35<57:38, 20.22s/it, Train loss=0.705, Train acc=0.248, Test loss=0.799, Test acc=0.283]
 14%|█▍        | 29/200 [09:56<57:38, 20.22s/it, Train loss=0.673, Train acc=0.236, Test loss=0.729, Test acc=0.249]
 15%|█▌        | 30/200 [09:56<57:20, 20.24s/it, Train loss=0.673, Train acc=0.236, Test loss=0.729, Test acc=0.249]
 15%|█▌        | 30/200 [10:16<57:20, 20.24s/it, Train loss=0.66, Train acc=0.229, Test loss=0.691, Test acc=0.244] 
 16%|█▌        | 31/200 [10:16<57:24, 20.38s/it, Train loss=0.66, Train acc=0.229, Test loss=0.691, Test acc=0.244]
 16%|█▌        | 31/200 [10:37<57:24, 20.38s/it, Train loss=0.648, Train acc=0.228, Test loss=0.773, Test acc=0.274]
 16%|█▌        | 32/200 [10:37<57:03, 20.38s/it, Train loss=0.648, Train acc=0.228, Test loss=0.773, Test acc=0.274]
 16%|█▌        | 32/200 [10:57<57:03, 20.38s/it, Train loss=0.629, Train acc=0.221, Test loss=0.662, Test acc=0.227]
 16%|█▋        | 33/200 [10:57<56:29, 20.30s/it, Train loss=0.629, Train acc=0.221, Test loss=0.662, Test acc=0.227]
 16%|█▋        | 33/200 [11:17<56:29, 20.30s/it, Train loss=0.623, Train acc=0.218, Test loss=0.718, Test acc=0.257]
 17%|█▋        | 34/200 [11:17<56:18, 20.35s/it, Train loss=0.623, Train acc=0.218, Test loss=0.718, Test acc=0.257]
 17%|█▋        | 34/200 [11:38<56:18, 20.35s/it, Train loss=0.605, Train acc=0.214, Test loss=0.647, Test acc=0.226]
 18%|█▊        | 35/200 [11:38<56:23, 20.51s/it, Train loss=0.605, Train acc=0.214, Test loss=0.647, Test acc=0.226]
 18%|█▊        | 35/200 [11:58<56:23, 20.51s/it, Train loss=0.594, Train acc=0.207, Test loss=0.668, Test acc=0.232]
 18%|█▊        | 36/200 [11:58<55:40, 20.37s/it, Train loss=0.594, Train acc=0.207, Test loss=0.668, Test acc=0.232]
 18%|█▊        | 36/200 [12:19<55:40, 20.37s/it, Train loss=0.577, Train acc=0.202, Test loss=0.65, Test acc=0.225] 
 18%|█▊        | 37/200 [12:19<55:21, 20.38s/it, Train loss=0.577, Train acc=0.202, Test loss=0.65, Test acc=0.225]
 18%|█▊        | 37/200 [12:39<55:21, 20.38s/it, Train loss=0.572, Train acc=0.2, Test loss=0.623, Test acc=0.213] 
 19%|█▉        | 38/200 [12:39<55:04, 20.40s/it, Train loss=0.572, Train acc=0.2, Test loss=0.623, Test acc=0.213]
 19%|█▉        | 38/200 [13:00<55:04, 20.40s/it, Train loss=0.558, Train acc=0.194, Test loss=0.607, Test acc=0.208]
 20%|█▉        | 39/200 [13:00<54:50, 20.44s/it, Train loss=0.558, Train acc=0.194, Test loss=0.607, Test acc=0.208]
 20%|█▉        | 39/200 [13:20<54:50, 20.44s/it, Train loss=0.549, Train acc=0.192, Test loss=0.651, Test acc=0.22] 
 20%|██        | 40/200 [13:20<54:10, 20.32s/it, Train loss=0.549, Train acc=0.192, Test loss=0.651, Test acc=0.22]
 20%|██        | 40/200 [13:41<54:10, 20.32s/it, Train loss=0.536, Train acc=0.188, Test loss=0.595, Test acc=0.206]
 20%|██        | 41/200 [13:41<54:21, 20.51s/it, Train loss=0.536, Train acc=0.188, Test loss=0.595, Test acc=0.206]
 20%|██        | 41/200 [14:00<54:21, 20.51s/it, Train loss=0.519, Train acc=0.18, Test loss=0.594, Test acc=0.204] 
 21%|██        | 42/200 [14:00<53:26, 20.29s/it, Train loss=0.519, Train acc=0.18, Test loss=0.594, Test acc=0.204]
 21%|██        | 42/200 [14:20<53:26, 20.29s/it, Train loss=0.515, Train acc=0.179, Test loss=0.567, Test acc=0.199]
 22%|██▏       | 43/200 [14:20<52:40, 20.13s/it, Train loss=0.515, Train acc=0.179, Test loss=0.567, Test acc=0.199]
 22%|██▏       | 43/200 [14:41<52:40, 20.13s/it, Train loss=0.504, Train acc=0.174, Test loss=0.629, Test acc=0.212]
 22%|██▏       | 44/200 [14:41<52:41, 20.27s/it, Train loss=0.504, Train acc=0.174, Test loss=0.629, Test acc=0.212]
 22%|██▏       | 44/200 [15:01<52:41, 20.27s/it, Train loss=0.499, Train acc=0.175, Test loss=0.577, Test acc=0.197]
 22%|██▎       | 45/200 [15:01<52:30, 20.32s/it, Train loss=0.499, Train acc=0.175, Test loss=0.577, Test acc=0.197]
 22%|██▎       | 45/200 [15:21<52:30, 20.32s/it, Train loss=0.482, Train acc=0.169, Test loss=0.502, Test acc=0.172]
 23%|██▎       | 46/200 [15:21<51:55, 20.23s/it, Train loss=0.482, Train acc=0.169, Test loss=0.502, Test acc=0.172]
 23%|██▎       | 46/200 [15:42<51:55, 20.23s/it, Train loss=0.476, Train acc=0.167, Test loss=0.547, Test acc=0.19] 
 24%|██▎       | 47/200 [15:42<51:36, 20.24s/it, Train loss=0.476, Train acc=0.167, Test loss=0.547, Test acc=0.19]
 24%|██▎       | 47/200 [16:02<51:36, 20.24s/it, Train loss=0.468, Train acc=0.162, Test loss=0.507, Test acc=0.176]
 24%|██▍       | 48/200 [16:02<51:13, 20.22s/it, Train loss=0.468, Train acc=0.162, Test loss=0.507, Test acc=0.176]
 24%|██▍       | 48/200 [16:22<51:13, 20.22s/it, Train loss=0.465, Train acc=0.161, Test loss=0.499, Test acc=0.173]
 24%|██▍       | 49/200 [16:22<50:48, 20.19s/it, Train loss=0.465, Train acc=0.161, Test loss=0.499, Test acc=0.173]
 24%|██▍       | 49/200 [16:42<50:48, 20.19s/it, Train loss=0.453, Train acc=0.157, Test loss=0.497, Test acc=0.17] 
 25%|██▌       | 50/200 [16:42<50:43, 20.29s/it, Train loss=0.453, Train acc=0.157, Test loss=0.497, Test acc=0.17]
 25%|██▌       | 50/200 [17:02<50:43, 20.29s/it, Train loss=0.447, Train acc=0.156, Test loss=0.516, Test acc=0.177]
 26%|██▌       | 51/200 [17:02<49:48, 20.06s/it, Train loss=0.447, Train acc=0.156, Test loss=0.516, Test acc=0.177]
 26%|██▌       | 51/200 [17:22<49:48, 20.06s/it, Train loss=0.445, Train acc=0.156, Test loss=0.5, Test acc=0.171]  
 26%|██▌       | 52/200 [17:22<49:32, 20.09s/it, Train loss=0.445, Train acc=0.156, Test loss=0.5, Test acc=0.171]
 26%|██▌       | 52/200 [17:42<49:32, 20.09s/it, Train loss=0.435, Train acc=0.151, Test loss=0.583, Test acc=0.201]
 26%|██▋       | 53/200 [17:42<48:59, 20.00s/it, Train loss=0.435, Train acc=0.151, Test loss=0.583, Test acc=0.201]
 26%|██▋       | 53/200 [18:02<48:59, 20.00s/it, Train loss=0.434, Train acc=0.152, Test loss=0.539, Test acc=0.187]
 27%|██▋       | 54/200 [18:02<48:32, 19.95s/it, Train loss=0.434, Train acc=0.152, Test loss=0.539, Test acc=0.187]
 27%|██▋       | 54/200 [18:21<48:32, 19.95s/it, Train loss=0.421, Train acc=0.146, Test loss=0.543, Test acc=0.18] 
 28%|██▊       | 55/200 [18:21<47:50, 19.79s/it, Train loss=0.421, Train acc=0.146, Test loss=0.543, Test acc=0.18]
 28%|██▊       | 55/200 [18:41<47:50, 19.79s/it, Train loss=0.419, Train acc=0.144, Test loss=0.507, Test acc=0.177]
 28%|██▊       | 56/200 [18:41<47:30, 19.80s/it, Train loss=0.419, Train acc=0.144, Test loss=0.507, Test acc=0.177]
 28%|██▊       | 56/200 [19:01<47:30, 19.80s/it, Train loss=0.41, Train acc=0.142, Test loss=0.484, Test acc=0.165] 
 28%|██▊       | 57/200 [19:01<47:38, 19.99s/it, Train loss=0.41, Train acc=0.142, Test loss=0.484, Test acc=0.165]
 28%|██▊       | 57/200 [19:21<47:38, 19.99s/it, Train loss=0.408, Train acc=0.144, Test loss=0.476, Test acc=0.159]
 29%|██▉       | 58/200 [19:21<47:17, 19.98s/it, Train loss=0.408, Train acc=0.144, Test loss=0.476, Test acc=0.159]
 29%|██▉       | 58/200 [19:41<47:17, 19.98s/it, Train loss=0.397, Train acc=0.139, Test loss=0.504, Test acc=0.176]
 30%|██▉       | 59/200 [19:41<46:29, 19.78s/it, Train loss=0.397, Train acc=0.139, Test loss=0.504, Test acc=0.176]
 30%|██▉       | 59/200 [20:01<46:29, 19.78s/it, Train loss=0.397, Train acc=0.139, Test loss=0.453, Test acc=0.156]
 30%|███       | 60/200 [20:01<46:41, 20.01s/it, Train loss=0.397, Train acc=0.139, Test loss=0.453, Test acc=0.156]
 30%|███       | 60/200 [20:21<46:41, 20.01s/it, Train loss=0.389, Train acc=0.135, Test loss=0.447, Test acc=0.152]
 30%|███       | 61/200 [20:21<46:24, 20.04s/it, Train loss=0.389, Train acc=0.135, Test loss=0.447, Test acc=0.152]
 30%|███       | 61/200 [20:42<46:24, 20.04s/it, Train loss=0.386, Train acc=0.134, Test loss=0.513, Test acc=0.171]
 31%|███       | 62/200 [20:42<46:26, 20.19s/it, Train loss=0.386, Train acc=0.134, Test loss=0.513, Test acc=0.171]
 31%|███       | 62/200 [21:02<46:26, 20.19s/it, Train loss=0.377, Train acc=0.131, Test loss=0.471, Test acc=0.158]
 32%|███▏      | 63/200 [21:02<46:15, 20.26s/it, Train loss=0.377, Train acc=0.131, Test loss=0.471, Test acc=0.158]
 32%|███▏      | 63/200 [21:22<46:15, 20.26s/it, Train loss=0.376, Train acc=0.131, Test loss=0.47, Test acc=0.157] 
 32%|███▏      | 64/200 [21:22<45:49, 20.22s/it, Train loss=0.376, Train acc=0.131, Test loss=0.47, Test acc=0.157]
 32%|███▏      | 64/200 [21:42<45:49, 20.22s/it, Train loss=0.368, Train acc=0.127, Test loss=0.421, Test acc=0.145]
 32%|███▎      | 65/200 [21:42<45:16, 20.12s/it, Train loss=0.368, Train acc=0.127, Test loss=0.421, Test acc=0.145]
 32%|███▎      | 65/200 [22:02<45:16, 20.12s/it, Train loss=0.358, Train acc=0.126, Test loss=0.443, Test acc=0.153]
 33%|███▎      | 66/200 [22:02<44:55, 20.11s/it, Train loss=0.358, Train acc=0.126, Test loss=0.443, Test acc=0.153]
 33%|███▎      | 66/200 [22:23<44:55, 20.11s/it, Train loss=0.356, Train acc=0.125, Test loss=0.507, Test acc=0.163]
 34%|███▎      | 67/200 [22:23<44:38, 20.14s/it, Train loss=0.356, Train acc=0.125, Test loss=0.507, Test acc=0.163]
 34%|███▎      | 67/200 [22:43<44:38, 20.14s/it, Train loss=0.343, Train acc=0.12, Test loss=0.465, Test acc=0.157] 
 34%|███▍      | 68/200 [22:43<44:19, 20.15s/it, Train loss=0.343, Train acc=0.12, Test loss=0.465, Test acc=0.157]
 34%|███▍      | 68/200 [23:03<44:19, 20.15s/it, Train loss=0.347, Train acc=0.121, Test loss=0.451, Test acc=0.151]
 34%|███▍      | 69/200 [23:03<44:11, 20.24s/it, Train loss=0.347, Train acc=0.121, Test loss=0.451, Test acc=0.151]
 34%|███▍      | 69/200 [23:23<44:11, 20.24s/it, Train loss=0.347, Train acc=0.121, Test loss=0.449, Test acc=0.154]
 35%|███▌      | 70/200 [23:23<43:52, 20.25s/it, Train loss=0.347, Train acc=0.121, Test loss=0.449, Test acc=0.154]
 35%|███▌      | 70/200 [23:43<43:52, 20.25s/it, Train loss=0.33, Train acc=0.116, Test loss=0.429, Test acc=0.146] 
 36%|███▌      | 71/200 [23:43<43:18, 20.14s/it, Train loss=0.33, Train acc=0.116, Test loss=0.429, Test acc=0.146]
 36%|███▌      | 71/200 [24:03<43:18, 20.14s/it, Train loss=0.331, Train acc=0.115, Test loss=0.53, Test acc=0.17] 
 36%|███▌      | 72/200 [24:03<42:30, 19.92s/it, Train loss=0.331, Train acc=0.115, Test loss=0.53, Test acc=0.17]
 36%|███▌      | 72/200 [24:23<42:30, 19.92s/it, Train loss=0.328, Train acc=0.116, Test loss=0.495, Test acc=0.158]
 36%|███▋      | 73/200 [24:23<42:07, 19.90s/it, Train loss=0.328, Train acc=0.116, Test loss=0.495, Test acc=0.158]
 36%|███▋      | 73/200 [24:43<42:07, 19.90s/it, Train loss=0.325, Train acc=0.115, Test loss=0.403, Test acc=0.134]
 37%|███▋      | 74/200 [24:43<41:47, 19.90s/it, Train loss=0.325, Train acc=0.115, Test loss=0.403, Test acc=0.134]
 37%|███▋      | 74/200 [25:02<41:47, 19.90s/it, Train loss=0.318, Train acc=0.11, Test loss=0.421, Test acc=0.145] 
 38%|███▊      | 75/200 [25:02<41:14, 19.79s/it, Train loss=0.318, Train acc=0.11, Test loss=0.421, Test acc=0.145]
 38%|███▊      | 75/200 [25:22<41:14, 19.79s/it, Train loss=0.311, Train acc=0.108, Test loss=0.447, Test acc=0.146]
 38%|███▊      | 76/200 [25:22<41:03, 19.87s/it, Train loss=0.311, Train acc=0.108, Test loss=0.447, Test acc=0.146]
 38%|███▊      | 76/200 [25:41<41:03, 19.87s/it, Train loss=0.312, Train acc=0.11, Test loss=0.405, Test acc=0.137] 
 38%|███▊      | 77/200 [25:41<40:26, 19.73s/it, Train loss=0.312, Train acc=0.11, Test loss=0.405, Test acc=0.137]
 38%|███▊      | 77/200 [26:01<40:26, 19.73s/it, Train loss=0.304, Train acc=0.108, Test loss=0.407, Test acc=0.139]
 39%|███▉      | 78/200 [26:01<40:02, 19.69s/it, Train loss=0.304, Train acc=0.108, Test loss=0.407, Test acc=0.139]
 39%|███▉      | 78/200 [26:20<40:02, 19.69s/it, Train loss=0.3, Train acc=0.104, Test loss=0.436, Test acc=0.15]   
 40%|███▉      | 79/200 [26:20<39:18, 19.49s/it, Train loss=0.3, Train acc=0.104, Test loss=0.436, Test acc=0.15]
 40%|███▉      | 79/200 [26:40<39:18, 19.49s/it, Train loss=0.303, Train acc=0.107, Test loss=0.402, Test acc=0.135]
 40%|████      | 80/200 [26:40<39:03, 19.53s/it, Train loss=0.303, Train acc=0.107, Test loss=0.402, Test acc=0.135]
 40%|████      | 80/200 [26:59<39:03, 19.53s/it, Train loss=0.299, Train acc=0.105, Test loss=0.398, Test acc=0.131]
 40%|████      | 81/200 [26:59<38:17, 19.30s/it, Train loss=0.299, Train acc=0.105, Test loss=0.398, Test acc=0.131]
 40%|████      | 81/200 [27:18<38:17, 19.30s/it, Train loss=0.29, Train acc=0.101, Test loss=0.381, Test acc=0.128] 
 41%|████      | 82/200 [27:18<37:58, 19.31s/it, Train loss=0.29, Train acc=0.101, Test loss=0.381, Test acc=0.128]
 41%|████      | 82/200 [27:38<37:58, 19.31s/it, Train loss=0.282, Train acc=0.098, Test loss=0.405, Test acc=0.13]
 42%|████▏     | 83/200 [27:38<38:06, 19.55s/it, Train loss=0.282, Train acc=0.098, Test loss=0.405, Test acc=0.13]
 42%|████▏     | 83/200 [27:57<38:06, 19.55s/it, Train loss=0.279, Train acc=0.0975, Test loss=0.37, Test acc=0.126]
 42%|████▏     | 84/200 [27:57<37:20, 19.32s/it, Train loss=0.279, Train acc=0.0975, Test loss=0.37, Test acc=0.126]
 42%|████▏     | 84/200 [28:16<37:20, 19.32s/it, Train loss=0.273, Train acc=0.0954, Test loss=0.39, Test acc=0.132]
 42%|████▎     | 85/200 [28:16<37:04, 19.34s/it, Train loss=0.273, Train acc=0.0954, Test loss=0.39, Test acc=0.132]
 42%|████▎     | 85/200 [28:35<37:04, 19.34s/it, Train loss=0.276, Train acc=0.0958, Test loss=0.391, Test acc=0.13]
 43%|████▎     | 86/200 [28:35<36:16, 19.09s/it, Train loss=0.276, Train acc=0.0958, Test loss=0.391, Test acc=0.13]
 43%|████▎     | 86/200 [28:53<36:16, 19.09s/it, Train loss=0.274, Train acc=0.0958, Test loss=0.412, Test acc=0.139]
 44%|████▎     | 87/200 [28:53<35:35, 18.89s/it, Train loss=0.274, Train acc=0.0958, Test loss=0.412, Test acc=0.139]
 44%|████▎     | 87/200 [29:12<35:35, 18.89s/it, Train loss=0.27, Train acc=0.0951, Test loss=0.425, Test acc=0.134] 
 44%|████▍     | 88/200 [29:12<35:04, 18.79s/it, Train loss=0.27, Train acc=0.0951, Test loss=0.425, Test acc=0.134]
 44%|████▍     | 88/200 [29:31<35:04, 18.79s/it, Train loss=0.265, Train acc=0.091, Test loss=0.396, Test acc=0.133]
 44%|████▍     | 89/200 [29:31<35:05, 18.96s/it, Train loss=0.265, Train acc=0.091, Test loss=0.396, Test acc=0.133]
 44%|████▍     | 89/200 [29:51<35:05, 18.96s/it, Train loss=0.257, Train acc=0.0895, Test loss=0.393, Test acc=0.131]
 45%|████▌     | 90/200 [29:51<35:24, 19.31s/it, Train loss=0.257, Train acc=0.0895, Test loss=0.393, Test acc=0.131]
 45%|████▌     | 90/200 [30:12<35:24, 19.31s/it, Train loss=0.25, Train acc=0.0883, Test loss=0.393, Test acc=0.13]  
 46%|████▌     | 91/200 [30:12<35:44, 19.67s/it, Train loss=0.25, Train acc=0.0883, Test loss=0.393, Test acc=0.13]
 46%|████▌     | 91/200 [30:31<35:44, 19.67s/it, Train loss=0.251, Train acc=0.0878, Test loss=0.392, Test acc=0.129]
 46%|████▌     | 92/200 [30:31<35:27, 19.70s/it, Train loss=0.251, Train acc=0.0878, Test loss=0.392, Test acc=0.129]
 46%|████▌     | 92/200 [30:51<35:27, 19.70s/it, Train loss=0.243, Train acc=0.0852, Test loss=0.396, Test acc=0.128]
 46%|████▋     | 93/200 [30:51<34:54, 19.58s/it, Train loss=0.243, Train acc=0.0852, Test loss=0.396, Test acc=0.128]
 46%|████▋     | 93/200 [31:11<34:54, 19.58s/it, Train loss=0.244, Train acc=0.0871, Test loss=0.405, Test acc=0.126]
 47%|████▋     | 94/200 [31:11<35:08, 19.89s/it, Train loss=0.244, Train acc=0.0871, Test loss=0.405, Test acc=0.126]
 47%|████▋     | 94/200 [31:31<35:08, 19.89s/it, Train loss=0.241, Train acc=0.0843, Test loss=0.404, Test acc=0.124]
 48%|████▊     | 95/200 [31:31<34:41, 19.83s/it, Train loss=0.241, Train acc=0.0843, Test loss=0.404, Test acc=0.124]
 48%|████▊     | 95/200 [31:50<34:41, 19.83s/it, Train loss=0.237, Train acc=0.0835, Test loss=0.428, Test acc=0.13] 
 48%|████▊     | 96/200 [31:50<33:59, 19.62s/it, Train loss=0.237, Train acc=0.0835, Test loss=0.428, Test acc=0.13]
 48%|████▊     | 96/200 [32:09<33:59, 19.62s/it, Train loss=0.237, Train acc=0.0829, Test loss=0.366, Test acc=0.119]
 48%|████▊     | 97/200 [32:09<33:10, 19.33s/it, Train loss=0.237, Train acc=0.0829, Test loss=0.366, Test acc=0.119]
 48%|████▊     | 97/200 [32:27<33:10, 19.33s/it, Train loss=0.227, Train acc=0.08, Test loss=0.381, Test acc=0.122]  
 49%|████▉     | 98/200 [32:27<32:33, 19.15s/it, Train loss=0.227, Train acc=0.08, Test loss=0.381, Test acc=0.122]
 49%|████▉     | 98/200 [32:46<32:33, 19.15s/it, Train loss=0.23, Train acc=0.0802, Test loss=0.357, Test acc=0.118]
 50%|████▉     | 99/200 [32:46<32:08, 19.10s/it, Train loss=0.23, Train acc=0.0802, Test loss=0.357, Test acc=0.118]
 50%|████▉     | 99/200 [33:05<32:08, 19.10s/it, Train loss=0.224, Train acc=0.0797, Test loss=0.368, Test acc=0.117]
 50%|█████     | 100/200 [33:05<31:46, 19.07s/it, Train loss=0.224, Train acc=0.0797, Test loss=0.368, Test acc=0.117]
 50%|█████     | 100/200 [33:24<31:46, 19.07s/it, Train loss=0.217, Train acc=0.0761, Test loss=0.366, Test acc=0.117]
 50%|█████     | 101/200 [33:24<31:23, 19.02s/it, Train loss=0.217, Train acc=0.0761, Test loss=0.366, Test acc=0.117]
 50%|█████     | 101/200 [33:43<31:23, 19.02s/it, Train loss=0.22, Train acc=0.0771, Test loss=0.397, Test acc=0.127] 
 51%|█████     | 102/200 [33:43<30:51, 18.90s/it, Train loss=0.22, Train acc=0.0771, Test loss=0.397, Test acc=0.127]
 51%|█████     | 102/200 [34:02<30:51, 18.90s/it, Train loss=0.215, Train acc=0.0764, Test loss=0.37, Test acc=0.119]
 52%|█████▏    | 103/200 [34:02<30:25, 18.82s/it, Train loss=0.215, Train acc=0.0764, Test loss=0.37, Test acc=0.119]
 52%|█████▏    | 103/200 [34:21<30:25, 18.82s/it, Train loss=0.21, Train acc=0.074, Test loss=0.369, Test acc=0.117] 
 52%|█████▏    | 104/200 [34:21<30:22, 18.99s/it, Train loss=0.21, Train acc=0.074, Test loss=0.369, Test acc=0.117]
 52%|█████▏    | 104/200 [34:40<30:22, 18.99s/it, Train loss=0.204, Train acc=0.0722, Test loss=0.347, Test acc=0.114]
 52%|█████▎    | 105/200 [34:40<30:15, 19.11s/it, Train loss=0.204, Train acc=0.0722, Test loss=0.347, Test acc=0.114]
 52%|█████▎    | 105/200 [35:00<30:15, 19.11s/it, Train loss=0.201, Train acc=0.071, Test loss=0.367, Test acc=0.116] 
 53%|█████▎    | 106/200 [35:00<30:04, 19.19s/it, Train loss=0.201, Train acc=0.071, Test loss=0.367, Test acc=0.116]
 53%|█████▎    | 106/200 [35:19<30:04, 19.19s/it, Train loss=0.197, Train acc=0.0693, Test loss=0.372, Test acc=0.117]
 54%|█████▎    | 107/200 [35:19<29:54, 19.29s/it, Train loss=0.197, Train acc=0.0693, Test loss=0.372, Test acc=0.117]
 54%|█████▎    | 107/200 [35:39<29:54, 19.29s/it, Train loss=0.203, Train acc=0.0708, Test loss=0.366, Test acc=0.117]
 54%|█████▍    | 108/200 [35:39<29:38, 19.33s/it, Train loss=0.203, Train acc=0.0708, Test loss=0.366, Test acc=0.117]
 54%|█████▍    | 108/200 [35:58<29:38, 19.33s/it, Train loss=0.199, Train acc=0.0701, Test loss=0.337, Test acc=0.11] 
 55%|█████▍    | 109/200 [35:58<29:09, 19.23s/it, Train loss=0.199, Train acc=0.0701, Test loss=0.337, Test acc=0.11]
 55%|█████▍    | 109/200 [36:17<29:09, 19.23s/it, Train loss=0.19, Train acc=0.0671, Test loss=0.376, Test acc=0.118]
 55%|█████▌    | 110/200 [36:17<28:51, 19.24s/it, Train loss=0.19, Train acc=0.0671, Test loss=0.376, Test acc=0.118]
 55%|█████▌    | 110/200 [36:37<28:51, 19.24s/it, Train loss=0.195, Train acc=0.0693, Test loss=0.355, Test acc=0.113]
 56%|█████▌    | 111/200 [36:37<28:48, 19.42s/it, Train loss=0.195, Train acc=0.0693, Test loss=0.355, Test acc=0.113]
 56%|█████▌    | 111/200 [36:57<28:48, 19.42s/it, Train loss=0.186, Train acc=0.0651, Test loss=0.36, Test acc=0.114] 
 56%|█████▌    | 112/200 [36:57<28:38, 19.53s/it, Train loss=0.186, Train acc=0.0651, Test loss=0.36, Test acc=0.114]
 56%|█████▌    | 112/200 [37:16<28:38, 19.53s/it, Train loss=0.181, Train acc=0.0635, Test loss=0.349, Test acc=0.111]
 56%|█████▋    | 113/200 [37:16<28:11, 19.44s/it, Train loss=0.181, Train acc=0.0635, Test loss=0.349, Test acc=0.111]
 56%|█████▋    | 113/200 [37:35<28:11, 19.44s/it, Train loss=0.185, Train acc=0.0655, Test loss=0.364, Test acc=0.115]
 57%|█████▋    | 114/200 [37:35<27:35, 19.25s/it, Train loss=0.185, Train acc=0.0655, Test loss=0.364, Test acc=0.115]
 57%|█████▋    | 114/200 [37:54<27:35, 19.25s/it, Train loss=0.172, Train acc=0.0606, Test loss=0.348, Test acc=0.108]
 57%|█████▊    | 115/200 [37:54<27:08, 19.16s/it, Train loss=0.172, Train acc=0.0606, Test loss=0.348, Test acc=0.108]
 57%|█████▊    | 115/200 [38:12<27:08, 19.16s/it, Train loss=0.176, Train acc=0.0618, Test loss=0.362, Test acc=0.118]
 58%|█████▊    | 116/200 [38:12<26:42, 19.07s/it, Train loss=0.176, Train acc=0.0618, Test loss=0.362, Test acc=0.118]
 58%|█████▊    | 116/200 [38:32<26:42, 19.07s/it, Train loss=0.171, Train acc=0.0599, Test loss=0.332, Test acc=0.105]
 58%|█████▊    | 117/200 [38:32<26:35, 19.22s/it, Train loss=0.171, Train acc=0.0599, Test loss=0.332, Test acc=0.105]
 58%|█████▊    | 117/200 [38:52<26:35, 19.22s/it, Train loss=0.176, Train acc=0.0617, Test loss=0.355, Test acc=0.11] 
 59%|█████▉    | 118/200 [38:52<26:25, 19.34s/it, Train loss=0.176, Train acc=0.0617, Test loss=0.355, Test acc=0.11]
 59%|█████▉    | 118/200 [39:12<26:25, 19.34s/it, Train loss=0.168, Train acc=0.0595, Test loss=0.334, Test acc=0.106]
 60%|█████▉    | 119/200 [39:12<26:24, 19.56s/it, Train loss=0.168, Train acc=0.0595, Test loss=0.334, Test acc=0.106]
 60%|█████▉    | 119/200 [39:33<26:24, 19.56s/it, Train loss=0.164, Train acc=0.0572, Test loss=0.355, Test acc=0.109]
 60%|██████    | 120/200 [39:33<26:35, 19.94s/it, Train loss=0.164, Train acc=0.0572, Test loss=0.355, Test acc=0.109]
 60%|██████    | 120/200 [39:53<26:35, 19.94s/it, Train loss=0.158, Train acc=0.056, Test loss=0.355, Test acc=0.107] 
 60%|██████    | 121/200 [39:53<26:26, 20.09s/it, Train loss=0.158, Train acc=0.056, Test loss=0.355, Test acc=0.107]
 60%|██████    | 121/200 [40:13<26:26, 20.09s/it, Train loss=0.157, Train acc=0.0554, Test loss=0.363, Test acc=0.107]
 61%|██████    | 122/200 [40:13<25:53, 19.92s/it, Train loss=0.157, Train acc=0.0554, Test loss=0.363, Test acc=0.107]
 61%|██████    | 122/200 [40:32<25:53, 19.92s/it, Train loss=0.159, Train acc=0.0556, Test loss=0.338, Test acc=0.104]
 62%|██████▏   | 123/200 [40:32<25:17, 19.71s/it, Train loss=0.159, Train acc=0.0556, Test loss=0.338, Test acc=0.104]
 62%|██████▏   | 123/200 [40:51<25:17, 19.71s/it, Train loss=0.152, Train acc=0.0543, Test loss=0.354, Test acc=0.107]
 62%|██████▏   | 124/200 [40:51<24:57, 19.71s/it, Train loss=0.152, Train acc=0.0543, Test loss=0.354, Test acc=0.107]
 62%|██████▏   | 124/200 [41:11<24:57, 19.71s/it, Train loss=0.149, Train acc=0.0518, Test loss=0.326, Test acc=0.101]
 62%|██████▎   | 125/200 [41:11<24:30, 19.61s/it, Train loss=0.149, Train acc=0.0518, Test loss=0.326, Test acc=0.101]
 62%|██████▎   | 125/200 [41:31<24:30, 19.61s/it, Train loss=0.147, Train acc=0.0521, Test loss=0.345, Test acc=0.102]
 63%|██████▎   | 126/200 [41:31<24:19, 19.72s/it, Train loss=0.147, Train acc=0.0521, Test loss=0.345, Test acc=0.102]
 63%|██████▎   | 126/200 [41:51<24:19, 19.72s/it, Train loss=0.144, Train acc=0.0514, Test loss=0.347, Test acc=0.103]
 64%|██████▎   | 127/200 [41:51<24:12, 19.89s/it, Train loss=0.144, Train acc=0.0514, Test loss=0.347, Test acc=0.103]
 64%|██████▎   | 127/200 [42:11<24:12, 19.89s/it, Train loss=0.146, Train acc=0.051, Test loss=0.341, Test acc=0.0978]
 64%|██████▍   | 128/200 [42:11<24:00, 20.01s/it, Train loss=0.146, Train acc=0.051, Test loss=0.341, Test acc=0.0978]
 64%|██████▍   | 128/200 [42:31<24:00, 20.01s/it, Train loss=0.139, Train acc=0.0489, Test loss=0.359, Test acc=0.106]
 64%|██████▍   | 129/200 [42:31<23:42, 20.03s/it, Train loss=0.139, Train acc=0.0489, Test loss=0.359, Test acc=0.106]
 64%|██████▍   | 129/200 [42:50<23:42, 20.03s/it, Train loss=0.137, Train acc=0.0474, Test loss=0.353, Test acc=0.105]
 65%|██████▌   | 130/200 [42:50<22:55, 19.65s/it, Train loss=0.137, Train acc=0.0474, Test loss=0.353, Test acc=0.105]
 65%|██████▌   | 130/200 [43:10<22:55, 19.65s/it, Train loss=0.134, Train acc=0.0483, Test loss=0.363, Test acc=0.102]
 66%|██████▌   | 131/200 [43:10<22:36, 19.65s/it, Train loss=0.134, Train acc=0.0483, Test loss=0.363, Test acc=0.102]
 66%|██████▌   | 131/200 [43:29<22:36, 19.65s/it, Train loss=0.138, Train acc=0.0497, Test loss=0.364, Test acc=0.0996]
 66%|██████▌   | 132/200 [43:29<22:14, 19.63s/it, Train loss=0.138, Train acc=0.0497, Test loss=0.364, Test acc=0.0996]
 66%|██████▌   | 132/200 [43:49<22:14, 19.63s/it, Train loss=0.134, Train acc=0.048, Test loss=0.367, Test acc=0.105]  
 66%|██████▋   | 133/200 [43:49<21:56, 19.65s/it, Train loss=0.134, Train acc=0.048, Test loss=0.367, Test acc=0.105]
 66%|██████▋   | 133/200 [44:09<21:56, 19.65s/it, Train loss=0.133, Train acc=0.0468, Test loss=0.332, Test acc=0.0989]
 67%|██████▋   | 134/200 [44:09<21:47, 19.82s/it, Train loss=0.133, Train acc=0.0468, Test loss=0.332, Test acc=0.0989]
 67%|██████▋   | 134/200 [44:30<21:47, 19.82s/it, Train loss=0.127, Train acc=0.0451, Test loss=0.338, Test acc=0.1]   
 68%|██████▊   | 135/200 [44:30<21:38, 19.97s/it, Train loss=0.127, Train acc=0.0451, Test loss=0.338, Test acc=0.1]
 68%|██████▊   | 135/200 [44:49<21:38, 19.97s/it, Train loss=0.121, Train acc=0.0429, Test loss=0.354, Test acc=0.103]
 68%|██████▊   | 136/200 [44:49<21:05, 19.77s/it, Train loss=0.121, Train acc=0.0429, Test loss=0.354, Test acc=0.103]
 68%|██████▊   | 136/200 [45:08<21:05, 19.77s/it, Train loss=0.119, Train acc=0.0421, Test loss=0.343, Test acc=0.101]
 68%|██████▊   | 137/200 [45:08<20:34, 19.60s/it, Train loss=0.119, Train acc=0.0421, Test loss=0.343, Test acc=0.101]
 68%|██████▊   | 137/200 [45:27<20:34, 19.60s/it, Train loss=0.119, Train acc=0.0418, Test loss=0.35, Test acc=0.0987]
 69%|██████▉   | 138/200 [45:27<20:09, 19.51s/it, Train loss=0.119, Train acc=0.0418, Test loss=0.35, Test acc=0.0987]
 69%|██████▉   | 138/200 [45:47<20:09, 19.51s/it, Train loss=0.117, Train acc=0.042, Test loss=0.366, Test acc=0.1]   
 70%|██████▉   | 139/200 [45:47<19:46, 19.45s/it, Train loss=0.117, Train acc=0.042, Test loss=0.366, Test acc=0.1]
 70%|██████▉   | 139/200 [46:07<19:46, 19.45s/it, Train loss=0.118, Train acc=0.0426, Test loss=0.359, Test acc=0.101]
 70%|███████   | 140/200 [46:07<19:33, 19.56s/it, Train loss=0.118, Train acc=0.0426, Test loss=0.359, Test acc=0.101]
 70%|███████   | 140/200 [46:27<19:33, 19.56s/it, Train loss=0.115, Train acc=0.04, Test loss=0.341, Test acc=0.0954] 
 70%|███████   | 141/200 [46:27<19:21, 19.69s/it, Train loss=0.115, Train acc=0.04, Test loss=0.341, Test acc=0.0954]
 70%|███████   | 141/200 [46:46<19:21, 19.69s/it, Train loss=0.114, Train acc=0.04, Test loss=0.363, Test acc=0.101] 
 71%|███████   | 142/200 [46:46<19:05, 19.75s/it, Train loss=0.114, Train acc=0.04, Test loss=0.363, Test acc=0.101]
 71%|███████   | 142/200 [47:05<19:05, 19.75s/it, Train loss=0.11, Train acc=0.0385, Test loss=0.338, Test acc=0.0966]
 72%|███████▏  | 143/200 [47:05<18:32, 19.52s/it, Train loss=0.11, Train acc=0.0385, Test loss=0.338, Test acc=0.0966]
 72%|███████▏  | 143/200 [47:25<18:32, 19.52s/it, Train loss=0.106, Train acc=0.0369, Test loss=0.36, Test acc=0.099] 
 72%|███████▏  | 144/200 [47:25<18:12, 19.51s/it, Train loss=0.106, Train acc=0.0369, Test loss=0.36, Test acc=0.099]
 72%|███████▏  | 144/200 [47:45<18:12, 19.51s/it, Train loss=0.105, Train acc=0.0376, Test loss=0.344, Test acc=0.0962]
 72%|███████▎  | 145/200 [47:45<17:58, 19.61s/it, Train loss=0.105, Train acc=0.0376, Test loss=0.344, Test acc=0.0962]
 72%|███████▎  | 145/200 [48:05<17:58, 19.61s/it, Train loss=0.103, Train acc=0.0366, Test loss=0.349, Test acc=0.0964]
 73%|███████▎  | 146/200 [48:05<17:40, 19.65s/it, Train loss=0.103, Train acc=0.0366, Test loss=0.349, Test acc=0.0964]
 73%|███████▎  | 146/200 [48:24<17:40, 19.65s/it, Train loss=0.103, Train acc=0.0359, Test loss=0.351, Test acc=0.0969]
 74%|███████▎  | 147/200 [48:24<17:12, 19.47s/it, Train loss=0.103, Train acc=0.0359, Test loss=0.351, Test acc=0.0969]
 74%|███████▎  | 147/200 [48:44<17:12, 19.47s/it, Train loss=0.0976, Train acc=0.0346, Test loss=0.339, Test acc=0.0974]
 74%|███████▍  | 148/200 [48:44<16:59, 19.61s/it, Train loss=0.0976, Train acc=0.0346, Test loss=0.339, Test acc=0.0974]
 74%|███████▍  | 148/200 [49:03<16:59, 19.61s/it, Train loss=0.0971, Train acc=0.0344, Test loss=0.342, Test acc=0.0949]
 74%|███████▍  | 149/200 [49:03<16:40, 19.62s/it, Train loss=0.0971, Train acc=0.0344, Test loss=0.342, Test acc=0.0949]
 74%|███████▍  | 149/200 [49:24<16:40, 19.62s/it, Train loss=0.0952, Train acc=0.0346, Test loss=0.359, Test acc=0.0989]
 75%|███████▌  | 150/200 [49:24<16:34, 19.90s/it, Train loss=0.0952, Train acc=0.0346, Test loss=0.359, Test acc=0.0989]
 75%|███████▌  | 150/200 [49:44<16:34, 19.90s/it, Train loss=0.0937, Train acc=0.0331, Test loss=0.355, Test acc=0.0954]
 76%|███████▌  | 151/200 [49:44<16:13, 19.86s/it, Train loss=0.0937, Train acc=0.0331, Test loss=0.355, Test acc=0.0954]
 76%|███████▌  | 151/200 [50:04<16:13, 19.86s/it, Train loss=0.0924, Train acc=0.0326, Test loss=0.346, Test acc=0.0968]
 76%|███████▌  | 152/200 [50:04<15:57, 19.95s/it, Train loss=0.0924, Train acc=0.0326, Test loss=0.346, Test acc=0.0968]
 76%|███████▌  | 152/200 [50:24<15:57, 19.95s/it, Train loss=0.091, Train acc=0.0324, Test loss=0.359, Test acc=0.0952] 
 76%|███████▋  | 153/200 [50:24<15:37, 19.94s/it, Train loss=0.091, Train acc=0.0324, Test loss=0.359, Test acc=0.0952]
 76%|███████▋  | 153/200 [50:43<15:37, 19.94s/it, Train loss=0.0861, Train acc=0.0311, Test loss=0.354, Test acc=0.0955]
 77%|███████▋  | 154/200 [50:43<15:14, 19.88s/it, Train loss=0.0861, Train acc=0.0311, Test loss=0.354, Test acc=0.0955]
 77%|███████▋  | 154/200 [51:03<15:14, 19.88s/it, Train loss=0.0871, Train acc=0.0304, Test loss=0.354, Test acc=0.0929]
 78%|███████▊  | 155/200 [51:03<14:56, 19.93s/it, Train loss=0.0871, Train acc=0.0304, Test loss=0.354, Test acc=0.0929]
 78%|███████▊  | 155/200 [51:22<14:56, 19.93s/it, Train loss=0.0838, Train acc=0.0302, Test loss=0.359, Test acc=0.0941]
 78%|███████▊  | 156/200 [51:22<14:18, 19.52s/it, Train loss=0.0838, Train acc=0.0302, Test loss=0.359, Test acc=0.0941]
 78%|███████▊  | 156/200 [51:42<14:18, 19.52s/it, Train loss=0.0845, Train acc=0.0302, Test loss=0.35, Test acc=0.094]  
 78%|███████▊  | 157/200 [51:42<14:05, 19.65s/it, Train loss=0.0845, Train acc=0.0302, Test loss=0.35, Test acc=0.094]
 78%|███████▊  | 157/200 [52:00<14:05, 19.65s/it, Train loss=0.0823, Train acc=0.0294, Test loss=0.356, Test acc=0.0948]
 79%|███████▉  | 158/200 [52:00<13:31, 19.33s/it, Train loss=0.0823, Train acc=0.0294, Test loss=0.356, Test acc=0.0948]
 79%|███████▉  | 158/200 [52:19<13:31, 19.33s/it, Train loss=0.0793, Train acc=0.0281, Test loss=0.347, Test acc=0.0951]
 80%|███████▉  | 159/200 [52:19<13:04, 19.13s/it, Train loss=0.0793, Train acc=0.0281, Test loss=0.347, Test acc=0.0951]
 80%|███████▉  | 159/200 [52:38<13:04, 19.13s/it, Train loss=0.0783, Train acc=0.0275, Test loss=0.352, Test acc=0.0924]
 80%|████████  | 160/200 [52:38<12:39, 18.99s/it, Train loss=0.0783, Train acc=0.0275, Test loss=0.352, Test acc=0.0924]
 80%|████████  | 160/200 [52:57<12:39, 18.99s/it, Train loss=0.0791, Train acc=0.0284, Test loss=0.35, Test acc=0.0935] 
 80%|████████  | 161/200 [52:57<12:23, 19.06s/it, Train loss=0.0791, Train acc=0.0284, Test loss=0.35, Test acc=0.0935]
 80%|████████  | 161/200 [53:16<12:23, 19.06s/it, Train loss=0.0777, Train acc=0.027, Test loss=0.34, Test acc=0.0906] 
 81%|████████  | 162/200 [53:16<12:02, 19.00s/it, Train loss=0.0777, Train acc=0.027, Test loss=0.34, Test acc=0.0906]
 81%|████████  | 162/200 [53:35<12:02, 19.00s/it, Train loss=0.0773, Train acc=0.0274, Test loss=0.343, Test acc=0.0918]
 82%|████████▏ | 163/200 [53:35<11:40, 18.94s/it, Train loss=0.0773, Train acc=0.0274, Test loss=0.343, Test acc=0.0918]
 82%|████████▏ | 163/200 [53:53<11:40, 18.94s/it, Train loss=0.0762, Train acc=0.0275, Test loss=0.349, Test acc=0.0933]
 82%|████████▏ | 164/200 [53:53<11:19, 18.88s/it, Train loss=0.0762, Train acc=0.0275, Test loss=0.349, Test acc=0.0933]
 82%|████████▏ | 164/200 [54:12<11:19, 18.88s/it, Train loss=0.0708, Train acc=0.0248, Test loss=0.347, Test acc=0.0937]
 82%|████████▎ | 165/200 [54:12<10:57, 18.80s/it, Train loss=0.0708, Train acc=0.0248, Test loss=0.347, Test acc=0.0937]
 82%|████████▎ | 165/200 [54:31<10:57, 18.80s/it, Train loss=0.07, Train acc=0.0245, Test loss=0.347, Test acc=0.0928]  
 83%|████████▎ | 166/200 [54:31<10:38, 18.78s/it, Train loss=0.07, Train acc=0.0245, Test loss=0.347, Test acc=0.0928]
 83%|████████▎ | 166/200 [54:50<10:38, 18.78s/it, Train loss=0.072, Train acc=0.026, Test loss=0.343, Test acc=0.0903]
 84%|████████▎ | 167/200 [54:50<10:21, 18.82s/it, Train loss=0.072, Train acc=0.026, Test loss=0.343, Test acc=0.0903]
 84%|████████▎ | 167/200 [55:09<10:21, 18.82s/it, Train loss=0.0681, Train acc=0.0238, Test loss=0.349, Test acc=0.0904]
 84%|████████▍ | 168/200 [55:09<10:08, 19.00s/it, Train loss=0.0681, Train acc=0.0238, Test loss=0.349, Test acc=0.0904]
 84%|████████▍ | 168/200 [55:29<10:08, 19.00s/it, Train loss=0.0663, Train acc=0.0234, Test loss=0.359, Test acc=0.0919]
 84%|████████▍ | 169/200 [55:29<09:53, 19.13s/it, Train loss=0.0663, Train acc=0.0234, Test loss=0.359, Test acc=0.0919]
 84%|████████▍ | 169/200 [55:47<09:53, 19.13s/it, Train loss=0.0679, Train acc=0.024, Test loss=0.354, Test acc=0.0901] 
 85%|████████▌ | 170/200 [55:47<09:29, 18.98s/it, Train loss=0.0679, Train acc=0.024, Test loss=0.354, Test acc=0.0901]
 85%|████████▌ | 170/200 [56:06<09:29, 18.98s/it, Train loss=0.0657, Train acc=0.0227, Test loss=0.345, Test acc=0.0902]
 86%|████████▌ | 171/200 [56:06<09:11, 19.01s/it, Train loss=0.0657, Train acc=0.0227, Test loss=0.345, Test acc=0.0902]
 86%|████████▌ | 171/200 [56:25<09:11, 19.01s/it, Train loss=0.0648, Train acc=0.0225, Test loss=0.35, Test acc=0.0888] 
 86%|████████▌ | 172/200 [56:25<08:51, 18.98s/it, Train loss=0.0648, Train acc=0.0225, Test loss=0.35, Test acc=0.0888]
 86%|████████▌ | 172/200 [56:45<08:51, 18.98s/it, Train loss=0.064, Train acc=0.0225, Test loss=0.347, Test acc=0.0878]
 86%|████████▋ | 173/200 [56:45<08:43, 19.39s/it, Train loss=0.064, Train acc=0.0225, Test loss=0.347, Test acc=0.0878]
 86%|████████▋ | 173/200 [57:05<08:43, 19.39s/it, Train loss=0.0645, Train acc=0.0229, Test loss=0.348, Test acc=0.0893]
 87%|████████▋ | 174/200 [57:05<08:26, 19.49s/it, Train loss=0.0645, Train acc=0.0229, Test loss=0.348, Test acc=0.0893]
 87%|████████▋ | 174/200 [57:25<08:26, 19.49s/it, Train loss=0.0626, Train acc=0.0221, Test loss=0.351, Test acc=0.0894]
 88%|████████▊ | 175/200 [57:25<08:07, 19.51s/it, Train loss=0.0626, Train acc=0.0221, Test loss=0.351, Test acc=0.0894]
 88%|████████▊ | 175/200 [57:44<08:07, 19.51s/it, Train loss=0.0618, Train acc=0.0221, Test loss=0.357, Test acc=0.0898]
 88%|████████▊ | 176/200 [57:44<07:49, 19.54s/it, Train loss=0.0618, Train acc=0.0221, Test loss=0.357, Test acc=0.0898]
 88%|████████▊ | 176/200 [58:04<07:49, 19.54s/it, Train loss=0.0612, Train acc=0.0221, Test loss=0.354, Test acc=0.0887]
 88%|████████▊ | 177/200 [58:04<07:28, 19.50s/it, Train loss=0.0612, Train acc=0.0221, Test loss=0.354, Test acc=0.0887]
 88%|████████▊ | 177/200 [58:24<07:28, 19.50s/it, Train loss=0.0603, Train acc=0.0215, Test loss=0.349, Test acc=0.0911]
 89%|████████▉ | 178/200 [58:24<07:12, 19.64s/it, Train loss=0.0603, Train acc=0.0215, Test loss=0.349, Test acc=0.0911]
 89%|████████▉ | 178/200 [58:44<07:12, 19.64s/it, Train loss=0.0606, Train acc=0.0212, Test loss=0.353, Test acc=0.0896]
 90%|████████▉ | 179/200 [58:44<06:53, 19.68s/it, Train loss=0.0606, Train acc=0.0212, Test loss=0.353, Test acc=0.0896]
 90%|████████▉ | 179/200 [59:03<06:53, 19.68s/it, Train loss=0.0589, Train acc=0.0206, Test loss=0.356, Test acc=0.0907]
 90%|█████████ | 180/200 [59:03<06:32, 19.60s/it, Train loss=0.0589, Train acc=0.0206, Test loss=0.356, Test acc=0.0907]
 90%|█████████ | 180/200 [59:23<06:32, 19.60s/it, Train loss=0.0575, Train acc=0.0202, Test loss=0.354, Test acc=0.0903]
 90%|█████████ | 181/200 [59:23<06:14, 19.72s/it, Train loss=0.0575, Train acc=0.0202, Test loss=0.354, Test acc=0.0903]
 90%|█████████ | 181/200 [59:43<06:14, 19.72s/it, Train loss=0.0573, Train acc=0.0194, Test loss=0.361, Test acc=0.0917]
 91%|█████████ | 182/200 [59:43<05:57, 19.84s/it, Train loss=0.0573, Train acc=0.0194, Test loss=0.361, Test acc=0.0917]
 91%|█████████ | 182/200 [1:00:02<05:57, 19.84s/it, Train loss=0.0562, Train acc=0.0198, Test loss=0.358, Test acc=0.0897]
 92%|█████████▏| 183/200 [1:00:02<05:33, 19.60s/it, Train loss=0.0562, Train acc=0.0198, Test loss=0.358, Test acc=0.0897]
 92%|█████████▏| 183/200 [1:00:21<05:33, 19.60s/it, Train loss=0.0559, Train acc=0.0197, Test loss=0.357, Test acc=0.0899]
 92%|█████████▏| 184/200 [1:00:21<05:12, 19.52s/it, Train loss=0.0559, Train acc=0.0197, Test loss=0.357, Test acc=0.0899]
 92%|█████████▏| 184/200 [1:00:40<05:12, 19.52s/it, Train loss=0.0562, Train acc=0.0196, Test loss=0.359, Test acc=0.091] 
 92%|█████████▎| 185/200 [1:00:40<04:48, 19.25s/it, Train loss=0.0562, Train acc=0.0196, Test loss=0.359, Test acc=0.091]
 92%|█████████▎| 185/200 [1:00:59<04:48, 19.25s/it, Train loss=0.0562, Train acc=0.02, Test loss=0.358, Test acc=0.0905] 
 93%|█████████▎| 186/200 [1:00:59<04:26, 19.06s/it, Train loss=0.0562, Train acc=0.02, Test loss=0.358, Test acc=0.0905]
 93%|█████████▎| 186/200 [1:01:18<04:26, 19.06s/it, Train loss=0.0566, Train acc=0.0194, Test loss=0.36, Test acc=0.0901]
 94%|█████████▎| 187/200 [1:01:18<04:09, 19.21s/it, Train loss=0.0566, Train acc=0.0194, Test loss=0.36, Test acc=0.0901]
 94%|█████████▎| 187/200 [1:01:37<04:09, 19.21s/it, Train loss=0.055, Train acc=0.0191, Test loss=0.361, Test acc=0.0899]
 94%|█████████▍| 188/200 [1:01:37<03:49, 19.10s/it, Train loss=0.055, Train acc=0.0191, Test loss=0.361, Test acc=0.0899]
 94%|█████████▍| 188/200 [1:01:57<03:49, 19.10s/it, Train loss=0.0561, Train acc=0.0195, Test loss=0.357, Test acc=0.0903]
 94%|█████████▍| 189/200 [1:01:57<03:31, 19.23s/it, Train loss=0.0561, Train acc=0.0195, Test loss=0.357, Test acc=0.0903]
 94%|█████████▍| 189/200 [1:02:16<03:31, 19.23s/it, Train loss=0.0541, Train acc=0.0193, Test loss=0.359, Test acc=0.0896]
 95%|█████████▌| 190/200 [1:02:16<03:12, 19.21s/it, Train loss=0.0541, Train acc=0.0193, Test loss=0.359, Test acc=0.0896]
 95%|█████████▌| 190/200 [1:02:36<03:12, 19.21s/it, Train loss=0.0552, Train acc=0.0196, Test loss=0.356, Test acc=0.0896]
 96%|█████████▌| 191/200 [1:02:36<02:55, 19.51s/it, Train loss=0.0552, Train acc=0.0196, Test loss=0.356, Test acc=0.0896]
 96%|█████████▌| 191/200 [1:02:55<02:55, 19.51s/it, Train loss=0.0553, Train acc=0.0197, Test loss=0.357, Test acc=0.0897]
 96%|█████████▌| 192/200 [1:02:55<02:34, 19.32s/it, Train loss=0.0553, Train acc=0.0197, Test loss=0.357, Test acc=0.0897]
 96%|█████████▌| 192/200 [1:03:15<02:34, 19.32s/it, Train loss=0.0537, Train acc=0.0185, Test loss=0.355, Test acc=0.0883]
 96%|█████████▋| 193/200 [1:03:15<02:15, 19.42s/it, Train loss=0.0537, Train acc=0.0185, Test loss=0.355, Test acc=0.0883]
 96%|█████████▋| 193/200 [1:03:35<02:15, 19.42s/it, Train loss=0.0538, Train acc=0.0187, Test loss=0.357, Test acc=0.0896]
 97%|█████████▋| 194/200 [1:03:35<01:57, 19.60s/it, Train loss=0.0538, Train acc=0.0187, Test loss=0.357, Test acc=0.0896]
 97%|█████████▋| 194/200 [1:03:53<01:57, 19.60s/it, Train loss=0.0539, Train acc=0.0179, Test loss=0.356, Test acc=0.0885]
 98%|█████████▊| 195/200 [1:03:53<01:36, 19.27s/it, Train loss=0.0539, Train acc=0.0179, Test loss=0.356, Test acc=0.0885]
 98%|█████████▊| 195/200 [1:04:11<01:36, 19.27s/it, Train loss=0.0531, Train acc=0.0185, Test loss=0.355, Test acc=0.0889]
 98%|█████████▊| 196/200 [1:04:11<01:16, 19.03s/it, Train loss=0.0531, Train acc=0.0185, Test loss=0.355, Test acc=0.0889]
 98%|█████████▊| 196/200 [1:04:31<01:16, 19.03s/it, Train loss=0.0552, Train acc=0.0194, Test loss=0.355, Test acc=0.0887]
 98%|█████████▊| 197/200 [1:04:31<00:57, 19.08s/it, Train loss=0.0552, Train acc=0.0194, Test loss=0.355, Test acc=0.0887]
 98%|█████████▊| 197/200 [1:04:51<00:57, 19.08s/it, Train loss=0.0547, Train acc=0.0194, Test loss=0.356, Test acc=0.0884]
 99%|█████████▉| 198/200 [1:04:51<00:38, 19.32s/it, Train loss=0.0547, Train acc=0.0194, Test loss=0.356, Test acc=0.0884]
 99%|█████████▉| 198/200 [1:05:11<00:38, 19.32s/it, Train loss=0.0538, Train acc=0.0193, Test loss=0.358, Test acc=0.0876]
100%|█████████▉| 199/200 [1:05:11<00:19, 19.64s/it, Train loss=0.0538, Train acc=0.0193, Test loss=0.358, Test acc=0.0876]
100%|█████████▉| 199/200 [1:05:31<00:19, 19.64s/it, Train loss=0.0537, Train acc=0.0183, Test loss=0.356, Test acc=0.089] 
100%|██████████| 200/200 [1:05:31<00:00, 19.70s/it, Train loss=0.0537, Train acc=0.0183, Test loss=0.356, Test acc=0.089]
100%|██████████| 200/200 [1:05:31<00:00, 19.66s/it, Train loss=0.0537, Train acc=0.0183, Test loss=0.356, Test acc=0.089]
