Files already downloaded and verified
Files already downloaded and verified
load resnet18...

  0%|          | 0/200 [00:00<?, ?it/s]
  0%|          | 0/200 [00:24<?, ?it/s, Train loss=1.53, Train acc=0.556, Test loss=1.4, Test acc=0.503]
  0%|          | 1/200 [00:24<1:20:31, 24.28s/it, Train loss=1.53, Train acc=0.556, Test loss=1.4, Test acc=0.503]
  0%|          | 1/200 [00:48<1:20:31, 24.28s/it, Train loss=0.948, Train acc=0.338, Test loss=1.08, Test acc=0.353]
  1%|          | 2/200 [00:48<1:19:13, 24.01s/it, Train loss=0.948, Train acc=0.338, Test loss=1.08, Test acc=0.353]
  1%|          | 2/200 [01:11<1:19:13, 24.01s/it, Train loss=0.662, Train acc=0.235, Test loss=0.793, Test acc=0.27]
  2%|▏         | 3/200 [01:11<1:18:32, 23.92s/it, Train loss=0.662, Train acc=0.235, Test loss=0.793, Test acc=0.27]
  2%|▏         | 3/200 [01:35<1:18:32, 23.92s/it, Train loss=0.477, Train acc=0.168, Test loss=0.679, Test acc=0.223]
  2%|▏         | 4/200 [01:35<1:18:00, 23.88s/it, Train loss=0.477, Train acc=0.168, Test loss=0.679, Test acc=0.223]
  2%|▏         | 4/200 [01:59<1:18:00, 23.88s/it, Train loss=0.341, Train acc=0.119, Test loss=1.6, Test acc=0.39]   
  2%|▎         | 5/200 [01:59<1:17:35, 23.87s/it, Train loss=0.341, Train acc=0.119, Test loss=1.6, Test acc=0.39]
  2%|▎         | 5/200 [02:23<1:17:35, 23.87s/it, Train loss=0.229, Train acc=0.081, Test loss=0.8, Test acc=0.228]
  3%|▎         | 6/200 [02:23<1:17:10, 23.87s/it, Train loss=0.229, Train acc=0.081, Test loss=0.8, Test acc=0.228]
  3%|▎         | 6/200 [02:47<1:17:10, 23.87s/it, Train loss=0.145, Train acc=0.0509, Test loss=0.909, Test acc=0.22]
  4%|▎         | 7/200 [02:47<1:16:46, 23.87s/it, Train loss=0.145, Train acc=0.0509, Test loss=0.909, Test acc=0.22]
  4%|▎         | 7/200 [03:11<1:16:46, 23.87s/it, Train loss=0.1, Train acc=0.0345, Test loss=1.61, Test acc=0.31]   
  4%|▍         | 8/200 [03:11<1:16:22, 23.87s/it, Train loss=0.1, Train acc=0.0345, Test loss=1.61, Test acc=0.31]
  4%|▍         | 8/200 [03:35<1:16:22, 23.87s/it, Train loss=0.0663, Train acc=0.0223, Test loss=0.921, Test acc=0.221]
  4%|▍         | 9/200 [03:35<1:16:01, 23.88s/it, Train loss=0.0663, Train acc=0.0223, Test loss=0.921, Test acc=0.221]
  4%|▍         | 9/200 [03:58<1:16:01, 23.88s/it, Train loss=0.0421, Train acc=0.0138, Test loss=1.14, Test acc=0.235] 
  5%|▌         | 10/200 [03:58<1:15:36, 23.88s/it, Train loss=0.0421, Train acc=0.0138, Test loss=1.14, Test acc=0.235]
  5%|▌         | 10/200 [04:22<1:15:36, 23.88s/it, Train loss=0.0353, Train acc=0.0119, Test loss=1, Test acc=0.218]   
  6%|▌         | 11/200 [04:22<1:15:18, 23.91s/it, Train loss=0.0353, Train acc=0.0119, Test loss=1, Test acc=0.218]
  6%|▌         | 11/200 [04:46<1:15:18, 23.91s/it, Train loss=0.0219, Train acc=0.00693, Test loss=0.856, Test acc=0.176]
  6%|▌         | 12/200 [04:46<1:14:51, 23.89s/it, Train loss=0.0219, Train acc=0.00693, Test loss=0.856, Test acc=0.176]
  6%|▌         | 12/200 [05:10<1:14:51, 23.89s/it, Train loss=0.0189, Train acc=0.00611, Test loss=1.04, Test acc=0.198] 
  6%|▋         | 13/200 [05:10<1:14:29, 23.90s/it, Train loss=0.0189, Train acc=0.00611, Test loss=1.04, Test acc=0.198]
  6%|▋         | 13/200 [05:34<1:14:29, 23.90s/it, Train loss=0.0148, Train acc=0.00461, Test loss=1.09, Test acc=0.198]
  7%|▋         | 14/200 [05:34<1:14:09, 23.92s/it, Train loss=0.0148, Train acc=0.00461, Test loss=1.09, Test acc=0.198]
  7%|▋         | 14/200 [05:58<1:14:09, 23.92s/it, Train loss=0.00967, Train acc=0.00258, Test loss=0.837, Test acc=0.167]
  8%|▊         | 15/200 [05:58<1:13:42, 23.90s/it, Train loss=0.00967, Train acc=0.00258, Test loss=0.837, Test acc=0.167]
  8%|▊         | 15/200 [06:22<1:13:42, 23.90s/it, Train loss=0.00552, Train acc=0.00148, Test loss=0.818, Test acc=0.159]
  8%|▊         | 16/200 [06:22<1:13:24, 23.94s/it, Train loss=0.00552, Train acc=0.00148, Test loss=0.818, Test acc=0.159]
  8%|▊         | 16/200 [06:46<1:13:24, 23.94s/it, Train loss=0.00153, Train acc=0.00024, Test loss=0.916, Test acc=0.165]
  8%|▊         | 17/200 [06:46<1:12:54, 23.91s/it, Train loss=0.00153, Train acc=0.00024, Test loss=0.916, Test acc=0.165]
  8%|▊         | 17/200 [07:10<1:12:54, 23.91s/it, Train loss=0.000643, Train acc=2e-5, Test loss=0.794, Test acc=0.153]  
  9%|▉         | 18/200 [07:10<1:12:31, 23.91s/it, Train loss=0.000643, Train acc=2e-5, Test loss=0.794, Test acc=0.153]
  9%|▉         | 18/200 [07:34<1:12:31, 23.91s/it, Train loss=0.000316, Train acc=2e-5, Test loss=0.793, Test acc=0.151]
 10%|▉         | 19/200 [07:34<1:12:12, 23.94s/it, Train loss=0.000316, Train acc=2e-5, Test loss=0.793, Test acc=0.151]
 10%|▉         | 19/200 [07:58<1:12:12, 23.94s/it, Train loss=0.000238, Train acc=0, Test loss=0.802, Test acc=0.151]   
 10%|█         | 20/200 [07:58<1:11:43, 23.91s/it, Train loss=0.000238, Train acc=0, Test loss=0.802, Test acc=0.151]
 10%|█         | 20/200 [08:22<1:11:43, 23.91s/it, Train loss=0.000224, Train acc=0, Test loss=0.8, Test acc=0.151]  
 10%|█         | 21/200 [08:22<1:11:23, 23.93s/it, Train loss=0.000224, Train acc=0, Test loss=0.8, Test acc=0.151]
 10%|█         | 21/200 [08:46<1:11:23, 23.93s/it, Train loss=0.000152, Train acc=0, Test loss=0.803, Test acc=0.15]
 11%|█         | 22/200 [08:46<1:11:01, 23.94s/it, Train loss=0.000152, Train acc=0, Test loss=0.803, Test acc=0.15]
 11%|█         | 22/200 [09:09<1:11:01, 23.94s/it, Train loss=0.000129, Train acc=0, Test loss=0.803, Test acc=0.151]
 12%|█▏        | 23/200 [09:09<1:10:34, 23.92s/it, Train loss=0.000129, Train acc=0, Test loss=0.803, Test acc=0.151]
 12%|█▏        | 23/200 [09:34<1:10:34, 23.92s/it, Train loss=0.000108, Train acc=0, Test loss=0.802, Test acc=0.15] 
 12%|█▏        | 24/200 [09:34<1:10:18, 23.97s/it, Train loss=0.000108, Train acc=0, Test loss=0.802, Test acc=0.15]
 12%|█▏        | 24/200 [09:57<1:10:18, 23.97s/it, Train loss=0.000102, Train acc=0, Test loss=0.808, Test acc=0.151]
 12%|█▎        | 25/200 [09:57<1:09:49, 23.94s/it, Train loss=0.000102, Train acc=0, Test loss=0.808, Test acc=0.151]
 12%|█▎        | 25/200 [10:21<1:09:49, 23.94s/it, Train loss=9.63e-5, Train acc=0, Test loss=0.803, Test acc=0.148] 
 13%|█▎        | 26/200 [10:21<1:09:27, 23.95s/it, Train loss=9.63e-5, Train acc=0, Test loss=0.803, Test acc=0.148]
 13%|█▎        | 26/200 [10:45<1:09:27, 23.95s/it, Train loss=8.63e-5, Train acc=0, Test loss=0.807, Test acc=0.149]
 14%|█▎        | 27/200 [10:45<1:09:08, 23.98s/it, Train loss=8.63e-5, Train acc=0, Test loss=0.807, Test acc=0.149]
 14%|█▎        | 27/200 [11:09<1:09:08, 23.98s/it, Train loss=8.95e-5, Train acc=0, Test loss=0.809, Test acc=0.149]
 14%|█▍        | 28/200 [11:09<1:08:37, 23.94s/it, Train loss=8.95e-5, Train acc=0, Test loss=0.809, Test acc=0.149]
 14%|█▍        | 28/200 [11:33<1:08:37, 23.94s/it, Train loss=7.79e-5, Train acc=0, Test loss=0.808, Test acc=0.149]
 14%|█▍        | 29/200 [11:33<1:08:17, 23.96s/it, Train loss=7.79e-5, Train acc=0, Test loss=0.808, Test acc=0.149]
 14%|█▍        | 29/200 [11:57<1:08:17, 23.96s/it, Train loss=7.43e-5, Train acc=0, Test loss=0.809, Test acc=0.149]
 15%|█▌        | 30/200 [11:57<1:07:53, 23.96s/it, Train loss=7.43e-5, Train acc=0, Test loss=0.809, Test acc=0.149]
 15%|█▌        | 30/200 [12:21<1:07:53, 23.96s/it, Train loss=7.19e-5, Train acc=0, Test loss=0.815, Test acc=0.15] 
 16%|█▌        | 31/200 [12:21<1:07:27, 23.95s/it, Train loss=7.19e-5, Train acc=0, Test loss=0.815, Test acc=0.15]
 16%|█▌        | 31/200 [12:45<1:07:27, 23.95s/it, Train loss=6.66e-5, Train acc=0, Test loss=0.808, Test acc=0.15]
 16%|█▌        | 32/200 [12:45<1:07:11, 24.00s/it, Train loss=6.66e-5, Train acc=0, Test loss=0.808, Test acc=0.15]
 16%|█▌        | 32/200 [13:09<1:07:11, 24.00s/it, Train loss=6.82e-5, Train acc=0, Test loss=0.818, Test acc=0.149]
 16%|█▋        | 33/200 [13:09<1:06:40, 23.96s/it, Train loss=6.82e-5, Train acc=0, Test loss=0.818, Test acc=0.149]
 16%|█▋        | 33/200 [13:33<1:06:40, 23.96s/it, Train loss=6.33e-5, Train acc=0, Test loss=0.814, Test acc=0.15] 
 17%|█▋        | 34/200 [13:33<1:06:20, 23.98s/it, Train loss=6.33e-5, Train acc=0, Test loss=0.814, Test acc=0.15]
 17%|█▋        | 34/200 [13:57<1:06:20, 23.98s/it, Train loss=5.97e-5, Train acc=0, Test loss=0.815, Test acc=0.15]
 18%|█▊        | 35/200 [13:57<1:06:00, 24.01s/it, Train loss=5.97e-5, Train acc=0, Test loss=0.815, Test acc=0.15]
 18%|█▊        | 35/200 [14:21<1:06:00, 24.01s/it, Train loss=5.38e-5, Train acc=0, Test loss=0.815, Test acc=0.148]
 18%|█▊        | 36/200 [14:21<1:05:29, 23.96s/it, Train loss=5.38e-5, Train acc=0, Test loss=0.815, Test acc=0.148]
 18%|█▊        | 36/200 [14:45<1:05:29, 23.96s/it, Train loss=5.31e-5, Train acc=0, Test loss=0.815, Test acc=0.148]
 18%|█▊        | 37/200 [14:45<1:05:10, 23.99s/it, Train loss=5.31e-5, Train acc=0, Test loss=0.815, Test acc=0.148]
 18%|█▊        | 37/200 [15:09<1:05:10, 23.99s/it, Train loss=5.27e-5, Train acc=0, Test loss=0.814, Test acc=0.149]
 19%|█▉        | 38/200 [15:09<1:04:48, 24.00s/it, Train loss=5.27e-5, Train acc=0, Test loss=0.814, Test acc=0.149]
 19%|█▉        | 38/200 [15:33<1:04:48, 24.00s/it, Train loss=5.11e-5, Train acc=0, Test loss=0.821, Test acc=0.148]
 20%|█▉        | 39/200 [15:33<1:04:20, 23.98s/it, Train loss=5.11e-5, Train acc=0, Test loss=0.821, Test acc=0.148]
 20%|█▉        | 39/200 [15:57<1:04:20, 23.98s/it, Train loss=4.98e-5, Train acc=0, Test loss=0.815, Test acc=0.15] 
 20%|██        | 40/200 [15:57<1:04:04, 24.03s/it, Train loss=4.98e-5, Train acc=0, Test loss=0.815, Test acc=0.15]
 20%|██        | 40/200 [16:21<1:04:04, 24.03s/it, Train loss=4.63e-5, Train acc=0, Test loss=0.813, Test acc=0.15]
 20%|██        | 41/200 [16:21<1:03:33, 23.98s/it, Train loss=4.63e-5, Train acc=0, Test loss=0.813, Test acc=0.15]
 20%|██        | 41/200 [16:45<1:03:33, 23.98s/it, Train loss=4.4e-5, Train acc=0, Test loss=0.822, Test acc=0.149]
 21%|██        | 42/200 [16:45<1:03:14, 24.02s/it, Train loss=4.4e-5, Train acc=0, Test loss=0.822, Test acc=0.149]
 21%|██        | 42/200 [17:09<1:03:14, 24.02s/it, Train loss=4.35e-5, Train acc=0, Test loss=0.824, Test acc=0.148]
 22%|██▏       | 43/200 [17:09<1:02:52, 24.03s/it, Train loss=4.35e-5, Train acc=0, Test loss=0.824, Test acc=0.148]
 22%|██▏       | 43/200 [17:33<1:02:52, 24.03s/it, Train loss=4.51e-5, Train acc=0, Test loss=0.822, Test acc=0.149]
 22%|██▏       | 44/200 [17:33<1:02:22, 23.99s/it, Train loss=4.51e-5, Train acc=0, Test loss=0.822, Test acc=0.149]
 22%|██▏       | 44/200 [17:57<1:02:22, 23.99s/it, Train loss=4.5e-5, Train acc=0, Test loss=0.826, Test acc=0.149] 
 22%|██▎       | 45/200 [17:57<1:02:08, 24.05s/it, Train loss=4.5e-5, Train acc=0, Test loss=0.826, Test acc=0.149]
 22%|██▎       | 45/200 [18:21<1:02:08, 24.05s/it, Train loss=4.91e-5, Train acc=0, Test loss=0.825, Test acc=0.15]
 23%|██▎       | 46/200 [18:21<1:01:41, 24.04s/it, Train loss=4.91e-5, Train acc=0, Test loss=0.825, Test acc=0.15]
 23%|██▎       | 46/200 [18:45<1:01:41, 24.04s/it, Train loss=4.41e-5, Train acc=0, Test loss=0.819, Test acc=0.149]
 24%|██▎       | 47/200 [18:45<1:01:19, 24.05s/it, Train loss=4.41e-5, Train acc=0, Test loss=0.819, Test acc=0.149]
 24%|██▎       | 47/200 [19:10<1:01:19, 24.05s/it, Train loss=4.24e-5, Train acc=0, Test loss=0.826, Test acc=0.148]
 24%|██▍       | 48/200 [19:10<1:01:00, 24.08s/it, Train loss=4.24e-5, Train acc=0, Test loss=0.826, Test acc=0.148]
 24%|██▍       | 48/200 [19:34<1:01:00, 24.08s/it, Train loss=3.82e-5, Train acc=0, Test loss=0.826, Test acc=0.148]
 24%|██▍       | 49/200 [19:34<1:00:27, 24.03s/it, Train loss=3.82e-5, Train acc=0, Test loss=0.826, Test acc=0.148]
 24%|██▍       | 49/200 [19:58<1:00:27, 24.03s/it, Train loss=3.89e-5, Train acc=0, Test loss=0.827, Test acc=0.15] 
 25%|██▌       | 50/200 [19:58<1:00:13, 24.09s/it, Train loss=3.89e-5, Train acc=0, Test loss=0.827, Test acc=0.15]
 25%|██▌       | 50/200 [20:22<1:00:13, 24.09s/it, Train loss=3.74e-5, Train acc=0, Test loss=0.825, Test acc=0.149]
 26%|██▌       | 51/200 [20:22<59:45, 24.06s/it, Train loss=3.74e-5, Train acc=0, Test loss=0.825, Test acc=0.149]  
 26%|██▌       | 51/200 [20:46<59:45, 24.06s/it, Train loss=4.01e-5, Train acc=0, Test loss=0.826, Test acc=0.149]
 26%|██▌       | 52/200 [20:46<59:18, 24.05s/it, Train loss=4.01e-5, Train acc=0, Test loss=0.826, Test acc=0.149]
 26%|██▌       | 52/200 [21:10<59:18, 24.05s/it, Train loss=3.68e-5, Train acc=0, Test loss=0.828, Test acc=0.148]
 26%|██▋       | 53/200 [21:10<59:02, 24.10s/it, Train loss=3.68e-5, Train acc=0, Test loss=0.828, Test acc=0.148]
 26%|██▋       | 53/200 [21:34<59:02, 24.10s/it, Train loss=3.74e-5, Train acc=0, Test loss=0.83, Test acc=0.148] 
 27%|██▋       | 54/200 [21:34<58:29, 24.04s/it, Train loss=3.74e-5, Train acc=0, Test loss=0.83, Test acc=0.148]
 27%|██▋       | 54/200 [21:58<58:29, 24.04s/it, Train loss=3.46e-5, Train acc=0, Test loss=0.828, Test acc=0.148]
 28%|██▊       | 55/200 [21:58<58:10, 24.07s/it, Train loss=3.46e-5, Train acc=0, Test loss=0.828, Test acc=0.148]
 28%|██▊       | 55/200 [22:22<58:10, 24.07s/it, Train loss=3.8e-5, Train acc=0, Test loss=0.829, Test acc=0.148] 
 28%|██▊       | 56/200 [22:22<57:40, 24.03s/it, Train loss=3.8e-5, Train acc=0, Test loss=0.829, Test acc=0.148]
 28%|██▊       | 56/200 [22:46<57:40, 24.03s/it, Train loss=3.31e-5, Train acc=0, Test loss=0.83, Test acc=0.148]
 28%|██▊       | 57/200 [22:46<57:05, 23.96s/it, Train loss=3.31e-5, Train acc=0, Test loss=0.83, Test acc=0.148]
 28%|██▊       | 57/200 [23:10<57:05, 23.96s/it, Train loss=3.25e-5, Train acc=0, Test loss=0.829, Test acc=0.149]
 29%|██▉       | 58/200 [23:10<56:43, 23.97s/it, Train loss=3.25e-5, Train acc=0, Test loss=0.829, Test acc=0.149]
 29%|██▉       | 58/200 [23:34<56:43, 23.97s/it, Train loss=3.28e-5, Train acc=0, Test loss=0.831, Test acc=0.148]
 30%|██▉       | 59/200 [23:34<56:11, 23.91s/it, Train loss=3.28e-5, Train acc=0, Test loss=0.831, Test acc=0.148]
 30%|██▉       | 59/200 [23:57<56:11, 23.91s/it, Train loss=3.45e-5, Train acc=0, Test loss=0.83, Test acc=0.147] 
 30%|███       | 60/200 [23:57<55:47, 23.91s/it, Train loss=3.45e-5, Train acc=0, Test loss=0.83, Test acc=0.147]
 30%|███       | 60/200 [24:21<55:47, 23.91s/it, Train loss=3.39e-5, Train acc=0, Test loss=0.829, Test acc=0.149]
 30%|███       | 61/200 [24:21<55:26, 23.93s/it, Train loss=3.39e-5, Train acc=0, Test loss=0.829, Test acc=0.149]
 30%|███       | 61/200 [24:45<55:26, 23.93s/it, Train loss=3.07e-5, Train acc=0, Test loss=0.833, Test acc=0.148]
 31%|███       | 62/200 [24:45<54:54, 23.87s/it, Train loss=3.07e-5, Train acc=0, Test loss=0.833, Test acc=0.148]
 31%|███       | 62/200 [25:09<54:54, 23.87s/it, Train loss=2.97e-5, Train acc=0, Test loss=0.833, Test acc=0.147]
 32%|███▏      | 63/200 [25:09<54:33, 23.90s/it, Train loss=2.97e-5, Train acc=0, Test loss=0.833, Test acc=0.147]
 32%|███▏      | 63/200 [25:33<54:33, 23.90s/it, Train loss=3.19e-5, Train acc=0, Test loss=0.83, Test acc=0.148] 
 32%|███▏      | 64/200 [25:33<54:12, 23.92s/it, Train loss=3.19e-5, Train acc=0, Test loss=0.83, Test acc=0.148]
 32%|███▏      | 64/200 [25:57<54:12, 23.92s/it, Train loss=3.2e-5, Train acc=0, Test loss=0.836, Test acc=0.148]
 32%|███▎      | 65/200 [25:57<53:45, 23.89s/it, Train loss=3.2e-5, Train acc=0, Test loss=0.836, Test acc=0.148]
 32%|███▎      | 65/200 [26:21<53:45, 23.89s/it, Train loss=3.1e-5, Train acc=0, Test loss=0.83, Test acc=0.148] 
 33%|███▎      | 66/200 [26:21<53:27, 23.93s/it, Train loss=3.1e-5, Train acc=0, Test loss=0.83, Test acc=0.148]
 33%|███▎      | 66/200 [26:45<53:27, 23.93s/it, Train loss=2.61e-5, Train acc=0, Test loss=0.834, Test acc=0.148]
 34%|███▎      | 67/200 [26:45<52:58, 23.89s/it, Train loss=2.61e-5, Train acc=0, Test loss=0.834, Test acc=0.148]
 34%|███▎      | 67/200 [27:09<52:58, 23.89s/it, Train loss=3.02e-5, Train acc=0, Test loss=0.833, Test acc=0.148]
 34%|███▍      | 68/200 [27:09<52:34, 23.90s/it, Train loss=3.02e-5, Train acc=0, Test loss=0.833, Test acc=0.148]
 34%|███▍      | 68/200 [27:33<52:34, 23.90s/it, Train loss=2.77e-5, Train acc=0, Test loss=0.834, Test acc=0.149]
 34%|███▍      | 69/200 [27:33<52:15, 23.94s/it, Train loss=2.77e-5, Train acc=0, Test loss=0.834, Test acc=0.149]
 34%|███▍      | 69/200 [27:56<52:15, 23.94s/it, Train loss=2.83e-5, Train acc=0, Test loss=0.837, Test acc=0.148]
 35%|███▌      | 70/200 [27:56<51:45, 23.89s/it, Train loss=2.83e-5, Train acc=0, Test loss=0.837, Test acc=0.148]
 35%|███▌      | 70/200 [28:20<51:45, 23.89s/it, Train loss=2.81e-5, Train acc=0, Test loss=0.836, Test acc=0.148]
 36%|███▌      | 71/200 [28:20<51:25, 23.92s/it, Train loss=2.81e-5, Train acc=0, Test loss=0.836, Test acc=0.148]
 36%|███▌      | 71/200 [28:44<51:25, 23.92s/it, Train loss=2.83e-5, Train acc=0, Test loss=0.831, Test acc=0.148]
 36%|███▌      | 72/200 [28:44<51:04, 23.95s/it, Train loss=2.83e-5, Train acc=0, Test loss=0.831, Test acc=0.148]
 36%|███▌      | 72/200 [29:08<51:04, 23.95s/it, Train loss=2.67e-5, Train acc=0, Test loss=0.833, Test acc=0.147]
 36%|███▋      | 73/200 [29:08<50:35, 23.90s/it, Train loss=2.67e-5, Train acc=0, Test loss=0.833, Test acc=0.147]
 36%|███▋      | 73/200 [29:32<50:35, 23.90s/it, Train loss=2.54e-5, Train acc=0, Test loss=0.842, Test acc=0.148]
 37%|███▋      | 74/200 [29:32<50:17, 23.95s/it, Train loss=2.54e-5, Train acc=0, Test loss=0.842, Test acc=0.148]
 37%|███▋      | 74/200 [29:56<50:17, 23.95s/it, Train loss=2.84e-5, Train acc=0, Test loss=0.839, Test acc=0.147]
 38%|███▊      | 75/200 [29:56<49:53, 23.95s/it, Train loss=2.84e-5, Train acc=0, Test loss=0.839, Test acc=0.147]
 38%|███▊      | 75/200 [30:20<49:53, 23.95s/it, Train loss=2.68e-5, Train acc=0, Test loss=0.836, Test acc=0.147]
 38%|███▊      | 76/200 [30:20<49:28, 23.94s/it, Train loss=2.68e-5, Train acc=0, Test loss=0.836, Test acc=0.147]
 38%|███▊      | 76/200 [30:44<49:28, 23.94s/it, Train loss=2.82e-5, Train acc=0, Test loss=0.847, Test acc=0.149]
 38%|███▊      | 77/200 [30:44<49:09, 23.98s/it, Train loss=2.82e-5, Train acc=0, Test loss=0.847, Test acc=0.149]
 38%|███▊      | 77/200 [31:08<49:09, 23.98s/it, Train loss=2.61e-5, Train acc=0, Test loss=0.839, Test acc=0.148]
 39%|███▉      | 78/200 [31:08<48:39, 23.93s/it, Train loss=2.61e-5, Train acc=0, Test loss=0.839, Test acc=0.148]
 39%|███▉      | 78/200 [31:32<48:39, 23.93s/it, Train loss=2.67e-5, Train acc=0, Test loss=0.833, Test acc=0.15] 
 40%|███▉      | 79/200 [31:32<48:18, 23.96s/it, Train loss=2.67e-5, Train acc=0, Test loss=0.833, Test acc=0.15]
 40%|███▉      | 79/200 [31:56<48:18, 23.96s/it, Train loss=2.42e-5, Train acc=0, Test loss=0.841, Test acc=0.148]
 40%|████      | 80/200 [31:56<48:04, 24.03s/it, Train loss=2.42e-5, Train acc=0, Test loss=0.841, Test acc=0.148]
 40%|████      | 80/200 [32:20<48:04, 24.03s/it, Train loss=2.66e-5, Train acc=0, Test loss=0.842, Test acc=0.148]
 40%|████      | 81/200 [32:20<47:43, 24.06s/it, Train loss=2.66e-5, Train acc=0, Test loss=0.842, Test acc=0.148]
 40%|████      | 81/200 [32:45<47:43, 24.06s/it, Train loss=2.38e-5, Train acc=0, Test loss=0.84, Test acc=0.148] 
 41%|████      | 82/200 [32:45<47:26, 24.12s/it, Train loss=2.38e-5, Train acc=0, Test loss=0.84, Test acc=0.148]
 41%|████      | 82/200 [33:09<47:26, 24.12s/it, Train loss=2.39e-5, Train acc=0, Test loss=0.836, Test acc=0.149]
 42%|████▏     | 83/200 [33:09<47:00, 24.11s/it, Train loss=2.39e-5, Train acc=0, Test loss=0.836, Test acc=0.149]
 42%|████▏     | 83/200 [33:33<47:00, 24.11s/it, Train loss=2.26e-5, Train acc=0, Test loss=0.843, Test acc=0.149]
 42%|████▏     | 84/200 [33:33<46:42, 24.16s/it, Train loss=2.26e-5, Train acc=0, Test loss=0.843, Test acc=0.149]
 42%|████▏     | 84/200 [33:57<46:42, 24.16s/it, Train loss=2.24e-5, Train acc=0, Test loss=0.847, Test acc=0.15] 
 42%|████▎     | 85/200 [33:57<46:20, 24.17s/it, Train loss=2.24e-5, Train acc=0, Test loss=0.847, Test acc=0.15]
 42%|████▎     | 85/200 [34:21<46:20, 24.17s/it, Train loss=2.26e-5, Train acc=0, Test loss=0.845, Test acc=0.148]
 43%|████▎     | 86/200 [34:21<45:54, 24.16s/it, Train loss=2.26e-5, Train acc=0, Test loss=0.845, Test acc=0.148]
 43%|████▎     | 86/200 [34:46<45:54, 24.16s/it, Train loss=2.22e-5, Train acc=0, Test loss=0.844, Test acc=0.149]
 44%|████▎     | 87/200 [34:46<45:35, 24.20s/it, Train loss=2.22e-5, Train acc=0, Test loss=0.844, Test acc=0.149]
 44%|████▎     | 87/200 [35:10<45:35, 24.20s/it, Train loss=2.24e-5, Train acc=0, Test loss=0.845, Test acc=0.147]
 44%|████▍     | 88/200 [35:10<45:07, 24.18s/it, Train loss=2.24e-5, Train acc=0, Test loss=0.845, Test acc=0.147]
 44%|████▍     | 88/200 [35:34<45:07, 24.18s/it, Train loss=2.21e-5, Train acc=0, Test loss=0.841, Test acc=0.148]
 44%|████▍     | 89/200 [35:34<44:45, 24.19s/it, Train loss=2.21e-5, Train acc=0, Test loss=0.841, Test acc=0.148]
 44%|████▍     | 89/200 [35:58<44:45, 24.19s/it, Train loss=2.23e-5, Train acc=0, Test loss=0.843, Test acc=0.148]
 45%|████▌     | 90/200 [35:58<44:25, 24.23s/it, Train loss=2.23e-5, Train acc=0, Test loss=0.843, Test acc=0.148]
 45%|████▌     | 90/200 [36:22<44:25, 24.23s/it, Train loss=2.21e-5, Train acc=0, Test loss=0.844, Test acc=0.15] 
 46%|████▌     | 91/200 [36:22<43:56, 24.19s/it, Train loss=2.21e-5, Train acc=0, Test loss=0.844, Test acc=0.15]
 46%|████▌     | 91/200 [36:47<43:56, 24.19s/it, Train loss=2.3e-5, Train acc=0, Test loss=0.847, Test acc=0.15] 
 46%|████▌     | 92/200 [36:47<43:35, 24.22s/it, Train loss=2.3e-5, Train acc=0, Test loss=0.847, Test acc=0.15]
 46%|████▌     | 92/200 [37:11<43:35, 24.22s/it, Train loss=2.34e-5, Train acc=0, Test loss=0.84, Test acc=0.148]
 46%|████▋     | 93/200 [37:11<43:10, 24.21s/it, Train loss=2.34e-5, Train acc=0, Test loss=0.84, Test acc=0.148]
 46%|████▋     | 93/200 [37:35<43:10, 24.21s/it, Train loss=2.24e-5, Train acc=0, Test loss=0.84, Test acc=0.148]
 47%|████▋     | 94/200 [37:35<42:45, 24.21s/it, Train loss=2.24e-5, Train acc=0, Test loss=0.84, Test acc=0.148]
 47%|████▋     | 94/200 [37:59<42:45, 24.21s/it, Train loss=2.17e-5, Train acc=0, Test loss=0.843, Test acc=0.148]
 48%|████▊     | 95/200 [37:59<42:24, 24.23s/it, Train loss=2.17e-5, Train acc=0, Test loss=0.843, Test acc=0.148]
 48%|████▊     | 95/200 [38:24<42:24, 24.23s/it, Train loss=2.08e-5, Train acc=0, Test loss=0.838, Test acc=0.148]
 48%|████▊     | 96/200 [38:24<41:57, 24.21s/it, Train loss=2.08e-5, Train acc=0, Test loss=0.838, Test acc=0.148]
 48%|████▊     | 96/200 [38:48<41:57, 24.21s/it, Train loss=2.17e-5, Train acc=0, Test loss=0.844, Test acc=0.148]
 48%|████▊     | 97/200 [38:48<41:35, 24.23s/it, Train loss=2.17e-5, Train acc=0, Test loss=0.844, Test acc=0.148]
 48%|████▊     | 97/200 [39:12<41:35, 24.23s/it, Train loss=2e-5, Train acc=0, Test loss=0.844, Test acc=0.149]   
 49%|████▉     | 98/200 [39:12<41:10, 24.22s/it, Train loss=2e-5, Train acc=0, Test loss=0.844, Test acc=0.149]
 49%|████▉     | 98/200 [39:36<41:10, 24.22s/it, Train loss=2.16e-5, Train acc=0, Test loss=0.842, Test acc=0.148]
 50%|████▉     | 99/200 [39:36<40:45, 24.21s/it, Train loss=2.16e-5, Train acc=0, Test loss=0.842, Test acc=0.148]
 50%|████▉     | 99/200 [40:01<40:45, 24.21s/it, Train loss=1.96e-5, Train acc=0, Test loss=0.848, Test acc=0.148]
 50%|█████     | 100/200 [40:01<40:24, 24.25s/it, Train loss=1.96e-5, Train acc=0, Test loss=0.848, Test acc=0.148]
 50%|█████     | 100/200 [40:25<40:24, 24.25s/it, Train loss=2.02e-5, Train acc=0, Test loss=0.841, Test acc=0.147]
 50%|█████     | 101/200 [40:25<39:56, 24.21s/it, Train loss=2.02e-5, Train acc=0, Test loss=0.841, Test acc=0.147]
 50%|█████     | 101/200 [40:49<39:56, 24.21s/it, Train loss=2.17e-5, Train acc=0, Test loss=0.842, Test acc=0.147]
 51%|█████     | 102/200 [40:49<39:34, 24.23s/it, Train loss=2.17e-5, Train acc=0, Test loss=0.842, Test acc=0.147]
 51%|█████     | 102/200 [41:13<39:34, 24.23s/it, Train loss=2.11e-5, Train acc=0, Test loss=0.848, Test acc=0.149]
 52%|█████▏    | 103/200 [41:13<39:12, 24.25s/it, Train loss=2.11e-5, Train acc=0, Test loss=0.848, Test acc=0.149]
 52%|█████▏    | 103/200 [41:37<39:12, 24.25s/it, Train loss=1.97e-5, Train acc=0, Test loss=0.844, Test acc=0.149]
 52%|█████▏    | 104/200 [41:37<38:44, 24.21s/it, Train loss=1.97e-5, Train acc=0, Test loss=0.844, Test acc=0.149]
 52%|█████▏    | 104/200 [42:02<38:44, 24.21s/it, Train loss=1.96e-5, Train acc=0, Test loss=0.846, Test acc=0.149]
 52%|█████▎    | 105/200 [42:02<38:24, 24.25s/it, Train loss=1.96e-5, Train acc=0, Test loss=0.846, Test acc=0.149]
 52%|█████▎    | 105/200 [42:26<38:24, 24.25s/it, Train loss=2.05e-5, Train acc=0, Test loss=0.852, Test acc=0.148]
 53%|█████▎    | 106/200 [42:26<37:59, 24.25s/it, Train loss=2.05e-5, Train acc=0, Test loss=0.852, Test acc=0.148]
 53%|█████▎    | 106/200 [42:51<37:59, 24.25s/it, Train loss=1.99e-5, Train acc=0, Test loss=0.846, Test acc=0.15] 
 54%|█████▎    | 107/200 [42:51<38:02, 24.54s/it, Train loss=1.99e-5, Train acc=0, Test loss=0.846, Test acc=0.15]
 54%|█████▎    | 107/200 [43:15<38:02, 24.54s/it, Train loss=1.98e-5, Train acc=0, Test loss=0.844, Test acc=0.147]
 54%|█████▍    | 108/200 [43:15<37:22, 24.38s/it, Train loss=1.98e-5, Train acc=0, Test loss=0.844, Test acc=0.147]
 54%|█████▍    | 108/200 [43:39<37:22, 24.38s/it, Train loss=1.92e-5, Train acc=0, Test loss=0.848, Test acc=0.148]
 55%|█████▍    | 109/200 [43:39<36:42, 24.21s/it, Train loss=1.92e-5, Train acc=0, Test loss=0.848, Test acc=0.148]
 55%|█████▍    | 109/200 [44:03<36:42, 24.21s/it, Train loss=2.07e-5, Train acc=0, Test loss=0.847, Test acc=0.149]
 55%|█████▌    | 110/200 [44:03<36:11, 24.13s/it, Train loss=2.07e-5, Train acc=0, Test loss=0.847, Test acc=0.149]
 55%|█████▌    | 110/200 [44:27<36:11, 24.13s/it, Train loss=1.87e-5, Train acc=0, Test loss=0.846, Test acc=0.149]
 56%|█████▌    | 111/200 [44:27<35:41, 24.06s/it, Train loss=1.87e-5, Train acc=0, Test loss=0.846, Test acc=0.149]
 56%|█████▌    | 111/200 [44:51<35:41, 24.06s/it, Train loss=1.83e-5, Train acc=0, Test loss=0.845, Test acc=0.147]
 56%|█████▌    | 112/200 [44:51<35:12, 24.01s/it, Train loss=1.83e-5, Train acc=0, Test loss=0.845, Test acc=0.147]
 56%|█████▌    | 112/200 [45:15<35:12, 24.01s/it, Train loss=1.98e-5, Train acc=0, Test loss=0.85, Test acc=0.148] 
 56%|█████▋    | 113/200 [45:15<34:48, 24.01s/it, Train loss=1.98e-5, Train acc=0, Test loss=0.85, Test acc=0.148]
 56%|█████▋    | 113/200 [45:39<34:48, 24.01s/it, Train loss=2.06e-5, Train acc=0, Test loss=0.842, Test acc=0.148]
 57%|█████▋    | 114/200 [45:39<34:20, 23.96s/it, Train loss=2.06e-5, Train acc=0, Test loss=0.842, Test acc=0.148]
 57%|█████▋    | 114/200 [46:03<34:20, 23.96s/it, Train loss=1.96e-5, Train acc=0, Test loss=0.849, Test acc=0.148]
 57%|█████▊    | 115/200 [46:03<33:55, 23.95s/it, Train loss=1.96e-5, Train acc=0, Test loss=0.849, Test acc=0.148]
 57%|█████▊    | 115/200 [46:26<33:55, 23.95s/it, Train loss=1.94e-5, Train acc=0, Test loss=0.848, Test acc=0.149]
 58%|█████▊    | 116/200 [46:26<33:32, 23.95s/it, Train loss=1.94e-5, Train acc=0, Test loss=0.848, Test acc=0.149]
 58%|█████▊    | 116/200 [46:50<33:32, 23.95s/it, Train loss=1.98e-5, Train acc=0, Test loss=0.845, Test acc=0.148]
 58%|█████▊    | 117/200 [46:50<33:05, 23.92s/it, Train loss=1.98e-5, Train acc=0, Test loss=0.845, Test acc=0.148]
 58%|█████▊    | 117/200 [47:14<33:05, 23.92s/it, Train loss=1.88e-5, Train acc=0, Test loss=0.838, Test acc=0.15] 
 59%|█████▉    | 118/200 [47:14<32:44, 23.96s/it, Train loss=1.88e-5, Train acc=0, Test loss=0.838, Test acc=0.15]
 59%|█████▉    | 118/200 [47:38<32:44, 23.96s/it, Train loss=2.02e-5, Train acc=0, Test loss=0.849, Test acc=0.148]
 60%|█████▉    | 119/200 [47:38<32:18, 23.94s/it, Train loss=2.02e-5, Train acc=0, Test loss=0.849, Test acc=0.148]
 60%|█████▉    | 119/200 [48:02<32:18, 23.94s/it, Train loss=1.93e-5, Train acc=0, Test loss=0.855, Test acc=0.149]
 60%|██████    | 120/200 [48:02<31:54, 23.93s/it, Train loss=1.93e-5, Train acc=0, Test loss=0.855, Test acc=0.149]
 60%|██████    | 120/200 [48:26<31:54, 23.93s/it, Train loss=1.9e-5, Train acc=0, Test loss=0.845, Test acc=0.148] 
 60%|██████    | 121/200 [48:26<31:32, 23.96s/it, Train loss=1.9e-5, Train acc=0, Test loss=0.845, Test acc=0.148]
 60%|██████    | 121/200 [48:50<31:32, 23.96s/it, Train loss=1.89e-5, Train acc=0, Test loss=0.853, Test acc=0.149]
 61%|██████    | 122/200 [48:50<31:07, 23.94s/it, Train loss=1.89e-5, Train acc=0, Test loss=0.853, Test acc=0.149]
 61%|██████    | 122/200 [49:14<31:07, 23.94s/it, Train loss=1.92e-5, Train acc=0, Test loss=0.842, Test acc=0.148]
 62%|██████▏   | 123/200 [49:14<30:44, 23.95s/it, Train loss=1.92e-5, Train acc=0, Test loss=0.842, Test acc=0.148]
 62%|██████▏   | 123/200 [49:38<30:44, 23.95s/it, Train loss=1.83e-5, Train acc=0, Test loss=0.846, Test acc=0.148]
 62%|██████▏   | 124/200 [49:38<30:20, 23.95s/it, Train loss=1.83e-5, Train acc=0, Test loss=0.846, Test acc=0.148]
 62%|██████▏   | 124/200 [50:02<30:20, 23.95s/it, Train loss=1.79e-5, Train acc=0, Test loss=0.857, Test acc=0.149]
 62%|██████▎   | 125/200 [50:02<29:54, 23.93s/it, Train loss=1.79e-5, Train acc=0, Test loss=0.857, Test acc=0.149]
 62%|██████▎   | 125/200 [50:26<29:54, 23.93s/it, Train loss=1.78e-5, Train acc=0, Test loss=0.846, Test acc=0.148]
 63%|██████▎   | 126/200 [50:26<29:32, 23.95s/it, Train loss=1.78e-5, Train acc=0, Test loss=0.846, Test acc=0.148]
 63%|██████▎   | 126/200 [50:50<29:32, 23.95s/it, Train loss=1.94e-5, Train acc=0, Test loss=0.846, Test acc=0.148]
 64%|██████▎   | 127/200 [50:50<29:06, 23.93s/it, Train loss=1.94e-5, Train acc=0, Test loss=0.846, Test acc=0.148]
 64%|██████▎   | 127/200 [51:14<29:06, 23.93s/it, Train loss=1.76e-5, Train acc=0, Test loss=0.848, Test acc=0.148]
 64%|██████▍   | 128/200 [51:14<28:44, 23.94s/it, Train loss=1.76e-5, Train acc=0, Test loss=0.848, Test acc=0.148]
 64%|██████▍   | 128/200 [51:38<28:44, 23.94s/it, Train loss=1.96e-5, Train acc=0, Test loss=0.852, Test acc=0.148]
 64%|██████▍   | 129/200 [51:38<28:21, 23.96s/it, Train loss=1.96e-5, Train acc=0, Test loss=0.852, Test acc=0.148]
 64%|██████▍   | 129/200 [52:02<28:21, 23.96s/it, Train loss=1.92e-5, Train acc=0, Test loss=0.852, Test acc=0.149]
 65%|██████▌   | 130/200 [52:02<27:55, 23.94s/it, Train loss=1.92e-5, Train acc=0, Test loss=0.852, Test acc=0.149]
 65%|██████▌   | 130/200 [52:26<27:55, 23.94s/it, Train loss=1.8e-5, Train acc=0, Test loss=0.849, Test acc=0.148] 
 66%|██████▌   | 131/200 [52:26<27:34, 23.97s/it, Train loss=1.8e-5, Train acc=0, Test loss=0.849, Test acc=0.148]
 66%|██████▌   | 131/200 [52:50<27:34, 23.97s/it, Train loss=1.8e-5, Train acc=0, Test loss=0.848, Test acc=0.149]
 66%|██████▌   | 132/200 [52:50<27:10, 23.97s/it, Train loss=1.8e-5, Train acc=0, Test loss=0.848, Test acc=0.149]
 66%|██████▌   | 132/200 [53:14<27:10, 23.97s/it, Train loss=1.9e-5, Train acc=0, Test loss=0.85, Test acc=0.147] 
 66%|██████▋   | 133/200 [53:14<26:45, 23.96s/it, Train loss=1.9e-5, Train acc=0, Test loss=0.85, Test acc=0.147]
 66%|██████▋   | 133/200 [53:38<26:45, 23.96s/it, Train loss=1.87e-5, Train acc=0, Test loss=0.856, Test acc=0.149]
 67%|██████▋   | 134/200 [53:38<26:23, 23.99s/it, Train loss=1.87e-5, Train acc=0, Test loss=0.856, Test acc=0.149]
 67%|██████▋   | 134/200 [54:01<26:23, 23.99s/it, Train loss=1.7e-5, Train acc=0, Test loss=0.849, Test acc=0.149] 
 68%|██████▊   | 135/200 [54:01<25:56, 23.95s/it, Train loss=1.7e-5, Train acc=0, Test loss=0.849, Test acc=0.149]
 68%|██████▊   | 135/200 [54:25<25:56, 23.95s/it, Train loss=1.87e-5, Train acc=0, Test loss=0.849, Test acc=0.148]
 68%|██████▊   | 136/200 [54:25<25:32, 23.95s/it, Train loss=1.87e-5, Train acc=0, Test loss=0.849, Test acc=0.148]
 68%|██████▊   | 136/200 [54:49<25:32, 23.95s/it, Train loss=1.78e-5, Train acc=0, Test loss=0.852, Test acc=0.148]
 68%|██████▊   | 137/200 [54:49<25:09, 23.97s/it, Train loss=1.78e-5, Train acc=0, Test loss=0.852, Test acc=0.148]
 68%|██████▊   | 137/200 [55:13<25:09, 23.97s/it, Train loss=2.07e-5, Train acc=0, Test loss=0.852, Test acc=0.148]
 69%|██████▉   | 138/200 [55:13<24:44, 23.94s/it, Train loss=2.07e-5, Train acc=0, Test loss=0.852, Test acc=0.148]
 69%|██████▉   | 138/200 [55:37<24:44, 23.94s/it, Train loss=1.83e-5, Train acc=0, Test loss=0.846, Test acc=0.147]
 70%|██████▉   | 139/200 [55:37<24:22, 23.97s/it, Train loss=1.83e-5, Train acc=0, Test loss=0.846, Test acc=0.147]
 70%|██████▉   | 139/200 [56:01<24:22, 23.97s/it, Train loss=1.8e-5, Train acc=0, Test loss=0.847, Test acc=0.148] 
 70%|███████   | 140/200 [56:01<23:57, 23.96s/it, Train loss=1.8e-5, Train acc=0, Test loss=0.847, Test acc=0.148]
 70%|███████   | 140/200 [56:25<23:57, 23.96s/it, Train loss=1.78e-5, Train acc=0, Test loss=0.85, Test acc=0.149]
 70%|███████   | 141/200 [56:25<23:33, 23.96s/it, Train loss=1.78e-5, Train acc=0, Test loss=0.85, Test acc=0.149]
 70%|███████   | 141/200 [56:49<23:33, 23.96s/it, Train loss=1.73e-5, Train acc=0, Test loss=0.848, Test acc=0.148]
 71%|███████   | 142/200 [56:49<23:11, 23.99s/it, Train loss=1.73e-5, Train acc=0, Test loss=0.848, Test acc=0.148]
 71%|███████   | 142/200 [57:13<23:11, 23.99s/it, Train loss=1.71e-5, Train acc=0, Test loss=0.851, Test acc=0.147]
 72%|███████▏  | 143/200 [57:13<22:45, 23.96s/it, Train loss=1.71e-5, Train acc=0, Test loss=0.851, Test acc=0.147]
 72%|███████▏  | 143/200 [57:37<22:45, 23.96s/it, Train loss=1.76e-5, Train acc=0, Test loss=0.846, Test acc=0.148]
 72%|███████▏  | 144/200 [57:37<22:22, 23.98s/it, Train loss=1.76e-5, Train acc=0, Test loss=0.846, Test acc=0.148]
 72%|███████▏  | 144/200 [58:01<22:22, 23.98s/it, Train loss=1.9e-5, Train acc=0, Test loss=0.848, Test acc=0.148] 
 72%|███████▎  | 145/200 [58:01<21:59, 23.99s/it, Train loss=1.9e-5, Train acc=0, Test loss=0.848, Test acc=0.148]
 72%|███████▎  | 145/200 [58:25<21:59, 23.99s/it, Train loss=1.89e-5, Train acc=0, Test loss=0.851, Test acc=0.148]
 73%|███████▎  | 146/200 [58:25<21:34, 23.97s/it, Train loss=1.89e-5, Train acc=0, Test loss=0.851, Test acc=0.148]
 73%|███████▎  | 146/200 [58:49<21:34, 23.97s/it, Train loss=1.92e-5, Train acc=0, Test loss=0.851, Test acc=0.149]
 74%|███████▎  | 147/200 [58:49<21:11, 24.00s/it, Train loss=1.92e-5, Train acc=0, Test loss=0.851, Test acc=0.149]
 74%|███████▎  | 147/200 [59:13<21:11, 24.00s/it, Train loss=1.71e-5, Train acc=0, Test loss=0.844, Test acc=0.148]
 74%|███████▍  | 148/200 [59:13<20:47, 23.98s/it, Train loss=1.71e-5, Train acc=0, Test loss=0.844, Test acc=0.148]
 74%|███████▍  | 148/200 [59:37<20:47, 23.98s/it, Train loss=1.7e-5, Train acc=0, Test loss=0.856, Test acc=0.149] 
 74%|███████▍  | 149/200 [59:37<20:23, 23.98s/it, Train loss=1.7e-5, Train acc=0, Test loss=0.856, Test acc=0.149]
 74%|███████▍  | 149/200 [1:00:01<20:23, 23.98s/it, Train loss=1.71e-5, Train acc=0, Test loss=0.847, Test acc=0.148]
 75%|███████▌  | 150/200 [1:00:01<20:00, 24.00s/it, Train loss=1.71e-5, Train acc=0, Test loss=0.847, Test acc=0.148]
 75%|███████▌  | 150/200 [1:00:25<20:00, 24.00s/it, Train loss=1.73e-5, Train acc=0, Test loss=0.85, Test acc=0.148] 
 76%|███████▌  | 151/200 [1:00:25<19:35, 23.99s/it, Train loss=1.73e-5, Train acc=0, Test loss=0.85, Test acc=0.148]
 76%|███████▌  | 151/200 [1:00:49<19:35, 23.99s/it, Train loss=1.65e-5, Train acc=0, Test loss=0.85, Test acc=0.149]
 76%|███████▌  | 152/200 [1:00:49<19:12, 24.01s/it, Train loss=1.65e-5, Train acc=0, Test loss=0.85, Test acc=0.149]
 76%|███████▌  | 152/200 [1:01:13<19:12, 24.01s/it, Train loss=1.67e-5, Train acc=0, Test loss=0.848, Test acc=0.148]
 76%|███████▋  | 153/200 [1:01:13<18:47, 24.00s/it, Train loss=1.67e-5, Train acc=0, Test loss=0.848, Test acc=0.148]
 76%|███████▋  | 153/200 [1:01:37<18:47, 24.00s/it, Train loss=1.77e-5, Train acc=0, Test loss=0.846, Test acc=0.149]
 77%|███████▋  | 154/200 [1:01:37<18:22, 23.97s/it, Train loss=1.77e-5, Train acc=0, Test loss=0.846, Test acc=0.149]
 77%|███████▋  | 154/200 [1:02:01<18:22, 23.97s/it, Train loss=1.77e-5, Train acc=0, Test loss=0.85, Test acc=0.147] 
 78%|███████▊  | 155/200 [1:02:01<17:59, 24.00s/it, Train loss=1.77e-5, Train acc=0, Test loss=0.85, Test acc=0.147]
 78%|███████▊  | 155/200 [1:02:25<17:59, 24.00s/it, Train loss=1.73e-5, Train acc=0, Test loss=0.849, Test acc=0.148]
 78%|███████▊  | 156/200 [1:02:25<17:35, 23.99s/it, Train loss=1.73e-5, Train acc=0, Test loss=0.849, Test acc=0.148]
 78%|███████▊  | 156/200 [1:02:49<17:35, 23.99s/it, Train loss=1.8e-5, Train acc=0, Test loss=0.852, Test acc=0.149] 
 78%|███████▊  | 157/200 [1:02:49<17:11, 23.99s/it, Train loss=1.8e-5, Train acc=0, Test loss=0.852, Test acc=0.149]
 78%|███████▊  | 157/200 [1:03:13<17:11, 23.99s/it, Train loss=1.68e-5, Train acc=0, Test loss=0.85, Test acc=0.149]
 79%|███████▉  | 158/200 [1:03:13<16:48, 24.02s/it, Train loss=1.68e-5, Train acc=0, Test loss=0.85, Test acc=0.149]
 79%|███████▉  | 158/200 [1:03:37<16:48, 24.02s/it, Train loss=1.84e-5, Train acc=0, Test loss=0.851, Test acc=0.149]
 80%|███████▉  | 159/200 [1:03:37<16:23, 23.99s/it, Train loss=1.84e-5, Train acc=0, Test loss=0.851, Test acc=0.149]
 80%|███████▉  | 159/200 [1:04:01<16:23, 23.99s/it, Train loss=1.77e-5, Train acc=0, Test loss=0.848, Test acc=0.147]
 80%|████████  | 160/200 [1:04:01<16:00, 24.00s/it, Train loss=1.77e-5, Train acc=0, Test loss=0.848, Test acc=0.147]
 80%|████████  | 160/200 [1:04:25<16:00, 24.00s/it, Train loss=1.67e-5, Train acc=0, Test loss=0.857, Test acc=0.148]
 80%|████████  | 161/200 [1:04:25<15:36, 24.01s/it, Train loss=1.67e-5, Train acc=0, Test loss=0.857, Test acc=0.148]
 80%|████████  | 161/200 [1:04:49<15:36, 24.01s/it, Train loss=1.79e-5, Train acc=0, Test loss=0.854, Test acc=0.148]
 81%|████████  | 162/200 [1:04:49<15:12, 24.01s/it, Train loss=1.79e-5, Train acc=0, Test loss=0.854, Test acc=0.148]
 81%|████████  | 162/200 [1:05:13<15:12, 24.01s/it, Train loss=1.64e-5, Train acc=0, Test loss=0.85, Test acc=0.148] 
 82%|████████▏ | 163/200 [1:05:13<14:48, 24.03s/it, Train loss=1.64e-5, Train acc=0, Test loss=0.85, Test acc=0.148]
 82%|████████▏ | 163/200 [1:05:37<14:48, 24.03s/it, Train loss=1.76e-5, Train acc=0, Test loss=0.848, Test acc=0.147]
 82%|████████▏ | 164/200 [1:05:37<14:24, 24.01s/it, Train loss=1.76e-5, Train acc=0, Test loss=0.848, Test acc=0.147]
 82%|████████▏ | 164/200 [1:06:01<14:24, 24.01s/it, Train loss=1.63e-5, Train acc=0, Test loss=0.855, Test acc=0.149]
 82%|████████▎ | 165/200 [1:06:01<14:00, 24.02s/it, Train loss=1.63e-5, Train acc=0, Test loss=0.855, Test acc=0.149]
 82%|████████▎ | 165/200 [1:06:25<14:00, 24.02s/it, Train loss=1.78e-5, Train acc=0, Test loss=0.852, Test acc=0.148]
 83%|████████▎ | 166/200 [1:06:25<13:37, 24.04s/it, Train loss=1.78e-5, Train acc=0, Test loss=0.852, Test acc=0.148]
 83%|████████▎ | 166/200 [1:06:49<13:37, 24.04s/it, Train loss=1.71e-5, Train acc=0, Test loss=0.849, Test acc=0.148]
 84%|████████▎ | 167/200 [1:06:49<13:12, 24.02s/it, Train loss=1.71e-5, Train acc=0, Test loss=0.849, Test acc=0.148]
 84%|████████▎ | 167/200 [1:07:13<13:12, 24.02s/it, Train loss=1.68e-5, Train acc=0, Test loss=0.852, Test acc=0.148]
 84%|████████▍ | 168/200 [1:07:13<12:49, 24.03s/it, Train loss=1.68e-5, Train acc=0, Test loss=0.852, Test acc=0.148]
 84%|████████▍ | 168/200 [1:07:37<12:49, 24.03s/it, Train loss=1.69e-5, Train acc=0, Test loss=0.848, Test acc=0.15] 
 84%|████████▍ | 169/200 [1:07:37<12:25, 24.04s/it, Train loss=1.69e-5, Train acc=0, Test loss=0.848, Test acc=0.15]
 84%|████████▍ | 169/200 [1:08:02<12:25, 24.04s/it, Train loss=1.67e-5, Train acc=0, Test loss=0.852, Test acc=0.147]
 85%|████████▌ | 170/200 [1:08:02<12:03, 24.13s/it, Train loss=1.67e-5, Train acc=0, Test loss=0.852, Test acc=0.147]
 85%|████████▌ | 170/200 [1:08:26<12:03, 24.13s/it, Train loss=1.69e-5, Train acc=0, Test loss=0.856, Test acc=0.149]
 86%|████████▌ | 171/200 [1:08:26<11:42, 24.21s/it, Train loss=1.69e-5, Train acc=0, Test loss=0.856, Test acc=0.149]
 86%|████████▌ | 171/200 [1:08:51<11:42, 24.21s/it, Train loss=1.72e-5, Train acc=0, Test loss=0.86, Test acc=0.149] 
 86%|████████▌ | 172/200 [1:08:51<11:19, 24.26s/it, Train loss=1.72e-5, Train acc=0, Test loss=0.86, Test acc=0.149]
 86%|████████▌ | 172/200 [1:09:15<11:19, 24.26s/it, Train loss=1.77e-5, Train acc=0, Test loss=0.85, Test acc=0.148]
 86%|████████▋ | 173/200 [1:09:15<10:55, 24.29s/it, Train loss=1.77e-5, Train acc=0, Test loss=0.85, Test acc=0.148]
 86%|████████▋ | 173/200 [1:09:39<10:55, 24.29s/it, Train loss=1.64e-5, Train acc=0, Test loss=0.848, Test acc=0.148]
 87%|████████▋ | 174/200 [1:09:39<10:32, 24.34s/it, Train loss=1.64e-5, Train acc=0, Test loss=0.848, Test acc=0.148]
 87%|████████▋ | 174/200 [1:10:04<10:32, 24.34s/it, Train loss=1.87e-5, Train acc=0, Test loss=0.844, Test acc=0.148]
 88%|████████▊ | 175/200 [1:10:04<10:08, 24.35s/it, Train loss=1.87e-5, Train acc=0, Test loss=0.844, Test acc=0.148]
 88%|████████▊ | 175/200 [1:10:28<10:08, 24.35s/it, Train loss=1.71e-5, Train acc=0, Test loss=0.849, Test acc=0.148]
 88%|████████▊ | 176/200 [1:10:28<09:44, 24.37s/it, Train loss=1.71e-5, Train acc=0, Test loss=0.849, Test acc=0.148]
 88%|████████▊ | 176/200 [1:10:53<09:44, 24.37s/it, Train loss=1.74e-5, Train acc=0, Test loss=0.851, Test acc=0.148]
 88%|████████▊ | 177/200 [1:10:53<09:20, 24.36s/it, Train loss=1.74e-5, Train acc=0, Test loss=0.851, Test acc=0.148]
 88%|████████▊ | 177/200 [1:11:17<09:20, 24.36s/it, Train loss=1.6e-5, Train acc=0, Test loss=0.855, Test acc=0.148] 
 89%|████████▉ | 178/200 [1:11:17<08:56, 24.37s/it, Train loss=1.6e-5, Train acc=0, Test loss=0.855, Test acc=0.148]
 89%|████████▉ | 178/200 [1:11:41<08:56, 24.37s/it, Train loss=1.71e-5, Train acc=0, Test loss=0.855, Test acc=0.15]
 90%|████████▉ | 179/200 [1:11:41<08:32, 24.38s/it, Train loss=1.71e-5, Train acc=0, Test loss=0.855, Test acc=0.15]
 90%|████████▉ | 179/200 [1:12:06<08:32, 24.38s/it, Train loss=1.65e-5, Train acc=0, Test loss=0.857, Test acc=0.149]
 90%|█████████ | 180/200 [1:12:06<08:07, 24.36s/it, Train loss=1.65e-5, Train acc=0, Test loss=0.857, Test acc=0.149]
 90%|█████████ | 180/200 [1:12:30<08:07, 24.36s/it, Train loss=1.88e-5, Train acc=0, Test loss=0.852, Test acc=0.148]
 90%|█████████ | 181/200 [1:12:30<07:43, 24.38s/it, Train loss=1.88e-5, Train acc=0, Test loss=0.852, Test acc=0.148]
 90%|█████████ | 181/200 [1:12:55<07:43, 24.38s/it, Train loss=1.73e-5, Train acc=0, Test loss=0.855, Test acc=0.149]
 91%|█████████ | 182/200 [1:12:55<07:19, 24.40s/it, Train loss=1.73e-5, Train acc=0, Test loss=0.855, Test acc=0.149]
 91%|█████████ | 182/200 [1:13:19<07:19, 24.40s/it, Train loss=1.62e-5, Train acc=0, Test loss=0.855, Test acc=0.148]
 92%|█████████▏| 183/200 [1:13:19<06:54, 24.41s/it, Train loss=1.62e-5, Train acc=0, Test loss=0.855, Test acc=0.148]
 92%|█████████▏| 183/200 [1:13:43<06:54, 24.41s/it, Train loss=1.61e-5, Train acc=0, Test loss=0.85, Test acc=0.149] 
 92%|█████████▏| 184/200 [1:13:43<06:30, 24.42s/it, Train loss=1.61e-5, Train acc=0, Test loss=0.85, Test acc=0.149]
 92%|█████████▏| 184/200 [1:14:08<06:30, 24.42s/it, Train loss=1.78e-5, Train acc=0, Test loss=0.851, Test acc=0.147]
 92%|█████████▎| 185/200 [1:14:08<06:06, 24.41s/it, Train loss=1.78e-5, Train acc=0, Test loss=0.851, Test acc=0.147]
 92%|█████████▎| 185/200 [1:14:32<06:06, 24.41s/it, Train loss=1.59e-5, Train acc=0, Test loss=0.855, Test acc=0.149]
 93%|█████████▎| 186/200 [1:14:32<05:41, 24.41s/it, Train loss=1.59e-5, Train acc=0, Test loss=0.855, Test acc=0.149]
 93%|█████████▎| 186/200 [1:14:57<05:41, 24.41s/it, Train loss=1.53e-5, Train acc=0, Test loss=0.85, Test acc=0.148] 
 94%|█████████▎| 187/200 [1:14:57<05:17, 24.42s/it, Train loss=1.53e-5, Train acc=0, Test loss=0.85, Test acc=0.148]
 94%|█████████▎| 187/200 [1:15:21<05:17, 24.42s/it, Train loss=1.75e-5, Train acc=0, Test loss=0.845, Test acc=0.149]
 94%|█████████▍| 188/200 [1:15:21<04:53, 24.42s/it, Train loss=1.75e-5, Train acc=0, Test loss=0.845, Test acc=0.149]
 94%|█████████▍| 188/200 [1:15:45<04:53, 24.42s/it, Train loss=1.62e-5, Train acc=0, Test loss=0.851, Test acc=0.149]
 94%|█████████▍| 189/200 [1:15:45<04:28, 24.42s/it, Train loss=1.62e-5, Train acc=0, Test loss=0.851, Test acc=0.149]
 94%|█████████▍| 189/200 [1:16:10<04:28, 24.42s/it, Train loss=1.57e-5, Train acc=0, Test loss=0.852, Test acc=0.148]
 95%|█████████▌| 190/200 [1:16:10<04:04, 24.42s/it, Train loss=1.57e-5, Train acc=0, Test loss=0.852, Test acc=0.148]
 95%|█████████▌| 190/200 [1:16:34<04:04, 24.42s/it, Train loss=1.59e-5, Train acc=0, Test loss=0.853, Test acc=0.147]
 96%|█████████▌| 191/200 [1:16:34<03:39, 24.41s/it, Train loss=1.59e-5, Train acc=0, Test loss=0.853, Test acc=0.147]
 96%|█████████▌| 191/200 [1:16:59<03:39, 24.41s/it, Train loss=1.75e-5, Train acc=0, Test loss=0.854, Test acc=0.148]
 96%|█████████▌| 192/200 [1:16:59<03:15, 24.42s/it, Train loss=1.75e-5, Train acc=0, Test loss=0.854, Test acc=0.148]
 96%|█████████▌| 192/200 [1:17:23<03:15, 24.42s/it, Train loss=1.67e-5, Train acc=0, Test loss=0.865, Test acc=0.148]
 96%|█████████▋| 193/200 [1:17:23<02:50, 24.42s/it, Train loss=1.67e-5, Train acc=0, Test loss=0.865, Test acc=0.148]
 96%|█████████▋| 193/200 [1:17:48<02:50, 24.42s/it, Train loss=1.61e-5, Train acc=0, Test loss=0.854, Test acc=0.149]
 97%|█████████▋| 194/200 [1:17:48<02:26, 24.42s/it, Train loss=1.61e-5, Train acc=0, Test loss=0.854, Test acc=0.149]
 97%|█████████▋| 194/200 [1:18:12<02:26, 24.42s/it, Train loss=1.68e-5, Train acc=0, Test loss=0.849, Test acc=0.149]
 98%|█████████▊| 195/200 [1:18:12<02:02, 24.42s/it, Train loss=1.68e-5, Train acc=0, Test loss=0.849, Test acc=0.149]
 98%|█████████▊| 195/200 [1:18:36<02:02, 24.42s/it, Train loss=1.68e-5, Train acc=0, Test loss=0.853, Test acc=0.149]
 98%|█████████▊| 196/200 [1:18:36<01:37, 24.41s/it, Train loss=1.68e-5, Train acc=0, Test loss=0.853, Test acc=0.149]
 98%|█████████▊| 196/200 [1:19:01<01:37, 24.41s/it, Train loss=1.68e-5, Train acc=0, Test loss=0.86, Test acc=0.147] 
 98%|█████████▊| 197/200 [1:19:01<01:13, 24.41s/it, Train loss=1.68e-5, Train acc=0, Test loss=0.86, Test acc=0.147]
 98%|█████████▊| 197/200 [1:19:25<01:13, 24.41s/it, Train loss=1.69e-5, Train acc=0, Test loss=0.849, Test acc=0.148]
 99%|█████████▉| 198/200 [1:19:25<00:48, 24.42s/it, Train loss=1.69e-5, Train acc=0, Test loss=0.849, Test acc=0.148]
 99%|█████████▉| 198/200 [1:19:50<00:48, 24.42s/it, Train loss=1.79e-5, Train acc=0, Test loss=0.849, Test acc=0.147]
100%|█████████▉| 199/200 [1:19:50<00:24, 24.43s/it, Train loss=1.79e-5, Train acc=0, Test loss=0.849, Test acc=0.147]
100%|█████████▉| 199/200 [1:20:14<00:24, 24.43s/it, Train loss=1.76e-5, Train acc=0, Test loss=0.85, Test acc=0.149] 
100%|██████████| 200/200 [1:20:14<00:00, 24.43s/it, Train loss=1.76e-5, Train acc=0, Test loss=0.85, Test acc=0.149]
100%|██████████| 200/200 [1:20:14<00:00, 24.07s/it, Train loss=1.76e-5, Train acc=0, Test loss=0.85, Test acc=0.149]
