Files already downloaded and verified
Files already downloaded and verified
load resnet18...

  0%|          | 0/200 [00:00<?, ?it/s]
  0%|          | 0/200 [00:28<?, ?it/s, Train loss=1.59, Train acc=0.58, Test loss=1.68, Test acc=0.569]
  0%|          | 1/200 [00:28<1:34:47, 28.58s/it, Train loss=1.59, Train acc=0.58, Test loss=1.68, Test acc=0.569]
  0%|          | 1/200 [00:57<1:34:47, 28.58s/it, Train loss=1.04, Train acc=0.372, Test loss=0.923, Test acc=0.311]
  1%|          | 2/200 [00:57<1:34:11, 28.54s/it, Train loss=1.04, Train acc=0.372, Test loss=0.923, Test acc=0.311]
  1%|          | 2/200 [01:25<1:34:11, 28.54s/it, Train loss=0.786, Train acc=0.277, Test loss=1, Test acc=0.318]   
  2%|▏         | 3/200 [01:25<1:33:41, 28.53s/it, Train loss=0.786, Train acc=0.277, Test loss=1, Test acc=0.318]
  2%|▏         | 3/200 [01:54<1:33:41, 28.53s/it, Train loss=0.649, Train acc=0.226, Test loss=0.773, Test acc=0.256]
  2%|▏         | 4/200 [01:54<1:33:12, 28.53s/it, Train loss=0.649, Train acc=0.226, Test loss=0.773, Test acc=0.256]
  2%|▏         | 4/200 [02:22<1:33:12, 28.53s/it, Train loss=0.566, Train acc=0.196, Test loss=1.19, Test acc=0.336] 
  2%|▎         | 5/200 [02:22<1:32:46, 28.55s/it, Train loss=0.566, Train acc=0.196, Test loss=1.19, Test acc=0.336]
  2%|▎         | 5/200 [02:51<1:32:46, 28.55s/it, Train loss=0.5, Train acc=0.173, Test loss=0.598, Test acc=0.2]   
  3%|▎         | 6/200 [02:51<1:32:16, 28.54s/it, Train loss=0.5, Train acc=0.173, Test loss=0.598, Test acc=0.2]
  3%|▎         | 6/200 [03:19<1:32:16, 28.54s/it, Train loss=0.448, Train acc=0.155, Test loss=0.594, Test acc=0.188]
  4%|▎         | 7/200 [03:19<1:31:52, 28.56s/it, Train loss=0.448, Train acc=0.155, Test loss=0.594, Test acc=0.188]
  4%|▎         | 7/200 [03:48<1:31:52, 28.56s/it, Train loss=0.412, Train acc=0.142, Test loss=0.654, Test acc=0.205]
  4%|▍         | 8/200 [03:48<1:31:25, 28.57s/it, Train loss=0.412, Train acc=0.142, Test loss=0.654, Test acc=0.205]
  4%|▍         | 8/200 [04:17<1:31:25, 28.57s/it, Train loss=0.374, Train acc=0.13, Test loss=0.592, Test acc=0.188] 
  4%|▍         | 9/200 [04:17<1:30:59, 28.58s/it, Train loss=0.374, Train acc=0.13, Test loss=0.592, Test acc=0.188]
  4%|▍         | 9/200 [04:45<1:30:59, 28.58s/it, Train loss=0.347, Train acc=0.122, Test loss=0.722, Test acc=0.221]
  5%|▌         | 10/200 [04:45<1:30:28, 28.57s/it, Train loss=0.347, Train acc=0.122, Test loss=0.722, Test acc=0.221]
  5%|▌         | 10/200 [05:14<1:30:28, 28.57s/it, Train loss=0.323, Train acc=0.113, Test loss=0.464, Test acc=0.151]
  6%|▌         | 11/200 [05:14<1:30:04, 28.60s/it, Train loss=0.323, Train acc=0.113, Test loss=0.464, Test acc=0.151]
  6%|▌         | 11/200 [05:42<1:30:04, 28.60s/it, Train loss=0.3, Train acc=0.104, Test loss=0.509, Test acc=0.16]   
  6%|▌         | 12/200 [05:42<1:29:34, 28.59s/it, Train loss=0.3, Train acc=0.104, Test loss=0.509, Test acc=0.16]
  6%|▌         | 12/200 [06:11<1:29:34, 28.59s/it, Train loss=0.277, Train acc=0.0981, Test loss=0.675, Test acc=0.192]
  6%|▋         | 13/200 [06:11<1:29:09, 28.61s/it, Train loss=0.277, Train acc=0.0981, Test loss=0.675, Test acc=0.192]
  6%|▋         | 13/200 [06:40<1:29:09, 28.61s/it, Train loss=0.259, Train acc=0.0904, Test loss=0.732, Test acc=0.214]
  7%|▋         | 14/200 [06:40<1:28:39, 28.60s/it, Train loss=0.259, Train acc=0.0904, Test loss=0.732, Test acc=0.214]
  7%|▋         | 14/200 [07:08<1:28:39, 28.60s/it, Train loss=0.245, Train acc=0.0858, Test loss=0.449, Test acc=0.138]
  8%|▊         | 15/200 [07:08<1:28:18, 28.64s/it, Train loss=0.245, Train acc=0.0858, Test loss=0.449, Test acc=0.138]
  8%|▊         | 15/200 [07:37<1:28:18, 28.64s/it, Train loss=0.225, Train acc=0.0787, Test loss=0.462, Test acc=0.142]
  8%|▊         | 16/200 [07:37<1:27:48, 28.63s/it, Train loss=0.225, Train acc=0.0787, Test loss=0.462, Test acc=0.142]
  8%|▊         | 16/200 [08:06<1:27:48, 28.63s/it, Train loss=0.212, Train acc=0.0726, Test loss=0.379, Test acc=0.119]
  8%|▊         | 17/200 [08:06<1:27:26, 28.67s/it, Train loss=0.212, Train acc=0.0726, Test loss=0.379, Test acc=0.119]
  8%|▊         | 17/200 [08:34<1:27:26, 28.67s/it, Train loss=0.198, Train acc=0.0703, Test loss=0.417, Test acc=0.124]
  9%|▉         | 18/200 [08:34<1:26:54, 28.65s/it, Train loss=0.198, Train acc=0.0703, Test loss=0.417, Test acc=0.124]
  9%|▉         | 18/200 [09:03<1:26:54, 28.65s/it, Train loss=0.187, Train acc=0.0661, Test loss=0.823, Test acc=0.201]
 10%|▉         | 19/200 [09:03<1:26:33, 28.69s/it, Train loss=0.187, Train acc=0.0661, Test loss=0.823, Test acc=0.201]
 10%|▉         | 19/200 [09:32<1:26:33, 28.69s/it, Train loss=0.178, Train acc=0.0636, Test loss=0.406, Test acc=0.12] 
 10%|█         | 20/200 [09:32<1:26:03, 28.68s/it, Train loss=0.178, Train acc=0.0636, Test loss=0.406, Test acc=0.12]
 10%|█         | 20/200 [10:01<1:26:03, 28.68s/it, Train loss=0.165, Train acc=0.0579, Test loss=0.419, Test acc=0.126]
 10%|█         | 21/200 [10:01<1:25:46, 28.75s/it, Train loss=0.165, Train acc=0.0579, Test loss=0.419, Test acc=0.126]
 10%|█         | 21/200 [10:29<1:25:46, 28.75s/it, Train loss=0.158, Train acc=0.0562, Test loss=0.487, Test acc=0.134]
 11%|█         | 22/200 [10:29<1:25:16, 28.74s/it, Train loss=0.158, Train acc=0.0562, Test loss=0.487, Test acc=0.134]
 11%|█         | 22/200 [10:58<1:25:16, 28.74s/it, Train loss=0.144, Train acc=0.0511, Test loss=0.518, Test acc=0.138]
 12%|█▏        | 23/200 [10:58<1:24:54, 28.78s/it, Train loss=0.144, Train acc=0.0511, Test loss=0.518, Test acc=0.138]
 12%|█▏        | 23/200 [11:27<1:24:54, 28.78s/it, Train loss=0.139, Train acc=0.0483, Test loss=0.4, Test acc=0.112]  
 12%|█▏        | 24/200 [11:27<1:24:26, 28.79s/it, Train loss=0.139, Train acc=0.0483, Test loss=0.4, Test acc=0.112]
 12%|█▏        | 24/200 [11:56<1:24:26, 28.79s/it, Train loss=0.133, Train acc=0.0471, Test loss=0.601, Test acc=0.146]
 12%|█▎        | 25/200 [11:56<1:24:05, 28.83s/it, Train loss=0.133, Train acc=0.0471, Test loss=0.601, Test acc=0.146]
 12%|█▎        | 25/200 [12:25<1:24:05, 28.83s/it, Train loss=0.12, Train acc=0.0423, Test loss=0.507, Test acc=0.14]  
 13%|█▎        | 26/200 [12:25<1:23:38, 28.84s/it, Train loss=0.12, Train acc=0.0423, Test loss=0.507, Test acc=0.14]
 13%|█▎        | 26/200 [12:54<1:23:38, 28.84s/it, Train loss=0.116, Train acc=0.0423, Test loss=0.582, Test acc=0.147]
 14%|█▎        | 27/200 [12:54<1:23:13, 28.86s/it, Train loss=0.116, Train acc=0.0423, Test loss=0.582, Test acc=0.147]
 14%|█▎        | 27/200 [13:23<1:23:13, 28.86s/it, Train loss=0.108, Train acc=0.0379, Test loss=0.423, Test acc=0.108]
 14%|█▍        | 28/200 [13:23<1:22:44, 28.86s/it, Train loss=0.108, Train acc=0.0379, Test loss=0.423, Test acc=0.108]
 14%|█▍        | 28/200 [13:51<1:22:44, 28.86s/it, Train loss=0.1, Train acc=0.0353, Test loss=0.445, Test acc=0.114]  
 14%|█▍        | 29/200 [13:51<1:22:13, 28.85s/it, Train loss=0.1, Train acc=0.0353, Test loss=0.445, Test acc=0.114]
 14%|█▍        | 29/200 [14:20<1:22:13, 28.85s/it, Train loss=0.0957, Train acc=0.0342, Test loss=0.808, Test acc=0.175]
 15%|█▌        | 30/200 [14:20<1:21:46, 28.86s/it, Train loss=0.0957, Train acc=0.0342, Test loss=0.808, Test acc=0.175]
 15%|█▌        | 30/200 [14:49<1:21:46, 28.86s/it, Train loss=0.0898, Train acc=0.0319, Test loss=0.443, Test acc=0.108]
 16%|█▌        | 31/200 [14:49<1:21:16, 28.85s/it, Train loss=0.0898, Train acc=0.0319, Test loss=0.443, Test acc=0.108]
 16%|█▌        | 31/200 [15:18<1:21:16, 28.85s/it, Train loss=0.083, Train acc=0.0296, Test loss=0.386, Test acc=0.102] 
 16%|█▌        | 32/200 [15:18<1:20:50, 28.87s/it, Train loss=0.083, Train acc=0.0296, Test loss=0.386, Test acc=0.102]
 16%|█▌        | 32/200 [15:47<1:20:50, 28.87s/it, Train loss=0.0802, Train acc=0.0283, Test loss=0.407, Test acc=0.101]
 16%|█▋        | 33/200 [15:47<1:20:20, 28.86s/it, Train loss=0.0802, Train acc=0.0283, Test loss=0.407, Test acc=0.101]
 16%|█▋        | 33/200 [16:16<1:20:20, 28.86s/it, Train loss=0.0755, Train acc=0.027, Test loss=0.413, Test acc=0.0985]
 17%|█▋        | 34/200 [16:16<1:19:53, 28.88s/it, Train loss=0.0755, Train acc=0.027, Test loss=0.413, Test acc=0.0985]
 17%|█▋        | 34/200 [16:45<1:19:53, 28.88s/it, Train loss=0.0743, Train acc=0.0265, Test loss=0.466, Test acc=0.109]
 18%|█▊        | 35/200 [16:45<1:19:25, 28.88s/it, Train loss=0.0743, Train acc=0.0265, Test loss=0.466, Test acc=0.109]
 18%|█▊        | 35/200 [17:14<1:19:25, 28.88s/it, Train loss=0.0702, Train acc=0.0257, Test loss=0.545, Test acc=0.122]
 18%|█▊        | 36/200 [17:14<1:19:08, 28.96s/it, Train loss=0.0702, Train acc=0.0257, Test loss=0.545, Test acc=0.122]
 18%|█▊        | 36/200 [17:43<1:19:08, 28.96s/it, Train loss=0.0643, Train acc=0.0235, Test loss=0.463, Test acc=0.105]
 18%|█▊        | 37/200 [17:43<1:18:34, 28.92s/it, Train loss=0.0643, Train acc=0.0235, Test loss=0.463, Test acc=0.105]
 18%|█▊        | 37/200 [18:12<1:18:34, 28.92s/it, Train loss=0.0606, Train acc=0.0219, Test loss=0.459, Test acc=0.103]
 19%|█▉        | 38/200 [18:12<1:18:09, 28.95s/it, Train loss=0.0606, Train acc=0.0219, Test loss=0.459, Test acc=0.103]
 19%|█▉        | 38/200 [18:40<1:18:09, 28.95s/it, Train loss=0.0607, Train acc=0.0212, Test loss=0.609, Test acc=0.129]
 20%|█▉        | 39/200 [18:40<1:17:33, 28.90s/it, Train loss=0.0607, Train acc=0.0212, Test loss=0.609, Test acc=0.129]
 20%|█▉        | 39/200 [19:09<1:17:33, 28.90s/it, Train loss=0.054, Train acc=0.0183, Test loss=0.431, Test acc=0.0956]
 20%|██        | 40/200 [19:09<1:17:09, 28.93s/it, Train loss=0.054, Train acc=0.0183, Test loss=0.431, Test acc=0.0956]
 20%|██        | 40/200 [19:38<1:17:09, 28.93s/it, Train loss=0.0506, Train acc=0.0178, Test loss=0.57, Test acc=0.119] 
 20%|██        | 41/200 [19:38<1:16:12, 28.76s/it, Train loss=0.0506, Train acc=0.0178, Test loss=0.57, Test acc=0.119]
 20%|██        | 41/200 [20:06<1:16:12, 28.76s/it, Train loss=0.0508, Train acc=0.0188, Test loss=0.44, Test acc=0.0959]
 21%|██        | 42/200 [20:06<1:15:35, 28.71s/it, Train loss=0.0508, Train acc=0.0188, Test loss=0.44, Test acc=0.0959]
 21%|██        | 42/200 [20:35<1:15:35, 28.71s/it, Train loss=0.0476, Train acc=0.0169, Test loss=0.385, Test acc=0.0858]
 22%|██▏       | 43/200 [20:35<1:14:47, 28.59s/it, Train loss=0.0476, Train acc=0.0169, Test loss=0.385, Test acc=0.0858]
 22%|██▏       | 43/200 [21:03<1:14:47, 28.59s/it, Train loss=0.0431, Train acc=0.0153, Test loss=0.49, Test acc=0.105]  
 22%|██▏       | 44/200 [21:03<1:14:15, 28.56s/it, Train loss=0.0431, Train acc=0.0153, Test loss=0.49, Test acc=0.105]
 22%|██▏       | 44/200 [21:32<1:14:15, 28.56s/it, Train loss=0.041, Train acc=0.0148, Test loss=0.392, Test acc=0.0857]
 22%|██▎       | 45/200 [21:32<1:13:39, 28.51s/it, Train loss=0.041, Train acc=0.0148, Test loss=0.392, Test acc=0.0857]
 22%|██▎       | 45/200 [22:00<1:13:39, 28.51s/it, Train loss=0.0408, Train acc=0.0148, Test loss=0.456, Test acc=0.0962]
 23%|██▎       | 46/200 [22:00<1:13:11, 28.51s/it, Train loss=0.0408, Train acc=0.0148, Test loss=0.456, Test acc=0.0962]
 23%|██▎       | 46/200 [22:29<1:13:11, 28.51s/it, Train loss=0.037, Train acc=0.0132, Test loss=0.435, Test acc=0.0938] 
 24%|██▎       | 47/200 [22:29<1:12:42, 28.51s/it, Train loss=0.037, Train acc=0.0132, Test loss=0.435, Test acc=0.0938]
 24%|██▎       | 47/200 [22:57<1:12:42, 28.51s/it, Train loss=0.0372, Train acc=0.0137, Test loss=0.439, Test acc=0.0872]
 24%|██▍       | 48/200 [22:57<1:12:14, 28.52s/it, Train loss=0.0372, Train acc=0.0137, Test loss=0.439, Test acc=0.0872]
 24%|██▍       | 48/200 [23:26<1:12:14, 28.52s/it, Train loss=0.0314, Train acc=0.0108, Test loss=0.419, Test acc=0.0892]
 24%|██▍       | 49/200 [23:26<1:11:44, 28.51s/it, Train loss=0.0314, Train acc=0.0108, Test loss=0.419, Test acc=0.0892]
 24%|██▍       | 49/200 [23:54<1:11:44, 28.51s/it, Train loss=0.0308, Train acc=0.0108, Test loss=0.398, Test acc=0.0831]
 25%|██▌       | 50/200 [23:54<1:11:15, 28.50s/it, Train loss=0.0308, Train acc=0.0108, Test loss=0.398, Test acc=0.0831]
 25%|██▌       | 50/200 [24:23<1:11:15, 28.50s/it, Train loss=0.0309, Train acc=0.0107, Test loss=0.538, Test acc=0.1]   
 26%|██▌       | 51/200 [24:23<1:10:47, 28.50s/it, Train loss=0.0309, Train acc=0.0107, Test loss=0.538, Test acc=0.1]
 26%|██▌       | 51/200 [24:51<1:10:47, 28.50s/it, Train loss=0.0297, Train acc=0.0107, Test loss=0.4, Test acc=0.0826]
 26%|██▌       | 52/200 [24:51<1:10:13, 28.47s/it, Train loss=0.0297, Train acc=0.0107, Test loss=0.4, Test acc=0.0826]
 26%|██▌       | 52/200 [25:20<1:10:13, 28.47s/it, Train loss=0.0261, Train acc=0.00901, Test loss=0.415, Test acc=0.0829]
 26%|██▋       | 53/200 [25:20<1:09:51, 28.51s/it, Train loss=0.0261, Train acc=0.00901, Test loss=0.415, Test acc=0.0829]
 26%|██▋       | 53/200 [25:48<1:09:51, 28.51s/it, Train loss=0.0234, Train acc=0.00828, Test loss=0.406, Test acc=0.084] 
 27%|██▋       | 54/200 [25:48<1:09:18, 28.48s/it, Train loss=0.0234, Train acc=0.00828, Test loss=0.406, Test acc=0.084]
 27%|██▋       | 54/200 [26:17<1:09:18, 28.48s/it, Train loss=0.0238, Train acc=0.00819, Test loss=0.434, Test acc=0.0864]
 28%|██▊       | 55/200 [26:17<1:08:54, 28.51s/it, Train loss=0.0238, Train acc=0.00819, Test loss=0.434, Test acc=0.0864]
 28%|██▊       | 55/200 [26:45<1:08:54, 28.51s/it, Train loss=0.0274, Train acc=0.0097, Test loss=0.459, Test acc=0.088]  
 28%|██▊       | 56/200 [26:45<1:08:20, 28.48s/it, Train loss=0.0274, Train acc=0.0097, Test loss=0.459, Test acc=0.088]
 28%|██▊       | 56/200 [27:14<1:08:20, 28.48s/it, Train loss=0.0195, Train acc=0.00663, Test loss=0.424, Test acc=0.0805]
 28%|██▊       | 57/200 [27:14<1:07:58, 28.52s/it, Train loss=0.0195, Train acc=0.00663, Test loss=0.424, Test acc=0.0805]
 28%|██▊       | 57/200 [27:42<1:07:58, 28.52s/it, Train loss=0.0188, Train acc=0.00617, Test loss=0.519, Test acc=0.0922]
 29%|██▉       | 58/200 [27:42<1:07:30, 28.53s/it, Train loss=0.0188, Train acc=0.00617, Test loss=0.519, Test acc=0.0922]
 29%|██▉       | 58/200 [28:12<1:07:30, 28.53s/it, Train loss=0.0222, Train acc=0.00791, Test loss=0.432, Test acc=0.0826]
 30%|██▉       | 59/200 [28:12<1:07:39, 28.79s/it, Train loss=0.0222, Train acc=0.00791, Test loss=0.432, Test acc=0.0826]
 30%|██▉       | 59/200 [28:41<1:07:39, 28.79s/it, Train loss=0.0188, Train acc=0.00657, Test loss=0.411, Test acc=0.0801]
 30%|███       | 60/200 [28:41<1:07:47, 29.06s/it, Train loss=0.0188, Train acc=0.00657, Test loss=0.411, Test acc=0.0801]
 30%|███       | 60/200 [29:11<1:07:47, 29.06s/it, Train loss=0.0185, Train acc=0.00613, Test loss=0.403, Test acc=0.0771]
 30%|███       | 61/200 [29:11<1:07:31, 29.15s/it, Train loss=0.0185, Train acc=0.00613, Test loss=0.403, Test acc=0.0771]
 30%|███       | 61/200 [29:40<1:07:31, 29.15s/it, Train loss=0.0176, Train acc=0.00611, Test loss=0.437, Test acc=0.0817]
 31%|███       | 62/200 [29:40<1:06:54, 29.09s/it, Train loss=0.0176, Train acc=0.00611, Test loss=0.437, Test acc=0.0817]
 31%|███       | 62/200 [30:09<1:06:54, 29.09s/it, Train loss=0.0157, Train acc=0.00513, Test loss=0.437, Test acc=0.0838]
 32%|███▏      | 63/200 [30:09<1:06:50, 29.27s/it, Train loss=0.0157, Train acc=0.00513, Test loss=0.437, Test acc=0.0838]
 32%|███▏      | 63/200 [30:39<1:06:50, 29.27s/it, Train loss=0.0145, Train acc=0.0048, Test loss=0.494, Test acc=0.0881] 
 32%|███▏      | 64/200 [30:39<1:06:49, 29.48s/it, Train loss=0.0145, Train acc=0.0048, Test loss=0.494, Test acc=0.0881]
 32%|███▏      | 64/200 [31:09<1:06:49, 29.48s/it, Train loss=0.0126, Train acc=0.00445, Test loss=0.436, Test acc=0.0779]
 32%|███▎      | 65/200 [31:09<1:06:27, 29.54s/it, Train loss=0.0126, Train acc=0.00445, Test loss=0.436, Test acc=0.0779]
 32%|███▎      | 65/200 [31:39<1:06:27, 29.54s/it, Train loss=0.0131, Train acc=0.00466, Test loss=0.44, Test acc=0.0785] 
 33%|███▎      | 66/200 [31:39<1:06:02, 29.57s/it, Train loss=0.0131, Train acc=0.00466, Test loss=0.44, Test acc=0.0785]
 33%|███▎      | 66/200 [32:08<1:06:02, 29.57s/it, Train loss=0.013, Train acc=0.0043, Test loss=0.476, Test acc=0.0825] 
 34%|███▎      | 67/200 [32:08<1:05:29, 29.55s/it, Train loss=0.013, Train acc=0.0043, Test loss=0.476, Test acc=0.0825]
 34%|███▎      | 67/200 [32:38<1:05:29, 29.55s/it, Train loss=0.0148, Train acc=0.00523, Test loss=0.438, Test acc=0.0772]
 34%|███▍      | 68/200 [32:38<1:05:03, 29.57s/it, Train loss=0.0148, Train acc=0.00523, Test loss=0.438, Test acc=0.0772]
 34%|███▍      | 68/200 [33:07<1:05:03, 29.57s/it, Train loss=0.0127, Train acc=0.00398, Test loss=0.447, Test acc=0.0821]
 34%|███▍      | 69/200 [33:07<1:04:29, 29.54s/it, Train loss=0.0127, Train acc=0.00398, Test loss=0.447, Test acc=0.0821]
 34%|███▍      | 69/200 [33:37<1:04:29, 29.54s/it, Train loss=0.0098, Train acc=0.00328, Test loss=0.422, Test acc=0.0755]
 35%|███▌      | 70/200 [33:37<1:03:53, 29.49s/it, Train loss=0.0098, Train acc=0.00328, Test loss=0.422, Test acc=0.0755]
 35%|███▌      | 70/200 [34:06<1:03:53, 29.49s/it, Train loss=0.0104, Train acc=0.00358, Test loss=0.418, Test acc=0.0776]
 36%|███▌      | 71/200 [34:06<1:03:13, 29.41s/it, Train loss=0.0104, Train acc=0.00358, Test loss=0.418, Test acc=0.0776]
 36%|███▌      | 71/200 [34:35<1:03:13, 29.41s/it, Train loss=0.00821, Train acc=0.00272, Test loss=0.424, Test acc=0.0745]
 36%|███▌      | 72/200 [34:35<1:02:42, 29.39s/it, Train loss=0.00821, Train acc=0.00272, Test loss=0.424, Test acc=0.0745]
 36%|███▌      | 72/200 [35:04<1:02:42, 29.39s/it, Train loss=0.00703, Train acc=0.00194, Test loss=0.409, Test acc=0.0724]
 36%|███▋      | 73/200 [35:04<1:02:07, 29.35s/it, Train loss=0.00703, Train acc=0.00194, Test loss=0.409, Test acc=0.0724]
 36%|███▋      | 73/200 [35:34<1:02:07, 29.35s/it, Train loss=0.00819, Train acc=0.00254, Test loss=0.423, Test acc=0.078] 
 37%|███▋      | 74/200 [35:34<1:01:34, 29.32s/it, Train loss=0.00819, Train acc=0.00254, Test loss=0.423, Test acc=0.078]
 37%|███▋      | 74/200 [36:02<1:01:34, 29.32s/it, Train loss=0.00764, Train acc=0.00262, Test loss=0.44, Test acc=0.0768]
 38%|███▊      | 75/200 [36:02<1:00:43, 29.15s/it, Train loss=0.00764, Train acc=0.00262, Test loss=0.44, Test acc=0.0768]
 38%|███▊      | 75/200 [36:31<1:00:43, 29.15s/it, Train loss=0.00731, Train acc=0.00252, Test loss=0.447, Test acc=0.076]
 38%|███▊      | 76/200 [36:31<59:59, 29.03s/it, Train loss=0.00731, Train acc=0.00252, Test loss=0.447, Test acc=0.076]  
 38%|███▊      | 76/200 [37:00<59:59, 29.03s/it, Train loss=0.00816, Train acc=0.00278, Test loss=0.432, Test acc=0.0769]
 38%|███▊      | 77/200 [37:00<59:11, 28.88s/it, Train loss=0.00816, Train acc=0.00278, Test loss=0.432, Test acc=0.0769]
 38%|███▊      | 77/200 [37:28<59:11, 28.88s/it, Train loss=0.00844, Train acc=0.00289, Test loss=0.45, Test acc=0.0768] 
 39%|███▉      | 78/200 [37:28<58:37, 28.83s/it, Train loss=0.00844, Train acc=0.00289, Test loss=0.45, Test acc=0.0768]
 39%|███▉      | 78/200 [37:57<58:37, 28.83s/it, Train loss=0.00834, Train acc=0.00264, Test loss=0.459, Test acc=0.0775]
 40%|███▉      | 79/200 [37:57<57:58, 28.75s/it, Train loss=0.00834, Train acc=0.00264, Test loss=0.459, Test acc=0.0775]
 40%|███▉      | 79/200 [38:26<57:58, 28.75s/it, Train loss=0.00696, Train acc=0.00196, Test loss=0.445, Test acc=0.0748]
 40%|████      | 80/200 [38:26<57:25, 28.72s/it, Train loss=0.00696, Train acc=0.00196, Test loss=0.445, Test acc=0.0748]
 40%|████      | 80/200 [38:54<57:25, 28.72s/it, Train loss=0.00507, Train acc=0.00155, Test loss=0.448, Test acc=0.0755]
 40%|████      | 81/200 [38:54<56:51, 28.67s/it, Train loss=0.00507, Train acc=0.00155, Test loss=0.448, Test acc=0.0755]
 40%|████      | 81/200 [39:23<56:51, 28.67s/it, Train loss=0.00493, Train acc=0.00138, Test loss=0.432, Test acc=0.0732]
 41%|████      | 82/200 [39:23<56:24, 28.68s/it, Train loss=0.00493, Train acc=0.00138, Test loss=0.432, Test acc=0.0732]
 41%|████      | 82/200 [39:52<56:24, 28.68s/it, Train loss=0.00528, Train acc=0.00159, Test loss=0.457, Test acc=0.0757]
 42%|████▏     | 83/200 [39:52<55:55, 28.68s/it, Train loss=0.00528, Train acc=0.00159, Test loss=0.457, Test acc=0.0757]
 42%|████▏     | 83/200 [40:20<55:55, 28.68s/it, Train loss=0.004, Train acc=0.00122, Test loss=0.432, Test acc=0.0729]  
 42%|████▏     | 84/200 [40:20<55:24, 28.66s/it, Train loss=0.004, Train acc=0.00122, Test loss=0.432, Test acc=0.0729]
 42%|████▏     | 84/200 [40:49<55:24, 28.66s/it, Train loss=0.00468, Train acc=0.00164, Test loss=0.44, Test acc=0.0732]
 42%|████▎     | 85/200 [40:49<54:57, 28.67s/it, Train loss=0.00468, Train acc=0.00164, Test loss=0.44, Test acc=0.0732]
 42%|████▎     | 85/200 [41:17<54:57, 28.67s/it, Train loss=0.00388, Train acc=0.00112, Test loss=0.428, Test acc=0.0717]
 43%|████▎     | 86/200 [41:17<54:22, 28.62s/it, Train loss=0.00388, Train acc=0.00112, Test loss=0.428, Test acc=0.0717]
 43%|████▎     | 86/200 [41:46<54:22, 28.62s/it, Train loss=0.00386, Train acc=0.00116, Test loss=0.431, Test acc=0.0701]
 44%|████▎     | 87/200 [41:46<53:57, 28.65s/it, Train loss=0.00386, Train acc=0.00116, Test loss=0.431, Test acc=0.0701]
 44%|████▎     | 87/200 [42:15<53:57, 28.65s/it, Train loss=0.00323, Train acc=0.000839, Test loss=0.424, Test acc=0.0706]
 44%|████▍     | 88/200 [42:15<53:28, 28.65s/it, Train loss=0.00323, Train acc=0.000839, Test loss=0.424, Test acc=0.0706]
 44%|████▍     | 88/200 [42:44<53:28, 28.65s/it, Train loss=0.00308, Train acc=0.0011, Test loss=0.432, Test acc=0.0717]  
 44%|████▍     | 89/200 [42:44<53:04, 28.69s/it, Train loss=0.00308, Train acc=0.0011, Test loss=0.432, Test acc=0.0717]
 44%|████▍     | 89/200 [43:12<53:04, 28.69s/it, Train loss=0.00334, Train acc=0.000939, Test loss=0.42, Test acc=0.0702]
 45%|████▌     | 90/200 [43:12<52:34, 28.68s/it, Train loss=0.00334, Train acc=0.000939, Test loss=0.42, Test acc=0.0702]
 45%|████▌     | 90/200 [43:41<52:34, 28.68s/it, Train loss=0.00272, Train acc=0.000779, Test loss=0.427, Test acc=0.0721]
 46%|████▌     | 91/200 [43:41<52:11, 28.73s/it, Train loss=0.00272, Train acc=0.000779, Test loss=0.427, Test acc=0.0721]
 46%|████▌     | 91/200 [44:10<52:11, 28.73s/it, Train loss=0.00283, Train acc=0.000779, Test loss=0.445, Test acc=0.0739]
 46%|████▌     | 92/200 [44:10<51:40, 28.71s/it, Train loss=0.00283, Train acc=0.000779, Test loss=0.445, Test acc=0.0739]
 46%|████▌     | 92/200 [44:38<51:40, 28.71s/it, Train loss=0.00301, Train acc=0.000779, Test loss=0.428, Test acc=0.0722]
 46%|████▋     | 93/200 [44:38<51:11, 28.71s/it, Train loss=0.00301, Train acc=0.000779, Test loss=0.428, Test acc=0.0722]
 46%|████▋     | 93/200 [45:07<51:11, 28.71s/it, Train loss=0.00242, Train acc=0.000733, Test loss=0.436, Test acc=0.0723]
 47%|████▋     | 94/200 [45:07<50:43, 28.71s/it, Train loss=0.00242, Train acc=0.000733, Test loss=0.436, Test acc=0.0723]
 47%|████▋     | 94/200 [45:36<50:43, 28.71s/it, Train loss=0.00265, Train acc=0.000899, Test loss=0.429, Test acc=0.0707]
 48%|████▊     | 95/200 [45:36<50:13, 28.70s/it, Train loss=0.00265, Train acc=0.000899, Test loss=0.429, Test acc=0.0707]
 48%|████▊     | 95/200 [46:05<50:13, 28.70s/it, Train loss=0.00197, Train acc=0.00052, Test loss=0.428, Test acc=0.0699] 
 48%|████▊     | 96/200 [46:05<50:05, 28.90s/it, Train loss=0.00197, Train acc=0.00052, Test loss=0.428, Test acc=0.0699]
 48%|████▊     | 96/200 [46:34<50:05, 28.90s/it, Train loss=0.002, Train acc=0.000599, Test loss=0.42, Test acc=0.0689]  
 48%|████▊     | 97/200 [46:34<49:25, 28.79s/it, Train loss=0.002, Train acc=0.000599, Test loss=0.42, Test acc=0.0689]
 48%|████▊     | 97/200 [47:03<49:25, 28.79s/it, Train loss=0.00208, Train acc=0.000739, Test loss=0.431, Test acc=0.0702]
 49%|████▉     | 98/200 [47:03<49:24, 29.07s/it, Train loss=0.00208, Train acc=0.000739, Test loss=0.431, Test acc=0.0702]
 49%|████▉     | 98/200 [47:33<49:24, 29.07s/it, Train loss=0.00189, Train acc=0.00048, Test loss=0.425, Test acc=0.0698] 
 50%|████▉     | 99/200 [47:33<49:17, 29.28s/it, Train loss=0.00189, Train acc=0.00048, Test loss=0.425, Test acc=0.0698]
 50%|████▉     | 99/200 [48:03<49:17, 29.28s/it, Train loss=0.00203, Train acc=0.000579, Test loss=0.425, Test acc=0.0685]
 50%|█████     | 100/200 [48:03<49:03, 29.44s/it, Train loss=0.00203, Train acc=0.000579, Test loss=0.425, Test acc=0.0685]
 50%|█████     | 100/200 [48:32<49:03, 29.44s/it, Train loss=0.00223, Train acc=0.000673, Test loss=0.439, Test acc=0.0709]
 50%|█████     | 101/200 [48:32<48:33, 29.43s/it, Train loss=0.00223, Train acc=0.000673, Test loss=0.439, Test acc=0.0709]
 50%|█████     | 101/200 [49:01<48:33, 29.43s/it, Train loss=0.0022, Train acc=0.000639, Test loss=0.434, Test acc=0.0703] 
 51%|█████     | 102/200 [49:01<47:43, 29.22s/it, Train loss=0.0022, Train acc=0.000639, Test loss=0.434, Test acc=0.0703]
 51%|█████     | 102/200 [49:30<47:43, 29.22s/it, Train loss=0.00164, Train acc=0.00044, Test loss=0.431, Test acc=0.0693]
 52%|█████▏    | 103/200 [49:30<47:00, 29.07s/it, Train loss=0.00164, Train acc=0.00044, Test loss=0.431, Test acc=0.0693]
 52%|█████▏    | 103/200 [50:00<47:00, 29.07s/it, Train loss=0.0015, Train acc=0.00048, Test loss=0.429, Test acc=0.0685] 
 52%|█████▏    | 104/200 [50:00<46:50, 29.27s/it, Train loss=0.0015, Train acc=0.00048, Test loss=0.429, Test acc=0.0685]
 52%|█████▏    | 104/200 [50:29<46:50, 29.27s/it, Train loss=0.00106, Train acc=0.00018, Test loss=0.425, Test acc=0.0682]
 52%|█████▎    | 105/200 [50:29<46:34, 29.41s/it, Train loss=0.00106, Train acc=0.00018, Test loss=0.425, Test acc=0.0682]
 52%|█████▎    | 105/200 [50:59<46:34, 29.41s/it, Train loss=0.00104, Train acc=0.00018, Test loss=0.429, Test acc=0.0686]
 53%|█████▎    | 106/200 [50:59<46:14, 29.51s/it, Train loss=0.00104, Train acc=0.00018, Test loss=0.429, Test acc=0.0686]
 53%|█████▎    | 106/200 [51:28<46:14, 29.51s/it, Train loss=0.000928, Train acc=0.000274, Test loss=0.431, Test acc=0.0704]
 54%|█████▎    | 107/200 [51:28<45:32, 29.38s/it, Train loss=0.000928, Train acc=0.000274, Test loss=0.431, Test acc=0.0704]
 54%|█████▎    | 107/200 [51:57<45:32, 29.38s/it, Train loss=0.0011, Train acc=0.00028, Test loss=0.441, Test acc=0.0714]   
 54%|█████▍    | 108/200 [51:57<44:42, 29.16s/it, Train loss=0.0011, Train acc=0.00028, Test loss=0.441, Test acc=0.0714]
 54%|█████▍    | 108/200 [52:26<44:42, 29.16s/it, Train loss=0.000883, Train acc=0.00018, Test loss=0.442, Test acc=0.071]
 55%|█████▍    | 109/200 [52:26<44:16, 29.20s/it, Train loss=0.000883, Train acc=0.00018, Test loss=0.442, Test acc=0.071]
 55%|█████▍    | 109/200 [52:56<44:16, 29.20s/it, Train loss=0.000635, Train acc=4e-5, Test loss=0.437, Test acc=0.0694]  
 55%|█████▌    | 110/200 [52:56<44:03, 29.37s/it, Train loss=0.000635, Train acc=4e-5, Test loss=0.437, Test acc=0.0694]
 55%|█████▌    | 110/200 [53:26<44:03, 29.37s/it, Train loss=0.00078, Train acc=0.00018, Test loss=0.452, Test acc=0.0704]
 56%|█████▌    | 111/200 [53:26<43:46, 29.52s/it, Train loss=0.00078, Train acc=0.00018, Test loss=0.452, Test acc=0.0704]
 56%|█████▌    | 111/200 [53:55<43:46, 29.52s/it, Train loss=0.00081, Train acc=0.00026, Test loss=0.452, Test acc=0.0686]
 56%|█████▌    | 112/200 [53:55<43:14, 29.49s/it, Train loss=0.00081, Train acc=0.00026, Test loss=0.452, Test acc=0.0686]
 56%|█████▌    | 112/200 [54:24<43:14, 29.49s/it, Train loss=0.000988, Train acc=0.00026, Test loss=0.433, Test acc=0.0688]
 56%|█████▋    | 113/200 [54:24<42:30, 29.31s/it, Train loss=0.000988, Train acc=0.00026, Test loss=0.433, Test acc=0.0688]
 56%|█████▋    | 113/200 [54:53<42:30, 29.31s/it, Train loss=0.000691, Train acc=0.00022, Test loss=0.44, Test acc=0.0689] 
 57%|█████▋    | 114/200 [54:53<41:45, 29.14s/it, Train loss=0.000691, Train acc=0.00022, Test loss=0.44, Test acc=0.0689]
 57%|█████▋    | 114/200 [55:22<41:45, 29.14s/it, Train loss=0.000641, Train acc=9.99e-5, Test loss=0.435, Test acc=0.0687]
 57%|█████▊    | 115/200 [55:22<41:08, 29.04s/it, Train loss=0.000641, Train acc=9.99e-5, Test loss=0.435, Test acc=0.0687]
 57%|█████▊    | 115/200 [55:51<41:08, 29.04s/it, Train loss=0.00073, Train acc=0.00024, Test loss=0.44, Test acc=0.0682]  
 58%|█████▊    | 116/200 [55:51<40:59, 29.28s/it, Train loss=0.00073, Train acc=0.00024, Test loss=0.44, Test acc=0.0682]
 58%|█████▊    | 116/200 [56:21<40:59, 29.28s/it, Train loss=0.000557, Train acc=7.99e-5, Test loss=0.43, Test acc=0.0675]
 58%|█████▊    | 117/200 [56:21<40:44, 29.46s/it, Train loss=0.000557, Train acc=7.99e-5, Test loss=0.43, Test acc=0.0675]
 58%|█████▊    | 117/200 [56:51<40:44, 29.46s/it, Train loss=0.000535, Train acc=4e-5, Test loss=0.434, Test acc=0.0678]  
 59%|█████▉    | 118/200 [56:51<40:21, 29.54s/it, Train loss=0.000535, Train acc=4e-5, Test loss=0.434, Test acc=0.0678]
 59%|█████▉    | 118/200 [57:21<40:21, 29.54s/it, Train loss=0.000428, Train acc=5.99e-5, Test loss=0.433, Test acc=0.0677]
 60%|█████▉    | 119/200 [57:21<39:54, 29.56s/it, Train loss=0.000428, Train acc=5.99e-5, Test loss=0.433, Test acc=0.0677]
 60%|█████▉    | 119/200 [57:51<39:54, 29.56s/it, Train loss=0.000546, Train acc=0.00012, Test loss=0.439, Test acc=0.0673]
 60%|██████    | 120/200 [57:51<39:40, 29.76s/it, Train loss=0.000546, Train acc=0.00012, Test loss=0.439, Test acc=0.0673]
 60%|██████    | 120/200 [58:20<39:40, 29.76s/it, Train loss=0.000408, Train acc=4e-5, Test loss=0.439, Test acc=0.0681]   
 60%|██████    | 121/200 [58:20<39:03, 29.67s/it, Train loss=0.000408, Train acc=4e-5, Test loss=0.439, Test acc=0.0681]
 60%|██████    | 121/200 [58:50<39:03, 29.67s/it, Train loss=0.000498, Train acc=7.99e-5, Test loss=0.445, Test acc=0.0675]
 61%|██████    | 122/200 [58:50<38:30, 29.63s/it, Train loss=0.000498, Train acc=7.99e-5, Test loss=0.445, Test acc=0.0675]
 61%|██████    | 122/200 [59:19<38:30, 29.63s/it, Train loss=0.000448, Train acc=7.99e-5, Test loss=0.447, Test acc=0.0697]
 62%|██████▏   | 123/200 [59:19<37:56, 29.56s/it, Train loss=0.000448, Train acc=7.99e-5, Test loss=0.447, Test acc=0.0697]
 62%|██████▏   | 123/200 [59:49<37:56, 29.56s/it, Train loss=0.000433, Train acc=5.99e-5, Test loss=0.447, Test acc=0.069] 
 62%|██████▏   | 124/200 [59:49<37:21, 29.50s/it, Train loss=0.000433, Train acc=5.99e-5, Test loss=0.447, Test acc=0.069]
 62%|██████▏   | 124/200 [1:00:17<37:21, 29.50s/it, Train loss=0.000533, Train acc=0.00014, Test loss=0.443, Test acc=0.0683]
 62%|██████▎   | 125/200 [1:00:17<36:33, 29.24s/it, Train loss=0.000533, Train acc=0.00014, Test loss=0.443, Test acc=0.0683]
 62%|██████▎   | 125/200 [1:00:46<36:33, 29.24s/it, Train loss=0.000563, Train acc=0.00012, Test loss=0.45, Test acc=0.07]   
 63%|██████▎   | 126/200 [1:00:46<35:52, 29.09s/it, Train loss=0.000563, Train acc=0.00012, Test loss=0.45, Test acc=0.07]
 63%|██████▎   | 126/200 [1:01:14<35:52, 29.09s/it, Train loss=0.000639, Train acc=0.00022, Test loss=0.454, Test acc=0.0699]
 64%|██████▎   | 127/200 [1:01:14<35:10, 28.91s/it, Train loss=0.000639, Train acc=0.00022, Test loss=0.454, Test acc=0.0699]
 64%|██████▎   | 127/200 [1:01:43<35:10, 28.91s/it, Train loss=0.000488, Train acc=7.99e-5, Test loss=0.453, Test acc=0.0678]
 64%|██████▍   | 128/200 [1:01:43<34:37, 28.85s/it, Train loss=0.000488, Train acc=7.99e-5, Test loss=0.453, Test acc=0.0678]
 64%|██████▍   | 128/200 [1:02:12<34:37, 28.85s/it, Train loss=0.00036, Train acc=4e-5, Test loss=0.449, Test acc=0.0673]    
 64%|██████▍   | 129/200 [1:02:12<34:01, 28.75s/it, Train loss=0.00036, Train acc=4e-5, Test loss=0.449, Test acc=0.0673]
 64%|██████▍   | 129/200 [1:02:40<34:01, 28.75s/it, Train loss=0.000483, Train acc=5.99e-5, Test loss=0.448, Test acc=0.0687]
 65%|██████▌   | 130/200 [1:02:40<33:31, 28.73s/it, Train loss=0.000483, Train acc=5.99e-5, Test loss=0.448, Test acc=0.0687]
 65%|██████▌   | 130/200 [1:03:09<33:31, 28.73s/it, Train loss=0.000376, Train acc=2e-5, Test loss=0.445, Test acc=0.0674]   
 66%|██████▌   | 131/200 [1:03:09<33:00, 28.70s/it, Train loss=0.000376, Train acc=2e-5, Test loss=0.445, Test acc=0.0674]
 66%|██████▌   | 131/200 [1:03:38<33:00, 28.70s/it, Train loss=0.000471, Train acc=4e-5, Test loss=0.445, Test acc=0.0671]
 66%|██████▌   | 132/200 [1:03:38<32:31, 28.69s/it, Train loss=0.000471, Train acc=4e-5, Test loss=0.445, Test acc=0.0671]
 66%|██████▌   | 132/200 [1:04:06<32:31, 28.69s/it, Train loss=0.000409, Train acc=7.99e-5, Test loss=0.444, Test acc=0.0666]
 66%|██████▋   | 133/200 [1:04:06<32:00, 28.66s/it, Train loss=0.000409, Train acc=7.99e-5, Test loss=0.444, Test acc=0.0666]
 66%|██████▋   | 133/200 [1:04:35<32:00, 28.66s/it, Train loss=0.000498, Train acc=9.99e-5, Test loss=0.436, Test acc=0.0674]
 67%|██████▋   | 134/200 [1:04:35<31:29, 28.63s/it, Train loss=0.000498, Train acc=9.99e-5, Test loss=0.436, Test acc=0.0674]
 67%|██████▋   | 134/200 [1:05:03<31:29, 28.63s/it, Train loss=0.000357, Train acc=5.99e-5, Test loss=0.439, Test acc=0.067] 
 68%|██████▊   | 135/200 [1:05:03<31:00, 28.63s/it, Train loss=0.000357, Train acc=5.99e-5, Test loss=0.439, Test acc=0.067]
 68%|██████▊   | 135/200 [1:05:32<31:00, 28.63s/it, Train loss=0.000367, Train acc=5.99e-5, Test loss=0.437, Test acc=0.0679]
 68%|██████▊   | 136/200 [1:05:32<30:31, 28.62s/it, Train loss=0.000367, Train acc=5.99e-5, Test loss=0.437, Test acc=0.0679]
 68%|██████▊   | 136/200 [1:06:01<30:31, 28.62s/it, Train loss=0.000381, Train acc=2e-5, Test loss=0.435, Test acc=0.0679]   
 68%|██████▊   | 137/200 [1:06:01<30:02, 28.61s/it, Train loss=0.000381, Train acc=2e-5, Test loss=0.435, Test acc=0.0679]
 68%|██████▊   | 137/200 [1:06:29<30:02, 28.61s/it, Train loss=0.000432, Train acc=7.99e-5, Test loss=0.438, Test acc=0.0672]
 69%|██████▉   | 138/200 [1:06:29<29:32, 28.60s/it, Train loss=0.000432, Train acc=7.99e-5, Test loss=0.438, Test acc=0.0672]
 69%|██████▉   | 138/200 [1:06:58<29:32, 28.60s/it, Train loss=0.000292, Train acc=7.99e-5, Test loss=0.434, Test acc=0.0664]
 70%|██████▉   | 139/200 [1:06:58<29:06, 28.63s/it, Train loss=0.000292, Train acc=7.99e-5, Test loss=0.434, Test acc=0.0664]
 70%|██████▉   | 139/200 [1:07:27<29:06, 28.63s/it, Train loss=0.000494, Train acc=7.99e-5, Test loss=0.438, Test acc=0.0675]
 70%|███████   | 140/200 [1:07:27<28:37, 28.63s/it, Train loss=0.000494, Train acc=7.99e-5, Test loss=0.438, Test acc=0.0675]
 70%|███████   | 140/200 [1:07:55<28:37, 28.63s/it, Train loss=0.000405, Train acc=9.99e-5, Test loss=0.44, Test acc=0.0675] 
 70%|███████   | 141/200 [1:07:55<28:09, 28.64s/it, Train loss=0.000405, Train acc=9.99e-5, Test loss=0.44, Test acc=0.0675]
 70%|███████   | 141/200 [1:08:24<28:09, 28.64s/it, Train loss=0.00041, Train acc=9.99e-5, Test loss=0.433, Test acc=0.0673]
 71%|███████   | 142/200 [1:08:24<27:40, 28.63s/it, Train loss=0.00041, Train acc=9.99e-5, Test loss=0.433, Test acc=0.0673]
 71%|███████   | 142/200 [1:08:52<27:40, 28.63s/it, Train loss=0.000324, Train acc=4e-5, Test loss=0.437, Test acc=0.0679]  
 72%|███████▏  | 143/200 [1:08:52<27:12, 28.64s/it, Train loss=0.000324, Train acc=4e-5, Test loss=0.437, Test acc=0.0679]
 72%|███████▏  | 143/200 [1:09:21<27:12, 28.64s/it, Train loss=0.000311, Train acc=5.99e-5, Test loss=0.44, Test acc=0.0678]
 72%|███████▏  | 144/200 [1:09:21<26:42, 28.62s/it, Train loss=0.000311, Train acc=5.99e-5, Test loss=0.44, Test acc=0.0678]
 72%|███████▏  | 144/200 [1:09:50<26:42, 28.62s/it, Train loss=0.000346, Train acc=9.99e-5, Test loss=0.433, Test acc=0.0666]
 72%|███████▎  | 145/200 [1:09:50<26:14, 28.62s/it, Train loss=0.000346, Train acc=9.99e-5, Test loss=0.433, Test acc=0.0666]
 72%|███████▎  | 145/200 [1:10:18<26:14, 28.62s/it, Train loss=0.000379, Train acc=4e-5, Test loss=0.433, Test acc=0.0669]   
 73%|███████▎  | 146/200 [1:10:18<25:46, 28.64s/it, Train loss=0.000379, Train acc=4e-5, Test loss=0.433, Test acc=0.0669]
 73%|███████▎  | 146/200 [1:10:47<25:46, 28.64s/it, Train loss=0.000258, Train acc=2e-5, Test loss=0.433, Test acc=0.0673]
 74%|███████▎  | 147/200 [1:10:47<25:17, 28.63s/it, Train loss=0.000258, Train acc=2e-5, Test loss=0.433, Test acc=0.0673]
 74%|███████▎  | 147/200 [1:11:16<25:17, 28.63s/it, Train loss=0.000258, Train acc=4e-5, Test loss=0.431, Test acc=0.0669]
 74%|███████▍  | 148/200 [1:11:16<24:48, 28.62s/it, Train loss=0.000258, Train acc=4e-5, Test loss=0.431, Test acc=0.0669]
 74%|███████▍  | 148/200 [1:11:44<24:48, 28.62s/it, Train loss=0.000202, Train acc=0, Test loss=0.436, Test acc=0.0671]   
 74%|███████▍  | 149/200 [1:11:44<24:20, 28.63s/it, Train loss=0.000202, Train acc=0, Test loss=0.436, Test acc=0.0671]
 74%|███████▍  | 149/200 [1:12:13<24:20, 28.63s/it, Train loss=0.000275, Train acc=0, Test loss=0.435, Test acc=0.0666]
 75%|███████▌  | 150/200 [1:12:13<23:51, 28.64s/it, Train loss=0.000275, Train acc=0, Test loss=0.435, Test acc=0.0666]
 75%|███████▌  | 150/200 [1:12:41<23:51, 28.64s/it, Train loss=0.000256, Train acc=2e-5, Test loss=0.436, Test acc=0.0669]
 76%|███████▌  | 151/200 [1:12:41<23:21, 28.60s/it, Train loss=0.000256, Train acc=2e-5, Test loss=0.436, Test acc=0.0669]
 76%|███████▌  | 151/200 [1:13:10<23:21, 28.60s/it, Train loss=0.000249, Train acc=0, Test loss=0.434, Test acc=0.0671]   
 76%|███████▌  | 152/200 [1:13:10<22:55, 28.65s/it, Train loss=0.000249, Train acc=0, Test loss=0.434, Test acc=0.0671]
 76%|███████▌  | 152/200 [1:13:39<22:55, 28.65s/it, Train loss=0.000189, Train acc=0, Test loss=0.433, Test acc=0.0677]
 76%|███████▋  | 153/200 [1:13:39<22:25, 28.62s/it, Train loss=0.000189, Train acc=0, Test loss=0.433, Test acc=0.0677]
 76%|███████▋  | 153/200 [1:14:07<22:25, 28.62s/it, Train loss=0.000272, Train acc=4e-5, Test loss=0.434, Test acc=0.0668]
 77%|███████▋  | 154/200 [1:14:07<21:57, 28.64s/it, Train loss=0.000272, Train acc=4e-5, Test loss=0.434, Test acc=0.0668]
 77%|███████▋  | 154/200 [1:14:36<21:57, 28.64s/it, Train loss=0.000288, Train acc=4e-5, Test loss=0.433, Test acc=0.0676]
 78%|███████▊  | 155/200 [1:14:36<21:28, 28.64s/it, Train loss=0.000288, Train acc=4e-5, Test loss=0.433, Test acc=0.0676]
 78%|███████▊  | 155/200 [1:15:05<21:28, 28.64s/it, Train loss=0.000295, Train acc=2e-5, Test loss=0.434, Test acc=0.0674]
 78%|███████▊  | 156/200 [1:15:05<21:00, 28.64s/it, Train loss=0.000295, Train acc=2e-5, Test loss=0.434, Test acc=0.0674]
 78%|███████▊  | 156/200 [1:15:33<21:00, 28.64s/it, Train loss=0.000243, Train acc=4e-5, Test loss=0.438, Test acc=0.067] 
 78%|███████▊  | 157/200 [1:15:33<20:30, 28.62s/it, Train loss=0.000243, Train acc=4e-5, Test loss=0.438, Test acc=0.067]
 78%|███████▊  | 157/200 [1:16:02<20:30, 28.62s/it, Train loss=0.000202, Train acc=0, Test loss=0.438, Test acc=0.0673]  
 79%|███████▉  | 158/200 [1:16:02<20:02, 28.64s/it, Train loss=0.000202, Train acc=0, Test loss=0.438, Test acc=0.0673]
 79%|███████▉  | 158/200 [1:16:31<20:02, 28.64s/it, Train loss=0.00024, Train acc=0, Test loss=0.437, Test acc=0.0675] 
 80%|███████▉  | 159/200 [1:16:31<19:33, 28.62s/it, Train loss=0.00024, Train acc=0, Test loss=0.437, Test acc=0.0675]
 80%|███████▉  | 159/200 [1:16:59<19:33, 28.62s/it, Train loss=0.000252, Train acc=4e-5, Test loss=0.44, Test acc=0.0665]
 80%|████████  | 160/200 [1:16:59<19:04, 28.60s/it, Train loss=0.000252, Train acc=4e-5, Test loss=0.44, Test acc=0.0665]
 80%|████████  | 160/200 [1:17:28<19:04, 28.60s/it, Train loss=0.000288, Train acc=5.99e-5, Test loss=0.438, Test acc=0.0667]
 80%|████████  | 161/200 [1:17:28<18:37, 28.64s/it, Train loss=0.000288, Train acc=5.99e-5, Test loss=0.438, Test acc=0.0667]
 80%|████████  | 161/200 [1:17:56<18:37, 28.64s/it, Train loss=0.000183, Train acc=0, Test loss=0.44, Test acc=0.0669]       
 81%|████████  | 162/200 [1:17:56<18:07, 28.61s/it, Train loss=0.000183, Train acc=0, Test loss=0.44, Test acc=0.0669]
 81%|████████  | 162/200 [1:18:25<18:07, 28.61s/it, Train loss=0.00029, Train acc=4e-5, Test loss=0.437, Test acc=0.0669]
 82%|████████▏ | 163/200 [1:18:25<17:38, 28.62s/it, Train loss=0.00029, Train acc=4e-5, Test loss=0.437, Test acc=0.0669]
 82%|████████▏ | 163/200 [1:18:54<17:38, 28.62s/it, Train loss=0.000257, Train acc=2e-5, Test loss=0.439, Test acc=0.0676]
 82%|████████▏ | 164/200 [1:18:54<17:09, 28.59s/it, Train loss=0.000257, Train acc=2e-5, Test loss=0.439, Test acc=0.0676]
 82%|████████▏ | 164/200 [1:19:22<17:09, 28.59s/it, Train loss=0.000201, Train acc=0, Test loss=0.435, Test acc=0.0674]   
 82%|████████▎ | 165/200 [1:19:22<16:41, 28.60s/it, Train loss=0.000201, Train acc=0, Test loss=0.435, Test acc=0.0674]
 82%|████████▎ | 165/200 [1:19:51<16:41, 28.60s/it, Train loss=0.000276, Train acc=4e-5, Test loss=0.438, Test acc=0.067]
 83%|████████▎ | 166/200 [1:19:51<16:11, 28.58s/it, Train loss=0.000276, Train acc=4e-5, Test loss=0.438, Test acc=0.067]
 83%|████████▎ | 166/200 [1:20:19<16:11, 28.58s/it, Train loss=0.000218, Train acc=0, Test loss=0.439, Test acc=0.0675]  
 84%|████████▎ | 167/200 [1:20:19<15:43, 28.58s/it, Train loss=0.000218, Train acc=0, Test loss=0.439, Test acc=0.0675]
 84%|████████▎ | 167/200 [1:20:48<15:43, 28.58s/it, Train loss=0.00021, Train acc=4e-5, Test loss=0.439, Test acc=0.0672]
 84%|████████▍ | 168/200 [1:20:48<15:14, 28.58s/it, Train loss=0.00021, Train acc=4e-5, Test loss=0.439, Test acc=0.0672]
 84%|████████▍ | 168/200 [1:21:16<15:14, 28.58s/it, Train loss=0.000229, Train acc=2e-5, Test loss=0.442, Test acc=0.0686]
 84%|████████▍ | 169/200 [1:21:16<14:45, 28.57s/it, Train loss=0.000229, Train acc=2e-5, Test loss=0.442, Test acc=0.0686]
 84%|████████▍ | 169/200 [1:21:45<14:45, 28.57s/it, Train loss=0.000242, Train acc=2e-5, Test loss=0.441, Test acc=0.0675]
 85%|████████▌ | 170/200 [1:21:45<14:17, 28.57s/it, Train loss=0.000242, Train acc=2e-5, Test loss=0.441, Test acc=0.0675]
 85%|████████▌ | 170/200 [1:22:14<14:17, 28.57s/it, Train loss=0.000209, Train acc=2e-5, Test loss=0.44, Test acc=0.068]  
 86%|████████▌ | 171/200 [1:22:14<13:48, 28.57s/it, Train loss=0.000209, Train acc=2e-5, Test loss=0.44, Test acc=0.068]
 86%|████████▌ | 171/200 [1:22:42<13:48, 28.57s/it, Train loss=0.000261, Train acc=2e-5, Test loss=0.438, Test acc=0.0667]
 86%|████████▌ | 172/200 [1:22:42<13:19, 28.55s/it, Train loss=0.000261, Train acc=2e-5, Test loss=0.438, Test acc=0.0667]
 86%|████████▌ | 172/200 [1:23:10<13:19, 28.55s/it, Train loss=0.000213, Train acc=2e-5, Test loss=0.443, Test acc=0.068] 
 86%|████████▋ | 173/200 [1:23:10<12:49, 28.51s/it, Train loss=0.000213, Train acc=2e-5, Test loss=0.443, Test acc=0.068]
 86%|████████▋ | 173/200 [1:23:39<12:49, 28.51s/it, Train loss=0.000181, Train acc=0, Test loss=0.438, Test acc=0.0673]  
 87%|████████▋ | 174/200 [1:23:39<12:21, 28.52s/it, Train loss=0.000181, Train acc=0, Test loss=0.438, Test acc=0.0673]
 87%|████████▋ | 174/200 [1:24:07<12:21, 28.52s/it, Train loss=0.000191, Train acc=0, Test loss=0.441, Test acc=0.0681]
 88%|████████▊ | 175/200 [1:24:07<11:52, 28.51s/it, Train loss=0.000191, Train acc=0, Test loss=0.441, Test acc=0.0681]
 88%|████████▊ | 175/200 [1:24:36<11:52, 28.51s/it, Train loss=0.000206, Train acc=0, Test loss=0.439, Test acc=0.0667]
 88%|████████▊ | 176/200 [1:24:36<11:24, 28.53s/it, Train loss=0.000206, Train acc=0, Test loss=0.439, Test acc=0.0667]
 88%|████████▊ | 176/200 [1:25:04<11:24, 28.53s/it, Train loss=0.000187, Train acc=0, Test loss=0.443, Test acc=0.068] 
 88%|████████▊ | 177/200 [1:25:04<10:55, 28.50s/it, Train loss=0.000187, Train acc=0, Test loss=0.443, Test acc=0.068]
 88%|████████▊ | 177/200 [1:25:33<10:55, 28.50s/it, Train loss=0.000242, Train acc=4e-5, Test loss=0.44, Test acc=0.0674]
 89%|████████▉ | 178/200 [1:25:33<10:27, 28.51s/it, Train loss=0.000242, Train acc=4e-5, Test loss=0.44, Test acc=0.0674]
 89%|████████▉ | 178/200 [1:26:01<10:27, 28.51s/it, Train loss=0.000198, Train acc=4e-5, Test loss=0.437, Test acc=0.0669]
 90%|████████▉ | 179/200 [1:26:01<09:58, 28.50s/it, Train loss=0.000198, Train acc=4e-5, Test loss=0.437, Test acc=0.0669]
 90%|████████▉ | 179/200 [1:26:30<09:58, 28.50s/it, Train loss=0.000214, Train acc=4e-5, Test loss=0.438, Test acc=0.0673]
 90%|█████████ | 180/200 [1:26:30<09:30, 28.51s/it, Train loss=0.000214, Train acc=4e-5, Test loss=0.438, Test acc=0.0673]
 90%|█████████ | 180/200 [1:26:59<09:30, 28.51s/it, Train loss=0.000247, Train acc=2e-5, Test loss=0.438, Test acc=0.0668]
 90%|█████████ | 181/200 [1:26:59<09:01, 28.51s/it, Train loss=0.000247, Train acc=2e-5, Test loss=0.438, Test acc=0.0668]
 90%|█████████ | 181/200 [1:27:27<09:01, 28.51s/it, Train loss=0.000267, Train acc=5.99e-5, Test loss=0.446, Test acc=0.067]
 91%|█████████ | 182/200 [1:27:27<08:32, 28.49s/it, Train loss=0.000267, Train acc=5.99e-5, Test loss=0.446, Test acc=0.067]
 91%|█████████ | 182/200 [1:27:56<08:32, 28.49s/it, Train loss=0.000205, Train acc=0, Test loss=0.438, Test acc=0.0664]     
 92%|█████████▏| 183/200 [1:27:56<08:04, 28.51s/it, Train loss=0.000205, Train acc=0, Test loss=0.438, Test acc=0.0664]
 92%|█████████▏| 183/200 [1:28:24<08:04, 28.51s/it, Train loss=0.000232, Train acc=2e-5, Test loss=0.442, Test acc=0.0667]
 92%|█████████▏| 184/200 [1:28:24<07:35, 28.47s/it, Train loss=0.000232, Train acc=2e-5, Test loss=0.442, Test acc=0.0667]
 92%|█████████▏| 184/200 [1:28:52<07:35, 28.47s/it, Train loss=0.000177, Train acc=2e-5, Test loss=0.439, Test acc=0.0676]
 92%|█████████▎| 185/200 [1:28:52<07:07, 28.50s/it, Train loss=0.000177, Train acc=2e-5, Test loss=0.439, Test acc=0.0676]
 92%|█████████▎| 185/200 [1:29:21<07:07, 28.50s/it, Train loss=0.000275, Train acc=5.99e-5, Test loss=0.443, Test acc=0.0674]
 93%|█████████▎| 186/200 [1:29:21<06:38, 28.48s/it, Train loss=0.000275, Train acc=5.99e-5, Test loss=0.443, Test acc=0.0674]
 93%|█████████▎| 186/200 [1:29:49<06:38, 28.48s/it, Train loss=0.00018, Train acc=2e-5, Test loss=0.438, Test acc=0.0674]    
 94%|█████████▎| 187/200 [1:29:49<06:10, 28.51s/it, Train loss=0.00018, Train acc=2e-5, Test loss=0.438, Test acc=0.0674]
 94%|█████████▎| 187/200 [1:30:18<06:10, 28.51s/it, Train loss=0.000226, Train acc=2e-5, Test loss=0.439, Test acc=0.0667]
 94%|█████████▍| 188/200 [1:30:18<05:41, 28.49s/it, Train loss=0.000226, Train acc=2e-5, Test loss=0.439, Test acc=0.0667]
 94%|█████████▍| 188/200 [1:30:46<05:41, 28.49s/it, Train loss=0.00022, Train acc=4e-5, Test loss=0.438, Test acc=0.0671] 
 94%|█████████▍| 189/200 [1:30:46<05:13, 28.51s/it, Train loss=0.00022, Train acc=4e-5, Test loss=0.438, Test acc=0.0671]
 94%|█████████▍| 189/200 [1:31:15<05:13, 28.51s/it, Train loss=0.000226, Train acc=4e-5, Test loss=0.438, Test acc=0.0663]
 95%|█████████▌| 190/200 [1:31:15<04:44, 28.47s/it, Train loss=0.000226, Train acc=4e-5, Test loss=0.438, Test acc=0.0663]
 95%|█████████▌| 190/200 [1:31:43<04:44, 28.47s/it, Train loss=0.000229, Train acc=2e-5, Test loss=0.438, Test acc=0.0667]
 96%|█████████▌| 191/200 [1:31:43<04:16, 28.47s/it, Train loss=0.000229, Train acc=2e-5, Test loss=0.438, Test acc=0.0667]
 96%|█████████▌| 191/200 [1:32:12<04:16, 28.47s/it, Train loss=0.000185, Train acc=2e-5, Test loss=0.439, Test acc=0.0667]
 96%|█████████▌| 192/200 [1:32:12<03:47, 28.49s/it, Train loss=0.000185, Train acc=2e-5, Test loss=0.439, Test acc=0.0667]
 96%|█████████▌| 192/200 [1:32:40<03:47, 28.49s/it, Train loss=0.00021, Train acc=0, Test loss=0.441, Test acc=0.0676]    
 96%|█████████▋| 193/200 [1:32:40<03:19, 28.47s/it, Train loss=0.00021, Train acc=0, Test loss=0.441, Test acc=0.0676]
 96%|█████████▋| 193/200 [1:33:09<03:19, 28.47s/it, Train loss=0.000174, Train acc=0, Test loss=0.44, Test acc=0.0674]
 97%|█████████▋| 194/200 [1:33:09<02:50, 28.49s/it, Train loss=0.000174, Train acc=0, Test loss=0.44, Test acc=0.0674]
 97%|█████████▋| 194/200 [1:33:37<02:50, 28.49s/it, Train loss=0.000171, Train acc=0, Test loss=0.438, Test acc=0.0668]
 98%|█████████▊| 195/200 [1:33:37<02:22, 28.44s/it, Train loss=0.000171, Train acc=0, Test loss=0.438, Test acc=0.0668]
 98%|█████████▊| 195/200 [1:34:06<02:22, 28.44s/it, Train loss=0.000183, Train acc=2e-5, Test loss=0.438, Test acc=0.0672]
 98%|█████████▊| 196/200 [1:34:06<01:53, 28.49s/it, Train loss=0.000183, Train acc=2e-5, Test loss=0.438, Test acc=0.0672]
 98%|█████████▊| 196/200 [1:34:34<01:53, 28.49s/it, Train loss=0.00022, Train acc=4e-5, Test loss=0.439, Test acc=0.0668] 
 98%|█████████▊| 197/200 [1:34:34<01:25, 28.47s/it, Train loss=0.00022, Train acc=4e-5, Test loss=0.439, Test acc=0.0668]
 98%|█████████▊| 197/200 [1:35:03<01:25, 28.47s/it, Train loss=0.000203, Train acc=0, Test loss=0.443, Test acc=0.0675]  
 99%|█████████▉| 198/200 [1:35:03<00:57, 28.50s/it, Train loss=0.000203, Train acc=0, Test loss=0.443, Test acc=0.0675]
 99%|█████████▉| 198/200 [1:35:31<00:57, 28.50s/it, Train loss=0.000161, Train acc=0, Test loss=0.44, Test acc=0.0668] 
100%|█████████▉| 199/200 [1:35:31<00:28, 28.47s/it, Train loss=0.000161, Train acc=0, Test loss=0.44, Test acc=0.0668]
100%|█████████▉| 199/200 [1:36:00<00:28, 28.47s/it, Train loss=0.000166, Train acc=0, Test loss=0.439, Test acc=0.0674]
100%|██████████| 200/200 [1:36:00<00:00, 28.49s/it, Train loss=0.000166, Train acc=0, Test loss=0.439, Test acc=0.0674]
100%|██████████| 200/200 [1:36:00<00:00, 28.80s/it, Train loss=0.000166, Train acc=0, Test loss=0.439, Test acc=0.0674]
