Files already downloaded and verified
Files already downloaded and verified
load resnet18...

  0%|          | 0/200 [00:00<?, ?it/s]
  0%|          | 0/200 [00:24<?, ?it/s, Train loss=1.39, Train acc=0.5, Test loss=1.71, Test acc=0.555]
  0%|          | 1/200 [00:24<1:20:34, 24.29s/it, Train loss=1.39, Train acc=0.5, Test loss=1.71, Test acc=0.555]
  0%|          | 1/200 [00:48<1:20:34, 24.29s/it, Train loss=0.798, Train acc=0.284, Test loss=0.897, Test acc=0.309]
  1%|          | 2/200 [00:48<1:19:08, 23.98s/it, Train loss=0.798, Train acc=0.284, Test loss=0.897, Test acc=0.309]
  1%|          | 2/200 [01:11<1:19:08, 23.98s/it, Train loss=0.543, Train acc=0.192, Test loss=1.02, Test acc=0.32]  
  2%|▏         | 3/200 [01:11<1:18:24, 23.88s/it, Train loss=0.543, Train acc=0.192, Test loss=1.02, Test acc=0.32]
  2%|▏         | 3/200 [01:35<1:18:24, 23.88s/it, Train loss=0.374, Train acc=0.13, Test loss=0.783, Test acc=0.249]
  2%|▏         | 4/200 [01:35<1:17:51, 23.83s/it, Train loss=0.374, Train acc=0.13, Test loss=0.783, Test acc=0.249]
  2%|▏         | 4/200 [01:59<1:17:51, 23.83s/it, Train loss=0.234, Train acc=0.0816, Test loss=2.19, Test acc=0.442]
  2%|▎         | 5/200 [01:59<1:17:23, 23.81s/it, Train loss=0.234, Train acc=0.0816, Test loss=2.19, Test acc=0.442]
  2%|▎         | 5/200 [02:23<1:17:23, 23.81s/it, Train loss=0.144, Train acc=0.0493, Test loss=0.847, Test acc=0.236]
  3%|▎         | 6/200 [02:23<1:17:02, 23.83s/it, Train loss=0.144, Train acc=0.0493, Test loss=0.847, Test acc=0.236]
  3%|▎         | 6/200 [02:47<1:17:02, 23.83s/it, Train loss=0.0716, Train acc=0.023, Test loss=1.18, Test acc=0.273] 
  4%|▎         | 7/200 [02:47<1:16:38, 23.83s/it, Train loss=0.0716, Train acc=0.023, Test loss=1.18, Test acc=0.273]
  4%|▎         | 7/200 [03:10<1:16:38, 23.83s/it, Train loss=0.0386, Train acc=0.0114, Test loss=0.797, Test acc=0.199]
  4%|▍         | 8/200 [03:10<1:16:18, 23.84s/it, Train loss=0.0386, Train acc=0.0114, Test loss=0.797, Test acc=0.199]
  4%|▍         | 8/200 [03:34<1:16:18, 23.84s/it, Train loss=0.0184, Train acc=0.00454, Test loss=0.844, Test acc=0.195]
  4%|▍         | 9/200 [03:34<1:15:51, 23.83s/it, Train loss=0.0184, Train acc=0.00454, Test loss=0.844, Test acc=0.195]
  4%|▍         | 9/200 [03:58<1:15:51, 23.83s/it, Train loss=0.00882, Train acc=0.00192, Test loss=0.75, Test acc=0.172]
  5%|▌         | 10/200 [03:58<1:15:27, 23.83s/it, Train loss=0.00882, Train acc=0.00192, Test loss=0.75, Test acc=0.172]
  5%|▌         | 10/200 [04:22<1:15:27, 23.83s/it, Train loss=0.0021, Train acc=0.00016, Test loss=0.751, Test acc=0.174]
  6%|▌         | 11/200 [04:22<1:15:06, 23.84s/it, Train loss=0.0021, Train acc=0.00016, Test loss=0.751, Test acc=0.174]
  6%|▌         | 11/200 [04:46<1:15:06, 23.84s/it, Train loss=0.00111, Train acc=4e-5, Test loss=0.718, Test acc=0.165]  
  6%|▌         | 12/200 [04:46<1:14:41, 23.84s/it, Train loss=0.00111, Train acc=4e-5, Test loss=0.718, Test acc=0.165]
  6%|▌         | 12/200 [05:10<1:14:41, 23.84s/it, Train loss=0.000545, Train acc=0, Test loss=0.713, Test acc=0.163]  
  6%|▋         | 13/200 [05:10<1:14:21, 23.86s/it, Train loss=0.000545, Train acc=0, Test loss=0.713, Test acc=0.163]
  6%|▋         | 13/200 [05:33<1:14:21, 23.86s/it, Train loss=0.0004, Train acc=0, Test loss=0.719, Test acc=0.164]  
  7%|▋         | 14/200 [05:33<1:13:54, 23.84s/it, Train loss=0.0004, Train acc=0, Test loss=0.719, Test acc=0.164]
  7%|▋         | 14/200 [05:57<1:13:54, 23.84s/it, Train loss=0.000333, Train acc=0, Test loss=0.715, Test acc=0.163]
  8%|▊         | 15/200 [05:57<1:13:31, 23.85s/it, Train loss=0.000333, Train acc=0, Test loss=0.715, Test acc=0.163]
  8%|▊         | 15/200 [06:21<1:13:31, 23.85s/it, Train loss=0.000305, Train acc=0, Test loss=0.721, Test acc=0.163]
  8%|▊         | 16/200 [06:21<1:13:10, 23.86s/it, Train loss=0.000305, Train acc=0, Test loss=0.721, Test acc=0.163]
  8%|▊         | 16/200 [06:45<1:13:10, 23.86s/it, Train loss=0.000251, Train acc=0, Test loss=0.722, Test acc=0.162]
  8%|▊         | 17/200 [06:45<1:12:44, 23.85s/it, Train loss=0.000251, Train acc=0, Test loss=0.722, Test acc=0.162]
  8%|▊         | 17/200 [07:09<1:12:44, 23.85s/it, Train loss=0.000245, Train acc=0, Test loss=0.728, Test acc=0.162]
  9%|▉         | 18/200 [07:09<1:12:25, 23.88s/it, Train loss=0.000245, Train acc=0, Test loss=0.728, Test acc=0.162]
  9%|▉         | 18/200 [07:33<1:12:25, 23.88s/it, Train loss=0.000226, Train acc=0, Test loss=0.726, Test acc=0.162]
 10%|▉         | 19/200 [07:33<1:12:01, 23.88s/it, Train loss=0.000226, Train acc=0, Test loss=0.726, Test acc=0.162]
 10%|▉         | 19/200 [07:57<1:12:01, 23.88s/it, Train loss=0.00019, Train acc=0, Test loss=0.73, Test acc=0.162]  
 10%|█         | 20/200 [07:57<1:11:34, 23.86s/it, Train loss=0.00019, Train acc=0, Test loss=0.73, Test acc=0.162]
 10%|█         | 20/200 [08:21<1:11:34, 23.86s/it, Train loss=0.000182, Train acc=0, Test loss=0.73, Test acc=0.163]
 10%|█         | 21/200 [08:21<1:11:16, 23.89s/it, Train loss=0.000182, Train acc=0, Test loss=0.73, Test acc=0.163]
 10%|█         | 21/200 [08:45<1:11:16, 23.89s/it, Train loss=0.000176, Train acc=0, Test loss=0.737, Test acc=0.164]
 11%|█         | 22/200 [08:45<1:10:51, 23.89s/it, Train loss=0.000176, Train acc=0, Test loss=0.737, Test acc=0.164]
 11%|█         | 22/200 [09:08<1:10:51, 23.89s/it, Train loss=0.000163, Train acc=0, Test loss=0.736, Test acc=0.163]
 12%|█▏        | 23/200 [09:08<1:10:26, 23.88s/it, Train loss=0.000163, Train acc=0, Test loss=0.736, Test acc=0.163]
 12%|█▏        | 23/200 [09:32<1:10:26, 23.88s/it, Train loss=0.00015, Train acc=0, Test loss=0.735, Test acc=0.162] 
 12%|█▏        | 24/200 [09:32<1:10:08, 23.91s/it, Train loss=0.00015, Train acc=0, Test loss=0.735, Test acc=0.162]
 12%|█▏        | 24/200 [09:56<1:10:08, 23.91s/it, Train loss=0.000137, Train acc=0, Test loss=0.741, Test acc=0.162]
 12%|█▎        | 25/200 [09:56<1:09:39, 23.88s/it, Train loss=0.000137, Train acc=0, Test loss=0.741, Test acc=0.162]
 12%|█▎        | 25/200 [10:20<1:09:39, 23.88s/it, Train loss=0.000133, Train acc=0, Test loss=0.742, Test acc=0.163]
 13%|█▎        | 26/200 [10:20<1:09:19, 23.91s/it, Train loss=0.000133, Train acc=0, Test loss=0.742, Test acc=0.163]
 13%|█▎        | 26/200 [10:44<1:09:19, 23.91s/it, Train loss=0.000132, Train acc=0, Test loss=0.742, Test acc=0.162]
 14%|█▎        | 27/200 [10:44<1:08:48, 23.86s/it, Train loss=0.000132, Train acc=0, Test loss=0.742, Test acc=0.162]
 14%|█▎        | 27/200 [11:07<1:08:48, 23.86s/it, Train loss=0.000124, Train acc=0, Test loss=0.741, Test acc=0.162]
 14%|█▍        | 28/200 [11:07<1:08:10, 23.78s/it, Train loss=0.000124, Train acc=0, Test loss=0.741, Test acc=0.162]
 14%|█▍        | 28/200 [11:31<1:08:10, 23.78s/it, Train loss=0.000122, Train acc=0, Test loss=0.745, Test acc=0.162]
 14%|█▍        | 29/200 [11:31<1:07:46, 23.78s/it, Train loss=0.000122, Train acc=0, Test loss=0.745, Test acc=0.162]
 14%|█▍        | 29/200 [11:55<1:07:46, 23.78s/it, Train loss=0.00011, Train acc=0, Test loss=0.748, Test acc=0.163] 
 15%|█▌        | 30/200 [11:55<1:07:15, 23.74s/it, Train loss=0.00011, Train acc=0, Test loss=0.748, Test acc=0.163]
 15%|█▌        | 30/200 [12:19<1:07:15, 23.74s/it, Train loss=0.000105, Train acc=0, Test loss=0.745, Test acc=0.161]
 16%|█▌        | 31/200 [12:19<1:06:45, 23.70s/it, Train loss=0.000105, Train acc=0, Test loss=0.745, Test acc=0.161]
 16%|█▌        | 31/200 [12:42<1:06:45, 23.70s/it, Train loss=0.0001, Train acc=0, Test loss=0.748, Test acc=0.162]  
 16%|█▌        | 32/200 [12:42<1:06:22, 23.70s/it, Train loss=0.0001, Train acc=0, Test loss=0.748, Test acc=0.162]
 16%|█▌        | 32/200 [13:06<1:06:22, 23.70s/it, Train loss=9.49e-5, Train acc=0, Test loss=0.752, Test acc=0.161]
 16%|█▋        | 33/200 [13:06<1:06:17, 23.82s/it, Train loss=9.49e-5, Train acc=0, Test loss=0.752, Test acc=0.161]
 16%|█▋        | 33/200 [13:31<1:06:17, 23.82s/it, Train loss=9.55e-5, Train acc=0, Test loss=0.751, Test acc=0.163]
 17%|█▋        | 34/200 [13:31<1:06:22, 23.99s/it, Train loss=9.55e-5, Train acc=0, Test loss=0.751, Test acc=0.163]
 17%|█▋        | 34/200 [13:55<1:06:22, 23.99s/it, Train loss=8.88e-5, Train acc=0, Test loss=0.756, Test acc=0.163]
 18%|█▊        | 35/200 [13:55<1:06:10, 24.06s/it, Train loss=8.88e-5, Train acc=0, Test loss=0.756, Test acc=0.163]
 18%|█▊        | 35/200 [14:19<1:06:10, 24.06s/it, Train loss=8.51e-5, Train acc=0, Test loss=0.75, Test acc=0.161] 
 18%|█▊        | 36/200 [14:19<1:05:53, 24.10s/it, Train loss=8.51e-5, Train acc=0, Test loss=0.75, Test acc=0.161]
 18%|█▊        | 36/200 [14:44<1:05:53, 24.10s/it, Train loss=8.42e-5, Train acc=0, Test loss=0.751, Test acc=0.163]
 18%|█▊        | 37/200 [14:44<1:05:42, 24.19s/it, Train loss=8.42e-5, Train acc=0, Test loss=0.751, Test acc=0.163]
 18%|█▊        | 37/200 [15:08<1:05:42, 24.19s/it, Train loss=8.3e-5, Train acc=0, Test loss=0.755, Test acc=0.161] 
 19%|█▉        | 38/200 [15:08<1:05:21, 24.21s/it, Train loss=8.3e-5, Train acc=0, Test loss=0.755, Test acc=0.161]
 19%|█▉        | 38/200 [15:32<1:05:21, 24.21s/it, Train loss=8.04e-5, Train acc=0, Test loss=0.761, Test acc=0.162]
 20%|█▉        | 39/200 [15:32<1:05:02, 24.24s/it, Train loss=8.04e-5, Train acc=0, Test loss=0.761, Test acc=0.162]
 20%|█▉        | 39/200 [15:56<1:05:02, 24.24s/it, Train loss=7.78e-5, Train acc=0, Test loss=0.752, Test acc=0.162]
 20%|██        | 40/200 [15:56<1:04:42, 24.26s/it, Train loss=7.78e-5, Train acc=0, Test loss=0.752, Test acc=0.162]
 20%|██        | 40/200 [16:21<1:04:42, 24.26s/it, Train loss=7.43e-5, Train acc=0, Test loss=0.754, Test acc=0.163]
 20%|██        | 41/200 [16:21<1:04:14, 24.24s/it, Train loss=7.43e-5, Train acc=0, Test loss=0.754, Test acc=0.163]
 20%|██        | 41/200 [16:45<1:04:14, 24.24s/it, Train loss=7.21e-5, Train acc=0, Test loss=0.76, Test acc=0.163] 
 21%|██        | 42/200 [16:45<1:03:45, 24.21s/it, Train loss=7.21e-5, Train acc=0, Test loss=0.76, Test acc=0.163]
 21%|██        | 42/200 [17:09<1:03:45, 24.21s/it, Train loss=7.19e-5, Train acc=0, Test loss=0.764, Test acc=0.162]
 22%|██▏       | 43/200 [17:09<1:02:59, 24.07s/it, Train loss=7.19e-5, Train acc=0, Test loss=0.764, Test acc=0.162]
 22%|██▏       | 43/200 [17:32<1:02:59, 24.07s/it, Train loss=7.2e-5, Train acc=0, Test loss=0.761, Test acc=0.162] 
 22%|██▏       | 44/200 [17:32<1:02:26, 24.02s/it, Train loss=7.2e-5, Train acc=0, Test loss=0.761, Test acc=0.162]
 22%|██▏       | 44/200 [17:56<1:02:26, 24.02s/it, Train loss=7.24e-5, Train acc=0, Test loss=0.764, Test acc=0.161]
 22%|██▎       | 45/200 [17:56<1:02:02, 24.02s/it, Train loss=7.24e-5, Train acc=0, Test loss=0.764, Test acc=0.161]
 22%|██▎       | 45/200 [18:20<1:02:02, 24.02s/it, Train loss=7.23e-5, Train acc=0, Test loss=0.764, Test acc=0.162]
 23%|██▎       | 46/200 [18:20<1:01:26, 23.94s/it, Train loss=7.23e-5, Train acc=0, Test loss=0.764, Test acc=0.162]
 23%|██▎       | 46/200 [18:44<1:01:26, 23.94s/it, Train loss=6.49e-5, Train acc=0, Test loss=0.76, Test acc=0.161] 
 24%|██▎       | 47/200 [18:44<1:01:05, 23.96s/it, Train loss=6.49e-5, Train acc=0, Test loss=0.76, Test acc=0.161]
 24%|██▎       | 47/200 [19:08<1:01:05, 23.96s/it, Train loss=6.8e-5, Train acc=0, Test loss=0.766, Test acc=0.162]
 24%|██▍       | 48/200 [19:08<1:00:36, 23.92s/it, Train loss=6.8e-5, Train acc=0, Test loss=0.766, Test acc=0.162]
 24%|██▍       | 48/200 [19:32<1:00:36, 23.92s/it, Train loss=6.09e-5, Train acc=0, Test loss=0.765, Test acc=0.162]
 24%|██▍       | 49/200 [19:32<1:00:11, 23.92s/it, Train loss=6.09e-5, Train acc=0, Test loss=0.765, Test acc=0.162]
 24%|██▍       | 49/200 [19:56<1:00:11, 23.92s/it, Train loss=6.31e-5, Train acc=0, Test loss=0.764, Test acc=0.162]
 25%|██▌       | 50/200 [19:56<59:50, 23.94s/it, Train loss=6.31e-5, Train acc=0, Test loss=0.764, Test acc=0.162]  
 25%|██▌       | 50/200 [20:20<59:50, 23.94s/it, Train loss=6.12e-5, Train acc=0, Test loss=0.764, Test acc=0.162]
 26%|██▌       | 51/200 [20:20<59:19, 23.89s/it, Train loss=6.12e-5, Train acc=0, Test loss=0.764, Test acc=0.162]
 26%|██▌       | 51/200 [20:44<59:19, 23.89s/it, Train loss=6.01e-5, Train acc=0, Test loss=0.769, Test acc=0.162]
 26%|██▌       | 52/200 [20:44<58:57, 23.90s/it, Train loss=6.01e-5, Train acc=0, Test loss=0.769, Test acc=0.162]
 26%|██▌       | 52/200 [21:08<58:57, 23.90s/it, Train loss=5.9e-5, Train acc=0, Test loss=0.771, Test acc=0.162] 
 26%|██▋       | 53/200 [21:08<58:36, 23.92s/it, Train loss=5.9e-5, Train acc=0, Test loss=0.771, Test acc=0.162]
 26%|██▋       | 53/200 [21:31<58:36, 23.92s/it, Train loss=6.13e-5, Train acc=0, Test loss=0.767, Test acc=0.161]
 27%|██▋       | 54/200 [21:31<58:08, 23.90s/it, Train loss=6.13e-5, Train acc=0, Test loss=0.767, Test acc=0.161]
 27%|██▋       | 54/200 [21:55<58:08, 23.90s/it, Train loss=5.83e-5, Train acc=0, Test loss=0.765, Test acc=0.162]
 28%|██▊       | 55/200 [21:55<57:51, 23.94s/it, Train loss=5.83e-5, Train acc=0, Test loss=0.765, Test acc=0.162]
 28%|██▊       | 55/200 [22:19<57:51, 23.94s/it, Train loss=5.57e-5, Train acc=0, Test loss=0.77, Test acc=0.162] 
 28%|██▊       | 56/200 [22:19<57:22, 23.91s/it, Train loss=5.57e-5, Train acc=0, Test loss=0.77, Test acc=0.162]
 28%|██▊       | 56/200 [22:43<57:22, 23.91s/it, Train loss=5.65e-5, Train acc=0, Test loss=0.771, Test acc=0.162]
 28%|██▊       | 57/200 [22:43<56:59, 23.91s/it, Train loss=5.65e-5, Train acc=0, Test loss=0.771, Test acc=0.162]
 28%|██▊       | 57/200 [23:07<56:59, 23.91s/it, Train loss=5.52e-5, Train acc=0, Test loss=0.774, Test acc=0.162]
 29%|██▉       | 58/200 [23:07<56:38, 23.93s/it, Train loss=5.52e-5, Train acc=0, Test loss=0.774, Test acc=0.162]
 29%|██▉       | 58/200 [23:31<56:38, 23.93s/it, Train loss=5.39e-5, Train acc=0, Test loss=0.776, Test acc=0.162]
 30%|██▉       | 59/200 [23:31<56:05, 23.87s/it, Train loss=5.39e-5, Train acc=0, Test loss=0.776, Test acc=0.162]
 30%|██▉       | 59/200 [23:55<56:05, 23.87s/it, Train loss=5.3e-5, Train acc=0, Test loss=0.772, Test acc=0.161] 
 30%|███       | 60/200 [23:55<55:44, 23.89s/it, Train loss=5.3e-5, Train acc=0, Test loss=0.772, Test acc=0.161]
 30%|███       | 60/200 [24:19<55:44, 23.89s/it, Train loss=5.32e-5, Train acc=0, Test loss=0.77, Test acc=0.161]
 30%|███       | 61/200 [24:19<55:22, 23.90s/it, Train loss=5.32e-5, Train acc=0, Test loss=0.77, Test acc=0.161]
 30%|███       | 61/200 [24:43<55:22, 23.90s/it, Train loss=5.01e-5, Train acc=0, Test loss=0.771, Test acc=0.162]
 31%|███       | 62/200 [24:43<54:54, 23.87s/it, Train loss=5.01e-5, Train acc=0, Test loss=0.771, Test acc=0.162]
 31%|███       | 62/200 [25:07<54:54, 23.87s/it, Train loss=4.9e-5, Train acc=0, Test loss=0.772, Test acc=0.161] 
 32%|███▏      | 63/200 [25:07<54:37, 23.92s/it, Train loss=4.9e-5, Train acc=0, Test loss=0.772, Test acc=0.161]
 32%|███▏      | 63/200 [25:30<54:37, 23.92s/it, Train loss=5.14e-5, Train acc=0, Test loss=0.769, Test acc=0.162]
 32%|███▏      | 64/200 [25:30<54:08, 23.88s/it, Train loss=5.14e-5, Train acc=0, Test loss=0.769, Test acc=0.162]
 32%|███▏      | 64/200 [25:54<54:08, 23.88s/it, Train loss=5.05e-5, Train acc=0, Test loss=0.775, Test acc=0.161]
 32%|███▎      | 65/200 [25:54<53:45, 23.89s/it, Train loss=5.05e-5, Train acc=0, Test loss=0.775, Test acc=0.161]
 32%|███▎      | 65/200 [26:18<53:45, 23.89s/it, Train loss=4.82e-5, Train acc=0, Test loss=0.772, Test acc=0.164]
 33%|███▎      | 66/200 [26:18<53:24, 23.92s/it, Train loss=4.82e-5, Train acc=0, Test loss=0.772, Test acc=0.164]
 33%|███▎      | 66/200 [26:42<53:24, 23.92s/it, Train loss=4.49e-5, Train acc=0, Test loss=0.773, Test acc=0.162]
 34%|███▎      | 67/200 [26:42<52:56, 23.89s/it, Train loss=4.49e-5, Train acc=0, Test loss=0.773, Test acc=0.162]
 34%|███▎      | 67/200 [27:06<52:56, 23.89s/it, Train loss=4.82e-5, Train acc=0, Test loss=0.78, Test acc=0.161] 
 34%|███▍      | 68/200 [27:06<52:39, 23.94s/it, Train loss=4.82e-5, Train acc=0, Test loss=0.78, Test acc=0.161]
 34%|███▍      | 68/200 [27:30<52:39, 23.94s/it, Train loss=4.67e-5, Train acc=0, Test loss=0.776, Test acc=0.161]
 34%|███▍      | 69/200 [27:30<52:12, 23.91s/it, Train loss=4.67e-5, Train acc=0, Test loss=0.776, Test acc=0.161]
 34%|███▍      | 69/200 [27:54<52:12, 23.91s/it, Train loss=4.6e-5, Train acc=0, Test loss=0.777, Test acc=0.161] 
 35%|███▌      | 70/200 [27:54<51:48, 23.91s/it, Train loss=4.6e-5, Train acc=0, Test loss=0.777, Test acc=0.161]
 35%|███▌      | 70/200 [28:18<51:48, 23.91s/it, Train loss=4.75e-5, Train acc=0, Test loss=0.778, Test acc=0.163]
 36%|███▌      | 71/200 [28:18<51:27, 23.93s/it, Train loss=4.75e-5, Train acc=0, Test loss=0.778, Test acc=0.163]
 36%|███▌      | 71/200 [28:42<51:27, 23.93s/it, Train loss=4.58e-5, Train acc=0, Test loss=0.777, Test acc=0.162]
 36%|███▌      | 72/200 [28:42<50:59, 23.90s/it, Train loss=4.58e-5, Train acc=0, Test loss=0.777, Test acc=0.162]
 36%|███▌      | 72/200 [29:06<50:59, 23.90s/it, Train loss=4.3e-5, Train acc=0, Test loss=0.778, Test acc=0.161] 
 36%|███▋      | 73/200 [29:06<50:40, 23.94s/it, Train loss=4.3e-5, Train acc=0, Test loss=0.778, Test acc=0.161]
 36%|███▋      | 73/200 [29:30<50:40, 23.94s/it, Train loss=4.39e-5, Train acc=0, Test loss=0.781, Test acc=0.161]
 37%|███▋      | 74/200 [29:30<50:15, 23.93s/it, Train loss=4.39e-5, Train acc=0, Test loss=0.781, Test acc=0.161]
 37%|███▋      | 74/200 [29:54<50:15, 23.93s/it, Train loss=4.36e-5, Train acc=0, Test loss=0.782, Test acc=0.16] 
 38%|███▊      | 75/200 [29:54<49:50, 23.93s/it, Train loss=4.36e-5, Train acc=0, Test loss=0.782, Test acc=0.16]
 38%|███▊      | 75/200 [30:18<49:50, 23.93s/it, Train loss=4.42e-5, Train acc=0, Test loss=0.781, Test acc=0.161]
 38%|███▊      | 76/200 [30:18<49:29, 23.95s/it, Train loss=4.42e-5, Train acc=0, Test loss=0.781, Test acc=0.161]
 38%|███▊      | 76/200 [30:41<49:29, 23.95s/it, Train loss=4.42e-5, Train acc=0, Test loss=0.788, Test acc=0.162]
 38%|███▊      | 77/200 [30:41<49:00, 23.91s/it, Train loss=4.42e-5, Train acc=0, Test loss=0.788, Test acc=0.162]
 38%|███▊      | 77/200 [31:05<49:00, 23.91s/it, Train loss=4.33e-5, Train acc=0, Test loss=0.78, Test acc=0.161] 
 39%|███▉      | 78/200 [31:05<48:38, 23.92s/it, Train loss=4.33e-5, Train acc=0, Test loss=0.78, Test acc=0.161]
 39%|███▉      | 78/200 [31:29<48:38, 23.92s/it, Train loss=4.14e-5, Train acc=0, Test loss=0.776, Test acc=0.16]
 40%|███▉      | 79/200 [31:29<48:16, 23.94s/it, Train loss=4.14e-5, Train acc=0, Test loss=0.776, Test acc=0.16]
 40%|███▉      | 79/200 [31:53<48:16, 23.94s/it, Train loss=3.87e-5, Train acc=0, Test loss=0.781, Test acc=0.162]
 40%|████      | 80/200 [31:53<47:48, 23.91s/it, Train loss=3.87e-5, Train acc=0, Test loss=0.781, Test acc=0.162]
 40%|████      | 80/200 [32:17<47:48, 23.91s/it, Train loss=4.23e-5, Train acc=0, Test loss=0.785, Test acc=0.162]
 40%|████      | 81/200 [32:17<47:31, 23.96s/it, Train loss=4.23e-5, Train acc=0, Test loss=0.785, Test acc=0.162]
 40%|████      | 81/200 [32:41<47:31, 23.96s/it, Train loss=4.23e-5, Train acc=0, Test loss=0.784, Test acc=0.16] 
 41%|████      | 82/200 [32:41<47:04, 23.94s/it, Train loss=4.23e-5, Train acc=0, Test loss=0.784, Test acc=0.16]
 41%|████      | 82/200 [33:05<47:04, 23.94s/it, Train loss=4.05e-5, Train acc=0, Test loss=0.783, Test acc=0.161]
 42%|████▏     | 83/200 [33:05<46:41, 23.95s/it, Train loss=4.05e-5, Train acc=0, Test loss=0.783, Test acc=0.161]
 42%|████▏     | 83/200 [33:29<46:41, 23.95s/it, Train loss=3.74e-5, Train acc=0, Test loss=0.782, Test acc=0.162]
 42%|████▏     | 84/200 [33:29<46:20, 23.97s/it, Train loss=3.74e-5, Train acc=0, Test loss=0.782, Test acc=0.162]
 42%|████▏     | 84/200 [33:53<46:20, 23.97s/it, Train loss=3.7e-5, Train acc=0, Test loss=0.79, Test acc=0.162]  
 42%|████▎     | 85/200 [33:53<45:50, 23.92s/it, Train loss=3.7e-5, Train acc=0, Test loss=0.79, Test acc=0.162]
 42%|████▎     | 85/200 [34:17<45:50, 23.92s/it, Train loss=3.79e-5, Train acc=0, Test loss=0.787, Test acc=0.162]
 43%|████▎     | 86/200 [34:17<45:26, 23.91s/it, Train loss=3.79e-5, Train acc=0, Test loss=0.787, Test acc=0.162]
 43%|████▎     | 86/200 [34:41<45:26, 23.91s/it, Train loss=3.65e-5, Train acc=0, Test loss=0.785, Test acc=0.161]
 44%|████▎     | 87/200 [34:41<44:57, 23.87s/it, Train loss=3.65e-5, Train acc=0, Test loss=0.785, Test acc=0.161]
 44%|████▎     | 87/200 [35:04<44:57, 23.87s/it, Train loss=3.76e-5, Train acc=0, Test loss=0.789, Test acc=0.161]
 44%|████▍     | 88/200 [35:04<44:25, 23.80s/it, Train loss=3.76e-5, Train acc=0, Test loss=0.789, Test acc=0.161]
 44%|████▍     | 88/200 [35:28<44:25, 23.80s/it, Train loss=3.64e-5, Train acc=0, Test loss=0.783, Test acc=0.162]
 44%|████▍     | 89/200 [35:28<44:03, 23.81s/it, Train loss=3.64e-5, Train acc=0, Test loss=0.783, Test acc=0.162]
 44%|████▍     | 89/200 [35:52<44:03, 23.81s/it, Train loss=3.56e-5, Train acc=0, Test loss=0.783, Test acc=0.162]
 45%|████▌     | 90/200 [35:52<43:33, 23.76s/it, Train loss=3.56e-5, Train acc=0, Test loss=0.783, Test acc=0.162]
 45%|████▌     | 90/200 [36:16<43:33, 23.76s/it, Train loss=3.68e-5, Train acc=0, Test loss=0.786, Test acc=0.162]
 46%|████▌     | 91/200 [36:16<43:10, 23.77s/it, Train loss=3.68e-5, Train acc=0, Test loss=0.786, Test acc=0.162]
 46%|████▌     | 91/200 [36:39<43:10, 23.77s/it, Train loss=3.71e-5, Train acc=0, Test loss=0.79, Test acc=0.16]  
 46%|████▌     | 92/200 [36:39<42:49, 23.79s/it, Train loss=3.71e-5, Train acc=0, Test loss=0.79, Test acc=0.16]
 46%|████▌     | 92/200 [37:03<42:49, 23.79s/it, Train loss=3.86e-5, Train acc=0, Test loss=0.784, Test acc=0.161]
 46%|████▋     | 93/200 [37:03<42:18, 23.72s/it, Train loss=3.86e-5, Train acc=0, Test loss=0.784, Test acc=0.161]
 46%|████▋     | 93/200 [37:27<42:18, 23.72s/it, Train loss=3.76e-5, Train acc=0, Test loss=0.785, Test acc=0.161]
 47%|████▋     | 94/200 [37:27<41:57, 23.75s/it, Train loss=3.76e-5, Train acc=0, Test loss=0.785, Test acc=0.161]
 47%|████▋     | 94/200 [37:51<41:57, 23.75s/it, Train loss=3.57e-5, Train acc=0, Test loss=0.785, Test acc=0.161]
 48%|████▊     | 95/200 [37:51<41:34, 23.76s/it, Train loss=3.57e-5, Train acc=0, Test loss=0.785, Test acc=0.161]
 48%|████▊     | 95/200 [38:14<41:34, 23.76s/it, Train loss=3.55e-5, Train acc=0, Test loss=0.786, Test acc=0.16] 
 48%|████▊     | 96/200 [38:14<41:09, 23.74s/it, Train loss=3.55e-5, Train acc=0, Test loss=0.786, Test acc=0.16]
 48%|████▊     | 96/200 [38:38<41:09, 23.74s/it, Train loss=3.52e-5, Train acc=0, Test loss=0.783, Test acc=0.162]
 48%|████▊     | 97/200 [38:38<40:48, 23.77s/it, Train loss=3.52e-5, Train acc=0, Test loss=0.783, Test acc=0.162]
 48%|████▊     | 97/200 [39:02<40:48, 23.77s/it, Train loss=3.28e-5, Train acc=0, Test loss=0.789, Test acc=0.163]
 49%|████▉     | 98/200 [39:02<40:22, 23.75s/it, Train loss=3.28e-5, Train acc=0, Test loss=0.789, Test acc=0.163]
 49%|████▉     | 98/200 [39:26<40:22, 23.75s/it, Train loss=3.53e-5, Train acc=0, Test loss=0.79, Test acc=0.162] 
 50%|████▉     | 99/200 [39:26<40:00, 23.77s/it, Train loss=3.53e-5, Train acc=0, Test loss=0.79, Test acc=0.162]
 50%|████▉     | 99/200 [39:49<40:00, 23.77s/it, Train loss=3.34e-5, Train acc=0, Test loss=0.789, Test acc=0.163]
 50%|█████     | 100/200 [39:49<39:38, 23.78s/it, Train loss=3.34e-5, Train acc=0, Test loss=0.789, Test acc=0.163]
 50%|█████     | 100/200 [40:13<39:38, 23.78s/it, Train loss=3.44e-5, Train acc=0, Test loss=0.789, Test acc=0.16] 
 50%|█████     | 101/200 [40:13<39:14, 23.78s/it, Train loss=3.44e-5, Train acc=0, Test loss=0.789, Test acc=0.16]
 50%|█████     | 101/200 [40:37<39:14, 23.78s/it, Train loss=3.46e-5, Train acc=0, Test loss=0.785, Test acc=0.162]
 51%|█████     | 102/200 [40:37<39:01, 23.89s/it, Train loss=3.46e-5, Train acc=0, Test loss=0.785, Test acc=0.162]
 51%|█████     | 102/200 [41:01<39:01, 23.89s/it, Train loss=3.42e-5, Train acc=0, Test loss=0.791, Test acc=0.161]
 52%|█████▏    | 103/200 [41:01<38:40, 23.92s/it, Train loss=3.42e-5, Train acc=0, Test loss=0.791, Test acc=0.161]
 52%|█████▏    | 103/200 [41:25<38:40, 23.92s/it, Train loss=3.39e-5, Train acc=0, Test loss=0.787, Test acc=0.161]
 52%|█████▏    | 104/200 [41:25<38:18, 23.94s/it, Train loss=3.39e-5, Train acc=0, Test loss=0.787, Test acc=0.161]
 52%|█████▏    | 104/200 [41:49<38:18, 23.94s/it, Train loss=3.22e-5, Train acc=0, Test loss=0.785, Test acc=0.162]
 52%|█████▎    | 105/200 [41:49<37:59, 23.99s/it, Train loss=3.22e-5, Train acc=0, Test loss=0.785, Test acc=0.162]
 52%|█████▎    | 105/200 [42:13<37:59, 23.99s/it, Train loss=3.3e-5, Train acc=0, Test loss=0.789, Test acc=0.162] 
 53%|█████▎    | 106/200 [42:13<37:33, 23.97s/it, Train loss=3.3e-5, Train acc=0, Test loss=0.789, Test acc=0.162]
 53%|█████▎    | 106/200 [42:37<37:33, 23.97s/it, Train loss=3.38e-5, Train acc=0, Test loss=0.787, Test acc=0.161]
 54%|█████▎    | 107/200 [42:37<37:11, 24.00s/it, Train loss=3.38e-5, Train acc=0, Test loss=0.787, Test acc=0.161]
 54%|█████▎    | 107/200 [43:01<37:11, 24.00s/it, Train loss=3.43e-5, Train acc=0, Test loss=0.789, Test acc=0.162]
 54%|█████▍    | 108/200 [43:01<36:50, 24.03s/it, Train loss=3.43e-5, Train acc=0, Test loss=0.789, Test acc=0.162]
 54%|█████▍    | 108/200 [43:25<36:50, 24.03s/it, Train loss=3.26e-5, Train acc=0, Test loss=0.794, Test acc=0.161]
 55%|█████▍    | 109/200 [43:25<36:25, 24.01s/it, Train loss=3.26e-5, Train acc=0, Test loss=0.794, Test acc=0.161]
 55%|█████▍    | 109/200 [43:50<36:25, 24.01s/it, Train loss=3.32e-5, Train acc=0, Test loss=0.788, Test acc=0.162]
 55%|█████▌    | 110/200 [43:50<36:04, 24.05s/it, Train loss=3.32e-5, Train acc=0, Test loss=0.788, Test acc=0.162]
 55%|█████▌    | 110/200 [44:14<36:04, 24.05s/it, Train loss=3.22e-5, Train acc=0, Test loss=0.789, Test acc=0.161]
 56%|█████▌    | 111/200 [44:14<35:37, 24.01s/it, Train loss=3.22e-5, Train acc=0, Test loss=0.789, Test acc=0.161]
 56%|█████▌    | 111/200 [44:38<35:37, 24.01s/it, Train loss=3.14e-5, Train acc=0, Test loss=0.791, Test acc=0.163]
 56%|█████▌    | 112/200 [44:38<35:15, 24.04s/it, Train loss=3.14e-5, Train acc=0, Test loss=0.791, Test acc=0.163]
 56%|█████▌    | 112/200 [45:02<35:15, 24.04s/it, Train loss=3.28e-5, Train acc=0, Test loss=0.793, Test acc=0.162]
 56%|█████▋    | 113/200 [45:02<34:51, 24.04s/it, Train loss=3.28e-5, Train acc=0, Test loss=0.793, Test acc=0.162]
 56%|█████▋    | 113/200 [45:26<34:51, 24.04s/it, Train loss=3.32e-5, Train acc=0, Test loss=0.789, Test acc=0.163]
 57%|█████▋    | 114/200 [45:26<34:26, 24.03s/it, Train loss=3.32e-5, Train acc=0, Test loss=0.789, Test acc=0.163]
 57%|█████▋    | 114/200 [45:50<34:26, 24.03s/it, Train loss=2.99e-5, Train acc=0, Test loss=0.79, Test acc=0.161] 
 57%|█████▊    | 115/200 [45:50<34:04, 24.06s/it, Train loss=2.99e-5, Train acc=0, Test loss=0.79, Test acc=0.161]
 57%|█████▊    | 115/200 [46:14<34:04, 24.06s/it, Train loss=3.14e-5, Train acc=0, Test loss=0.794, Test acc=0.163]
 58%|█████▊    | 116/200 [46:14<33:38, 24.03s/it, Train loss=3.14e-5, Train acc=0, Test loss=0.794, Test acc=0.163]
 58%|█████▊    | 116/200 [46:38<33:38, 24.03s/it, Train loss=3.31e-5, Train acc=0, Test loss=0.79, Test acc=0.162] 
 58%|█████▊    | 117/200 [46:38<33:15, 24.05s/it, Train loss=3.31e-5, Train acc=0, Test loss=0.79, Test acc=0.162]
 58%|█████▊    | 117/200 [47:02<33:15, 24.05s/it, Train loss=3.22e-5, Train acc=0, Test loss=0.784, Test acc=0.16]
 59%|█████▉    | 118/200 [47:02<32:53, 24.07s/it, Train loss=3.22e-5, Train acc=0, Test loss=0.784, Test acc=0.16]
 59%|█████▉    | 118/200 [47:26<32:53, 24.07s/it, Train loss=3.36e-5, Train acc=0, Test loss=0.794, Test acc=0.163]
 60%|█████▉    | 119/200 [47:26<32:26, 24.03s/it, Train loss=3.36e-5, Train acc=0, Test loss=0.794, Test acc=0.163]
 60%|█████▉    | 119/200 [47:50<32:26, 24.03s/it, Train loss=3.26e-5, Train acc=0, Test loss=0.796, Test acc=0.164]
 60%|██████    | 120/200 [47:50<32:05, 24.07s/it, Train loss=3.26e-5, Train acc=0, Test loss=0.796, Test acc=0.164]
 60%|██████    | 120/200 [48:14<32:05, 24.07s/it, Train loss=3.17e-5, Train acc=0, Test loss=0.79, Test acc=0.162] 
 60%|██████    | 121/200 [48:14<31:40, 24.06s/it, Train loss=3.17e-5, Train acc=0, Test loss=0.79, Test acc=0.162]
 60%|██████    | 121/200 [48:38<31:40, 24.06s/it, Train loss=3.17e-5, Train acc=0, Test loss=0.798, Test acc=0.161]
 61%|██████    | 122/200 [48:38<31:16, 24.06s/it, Train loss=3.17e-5, Train acc=0, Test loss=0.798, Test acc=0.161]
 61%|██████    | 122/200 [49:02<31:16, 24.06s/it, Train loss=3.05e-5, Train acc=0, Test loss=0.789, Test acc=0.162]
 62%|██████▏   | 123/200 [49:02<30:55, 24.10s/it, Train loss=3.05e-5, Train acc=0, Test loss=0.789, Test acc=0.162]
 62%|██████▏   | 123/200 [49:26<30:55, 24.10s/it, Train loss=3.02e-5, Train acc=0, Test loss=0.793, Test acc=0.161]
 62%|██████▏   | 124/200 [49:26<30:28, 24.06s/it, Train loss=3.02e-5, Train acc=0, Test loss=0.793, Test acc=0.161]
 62%|██████▏   | 124/200 [49:50<30:28, 24.06s/it, Train loss=3.04e-5, Train acc=0, Test loss=0.793, Test acc=0.162]
 62%|██████▎   | 125/200 [49:50<30:06, 24.09s/it, Train loss=3.04e-5, Train acc=0, Test loss=0.793, Test acc=0.162]
 62%|██████▎   | 125/200 [50:15<30:06, 24.09s/it, Train loss=2.93e-5, Train acc=0, Test loss=0.792, Test acc=0.161]
 63%|██████▎   | 126/200 [50:15<29:43, 24.10s/it, Train loss=2.93e-5, Train acc=0, Test loss=0.792, Test acc=0.161]
 63%|██████▎   | 126/200 [50:39<29:43, 24.10s/it, Train loss=3.12e-5, Train acc=0, Test loss=0.791, Test acc=0.161]
 64%|██████▎   | 127/200 [50:39<29:17, 24.08s/it, Train loss=3.12e-5, Train acc=0, Test loss=0.791, Test acc=0.161]
 64%|██████▎   | 127/200 [51:03<29:17, 24.08s/it, Train loss=2.95e-5, Train acc=0, Test loss=0.79, Test acc=0.162] 
 64%|██████▍   | 128/200 [51:03<28:56, 24.12s/it, Train loss=2.95e-5, Train acc=0, Test loss=0.79, Test acc=0.162]
 64%|██████▍   | 128/200 [51:27<28:56, 24.12s/it, Train loss=3.05e-5, Train acc=0, Test loss=0.797, Test acc=0.161]
 64%|██████▍   | 129/200 [51:27<28:29, 24.08s/it, Train loss=3.05e-5, Train acc=0, Test loss=0.797, Test acc=0.161]
 64%|██████▍   | 129/200 [51:51<28:29, 24.08s/it, Train loss=3.08e-5, Train acc=0, Test loss=0.793, Test acc=0.162]
 65%|██████▌   | 130/200 [51:51<28:07, 24.11s/it, Train loss=3.08e-5, Train acc=0, Test loss=0.793, Test acc=0.162]
 65%|██████▌   | 130/200 [52:15<28:07, 24.11s/it, Train loss=2.95e-5, Train acc=0, Test loss=0.796, Test acc=0.161]
 66%|██████▌   | 131/200 [52:15<27:44, 24.13s/it, Train loss=2.95e-5, Train acc=0, Test loss=0.796, Test acc=0.161]
 66%|██████▌   | 131/200 [52:39<27:44, 24.13s/it, Train loss=2.98e-5, Train acc=0, Test loss=0.793, Test acc=0.161]
 66%|██████▌   | 132/200 [52:39<27:18, 24.10s/it, Train loss=2.98e-5, Train acc=0, Test loss=0.793, Test acc=0.161]
 66%|██████▌   | 132/200 [53:03<27:18, 24.10s/it, Train loss=2.98e-5, Train acc=0, Test loss=0.794, Test acc=0.161]
 66%|██████▋   | 133/200 [53:03<26:56, 24.13s/it, Train loss=2.98e-5, Train acc=0, Test loss=0.794, Test acc=0.161]
 66%|██████▋   | 133/200 [53:27<26:56, 24.13s/it, Train loss=3.05e-5, Train acc=0, Test loss=0.799, Test acc=0.161]
 67%|██████▋   | 134/200 [53:27<26:31, 24.11s/it, Train loss=3.05e-5, Train acc=0, Test loss=0.799, Test acc=0.161]
 67%|██████▋   | 134/200 [53:52<26:31, 24.11s/it, Train loss=2.88e-5, Train acc=0, Test loss=0.793, Test acc=0.161]
 68%|██████▊   | 135/200 [53:52<26:06, 24.11s/it, Train loss=2.88e-5, Train acc=0, Test loss=0.793, Test acc=0.161]
 68%|██████▊   | 135/200 [54:16<26:06, 24.11s/it, Train loss=3.07e-5, Train acc=0, Test loss=0.795, Test acc=0.162]
 68%|██████▊   | 136/200 [54:16<25:45, 24.15s/it, Train loss=3.07e-5, Train acc=0, Test loss=0.795, Test acc=0.162]
 68%|██████▊   | 136/200 [54:40<25:45, 24.15s/it, Train loss=2.97e-5, Train acc=0, Test loss=0.797, Test acc=0.163]
 68%|██████▊   | 137/200 [54:40<25:19, 24.12s/it, Train loss=2.97e-5, Train acc=0, Test loss=0.797, Test acc=0.163]
 68%|██████▊   | 137/200 [55:04<25:19, 24.12s/it, Train loss=3.13e-5, Train acc=0, Test loss=0.793, Test acc=0.162]
 69%|██████▉   | 138/200 [55:04<24:56, 24.14s/it, Train loss=3.13e-5, Train acc=0, Test loss=0.793, Test acc=0.162]
 69%|██████▉   | 138/200 [55:28<24:56, 24.14s/it, Train loss=2.93e-5, Train acc=0, Test loss=0.793, Test acc=0.162]
 70%|██████▉   | 139/200 [55:28<24:31, 24.13s/it, Train loss=2.93e-5, Train acc=0, Test loss=0.793, Test acc=0.162]
 70%|██████▉   | 139/200 [55:52<24:31, 24.13s/it, Train loss=3.03e-5, Train acc=0, Test loss=0.793, Test acc=0.161]
 70%|███████   | 140/200 [55:52<24:06, 24.11s/it, Train loss=3.03e-5, Train acc=0, Test loss=0.793, Test acc=0.161]
 70%|███████   | 140/200 [56:16<24:06, 24.11s/it, Train loss=2.94e-5, Train acc=0, Test loss=0.795, Test acc=0.161]
 70%|███████   | 141/200 [56:16<23:45, 24.16s/it, Train loss=2.94e-5, Train acc=0, Test loss=0.795, Test acc=0.161]
 70%|███████   | 141/200 [56:41<23:45, 24.16s/it, Train loss=2.88e-5, Train acc=0, Test loss=0.793, Test acc=0.161]
 71%|███████   | 142/200 [56:41<23:19, 24.13s/it, Train loss=2.88e-5, Train acc=0, Test loss=0.793, Test acc=0.161]
 71%|███████   | 142/200 [57:05<23:19, 24.13s/it, Train loss=2.87e-5, Train acc=0, Test loss=0.794, Test acc=0.161]
 72%|███████▏  | 143/200 [57:05<22:56, 24.14s/it, Train loss=2.87e-5, Train acc=0, Test loss=0.794, Test acc=0.161]
 72%|███████▏  | 143/200 [57:29<22:56, 24.14s/it, Train loss=3.05e-5, Train acc=0, Test loss=0.791, Test acc=0.161]
 72%|███████▏  | 144/200 [57:29<22:32, 24.15s/it, Train loss=3.05e-5, Train acc=0, Test loss=0.791, Test acc=0.161]
 72%|███████▏  | 144/200 [57:53<22:32, 24.15s/it, Train loss=3.03e-5, Train acc=0, Test loss=0.793, Test acc=0.162]
 72%|███████▎  | 145/200 [57:53<22:06, 24.12s/it, Train loss=3.03e-5, Train acc=0, Test loss=0.793, Test acc=0.162]
 72%|███████▎  | 145/200 [58:17<22:06, 24.12s/it, Train loss=3.12e-5, Train acc=0, Test loss=0.795, Test acc=0.161]
 73%|███████▎  | 146/200 [58:17<21:44, 24.15s/it, Train loss=3.12e-5, Train acc=0, Test loss=0.795, Test acc=0.161]
 73%|███████▎  | 146/200 [58:41<21:44, 24.15s/it, Train loss=3.1e-5, Train acc=0, Test loss=0.793, Test acc=0.161] 
 74%|███████▎  | 147/200 [58:41<21:18, 24.13s/it, Train loss=3.1e-5, Train acc=0, Test loss=0.793, Test acc=0.161]
 74%|███████▎  | 147/200 [59:05<21:18, 24.13s/it, Train loss=2.89e-5, Train acc=0, Test loss=0.793, Test acc=0.16]
 74%|███████▍  | 148/200 [59:05<20:55, 24.13s/it, Train loss=2.89e-5, Train acc=0, Test loss=0.793, Test acc=0.16]
 74%|███████▍  | 148/200 [59:30<20:55, 24.13s/it, Train loss=2.9e-5, Train acc=0, Test loss=0.796, Test acc=0.16] 
 74%|███████▍  | 149/200 [59:30<20:32, 24.16s/it, Train loss=2.9e-5, Train acc=0, Test loss=0.796, Test acc=0.16]
 74%|███████▍  | 149/200 [59:54<20:32, 24.16s/it, Train loss=2.78e-5, Train acc=0, Test loss=0.794, Test acc=0.161]
 75%|███████▌  | 150/200 [59:54<20:05, 24.11s/it, Train loss=2.78e-5, Train acc=0, Test loss=0.794, Test acc=0.161]
 75%|███████▌  | 150/200 [1:00:18<20:05, 24.11s/it, Train loss=2.98e-5, Train acc=0, Test loss=0.794, Test acc=0.162]
 76%|███████▌  | 151/200 [1:00:18<19:42, 24.13s/it, Train loss=2.98e-5, Train acc=0, Test loss=0.794, Test acc=0.162]
 76%|███████▌  | 151/200 [1:00:42<19:42, 24.13s/it, Train loss=2.83e-5, Train acc=0, Test loss=0.797, Test acc=0.162]
 76%|███████▌  | 152/200 [1:00:42<19:18, 24.13s/it, Train loss=2.83e-5, Train acc=0, Test loss=0.797, Test acc=0.162]
 76%|███████▌  | 152/200 [1:01:06<19:18, 24.13s/it, Train loss=2.98e-5, Train acc=0, Test loss=0.795, Test acc=0.161]
 76%|███████▋  | 153/200 [1:01:06<18:53, 24.12s/it, Train loss=2.98e-5, Train acc=0, Test loss=0.795, Test acc=0.161]
 76%|███████▋  | 153/200 [1:01:30<18:53, 24.12s/it, Train loss=3.01e-5, Train acc=0, Test loss=0.793, Test acc=0.161]
 77%|███████▋  | 154/200 [1:01:30<18:31, 24.16s/it, Train loss=3.01e-5, Train acc=0, Test loss=0.793, Test acc=0.161]
 77%|███████▋  | 154/200 [1:01:54<18:31, 24.16s/it, Train loss=2.86e-5, Train acc=0, Test loss=0.792, Test acc=0.161]
 78%|███████▊  | 155/200 [1:01:54<18:05, 24.13s/it, Train loss=2.86e-5, Train acc=0, Test loss=0.792, Test acc=0.161]
 78%|███████▊  | 155/200 [1:02:19<18:05, 24.13s/it, Train loss=2.74e-5, Train acc=0, Test loss=0.797, Test acc=0.161]
 78%|███████▊  | 156/200 [1:02:19<17:43, 24.16s/it, Train loss=2.74e-5, Train acc=0, Test loss=0.797, Test acc=0.161]
 78%|███████▊  | 156/200 [1:02:43<17:43, 24.16s/it, Train loss=2.89e-5, Train acc=0, Test loss=0.795, Test acc=0.161]
 78%|███████▊  | 157/200 [1:02:43<17:19, 24.18s/it, Train loss=2.89e-5, Train acc=0, Test loss=0.795, Test acc=0.161]
 78%|███████▊  | 157/200 [1:03:07<17:19, 24.18s/it, Train loss=2.84e-5, Train acc=0, Test loss=0.79, Test acc=0.162] 
 79%|███████▉  | 158/200 [1:03:07<16:54, 24.15s/it, Train loss=2.84e-5, Train acc=0, Test loss=0.79, Test acc=0.162]
 79%|███████▉  | 158/200 [1:03:31<16:54, 24.15s/it, Train loss=2.88e-5, Train acc=0, Test loss=0.793, Test acc=0.16]
 80%|███████▉  | 159/200 [1:03:31<16:31, 24.18s/it, Train loss=2.88e-5, Train acc=0, Test loss=0.793, Test acc=0.16]
 80%|███████▉  | 159/200 [1:03:55<16:31, 24.18s/it, Train loss=3.04e-5, Train acc=0, Test loss=0.799, Test acc=0.162]
 80%|████████  | 160/200 [1:03:55<16:06, 24.15s/it, Train loss=3.04e-5, Train acc=0, Test loss=0.799, Test acc=0.162]
 80%|████████  | 160/200 [1:04:19<16:06, 24.15s/it, Train loss=2.83e-5, Train acc=0, Test loss=0.794, Test acc=0.162]
 80%|████████  | 161/200 [1:04:19<15:42, 24.16s/it, Train loss=2.83e-5, Train acc=0, Test loss=0.794, Test acc=0.162]
 80%|████████  | 161/200 [1:04:44<15:42, 24.16s/it, Train loss=2.97e-5, Train acc=0, Test loss=0.796, Test acc=0.161]
 81%|████████  | 162/200 [1:04:44<15:18, 24.18s/it, Train loss=2.97e-5, Train acc=0, Test loss=0.796, Test acc=0.161]
