Files already downloaded and verified
Files already downloaded and verified
load resnet18...

  0%|          | 0/200 [00:00<?, ?it/s]
  0%|          | 0/200 [00:17<?, ?it/s, Train loss=2.02, Train acc=0.74, Test loss=1.82, Test acc=0.69]
  0%|          | 1/200 [00:17<58:39, 17.69s/it, Train loss=2.02, Train acc=0.74, Test loss=1.82, Test acc=0.69]
  0%|          | 1/200 [00:34<58:39, 17.69s/it, Train loss=1.69, Train acc=0.643, Test loss=1.62, Test acc=0.618]
  1%|          | 2/200 [00:34<55:51, 16.92s/it, Train loss=1.69, Train acc=0.643, Test loss=1.62, Test acc=0.618]
  1%|          | 2/200 [00:50<55:51, 16.92s/it, Train loss=1.56, Train acc=0.586, Test loss=1.54, Test acc=0.602]
  2%|▏         | 3/200 [00:50<55:01, 16.76s/it, Train loss=1.56, Train acc=0.586, Test loss=1.54, Test acc=0.602]
  2%|▏         | 3/200 [01:07<55:01, 16.76s/it, Train loss=1.47, Train acc=0.552, Test loss=1.5, Test acc=0.588] 
  2%|▏         | 4/200 [01:07<54:36, 16.72s/it, Train loss=1.47, Train acc=0.552, Test loss=1.5, Test acc=0.588]
  2%|▏         | 4/200 [01:23<54:36, 16.72s/it, Train loss=1.37, Train acc=0.51, Test loss=1.47, Test acc=0.551]
  2%|▎         | 5/200 [01:23<54:05, 16.64s/it, Train loss=1.37, Train acc=0.51, Test loss=1.47, Test acc=0.551]
  2%|▎         | 5/200 [01:40<54:05, 16.64s/it, Train loss=1.3, Train acc=0.482, Test loss=1.58, Test acc=0.571]
  3%|▎         | 6/200 [01:40<53:50, 16.65s/it, Train loss=1.3, Train acc=0.482, Test loss=1.58, Test acc=0.571]
  3%|▎         | 6/200 [01:56<53:50, 16.65s/it, Train loss=1.22, Train acc=0.448, Test loss=1.48, Test acc=0.524]
  4%|▎         | 7/200 [01:56<53:21, 16.59s/it, Train loss=1.22, Train acc=0.448, Test loss=1.48, Test acc=0.524]
  4%|▎         | 7/200 [02:13<53:21, 16.59s/it, Train loss=1.15, Train acc=0.416, Test loss=1.16, Test acc=0.422]
  4%|▍         | 8/200 [02:13<52:58, 16.56s/it, Train loss=1.15, Train acc=0.416, Test loss=1.16, Test acc=0.422]
  4%|▍         | 8/200 [02:29<52:58, 16.56s/it, Train loss=1.08, Train acc=0.389, Test loss=1.39, Test acc=0.464]
  4%|▍         | 9/200 [02:29<52:33, 16.51s/it, Train loss=1.08, Train acc=0.389, Test loss=1.39, Test acc=0.464]
  4%|▍         | 9/200 [02:46<52:33, 16.51s/it, Train loss=1.01, Train acc=0.364, Test loss=1.09, Test acc=0.407]
  5%|▌         | 10/200 [02:46<52:12, 16.49s/it, Train loss=1.01, Train acc=0.364, Test loss=1.09, Test acc=0.407]
  5%|▌         | 10/200 [03:02<52:12, 16.49s/it, Train loss=0.958, Train acc=0.343, Test loss=1.01, Test acc=0.37]
  6%|▌         | 11/200 [03:02<51:51, 16.46s/it, Train loss=0.958, Train acc=0.343, Test loss=1.01, Test acc=0.37]
  6%|▌         | 11/200 [03:19<51:51, 16.46s/it, Train loss=0.898, Train acc=0.322, Test loss=0.993, Test acc=0.352]
  6%|▌         | 12/200 [03:19<51:31, 16.44s/it, Train loss=0.898, Train acc=0.322, Test loss=0.993, Test acc=0.352]
  6%|▌         | 12/200 [03:35<51:31, 16.44s/it, Train loss=0.844, Train acc=0.298, Test loss=0.999, Test acc=0.359]
  6%|▋         | 13/200 [03:35<51:14, 16.44s/it, Train loss=0.844, Train acc=0.298, Test loss=0.999, Test acc=0.359]
  6%|▋         | 13/200 [03:51<51:14, 16.44s/it, Train loss=0.792, Train acc=0.28, Test loss=0.887, Test acc=0.314] 
  7%|▋         | 14/200 [03:51<50:53, 16.41s/it, Train loss=0.792, Train acc=0.28, Test loss=0.887, Test acc=0.314]
  7%|▋         | 14/200 [04:08<50:53, 16.41s/it, Train loss=0.758, Train acc=0.268, Test loss=0.814, Test acc=0.296]
  8%|▊         | 15/200 [04:08<50:35, 16.41s/it, Train loss=0.758, Train acc=0.268, Test loss=0.814, Test acc=0.296]
  8%|▊         | 15/200 [04:24<50:35, 16.41s/it, Train loss=0.721, Train acc=0.253, Test loss=1.01, Test acc=0.359] 
  8%|▊         | 16/200 [04:24<50:17, 16.40s/it, Train loss=0.721, Train acc=0.253, Test loss=1.01, Test acc=0.359]
  8%|▊         | 16/200 [04:41<50:17, 16.40s/it, Train loss=0.694, Train acc=0.244, Test loss=0.905, Test acc=0.327]
  8%|▊         | 17/200 [04:41<49:59, 16.39s/it, Train loss=0.694, Train acc=0.244, Test loss=0.905, Test acc=0.327]
  8%|▊         | 17/200 [04:57<49:59, 16.39s/it, Train loss=0.661, Train acc=0.233, Test loss=0.943, Test acc=0.334]
  9%|▉         | 18/200 [04:57<49:42, 16.39s/it, Train loss=0.661, Train acc=0.233, Test loss=0.943, Test acc=0.334]
  9%|▉         | 18/200 [05:13<49:42, 16.39s/it, Train loss=0.64, Train acc=0.225, Test loss=0.816, Test acc=0.284] 
 10%|▉         | 19/200 [05:13<49:24, 16.38s/it, Train loss=0.64, Train acc=0.225, Test loss=0.816, Test acc=0.284]
 10%|▉         | 19/200 [05:30<49:24, 16.38s/it, Train loss=0.611, Train acc=0.213, Test loss=0.759, Test acc=0.267]
 10%|█         | 20/200 [05:30<49:12, 16.40s/it, Train loss=0.611, Train acc=0.213, Test loss=0.759, Test acc=0.267]
 10%|█         | 20/200 [05:46<49:12, 16.40s/it, Train loss=0.596, Train acc=0.207, Test loss=0.764, Test acc=0.266]
 10%|█         | 21/200 [05:46<48:55, 16.40s/it, Train loss=0.596, Train acc=0.207, Test loss=0.764, Test acc=0.266]
 10%|█         | 21/200 [06:02<48:55, 16.40s/it, Train loss=0.573, Train acc=0.2, Test loss=0.747, Test acc=0.263]  
 11%|█         | 22/200 [06:02<48:39, 16.40s/it, Train loss=0.573, Train acc=0.2, Test loss=0.747, Test acc=0.263]
 11%|█         | 22/200 [06:19<48:39, 16.40s/it, Train loss=0.553, Train acc=0.194, Test loss=0.787, Test acc=0.271]
 12%|█▏        | 23/200 [06:19<48:21, 16.39s/it, Train loss=0.553, Train acc=0.194, Test loss=0.787, Test acc=0.271]
 12%|█▏        | 23/200 [06:35<48:21, 16.39s/it, Train loss=0.545, Train acc=0.191, Test loss=0.69, Test acc=0.243] 
 12%|█▏        | 24/200 [06:35<48:05, 16.40s/it, Train loss=0.545, Train acc=0.191, Test loss=0.69, Test acc=0.243]
 12%|█▏        | 24/200 [06:52<48:05, 16.40s/it, Train loss=0.528, Train acc=0.185, Test loss=0.615, Test acc=0.215]
 12%|█▎        | 25/200 [06:52<47:48, 16.39s/it, Train loss=0.528, Train acc=0.185, Test loss=0.615, Test acc=0.215]
 12%|█▎        | 25/200 [07:08<47:48, 16.39s/it, Train loss=0.509, Train acc=0.177, Test loss=0.9, Test acc=0.296]  
 13%|█▎        | 26/200 [07:08<47:36, 16.41s/it, Train loss=0.509, Train acc=0.177, Test loss=0.9, Test acc=0.296]
 13%|█▎        | 26/200 [07:25<47:36, 16.41s/it, Train loss=0.492, Train acc=0.171, Test loss=0.586, Test acc=0.206]
 14%|█▎        | 27/200 [07:25<47:19, 16.41s/it, Train loss=0.492, Train acc=0.171, Test loss=0.586, Test acc=0.206]
 14%|█▎        | 27/200 [07:41<47:19, 16.41s/it, Train loss=0.477, Train acc=0.165, Test loss=0.624, Test acc=0.214]
 14%|█▍        | 28/200 [07:41<47:00, 16.40s/it, Train loss=0.477, Train acc=0.165, Test loss=0.624, Test acc=0.214]
 14%|█▍        | 28/200 [07:57<47:00, 16.40s/it, Train loss=0.471, Train acc=0.165, Test loss=0.738, Test acc=0.247]
 14%|█▍        | 29/200 [07:57<46:42, 16.39s/it, Train loss=0.471, Train acc=0.165, Test loss=0.738, Test acc=0.247]
 14%|█▍        | 29/200 [08:14<46:42, 16.39s/it, Train loss=0.454, Train acc=0.159, Test loss=0.644, Test acc=0.223]
 15%|█▌        | 30/200 [08:14<46:23, 16.37s/it, Train loss=0.454, Train acc=0.159, Test loss=0.644, Test acc=0.223]
 15%|█▌        | 30/200 [08:30<46:23, 16.37s/it, Train loss=0.449, Train acc=0.158, Test loss=0.615, Test acc=0.213]
 16%|█▌        | 31/200 [08:30<46:06, 16.37s/it, Train loss=0.449, Train acc=0.158, Test loss=0.615, Test acc=0.213]
 16%|█▌        | 31/200 [08:46<46:06, 16.37s/it, Train loss=0.43, Train acc=0.15, Test loss=0.581, Test acc=0.203]  
 16%|█▌        | 32/200 [08:46<45:57, 16.41s/it, Train loss=0.43, Train acc=0.15, Test loss=0.581, Test acc=0.203]
 16%|█▌        | 32/200 [09:03<45:57, 16.41s/it, Train loss=0.421, Train acc=0.145, Test loss=0.622, Test acc=0.211]
 16%|█▋        | 33/200 [09:03<45:42, 16.42s/it, Train loss=0.421, Train acc=0.145, Test loss=0.622, Test acc=0.211]
 16%|█▋        | 33/200 [09:19<45:42, 16.42s/it, Train loss=0.415, Train acc=0.146, Test loss=0.707, Test acc=0.235]
 17%|█▋        | 34/200 [09:19<45:21, 16.40s/it, Train loss=0.415, Train acc=0.146, Test loss=0.707, Test acc=0.235]
 17%|█▋        | 34/200 [09:36<45:21, 16.40s/it, Train loss=0.404, Train acc=0.143, Test loss=0.511, Test acc=0.179]
 18%|█▊        | 35/200 [09:36<45:07, 16.41s/it, Train loss=0.404, Train acc=0.143, Test loss=0.511, Test acc=0.179]
 18%|█▊        | 35/200 [09:52<45:07, 16.41s/it, Train loss=0.39, Train acc=0.137, Test loss=0.577, Test acc=0.194] 
 18%|█▊        | 36/200 [09:52<44:48, 16.39s/it, Train loss=0.39, Train acc=0.137, Test loss=0.577, Test acc=0.194]
 18%|█▊        | 36/200 [10:08<44:48, 16.39s/it, Train loss=0.383, Train acc=0.134, Test loss=0.553, Test acc=0.19]
 18%|█▊        | 37/200 [10:08<44:29, 16.38s/it, Train loss=0.383, Train acc=0.134, Test loss=0.553, Test acc=0.19]
 18%|█▊        | 37/200 [10:25<44:29, 16.38s/it, Train loss=0.372, Train acc=0.128, Test loss=0.635, Test acc=0.212]
 19%|█▉        | 38/200 [10:25<44:12, 16.37s/it, Train loss=0.372, Train acc=0.128, Test loss=0.635, Test acc=0.212]
 19%|█▉        | 38/200 [10:41<44:12, 16.37s/it, Train loss=0.369, Train acc=0.129, Test loss=0.611, Test acc=0.21] 
 20%|█▉        | 39/200 [10:41<43:55, 16.37s/it, Train loss=0.369, Train acc=0.129, Test loss=0.611, Test acc=0.21]
 20%|█▉        | 39/200 [10:58<43:55, 16.37s/it, Train loss=0.359, Train acc=0.127, Test loss=0.689, Test acc=0.217]
 20%|██        | 40/200 [10:58<43:41, 16.39s/it, Train loss=0.359, Train acc=0.127, Test loss=0.689, Test acc=0.217]
 20%|██        | 40/200 [11:14<43:41, 16.39s/it, Train loss=0.351, Train acc=0.124, Test loss=0.514, Test acc=0.174]
 20%|██        | 41/200 [11:14<43:22, 16.37s/it, Train loss=0.351, Train acc=0.124, Test loss=0.514, Test acc=0.174]
 20%|██        | 41/200 [11:30<43:22, 16.37s/it, Train loss=0.342, Train acc=0.119, Test loss=0.503, Test acc=0.167]
 21%|██        | 42/200 [11:30<43:04, 16.36s/it, Train loss=0.342, Train acc=0.119, Test loss=0.503, Test acc=0.167]
 21%|██        | 42/200 [11:47<43:04, 16.36s/it, Train loss=0.336, Train acc=0.117, Test loss=0.6, Test acc=0.197]  
 22%|██▏       | 43/200 [11:47<42:45, 16.34s/it, Train loss=0.336, Train acc=0.117, Test loss=0.6, Test acc=0.197]
 22%|██▏       | 43/200 [12:03<42:45, 16.34s/it, Train loss=0.33, Train acc=0.116, Test loss=0.478, Test acc=0.161]
 22%|██▏       | 44/200 [12:03<42:27, 16.33s/it, Train loss=0.33, Train acc=0.116, Test loss=0.478, Test acc=0.161]
 22%|██▏       | 44/200 [12:19<42:27, 16.33s/it, Train loss=0.321, Train acc=0.111, Test loss=0.419, Test acc=0.139]
 22%|██▎       | 45/200 [12:19<42:11, 16.33s/it, Train loss=0.321, Train acc=0.111, Test loss=0.419, Test acc=0.139]
 22%|██▎       | 45/200 [12:35<42:11, 16.33s/it, Train loss=0.316, Train acc=0.111, Test loss=0.518, Test acc=0.172]
 23%|██▎       | 46/200 [12:35<41:54, 16.33s/it, Train loss=0.316, Train acc=0.111, Test loss=0.518, Test acc=0.172]
 23%|██▎       | 46/200 [12:52<41:54, 16.33s/it, Train loss=0.31, Train acc=0.109, Test loss=0.658, Test acc=0.208] 
 24%|██▎       | 47/200 [12:52<41:41, 16.35s/it, Train loss=0.31, Train acc=0.109, Test loss=0.658, Test acc=0.208]
 24%|██▎       | 47/200 [13:08<41:41, 16.35s/it, Train loss=0.302, Train acc=0.106, Test loss=0.488, Test acc=0.16]
 24%|██▍       | 48/200 [13:08<41:24, 16.35s/it, Train loss=0.302, Train acc=0.106, Test loss=0.488, Test acc=0.16]
 24%|██▍       | 48/200 [13:25<41:24, 16.35s/it, Train loss=0.298, Train acc=0.103, Test loss=0.499, Test acc=0.165]
 24%|██▍       | 49/200 [13:25<41:07, 16.34s/it, Train loss=0.298, Train acc=0.103, Test loss=0.499, Test acc=0.165]
 24%|██▍       | 49/200 [13:41<41:07, 16.34s/it, Train loss=0.29, Train acc=0.102, Test loss=0.64, Test acc=0.203]  
 25%|██▌       | 50/200 [13:41<40:49, 16.33s/it, Train loss=0.29, Train acc=0.102, Test loss=0.64, Test acc=0.203]
 25%|██▌       | 50/200 [13:57<40:49, 16.33s/it, Train loss=0.28, Train acc=0.0978, Test loss=0.469, Test acc=0.155]
 26%|██▌       | 51/200 [13:57<40:33, 16.33s/it, Train loss=0.28, Train acc=0.0978, Test loss=0.469, Test acc=0.155]
 26%|██▌       | 51/200 [14:14<40:33, 16.33s/it, Train loss=0.277, Train acc=0.0969, Test loss=0.527, Test acc=0.177]
 26%|██▌       | 52/200 [14:14<40:18, 16.34s/it, Train loss=0.277, Train acc=0.0969, Test loss=0.527, Test acc=0.177]
 26%|██▌       | 52/200 [14:30<40:18, 16.34s/it, Train loss=0.272, Train acc=0.0945, Test loss=0.533, Test acc=0.175]
 26%|██▋       | 53/200 [14:30<40:02, 16.34s/it, Train loss=0.272, Train acc=0.0945, Test loss=0.533, Test acc=0.175]
 26%|██▋       | 53/200 [14:46<40:02, 16.34s/it, Train loss=0.266, Train acc=0.0943, Test loss=0.488, Test acc=0.167]
 27%|██▋       | 54/200 [14:46<39:48, 16.36s/it, Train loss=0.266, Train acc=0.0943, Test loss=0.488, Test acc=0.167]
 27%|██▋       | 54/200 [15:03<39:48, 16.36s/it, Train loss=0.26, Train acc=0.0909, Test loss=0.521, Test acc=0.172] 
 28%|██▊       | 55/200 [15:03<39:32, 16.36s/it, Train loss=0.26, Train acc=0.0909, Test loss=0.521, Test acc=0.172]
 28%|██▊       | 55/200 [15:19<39:32, 16.36s/it, Train loss=0.251, Train acc=0.0877, Test loss=0.534, Test acc=0.174]
 28%|██▊       | 56/200 [15:19<39:15, 16.36s/it, Train loss=0.251, Train acc=0.0877, Test loss=0.534, Test acc=0.174]
 28%|██▊       | 56/200 [15:35<39:15, 16.36s/it, Train loss=0.25, Train acc=0.0875, Test loss=0.451, Test acc=0.147] 
 28%|██▊       | 57/200 [15:35<38:58, 16.35s/it, Train loss=0.25, Train acc=0.0875, Test loss=0.451, Test acc=0.147]
 28%|██▊       | 57/200 [15:52<38:58, 16.35s/it, Train loss=0.248, Train acc=0.0873, Test loss=0.558, Test acc=0.182]
 29%|██▉       | 58/200 [15:52<38:42, 16.36s/it, Train loss=0.248, Train acc=0.0873, Test loss=0.558, Test acc=0.182]
 29%|██▉       | 58/200 [16:08<38:42, 16.36s/it, Train loss=0.244, Train acc=0.0864, Test loss=0.503, Test acc=0.167]
 30%|██▉       | 59/200 [16:08<38:30, 16.39s/it, Train loss=0.244, Train acc=0.0864, Test loss=0.503, Test acc=0.167]
 30%|██▉       | 59/200 [16:25<38:30, 16.39s/it, Train loss=0.232, Train acc=0.0802, Test loss=0.405, Test acc=0.135]
 30%|███       | 60/200 [16:25<38:14, 16.39s/it, Train loss=0.232, Train acc=0.0802, Test loss=0.405, Test acc=0.135]
 30%|███       | 60/200 [16:41<38:14, 16.39s/it, Train loss=0.228, Train acc=0.0806, Test loss=0.405, Test acc=0.133]
 30%|███       | 61/200 [16:41<38:01, 16.42s/it, Train loss=0.228, Train acc=0.0806, Test loss=0.405, Test acc=0.133]
 30%|███       | 61/200 [16:57<38:01, 16.42s/it, Train loss=0.226, Train acc=0.0804, Test loss=0.447, Test acc=0.146]
 31%|███       | 62/200 [16:57<37:43, 16.40s/it, Train loss=0.226, Train acc=0.0804, Test loss=0.447, Test acc=0.146]
 31%|███       | 62/200 [17:14<37:43, 16.40s/it, Train loss=0.223, Train acc=0.079, Test loss=0.426, Test acc=0.141] 
 32%|███▏      | 63/200 [17:14<37:28, 16.41s/it, Train loss=0.223, Train acc=0.079, Test loss=0.426, Test acc=0.141]
 32%|███▏      | 63/200 [17:30<37:28, 16.41s/it, Train loss=0.22, Train acc=0.0779, Test loss=0.452, Test acc=0.143]
 32%|███▏      | 64/200 [17:30<37:09, 16.40s/it, Train loss=0.22, Train acc=0.0779, Test loss=0.452, Test acc=0.143]
 32%|███▏      | 64/200 [17:47<37:09, 16.40s/it, Train loss=0.218, Train acc=0.0766, Test loss=0.464, Test acc=0.145]
 32%|███▎      | 65/200 [17:47<36:51, 16.38s/it, Train loss=0.218, Train acc=0.0766, Test loss=0.464, Test acc=0.145]
 32%|███▎      | 65/200 [18:03<36:51, 16.38s/it, Train loss=0.209, Train acc=0.0743, Test loss=0.499, Test acc=0.155]
 33%|███▎      | 66/200 [18:03<36:34, 16.38s/it, Train loss=0.209, Train acc=0.0743, Test loss=0.499, Test acc=0.155]
 33%|███▎      | 66/200 [18:19<36:34, 16.38s/it, Train loss=0.208, Train acc=0.0729, Test loss=0.403, Test acc=0.133]
 34%|███▎      | 67/200 [18:19<36:22, 16.41s/it, Train loss=0.208, Train acc=0.0729, Test loss=0.403, Test acc=0.133]
