Files already downloaded and verified
Files already downloaded and verified
load resnet18...

  0%|          | 0/200 [00:00<?, ?it/s]
  0%|          | 0/200 [00:17<?, ?it/s, Train loss=2.2, Train acc=0.769, Test loss=1.92, Test acc=0.701]
  0%|          | 1/200 [00:17<57:20, 17.29s/it, Train loss=2.2, Train acc=0.769, Test loss=1.92, Test acc=0.701]
  0%|          | 1/200 [00:34<57:20, 17.29s/it, Train loss=1.79, Train acc=0.682, Test loss=1.76, Test acc=0.66]
  1%|          | 2/200 [00:34<56:24, 17.09s/it, Train loss=1.79, Train acc=0.682, Test loss=1.76, Test acc=0.66]
  1%|          | 2/200 [00:51<56:24, 17.09s/it, Train loss=1.66, Train acc=0.625, Test loss=1.6, Test acc=0.616]
  2%|▏         | 3/200 [00:51<55:58, 17.05s/it, Train loss=1.66, Train acc=0.625, Test loss=1.6, Test acc=0.616]
  2%|▏         | 3/200 [01:08<55:58, 17.05s/it, Train loss=1.56, Train acc=0.587, Test loss=1.69, Test acc=0.632]
  2%|▏         | 4/200 [01:08<55:38, 17.03s/it, Train loss=1.56, Train acc=0.587, Test loss=1.69, Test acc=0.632]
  2%|▏         | 4/200 [01:25<55:38, 17.03s/it, Train loss=1.48, Train acc=0.552, Test loss=1.72, Test acc=0.608]
  2%|▎         | 5/200 [01:25<55:21, 17.03s/it, Train loss=1.48, Train acc=0.552, Test loss=1.72, Test acc=0.608]
  2%|▎         | 5/200 [01:42<55:21, 17.03s/it, Train loss=1.41, Train acc=0.523, Test loss=1.58, Test acc=0.575]
  3%|▎         | 6/200 [01:42<55:11, 17.07s/it, Train loss=1.41, Train acc=0.523, Test loss=1.58, Test acc=0.575]
  3%|▎         | 6/200 [01:59<55:11, 17.07s/it, Train loss=1.34, Train acc=0.493, Test loss=1.4, Test acc=0.521] 
  4%|▎         | 7/200 [01:59<54:50, 17.05s/it, Train loss=1.34, Train acc=0.493, Test loss=1.4, Test acc=0.521]
  4%|▎         | 7/200 [02:16<54:50, 17.05s/it, Train loss=1.27, Train acc=0.466, Test loss=2.13, Test acc=0.583]
  4%|▍         | 8/200 [02:16<54:31, 17.04s/it, Train loss=1.27, Train acc=0.466, Test loss=2.13, Test acc=0.583]
  4%|▍         | 8/200 [02:33<54:31, 17.04s/it, Train loss=1.22, Train acc=0.449, Test loss=1.31, Test acc=0.48] 
  4%|▍         | 9/200 [02:33<54:10, 17.02s/it, Train loss=1.22, Train acc=0.449, Test loss=1.31, Test acc=0.48]
  4%|▍         | 9/200 [02:50<54:10, 17.02s/it, Train loss=1.16, Train acc=0.422, Test loss=1.29, Test acc=0.464]
  5%|▌         | 10/200 [02:50<53:50, 17.00s/it, Train loss=1.16, Train acc=0.422, Test loss=1.29, Test acc=0.464]
  5%|▌         | 10/200 [03:07<53:50, 17.00s/it, Train loss=1.12, Train acc=0.405, Test loss=1.08, Test acc=0.383]
  6%|▌         | 11/200 [03:07<53:28, 16.97s/it, Train loss=1.12, Train acc=0.405, Test loss=1.08, Test acc=0.383]
  6%|▌         | 11/200 [03:24<53:28, 16.97s/it, Train loss=1.08, Train acc=0.388, Test loss=1.08, Test acc=0.392]
  6%|▌         | 12/200 [03:24<53:08, 16.96s/it, Train loss=1.08, Train acc=0.388, Test loss=1.08, Test acc=0.392]
  6%|▌         | 12/200 [03:41<53:08, 16.96s/it, Train loss=1.02, Train acc=0.369, Test loss=1.07, Test acc=0.391]
  6%|▋         | 13/200 [03:41<52:55, 16.98s/it, Train loss=1.02, Train acc=0.369, Test loss=1.07, Test acc=0.391]
  6%|▋         | 13/200 [03:58<52:55, 16.98s/it, Train loss=0.978, Train acc=0.349, Test loss=1.23, Test acc=0.414]
  7%|▋         | 14/200 [03:58<52:35, 16.97s/it, Train loss=0.978, Train acc=0.349, Test loss=1.23, Test acc=0.414]
  7%|▋         | 14/200 [04:15<52:35, 16.97s/it, Train loss=0.941, Train acc=0.339, Test loss=0.982, Test acc=0.347]
  8%|▊         | 15/200 [04:15<52:17, 16.96s/it, Train loss=0.941, Train acc=0.339, Test loss=0.982, Test acc=0.347]
  8%|▊         | 15/200 [04:32<52:17, 16.96s/it, Train loss=0.908, Train acc=0.327, Test loss=1.07, Test acc=0.381] 
  8%|▊         | 16/200 [04:32<51:57, 16.94s/it, Train loss=0.908, Train acc=0.327, Test loss=1.07, Test acc=0.381]
  8%|▊         | 16/200 [04:49<51:57, 16.94s/it, Train loss=0.879, Train acc=0.312, Test loss=0.883, Test acc=0.311]
  8%|▊         | 17/200 [04:49<51:45, 16.97s/it, Train loss=0.879, Train acc=0.312, Test loss=0.883, Test acc=0.311]
  8%|▊         | 17/200 [05:06<51:45, 16.97s/it, Train loss=0.834, Train acc=0.296, Test loss=0.866, Test acc=0.308]
  9%|▉         | 18/200 [05:06<51:26, 16.96s/it, Train loss=0.834, Train acc=0.296, Test loss=0.866, Test acc=0.308]
  9%|▉         | 18/200 [05:22<51:26, 16.96s/it, Train loss=0.81, Train acc=0.287, Test loss=0.924, Test acc=0.319] 
 10%|▉         | 19/200 [05:22<51:07, 16.95s/it, Train loss=0.81, Train acc=0.287, Test loss=0.924, Test acc=0.319]
 10%|▉         | 19/200 [05:39<51:07, 16.95s/it, Train loss=0.783, Train acc=0.276, Test loss=0.93, Test acc=0.322]
 10%|█         | 20/200 [05:39<50:55, 16.97s/it, Train loss=0.783, Train acc=0.276, Test loss=0.93, Test acc=0.322]
 10%|█         | 20/200 [05:56<50:55, 16.97s/it, Train loss=0.764, Train acc=0.27, Test loss=0.941, Test acc=0.328]
 10%|█         | 21/200 [05:56<50:34, 16.95s/it, Train loss=0.764, Train acc=0.27, Test loss=0.941, Test acc=0.328]
 10%|█         | 21/200 [06:13<50:34, 16.95s/it, Train loss=0.736, Train acc=0.259, Test loss=0.807, Test acc=0.281]
 11%|█         | 22/200 [06:13<50:15, 16.94s/it, Train loss=0.736, Train acc=0.259, Test loss=0.807, Test acc=0.281]
 11%|█         | 22/200 [06:30<50:15, 16.94s/it, Train loss=0.715, Train acc=0.253, Test loss=0.857, Test acc=0.294]
 12%|█▏        | 23/200 [06:30<50:00, 16.95s/it, Train loss=0.715, Train acc=0.253, Test loss=0.857, Test acc=0.294]
 12%|█▏        | 23/200 [06:47<50:00, 16.95s/it, Train loss=0.696, Train acc=0.245, Test loss=0.75, Test acc=0.262] 
 12%|█▏        | 24/200 [06:47<49:41, 16.94s/it, Train loss=0.696, Train acc=0.245, Test loss=0.75, Test acc=0.262]
 12%|█▏        | 24/200 [07:04<49:41, 16.94s/it, Train loss=0.679, Train acc=0.239, Test loss=0.731, Test acc=0.26]
 12%|█▎        | 25/200 [07:04<49:28, 16.96s/it, Train loss=0.679, Train acc=0.239, Test loss=0.731, Test acc=0.26]
 12%|█▎        | 25/200 [07:21<49:28, 16.96s/it, Train loss=0.655, Train acc=0.23, Test loss=0.778, Test acc=0.274]
 13%|█▎        | 26/200 [07:21<49:16, 16.99s/it, Train loss=0.655, Train acc=0.23, Test loss=0.778, Test acc=0.274]
 13%|█▎        | 26/200 [07:38<49:16, 16.99s/it, Train loss=0.64, Train acc=0.223, Test loss=0.969, Test acc=0.323]
 14%|█▎        | 27/200 [07:38<48:57, 16.98s/it, Train loss=0.64, Train acc=0.223, Test loss=0.969, Test acc=0.323]
 14%|█▎        | 27/200 [07:55<48:57, 16.98s/it, Train loss=0.628, Train acc=0.22, Test loss=0.856, Test acc=0.277]
 14%|█▍        | 28/200 [07:55<48:37, 16.96s/it, Train loss=0.628, Train acc=0.22, Test loss=0.856, Test acc=0.277]
 14%|█▍        | 28/200 [08:12<48:37, 16.96s/it, Train loss=0.617, Train acc=0.218, Test loss=1.04, Test acc=0.343]
 14%|█▍        | 29/200 [08:12<48:16, 16.94s/it, Train loss=0.617, Train acc=0.218, Test loss=1.04, Test acc=0.343]
 14%|█▍        | 29/200 [08:29<48:16, 16.94s/it, Train loss=0.601, Train acc=0.211, Test loss=0.725, Test acc=0.241]
 15%|█▌        | 30/200 [08:29<47:56, 16.92s/it, Train loss=0.601, Train acc=0.211, Test loss=0.725, Test acc=0.241]
 15%|█▌        | 30/200 [08:46<47:56, 16.92s/it, Train loss=0.593, Train acc=0.208, Test loss=0.666, Test acc=0.224]
 16%|█▌        | 31/200 [08:46<47:39, 16.92s/it, Train loss=0.593, Train acc=0.208, Test loss=0.666, Test acc=0.224]
 16%|█▌        | 31/200 [09:03<47:39, 16.92s/it, Train loss=0.572, Train acc=0.2, Test loss=0.691, Test acc=0.236]  
 16%|█▌        | 32/200 [09:03<47:23, 16.92s/it, Train loss=0.572, Train acc=0.2, Test loss=0.691, Test acc=0.236]
 16%|█▌        | 32/200 [09:20<47:23, 16.92s/it, Train loss=0.567, Train acc=0.198, Test loss=0.801, Test acc=0.272]
 16%|█▋        | 33/200 [09:20<47:10, 16.95s/it, Train loss=0.567, Train acc=0.198, Test loss=0.801, Test acc=0.272]
 16%|█▋        | 33/200 [09:37<47:10, 16.95s/it, Train loss=0.555, Train acc=0.194, Test loss=0.647, Test acc=0.223]
 17%|█▋        | 34/200 [09:37<46:52, 16.94s/it, Train loss=0.555, Train acc=0.194, Test loss=0.647, Test acc=0.223]
 17%|█▋        | 34/200 [09:54<46:52, 16.94s/it, Train loss=0.537, Train acc=0.189, Test loss=0.729, Test acc=0.247]
 18%|█▊        | 35/200 [09:54<46:34, 16.94s/it, Train loss=0.537, Train acc=0.189, Test loss=0.729, Test acc=0.247]
 18%|█▊        | 35/200 [10:10<46:34, 16.94s/it, Train loss=0.528, Train acc=0.184, Test loss=0.636, Test acc=0.223]
 18%|█▊        | 36/200 [10:10<46:15, 16.92s/it, Train loss=0.528, Train acc=0.184, Test loss=0.636, Test acc=0.223]
 18%|█▊        | 36/200 [10:27<46:15, 16.92s/it, Train loss=0.519, Train acc=0.182, Test loss=0.597, Test acc=0.211]
 18%|█▊        | 37/200 [10:27<45:56, 16.91s/it, Train loss=0.519, Train acc=0.182, Test loss=0.597, Test acc=0.211]
 18%|█▊        | 37/200 [10:44<45:56, 16.91s/it, Train loss=0.506, Train acc=0.176, Test loss=0.679, Test acc=0.229]
 19%|█▉        | 38/200 [10:44<45:39, 16.91s/it, Train loss=0.506, Train acc=0.176, Test loss=0.679, Test acc=0.229]
 19%|█▉        | 38/200 [11:01<45:39, 16.91s/it, Train loss=0.5, Train acc=0.174, Test loss=0.845, Test acc=0.273]  
 20%|█▉        | 39/200 [11:01<45:22, 16.91s/it, Train loss=0.5, Train acc=0.174, Test loss=0.845, Test acc=0.273]
 20%|█▉        | 39/200 [11:18<45:22, 16.91s/it, Train loss=0.494, Train acc=0.173, Test loss=0.631, Test acc=0.211]
 20%|██        | 40/200 [11:18<45:09, 16.93s/it, Train loss=0.494, Train acc=0.173, Test loss=0.631, Test acc=0.211]
 20%|██        | 40/200 [11:35<45:09, 16.93s/it, Train loss=0.486, Train acc=0.171, Test loss=0.603, Test acc=0.209]
 20%|██        | 41/200 [11:35<44:50, 16.92s/it, Train loss=0.486, Train acc=0.171, Test loss=0.603, Test acc=0.209]
 20%|██        | 41/200 [11:52<44:50, 16.92s/it, Train loss=0.482, Train acc=0.168, Test loss=0.69, Test acc=0.225] 
 21%|██        | 42/200 [11:52<44:35, 16.93s/it, Train loss=0.482, Train acc=0.168, Test loss=0.69, Test acc=0.225]
 21%|██        | 42/200 [12:09<44:35, 16.93s/it, Train loss=0.47, Train acc=0.163, Test loss=0.651, Test acc=0.213]
 22%|██▏       | 43/200 [12:09<44:17, 16.93s/it, Train loss=0.47, Train acc=0.163, Test loss=0.651, Test acc=0.213]
 22%|██▏       | 43/200 [12:26<44:17, 16.93s/it, Train loss=0.471, Train acc=0.164, Test loss=0.574, Test acc=0.193]
 22%|██▏       | 44/200 [12:26<44:00, 16.93s/it, Train loss=0.471, Train acc=0.164, Test loss=0.574, Test acc=0.193]
 22%|██▏       | 44/200 [12:43<44:00, 16.93s/it, Train loss=0.449, Train acc=0.157, Test loss=0.636, Test acc=0.206]
 22%|██▎       | 45/200 [12:43<43:44, 16.93s/it, Train loss=0.449, Train acc=0.157, Test loss=0.636, Test acc=0.206]
 22%|██▎       | 45/200 [13:00<43:44, 16.93s/it, Train loss=0.446, Train acc=0.155, Test loss=0.601, Test acc=0.2]  
 23%|██▎       | 46/200 [13:00<43:28, 16.94s/it, Train loss=0.446, Train acc=0.155, Test loss=0.601, Test acc=0.2]
 23%|██▎       | 46/200 [13:17<43:28, 16.94s/it, Train loss=0.439, Train acc=0.154, Test loss=0.648, Test acc=0.218]
 24%|██▎       | 47/200 [13:17<43:14, 16.96s/it, Train loss=0.439, Train acc=0.154, Test loss=0.648, Test acc=0.218]
 24%|██▎       | 47/200 [13:34<43:14, 16.96s/it, Train loss=0.428, Train acc=0.149, Test loss=0.615, Test acc=0.204]
 24%|██▍       | 48/200 [13:34<42:55, 16.95s/it, Train loss=0.428, Train acc=0.149, Test loss=0.615, Test acc=0.204]
 24%|██▍       | 48/200 [13:51<42:55, 16.95s/it, Train loss=0.429, Train acc=0.149, Test loss=0.534, Test acc=0.18] 
 24%|██▍       | 49/200 [13:51<42:37, 16.94s/it, Train loss=0.429, Train acc=0.149, Test loss=0.534, Test acc=0.18]
 24%|██▍       | 49/200 [14:08<42:37, 16.94s/it, Train loss=0.422, Train acc=0.148, Test loss=0.646, Test acc=0.208]
 25%|██▌       | 50/200 [14:08<42:21, 16.94s/it, Train loss=0.422, Train acc=0.148, Test loss=0.646, Test acc=0.208]
 25%|██▌       | 50/200 [14:24<42:21, 16.94s/it, Train loss=0.411, Train acc=0.143, Test loss=0.491, Test acc=0.167]
 26%|██▌       | 51/200 [14:24<42:03, 16.94s/it, Train loss=0.411, Train acc=0.143, Test loss=0.491, Test acc=0.167]
 26%|██▌       | 51/200 [14:41<42:03, 16.94s/it, Train loss=0.403, Train acc=0.141, Test loss=0.63, Test acc=0.207] 
 26%|██▌       | 52/200 [14:41<41:46, 16.94s/it, Train loss=0.403, Train acc=0.141, Test loss=0.63, Test acc=0.207]
 26%|██▌       | 52/200 [14:58<41:46, 16.94s/it, Train loss=0.398, Train acc=0.138, Test loss=0.925, Test acc=0.275]
 26%|██▋       | 53/200 [14:58<41:27, 16.93s/it, Train loss=0.398, Train acc=0.138, Test loss=0.925, Test acc=0.275]
 26%|██▋       | 53/200 [15:15<41:27, 16.93s/it, Train loss=0.393, Train acc=0.137, Test loss=0.499, Test acc=0.169]
 27%|██▋       | 54/200 [15:15<41:17, 16.97s/it, Train loss=0.393, Train acc=0.137, Test loss=0.499, Test acc=0.169]
 27%|██▋       | 54/200 [15:32<41:17, 16.97s/it, Train loss=0.39, Train acc=0.137, Test loss=0.582, Test acc=0.197] 
 28%|██▊       | 55/200 [15:32<40:58, 16.95s/it, Train loss=0.39, Train acc=0.137, Test loss=0.582, Test acc=0.197]
 28%|██▊       | 55/200 [15:49<40:58, 16.95s/it, Train loss=0.38, Train acc=0.133, Test loss=0.513, Test acc=0.172]
 28%|██▊       | 56/200 [15:49<40:39, 16.94s/it, Train loss=0.38, Train acc=0.133, Test loss=0.513, Test acc=0.172]
 28%|██▊       | 56/200 [16:06<40:39, 16.94s/it, Train loss=0.372, Train acc=0.128, Test loss=0.505, Test acc=0.167]
 28%|██▊       | 57/200 [16:06<40:21, 16.93s/it, Train loss=0.372, Train acc=0.128, Test loss=0.505, Test acc=0.167]
 28%|██▊       | 57/200 [16:23<40:21, 16.93s/it, Train loss=0.37, Train acc=0.129, Test loss=0.504, Test acc=0.17]  
 29%|██▉       | 58/200 [16:23<40:05, 16.94s/it, Train loss=0.37, Train acc=0.129, Test loss=0.504, Test acc=0.17]
 29%|██▉       | 58/200 [16:40<40:05, 16.94s/it, Train loss=0.363, Train acc=0.126, Test loss=0.473, Test acc=0.159]
 30%|██▉       | 59/200 [16:40<39:48, 16.94s/it, Train loss=0.363, Train acc=0.126, Test loss=0.473, Test acc=0.159]
 30%|██▉       | 59/200 [16:57<39:48, 16.94s/it, Train loss=0.357, Train acc=0.123, Test loss=0.512, Test acc=0.168]
 30%|███       | 60/200 [16:57<39:30, 16.93s/it, Train loss=0.357, Train acc=0.123, Test loss=0.512, Test acc=0.168]
 30%|███       | 60/200 [17:14<39:30, 16.93s/it, Train loss=0.349, Train acc=0.12, Test loss=0.518, Test acc=0.17]  
 30%|███       | 61/200 [17:14<39:17, 16.96s/it, Train loss=0.349, Train acc=0.12, Test loss=0.518, Test acc=0.17]
 30%|███       | 61/200 [17:31<39:17, 16.96s/it, Train loss=0.344, Train acc=0.119, Test loss=0.517, Test acc=0.175]
 31%|███       | 62/200 [17:31<39:00, 16.96s/it, Train loss=0.344, Train acc=0.119, Test loss=0.517, Test acc=0.175]
 31%|███       | 62/200 [17:48<39:00, 16.96s/it, Train loss=0.343, Train acc=0.12, Test loss=0.628, Test acc=0.194] 
 32%|███▏      | 63/200 [17:48<38:43, 16.96s/it, Train loss=0.343, Train acc=0.12, Test loss=0.628, Test acc=0.194]
 32%|███▏      | 63/200 [18:05<38:43, 16.96s/it, Train loss=0.341, Train acc=0.119, Test loss=0.511, Test acc=0.166]
 32%|███▏      | 64/200 [18:05<38:24, 16.94s/it, Train loss=0.341, Train acc=0.119, Test loss=0.511, Test acc=0.166]
 32%|███▏      | 64/200 [18:22<38:24, 16.94s/it, Train loss=0.336, Train acc=0.117, Test loss=0.462, Test acc=0.156]
 32%|███▎      | 65/200 [18:22<38:08, 16.95s/it, Train loss=0.336, Train acc=0.117, Test loss=0.462, Test acc=0.156]
 32%|███▎      | 65/200 [18:39<38:08, 16.95s/it, Train loss=0.326, Train acc=0.114, Test loss=0.478, Test acc=0.158]
 33%|███▎      | 66/200 [18:39<37:50, 16.94s/it, Train loss=0.326, Train acc=0.114, Test loss=0.478, Test acc=0.158]
 33%|███▎      | 66/200 [18:56<37:50, 16.94s/it, Train loss=0.324, Train acc=0.114, Test loss=0.465, Test acc=0.153]
 34%|███▎      | 67/200 [18:56<37:36, 16.97s/it, Train loss=0.324, Train acc=0.114, Test loss=0.465, Test acc=0.153]
 34%|███▎      | 67/200 [19:13<37:36, 16.97s/it, Train loss=0.316, Train acc=0.111, Test loss=0.501, Test acc=0.159]
 34%|███▍      | 68/200 [19:13<37:15, 16.93s/it, Train loss=0.316, Train acc=0.111, Test loss=0.501, Test acc=0.159]
 34%|███▍      | 68/200 [19:29<37:15, 16.93s/it, Train loss=0.311, Train acc=0.109, Test loss=0.494, Test acc=0.166]
 34%|███▍      | 69/200 [19:29<36:57, 16.93s/it, Train loss=0.311, Train acc=0.109, Test loss=0.494, Test acc=0.166]
 34%|███▍      | 69/200 [19:46<36:57, 16.93s/it, Train loss=0.314, Train acc=0.11, Test loss=0.433, Test acc=0.146] 
 35%|███▌      | 70/200 [19:46<36:39, 16.92s/it, Train loss=0.314, Train acc=0.11, Test loss=0.433, Test acc=0.146]
 35%|███▌      | 70/200 [20:03<36:39, 16.92s/it, Train loss=0.304, Train acc=0.107, Test loss=0.462, Test acc=0.152]
 36%|███▌      | 71/200 [20:03<36:22, 16.92s/it, Train loss=0.304, Train acc=0.107, Test loss=0.462, Test acc=0.152]
 36%|███▌      | 71/200 [20:20<36:22, 16.92s/it, Train loss=0.298, Train acc=0.104, Test loss=0.397, Test acc=0.132]
 36%|███▌      | 72/200 [20:20<36:12, 16.97s/it, Train loss=0.298, Train acc=0.104, Test loss=0.397, Test acc=0.132]
 36%|███▌      | 72/200 [20:37<36:12, 16.97s/it, Train loss=0.294, Train acc=0.103, Test loss=0.449, Test acc=0.144]
 36%|███▋      | 73/200 [20:37<35:54, 16.96s/it, Train loss=0.294, Train acc=0.103, Test loss=0.449, Test acc=0.144]
 36%|███▋      | 73/200 [20:54<35:54, 16.96s/it, Train loss=0.298, Train acc=0.105, Test loss=0.444, Test acc=0.144]
 37%|███▋      | 74/200 [20:54<35:34, 16.94s/it, Train loss=0.298, Train acc=0.105, Test loss=0.444, Test acc=0.144]
 37%|███▋      | 74/200 [21:11<35:34, 16.94s/it, Train loss=0.288, Train acc=0.101, Test loss=0.497, Test acc=0.163]
 38%|███▊      | 75/200 [21:11<35:14, 16.92s/it, Train loss=0.288, Train acc=0.101, Test loss=0.497, Test acc=0.163]
 38%|███▊      | 75/200 [21:28<35:14, 16.92s/it, Train loss=0.285, Train acc=0.101, Test loss=0.43, Test acc=0.14]  
 38%|███▊      | 76/200 [21:28<34:54, 16.89s/it, Train loss=0.285, Train acc=0.101, Test loss=0.43, Test acc=0.14]
 38%|███▊      | 76/200 [21:45<34:54, 16.89s/it, Train loss=0.281, Train acc=0.0991, Test loss=0.454, Test acc=0.153]
 38%|███▊      | 77/200 [21:45<34:34, 16.87s/it, Train loss=0.281, Train acc=0.0991, Test loss=0.454, Test acc=0.153]
 38%|███▊      | 77/200 [22:02<34:34, 16.87s/it, Train loss=0.285, Train acc=0.0992, Test loss=0.569, Test acc=0.169]
 39%|███▉      | 78/200 [22:02<34:17, 16.86s/it, Train loss=0.285, Train acc=0.0992, Test loss=0.569, Test acc=0.169]
 39%|███▉      | 78/200 [22:18<34:17, 16.86s/it, Train loss=0.278, Train acc=0.0967, Test loss=0.521, Test acc=0.163]
 40%|███▉      | 79/200 [22:18<34:00, 16.87s/it, Train loss=0.278, Train acc=0.0967, Test loss=0.521, Test acc=0.163]
 40%|███▉      | 79/200 [22:35<34:00, 16.87s/it, Train loss=0.269, Train acc=0.0939, Test loss=0.445, Test acc=0.149]
 40%|████      | 80/200 [22:35<33:41, 16.85s/it, Train loss=0.269, Train acc=0.0939, Test loss=0.445, Test acc=0.149]
 40%|████      | 80/200 [22:52<33:41, 16.85s/it, Train loss=0.27, Train acc=0.0946, Test loss=0.395, Test acc=0.132] 
 40%|████      | 81/200 [22:52<33:26, 16.86s/it, Train loss=0.27, Train acc=0.0946, Test loss=0.395, Test acc=0.132]
 40%|████      | 81/200 [23:09<33:26, 16.86s/it, Train loss=0.259, Train acc=0.0931, Test loss=0.403, Test acc=0.131]
 41%|████      | 82/200 [23:09<33:09, 16.86s/it, Train loss=0.259, Train acc=0.0931, Test loss=0.403, Test acc=0.131]
 41%|████      | 82/200 [23:26<33:09, 16.86s/it, Train loss=0.261, Train acc=0.0922, Test loss=0.446, Test acc=0.143]
 42%|████▏     | 83/200 [23:26<32:51, 16.85s/it, Train loss=0.261, Train acc=0.0922, Test loss=0.446, Test acc=0.143]
 42%|████▏     | 83/200 [23:43<32:51, 16.85s/it, Train loss=0.253, Train acc=0.0877, Test loss=0.396, Test acc=0.128]
 42%|████▏     | 84/200 [23:43<32:31, 16.82s/it, Train loss=0.253, Train acc=0.0877, Test loss=0.396, Test acc=0.128]
 42%|████▏     | 84/200 [23:59<32:31, 16.82s/it, Train loss=0.249, Train acc=0.0877, Test loss=0.445, Test acc=0.141]
 42%|████▎     | 85/200 [23:59<32:13, 16.82s/it, Train loss=0.249, Train acc=0.0877, Test loss=0.445, Test acc=0.141]
 42%|████▎     | 85/200 [24:16<32:13, 16.82s/it, Train loss=0.248, Train acc=0.087, Test loss=0.452, Test acc=0.146] 
 43%|████▎     | 86/200 [24:16<31:59, 16.84s/it, Train loss=0.248, Train acc=0.087, Test loss=0.452, Test acc=0.146]
 43%|████▎     | 86/200 [24:33<31:59, 16.84s/it, Train loss=0.246, Train acc=0.0862, Test loss=0.483, Test acc=0.148]
 44%|████▎     | 87/200 [24:33<31:42, 16.84s/it, Train loss=0.246, Train acc=0.0862, Test loss=0.483, Test acc=0.148]
 44%|████▎     | 87/200 [24:50<31:42, 16.84s/it, Train loss=0.235, Train acc=0.083, Test loss=0.423, Test acc=0.135] 
 44%|████▍     | 88/200 [24:50<31:29, 16.87s/it, Train loss=0.235, Train acc=0.083, Test loss=0.423, Test acc=0.135]
 44%|████▍     | 88/200 [25:07<31:29, 16.87s/it, Train loss=0.231, Train acc=0.08, Test loss=0.407, Test acc=0.126] 
 44%|████▍     | 89/200 [25:07<31:10, 16.85s/it, Train loss=0.231, Train acc=0.08, Test loss=0.407, Test acc=0.126]
 44%|████▍     | 89/200 [25:24<31:10, 16.85s/it, Train loss=0.232, Train acc=0.0816, Test loss=0.409, Test acc=0.13]
 45%|████▌     | 90/200 [25:24<30:52, 16.84s/it, Train loss=0.232, Train acc=0.0816, Test loss=0.409, Test acc=0.13]
 45%|████▌     | 90/200 [25:41<30:52, 16.84s/it, Train loss=0.229, Train acc=0.0808, Test loss=0.49, Test acc=0.15] 
 46%|████▌     | 91/200 [25:41<30:35, 16.84s/it, Train loss=0.229, Train acc=0.0808, Test loss=0.49, Test acc=0.15]
 46%|████▌     | 91/200 [25:57<30:35, 16.84s/it, Train loss=0.224, Train acc=0.0784, Test loss=0.442, Test acc=0.138]
 46%|████▌     | 92/200 [25:57<30:16, 16.82s/it, Train loss=0.224, Train acc=0.0784, Test loss=0.442, Test acc=0.138]
 46%|████▌     | 92/200 [26:14<30:16, 16.82s/it, Train loss=0.229, Train acc=0.0805, Test loss=0.383, Test acc=0.125]
 46%|████▋     | 93/200 [26:14<29:58, 16.81s/it, Train loss=0.229, Train acc=0.0805, Test loss=0.383, Test acc=0.125]
 46%|████▋     | 93/200 [26:31<29:58, 16.81s/it, Train loss=0.22, Train acc=0.077, Test loss=0.441, Test acc=0.136]  
 47%|████▋     | 94/200 [26:31<29:43, 16.82s/it, Train loss=0.22, Train acc=0.077, Test loss=0.441, Test acc=0.136]
 47%|████▋     | 94/200 [26:48<29:43, 16.82s/it, Train loss=0.217, Train acc=0.0767, Test loss=0.473, Test acc=0.14]
 48%|████▊     | 95/200 [26:48<29:28, 16.84s/it, Train loss=0.217, Train acc=0.0767, Test loss=0.473, Test acc=0.14]
 48%|████▊     | 95/200 [27:05<29:28, 16.84s/it, Train loss=0.218, Train acc=0.0771, Test loss=0.415, Test acc=0.129]
 48%|████▊     | 96/200 [27:05<29:09, 16.82s/it, Train loss=0.218, Train acc=0.0771, Test loss=0.415, Test acc=0.129]
 48%|████▊     | 96/200 [27:21<29:09, 16.82s/it, Train loss=0.211, Train acc=0.0748, Test loss=0.471, Test acc=0.138]
 48%|████▊     | 97/200 [27:21<28:51, 16.81s/it, Train loss=0.211, Train acc=0.0748, Test loss=0.471, Test acc=0.138]
 48%|████▊     | 97/200 [27:38<28:51, 16.81s/it, Train loss=0.207, Train acc=0.0728, Test loss=0.389, Test acc=0.119]
 49%|████▉     | 98/200 [27:38<28:35, 16.82s/it, Train loss=0.207, Train acc=0.0728, Test loss=0.389, Test acc=0.119]
 49%|████▉     | 98/200 [27:55<28:35, 16.82s/it, Train loss=0.204, Train acc=0.0714, Test loss=0.379, Test acc=0.118]
 50%|████▉     | 99/200 [27:55<28:18, 16.81s/it, Train loss=0.204, Train acc=0.0714, Test loss=0.379, Test acc=0.118]
 50%|████▉     | 99/200 [28:12<28:18, 16.81s/it, Train loss=0.204, Train acc=0.0725, Test loss=0.419, Test acc=0.128]
 50%|█████     | 100/200 [28:12<28:01, 16.81s/it, Train loss=0.204, Train acc=0.0725, Test loss=0.419, Test acc=0.128]
 50%|█████     | 100/200 [28:29<28:01, 16.81s/it, Train loss=0.205, Train acc=0.0736, Test loss=0.362, Test acc=0.115]
 50%|█████     | 101/200 [28:29<27:47, 16.84s/it, Train loss=0.205, Train acc=0.0736, Test loss=0.362, Test acc=0.115]
 50%|█████     | 101/200 [28:46<27:47, 16.84s/it, Train loss=0.196, Train acc=0.0689, Test loss=0.403, Test acc=0.124]
 51%|█████     | 102/200 [28:46<27:29, 16.83s/it, Train loss=0.196, Train acc=0.0689, Test loss=0.403, Test acc=0.124]
 51%|█████     | 102/200 [29:02<27:29, 16.83s/it, Train loss=0.199, Train acc=0.0701, Test loss=0.393, Test acc=0.122]
 52%|█████▏    | 103/200 [29:02<27:11, 16.82s/it, Train loss=0.199, Train acc=0.0701, Test loss=0.393, Test acc=0.122]
 52%|█████▏    | 103/200 [29:19<27:11, 16.82s/it, Train loss=0.192, Train acc=0.0685, Test loss=0.412, Test acc=0.126]
 52%|█████▏    | 104/200 [29:19<26:55, 16.83s/it, Train loss=0.192, Train acc=0.0685, Test loss=0.412, Test acc=0.126]
 52%|█████▏    | 104/200 [29:36<26:55, 16.83s/it, Train loss=0.197, Train acc=0.0686, Test loss=0.379, Test acc=0.12] 
 52%|█████▎    | 105/200 [29:36<26:38, 16.83s/it, Train loss=0.197, Train acc=0.0686, Test loss=0.379, Test acc=0.12]
 52%|█████▎    | 105/200 [29:53<26:38, 16.83s/it, Train loss=0.181, Train acc=0.0624, Test loss=0.369, Test acc=0.114]
 53%|█████▎    | 106/200 [29:53<26:21, 16.83s/it, Train loss=0.181, Train acc=0.0624, Test loss=0.369, Test acc=0.114]
 53%|█████▎    | 106/200 [30:10<26:21, 16.83s/it, Train loss=0.181, Train acc=0.0649, Test loss=0.375, Test acc=0.116]
 54%|█████▎    | 107/200 [30:10<26:03, 16.81s/it, Train loss=0.181, Train acc=0.0649, Test loss=0.375, Test acc=0.116]
 54%|█████▎    | 107/200 [30:27<26:03, 16.81s/it, Train loss=0.179, Train acc=0.0628, Test loss=0.383, Test acc=0.116]
 54%|█████▍    | 108/200 [30:27<25:50, 16.85s/it, Train loss=0.179, Train acc=0.0628, Test loss=0.383, Test acc=0.116]
 54%|█████▍    | 108/200 [30:43<25:50, 16.85s/it, Train loss=0.179, Train acc=0.0633, Test loss=0.384, Test acc=0.12] 
 55%|█████▍    | 109/200 [30:43<25:32, 16.84s/it, Train loss=0.179, Train acc=0.0633, Test loss=0.384, Test acc=0.12]
 55%|█████▍    | 109/200 [31:00<25:32, 16.84s/it, Train loss=0.177, Train acc=0.0628, Test loss=0.395, Test acc=0.118]
 55%|█████▌    | 110/200 [31:00<25:14, 16.82s/it, Train loss=0.177, Train acc=0.0628, Test loss=0.395, Test acc=0.118]
 55%|█████▌    | 110/200 [31:17<25:14, 16.82s/it, Train loss=0.166, Train acc=0.0583, Test loss=0.383, Test acc=0.116]
 56%|█████▌    | 111/200 [31:17<24:57, 16.83s/it, Train loss=0.166, Train acc=0.0583, Test loss=0.383, Test acc=0.116]
 56%|█████▌    | 111/200 [31:34<24:57, 16.83s/it, Train loss=0.172, Train acc=0.0609, Test loss=0.397, Test acc=0.12] 
 56%|█████▌    | 112/200 [31:34<24:42, 16.85s/it, Train loss=0.172, Train acc=0.0609, Test loss=0.397, Test acc=0.12]
 56%|█████▌    | 112/200 [31:51<24:42, 16.85s/it, Train loss=0.169, Train acc=0.0597, Test loss=0.374, Test acc=0.115]
 56%|█████▋    | 113/200 [31:51<24:24, 16.83s/it, Train loss=0.169, Train acc=0.0597, Test loss=0.374, Test acc=0.115]
 56%|█████▋    | 113/200 [32:08<24:24, 16.83s/it, Train loss=0.168, Train acc=0.0591, Test loss=0.386, Test acc=0.116]
 57%|█████▋    | 114/200 [32:08<24:07, 16.83s/it, Train loss=0.168, Train acc=0.0591, Test loss=0.386, Test acc=0.116]
 57%|█████▋    | 114/200 [32:24<24:07, 16.83s/it, Train loss=0.156, Train acc=0.0557, Test loss=0.377, Test acc=0.111]
 57%|█████▊    | 115/200 [32:24<23:52, 16.86s/it, Train loss=0.156, Train acc=0.0557, Test loss=0.377, Test acc=0.111]
 57%|█████▊    | 115/200 [32:41<23:52, 16.86s/it, Train loss=0.16, Train acc=0.0562, Test loss=0.37, Test acc=0.111]  
 58%|█████▊    | 116/200 [32:41<23:30, 16.79s/it, Train loss=0.16, Train acc=0.0562, Test loss=0.37, Test acc=0.111]
 58%|█████▊    | 116/200 [32:58<23:30, 16.79s/it, Train loss=0.155, Train acc=0.0549, Test loss=0.367, Test acc=0.112]
 58%|█████▊    | 117/200 [32:58<23:13, 16.78s/it, Train loss=0.155, Train acc=0.0549, Test loss=0.367, Test acc=0.112]
 58%|█████▊    | 117/200 [33:15<23:13, 16.78s/it, Train loss=0.157, Train acc=0.0557, Test loss=0.399, Test acc=0.123]
 59%|█████▉    | 118/200 [33:15<22:53, 16.75s/it, Train loss=0.157, Train acc=0.0557, Test loss=0.399, Test acc=0.123]
 59%|█████▉    | 118/200 [33:31<22:53, 16.75s/it, Train loss=0.151, Train acc=0.0538, Test loss=0.402, Test acc=0.122]
 60%|█████▉    | 119/200 [33:31<22:37, 16.76s/it, Train loss=0.151, Train acc=0.0538, Test loss=0.402, Test acc=0.122]
 60%|█████▉    | 119/200 [33:48<22:37, 16.76s/it, Train loss=0.148, Train acc=0.052, Test loss=0.357, Test acc=0.107] 
 60%|██████    | 120/200 [33:48<22:18, 16.73s/it, Train loss=0.148, Train acc=0.052, Test loss=0.357, Test acc=0.107]
 60%|██████    | 120/200 [34:05<22:18, 16.73s/it, Train loss=0.145, Train acc=0.0505, Test loss=0.355, Test acc=0.109]
 60%|██████    | 121/200 [34:05<22:01, 16.72s/it, Train loss=0.145, Train acc=0.0505, Test loss=0.355, Test acc=0.109]
 60%|██████    | 121/200 [34:22<22:01, 16.72s/it, Train loss=0.14, Train acc=0.0488, Test loss=0.358, Test acc=0.103] 
 61%|██████    | 122/200 [34:22<21:48, 16.77s/it, Train loss=0.14, Train acc=0.0488, Test loss=0.358, Test acc=0.103]
 61%|██████    | 122/200 [34:38<21:48, 16.77s/it, Train loss=0.137, Train acc=0.0485, Test loss=0.365, Test acc=0.105]
 62%|██████▏   | 123/200 [34:38<21:34, 16.81s/it, Train loss=0.137, Train acc=0.0485, Test loss=0.365, Test acc=0.105]
 62%|██████▏   | 123/200 [34:55<21:34, 16.81s/it, Train loss=0.132, Train acc=0.0465, Test loss=0.351, Test acc=0.104]
 62%|██████▏   | 124/200 [34:55<21:17, 16.81s/it, Train loss=0.132, Train acc=0.0465, Test loss=0.351, Test acc=0.104]
 62%|██████▏   | 124/200 [35:12<21:17, 16.81s/it, Train loss=0.137, Train acc=0.0484, Test loss=0.37, Test acc=0.11]  
 62%|██████▎   | 125/200 [35:12<21:00, 16.80s/it, Train loss=0.137, Train acc=0.0484, Test loss=0.37, Test acc=0.11]
 62%|██████▎   | 125/200 [35:29<21:00, 16.80s/it, Train loss=0.134, Train acc=0.0472, Test loss=0.378, Test acc=0.111]
 63%|██████▎   | 126/200 [35:29<20:41, 16.77s/it, Train loss=0.134, Train acc=0.0472, Test loss=0.378, Test acc=0.111]
 63%|██████▎   | 126/200 [35:46<20:41, 16.77s/it, Train loss=0.131, Train acc=0.0459, Test loss=0.349, Test acc=0.105]
 64%|██████▎   | 127/200 [35:46<20:25, 16.79s/it, Train loss=0.131, Train acc=0.0459, Test loss=0.349, Test acc=0.105]
 64%|██████▎   | 127/200 [36:03<20:25, 16.79s/it, Train loss=0.123, Train acc=0.0425, Test loss=0.354, Test acc=0.105]
 64%|██████▍   | 128/200 [36:03<20:15, 16.88s/it, Train loss=0.123, Train acc=0.0425, Test loss=0.354, Test acc=0.105]
 64%|██████▍   | 128/200 [36:20<20:15, 16.88s/it, Train loss=0.12, Train acc=0.0428, Test loss=0.364, Test acc=0.106] 
 64%|██████▍   | 129/200 [36:20<20:00, 16.90s/it, Train loss=0.12, Train acc=0.0428, Test loss=0.364, Test acc=0.106]
 64%|██████▍   | 129/200 [36:37<20:00, 16.90s/it, Train loss=0.117, Train acc=0.0426, Test loss=0.348, Test acc=0.104]
 65%|██████▌   | 130/200 [36:37<19:43, 16.91s/it, Train loss=0.117, Train acc=0.0426, Test loss=0.348, Test acc=0.104]
 65%|██████▌   | 130/200 [36:53<19:43, 16.91s/it, Train loss=0.118, Train acc=0.0414, Test loss=0.402, Test acc=0.114]
 66%|██████▌   | 131/200 [36:53<19:26, 16.90s/it, Train loss=0.118, Train acc=0.0414, Test loss=0.402, Test acc=0.114]
 66%|██████▌   | 131/200 [37:10<19:26, 16.90s/it, Train loss=0.115, Train acc=0.0407, Test loss=0.377, Test acc=0.103]
 66%|██████▌   | 132/200 [37:10<19:09, 16.90s/it, Train loss=0.115, Train acc=0.0407, Test loss=0.377, Test acc=0.103]
 66%|██████▌   | 132/200 [37:27<19:09, 16.90s/it, Train loss=0.113, Train acc=0.0392, Test loss=0.359, Test acc=0.103]
 66%|██████▋   | 133/200 [37:27<18:50, 16.88s/it, Train loss=0.113, Train acc=0.0392, Test loss=0.359, Test acc=0.103]
 66%|██████▋   | 133/200 [37:44<18:50, 16.88s/it, Train loss=0.114, Train acc=0.0399, Test loss=0.372, Test acc=0.109]
 67%|██████▋   | 134/200 [37:44<18:33, 16.87s/it, Train loss=0.114, Train acc=0.0399, Test loss=0.372, Test acc=0.109]
 67%|██████▋   | 134/200 [38:01<18:33, 16.87s/it, Train loss=0.113, Train acc=0.0397, Test loss=0.362, Test acc=0.105]
 68%|██████▊   | 135/200 [38:01<18:17, 16.88s/it, Train loss=0.113, Train acc=0.0397, Test loss=0.362, Test acc=0.105]
 68%|██████▊   | 135/200 [38:18<18:17, 16.88s/it, Train loss=0.11, Train acc=0.0389, Test loss=0.356, Test acc=0.103] 
 68%|██████▊   | 136/200 [38:18<18:00, 16.89s/it, Train loss=0.11, Train acc=0.0389, Test loss=0.356, Test acc=0.103]
 68%|██████▊   | 136/200 [38:35<18:00, 16.89s/it, Train loss=0.108, Train acc=0.0378, Test loss=0.355, Test acc=0.102]
 68%|██████▊   | 137/200 [38:35<17:43, 16.88s/it, Train loss=0.108, Train acc=0.0378, Test loss=0.355, Test acc=0.102]
 68%|██████▊   | 137/200 [38:51<17:43, 16.88s/it, Train loss=0.105, Train acc=0.0371, Test loss=0.365, Test acc=0.104]
 69%|██████▉   | 138/200 [38:51<17:24, 16.85s/it, Train loss=0.105, Train acc=0.0371, Test loss=0.365, Test acc=0.104]
 69%|██████▉   | 138/200 [39:08<17:24, 16.85s/it, Train loss=0.0995, Train acc=0.0356, Test loss=0.355, Test acc=0.0993]
 70%|██████▉   | 139/200 [39:08<17:08, 16.86s/it, Train loss=0.0995, Train acc=0.0356, Test loss=0.355, Test acc=0.0993]
 70%|██████▉   | 139/200 [39:25<17:08, 16.86s/it, Train loss=0.0986, Train acc=0.0341, Test loss=0.363, Test acc=0.103] 
 70%|███████   | 140/200 [39:25<16:50, 16.85s/it, Train loss=0.0986, Train acc=0.0341, Test loss=0.363, Test acc=0.103]
 70%|███████   | 140/200 [39:42<16:50, 16.85s/it, Train loss=0.0994, Train acc=0.0354, Test loss=0.358, Test acc=0.103]
 70%|███████   | 141/200 [39:42<16:32, 16.83s/it, Train loss=0.0994, Train acc=0.0354, Test loss=0.358, Test acc=0.103]
 70%|███████   | 141/200 [39:59<16:32, 16.83s/it, Train loss=0.101, Train acc=0.0357, Test loss=0.357, Test acc=0.103] 
 71%|███████   | 142/200 [39:59<16:17, 16.86s/it, Train loss=0.101, Train acc=0.0357, Test loss=0.357, Test acc=0.103]
 71%|███████   | 142/200 [40:16<16:17, 16.86s/it, Train loss=0.0969, Train acc=0.0335, Test loss=0.352, Test acc=0.0982]
 72%|███████▏  | 143/200 [40:16<16:00, 16.86s/it, Train loss=0.0969, Train acc=0.0335, Test loss=0.352, Test acc=0.0982]
 72%|███████▏  | 143/200 [40:33<16:00, 16.86s/it, Train loss=0.0947, Train acc=0.0333, Test loss=0.351, Test acc=0.0991]
 72%|███████▏  | 144/200 [40:33<15:44, 16.87s/it, Train loss=0.0947, Train acc=0.0333, Test loss=0.351, Test acc=0.0991]
 72%|███████▏  | 144/200 [40:49<15:44, 16.87s/it, Train loss=0.0926, Train acc=0.0327, Test loss=0.354, Test acc=0.1]   
 72%|███████▎  | 145/200 [40:49<15:27, 16.87s/it, Train loss=0.0926, Train acc=0.0327, Test loss=0.354, Test acc=0.1]
 72%|███████▎  | 145/200 [41:06<15:27, 16.87s/it, Train loss=0.0922, Train acc=0.0321, Test loss=0.348, Test acc=0.0984]
 73%|███████▎  | 146/200 [41:06<15:10, 16.87s/it, Train loss=0.0922, Train acc=0.0321, Test loss=0.348, Test acc=0.0984]
 73%|███████▎  | 146/200 [41:23<15:10, 16.87s/it, Train loss=0.0878, Train acc=0.0307, Test loss=0.35, Test acc=0.0985] 
 74%|███████▎  | 147/200 [41:23<14:53, 16.86s/it, Train loss=0.0878, Train acc=0.0307, Test loss=0.35, Test acc=0.0985]
 74%|███████▎  | 147/200 [41:40<14:53, 16.86s/it, Train loss=0.0856, Train acc=0.0299, Test loss=0.354, Test acc=0.0982]
 74%|███████▍  | 148/200 [41:40<14:35, 16.85s/it, Train loss=0.0856, Train acc=0.0299, Test loss=0.354, Test acc=0.0982]
 74%|███████▍  | 148/200 [41:57<14:35, 16.85s/it, Train loss=0.0843, Train acc=0.0296, Test loss=0.356, Test acc=0.0979]
 74%|███████▍  | 149/200 [41:57<14:21, 16.89s/it, Train loss=0.0843, Train acc=0.0296, Test loss=0.356, Test acc=0.0979]
 74%|███████▍  | 149/200 [42:14<14:21, 16.89s/it, Train loss=0.0823, Train acc=0.0288, Test loss=0.37, Test acc=0.1]    
 75%|███████▌  | 150/200 [42:14<14:04, 16.88s/it, Train loss=0.0823, Train acc=0.0288, Test loss=0.37, Test acc=0.1]
 75%|███████▌  | 150/200 [42:31<14:04, 16.88s/it, Train loss=0.0814, Train acc=0.0278, Test loss=0.343, Test acc=0.0934]
 76%|███████▌  | 151/200 [42:31<13:46, 16.88s/it, Train loss=0.0814, Train acc=0.0278, Test loss=0.343, Test acc=0.0934]
 76%|███████▌  | 151/200 [42:48<13:46, 16.88s/it, Train loss=0.0811, Train acc=0.0287, Test loss=0.355, Test acc=0.0968]
 76%|███████▌  | 152/200 [42:48<13:29, 16.87s/it, Train loss=0.0811, Train acc=0.0287, Test loss=0.355, Test acc=0.0968]
 76%|███████▌  | 152/200 [43:04<13:29, 16.87s/it, Train loss=0.0804, Train acc=0.0275, Test loss=0.346, Test acc=0.0941]
 76%|███████▋  | 153/200 [43:04<13:13, 16.88s/it, Train loss=0.0804, Train acc=0.0275, Test loss=0.346, Test acc=0.0941]
 76%|███████▋  | 153/200 [43:21<13:13, 16.88s/it, Train loss=0.0781, Train acc=0.027, Test loss=0.353, Test acc=0.0942] 
 77%|███████▋  | 154/200 [43:21<12:56, 16.87s/it, Train loss=0.0781, Train acc=0.027, Test loss=0.353, Test acc=0.0942]
 77%|███████▋  | 154/200 [43:38<12:56, 16.87s/it, Train loss=0.0792, Train acc=0.0276, Test loss=0.352, Test acc=0.0958]
 78%|███████▊  | 155/200 [43:38<12:39, 16.87s/it, Train loss=0.0792, Train acc=0.0276, Test loss=0.352, Test acc=0.0958]
 78%|███████▊  | 155/200 [43:55<12:39, 16.87s/it, Train loss=0.0749, Train acc=0.0257, Test loss=0.349, Test acc=0.0959]
 78%|███████▊  | 156/200 [43:55<12:23, 16.90s/it, Train loss=0.0749, Train acc=0.0257, Test loss=0.349, Test acc=0.0959]
 78%|███████▊  | 156/200 [44:12<12:23, 16.90s/it, Train loss=0.0733, Train acc=0.0257, Test loss=0.35, Test acc=0.0948] 
 78%|███████▊  | 157/200 [44:12<12:06, 16.89s/it, Train loss=0.0733, Train acc=0.0257, Test loss=0.35, Test acc=0.0948]
 78%|███████▊  | 157/200 [44:29<12:06, 16.89s/it, Train loss=0.0724, Train acc=0.0258, Test loss=0.349, Test acc=0.0956]
 79%|███████▉  | 158/200 [44:29<11:49, 16.89s/it, Train loss=0.0724, Train acc=0.0258, Test loss=0.349, Test acc=0.0956]
 79%|███████▉  | 158/200 [44:46<11:49, 16.89s/it, Train loss=0.0716, Train acc=0.0247, Test loss=0.351, Test acc=0.0941]
 80%|███████▉  | 159/200 [44:46<11:31, 16.87s/it, Train loss=0.0716, Train acc=0.0247, Test loss=0.351, Test acc=0.0941]
 80%|███████▉  | 159/200 [45:03<11:31, 16.87s/it, Train loss=0.0706, Train acc=0.0242, Test loss=0.352, Test acc=0.0955]
 80%|████████  | 160/200 [45:03<11:15, 16.89s/it, Train loss=0.0706, Train acc=0.0242, Test loss=0.352, Test acc=0.0955]
 80%|████████  | 160/200 [45:19<11:15, 16.89s/it, Train loss=0.0685, Train acc=0.0231, Test loss=0.349, Test acc=0.095] 
 80%|████████  | 161/200 [45:19<10:57, 16.87s/it, Train loss=0.0685, Train acc=0.0231, Test loss=0.349, Test acc=0.095]
 80%|████████  | 161/200 [45:36<10:57, 16.87s/it, Train loss=0.0666, Train acc=0.022, Test loss=0.354, Test acc=0.0951]
 81%|████████  | 162/200 [45:36<10:40, 16.86s/it, Train loss=0.0666, Train acc=0.022, Test loss=0.354, Test acc=0.0951]
 81%|████████  | 162/200 [45:53<10:40, 16.86s/it, Train loss=0.0655, Train acc=0.0226, Test loss=0.351, Test acc=0.0958]
 82%|████████▏ | 163/200 [45:53<10:24, 16.88s/it, Train loss=0.0655, Train acc=0.0226, Test loss=0.351, Test acc=0.0958]
 82%|████████▏ | 163/200 [46:10<10:24, 16.88s/it, Train loss=0.0642, Train acc=0.021, Test loss=0.344, Test acc=0.0923] 
 82%|████████▏ | 164/200 [46:10<10:07, 16.88s/it, Train loss=0.0642, Train acc=0.021, Test loss=0.344, Test acc=0.0923]
 82%|████████▏ | 164/200 [46:27<10:07, 16.88s/it, Train loss=0.0654, Train acc=0.0225, Test loss=0.349, Test acc=0.0925]
 82%|████████▎ | 165/200 [46:27<09:50, 16.88s/it, Train loss=0.0654, Train acc=0.0225, Test loss=0.349, Test acc=0.0925]
 82%|████████▎ | 165/200 [46:44<09:50, 16.88s/it, Train loss=0.0633, Train acc=0.0216, Test loss=0.35, Test acc=0.0944] 
 83%|████████▎ | 166/200 [46:44<09:33, 16.86s/it, Train loss=0.0633, Train acc=0.0216, Test loss=0.35, Test acc=0.0944]
 83%|████████▎ | 166/200 [47:01<09:33, 16.86s/it, Train loss=0.0635, Train acc=0.0216, Test loss=0.342, Test acc=0.0919]
 84%|████████▎ | 167/200 [47:01<09:16, 16.87s/it, Train loss=0.0635, Train acc=0.0216, Test loss=0.342, Test acc=0.0919]
 84%|████████▎ | 167/200 [47:18<09:16, 16.87s/it, Train loss=0.0603, Train acc=0.0197, Test loss=0.345, Test acc=0.0907]
 84%|████████▍ | 168/200 [47:18<08:59, 16.87s/it, Train loss=0.0603, Train acc=0.0197, Test loss=0.345, Test acc=0.0907]
 84%|████████▍ | 168/200 [47:34<08:59, 16.87s/it, Train loss=0.0601, Train acc=0.0201, Test loss=0.345, Test acc=0.0918]
 84%|████████▍ | 169/200 [47:34<08:42, 16.87s/it, Train loss=0.0601, Train acc=0.0201, Test loss=0.345, Test acc=0.0918]
 84%|████████▍ | 169/200 [47:51<08:42, 16.87s/it, Train loss=0.0603, Train acc=0.0196, Test loss=0.35, Test acc=0.0917] 
 85%|████████▌ | 170/200 [47:51<08:26, 16.89s/it, Train loss=0.0603, Train acc=0.0196, Test loss=0.35, Test acc=0.0917]
 85%|████████▌ | 170/200 [48:08<08:26, 16.89s/it, Train loss=0.0591, Train acc=0.0195, Test loss=0.349, Test acc=0.0925]
 86%|████████▌ | 171/200 [48:08<08:10, 16.90s/it, Train loss=0.0591, Train acc=0.0195, Test loss=0.349, Test acc=0.0925]
 86%|████████▌ | 171/200 [48:25<08:10, 16.90s/it, Train loss=0.0583, Train acc=0.0191, Test loss=0.346, Test acc=0.09]  
 86%|████████▌ | 172/200 [48:25<07:53, 16.90s/it, Train loss=0.0583, Train acc=0.0191, Test loss=0.346, Test acc=0.09]
 86%|████████▌ | 172/200 [48:42<07:53, 16.90s/it, Train loss=0.0583, Train acc=0.0193, Test loss=0.345, Test acc=0.0913]
 86%|████████▋ | 173/200 [48:42<07:36, 16.89s/it, Train loss=0.0583, Train acc=0.0193, Test loss=0.345, Test acc=0.0913]
 86%|████████▋ | 173/200 [48:59<07:36, 16.89s/it, Train loss=0.0567, Train acc=0.0194, Test loss=0.345, Test acc=0.0906]
 87%|████████▋ | 174/200 [48:59<07:18, 16.88s/it, Train loss=0.0567, Train acc=0.0194, Test loss=0.345, Test acc=0.0906]
 87%|████████▋ | 174/200 [49:16<07:18, 16.88s/it, Train loss=0.0563, Train acc=0.0184, Test loss=0.345, Test acc=0.0889]
 88%|████████▊ | 175/200 [49:16<07:02, 16.90s/it, Train loss=0.0563, Train acc=0.0184, Test loss=0.345, Test acc=0.0889]
 88%|████████▊ | 175/200 [49:33<07:02, 16.90s/it, Train loss=0.0561, Train acc=0.0188, Test loss=0.344, Test acc=0.0899]
 88%|████████▊ | 176/200 [49:33<06:46, 16.92s/it, Train loss=0.0561, Train acc=0.0188, Test loss=0.344, Test acc=0.0899]
 88%|████████▊ | 176/200 [49:50<06:46, 16.92s/it, Train loss=0.0551, Train acc=0.0178, Test loss=0.348, Test acc=0.0903]
 88%|████████▊ | 177/200 [49:50<06:29, 16.94s/it, Train loss=0.0551, Train acc=0.0178, Test loss=0.348, Test acc=0.0903]
 88%|████████▊ | 177/200 [50:07<06:29, 16.94s/it, Train loss=0.0562, Train acc=0.0184, Test loss=0.346, Test acc=0.0905]
 89%|████████▉ | 178/200 [50:07<06:12, 16.92s/it, Train loss=0.0562, Train acc=0.0184, Test loss=0.346, Test acc=0.0905]
 89%|████████▉ | 178/200 [50:24<06:12, 16.92s/it, Train loss=0.0552, Train acc=0.018, Test loss=0.346, Test acc=0.0919] 
 90%|████████▉ | 179/200 [50:24<05:55, 16.91s/it, Train loss=0.0552, Train acc=0.018, Test loss=0.346, Test acc=0.0919]
 90%|████████▉ | 179/200 [50:40<05:55, 16.91s/it, Train loss=0.0557, Train acc=0.0182, Test loss=0.346, Test acc=0.0918]
 90%|█████████ | 180/200 [50:40<05:37, 16.89s/it, Train loss=0.0557, Train acc=0.0182, Test loss=0.346, Test acc=0.0918]
 90%|█████████ | 180/200 [50:57<05:37, 16.89s/it, Train loss=0.0537, Train acc=0.0164, Test loss=0.344, Test acc=0.0931]
 90%|█████████ | 181/200 [50:57<05:21, 16.90s/it, Train loss=0.0537, Train acc=0.0164, Test loss=0.344, Test acc=0.0931]
 90%|█████████ | 181/200 [51:14<05:21, 16.90s/it, Train loss=0.0525, Train acc=0.0173, Test loss=0.346, Test acc=0.0921]
 91%|█████████ | 182/200 [51:14<05:04, 16.91s/it, Train loss=0.0525, Train acc=0.0173, Test loss=0.346, Test acc=0.0921]
 91%|█████████ | 182/200 [51:31<05:04, 16.91s/it, Train loss=0.0536, Train acc=0.017, Test loss=0.345, Test acc=0.0913] 
 92%|█████████▏| 183/200 [51:31<04:47, 16.93s/it, Train loss=0.0536, Train acc=0.017, Test loss=0.345, Test acc=0.0913]
 92%|█████████▏| 183/200 [51:48<04:47, 16.93s/it, Train loss=0.0514, Train acc=0.0169, Test loss=0.345, Test acc=0.0911]
 92%|█████████▏| 184/200 [51:48<04:30, 16.90s/it, Train loss=0.0514, Train acc=0.0169, Test loss=0.345, Test acc=0.0911]
 92%|█████████▏| 184/200 [52:05<04:30, 16.90s/it, Train loss=0.0516, Train acc=0.0172, Test loss=0.347, Test acc=0.0918]
 92%|█████████▎| 185/200 [52:05<04:13, 16.90s/it, Train loss=0.0516, Train acc=0.0172, Test loss=0.347, Test acc=0.0918]
 92%|█████████▎| 185/200 [52:22<04:13, 16.90s/it, Train loss=0.0518, Train acc=0.0172, Test loss=0.347, Test acc=0.0915]
 93%|█████████▎| 186/200 [52:22<03:56, 16.92s/it, Train loss=0.0518, Train acc=0.0172, Test loss=0.347, Test acc=0.0915]
 93%|█████████▎| 186/200 [52:39<03:56, 16.92s/it, Train loss=0.0525, Train acc=0.0175, Test loss=0.348, Test acc=0.091] 
 94%|█████████▎| 187/200 [52:39<03:39, 16.91s/it, Train loss=0.0525, Train acc=0.0175, Test loss=0.348, Test acc=0.091]
 94%|█████████▎| 187/200 [52:56<03:39, 16.91s/it, Train loss=0.0506, Train acc=0.0163, Test loss=0.347, Test acc=0.0912]
 94%|█████████▍| 188/200 [52:56<03:22, 16.89s/it, Train loss=0.0506, Train acc=0.0163, Test loss=0.347, Test acc=0.0912]
 94%|█████████▍| 188/200 [53:13<03:22, 16.89s/it, Train loss=0.0522, Train acc=0.0172, Test loss=0.345, Test acc=0.0904]
 94%|█████████▍| 189/200 [53:13<03:05, 16.89s/it, Train loss=0.0522, Train acc=0.0172, Test loss=0.345, Test acc=0.0904]
 94%|█████████▍| 189/200 [53:30<03:05, 16.89s/it, Train loss=0.0517, Train acc=0.0168, Test loss=0.346, Test acc=0.0901]
 95%|█████████▌| 190/200 [53:30<02:49, 16.90s/it, Train loss=0.0517, Train acc=0.0168, Test loss=0.346, Test acc=0.0901]
 95%|█████████▌| 190/200 [53:46<02:49, 16.90s/it, Train loss=0.0507, Train acc=0.0163, Test loss=0.345, Test acc=0.0904]
 96%|█████████▌| 191/200 [53:46<02:31, 16.86s/it, Train loss=0.0507, Train acc=0.0163, Test loss=0.345, Test acc=0.0904]
 96%|█████████▌| 191/200 [54:03<02:31, 16.86s/it, Train loss=0.0509, Train acc=0.0167, Test loss=0.346, Test acc=0.0902]
 96%|█████████▌| 192/200 [54:03<02:14, 16.84s/it, Train loss=0.0509, Train acc=0.0167, Test loss=0.346, Test acc=0.0902]
 96%|█████████▌| 192/200 [54:20<02:14, 16.84s/it, Train loss=0.0504, Train acc=0.016, Test loss=0.345, Test acc=0.0906] 
 96%|█████████▋| 193/200 [54:20<01:57, 16.85s/it, Train loss=0.0504, Train acc=0.016, Test loss=0.345, Test acc=0.0906]
 96%|█████████▋| 193/200 [54:37<01:57, 16.85s/it, Train loss=0.0507, Train acc=0.0163, Test loss=0.347, Test acc=0.0911]
 97%|█████████▋| 194/200 [54:37<01:41, 16.85s/it, Train loss=0.0507, Train acc=0.0163, Test loss=0.347, Test acc=0.0911]
 97%|█████████▋| 194/200 [54:54<01:41, 16.85s/it, Train loss=0.0514, Train acc=0.0168, Test loss=0.344, Test acc=0.0911]
 98%|█████████▊| 195/200 [54:54<01:24, 16.82s/it, Train loss=0.0514, Train acc=0.0168, Test loss=0.344, Test acc=0.0911]
 98%|█████████▊| 195/200 [55:10<01:24, 16.82s/it, Train loss=0.0488, Train acc=0.0157, Test loss=0.345, Test acc=0.091] 
 98%|█████████▊| 196/200 [55:10<01:07, 16.80s/it, Train loss=0.0488, Train acc=0.0157, Test loss=0.345, Test acc=0.091]
 98%|█████████▊| 196/200 [55:27<01:07, 16.80s/it, Train loss=0.0497, Train acc=0.0163, Test loss=0.346, Test acc=0.09] 
 98%|█████████▊| 197/200 [55:27<00:50, 16.81s/it, Train loss=0.0497, Train acc=0.0163, Test loss=0.346, Test acc=0.09]
 98%|█████████▊| 197/200 [55:44<00:50, 16.81s/it, Train loss=0.0514, Train acc=0.0168, Test loss=0.345, Test acc=0.0907]
 99%|█████████▉| 198/200 [55:44<00:33, 16.76s/it, Train loss=0.0514, Train acc=0.0168, Test loss=0.345, Test acc=0.0907]
 99%|█████████▉| 198/200 [56:01<00:33, 16.76s/it, Train loss=0.0507, Train acc=0.0164, Test loss=0.346, Test acc=0.0912]
100%|█████████▉| 199/200 [56:01<00:16, 16.77s/it, Train loss=0.0507, Train acc=0.0164, Test loss=0.346, Test acc=0.0912]
100%|█████████▉| 199/200 [56:17<00:16, 16.77s/it, Train loss=0.0487, Train acc=0.0156, Test loss=0.345, Test acc=0.0904]
100%|██████████| 200/200 [56:17<00:00, 16.78s/it, Train loss=0.0487, Train acc=0.0156, Test loss=0.345, Test acc=0.0904]
100%|██████████| 200/200 [56:17<00:00, 16.89s/it, Train loss=0.0487, Train acc=0.0156, Test loss=0.345, Test acc=0.0904]
