Files already downloaded and verified
Files already downloaded and verified
load resnet18...

  0%|          | 0/200 [00:00<?, ?it/s]
  0%|          | 0/200 [00:17<?, ?it/s, Train loss=2.27, Train acc=0.778, Test loss=1.83, Test acc=0.678]
  0%|          | 1/200 [00:17<56:48, 17.13s/it, Train loss=2.27, Train acc=0.778, Test loss=1.83, Test acc=0.678]
  0%|          | 1/200 [00:33<56:48, 17.13s/it, Train loss=1.81, Train acc=0.689, Test loss=1.81, Test acc=0.679]
  1%|          | 2/200 [00:33<55:33, 16.84s/it, Train loss=1.81, Train acc=0.689, Test loss=1.81, Test acc=0.679]
  1%|          | 2/200 [00:50<55:33, 16.84s/it, Train loss=1.69, Train acc=0.638, Test loss=1.64, Test acc=0.646]
  2%|▏         | 3/200 [00:50<55:00, 16.75s/it, Train loss=1.69, Train acc=0.638, Test loss=1.64, Test acc=0.646]
  2%|▏         | 3/200 [01:06<55:00, 16.75s/it, Train loss=1.6, Train acc=0.601, Test loss=1.61, Test acc=0.626] 
  2%|▏         | 4/200 [01:06<54:28, 16.68s/it, Train loss=1.6, Train acc=0.601, Test loss=1.61, Test acc=0.626]
  2%|▏         | 4/200 [01:23<54:28, 16.68s/it, Train loss=1.51, Train acc=0.563, Test loss=1.5, Test acc=0.572]
  2%|▎         | 5/200 [01:23<54:09, 16.66s/it, Train loss=1.51, Train acc=0.563, Test loss=1.5, Test acc=0.572]
  2%|▎         | 5/200 [01:40<54:09, 16.66s/it, Train loss=1.45, Train acc=0.539, Test loss=1.52, Test acc=0.59]
  3%|▎         | 6/200 [01:40<53:58, 16.69s/it, Train loss=1.45, Train acc=0.539, Test loss=1.52, Test acc=0.59]
  3%|▎         | 6/200 [01:57<53:58, 16.69s/it, Train loss=1.38, Train acc=0.508, Test loss=1.38, Test acc=0.533]
  4%|▎         | 7/200 [01:57<53:38, 16.67s/it, Train loss=1.38, Train acc=0.508, Test loss=1.38, Test acc=0.533]
  4%|▎         | 7/200 [02:13<53:38, 16.67s/it, Train loss=1.31, Train acc=0.484, Test loss=1.3, Test acc=0.48]  
  4%|▍         | 8/200 [02:13<53:15, 16.64s/it, Train loss=1.31, Train acc=0.484, Test loss=1.3, Test acc=0.48]
  4%|▍         | 8/200 [02:30<53:15, 16.64s/it, Train loss=1.25, Train acc=0.46, Test loss=1.24, Test acc=0.458]
  4%|▍         | 9/200 [02:30<52:55, 16.63s/it, Train loss=1.25, Train acc=0.46, Test loss=1.24, Test acc=0.458]
  4%|▍         | 9/200 [02:46<52:55, 16.63s/it, Train loss=1.19, Train acc=0.433, Test loss=1.25, Test acc=0.451]
  5%|▌         | 10/200 [02:46<52:32, 16.59s/it, Train loss=1.19, Train acc=0.433, Test loss=1.25, Test acc=0.451]
  5%|▌         | 10/200 [03:03<52:32, 16.59s/it, Train loss=1.15, Train acc=0.414, Test loss=1.2, Test acc=0.434] 
  6%|▌         | 11/200 [03:03<52:17, 16.60s/it, Train loss=1.15, Train acc=0.414, Test loss=1.2, Test acc=0.434]
  6%|▌         | 11/200 [03:19<52:17, 16.60s/it, Train loss=1.1, Train acc=0.395, Test loss=1.46, Test acc=0.518]
  6%|▌         | 12/200 [03:19<51:54, 16.57s/it, Train loss=1.1, Train acc=0.395, Test loss=1.46, Test acc=0.518]
  6%|▌         | 12/200 [03:36<51:54, 16.57s/it, Train loss=1.04, Train acc=0.372, Test loss=1.07, Test acc=0.398]
  6%|▋         | 13/200 [03:36<51:38, 16.57s/it, Train loss=1.04, Train acc=0.372, Test loss=1.07, Test acc=0.398]
  6%|▋         | 13/200 [03:52<51:38, 16.57s/it, Train loss=0.994, Train acc=0.354, Test loss=1.11, Test acc=0.387]
  7%|▋         | 14/200 [03:52<51:19, 16.56s/it, Train loss=0.994, Train acc=0.354, Test loss=1.11, Test acc=0.387]
  7%|▋         | 14/200 [04:09<51:19, 16.56s/it, Train loss=0.961, Train acc=0.343, Test loss=1.01, Test acc=0.365]
  8%|▊         | 15/200 [04:09<51:04, 16.56s/it, Train loss=0.961, Train acc=0.343, Test loss=1.01, Test acc=0.365]
  8%|▊         | 15/200 [04:25<51:04, 16.56s/it, Train loss=0.909, Train acc=0.321, Test loss=1.46, Test acc=0.485]
  8%|▊         | 16/200 [04:25<50:40, 16.52s/it, Train loss=0.909, Train acc=0.321, Test loss=1.46, Test acc=0.485]
  8%|▊         | 16/200 [04:42<50:40, 16.52s/it, Train loss=0.876, Train acc=0.309, Test loss=1.06, Test acc=0.38] 
  8%|▊         | 17/200 [04:42<50:16, 16.49s/it, Train loss=0.876, Train acc=0.309, Test loss=1.06, Test acc=0.38]
  8%|▊         | 17/200 [04:58<50:16, 16.49s/it, Train loss=0.831, Train acc=0.293, Test loss=0.923, Test acc=0.33]
  9%|▉         | 18/200 [04:58<49:58, 16.47s/it, Train loss=0.831, Train acc=0.293, Test loss=0.923, Test acc=0.33]
  9%|▉         | 18/200 [05:15<49:58, 16.47s/it, Train loss=0.799, Train acc=0.282, Test loss=0.93, Test acc=0.332]
 10%|▉         | 19/200 [05:15<49:41, 16.47s/it, Train loss=0.799, Train acc=0.282, Test loss=0.93, Test acc=0.332]
 10%|▉         | 19/200 [05:31<49:41, 16.47s/it, Train loss=0.765, Train acc=0.268, Test loss=0.955, Test acc=0.334]
 10%|█         | 20/200 [05:31<49:27, 16.49s/it, Train loss=0.765, Train acc=0.268, Test loss=0.955, Test acc=0.334]
 10%|█         | 20/200 [05:48<49:27, 16.49s/it, Train loss=0.735, Train acc=0.257, Test loss=0.947, Test acc=0.333]
 10%|█         | 21/200 [05:48<49:09, 16.48s/it, Train loss=0.735, Train acc=0.257, Test loss=0.947, Test acc=0.333]
 10%|█         | 21/200 [06:04<49:09, 16.48s/it, Train loss=0.7, Train acc=0.245, Test loss=0.888, Test acc=0.32]   
 11%|█         | 22/200 [06:04<48:50, 16.46s/it, Train loss=0.7, Train acc=0.245, Test loss=0.888, Test acc=0.32]
 11%|█         | 22/200 [06:21<48:50, 16.46s/it, Train loss=0.677, Train acc=0.236, Test loss=0.699, Test acc=0.247]
 12%|█▏        | 23/200 [06:21<48:30, 16.44s/it, Train loss=0.677, Train acc=0.236, Test loss=0.699, Test acc=0.247]
 12%|█▏        | 23/200 [06:37<48:30, 16.44s/it, Train loss=0.652, Train acc=0.226, Test loss=0.864, Test acc=0.302]
 12%|█▏        | 24/200 [06:37<48:11, 16.43s/it, Train loss=0.652, Train acc=0.226, Test loss=0.864, Test acc=0.302]
 12%|█▏        | 24/200 [06:53<48:11, 16.43s/it, Train loss=0.632, Train acc=0.22, Test loss=0.689, Test acc=0.248] 
 12%|█▎        | 25/200 [06:53<47:53, 16.42s/it, Train loss=0.632, Train acc=0.22, Test loss=0.689, Test acc=0.248]
 12%|█▎        | 25/200 [07:10<47:53, 16.42s/it, Train loss=0.61, Train acc=0.213, Test loss=0.748, Test acc=0.264]
 13%|█▎        | 26/200 [07:10<47:42, 16.45s/it, Train loss=0.61, Train acc=0.213, Test loss=0.748, Test acc=0.264]
 13%|█▎        | 26/200 [07:26<47:42, 16.45s/it, Train loss=0.587, Train acc=0.203, Test loss=0.786, Test acc=0.275]
 14%|█▎        | 27/200 [07:26<47:22, 16.43s/it, Train loss=0.587, Train acc=0.203, Test loss=0.786, Test acc=0.275]
 14%|█▎        | 27/200 [07:43<47:22, 16.43s/it, Train loss=0.57, Train acc=0.197, Test loss=0.64, Test acc=0.217]  
 14%|█▍        | 28/200 [07:43<47:05, 16.43s/it, Train loss=0.57, Train acc=0.197, Test loss=0.64, Test acc=0.217]
 14%|█▍        | 28/200 [07:59<47:05, 16.43s/it, Train loss=0.558, Train acc=0.195, Test loss=0.871, Test acc=0.308]
 14%|█▍        | 29/200 [07:59<46:50, 16.44s/it, Train loss=0.558, Train acc=0.195, Test loss=0.871, Test acc=0.308]
 14%|█▍        | 29/200 [08:16<46:50, 16.44s/it, Train loss=0.536, Train acc=0.185, Test loss=0.691, Test acc=0.241]
 15%|█▌        | 30/200 [08:16<46:33, 16.43s/it, Train loss=0.536, Train acc=0.185, Test loss=0.691, Test acc=0.241]
 15%|█▌        | 30/200 [08:32<46:33, 16.43s/it, Train loss=0.521, Train acc=0.182, Test loss=0.627, Test acc=0.22] 
 16%|█▌        | 31/200 [08:32<46:18, 16.44s/it, Train loss=0.521, Train acc=0.182, Test loss=0.627, Test acc=0.22]
 16%|█▌        | 31/200 [08:48<46:18, 16.44s/it, Train loss=0.507, Train acc=0.177, Test loss=0.619, Test acc=0.212]
 16%|█▌        | 32/200 [08:48<46:00, 16.43s/it, Train loss=0.507, Train acc=0.177, Test loss=0.619, Test acc=0.212]
 16%|█▌        | 32/200 [09:05<46:00, 16.43s/it, Train loss=0.495, Train acc=0.172, Test loss=0.632, Test acc=0.219]
 16%|█▋        | 33/200 [09:05<45:54, 16.50s/it, Train loss=0.495, Train acc=0.172, Test loss=0.632, Test acc=0.219]
 16%|█▋        | 33/200 [09:22<45:54, 16.50s/it, Train loss=0.485, Train acc=0.17, Test loss=0.627, Test acc=0.221] 
 17%|█▋        | 34/200 [09:22<45:37, 16.49s/it, Train loss=0.485, Train acc=0.17, Test loss=0.627, Test acc=0.221]
 17%|█▋        | 34/200 [09:38<45:37, 16.49s/it, Train loss=0.468, Train acc=0.166, Test loss=0.568, Test acc=0.195]
 18%|█▊        | 35/200 [09:38<45:17, 16.47s/it, Train loss=0.468, Train acc=0.166, Test loss=0.568, Test acc=0.195]
 18%|█▊        | 35/200 [09:54<45:17, 16.47s/it, Train loss=0.46, Train acc=0.161, Test loss=0.738, Test acc=0.242] 
 18%|█▊        | 36/200 [09:54<45:01, 16.47s/it, Train loss=0.46, Train acc=0.161, Test loss=0.738, Test acc=0.242]
 18%|█▊        | 36/200 [10:11<45:01, 16.47s/it, Train loss=0.448, Train acc=0.156, Test loss=0.684, Test acc=0.236]
 18%|█▊        | 37/200 [10:11<44:45, 16.47s/it, Train loss=0.448, Train acc=0.156, Test loss=0.684, Test acc=0.236]
 18%|█▊        | 37/200 [10:27<44:45, 16.47s/it, Train loss=0.433, Train acc=0.151, Test loss=0.676, Test acc=0.236]
 19%|█▉        | 38/200 [10:27<44:26, 16.46s/it, Train loss=0.433, Train acc=0.151, Test loss=0.676, Test acc=0.236]
 19%|█▉        | 38/200 [10:44<44:26, 16.46s/it, Train loss=0.424, Train acc=0.148, Test loss=0.624, Test acc=0.212]
 20%|█▉        | 39/200 [10:44<44:10, 16.46s/it, Train loss=0.424, Train acc=0.148, Test loss=0.624, Test acc=0.212]
 20%|█▉        | 39/200 [11:00<44:10, 16.46s/it, Train loss=0.415, Train acc=0.144, Test loss=0.602, Test acc=0.203]
 20%|██        | 40/200 [11:00<44:03, 16.52s/it, Train loss=0.415, Train acc=0.144, Test loss=0.602, Test acc=0.203]
 20%|██        | 40/200 [11:17<44:03, 16.52s/it, Train loss=0.407, Train acc=0.142, Test loss=0.491, Test acc=0.174]
 20%|██        | 41/200 [11:17<43:48, 16.53s/it, Train loss=0.407, Train acc=0.142, Test loss=0.491, Test acc=0.174]
 20%|██        | 41/200 [11:33<43:48, 16.53s/it, Train loss=0.398, Train acc=0.139, Test loss=0.549, Test acc=0.185]
 21%|██        | 42/200 [11:33<43:28, 16.51s/it, Train loss=0.398, Train acc=0.139, Test loss=0.549, Test acc=0.185]
 21%|██        | 42/200 [11:50<43:28, 16.51s/it, Train loss=0.39, Train acc=0.137, Test loss=0.544, Test acc=0.189] 
 22%|██▏       | 43/200 [11:50<43:12, 16.51s/it, Train loss=0.39, Train acc=0.137, Test loss=0.544, Test acc=0.189]
 22%|██▏       | 43/200 [12:06<43:12, 16.51s/it, Train loss=0.381, Train acc=0.132, Test loss=0.548, Test acc=0.188]
 22%|██▏       | 44/200 [12:06<42:51, 16.49s/it, Train loss=0.381, Train acc=0.132, Test loss=0.548, Test acc=0.188]
 22%|██▏       | 44/200 [12:23<42:51, 16.49s/it, Train loss=0.369, Train acc=0.129, Test loss=0.472, Test acc=0.163]
 22%|██▎       | 45/200 [12:23<42:33, 16.47s/it, Train loss=0.369, Train acc=0.129, Test loss=0.472, Test acc=0.163]
 22%|██▎       | 45/200 [12:39<42:33, 16.47s/it, Train loss=0.362, Train acc=0.127, Test loss=0.611, Test acc=0.201]
 23%|██▎       | 46/200 [12:39<42:15, 16.47s/it, Train loss=0.362, Train acc=0.127, Test loss=0.611, Test acc=0.201]
 23%|██▎       | 46/200 [12:56<42:15, 16.47s/it, Train loss=0.356, Train acc=0.125, Test loss=0.522, Test acc=0.175]
 24%|██▎       | 47/200 [12:56<42:01, 16.48s/it, Train loss=0.356, Train acc=0.125, Test loss=0.522, Test acc=0.175]
 24%|██▎       | 47/200 [13:12<42:01, 16.48s/it, Train loss=0.348, Train acc=0.121, Test loss=0.479, Test acc=0.163]
 24%|██▍       | 48/200 [13:12<41:41, 16.46s/it, Train loss=0.348, Train acc=0.121, Test loss=0.479, Test acc=0.163]
 24%|██▍       | 48/200 [13:29<41:41, 16.46s/it, Train loss=0.343, Train acc=0.121, Test loss=0.526, Test acc=0.179]
 24%|██▍       | 49/200 [13:29<41:24, 16.45s/it, Train loss=0.343, Train acc=0.121, Test loss=0.526, Test acc=0.179]
 24%|██▍       | 49/200 [13:45<41:24, 16.45s/it, Train loss=0.333, Train acc=0.115, Test loss=0.47, Test acc=0.16]  
 25%|██▌       | 50/200 [13:45<41:11, 16.47s/it, Train loss=0.333, Train acc=0.115, Test loss=0.47, Test acc=0.16]
 25%|██▌       | 50/200 [14:02<41:11, 16.47s/it, Train loss=0.325, Train acc=0.114, Test loss=0.463, Test acc=0.157]
 26%|██▌       | 51/200 [14:02<40:55, 16.48s/it, Train loss=0.325, Train acc=0.114, Test loss=0.463, Test acc=0.157]
 26%|██▌       | 51/200 [14:18<40:55, 16.48s/it, Train loss=0.317, Train acc=0.111, Test loss=0.522, Test acc=0.174]
 26%|██▌       | 52/200 [14:18<40:41, 16.49s/it, Train loss=0.317, Train acc=0.111, Test loss=0.522, Test acc=0.174]
 26%|██▌       | 52/200 [14:35<40:41, 16.49s/it, Train loss=0.313, Train acc=0.109, Test loss=0.607, Test acc=0.182]
 26%|██▋       | 53/200 [14:35<40:30, 16.53s/it, Train loss=0.313, Train acc=0.109, Test loss=0.607, Test acc=0.182]
 26%|██▋       | 53/200 [14:51<40:30, 16.53s/it, Train loss=0.305, Train acc=0.107, Test loss=0.462, Test acc=0.153]
 27%|██▋       | 54/200 [14:51<40:13, 16.53s/it, Train loss=0.305, Train acc=0.107, Test loss=0.462, Test acc=0.153]
 27%|██▋       | 54/200 [15:08<40:13, 16.53s/it, Train loss=0.298, Train acc=0.105, Test loss=0.445, Test acc=0.151]
 28%|██▊       | 55/200 [15:08<39:53, 16.51s/it, Train loss=0.298, Train acc=0.105, Test loss=0.445, Test acc=0.151]
 28%|██▊       | 55/200 [15:24<39:53, 16.51s/it, Train loss=0.292, Train acc=0.102, Test loss=0.488, Test acc=0.163]
 28%|██▊       | 56/200 [15:24<39:35, 16.49s/it, Train loss=0.292, Train acc=0.102, Test loss=0.488, Test acc=0.163]
 28%|██▊       | 56/200 [15:41<39:35, 16.49s/it, Train loss=0.286, Train acc=0.0993, Test loss=0.484, Test acc=0.164]
 28%|██▊       | 57/200 [15:41<39:19, 16.50s/it, Train loss=0.286, Train acc=0.0993, Test loss=0.484, Test acc=0.164]
 28%|██▊       | 57/200 [15:57<39:19, 16.50s/it, Train loss=0.28, Train acc=0.0983, Test loss=0.42, Test acc=0.147]  
 29%|██▉       | 58/200 [15:57<38:57, 16.46s/it, Train loss=0.28, Train acc=0.0983, Test loss=0.42, Test acc=0.147]
 29%|██▉       | 58/200 [16:14<38:57, 16.46s/it, Train loss=0.274, Train acc=0.0968, Test loss=0.513, Test acc=0.167]
 30%|██▉       | 59/200 [16:14<38:40, 16.46s/it, Train loss=0.274, Train acc=0.0968, Test loss=0.513, Test acc=0.167]
 30%|██▉       | 59/200 [16:30<38:40, 16.46s/it, Train loss=0.269, Train acc=0.0949, Test loss=0.511, Test acc=0.165]
 30%|███       | 60/200 [16:30<38:19, 16.42s/it, Train loss=0.269, Train acc=0.0949, Test loss=0.511, Test acc=0.165]
 30%|███       | 60/200 [16:46<38:19, 16.42s/it, Train loss=0.262, Train acc=0.0931, Test loss=0.439, Test acc=0.145]
 30%|███       | 61/200 [16:46<38:04, 16.44s/it, Train loss=0.262, Train acc=0.0931, Test loss=0.439, Test acc=0.145]
 30%|███       | 61/200 [17:03<38:04, 16.44s/it, Train loss=0.254, Train acc=0.0905, Test loss=0.397, Test acc=0.132]
 31%|███       | 62/200 [17:03<37:44, 16.41s/it, Train loss=0.254, Train acc=0.0905, Test loss=0.397, Test acc=0.132]
 31%|███       | 62/200 [17:19<37:44, 16.41s/it, Train loss=0.254, Train acc=0.089, Test loss=0.43, Test acc=0.143]  
 32%|███▏      | 63/200 [17:19<37:26, 16.40s/it, Train loss=0.254, Train acc=0.089, Test loss=0.43, Test acc=0.143]
 32%|███▏      | 63/200 [17:36<37:26, 16.40s/it, Train loss=0.249, Train acc=0.088, Test loss=0.442, Test acc=0.146]
 32%|███▏      | 64/200 [17:36<37:16, 16.45s/it, Train loss=0.249, Train acc=0.088, Test loss=0.442, Test acc=0.146]
 32%|███▏      | 64/200 [17:52<37:16, 16.45s/it, Train loss=0.246, Train acc=0.0861, Test loss=0.466, Test acc=0.149]
 32%|███▎      | 65/200 [17:52<37:02, 16.46s/it, Train loss=0.246, Train acc=0.0861, Test loss=0.466, Test acc=0.149]
 32%|███▎      | 65/200 [18:09<37:02, 16.46s/it, Train loss=0.236, Train acc=0.0828, Test loss=0.41, Test acc=0.135] 
 33%|███▎      | 66/200 [18:09<36:43, 16.44s/it, Train loss=0.236, Train acc=0.0828, Test loss=0.41, Test acc=0.135]
 33%|███▎      | 66/200 [18:25<36:43, 16.44s/it, Train loss=0.234, Train acc=0.083, Test loss=0.439, Test acc=0.147]
 34%|███▎      | 67/200 [18:25<36:26, 16.44s/it, Train loss=0.234, Train acc=0.083, Test loss=0.439, Test acc=0.147]
 34%|███▎      | 67/200 [18:41<36:26, 16.44s/it, Train loss=0.227, Train acc=0.0806, Test loss=0.445, Test acc=0.144]
 34%|███▍      | 68/200 [18:41<36:08, 16.42s/it, Train loss=0.227, Train acc=0.0806, Test loss=0.445, Test acc=0.144]
 34%|███▍      | 68/200 [18:58<36:08, 16.42s/it, Train loss=0.225, Train acc=0.0805, Test loss=0.435, Test acc=0.143]
 34%|███▍      | 69/200 [18:58<35:53, 16.44s/it, Train loss=0.225, Train acc=0.0805, Test loss=0.435, Test acc=0.143]
 34%|███▍      | 69/200 [19:14<35:53, 16.44s/it, Train loss=0.224, Train acc=0.0791, Test loss=0.404, Test acc=0.131]
 35%|███▌      | 70/200 [19:14<35:35, 16.43s/it, Train loss=0.224, Train acc=0.0791, Test loss=0.404, Test acc=0.131]
 35%|███▌      | 70/200 [19:31<35:35, 16.43s/it, Train loss=0.216, Train acc=0.0762, Test loss=0.382, Test acc=0.127]
 36%|███▌      | 71/200 [19:31<35:17, 16.42s/it, Train loss=0.216, Train acc=0.0762, Test loss=0.382, Test acc=0.127]
 36%|███▌      | 71/200 [19:47<35:17, 16.42s/it, Train loss=0.212, Train acc=0.0751, Test loss=0.447, Test acc=0.145]
 36%|███▌      | 72/200 [19:47<34:59, 16.40s/it, Train loss=0.212, Train acc=0.0751, Test loss=0.447, Test acc=0.145]
 36%|███▌      | 72/200 [20:03<34:59, 16.40s/it, Train loss=0.203, Train acc=0.0719, Test loss=0.473, Test acc=0.147]
 36%|███▋      | 73/200 [20:03<34:42, 16.40s/it, Train loss=0.203, Train acc=0.0719, Test loss=0.473, Test acc=0.147]
 36%|███▋      | 73/200 [20:20<34:42, 16.40s/it, Train loss=0.204, Train acc=0.0722, Test loss=0.435, Test acc=0.136]
 37%|███▋      | 74/200 [20:20<34:29, 16.43s/it, Train loss=0.204, Train acc=0.0722, Test loss=0.435, Test acc=0.136]
 37%|███▋      | 74/200 [20:36<34:29, 16.43s/it, Train loss=0.203, Train acc=0.073, Test loss=0.405, Test acc=0.131] 
 38%|███▊      | 75/200 [20:36<34:09, 16.39s/it, Train loss=0.203, Train acc=0.073, Test loss=0.405, Test acc=0.131]
 38%|███▊      | 75/200 [20:53<34:09, 16.39s/it, Train loss=0.192, Train acc=0.0694, Test loss=0.39, Test acc=0.125]
 38%|███▊      | 76/200 [20:53<33:52, 16.39s/it, Train loss=0.192, Train acc=0.0694, Test loss=0.39, Test acc=0.125]
 38%|███▊      | 76/200 [21:09<33:52, 16.39s/it, Train loss=0.185, Train acc=0.0646, Test loss=0.492, Test acc=0.16]
 38%|███▊      | 77/200 [21:09<33:38, 16.41s/it, Train loss=0.185, Train acc=0.0646, Test loss=0.492, Test acc=0.16]
 38%|███▊      | 77/200 [21:26<33:38, 16.41s/it, Train loss=0.186, Train acc=0.0651, Test loss=0.476, Test acc=0.142]
 39%|███▉      | 78/200 [21:26<33:22, 16.42s/it, Train loss=0.186, Train acc=0.0651, Test loss=0.476, Test acc=0.142]
 39%|███▉      | 78/200 [21:42<33:22, 16.42s/it, Train loss=0.184, Train acc=0.0647, Test loss=0.477, Test acc=0.143]
 40%|███▉      | 79/200 [21:42<33:09, 16.44s/it, Train loss=0.184, Train acc=0.0647, Test loss=0.477, Test acc=0.143]
 40%|███▉      | 79/200 [21:59<33:09, 16.44s/it, Train loss=0.18, Train acc=0.0632, Test loss=0.398, Test acc=0.127] 
 40%|████      | 80/200 [21:59<32:58, 16.49s/it, Train loss=0.18, Train acc=0.0632, Test loss=0.398, Test acc=0.127]
 40%|████      | 80/200 [22:15<32:58, 16.49s/it, Train loss=0.174, Train acc=0.0617, Test loss=0.453, Test acc=0.137]
 40%|████      | 81/200 [22:15<32:45, 16.51s/it, Train loss=0.174, Train acc=0.0617, Test loss=0.453, Test acc=0.137]
 40%|████      | 81/200 [22:32<32:45, 16.51s/it, Train loss=0.172, Train acc=0.0616, Test loss=0.382, Test acc=0.123]
 41%|████      | 82/200 [22:32<32:25, 16.49s/it, Train loss=0.172, Train acc=0.0616, Test loss=0.382, Test acc=0.123]
 41%|████      | 82/200 [22:48<32:25, 16.49s/it, Train loss=0.166, Train acc=0.0577, Test loss=0.423, Test acc=0.129]
 42%|████▏     | 83/200 [22:48<32:08, 16.48s/it, Train loss=0.166, Train acc=0.0577, Test loss=0.423, Test acc=0.129]
 42%|████▏     | 83/200 [23:04<32:08, 16.48s/it, Train loss=0.161, Train acc=0.0563, Test loss=0.371, Test acc=0.116]
 42%|████▏     | 84/200 [23:04<31:46, 16.44s/it, Train loss=0.161, Train acc=0.0563, Test loss=0.371, Test acc=0.116]
 42%|████▏     | 84/200 [23:21<31:46, 16.44s/it, Train loss=0.155, Train acc=0.0549, Test loss=0.379, Test acc=0.116]
 42%|████▎     | 85/200 [23:21<31:30, 16.44s/it, Train loss=0.155, Train acc=0.0549, Test loss=0.379, Test acc=0.116]
 42%|████▎     | 85/200 [23:37<31:30, 16.44s/it, Train loss=0.155, Train acc=0.0551, Test loss=0.374, Test acc=0.117]
 43%|████▎     | 86/200 [23:37<31:14, 16.44s/it, Train loss=0.155, Train acc=0.0551, Test loss=0.374, Test acc=0.117]
 43%|████▎     | 86/200 [23:54<31:14, 16.44s/it, Train loss=0.155, Train acc=0.0548, Test loss=0.44, Test acc=0.132] 
 44%|████▎     | 87/200 [23:54<30:59, 16.45s/it, Train loss=0.155, Train acc=0.0548, Test loss=0.44, Test acc=0.132]
 44%|████▎     | 87/200 [24:10<30:59, 16.45s/it, Train loss=0.147, Train acc=0.0523, Test loss=0.412, Test acc=0.127]
 44%|████▍     | 88/200 [24:10<30:43, 16.46s/it, Train loss=0.147, Train acc=0.0523, Test loss=0.412, Test acc=0.127]
 44%|████▍     | 88/200 [24:27<30:43, 16.46s/it, Train loss=0.145, Train acc=0.0516, Test loss=0.396, Test acc=0.116]
 44%|████▍     | 89/200 [24:27<30:29, 16.48s/it, Train loss=0.145, Train acc=0.0516, Test loss=0.396, Test acc=0.116]
 44%|████▍     | 89/200 [24:43<30:29, 16.48s/it, Train loss=0.141, Train acc=0.0496, Test loss=0.373, Test acc=0.117]
 45%|████▌     | 90/200 [24:43<30:16, 16.52s/it, Train loss=0.141, Train acc=0.0496, Test loss=0.373, Test acc=0.117]
 45%|████▌     | 90/200 [25:00<30:16, 16.52s/it, Train loss=0.141, Train acc=0.0494, Test loss=0.377, Test acc=0.116]
 46%|████▌     | 91/200 [25:00<29:55, 16.47s/it, Train loss=0.141, Train acc=0.0494, Test loss=0.377, Test acc=0.116]
 46%|████▌     | 91/200 [25:16<29:55, 16.47s/it, Train loss=0.135, Train acc=0.0476, Test loss=0.394, Test acc=0.121]
 46%|████▌     | 92/200 [25:16<29:34, 16.43s/it, Train loss=0.135, Train acc=0.0476, Test loss=0.394, Test acc=0.121]
 46%|████▌     | 92/200 [25:33<29:34, 16.43s/it, Train loss=0.131, Train acc=0.0471, Test loss=0.378, Test acc=0.116]
 46%|████▋     | 93/200 [25:33<29:18, 16.43s/it, Train loss=0.131, Train acc=0.0471, Test loss=0.378, Test acc=0.116]
 46%|████▋     | 93/200 [25:49<29:18, 16.43s/it, Train loss=0.131, Train acc=0.0455, Test loss=0.433, Test acc=0.127]
 47%|████▋     | 94/200 [25:49<29:02, 16.44s/it, Train loss=0.131, Train acc=0.0455, Test loss=0.433, Test acc=0.127]
 47%|████▋     | 94/200 [26:06<29:02, 16.44s/it, Train loss=0.128, Train acc=0.0446, Test loss=0.396, Test acc=0.113]
 48%|████▊     | 95/200 [26:06<28:50, 16.48s/it, Train loss=0.128, Train acc=0.0446, Test loss=0.396, Test acc=0.113]
 48%|████▊     | 95/200 [26:22<28:50, 16.48s/it, Train loss=0.127, Train acc=0.0466, Test loss=0.415, Test acc=0.119]
 48%|████▊     | 96/200 [26:22<28:35, 16.50s/it, Train loss=0.127, Train acc=0.0466, Test loss=0.415, Test acc=0.119]
 48%|████▊     | 96/200 [26:39<28:35, 16.50s/it, Train loss=0.123, Train acc=0.0439, Test loss=0.378, Test acc=0.111]
 48%|████▊     | 97/200 [26:39<28:22, 16.53s/it, Train loss=0.123, Train acc=0.0439, Test loss=0.378, Test acc=0.111]
 48%|████▊     | 97/200 [26:55<28:22, 16.53s/it, Train loss=0.117, Train acc=0.0412, Test loss=0.375, Test acc=0.109]
 49%|████▉     | 98/200 [26:55<28:03, 16.50s/it, Train loss=0.117, Train acc=0.0412, Test loss=0.375, Test acc=0.109]
 49%|████▉     | 98/200 [27:12<28:03, 16.50s/it, Train loss=0.117, Train acc=0.0419, Test loss=0.368, Test acc=0.108]
 50%|████▉     | 99/200 [27:12<27:45, 16.49s/it, Train loss=0.117, Train acc=0.0419, Test loss=0.368, Test acc=0.108]
 50%|████▉     | 99/200 [27:28<27:45, 16.49s/it, Train loss=0.115, Train acc=0.0404, Test loss=0.39, Test acc=0.113] 
 50%|█████     | 100/200 [27:28<27:29, 16.49s/it, Train loss=0.115, Train acc=0.0404, Test loss=0.39, Test acc=0.113]
 50%|█████     | 100/200 [27:45<27:29, 16.49s/it, Train loss=0.111, Train acc=0.0394, Test loss=0.352, Test acc=0.104]
 50%|█████     | 101/200 [27:45<27:13, 16.50s/it, Train loss=0.111, Train acc=0.0394, Test loss=0.352, Test acc=0.104]
 50%|█████     | 101/200 [28:01<27:13, 16.50s/it, Train loss=0.104, Train acc=0.0371, Test loss=0.42, Test acc=0.119] 
 51%|█████     | 102/200 [28:01<26:53, 16.46s/it, Train loss=0.104, Train acc=0.0371, Test loss=0.42, Test acc=0.119]
 51%|█████     | 102/200 [28:17<26:53, 16.46s/it, Train loss=0.103, Train acc=0.036, Test loss=0.373, Test acc=0.105]
 52%|█████▏    | 103/200 [28:17<26:36, 16.46s/it, Train loss=0.103, Train acc=0.036, Test loss=0.373, Test acc=0.105]
 52%|█████▏    | 103/200 [28:34<26:36, 16.46s/it, Train loss=0.101, Train acc=0.0356, Test loss=0.381, Test acc=0.111]
 52%|█████▏    | 104/200 [28:34<26:19, 16.45s/it, Train loss=0.101, Train acc=0.0356, Test loss=0.381, Test acc=0.111]
 52%|█████▏    | 104/200 [28:50<26:19, 16.45s/it, Train loss=0.1, Train acc=0.0354, Test loss=0.361, Test acc=0.105]  
 52%|█████▎    | 105/200 [28:50<26:02, 16.45s/it, Train loss=0.1, Train acc=0.0354, Test loss=0.361, Test acc=0.105]
 52%|█████▎    | 105/200 [29:07<26:02, 16.45s/it, Train loss=0.097, Train acc=0.0339, Test loss=0.349, Test acc=0.101]
 53%|█████▎    | 106/200 [29:07<25:49, 16.49s/it, Train loss=0.097, Train acc=0.0339, Test loss=0.349, Test acc=0.101]
 53%|█████▎    | 106/200 [29:23<25:49, 16.49s/it, Train loss=0.0946, Train acc=0.0325, Test loss=0.38, Test acc=0.105]
 54%|█████▎    | 107/200 [29:23<25:33, 16.49s/it, Train loss=0.0946, Train acc=0.0325, Test loss=0.38, Test acc=0.105]
 54%|█████▎    | 107/200 [29:40<25:33, 16.49s/it, Train loss=0.089, Train acc=0.0309, Test loss=0.348, Test acc=0.102]
 54%|█████▍    | 108/200 [29:40<25:18, 16.50s/it, Train loss=0.089, Train acc=0.0309, Test loss=0.348, Test acc=0.102]
 54%|█████▍    | 108/200 [29:56<25:18, 16.50s/it, Train loss=0.088, Train acc=0.0312, Test loss=0.355, Test acc=0.101]
 55%|█████▍    | 109/200 [29:56<24:59, 16.48s/it, Train loss=0.088, Train acc=0.0312, Test loss=0.355, Test acc=0.101]
 55%|█████▍    | 109/200 [30:13<24:59, 16.48s/it, Train loss=0.0857, Train acc=0.0297, Test loss=0.376, Test acc=0.105]
 55%|█████▌    | 110/200 [30:13<24:47, 16.52s/it, Train loss=0.0857, Train acc=0.0297, Test loss=0.376, Test acc=0.105]
 55%|█████▌    | 110/200 [30:29<24:47, 16.52s/it, Train loss=0.0831, Train acc=0.029, Test loss=0.362, Test acc=0.0992]
 56%|█████▌    | 111/200 [30:29<24:26, 16.48s/it, Train loss=0.0831, Train acc=0.029, Test loss=0.362, Test acc=0.0992]
 56%|█████▌    | 111/200 [30:46<24:26, 16.48s/it, Train loss=0.0821, Train acc=0.0286, Test loss=0.359, Test acc=0.0985]
 56%|█████▌    | 112/200 [30:46<24:06, 16.44s/it, Train loss=0.0821, Train acc=0.0286, Test loss=0.359, Test acc=0.0985]
 56%|█████▌    | 112/200 [31:02<24:06, 16.44s/it, Train loss=0.0804, Train acc=0.0287, Test loss=0.366, Test acc=0.102] 
 56%|█████▋    | 113/200 [31:02<23:54, 16.49s/it, Train loss=0.0804, Train acc=0.0287, Test loss=0.366, Test acc=0.102]
 56%|█████▋    | 113/200 [31:19<23:54, 16.49s/it, Train loss=0.0811, Train acc=0.0284, Test loss=0.361, Test acc=0.1]  
 57%|█████▋    | 114/200 [31:19<23:39, 16.51s/it, Train loss=0.0811, Train acc=0.0284, Test loss=0.361, Test acc=0.1]
 57%|█████▋    | 114/200 [31:35<23:39, 16.51s/it, Train loss=0.0758, Train acc=0.0262, Test loss=0.368, Test acc=0.0994]
 57%|█████▊    | 115/200 [31:35<23:22, 16.50s/it, Train loss=0.0758, Train acc=0.0262, Test loss=0.368, Test acc=0.0994]
 57%|█████▊    | 115/200 [31:52<23:22, 16.50s/it, Train loss=0.0722, Train acc=0.025, Test loss=0.351, Test acc=0.0979] 
 58%|█████▊    | 116/200 [31:52<23:06, 16.50s/it, Train loss=0.0722, Train acc=0.025, Test loss=0.351, Test acc=0.0979]
 58%|█████▊    | 116/200 [32:08<23:06, 16.50s/it, Train loss=0.0716, Train acc=0.0248, Test loss=0.362, Test acc=0.0987]
 58%|█████▊    | 117/200 [32:08<22:48, 16.48s/it, Train loss=0.0716, Train acc=0.0248, Test loss=0.362, Test acc=0.0987]
 58%|█████▊    | 117/200 [32:25<22:48, 16.48s/it, Train loss=0.0678, Train acc=0.0232, Test loss=0.382, Test acc=0.106] 
 59%|█████▉    | 118/200 [32:25<22:31, 16.48s/it, Train loss=0.0678, Train acc=0.0232, Test loss=0.382, Test acc=0.106]
 59%|█████▉    | 118/200 [32:41<22:31, 16.48s/it, Train loss=0.0665, Train acc=0.0231, Test loss=0.356, Test acc=0.0977]
 60%|█████▉    | 119/200 [32:41<22:14, 16.47s/it, Train loss=0.0665, Train acc=0.0231, Test loss=0.356, Test acc=0.0977]
 60%|█████▉    | 119/200 [32:58<22:14, 16.47s/it, Train loss=0.065, Train acc=0.0222, Test loss=0.357, Test acc=0.0974] 
 60%|██████    | 120/200 [32:58<21:55, 16.44s/it, Train loss=0.065, Train acc=0.0222, Test loss=0.357, Test acc=0.0974]
 60%|██████    | 120/200 [33:14<21:55, 16.44s/it, Train loss=0.065, Train acc=0.0224, Test loss=0.375, Test acc=0.102] 
 60%|██████    | 121/200 [33:14<21:39, 16.45s/it, Train loss=0.065, Train acc=0.0224, Test loss=0.375, Test acc=0.102]
 60%|██████    | 121/200 [33:31<21:39, 16.45s/it, Train loss=0.0621, Train acc=0.0212, Test loss=0.374, Test acc=0.0995]
 61%|██████    | 122/200 [33:31<21:27, 16.50s/it, Train loss=0.0621, Train acc=0.0212, Test loss=0.374, Test acc=0.0995]
 61%|██████    | 122/200 [33:47<21:27, 16.50s/it, Train loss=0.0591, Train acc=0.0203, Test loss=0.397, Test acc=0.0996]
 62%|██████▏   | 123/200 [33:47<21:08, 16.47s/it, Train loss=0.0591, Train acc=0.0203, Test loss=0.397, Test acc=0.0996]
 62%|██████▏   | 123/200 [34:04<21:08, 16.47s/it, Train loss=0.0594, Train acc=0.0197, Test loss=0.362, Test acc=0.0973]
 62%|██████▏   | 124/200 [34:04<20:52, 16.48s/it, Train loss=0.0594, Train acc=0.0197, Test loss=0.362, Test acc=0.0973]
 62%|██████▏   | 124/200 [34:20<20:52, 16.48s/it, Train loss=0.0588, Train acc=0.0204, Test loss=0.366, Test acc=0.0938]
 62%|██████▎   | 125/200 [34:20<20:34, 16.46s/it, Train loss=0.0588, Train acc=0.0204, Test loss=0.366, Test acc=0.0938]
 62%|██████▎   | 125/200 [34:37<20:34, 16.46s/it, Train loss=0.054, Train acc=0.0181, Test loss=0.441, Test acc=0.112]  
 63%|██████▎   | 126/200 [34:37<20:21, 16.51s/it, Train loss=0.054, Train acc=0.0181, Test loss=0.441, Test acc=0.112]
 63%|██████▎   | 126/200 [34:53<20:21, 16.51s/it, Train loss=0.0531, Train acc=0.0174, Test loss=0.367, Test acc=0.0959]
 64%|██████▎   | 127/200 [34:53<20:05, 16.51s/it, Train loss=0.0531, Train acc=0.0174, Test loss=0.367, Test acc=0.0959]
 64%|██████▎   | 127/200 [35:10<20:05, 16.51s/it, Train loss=0.0503, Train acc=0.0167, Test loss=0.375, Test acc=0.0953]
 64%|██████▍   | 128/200 [35:10<19:46, 16.48s/it, Train loss=0.0503, Train acc=0.0167, Test loss=0.375, Test acc=0.0953]
 64%|██████▍   | 128/200 [35:26<19:46, 16.48s/it, Train loss=0.05, Train acc=0.017, Test loss=0.356, Test acc=0.0922]   
 64%|██████▍   | 129/200 [35:26<19:31, 16.50s/it, Train loss=0.05, Train acc=0.017, Test loss=0.356, Test acc=0.0922]
 64%|██████▍   | 129/200 [35:43<19:31, 16.50s/it, Train loss=0.0497, Train acc=0.0163, Test loss=0.357, Test acc=0.0927]
 65%|██████▌   | 130/200 [35:43<19:17, 16.54s/it, Train loss=0.0497, Train acc=0.0163, Test loss=0.357, Test acc=0.0927]
 65%|██████▌   | 130/200 [35:59<19:17, 16.54s/it, Train loss=0.046, Train acc=0.015, Test loss=0.363, Test acc=0.0921]  
 66%|██████▌   | 131/200 [35:59<18:57, 16.48s/it, Train loss=0.046, Train acc=0.015, Test loss=0.363, Test acc=0.0921]
 66%|██████▌   | 131/200 [36:15<18:57, 16.48s/it, Train loss=0.044, Train acc=0.0142, Test loss=0.376, Test acc=0.0933]
 66%|██████▌   | 132/200 [36:15<18:37, 16.43s/it, Train loss=0.044, Train acc=0.0142, Test loss=0.376, Test acc=0.0933]
 66%|██████▌   | 132/200 [36:32<18:37, 16.43s/it, Train loss=0.0423, Train acc=0.0142, Test loss=0.359, Test acc=0.0906]
 66%|██████▋   | 133/200 [36:32<18:20, 16.43s/it, Train loss=0.0423, Train acc=0.0142, Test loss=0.359, Test acc=0.0906]
 66%|██████▋   | 133/200 [36:48<18:20, 16.43s/it, Train loss=0.0404, Train acc=0.0129, Test loss=0.379, Test acc=0.0933]
 67%|██████▋   | 134/200 [36:48<18:06, 16.46s/it, Train loss=0.0404, Train acc=0.0129, Test loss=0.379, Test acc=0.0933]
 67%|██████▋   | 134/200 [37:05<18:06, 16.46s/it, Train loss=0.0401, Train acc=0.013, Test loss=0.363, Test acc=0.0909] 
 68%|██████▊   | 135/200 [37:05<17:49, 16.45s/it, Train loss=0.0401, Train acc=0.013, Test loss=0.363, Test acc=0.0909]
 68%|██████▊   | 135/200 [37:21<17:49, 16.45s/it, Train loss=0.0399, Train acc=0.0131, Test loss=0.373, Test acc=0.0927]
 68%|██████▊   | 136/200 [37:21<17:34, 16.47s/it, Train loss=0.0399, Train acc=0.0131, Test loss=0.373, Test acc=0.0927]
 68%|██████▊   | 136/200 [37:38<17:34, 16.47s/it, Train loss=0.0392, Train acc=0.0127, Test loss=0.364, Test acc=0.0904]
 68%|██████▊   | 137/200 [37:38<17:19, 16.50s/it, Train loss=0.0392, Train acc=0.0127, Test loss=0.364, Test acc=0.0904]
 68%|██████▊   | 137/200 [37:54<17:19, 16.50s/it, Train loss=0.036, Train acc=0.011, Test loss=0.366, Test acc=0.0906]  
 69%|██████▉   | 138/200 [37:54<17:01, 16.48s/it, Train loss=0.036, Train acc=0.011, Test loss=0.366, Test acc=0.0906]
 69%|██████▉   | 138/200 [38:11<17:01, 16.48s/it, Train loss=0.0351, Train acc=0.0113, Test loss=0.352, Test acc=0.088]
 70%|██████▉   | 139/200 [38:11<16:43, 16.46s/it, Train loss=0.0351, Train acc=0.0113, Test loss=0.352, Test acc=0.088]
 70%|██████▉   | 139/200 [38:27<16:43, 16.46s/it, Train loss=0.0328, Train acc=0.0105, Test loss=0.351, Test acc=0.0893]
 70%|███████   | 140/200 [38:27<16:28, 16.48s/it, Train loss=0.0328, Train acc=0.0105, Test loss=0.351, Test acc=0.0893]
 70%|███████   | 140/200 [38:44<16:28, 16.48s/it, Train loss=0.0328, Train acc=0.0101, Test loss=0.36, Test acc=0.0869] 
 70%|███████   | 141/200 [38:44<16:10, 16.44s/it, Train loss=0.0328, Train acc=0.0101, Test loss=0.36, Test acc=0.0869]
 70%|███████   | 141/200 [39:00<16:10, 16.44s/it, Train loss=0.0335, Train acc=0.0106, Test loss=0.358, Test acc=0.0887]
 71%|███████   | 142/200 [39:00<15:53, 16.45s/it, Train loss=0.0335, Train acc=0.0106, Test loss=0.358, Test acc=0.0887]
 71%|███████   | 142/200 [39:16<15:53, 16.45s/it, Train loss=0.0313, Train acc=0.00954, Test loss=0.364, Test acc=0.0882]
 72%|███████▏  | 143/200 [39:16<15:36, 16.43s/it, Train loss=0.0313, Train acc=0.00954, Test loss=0.364, Test acc=0.0882]
 72%|███████▏  | 143/200 [39:33<15:36, 16.43s/it, Train loss=0.0306, Train acc=0.00899, Test loss=0.357, Test acc=0.0878]
 72%|███████▏  | 144/200 [39:33<15:23, 16.49s/it, Train loss=0.0306, Train acc=0.00899, Test loss=0.357, Test acc=0.0878]
 72%|███████▏  | 144/200 [39:50<15:23, 16.49s/it, Train loss=0.0295, Train acc=0.00933, Test loss=0.372, Test acc=0.0914]
 72%|███████▎  | 145/200 [39:50<15:07, 16.51s/it, Train loss=0.0295, Train acc=0.00933, Test loss=0.372, Test acc=0.0914]
 72%|███████▎  | 145/200 [40:06<15:07, 16.51s/it, Train loss=0.0288, Train acc=0.00856, Test loss=0.356, Test acc=0.0867]
 73%|███████▎  | 146/200 [40:06<14:50, 16.48s/it, Train loss=0.0288, Train acc=0.00856, Test loss=0.356, Test acc=0.0867]
 73%|███████▎  | 146/200 [40:23<14:50, 16.48s/it, Train loss=0.0262, Train acc=0.00751, Test loss=0.355, Test acc=0.0863]
 74%|███████▎  | 147/200 [40:23<14:35, 16.51s/it, Train loss=0.0262, Train acc=0.00751, Test loss=0.355, Test acc=0.0863]
 74%|███████▎  | 147/200 [40:39<14:35, 16.51s/it, Train loss=0.0268, Train acc=0.00788, Test loss=0.36, Test acc=0.0862] 
 74%|███████▍  | 148/200 [40:39<14:17, 16.49s/it, Train loss=0.0268, Train acc=0.00788, Test loss=0.36, Test acc=0.0862]
 74%|███████▍  | 148/200 [40:56<14:17, 16.49s/it, Train loss=0.0265, Train acc=0.00797, Test loss=0.356, Test acc=0.0878]
 74%|███████▍  | 149/200 [40:56<14:02, 16.52s/it, Train loss=0.0265, Train acc=0.00797, Test loss=0.356, Test acc=0.0878]
 74%|███████▍  | 149/200 [41:12<14:02, 16.52s/it, Train loss=0.025, Train acc=0.00726, Test loss=0.361, Test acc=0.0846] 
 75%|███████▌  | 150/200 [41:12<13:45, 16.52s/it, Train loss=0.025, Train acc=0.00726, Test loss=0.361, Test acc=0.0846]
 75%|███████▌  | 150/200 [41:29<13:45, 16.52s/it, Train loss=0.0248, Train acc=0.00712, Test loss=0.355, Test acc=0.0836]
 76%|███████▌  | 151/200 [41:29<13:30, 16.53s/it, Train loss=0.0248, Train acc=0.00712, Test loss=0.355, Test acc=0.0836]
 76%|███████▌  | 151/200 [41:45<13:30, 16.53s/it, Train loss=0.0244, Train acc=0.00725, Test loss=0.351, Test acc=0.0841]
 76%|███████▌  | 152/200 [41:45<13:12, 16.51s/it, Train loss=0.0244, Train acc=0.00725, Test loss=0.351, Test acc=0.0841]
 76%|███████▌  | 152/200 [42:02<13:12, 16.51s/it, Train loss=0.024, Train acc=0.00705, Test loss=0.355, Test acc=0.0866] 
 76%|███████▋  | 153/200 [42:02<12:54, 16.47s/it, Train loss=0.024, Train acc=0.00705, Test loss=0.355, Test acc=0.0866]
 76%|███████▋  | 153/200 [42:18<12:54, 16.47s/it, Train loss=0.0232, Train acc=0.0063, Test loss=0.367, Test acc=0.0858]
 77%|███████▋  | 154/200 [42:18<12:38, 16.50s/it, Train loss=0.0232, Train acc=0.0063, Test loss=0.367, Test acc=0.0858]
 77%|███████▋  | 154/200 [42:35<12:38, 16.50s/it, Train loss=0.0225, Train acc=0.00605, Test loss=0.359, Test acc=0.0847]
 78%|███████▊  | 155/200 [42:35<12:23, 16.53s/it, Train loss=0.0225, Train acc=0.00605, Test loss=0.359, Test acc=0.0847]
 78%|███████▊  | 155/200 [42:51<12:23, 16.53s/it, Train loss=0.0214, Train acc=0.00593, Test loss=0.359, Test acc=0.084] 
 78%|███████▊  | 156/200 [42:51<12:07, 16.53s/it, Train loss=0.0214, Train acc=0.00593, Test loss=0.359, Test acc=0.084]
 78%|███████▊  | 156/200 [43:08<12:07, 16.53s/it, Train loss=0.0206, Train acc=0.0057, Test loss=0.36, Test acc=0.0853] 
 78%|███████▊  | 157/200 [43:08<11:49, 16.51s/it, Train loss=0.0206, Train acc=0.0057, Test loss=0.36, Test acc=0.0853]
 78%|███████▊  | 157/200 [43:24<11:49, 16.51s/it, Train loss=0.0201, Train acc=0.00555, Test loss=0.359, Test acc=0.0825]
 79%|███████▉  | 158/200 [43:24<11:34, 16.54s/it, Train loss=0.0201, Train acc=0.00555, Test loss=0.359, Test acc=0.0825]
 79%|███████▉  | 158/200 [43:41<11:34, 16.54s/it, Train loss=0.0199, Train acc=0.00568, Test loss=0.355, Test acc=0.0852]
 80%|███████▉  | 159/200 [43:41<11:18, 16.54s/it, Train loss=0.0199, Train acc=0.00568, Test loss=0.355, Test acc=0.0852]
 80%|███████▉  | 159/200 [43:57<11:18, 16.54s/it, Train loss=0.0203, Train acc=0.00532, Test loss=0.353, Test acc=0.0846]
 80%|████████  | 160/200 [43:57<11:00, 16.50s/it, Train loss=0.0203, Train acc=0.00532, Test loss=0.353, Test acc=0.0846]
 80%|████████  | 160/200 [44:14<11:00, 16.50s/it, Train loss=0.0189, Train acc=0.00472, Test loss=0.356, Test acc=0.085] 
 80%|████████  | 161/200 [44:14<10:45, 16.55s/it, Train loss=0.0189, Train acc=0.00472, Test loss=0.356, Test acc=0.085]
 80%|████████  | 161/200 [44:31<10:45, 16.55s/it, Train loss=0.0186, Train acc=0.00509, Test loss=0.356, Test acc=0.0859]
 81%|████████  | 162/200 [44:31<10:29, 16.57s/it, Train loss=0.0186, Train acc=0.00509, Test loss=0.356, Test acc=0.0859]
 81%|████████  | 162/200 [44:47<10:29, 16.57s/it, Train loss=0.018, Train acc=0.00484, Test loss=0.355, Test acc=0.0847] 
 82%|████████▏ | 163/200 [44:47<10:12, 16.56s/it, Train loss=0.018, Train acc=0.00484, Test loss=0.355, Test acc=0.0847]
 82%|████████▏ | 163/200 [45:04<10:12, 16.56s/it, Train loss=0.0179, Train acc=0.00449, Test loss=0.358, Test acc=0.0846]
 82%|████████▏ | 164/200 [45:04<09:55, 16.55s/it, Train loss=0.0179, Train acc=0.00449, Test loss=0.358, Test acc=0.0846]
 82%|████████▏ | 164/200 [45:20<09:55, 16.55s/it, Train loss=0.0172, Train acc=0.00439, Test loss=0.358, Test acc=0.0848]
 82%|████████▎ | 165/200 [45:20<09:39, 16.57s/it, Train loss=0.0172, Train acc=0.00439, Test loss=0.358, Test acc=0.0848]
 82%|████████▎ | 165/200 [45:37<09:39, 16.57s/it, Train loss=0.0169, Train acc=0.00437, Test loss=0.355, Test acc=0.0852]
 83%|████████▎ | 166/200 [45:37<09:23, 16.57s/it, Train loss=0.0169, Train acc=0.00437, Test loss=0.355, Test acc=0.0852]
 83%|████████▎ | 166/200 [45:53<09:23, 16.57s/it, Train loss=0.0162, Train acc=0.00386, Test loss=0.355, Test acc=0.0847]
 84%|████████▎ | 167/200 [45:53<09:06, 16.56s/it, Train loss=0.0162, Train acc=0.00386, Test loss=0.355, Test acc=0.0847]
 84%|████████▎ | 167/200 [46:10<09:06, 16.56s/it, Train loss=0.0165, Train acc=0.00428, Test loss=0.356, Test acc=0.0828]
 84%|████████▍ | 168/200 [46:10<08:50, 16.57s/it, Train loss=0.0165, Train acc=0.00428, Test loss=0.356, Test acc=0.0828]
 84%|████████▍ | 168/200 [46:27<08:50, 16.57s/it, Train loss=0.0166, Train acc=0.00421, Test loss=0.354, Test acc=0.0839]
 84%|████████▍ | 169/200 [46:27<08:34, 16.59s/it, Train loss=0.0166, Train acc=0.00421, Test loss=0.354, Test acc=0.0839]
 84%|████████▍ | 169/200 [46:43<08:34, 16.59s/it, Train loss=0.0163, Train acc=0.00371, Test loss=0.355, Test acc=0.0838]
 85%|████████▌ | 170/200 [46:43<08:18, 16.62s/it, Train loss=0.0163, Train acc=0.00371, Test loss=0.355, Test acc=0.0838]
 85%|████████▌ | 170/200 [47:00<08:18, 16.62s/it, Train loss=0.0149, Train acc=0.00309, Test loss=0.355, Test acc=0.0834]
 86%|████████▌ | 171/200 [47:00<08:00, 16.58s/it, Train loss=0.0149, Train acc=0.00309, Test loss=0.355, Test acc=0.0834]
 86%|████████▌ | 171/200 [47:16<08:00, 16.58s/it, Train loss=0.0151, Train acc=0.00364, Test loss=0.358, Test acc=0.0836]
 86%|████████▌ | 172/200 [47:16<07:44, 16.59s/it, Train loss=0.0151, Train acc=0.00364, Test loss=0.358, Test acc=0.0836]
 86%|████████▌ | 172/200 [47:33<07:44, 16.59s/it, Train loss=0.015, Train acc=0.00346, Test loss=0.36, Test acc=0.0836]  
 86%|████████▋ | 173/200 [47:33<07:27, 16.56s/it, Train loss=0.015, Train acc=0.00346, Test loss=0.36, Test acc=0.0836]
 86%|████████▋ | 173/200 [47:49<07:27, 16.56s/it, Train loss=0.0149, Train acc=0.00325, Test loss=0.357, Test acc=0.0836]
 87%|████████▋ | 174/200 [47:49<07:09, 16.54s/it, Train loss=0.0149, Train acc=0.00325, Test loss=0.357, Test acc=0.0836]
 87%|████████▋ | 174/200 [48:06<07:09, 16.54s/it, Train loss=0.0146, Train acc=0.0033, Test loss=0.358, Test acc=0.0837] 
 88%|████████▊ | 175/200 [48:06<06:54, 16.56s/it, Train loss=0.0146, Train acc=0.0033, Test loss=0.358, Test acc=0.0837]
 88%|████████▊ | 175/200 [48:22<06:54, 16.56s/it, Train loss=0.0138, Train acc=0.00324, Test loss=0.361, Test acc=0.0845]
 88%|████████▊ | 176/200 [48:22<06:37, 16.55s/it, Train loss=0.0138, Train acc=0.00324, Test loss=0.361, Test acc=0.0845]
 88%|████████▊ | 176/200 [48:39<06:37, 16.55s/it, Train loss=0.0151, Train acc=0.00375, Test loss=0.361, Test acc=0.0837]
 88%|████████▊ | 177/200 [48:39<06:20, 16.55s/it, Train loss=0.0151, Train acc=0.00375, Test loss=0.361, Test acc=0.0837]
 88%|████████▊ | 177/200 [48:56<06:20, 16.55s/it, Train loss=0.0142, Train acc=0.00338, Test loss=0.362, Test acc=0.0838]
 89%|████████▉ | 178/200 [48:56<06:03, 16.54s/it, Train loss=0.0142, Train acc=0.00338, Test loss=0.362, Test acc=0.0838]
 89%|████████▉ | 178/200 [49:12<06:03, 16.54s/it, Train loss=0.0144, Train acc=0.00352, Test loss=0.36, Test acc=0.0845] 
 90%|████████▉ | 179/200 [49:12<05:48, 16.57s/it, Train loss=0.0144, Train acc=0.00352, Test loss=0.36, Test acc=0.0845]
 90%|████████▉ | 179/200 [49:29<05:48, 16.57s/it, Train loss=0.0133, Train acc=0.00305, Test loss=0.36, Test acc=0.0842]
 90%|█████████ | 180/200 [49:29<05:30, 16.53s/it, Train loss=0.0133, Train acc=0.00305, Test loss=0.36, Test acc=0.0842]
 90%|█████████ | 180/200 [49:45<05:30, 16.53s/it, Train loss=0.0137, Train acc=0.00294, Test loss=0.36, Test acc=0.0848]
 90%|█████████ | 181/200 [49:45<05:13, 16.49s/it, Train loss=0.0137, Train acc=0.00294, Test loss=0.36, Test acc=0.0848]
 90%|█████████ | 181/200 [50:02<05:13, 16.49s/it, Train loss=0.0127, Train acc=0.00243, Test loss=0.361, Test acc=0.084]
 91%|█████████ | 182/200 [50:02<04:57, 16.54s/it, Train loss=0.0127, Train acc=0.00243, Test loss=0.361, Test acc=0.084]
 91%|█████████ | 182/200 [50:18<04:57, 16.54s/it, Train loss=0.0131, Train acc=0.00273, Test loss=0.36, Test acc=0.0845]
 92%|█████████▏| 183/200 [50:18<04:41, 16.57s/it, Train loss=0.0131, Train acc=0.00273, Test loss=0.36, Test acc=0.0845]
 92%|█████████▏| 183/200 [50:35<04:41, 16.57s/it, Train loss=0.0132, Train acc=0.00274, Test loss=0.36, Test acc=0.0847]
 92%|█████████▏| 184/200 [50:35<04:25, 16.58s/it, Train loss=0.0132, Train acc=0.00274, Test loss=0.36, Test acc=0.0847]
 92%|█████████▏| 184/200 [50:51<04:25, 16.58s/it, Train loss=0.0129, Train acc=0.00254, Test loss=0.359, Test acc=0.0838]
 92%|█████████▎| 185/200 [50:51<04:08, 16.58s/it, Train loss=0.0129, Train acc=0.00254, Test loss=0.359, Test acc=0.0838]
 92%|█████████▎| 185/200 [51:08<04:08, 16.58s/it, Train loss=0.0128, Train acc=0.0027, Test loss=0.361, Test acc=0.0827] 
 93%|█████████▎| 186/200 [51:08<03:51, 16.53s/it, Train loss=0.0128, Train acc=0.0027, Test loss=0.361, Test acc=0.0827]
 93%|█████████▎| 186/200 [51:24<03:51, 16.53s/it, Train loss=0.0127, Train acc=0.00277, Test loss=0.36, Test acc=0.0831]
 94%|█████████▎| 187/200 [51:24<03:34, 16.47s/it, Train loss=0.0127, Train acc=0.00277, Test loss=0.36, Test acc=0.0831]
 94%|█████████▎| 187/200 [51:41<03:34, 16.47s/it, Train loss=0.013, Train acc=0.00303, Test loss=0.359, Test acc=0.0827]
 94%|█████████▍| 188/200 [51:41<03:17, 16.45s/it, Train loss=0.013, Train acc=0.00303, Test loss=0.359, Test acc=0.0827]
 94%|█████████▍| 188/200 [51:57<03:17, 16.45s/it, Train loss=0.0132, Train acc=0.00271, Test loss=0.36, Test acc=0.0831]
 94%|█████████▍| 189/200 [51:57<03:00, 16.43s/it, Train loss=0.0132, Train acc=0.00271, Test loss=0.36, Test acc=0.0831]
 94%|█████████▍| 189/200 [52:13<03:00, 16.43s/it, Train loss=0.013, Train acc=0.00305, Test loss=0.36, Test acc=0.0827] 
 95%|█████████▌| 190/200 [52:13<02:44, 16.44s/it, Train loss=0.013, Train acc=0.00305, Test loss=0.36, Test acc=0.0827]
 95%|█████████▌| 190/200 [52:30<02:44, 16.44s/it, Train loss=0.0131, Train acc=0.00273, Test loss=0.359, Test acc=0.0835]
 96%|█████████▌| 191/200 [52:30<02:27, 16.44s/it, Train loss=0.0131, Train acc=0.00273, Test loss=0.359, Test acc=0.0835]
 96%|█████████▌| 191/200 [52:46<02:27, 16.44s/it, Train loss=0.0125, Train acc=0.00259, Test loss=0.359, Test acc=0.0823]
 96%|█████████▌| 192/200 [52:46<02:11, 16.47s/it, Train loss=0.0125, Train acc=0.00259, Test loss=0.359, Test acc=0.0823]
 96%|█████████▌| 192/200 [53:03<02:11, 16.47s/it, Train loss=0.0128, Train acc=0.00262, Test loss=0.359, Test acc=0.083] 
 96%|█████████▋| 193/200 [53:03<01:55, 16.47s/it, Train loss=0.0128, Train acc=0.00262, Test loss=0.359, Test acc=0.083]
 96%|█████████▋| 193/200 [53:19<01:55, 16.47s/it, Train loss=0.0127, Train acc=0.00284, Test loss=0.358, Test acc=0.0819]
 97%|█████████▋| 194/200 [53:19<01:38, 16.45s/it, Train loss=0.0127, Train acc=0.00284, Test loss=0.358, Test acc=0.0819]
 97%|█████████▋| 194/200 [53:36<01:38, 16.45s/it, Train loss=0.0128, Train acc=0.0028, Test loss=0.358, Test acc=0.0832] 
 98%|█████████▊| 195/200 [53:36<01:22, 16.44s/it, Train loss=0.0128, Train acc=0.0028, Test loss=0.358, Test acc=0.0832]
 98%|█████████▊| 195/200 [53:52<01:22, 16.44s/it, Train loss=0.013, Train acc=0.00267, Test loss=0.358, Test acc=0.0827]
 98%|█████████▊| 196/200 [53:52<01:05, 16.48s/it, Train loss=0.013, Train acc=0.00267, Test loss=0.358, Test acc=0.0827]
 98%|█████████▊| 196/200 [54:09<01:05, 16.48s/it, Train loss=0.0129, Train acc=0.00287, Test loss=0.359, Test acc=0.0827]
 98%|█████████▊| 197/200 [54:09<00:49, 16.48s/it, Train loss=0.0129, Train acc=0.00287, Test loss=0.359, Test acc=0.0827]
 98%|█████████▊| 197/200 [54:25<00:49, 16.48s/it, Train loss=0.0125, Train acc=0.00271, Test loss=0.359, Test acc=0.0822]
 99%|█████████▉| 198/200 [54:25<00:32, 16.43s/it, Train loss=0.0125, Train acc=0.00271, Test loss=0.359, Test acc=0.0822]
 99%|█████████▉| 198/200 [54:42<00:32, 16.43s/it, Train loss=0.0129, Train acc=0.00274, Test loss=0.36, Test acc=0.0832] 
100%|█████████▉| 199/200 [54:42<00:16, 16.45s/it, Train loss=0.0129, Train acc=0.00274, Test loss=0.36, Test acc=0.0832]
100%|█████████▉| 199/200 [54:58<00:16, 16.45s/it, Train loss=0.0128, Train acc=0.00299, Test loss=0.358, Test acc=0.0834]
100%|██████████| 200/200 [54:58<00:00, 16.48s/it, Train loss=0.0128, Train acc=0.00299, Test loss=0.358, Test acc=0.0834]
100%|██████████| 200/200 [54:58<00:00, 16.49s/it, Train loss=0.0128, Train acc=0.00299, Test loss=0.358, Test acc=0.0834]
