Files already downloaded and verified
Files already downloaded and verified
load resnet18...

  0%|          | 0/200 [00:00<?, ?it/s]
  0%|          | 0/200 [00:17<?, ?it/s, Train loss=2.02, Train acc=0.74, Test loss=1.82, Test acc=0.69]
  0%|          | 1/200 [00:17<57:06, 17.22s/it, Train loss=2.02, Train acc=0.74, Test loss=1.82, Test acc=0.69]
  0%|          | 1/200 [00:33<57:06, 17.22s/it, Train loss=1.69, Train acc=0.643, Test loss=1.62, Test acc=0.618]
  1%|          | 2/200 [00:33<55:22, 16.78s/it, Train loss=1.69, Train acc=0.643, Test loss=1.62, Test acc=0.618]
  1%|          | 2/200 [00:50<55:22, 16.78s/it, Train loss=1.56, Train acc=0.586, Test loss=1.54, Test acc=0.602]
  2%|▏         | 3/200 [00:50<54:24, 16.57s/it, Train loss=1.56, Train acc=0.586, Test loss=1.54, Test acc=0.602]
  2%|▏         | 3/200 [01:06<54:24, 16.57s/it, Train loss=1.47, Train acc=0.552, Test loss=1.5, Test acc=0.588] 
  2%|▏         | 4/200 [01:06<54:01, 16.54s/it, Train loss=1.47, Train acc=0.552, Test loss=1.5, Test acc=0.588]
  2%|▏         | 4/200 [01:22<54:01, 16.54s/it, Train loss=1.37, Train acc=0.51, Test loss=1.47, Test acc=0.551]
  2%|▎         | 5/200 [01:22<53:36, 16.49s/it, Train loss=1.37, Train acc=0.51, Test loss=1.47, Test acc=0.551]
  2%|▎         | 5/200 [01:39<53:36, 16.49s/it, Train loss=1.3, Train acc=0.482, Test loss=1.58, Test acc=0.571]
  3%|▎         | 6/200 [01:39<53:27, 16.54s/it, Train loss=1.3, Train acc=0.482, Test loss=1.58, Test acc=0.571]
  3%|▎         | 6/200 [01:55<53:27, 16.54s/it, Train loss=1.22, Train acc=0.448, Test loss=1.48, Test acc=0.524]
  4%|▎         | 7/200 [01:55<53:04, 16.50s/it, Train loss=1.22, Train acc=0.448, Test loss=1.48, Test acc=0.524]
  4%|▎         | 7/200 [02:12<53:04, 16.50s/it, Train loss=1.15, Train acc=0.416, Test loss=1.16, Test acc=0.422]
  4%|▍         | 8/200 [02:12<52:44, 16.48s/it, Train loss=1.15, Train acc=0.416, Test loss=1.16, Test acc=0.422]
  4%|▍         | 8/200 [02:28<52:44, 16.48s/it, Train loss=1.08, Train acc=0.389, Test loss=1.39, Test acc=0.464]
  4%|▍         | 9/200 [02:28<52:25, 16.47s/it, Train loss=1.08, Train acc=0.389, Test loss=1.39, Test acc=0.464]
  4%|▍         | 9/200 [02:45<52:25, 16.47s/it, Train loss=1.01, Train acc=0.364, Test loss=1.09, Test acc=0.407]
  5%|▌         | 10/200 [02:45<51:56, 16.40s/it, Train loss=1.01, Train acc=0.364, Test loss=1.09, Test acc=0.407]
  5%|▌         | 10/200 [03:01<51:56, 16.40s/it, Train loss=0.958, Train acc=0.343, Test loss=1.01, Test acc=0.37]
  6%|▌         | 11/200 [03:01<51:35, 16.38s/it, Train loss=0.958, Train acc=0.343, Test loss=1.01, Test acc=0.37]
  6%|▌         | 11/200 [03:17<51:35, 16.38s/it, Train loss=0.898, Train acc=0.322, Test loss=0.993, Test acc=0.352]
  6%|▌         | 12/200 [03:17<51:21, 16.39s/it, Train loss=0.898, Train acc=0.322, Test loss=0.993, Test acc=0.352]
  6%|▌         | 12/200 [03:34<51:21, 16.39s/it, Train loss=0.844, Train acc=0.298, Test loss=0.999, Test acc=0.359]
  6%|▋         | 13/200 [03:34<51:14, 16.44s/it, Train loss=0.844, Train acc=0.298, Test loss=0.999, Test acc=0.359]
  6%|▋         | 13/200 [03:50<51:14, 16.44s/it, Train loss=0.792, Train acc=0.28, Test loss=0.887, Test acc=0.314] 
  7%|▋         | 14/200 [03:50<50:51, 16.40s/it, Train loss=0.792, Train acc=0.28, Test loss=0.887, Test acc=0.314]
  7%|▋         | 14/200 [04:06<50:51, 16.40s/it, Train loss=0.758, Train acc=0.268, Test loss=0.814, Test acc=0.296]
  8%|▊         | 15/200 [04:06<50:27, 16.37s/it, Train loss=0.758, Train acc=0.268, Test loss=0.814, Test acc=0.296]
  8%|▊         | 15/200 [04:23<50:27, 16.37s/it, Train loss=0.721, Train acc=0.253, Test loss=1.01, Test acc=0.359] 
  8%|▊         | 16/200 [04:23<50:09, 16.36s/it, Train loss=0.721, Train acc=0.253, Test loss=1.01, Test acc=0.359]
  8%|▊         | 16/200 [04:39<50:09, 16.36s/it, Train loss=0.694, Train acc=0.244, Test loss=0.905, Test acc=0.327]
  8%|▊         | 17/200 [04:39<49:54, 16.36s/it, Train loss=0.694, Train acc=0.244, Test loss=0.905, Test acc=0.327]
  8%|▊         | 17/200 [04:55<49:54, 16.36s/it, Train loss=0.661, Train acc=0.233, Test loss=0.943, Test acc=0.334]
  9%|▉         | 18/200 [04:55<49:28, 16.31s/it, Train loss=0.661, Train acc=0.233, Test loss=0.943, Test acc=0.334]
  9%|▉         | 18/200 [05:12<49:28, 16.31s/it, Train loss=0.64, Train acc=0.225, Test loss=0.816, Test acc=0.284] 
 10%|▉         | 19/200 [05:12<49:06, 16.28s/it, Train loss=0.64, Train acc=0.225, Test loss=0.816, Test acc=0.284]
 10%|▉         | 19/200 [05:28<49:06, 16.28s/it, Train loss=0.611, Train acc=0.213, Test loss=0.759, Test acc=0.267]
 10%|█         | 20/200 [05:28<49:00, 16.34s/it, Train loss=0.611, Train acc=0.213, Test loss=0.759, Test acc=0.267]
 10%|█         | 20/200 [05:44<49:00, 16.34s/it, Train loss=0.596, Train acc=0.207, Test loss=0.764, Test acc=0.266]
 10%|█         | 21/200 [05:44<48:39, 16.31s/it, Train loss=0.596, Train acc=0.207, Test loss=0.764, Test acc=0.266]
 10%|█         | 21/200 [06:01<48:39, 16.31s/it, Train loss=0.573, Train acc=0.2, Test loss=0.747, Test acc=0.263]  
 11%|█         | 22/200 [06:01<48:28, 16.34s/it, Train loss=0.573, Train acc=0.2, Test loss=0.747, Test acc=0.263]
 11%|█         | 22/200 [06:17<48:28, 16.34s/it, Train loss=0.553, Train acc=0.194, Test loss=0.787, Test acc=0.271]
 12%|█▏        | 23/200 [06:17<48:20, 16.39s/it, Train loss=0.553, Train acc=0.194, Test loss=0.787, Test acc=0.271]
 12%|█▏        | 23/200 [06:33<48:20, 16.39s/it, Train loss=0.545, Train acc=0.191, Test loss=0.69, Test acc=0.243] 
 12%|█▏        | 24/200 [06:33<47:55, 16.34s/it, Train loss=0.545, Train acc=0.191, Test loss=0.69, Test acc=0.243]
 12%|█▏        | 24/200 [06:50<47:55, 16.34s/it, Train loss=0.528, Train acc=0.185, Test loss=0.615, Test acc=0.215]
 12%|█▎        | 25/200 [06:50<47:33, 16.31s/it, Train loss=0.528, Train acc=0.185, Test loss=0.615, Test acc=0.215]
 12%|█▎        | 25/200 [07:06<47:33, 16.31s/it, Train loss=0.509, Train acc=0.177, Test loss=0.9, Test acc=0.296]  
 13%|█▎        | 26/200 [07:06<47:30, 16.38s/it, Train loss=0.509, Train acc=0.177, Test loss=0.9, Test acc=0.296]
 13%|█▎        | 26/200 [07:23<47:30, 16.38s/it, Train loss=0.492, Train acc=0.171, Test loss=0.586, Test acc=0.206]
 14%|█▎        | 27/200 [07:23<47:13, 16.38s/it, Train loss=0.492, Train acc=0.171, Test loss=0.586, Test acc=0.206]
 14%|█▎        | 27/200 [07:39<47:13, 16.38s/it, Train loss=0.477, Train acc=0.165, Test loss=0.624, Test acc=0.214]
 14%|█▍        | 28/200 [07:39<46:49, 16.34s/it, Train loss=0.477, Train acc=0.165, Test loss=0.624, Test acc=0.214]
 14%|█▍        | 28/200 [07:55<46:49, 16.34s/it, Train loss=0.471, Train acc=0.165, Test loss=0.738, Test acc=0.247]
 14%|█▍        | 29/200 [07:55<46:26, 16.30s/it, Train loss=0.471, Train acc=0.165, Test loss=0.738, Test acc=0.247]
 14%|█▍        | 29/200 [08:11<46:26, 16.30s/it, Train loss=0.454, Train acc=0.159, Test loss=0.644, Test acc=0.223]
 15%|█▌        | 30/200 [08:11<46:13, 16.32s/it, Train loss=0.454, Train acc=0.159, Test loss=0.644, Test acc=0.223]
 15%|█▌        | 30/200 [08:28<46:13, 16.32s/it, Train loss=0.449, Train acc=0.158, Test loss=0.615, Test acc=0.213]
 16%|█▌        | 31/200 [08:28<46:02, 16.34s/it, Train loss=0.449, Train acc=0.158, Test loss=0.615, Test acc=0.213]
 16%|█▌        | 31/200 [08:44<46:02, 16.34s/it, Train loss=0.43, Train acc=0.15, Test loss=0.581, Test acc=0.203]  
 16%|█▌        | 32/200 [08:44<45:55, 16.40s/it, Train loss=0.43, Train acc=0.15, Test loss=0.581, Test acc=0.203]
 16%|█▌        | 32/200 [09:01<45:55, 16.40s/it, Train loss=0.421, Train acc=0.145, Test loss=0.622, Test acc=0.211]
 16%|█▋        | 33/200 [09:01<45:43, 16.43s/it, Train loss=0.421, Train acc=0.145, Test loss=0.622, Test acc=0.211]
 16%|█▋        | 33/200 [09:17<45:43, 16.43s/it, Train loss=0.415, Train acc=0.146, Test loss=0.707, Test acc=0.235]
 17%|█▋        | 34/200 [09:17<45:15, 16.36s/it, Train loss=0.415, Train acc=0.146, Test loss=0.707, Test acc=0.235]
 17%|█▋        | 34/200 [09:33<45:15, 16.36s/it, Train loss=0.404, Train acc=0.143, Test loss=0.511, Test acc=0.179]
 18%|█▊        | 35/200 [09:33<44:53, 16.32s/it, Train loss=0.404, Train acc=0.143, Test loss=0.511, Test acc=0.179]
 18%|█▊        | 35/200 [09:50<44:53, 16.32s/it, Train loss=0.39, Train acc=0.137, Test loss=0.577, Test acc=0.194] 
 18%|█▊        | 36/200 [09:50<44:44, 16.37s/it, Train loss=0.39, Train acc=0.137, Test loss=0.577, Test acc=0.194]
 18%|█▊        | 36/200 [10:06<44:44, 16.37s/it, Train loss=0.383, Train acc=0.134, Test loss=0.553, Test acc=0.19]
 18%|█▊        | 37/200 [10:06<44:28, 16.37s/it, Train loss=0.383, Train acc=0.134, Test loss=0.553, Test acc=0.19]
 18%|█▊        | 37/200 [10:23<44:28, 16.37s/it, Train loss=0.372, Train acc=0.128, Test loss=0.635, Test acc=0.212]
 19%|█▉        | 38/200 [10:23<44:13, 16.38s/it, Train loss=0.372, Train acc=0.128, Test loss=0.635, Test acc=0.212]
 19%|█▉        | 38/200 [10:39<44:13, 16.38s/it, Train loss=0.369, Train acc=0.129, Test loss=0.611, Test acc=0.21] 
 20%|█▉        | 39/200 [10:39<43:53, 16.36s/it, Train loss=0.369, Train acc=0.129, Test loss=0.611, Test acc=0.21]
 20%|█▉        | 39/200 [10:55<43:53, 16.36s/it, Train loss=0.359, Train acc=0.127, Test loss=0.689, Test acc=0.217]
 20%|██        | 40/200 [10:55<43:39, 16.37s/it, Train loss=0.359, Train acc=0.127, Test loss=0.689, Test acc=0.217]
 20%|██        | 40/200 [11:12<43:39, 16.37s/it, Train loss=0.351, Train acc=0.124, Test loss=0.514, Test acc=0.174]
 20%|██        | 41/200 [11:12<43:19, 16.35s/it, Train loss=0.351, Train acc=0.124, Test loss=0.514, Test acc=0.174]
 20%|██        | 41/200 [11:28<43:19, 16.35s/it, Train loss=0.342, Train acc=0.119, Test loss=0.503, Test acc=0.167]
 21%|██        | 42/200 [11:28<42:56, 16.31s/it, Train loss=0.342, Train acc=0.119, Test loss=0.503, Test acc=0.167]
 21%|██        | 42/200 [11:44<42:56, 16.31s/it, Train loss=0.336, Train acc=0.117, Test loss=0.6, Test acc=0.197]  
 22%|██▏       | 43/200 [11:44<42:26, 16.22s/it, Train loss=0.336, Train acc=0.117, Test loss=0.6, Test acc=0.197]
 22%|██▏       | 43/200 [12:00<42:26, 16.22s/it, Train loss=0.33, Train acc=0.116, Test loss=0.478, Test acc=0.161]
 22%|██▏       | 44/200 [12:00<42:08, 16.21s/it, Train loss=0.33, Train acc=0.116, Test loss=0.478, Test acc=0.161]
 22%|██▏       | 44/200 [12:16<42:08, 16.21s/it, Train loss=0.321, Train acc=0.111, Test loss=0.419, Test acc=0.139]
 22%|██▎       | 45/200 [12:16<41:46, 16.17s/it, Train loss=0.321, Train acc=0.111, Test loss=0.419, Test acc=0.139]
 22%|██▎       | 45/200 [12:32<41:46, 16.17s/it, Train loss=0.316, Train acc=0.111, Test loss=0.518, Test acc=0.172]
 23%|██▎       | 46/200 [12:32<41:22, 16.12s/it, Train loss=0.316, Train acc=0.111, Test loss=0.518, Test acc=0.172]
 23%|██▎       | 46/200 [12:48<41:22, 16.12s/it, Train loss=0.31, Train acc=0.109, Test loss=0.658, Test acc=0.208] 
 24%|██▎       | 47/200 [12:48<41:13, 16.16s/it, Train loss=0.31, Train acc=0.109, Test loss=0.658, Test acc=0.208]
 24%|██▎       | 47/200 [13:05<41:13, 16.16s/it, Train loss=0.302, Train acc=0.106, Test loss=0.488, Test acc=0.16]
 24%|██▍       | 48/200 [13:05<41:01, 16.20s/it, Train loss=0.302, Train acc=0.106, Test loss=0.488, Test acc=0.16]
 24%|██▍       | 48/200 [13:21<41:01, 16.20s/it, Train loss=0.298, Train acc=0.103, Test loss=0.499, Test acc=0.165]
 24%|██▍       | 49/200 [13:21<40:39, 16.16s/it, Train loss=0.298, Train acc=0.103, Test loss=0.499, Test acc=0.165]
 24%|██▍       | 49/200 [13:37<40:39, 16.16s/it, Train loss=0.29, Train acc=0.102, Test loss=0.64, Test acc=0.203]  
 25%|██▌       | 50/200 [13:37<40:23, 16.15s/it, Train loss=0.29, Train acc=0.102, Test loss=0.64, Test acc=0.203]
 25%|██▌       | 50/200 [13:53<40:23, 16.15s/it, Train loss=0.28, Train acc=0.0978, Test loss=0.469, Test acc=0.155]
 26%|██▌       | 51/200 [13:53<40:08, 16.16s/it, Train loss=0.28, Train acc=0.0978, Test loss=0.469, Test acc=0.155]
 26%|██▌       | 51/200 [14:09<40:08, 16.16s/it, Train loss=0.277, Train acc=0.0969, Test loss=0.527, Test acc=0.177]
 26%|██▌       | 52/200 [14:09<39:53, 16.17s/it, Train loss=0.277, Train acc=0.0969, Test loss=0.527, Test acc=0.177]
 26%|██▌       | 52/200 [14:25<39:53, 16.17s/it, Train loss=0.272, Train acc=0.0945, Test loss=0.533, Test acc=0.175]
 26%|██▋       | 53/200 [14:25<39:30, 16.13s/it, Train loss=0.272, Train acc=0.0945, Test loss=0.533, Test acc=0.175]
 26%|██▋       | 53/200 [14:41<39:30, 16.13s/it, Train loss=0.266, Train acc=0.0943, Test loss=0.488, Test acc=0.167]
 27%|██▋       | 54/200 [14:41<39:14, 16.13s/it, Train loss=0.266, Train acc=0.0943, Test loss=0.488, Test acc=0.167]
 27%|██▋       | 54/200 [14:57<39:14, 16.13s/it, Train loss=0.26, Train acc=0.0909, Test loss=0.521, Test acc=0.172] 
 28%|██▊       | 55/200 [14:57<38:54, 16.10s/it, Train loss=0.26, Train acc=0.0909, Test loss=0.521, Test acc=0.172]
 28%|██▊       | 55/200 [15:14<38:54, 16.10s/it, Train loss=0.251, Train acc=0.0877, Test loss=0.534, Test acc=0.174]
 28%|██▊       | 56/200 [15:14<38:43, 16.14s/it, Train loss=0.251, Train acc=0.0877, Test loss=0.534, Test acc=0.174]
 28%|██▊       | 56/200 [15:30<38:43, 16.14s/it, Train loss=0.25, Train acc=0.0875, Test loss=0.451, Test acc=0.147] 
 28%|██▊       | 57/200 [15:30<38:23, 16.11s/it, Train loss=0.25, Train acc=0.0875, Test loss=0.451, Test acc=0.147]
 28%|██▊       | 57/200 [15:46<38:23, 16.11s/it, Train loss=0.248, Train acc=0.0873, Test loss=0.558, Test acc=0.182]
 29%|██▉       | 58/200 [15:46<38:04, 16.09s/it, Train loss=0.248, Train acc=0.0873, Test loss=0.558, Test acc=0.182]
 29%|██▉       | 58/200 [16:02<38:04, 16.09s/it, Train loss=0.244, Train acc=0.0864, Test loss=0.503, Test acc=0.167]
 30%|██▉       | 59/200 [16:02<37:48, 16.09s/it, Train loss=0.244, Train acc=0.0864, Test loss=0.503, Test acc=0.167]
 30%|██▉       | 59/200 [16:18<37:48, 16.09s/it, Train loss=0.232, Train acc=0.0802, Test loss=0.405, Test acc=0.135]
 30%|███       | 60/200 [16:18<37:35, 16.11s/it, Train loss=0.232, Train acc=0.0802, Test loss=0.405, Test acc=0.135]
 30%|███       | 60/200 [16:34<37:35, 16.11s/it, Train loss=0.228, Train acc=0.0806, Test loss=0.405, Test acc=0.133]
 30%|███       | 61/200 [16:34<37:28, 16.18s/it, Train loss=0.228, Train acc=0.0806, Test loss=0.405, Test acc=0.133]
 30%|███       | 61/200 [16:50<37:28, 16.18s/it, Train loss=0.226, Train acc=0.0804, Test loss=0.447, Test acc=0.146]
 31%|███       | 62/200 [16:50<37:13, 16.19s/it, Train loss=0.226, Train acc=0.0804, Test loss=0.447, Test acc=0.146]
 31%|███       | 62/200 [17:07<37:13, 16.19s/it, Train loss=0.223, Train acc=0.079, Test loss=0.426, Test acc=0.141] 
 32%|███▏      | 63/200 [17:07<37:00, 16.21s/it, Train loss=0.223, Train acc=0.079, Test loss=0.426, Test acc=0.141]
 32%|███▏      | 63/200 [17:23<37:00, 16.21s/it, Train loss=0.22, Train acc=0.0779, Test loss=0.452, Test acc=0.143]
 32%|███▏      | 64/200 [17:23<36:45, 16.22s/it, Train loss=0.22, Train acc=0.0779, Test loss=0.452, Test acc=0.143]
 32%|███▏      | 64/200 [17:39<36:45, 16.22s/it, Train loss=0.218, Train acc=0.0766, Test loss=0.464, Test acc=0.145]
 32%|███▎      | 65/200 [17:39<36:28, 16.21s/it, Train loss=0.218, Train acc=0.0766, Test loss=0.464, Test acc=0.145]
 32%|███▎      | 65/200 [17:55<36:28, 16.21s/it, Train loss=0.209, Train acc=0.0743, Test loss=0.499, Test acc=0.155]
 33%|███▎      | 66/200 [17:55<36:16, 16.24s/it, Train loss=0.209, Train acc=0.0743, Test loss=0.499, Test acc=0.155]
 33%|███▎      | 66/200 [18:12<36:16, 16.24s/it, Train loss=0.208, Train acc=0.0729, Test loss=0.403, Test acc=0.133]
 34%|███▎      | 67/200 [18:12<36:02, 16.26s/it, Train loss=0.208, Train acc=0.0729, Test loss=0.403, Test acc=0.133]
 34%|███▎      | 67/200 [18:28<36:02, 16.26s/it, Train loss=0.203, Train acc=0.0726, Test loss=0.405, Test acc=0.131]
 34%|███▍      | 68/200 [18:28<35:44, 16.25s/it, Train loss=0.203, Train acc=0.0726, Test loss=0.405, Test acc=0.131]
 34%|███▍      | 68/200 [18:44<35:44, 16.25s/it, Train loss=0.198, Train acc=0.0693, Test loss=0.389, Test acc=0.126]
 34%|███▍      | 69/200 [18:44<35:26, 16.23s/it, Train loss=0.198, Train acc=0.0693, Test loss=0.389, Test acc=0.126]
 34%|███▍      | 69/200 [19:00<35:26, 16.23s/it, Train loss=0.197, Train acc=0.0705, Test loss=0.409, Test acc=0.129]
 35%|███▌      | 70/200 [19:00<35:09, 16.23s/it, Train loss=0.197, Train acc=0.0705, Test loss=0.409, Test acc=0.129]
 35%|███▌      | 70/200 [19:16<35:09, 16.23s/it, Train loss=0.188, Train acc=0.0657, Test loss=0.423, Test acc=0.135]
 36%|███▌      | 71/200 [19:16<34:45, 16.16s/it, Train loss=0.188, Train acc=0.0657, Test loss=0.423, Test acc=0.135]
 36%|███▌      | 71/200 [19:33<34:45, 16.16s/it, Train loss=0.186, Train acc=0.0658, Test loss=0.401, Test acc=0.126]
 36%|███▌      | 72/200 [19:33<34:31, 16.18s/it, Train loss=0.186, Train acc=0.0658, Test loss=0.401, Test acc=0.126]
 36%|███▌      | 72/200 [19:49<34:31, 16.18s/it, Train loss=0.178, Train acc=0.0633, Test loss=0.438, Test acc=0.138]
 36%|███▋      | 73/200 [19:49<34:16, 16.19s/it, Train loss=0.178, Train acc=0.0633, Test loss=0.438, Test acc=0.138]
 36%|███▋      | 73/200 [20:05<34:16, 16.19s/it, Train loss=0.18, Train acc=0.0642, Test loss=0.444, Test acc=0.136] 
 37%|███▋      | 74/200 [20:05<33:57, 16.17s/it, Train loss=0.18, Train acc=0.0642, Test loss=0.444, Test acc=0.136]
 37%|███▋      | 74/200 [20:21<33:57, 16.17s/it, Train loss=0.178, Train acc=0.0634, Test loss=0.481, Test acc=0.151]
 38%|███▊      | 75/200 [20:21<33:34, 16.11s/it, Train loss=0.178, Train acc=0.0634, Test loss=0.481, Test acc=0.151]
 38%|███▊      | 75/200 [20:37<33:34, 16.11s/it, Train loss=0.172, Train acc=0.061, Test loss=0.358, Test acc=0.116] 
 38%|███▊      | 76/200 [20:37<33:17, 16.11s/it, Train loss=0.172, Train acc=0.061, Test loss=0.358, Test acc=0.116]
 38%|███▊      | 76/200 [20:53<33:17, 16.11s/it, Train loss=0.165, Train acc=0.0583, Test loss=0.448, Test acc=0.142]
 38%|███▊      | 77/200 [20:53<33:00, 16.10s/it, Train loss=0.165, Train acc=0.0583, Test loss=0.448, Test acc=0.142]
 38%|███▊      | 77/200 [21:09<33:00, 16.10s/it, Train loss=0.163, Train acc=0.0572, Test loss=0.528, Test acc=0.156]
 39%|███▉      | 78/200 [21:09<32:42, 16.09s/it, Train loss=0.163, Train acc=0.0572, Test loss=0.528, Test acc=0.156]
 39%|███▉      | 78/200 [21:25<32:42, 16.09s/it, Train loss=0.163, Train acc=0.0588, Test loss=0.434, Test acc=0.136]
 40%|███▉      | 79/200 [21:25<32:26, 16.08s/it, Train loss=0.163, Train acc=0.0588, Test loss=0.434, Test acc=0.136]
 40%|███▉      | 79/200 [21:41<32:26, 16.08s/it, Train loss=0.162, Train acc=0.0566, Test loss=0.37, Test acc=0.118] 
 40%|████      | 80/200 [21:41<32:10, 16.09s/it, Train loss=0.162, Train acc=0.0566, Test loss=0.37, Test acc=0.118]
 40%|████      | 80/200 [21:58<32:10, 16.09s/it, Train loss=0.154, Train acc=0.0551, Test loss=0.431, Test acc=0.131]
 40%|████      | 81/200 [21:58<32:00, 16.14s/it, Train loss=0.154, Train acc=0.0551, Test loss=0.431, Test acc=0.131]
 40%|████      | 81/200 [22:14<32:00, 16.14s/it, Train loss=0.153, Train acc=0.0549, Test loss=0.4, Test acc=0.127]  
 41%|████      | 82/200 [22:14<31:46, 16.16s/it, Train loss=0.153, Train acc=0.0549, Test loss=0.4, Test acc=0.127]
 41%|████      | 82/200 [22:30<31:46, 16.16s/it, Train loss=0.147, Train acc=0.0515, Test loss=0.33, Test acc=0.106]
 42%|████▏     | 83/200 [22:30<31:33, 16.18s/it, Train loss=0.147, Train acc=0.0515, Test loss=0.33, Test acc=0.106]
 42%|████▏     | 83/200 [22:46<31:33, 16.18s/it, Train loss=0.144, Train acc=0.051, Test loss=0.36, Test acc=0.108] 
 42%|████▏     | 84/200 [22:46<31:18, 16.20s/it, Train loss=0.144, Train acc=0.051, Test loss=0.36, Test acc=0.108]
 42%|████▏     | 84/200 [23:02<31:18, 16.20s/it, Train loss=0.14, Train acc=0.0493, Test loss=0.444, Test acc=0.131]
 42%|████▎     | 85/200 [23:02<31:03, 16.20s/it, Train loss=0.14, Train acc=0.0493, Test loss=0.444, Test acc=0.131]
 42%|████▎     | 85/200 [23:19<31:03, 16.20s/it, Train loss=0.141, Train acc=0.0493, Test loss=0.358, Test acc=0.111]
 43%|████▎     | 86/200 [23:19<30:48, 16.22s/it, Train loss=0.141, Train acc=0.0493, Test loss=0.358, Test acc=0.111]
 43%|████▎     | 86/200 [23:35<30:48, 16.22s/it, Train loss=0.138, Train acc=0.0482, Test loss=0.505, Test acc=0.141]
 44%|████▎     | 87/200 [23:35<30:37, 16.26s/it, Train loss=0.138, Train acc=0.0482, Test loss=0.505, Test acc=0.141]
 44%|████▎     | 87/200 [23:51<30:37, 16.26s/it, Train loss=0.133, Train acc=0.047, Test loss=0.364, Test acc=0.115] 
 44%|████▍     | 88/200 [23:51<30:23, 16.28s/it, Train loss=0.133, Train acc=0.047, Test loss=0.364, Test acc=0.115]
 44%|████▍     | 88/200 [24:08<30:23, 16.28s/it, Train loss=0.128, Train acc=0.0448, Test loss=0.36, Test acc=0.107]
 44%|████▍     | 89/200 [24:08<30:05, 16.27s/it, Train loss=0.128, Train acc=0.0448, Test loss=0.36, Test acc=0.107]
 44%|████▍     | 89/200 [24:24<30:05, 16.27s/it, Train loss=0.123, Train acc=0.0431, Test loss=0.414, Test acc=0.121]
 45%|████▌     | 90/200 [24:24<29:47, 16.25s/it, Train loss=0.123, Train acc=0.0431, Test loss=0.414, Test acc=0.121]
 45%|████▌     | 90/200 [24:40<29:47, 16.25s/it, Train loss=0.125, Train acc=0.0448, Test loss=0.407, Test acc=0.12] 
 46%|████▌     | 91/200 [24:40<29:26, 16.21s/it, Train loss=0.125, Train acc=0.0448, Test loss=0.407, Test acc=0.12]
 46%|████▌     | 91/200 [24:56<29:26, 16.21s/it, Train loss=0.125, Train acc=0.0444, Test loss=0.429, Test acc=0.127]
 46%|████▌     | 92/200 [24:56<29:10, 16.21s/it, Train loss=0.125, Train acc=0.0444, Test loss=0.429, Test acc=0.127]
 46%|████▌     | 92/200 [25:12<29:10, 16.21s/it, Train loss=0.122, Train acc=0.0434, Test loss=0.346, Test acc=0.105]
 46%|████▋     | 93/200 [25:12<28:52, 16.19s/it, Train loss=0.122, Train acc=0.0434, Test loss=0.346, Test acc=0.105]
 46%|████▋     | 93/200 [25:28<28:52, 16.19s/it, Train loss=0.115, Train acc=0.0414, Test loss=0.408, Test acc=0.118]
 47%|████▋     | 94/200 [25:28<28:35, 16.18s/it, Train loss=0.115, Train acc=0.0414, Test loss=0.408, Test acc=0.118]
 47%|████▋     | 94/200 [25:45<28:35, 16.18s/it, Train loss=0.114, Train acc=0.0399, Test loss=0.363, Test acc=0.107]
 48%|████▊     | 95/200 [25:45<28:22, 16.21s/it, Train loss=0.114, Train acc=0.0399, Test loss=0.363, Test acc=0.107]
 48%|████▊     | 95/200 [26:01<28:22, 16.21s/it, Train loss=0.112, Train acc=0.04, Test loss=0.359, Test acc=0.108]  
 48%|████▊     | 96/200 [26:01<28:07, 16.23s/it, Train loss=0.112, Train acc=0.04, Test loss=0.359, Test acc=0.108]
 48%|████▊     | 96/200 [26:17<28:07, 16.23s/it, Train loss=0.108, Train acc=0.0385, Test loss=0.351, Test acc=0.104]
 48%|████▊     | 97/200 [26:17<27:48, 16.20s/it, Train loss=0.108, Train acc=0.0385, Test loss=0.351, Test acc=0.104]
 48%|████▊     | 97/200 [26:33<27:48, 16.20s/it, Train loss=0.108, Train acc=0.0374, Test loss=0.35, Test acc=0.104] 
 49%|████▉     | 98/200 [26:33<27:33, 16.21s/it, Train loss=0.108, Train acc=0.0374, Test loss=0.35, Test acc=0.104]
 49%|████▉     | 98/200 [26:49<27:33, 16.21s/it, Train loss=0.106, Train acc=0.0375, Test loss=0.368, Test acc=0.108]
 50%|████▉     | 99/200 [26:49<27:12, 16.17s/it, Train loss=0.106, Train acc=0.0375, Test loss=0.368, Test acc=0.108]
 50%|████▉     | 99/200 [27:06<27:12, 16.17s/it, Train loss=0.103, Train acc=0.0359, Test loss=0.376, Test acc=0.106]
 50%|█████     | 100/200 [27:06<26:57, 16.17s/it, Train loss=0.103, Train acc=0.0359, Test loss=0.376, Test acc=0.106]
 50%|█████     | 100/200 [27:22<26:57, 16.17s/it, Train loss=0.098, Train acc=0.0341, Test loss=0.339, Test acc=0.103]
 50%|█████     | 101/200 [27:22<26:47, 16.24s/it, Train loss=0.098, Train acc=0.0341, Test loss=0.339, Test acc=0.103]
 50%|█████     | 101/200 [27:38<26:47, 16.24s/it, Train loss=0.0961, Train acc=0.0336, Test loss=0.408, Test acc=0.117]
 51%|█████     | 102/200 [27:38<26:25, 16.18s/it, Train loss=0.0961, Train acc=0.0336, Test loss=0.408, Test acc=0.117]
 51%|█████     | 102/200 [27:54<26:25, 16.18s/it, Train loss=0.092, Train acc=0.032, Test loss=0.361, Test acc=0.105]  
 52%|█████▏    | 103/200 [27:54<26:09, 16.18s/it, Train loss=0.092, Train acc=0.032, Test loss=0.361, Test acc=0.105]
 52%|█████▏    | 103/200 [28:11<26:09, 16.18s/it, Train loss=0.0899, Train acc=0.0309, Test loss=0.352, Test acc=0.106]
 52%|█████▏    | 104/200 [28:11<25:54, 16.20s/it, Train loss=0.0899, Train acc=0.0309, Test loss=0.352, Test acc=0.106]
 52%|█████▏    | 104/200 [28:27<25:54, 16.20s/it, Train loss=0.0913, Train acc=0.0312, Test loss=0.331, Test acc=0.0991]
 52%|█████▎    | 105/200 [28:27<25:36, 16.18s/it, Train loss=0.0913, Train acc=0.0312, Test loss=0.331, Test acc=0.0991]
 52%|█████▎    | 105/200 [28:43<25:36, 16.18s/it, Train loss=0.0884, Train acc=0.031, Test loss=0.344, Test acc=0.0993] 
 53%|█████▎    | 106/200 [28:43<25:21, 16.18s/it, Train loss=0.0884, Train acc=0.031, Test loss=0.344, Test acc=0.0993]
 53%|█████▎    | 106/200 [28:59<25:21, 16.18s/it, Train loss=0.0851, Train acc=0.0292, Test loss=0.391, Test acc=0.107]
 54%|█████▎    | 107/200 [28:59<25:05, 16.19s/it, Train loss=0.0851, Train acc=0.0292, Test loss=0.391, Test acc=0.107]
 54%|█████▎    | 107/200 [29:15<25:05, 16.19s/it, Train loss=0.0843, Train acc=0.0292, Test loss=0.374, Test acc=0.104]
 54%|█████▍    | 108/200 [29:15<24:53, 16.23s/it, Train loss=0.0843, Train acc=0.0292, Test loss=0.374, Test acc=0.104]
 54%|█████▍    | 108/200 [29:32<24:53, 16.23s/it, Train loss=0.0824, Train acc=0.028, Test loss=0.408, Test acc=0.113] 
 55%|█████▍    | 109/200 [29:32<24:37, 16.24s/it, Train loss=0.0824, Train acc=0.028, Test loss=0.408, Test acc=0.113]
 55%|█████▍    | 109/200 [29:48<24:37, 16.24s/it, Train loss=0.0799, Train acc=0.0277, Test loss=0.36, Test acc=0.101]
 55%|█████▌    | 110/200 [29:48<24:19, 16.22s/it, Train loss=0.0799, Train acc=0.0277, Test loss=0.36, Test acc=0.101]
 55%|█████▌    | 110/200 [30:04<24:19, 16.22s/it, Train loss=0.0778, Train acc=0.0267, Test loss=0.364, Test acc=0.098]
 56%|█████▌    | 111/200 [30:04<24:04, 16.23s/it, Train loss=0.0778, Train acc=0.0267, Test loss=0.364, Test acc=0.098]
 56%|█████▌    | 111/200 [30:20<24:04, 16.23s/it, Train loss=0.0758, Train acc=0.0261, Test loss=0.371, Test acc=0.104]
 56%|█████▌    | 112/200 [30:20<23:48, 16.23s/it, Train loss=0.0758, Train acc=0.0261, Test loss=0.371, Test acc=0.104]
 56%|█████▌    | 112/200 [30:36<23:48, 16.23s/it, Train loss=0.0745, Train acc=0.0254, Test loss=0.349, Test acc=0.0978]
 56%|█████▋    | 113/200 [30:36<23:28, 16.19s/it, Train loss=0.0745, Train acc=0.0254, Test loss=0.349, Test acc=0.0978]
 56%|█████▋    | 113/200 [30:53<23:28, 16.19s/it, Train loss=0.0724, Train acc=0.0243, Test loss=0.37, Test acc=0.101]  
 57%|█████▋    | 114/200 [30:53<23:10, 16.17s/it, Train loss=0.0724, Train acc=0.0243, Test loss=0.37, Test acc=0.101]
 57%|█████▋    | 114/200 [31:09<23:10, 16.17s/it, Train loss=0.07, Train acc=0.0241, Test loss=0.354, Test acc=0.0988]
 57%|█████▊    | 115/200 [31:09<22:57, 16.21s/it, Train loss=0.07, Train acc=0.0241, Test loss=0.354, Test acc=0.0988]
 57%|█████▊    | 115/200 [31:25<22:57, 16.21s/it, Train loss=0.0679, Train acc=0.023, Test loss=0.342, Test acc=0.0934]
 58%|█████▊    | 116/200 [31:25<22:40, 16.20s/it, Train loss=0.0679, Train acc=0.023, Test loss=0.342, Test acc=0.0934]
 58%|█████▊    | 116/200 [31:41<22:40, 16.20s/it, Train loss=0.0667, Train acc=0.0229, Test loss=0.349, Test acc=0.0977]
 58%|█████▊    | 117/200 [31:41<22:22, 16.18s/it, Train loss=0.0667, Train acc=0.0229, Test loss=0.349, Test acc=0.0977]
 58%|█████▊    | 117/200 [31:57<22:22, 16.18s/it, Train loss=0.0629, Train acc=0.0207, Test loss=0.369, Test acc=0.105] 
 59%|█████▉    | 118/200 [31:57<22:08, 16.20s/it, Train loss=0.0629, Train acc=0.0207, Test loss=0.369, Test acc=0.105]
 59%|█████▉    | 118/200 [32:14<22:08, 16.20s/it, Train loss=0.0614, Train acc=0.0207, Test loss=0.375, Test acc=0.0999]
 60%|█████▉    | 119/200 [32:14<21:51, 16.19s/it, Train loss=0.0614, Train acc=0.0207, Test loss=0.375, Test acc=0.0999]
 60%|█████▉    | 119/200 [32:30<21:51, 16.19s/it, Train loss=0.0602, Train acc=0.0198, Test loss=0.333, Test acc=0.0915]
 60%|██████    | 120/200 [32:30<21:34, 16.18s/it, Train loss=0.0602, Train acc=0.0198, Test loss=0.333, Test acc=0.0915]
 60%|██████    | 120/200 [32:46<21:34, 16.18s/it, Train loss=0.0596, Train acc=0.0197, Test loss=0.353, Test acc=0.0956]
 60%|██████    | 121/200 [32:46<21:19, 16.20s/it, Train loss=0.0596, Train acc=0.0197, Test loss=0.353, Test acc=0.0956]
 60%|██████    | 121/200 [33:02<21:19, 16.20s/it, Train loss=0.0591, Train acc=0.0199, Test loss=0.34, Test acc=0.0929] 
 61%|██████    | 122/200 [33:02<21:03, 16.19s/it, Train loss=0.0591, Train acc=0.0199, Test loss=0.34, Test acc=0.0929]
 61%|██████    | 122/200 [33:18<21:03, 16.19s/it, Train loss=0.0556, Train acc=0.0184, Test loss=0.353, Test acc=0.0919]
 62%|██████▏   | 123/200 [33:18<20:43, 16.14s/it, Train loss=0.0556, Train acc=0.0184, Test loss=0.353, Test acc=0.0919]
 62%|██████▏   | 123/200 [33:34<20:43, 16.14s/it, Train loss=0.0529, Train acc=0.0176, Test loss=0.329, Test acc=0.0881]
 62%|██████▏   | 124/200 [33:34<20:22, 16.09s/it, Train loss=0.0529, Train acc=0.0176, Test loss=0.329, Test acc=0.0881]
 62%|██████▏   | 124/200 [33:50<20:22, 16.09s/it, Train loss=0.0537, Train acc=0.0176, Test loss=0.332, Test acc=0.0921]
 62%|██████▎   | 125/200 [33:50<20:05, 16.07s/it, Train loss=0.0537, Train acc=0.0176, Test loss=0.332, Test acc=0.0921]
 62%|██████▎   | 125/200 [34:06<20:05, 16.07s/it, Train loss=0.0522, Train acc=0.0171, Test loss=0.347, Test acc=0.0974]
 63%|██████▎   | 126/200 [34:06<19:47, 16.05s/it, Train loss=0.0522, Train acc=0.0171, Test loss=0.347, Test acc=0.0974]
 63%|██████▎   | 126/200 [34:22<19:47, 16.05s/it, Train loss=0.0489, Train acc=0.0154, Test loss=0.349, Test acc=0.0978]
 64%|██████▎   | 127/200 [34:22<19:29, 16.03s/it, Train loss=0.0489, Train acc=0.0154, Test loss=0.349, Test acc=0.0978]
 64%|██████▎   | 127/200 [34:38<19:29, 16.03s/it, Train loss=0.0466, Train acc=0.0151, Test loss=0.326, Test acc=0.0902]
 64%|██████▍   | 128/200 [34:38<19:12, 16.01s/it, Train loss=0.0466, Train acc=0.0151, Test loss=0.326, Test acc=0.0902]
 64%|██████▍   | 128/200 [34:54<19:12, 16.01s/it, Train loss=0.0461, Train acc=0.0147, Test loss=0.339, Test acc=0.0925]
 64%|██████▍   | 129/200 [34:54<19:00, 16.07s/it, Train loss=0.0461, Train acc=0.0147, Test loss=0.339, Test acc=0.0925]
 64%|██████▍   | 129/200 [35:11<19:00, 16.07s/it, Train loss=0.0461, Train acc=0.0148, Test loss=0.336, Test acc=0.0895]
