Files already downloaded and verified
Files already downloaded and verified
load resnet18...

  0%|          | 0/200 [00:00<?, ?it/s]
  0%|          | 0/200 [00:17<?, ?it/s, Train loss=2.2, Train acc=0.769, Test loss=1.92, Test acc=0.701]
  0%|          | 1/200 [00:17<57:42, 17.40s/it, Train loss=2.2, Train acc=0.769, Test loss=1.92, Test acc=0.701]
  0%|          | 1/200 [00:34<57:42, 17.40s/it, Train loss=1.79, Train acc=0.682, Test loss=1.76, Test acc=0.66]
  1%|          | 2/200 [00:34<56:01, 16.98s/it, Train loss=1.79, Train acc=0.682, Test loss=1.76, Test acc=0.66]
  1%|          | 2/200 [00:50<56:01, 16.98s/it, Train loss=1.66, Train acc=0.625, Test loss=1.6, Test acc=0.616]
  2%|▏         | 3/200 [00:50<55:13, 16.82s/it, Train loss=1.66, Train acc=0.625, Test loss=1.6, Test acc=0.616]
  2%|▏         | 3/200 [01:07<55:13, 16.82s/it, Train loss=1.56, Train acc=0.587, Test loss=1.69, Test acc=0.632]
  2%|▏         | 4/200 [01:07<54:38, 16.73s/it, Train loss=1.56, Train acc=0.587, Test loss=1.69, Test acc=0.632]
  2%|▏         | 4/200 [01:23<54:38, 16.73s/it, Train loss=1.48, Train acc=0.552, Test loss=1.72, Test acc=0.608]
  2%|▎         | 5/200 [01:23<54:15, 16.69s/it, Train loss=1.48, Train acc=0.552, Test loss=1.72, Test acc=0.608]
  2%|▎         | 5/200 [01:40<54:15, 16.69s/it, Train loss=1.41, Train acc=0.523, Test loss=1.58, Test acc=0.575]
  3%|▎         | 6/200 [01:40<53:55, 16.68s/it, Train loss=1.41, Train acc=0.523, Test loss=1.58, Test acc=0.575]
  3%|▎         | 6/200 [01:57<53:55, 16.68s/it, Train loss=1.34, Train acc=0.493, Test loss=1.4, Test acc=0.521] 
  4%|▎         | 7/200 [01:57<53:35, 16.66s/it, Train loss=1.34, Train acc=0.493, Test loss=1.4, Test acc=0.521]
  4%|▎         | 7/200 [02:13<53:35, 16.66s/it, Train loss=1.27, Train acc=0.466, Test loss=2.13, Test acc=0.583]
  4%|▍         | 8/200 [02:13<53:15, 16.64s/it, Train loss=1.27, Train acc=0.466, Test loss=2.13, Test acc=0.583]
  4%|▍         | 8/200 [02:30<53:15, 16.64s/it, Train loss=1.22, Train acc=0.449, Test loss=1.31, Test acc=0.48] 
  4%|▍         | 9/200 [02:30<52:52, 16.61s/it, Train loss=1.22, Train acc=0.449, Test loss=1.31, Test acc=0.48]
  4%|▍         | 9/200 [02:46<52:52, 16.61s/it, Train loss=1.16, Train acc=0.422, Test loss=1.29, Test acc=0.464]
  5%|▌         | 10/200 [02:46<52:28, 16.57s/it, Train loss=1.16, Train acc=0.422, Test loss=1.29, Test acc=0.464]
  5%|▌         | 10/200 [03:03<52:28, 16.57s/it, Train loss=1.12, Train acc=0.405, Test loss=1.08, Test acc=0.383]
  6%|▌         | 11/200 [03:03<52:07, 16.55s/it, Train loss=1.12, Train acc=0.405, Test loss=1.08, Test acc=0.383]
  6%|▌         | 11/200 [03:19<52:07, 16.55s/it, Train loss=1.08, Train acc=0.388, Test loss=1.08, Test acc=0.392]
  6%|▌         | 12/200 [03:19<51:55, 16.57s/it, Train loss=1.08, Train acc=0.388, Test loss=1.08, Test acc=0.392]
  6%|▌         | 12/200 [03:36<51:55, 16.57s/it, Train loss=1.02, Train acc=0.369, Test loss=1.07, Test acc=0.391]
  6%|▋         | 13/200 [03:36<51:39, 16.58s/it, Train loss=1.02, Train acc=0.369, Test loss=1.07, Test acc=0.391]
  6%|▋         | 13/200 [03:53<51:39, 16.58s/it, Train loss=0.978, Train acc=0.349, Test loss=1.23, Test acc=0.414]
  7%|▋         | 14/200 [03:53<51:21, 16.57s/it, Train loss=0.978, Train acc=0.349, Test loss=1.23, Test acc=0.414]
  7%|▋         | 14/200 [04:09<51:21, 16.57s/it, Train loss=0.941, Train acc=0.339, Test loss=0.982, Test acc=0.347]
  8%|▊         | 15/200 [04:09<51:06, 16.57s/it, Train loss=0.941, Train acc=0.339, Test loss=0.982, Test acc=0.347]
  8%|▊         | 15/200 [04:26<51:06, 16.57s/it, Train loss=0.908, Train acc=0.327, Test loss=1.07, Test acc=0.381] 
  8%|▊         | 16/200 [04:26<50:47, 16.56s/it, Train loss=0.908, Train acc=0.327, Test loss=1.07, Test acc=0.381]
  8%|▊         | 16/200 [04:42<50:47, 16.56s/it, Train loss=0.879, Train acc=0.312, Test loss=0.883, Test acc=0.311]
  8%|▊         | 17/200 [04:42<50:33, 16.57s/it, Train loss=0.879, Train acc=0.312, Test loss=0.883, Test acc=0.311]
  8%|▊         | 17/200 [04:59<50:33, 16.57s/it, Train loss=0.834, Train acc=0.296, Test loss=0.866, Test acc=0.308]
  9%|▉         | 18/200 [04:59<50:15, 16.57s/it, Train loss=0.834, Train acc=0.296, Test loss=0.866, Test acc=0.308]
  9%|▉         | 18/200 [05:15<50:15, 16.57s/it, Train loss=0.81, Train acc=0.287, Test loss=0.924, Test acc=0.319] 
 10%|▉         | 19/200 [05:15<49:48, 16.51s/it, Train loss=0.81, Train acc=0.287, Test loss=0.924, Test acc=0.319]
 10%|▉         | 19/200 [05:32<49:48, 16.51s/it, Train loss=0.783, Train acc=0.276, Test loss=0.93, Test acc=0.322]
 10%|█         | 20/200 [05:32<49:25, 16.48s/it, Train loss=0.783, Train acc=0.276, Test loss=0.93, Test acc=0.322]
 10%|█         | 20/200 [05:48<49:25, 16.48s/it, Train loss=0.764, Train acc=0.27, Test loss=0.941, Test acc=0.328]
 10%|█         | 21/200 [05:48<49:01, 16.44s/it, Train loss=0.764, Train acc=0.27, Test loss=0.941, Test acc=0.328]
 10%|█         | 21/200 [06:04<49:01, 16.44s/it, Train loss=0.736, Train acc=0.259, Test loss=0.807, Test acc=0.281]
 11%|█         | 22/200 [06:04<48:37, 16.39s/it, Train loss=0.736, Train acc=0.259, Test loss=0.807, Test acc=0.281]
 11%|█         | 22/200 [06:21<48:37, 16.39s/it, Train loss=0.715, Train acc=0.253, Test loss=0.857, Test acc=0.294]
 12%|█▏        | 23/200 [06:21<48:16, 16.36s/it, Train loss=0.715, Train acc=0.253, Test loss=0.857, Test acc=0.294]
 12%|█▏        | 23/200 [06:37<48:16, 16.36s/it, Train loss=0.696, Train acc=0.245, Test loss=0.75, Test acc=0.262] 
 12%|█▏        | 24/200 [06:37<47:59, 16.36s/it, Train loss=0.696, Train acc=0.245, Test loss=0.75, Test acc=0.262]
 12%|█▏        | 24/200 [06:53<47:59, 16.36s/it, Train loss=0.679, Train acc=0.239, Test loss=0.731, Test acc=0.26]
 12%|█▎        | 25/200 [06:53<47:39, 16.34s/it, Train loss=0.679, Train acc=0.239, Test loss=0.731, Test acc=0.26]
 12%|█▎        | 25/200 [07:10<47:39, 16.34s/it, Train loss=0.655, Train acc=0.23, Test loss=0.778, Test acc=0.274]
 13%|█▎        | 26/200 [07:10<47:25, 16.35s/it, Train loss=0.655, Train acc=0.23, Test loss=0.778, Test acc=0.274]
 13%|█▎        | 26/200 [07:26<47:25, 16.35s/it, Train loss=0.64, Train acc=0.223, Test loss=0.969, Test acc=0.323]
 14%|█▎        | 27/200 [07:26<47:07, 16.34s/it, Train loss=0.64, Train acc=0.223, Test loss=0.969, Test acc=0.323]
 14%|█▎        | 27/200 [07:42<47:07, 16.34s/it, Train loss=0.628, Train acc=0.22, Test loss=0.856, Test acc=0.277]
 14%|█▍        | 28/200 [07:42<46:52, 16.35s/it, Train loss=0.628, Train acc=0.22, Test loss=0.856, Test acc=0.277]
 14%|█▍        | 28/200 [07:59<46:52, 16.35s/it, Train loss=0.617, Train acc=0.218, Test loss=1.04, Test acc=0.343]
 14%|█▍        | 29/200 [07:59<46:33, 16.34s/it, Train loss=0.617, Train acc=0.218, Test loss=1.04, Test acc=0.343]
 14%|█▍        | 29/200 [08:15<46:33, 16.34s/it, Train loss=0.601, Train acc=0.211, Test loss=0.725, Test acc=0.241]
 15%|█▌        | 30/200 [08:15<46:18, 16.34s/it, Train loss=0.601, Train acc=0.211, Test loss=0.725, Test acc=0.241]
 15%|█▌        | 30/200 [08:31<46:18, 16.34s/it, Train loss=0.593, Train acc=0.208, Test loss=0.666, Test acc=0.224]
 16%|█▌        | 31/200 [08:31<46:01, 16.34s/it, Train loss=0.593, Train acc=0.208, Test loss=0.666, Test acc=0.224]
 16%|█▌        | 31/200 [08:48<46:01, 16.34s/it, Train loss=0.572, Train acc=0.2, Test loss=0.691, Test acc=0.236]  
 16%|█▌        | 32/200 [08:48<45:44, 16.33s/it, Train loss=0.572, Train acc=0.2, Test loss=0.691, Test acc=0.236]
 16%|█▌        | 32/200 [09:04<45:44, 16.33s/it, Train loss=0.567, Train acc=0.198, Test loss=0.801, Test acc=0.272]
 16%|█▋        | 33/200 [09:04<45:31, 16.35s/it, Train loss=0.567, Train acc=0.198, Test loss=0.801, Test acc=0.272]
 16%|█▋        | 33/200 [09:20<45:31, 16.35s/it, Train loss=0.555, Train acc=0.194, Test loss=0.647, Test acc=0.223]
 17%|█▋        | 34/200 [09:20<45:15, 16.36s/it, Train loss=0.555, Train acc=0.194, Test loss=0.647, Test acc=0.223]
 17%|█▋        | 34/200 [09:37<45:15, 16.36s/it, Train loss=0.537, Train acc=0.189, Test loss=0.729, Test acc=0.247]
 18%|█▊        | 35/200 [09:37<44:55, 16.34s/it, Train loss=0.537, Train acc=0.189, Test loss=0.729, Test acc=0.247]
 18%|█▊        | 35/200 [09:53<44:55, 16.34s/it, Train loss=0.528, Train acc=0.184, Test loss=0.636, Test acc=0.223]
 18%|█▊        | 36/200 [09:53<44:37, 16.33s/it, Train loss=0.528, Train acc=0.184, Test loss=0.636, Test acc=0.223]
 18%|█▊        | 36/200 [10:09<44:37, 16.33s/it, Train loss=0.519, Train acc=0.182, Test loss=0.597, Test acc=0.211]
 18%|█▊        | 37/200 [10:09<44:20, 16.32s/it, Train loss=0.519, Train acc=0.182, Test loss=0.597, Test acc=0.211]
 18%|█▊        | 37/200 [10:26<44:20, 16.32s/it, Train loss=0.506, Train acc=0.176, Test loss=0.679, Test acc=0.229]
 19%|█▉        | 38/200 [10:26<44:02, 16.31s/it, Train loss=0.506, Train acc=0.176, Test loss=0.679, Test acc=0.229]
 19%|█▉        | 38/200 [10:42<44:02, 16.31s/it, Train loss=0.5, Train acc=0.174, Test loss=0.845, Test acc=0.273]  
 20%|█▉        | 39/200 [10:42<43:45, 16.31s/it, Train loss=0.5, Train acc=0.174, Test loss=0.845, Test acc=0.273]
 20%|█▉        | 39/200 [10:58<43:45, 16.31s/it, Train loss=0.494, Train acc=0.173, Test loss=0.631, Test acc=0.211]
 20%|██        | 40/200 [10:58<43:36, 16.35s/it, Train loss=0.494, Train acc=0.173, Test loss=0.631, Test acc=0.211]
 20%|██        | 40/200 [11:15<43:36, 16.35s/it, Train loss=0.486, Train acc=0.171, Test loss=0.603, Test acc=0.209]
 20%|██        | 41/200 [11:15<43:18, 16.35s/it, Train loss=0.486, Train acc=0.171, Test loss=0.603, Test acc=0.209]
 20%|██        | 41/200 [11:31<43:18, 16.35s/it, Train loss=0.482, Train acc=0.168, Test loss=0.69, Test acc=0.225] 
 21%|██        | 42/200 [11:31<43:00, 16.33s/it, Train loss=0.482, Train acc=0.168, Test loss=0.69, Test acc=0.225]
 21%|██        | 42/200 [11:47<43:00, 16.33s/it, Train loss=0.47, Train acc=0.163, Test loss=0.651, Test acc=0.213]
 22%|██▏       | 43/200 [11:47<42:42, 16.32s/it, Train loss=0.47, Train acc=0.163, Test loss=0.651, Test acc=0.213]
 22%|██▏       | 43/200 [12:04<42:42, 16.32s/it, Train loss=0.471, Train acc=0.164, Test loss=0.574, Test acc=0.193]
 22%|██▏       | 44/200 [12:04<42:28, 16.34s/it, Train loss=0.471, Train acc=0.164, Test loss=0.574, Test acc=0.193]
 22%|██▏       | 44/200 [12:20<42:28, 16.34s/it, Train loss=0.449, Train acc=0.157, Test loss=0.636, Test acc=0.206]
 22%|██▎       | 45/200 [12:20<42:11, 16.33s/it, Train loss=0.449, Train acc=0.157, Test loss=0.636, Test acc=0.206]
 22%|██▎       | 45/200 [12:36<42:11, 16.33s/it, Train loss=0.446, Train acc=0.155, Test loss=0.601, Test acc=0.2]  
 23%|██▎       | 46/200 [12:36<41:52, 16.31s/it, Train loss=0.446, Train acc=0.155, Test loss=0.601, Test acc=0.2]
 23%|██▎       | 46/200 [12:53<41:52, 16.31s/it, Train loss=0.439, Train acc=0.154, Test loss=0.648, Test acc=0.218]
 24%|██▎       | 47/200 [12:53<41:42, 16.35s/it, Train loss=0.439, Train acc=0.154, Test loss=0.648, Test acc=0.218]
 24%|██▎       | 47/200 [13:09<41:42, 16.35s/it, Train loss=0.428, Train acc=0.149, Test loss=0.615, Test acc=0.204]
 24%|██▍       | 48/200 [13:09<41:24, 16.35s/it, Train loss=0.428, Train acc=0.149, Test loss=0.615, Test acc=0.204]
 24%|██▍       | 48/200 [13:25<41:24, 16.35s/it, Train loss=0.429, Train acc=0.149, Test loss=0.534, Test acc=0.18] 
 24%|██▍       | 49/200 [13:25<41:05, 16.33s/it, Train loss=0.429, Train acc=0.149, Test loss=0.534, Test acc=0.18]
 24%|██▍       | 49/200 [13:42<41:05, 16.33s/it, Train loss=0.422, Train acc=0.148, Test loss=0.646, Test acc=0.208]
 25%|██▌       | 50/200 [13:42<40:47, 16.32s/it, Train loss=0.422, Train acc=0.148, Test loss=0.646, Test acc=0.208]
 25%|██▌       | 50/200 [13:58<40:47, 16.32s/it, Train loss=0.411, Train acc=0.143, Test loss=0.491, Test acc=0.167]
 26%|██▌       | 51/200 [13:58<40:32, 16.33s/it, Train loss=0.411, Train acc=0.143, Test loss=0.491, Test acc=0.167]
 26%|██▌       | 51/200 [14:14<40:32, 16.33s/it, Train loss=0.403, Train acc=0.141, Test loss=0.63, Test acc=0.207] 
 26%|██▌       | 52/200 [14:14<40:16, 16.33s/it, Train loss=0.403, Train acc=0.141, Test loss=0.63, Test acc=0.207]
 26%|██▌       | 52/200 [14:31<40:16, 16.33s/it, Train loss=0.398, Train acc=0.138, Test loss=0.925, Test acc=0.275]
 26%|██▋       | 53/200 [14:31<40:00, 16.33s/it, Train loss=0.398, Train acc=0.138, Test loss=0.925, Test acc=0.275]
 26%|██▋       | 53/200 [14:47<40:00, 16.33s/it, Train loss=0.393, Train acc=0.137, Test loss=0.499, Test acc=0.169]
 27%|██▋       | 54/200 [14:47<39:51, 16.38s/it, Train loss=0.393, Train acc=0.137, Test loss=0.499, Test acc=0.169]
 27%|██▋       | 54/200 [15:03<39:51, 16.38s/it, Train loss=0.39, Train acc=0.137, Test loss=0.582, Test acc=0.197] 
 28%|██▊       | 55/200 [15:03<39:32, 16.36s/it, Train loss=0.39, Train acc=0.137, Test loss=0.582, Test acc=0.197]
 28%|██▊       | 55/200 [15:20<39:32, 16.36s/it, Train loss=0.38, Train acc=0.133, Test loss=0.513, Test acc=0.172]
 28%|██▊       | 56/200 [15:20<39:14, 16.35s/it, Train loss=0.38, Train acc=0.133, Test loss=0.513, Test acc=0.172]
 28%|██▊       | 56/200 [15:36<39:14, 16.35s/it, Train loss=0.372, Train acc=0.128, Test loss=0.505, Test acc=0.167]
 28%|██▊       | 57/200 [15:36<38:56, 16.34s/it, Train loss=0.372, Train acc=0.128, Test loss=0.505, Test acc=0.167]
 28%|██▊       | 57/200 [15:52<38:56, 16.34s/it, Train loss=0.37, Train acc=0.129, Test loss=0.504, Test acc=0.17]  
 29%|██▉       | 58/200 [15:52<38:40, 16.34s/it, Train loss=0.37, Train acc=0.129, Test loss=0.504, Test acc=0.17]
 29%|██▉       | 58/200 [16:09<38:40, 16.34s/it, Train loss=0.363, Train acc=0.126, Test loss=0.473, Test acc=0.159]
 30%|██▉       | 59/200 [16:09<38:22, 16.33s/it, Train loss=0.363, Train acc=0.126, Test loss=0.473, Test acc=0.159]
 30%|██▉       | 59/200 [16:25<38:22, 16.33s/it, Train loss=0.357, Train acc=0.123, Test loss=0.512, Test acc=0.168]
 30%|███       | 60/200 [16:25<38:05, 16.32s/it, Train loss=0.357, Train acc=0.123, Test loss=0.512, Test acc=0.168]
 30%|███       | 60/200 [16:41<38:05, 16.32s/it, Train loss=0.349, Train acc=0.12, Test loss=0.518, Test acc=0.17]  
 30%|███       | 61/200 [16:41<37:52, 16.35s/it, Train loss=0.349, Train acc=0.12, Test loss=0.518, Test acc=0.17]
 30%|███       | 61/200 [16:58<37:52, 16.35s/it, Train loss=0.344, Train acc=0.119, Test loss=0.517, Test acc=0.175]
 31%|███       | 62/200 [16:58<37:35, 16.34s/it, Train loss=0.344, Train acc=0.119, Test loss=0.517, Test acc=0.175]
 31%|███       | 62/200 [17:14<37:35, 16.34s/it, Train loss=0.343, Train acc=0.12, Test loss=0.628, Test acc=0.194] 
 32%|███▏      | 63/200 [17:14<37:17, 16.33s/it, Train loss=0.343, Train acc=0.12, Test loss=0.628, Test acc=0.194]
 32%|███▏      | 63/200 [17:30<37:17, 16.33s/it, Train loss=0.341, Train acc=0.119, Test loss=0.511, Test acc=0.166]
 32%|███▏      | 64/200 [17:30<37:01, 16.33s/it, Train loss=0.341, Train acc=0.119, Test loss=0.511, Test acc=0.166]
 32%|███▏      | 64/200 [17:47<37:01, 16.33s/it, Train loss=0.336, Train acc=0.117, Test loss=0.462, Test acc=0.156]
 32%|███▎      | 65/200 [17:47<36:45, 16.34s/it, Train loss=0.336, Train acc=0.117, Test loss=0.462, Test acc=0.156]
 32%|███▎      | 65/200 [18:03<36:45, 16.34s/it, Train loss=0.326, Train acc=0.114, Test loss=0.478, Test acc=0.158]
 33%|███▎      | 66/200 [18:03<36:29, 16.34s/it, Train loss=0.326, Train acc=0.114, Test loss=0.478, Test acc=0.158]
 33%|███▎      | 66/200 [18:19<36:29, 16.34s/it, Train loss=0.324, Train acc=0.114, Test loss=0.465, Test acc=0.153]
 34%|███▎      | 67/200 [18:19<36:16, 16.36s/it, Train loss=0.324, Train acc=0.114, Test loss=0.465, Test acc=0.153]
 34%|███▎      | 67/200 [18:36<36:16, 16.36s/it, Train loss=0.316, Train acc=0.111, Test loss=0.501, Test acc=0.159]
 34%|███▍      | 68/200 [18:36<35:58, 16.35s/it, Train loss=0.316, Train acc=0.111, Test loss=0.501, Test acc=0.159]
 34%|███▍      | 68/200 [18:52<35:58, 16.35s/it, Train loss=0.311, Train acc=0.109, Test loss=0.494, Test acc=0.166]
 34%|███▍      | 69/200 [18:52<35:43, 16.37s/it, Train loss=0.311, Train acc=0.109, Test loss=0.494, Test acc=0.166]
 34%|███▍      | 69/200 [19:09<35:43, 16.37s/it, Train loss=0.314, Train acc=0.11, Test loss=0.433, Test acc=0.146] 
 35%|███▌      | 70/200 [19:09<35:25, 16.35s/it, Train loss=0.314, Train acc=0.11, Test loss=0.433, Test acc=0.146]
 35%|███▌      | 70/200 [19:25<35:25, 16.35s/it, Train loss=0.304, Train acc=0.107, Test loss=0.462, Test acc=0.152]
 36%|███▌      | 71/200 [19:25<35:08, 16.34s/it, Train loss=0.304, Train acc=0.107, Test loss=0.462, Test acc=0.152]
 36%|███▌      | 71/200 [19:41<35:08, 16.34s/it, Train loss=0.298, Train acc=0.104, Test loss=0.397, Test acc=0.132]
 36%|███▌      | 72/200 [19:41<34:52, 16.35s/it, Train loss=0.298, Train acc=0.104, Test loss=0.397, Test acc=0.132]
 36%|███▌      | 72/200 [19:58<34:52, 16.35s/it, Train loss=0.294, Train acc=0.103, Test loss=0.449, Test acc=0.144]
 36%|███▋      | 73/200 [19:58<34:36, 16.35s/it, Train loss=0.294, Train acc=0.103, Test loss=0.449, Test acc=0.144]
 36%|███▋      | 73/200 [20:14<34:36, 16.35s/it, Train loss=0.298, Train acc=0.105, Test loss=0.444, Test acc=0.144]
 37%|███▋      | 74/200 [20:14<34:21, 16.36s/it, Train loss=0.298, Train acc=0.105, Test loss=0.444, Test acc=0.144]
 37%|███▋      | 74/200 [20:30<34:21, 16.36s/it, Train loss=0.288, Train acc=0.101, Test loss=0.497, Test acc=0.163]
 38%|███▊      | 75/200 [20:30<34:05, 16.36s/it, Train loss=0.288, Train acc=0.101, Test loss=0.497, Test acc=0.163]
 38%|███▊      | 75/200 [20:47<34:05, 16.36s/it, Train loss=0.285, Train acc=0.101, Test loss=0.43, Test acc=0.14]  
 38%|███▊      | 76/200 [20:47<33:50, 16.38s/it, Train loss=0.285, Train acc=0.101, Test loss=0.43, Test acc=0.14]
 38%|███▊      | 76/200 [21:03<33:50, 16.38s/it, Train loss=0.281, Train acc=0.0991, Test loss=0.454, Test acc=0.153]
 38%|███▊      | 77/200 [21:03<33:32, 16.36s/it, Train loss=0.281, Train acc=0.0991, Test loss=0.454, Test acc=0.153]
 38%|███▊      | 77/200 [21:19<33:32, 16.36s/it, Train loss=0.285, Train acc=0.0992, Test loss=0.569, Test acc=0.169]
 39%|███▉      | 78/200 [21:19<33:16, 16.36s/it, Train loss=0.285, Train acc=0.0992, Test loss=0.569, Test acc=0.169]
 39%|███▉      | 78/200 [21:36<33:16, 16.36s/it, Train loss=0.278, Train acc=0.0967, Test loss=0.521, Test acc=0.163]
 40%|███▉      | 79/200 [21:36<33:00, 16.37s/it, Train loss=0.278, Train acc=0.0967, Test loss=0.521, Test acc=0.163]
 40%|███▉      | 79/200 [21:52<33:00, 16.37s/it, Train loss=0.269, Train acc=0.0939, Test loss=0.445, Test acc=0.149]
 40%|████      | 80/200 [21:52<32:42, 16.35s/it, Train loss=0.269, Train acc=0.0939, Test loss=0.445, Test acc=0.149]
 40%|████      | 80/200 [22:09<32:42, 16.35s/it, Train loss=0.27, Train acc=0.0946, Test loss=0.395, Test acc=0.132] 
 40%|████      | 81/200 [22:09<32:29, 16.38s/it, Train loss=0.27, Train acc=0.0946, Test loss=0.395, Test acc=0.132]
 40%|████      | 81/200 [22:25<32:29, 16.38s/it, Train loss=0.259, Train acc=0.0931, Test loss=0.403, Test acc=0.131]
 41%|████      | 82/200 [22:25<32:12, 16.38s/it, Train loss=0.259, Train acc=0.0931, Test loss=0.403, Test acc=0.131]
 41%|████      | 82/200 [22:41<32:12, 16.38s/it, Train loss=0.261, Train acc=0.0922, Test loss=0.446, Test acc=0.143]
 42%|████▏     | 83/200 [22:41<31:56, 16.38s/it, Train loss=0.261, Train acc=0.0922, Test loss=0.446, Test acc=0.143]
 42%|████▏     | 83/200 [22:58<31:56, 16.38s/it, Train loss=0.253, Train acc=0.0877, Test loss=0.396, Test acc=0.128]
 42%|████▏     | 84/200 [22:58<31:38, 16.37s/it, Train loss=0.253, Train acc=0.0877, Test loss=0.396, Test acc=0.128]
 42%|████▏     | 84/200 [23:14<31:38, 16.37s/it, Train loss=0.249, Train acc=0.0877, Test loss=0.445, Test acc=0.141]
 42%|████▎     | 85/200 [23:14<31:22, 16.37s/it, Train loss=0.249, Train acc=0.0877, Test loss=0.445, Test acc=0.141]
 42%|████▎     | 85/200 [23:30<31:22, 16.37s/it, Train loss=0.248, Train acc=0.087, Test loss=0.452, Test acc=0.146] 
 43%|████▎     | 86/200 [23:30<31:07, 16.38s/it, Train loss=0.248, Train acc=0.087, Test loss=0.452, Test acc=0.146]
 43%|████▎     | 86/200 [23:47<31:07, 16.38s/it, Train loss=0.246, Train acc=0.0862, Test loss=0.483, Test acc=0.148]
 44%|████▎     | 87/200 [23:47<30:50, 16.38s/it, Train loss=0.246, Train acc=0.0862, Test loss=0.483, Test acc=0.148]
 44%|████▎     | 87/200 [24:03<30:50, 16.38s/it, Train loss=0.235, Train acc=0.083, Test loss=0.423, Test acc=0.135] 
 44%|████▍     | 88/200 [24:03<30:36, 16.40s/it, Train loss=0.235, Train acc=0.083, Test loss=0.423, Test acc=0.135]
 44%|████▍     | 88/200 [24:20<30:36, 16.40s/it, Train loss=0.231, Train acc=0.08, Test loss=0.407, Test acc=0.126] 
 44%|████▍     | 89/200 [24:20<30:19, 16.39s/it, Train loss=0.231, Train acc=0.08, Test loss=0.407, Test acc=0.126]
 44%|████▍     | 89/200 [24:36<30:19, 16.39s/it, Train loss=0.232, Train acc=0.0816, Test loss=0.409, Test acc=0.13]
 45%|████▌     | 90/200 [24:36<30:02, 16.38s/it, Train loss=0.232, Train acc=0.0816, Test loss=0.409, Test acc=0.13]
 45%|████▌     | 90/200 [24:52<30:02, 16.38s/it, Train loss=0.229, Train acc=0.0808, Test loss=0.49, Test acc=0.15] 
 46%|████▌     | 91/200 [24:52<29:44, 16.37s/it, Train loss=0.229, Train acc=0.0808, Test loss=0.49, Test acc=0.15]
 46%|████▌     | 91/200 [25:09<29:44, 16.37s/it, Train loss=0.224, Train acc=0.0784, Test loss=0.442, Test acc=0.138]
 46%|████▌     | 92/200 [25:09<29:27, 16.36s/it, Train loss=0.224, Train acc=0.0784, Test loss=0.442, Test acc=0.138]
 46%|████▌     | 92/200 [25:25<29:27, 16.36s/it, Train loss=0.229, Train acc=0.0805, Test loss=0.383, Test acc=0.125]
 46%|████▋     | 93/200 [25:25<29:12, 16.38s/it, Train loss=0.229, Train acc=0.0805, Test loss=0.383, Test acc=0.125]
 46%|████▋     | 93/200 [25:41<29:12, 16.38s/it, Train loss=0.22, Train acc=0.077, Test loss=0.441, Test acc=0.136]  
 47%|████▋     | 94/200 [25:41<28:54, 16.37s/it, Train loss=0.22, Train acc=0.077, Test loss=0.441, Test acc=0.136]
 47%|████▋     | 94/200 [25:58<28:54, 16.37s/it, Train loss=0.217, Train acc=0.0767, Test loss=0.473, Test acc=0.14]
 48%|████▊     | 95/200 [25:58<28:41, 16.39s/it, Train loss=0.217, Train acc=0.0767, Test loss=0.473, Test acc=0.14]
 48%|████▊     | 95/200 [26:14<28:41, 16.39s/it, Train loss=0.218, Train acc=0.0771, Test loss=0.415, Test acc=0.129]
 48%|████▊     | 96/200 [26:14<28:23, 16.38s/it, Train loss=0.218, Train acc=0.0771, Test loss=0.415, Test acc=0.129]
 48%|████▊     | 96/200 [26:31<28:23, 16.38s/it, Train loss=0.211, Train acc=0.0748, Test loss=0.471, Test acc=0.138]
 48%|████▊     | 97/200 [26:31<28:16, 16.47s/it, Train loss=0.211, Train acc=0.0748, Test loss=0.471, Test acc=0.138]
 48%|████▊     | 97/200 [26:48<28:16, 16.47s/it, Train loss=0.207, Train acc=0.0728, Test loss=0.389, Test acc=0.119]
 49%|████▉     | 98/200 [26:48<28:16, 16.64s/it, Train loss=0.207, Train acc=0.0728, Test loss=0.389, Test acc=0.119]
 49%|████▉     | 98/200 [27:05<28:16, 16.64s/it, Train loss=0.204, Train acc=0.0714, Test loss=0.379, Test acc=0.118]
 50%|████▉     | 99/200 [27:05<27:59, 16.63s/it, Train loss=0.204, Train acc=0.0714, Test loss=0.379, Test acc=0.118]
 50%|████▉     | 99/200 [27:21<27:59, 16.63s/it, Train loss=0.204, Train acc=0.0725, Test loss=0.419, Test acc=0.128]
 50%|█████     | 100/200 [27:21<27:35, 16.56s/it, Train loss=0.204, Train acc=0.0725, Test loss=0.419, Test acc=0.128]
 50%|█████     | 100/200 [27:37<27:35, 16.56s/it, Train loss=0.205, Train acc=0.0736, Test loss=0.362, Test acc=0.115]
 50%|█████     | 101/200 [27:37<27:16, 16.53s/it, Train loss=0.205, Train acc=0.0736, Test loss=0.362, Test acc=0.115]
 50%|█████     | 101/200 [27:54<27:16, 16.53s/it, Train loss=0.196, Train acc=0.0689, Test loss=0.403, Test acc=0.124]
 51%|█████     | 102/200 [27:54<26:55, 16.48s/it, Train loss=0.196, Train acc=0.0689, Test loss=0.403, Test acc=0.124]
 51%|█████     | 102/200 [28:10<26:55, 16.48s/it, Train loss=0.199, Train acc=0.0701, Test loss=0.393, Test acc=0.122]
 52%|█████▏    | 103/200 [28:10<26:33, 16.42s/it, Train loss=0.199, Train acc=0.0701, Test loss=0.393, Test acc=0.122]
 52%|█████▏    | 103/200 [28:26<26:33, 16.42s/it, Train loss=0.192, Train acc=0.0685, Test loss=0.412, Test acc=0.126]
 52%|█████▏    | 104/200 [28:26<26:15, 16.41s/it, Train loss=0.192, Train acc=0.0685, Test loss=0.412, Test acc=0.126]
 52%|█████▏    | 104/200 [28:43<26:15, 16.41s/it, Train loss=0.197, Train acc=0.0686, Test loss=0.379, Test acc=0.12] 
 52%|█████▎    | 105/200 [28:43<25:56, 16.38s/it, Train loss=0.197, Train acc=0.0686, Test loss=0.379, Test acc=0.12]
 52%|█████▎    | 105/200 [28:59<25:56, 16.38s/it, Train loss=0.181, Train acc=0.0624, Test loss=0.369, Test acc=0.114]
 53%|█████▎    | 106/200 [28:59<25:37, 16.36s/it, Train loss=0.181, Train acc=0.0624, Test loss=0.369, Test acc=0.114]
 53%|█████▎    | 106/200 [29:15<25:37, 16.36s/it, Train loss=0.181, Train acc=0.0649, Test loss=0.375, Test acc=0.116]
 54%|█████▎    | 107/200 [29:15<25:20, 16.35s/it, Train loss=0.181, Train acc=0.0649, Test loss=0.375, Test acc=0.116]
 54%|█████▎    | 107/200 [29:32<25:20, 16.35s/it, Train loss=0.179, Train acc=0.0628, Test loss=0.383, Test acc=0.116]
 54%|█████▍    | 108/200 [29:32<25:07, 16.38s/it, Train loss=0.179, Train acc=0.0628, Test loss=0.383, Test acc=0.116]
 54%|█████▍    | 108/200 [29:48<25:07, 16.38s/it, Train loss=0.179, Train acc=0.0633, Test loss=0.384, Test acc=0.12] 
 55%|█████▍    | 109/200 [29:48<24:47, 16.35s/it, Train loss=0.179, Train acc=0.0633, Test loss=0.384, Test acc=0.12]
 55%|█████▍    | 109/200 [30:04<24:47, 16.35s/it, Train loss=0.177, Train acc=0.0628, Test loss=0.395, Test acc=0.118]
 55%|█████▌    | 110/200 [30:04<24:30, 16.34s/it, Train loss=0.177, Train acc=0.0628, Test loss=0.395, Test acc=0.118]
 55%|█████▌    | 110/200 [30:21<24:30, 16.34s/it, Train loss=0.166, Train acc=0.0583, Test loss=0.383, Test acc=0.116]
 56%|█████▌    | 111/200 [30:21<24:14, 16.34s/it, Train loss=0.166, Train acc=0.0583, Test loss=0.383, Test acc=0.116]
 56%|█████▌    | 111/200 [30:37<24:14, 16.34s/it, Train loss=0.172, Train acc=0.0609, Test loss=0.397, Test acc=0.12] 
 56%|█████▌    | 112/200 [30:37<23:55, 16.31s/it, Train loss=0.172, Train acc=0.0609, Test loss=0.397, Test acc=0.12]
 56%|█████▌    | 112/200 [30:53<23:55, 16.31s/it, Train loss=0.169, Train acc=0.0597, Test loss=0.374, Test acc=0.115]
 56%|█████▋    | 113/200 [30:53<23:36, 16.29s/it, Train loss=0.169, Train acc=0.0597, Test loss=0.374, Test acc=0.115]
 56%|█████▋    | 113/200 [31:10<23:36, 16.29s/it, Train loss=0.168, Train acc=0.0591, Test loss=0.386, Test acc=0.116]
 57%|█████▋    | 114/200 [31:10<23:20, 16.29s/it, Train loss=0.168, Train acc=0.0591, Test loss=0.386, Test acc=0.116]
 57%|█████▋    | 114/200 [31:26<23:20, 16.29s/it, Train loss=0.156, Train acc=0.0557, Test loss=0.377, Test acc=0.111]
 57%|█████▊    | 115/200 [31:26<23:04, 16.29s/it, Train loss=0.156, Train acc=0.0557, Test loss=0.377, Test acc=0.111]
 57%|█████▊    | 115/200 [31:42<23:04, 16.29s/it, Train loss=0.16, Train acc=0.0562, Test loss=0.37, Test acc=0.111]  
 58%|█████▊    | 116/200 [31:42<22:45, 16.26s/it, Train loss=0.16, Train acc=0.0562, Test loss=0.37, Test acc=0.111]
 58%|█████▊    | 116/200 [31:58<22:45, 16.26s/it, Train loss=0.155, Train acc=0.0549, Test loss=0.367, Test acc=0.112]
 58%|█████▊    | 117/200 [31:58<22:29, 16.25s/it, Train loss=0.155, Train acc=0.0549, Test loss=0.367, Test acc=0.112]
 58%|█████▊    | 117/200 [32:14<22:29, 16.25s/it, Train loss=0.157, Train acc=0.0557, Test loss=0.399, Test acc=0.123]
 59%|█████▉    | 118/200 [32:14<22:12, 16.25s/it, Train loss=0.157, Train acc=0.0557, Test loss=0.399, Test acc=0.123]
 59%|█████▉    | 118/200 [32:31<22:12, 16.25s/it, Train loss=0.151, Train acc=0.0538, Test loss=0.402, Test acc=0.122]
 60%|█████▉    | 119/200 [32:31<21:55, 16.25s/it, Train loss=0.151, Train acc=0.0538, Test loss=0.402, Test acc=0.122]
 60%|█████▉    | 119/200 [32:47<21:55, 16.25s/it, Train loss=0.148, Train acc=0.052, Test loss=0.357, Test acc=0.107] 
 60%|██████    | 120/200 [32:47<21:38, 16.23s/it, Train loss=0.148, Train acc=0.052, Test loss=0.357, Test acc=0.107]
 60%|██████    | 120/200 [33:03<21:38, 16.23s/it, Train loss=0.145, Train acc=0.0505, Test loss=0.355, Test acc=0.109]
 60%|██████    | 121/200 [33:03<21:23, 16.24s/it, Train loss=0.145, Train acc=0.0505, Test loss=0.355, Test acc=0.109]
 60%|██████    | 121/200 [33:20<21:23, 16.24s/it, Train loss=0.14, Train acc=0.0488, Test loss=0.358, Test acc=0.103] 
 61%|██████    | 122/200 [33:20<21:09, 16.27s/it, Train loss=0.14, Train acc=0.0488, Test loss=0.358, Test acc=0.103]
 61%|██████    | 122/200 [33:36<21:09, 16.27s/it, Train loss=0.137, Train acc=0.0485, Test loss=0.365, Test acc=0.105]
 62%|██████▏   | 123/200 [33:36<20:51, 16.25s/it, Train loss=0.137, Train acc=0.0485, Test loss=0.365, Test acc=0.105]
 62%|██████▏   | 123/200 [33:52<20:51, 16.25s/it, Train loss=0.132, Train acc=0.0465, Test loss=0.351, Test acc=0.104]
 62%|██████▏   | 124/200 [33:52<20:35, 16.25s/it, Train loss=0.132, Train acc=0.0465, Test loss=0.351, Test acc=0.104]
 62%|██████▏   | 124/200 [34:08<20:35, 16.25s/it, Train loss=0.137, Train acc=0.0484, Test loss=0.37, Test acc=0.11]  
 62%|██████▎   | 125/200 [34:08<20:19, 16.26s/it, Train loss=0.137, Train acc=0.0484, Test loss=0.37, Test acc=0.11]
 62%|██████▎   | 125/200 [34:24<20:19, 16.26s/it, Train loss=0.134, Train acc=0.0472, Test loss=0.378, Test acc=0.111]
 63%|██████▎   | 126/200 [34:24<20:02, 16.25s/it, Train loss=0.134, Train acc=0.0472, Test loss=0.378, Test acc=0.111]
 63%|██████▎   | 126/200 [34:41<20:02, 16.25s/it, Train loss=0.131, Train acc=0.0459, Test loss=0.349, Test acc=0.105]
 64%|██████▎   | 127/200 [34:41<19:44, 16.23s/it, Train loss=0.131, Train acc=0.0459, Test loss=0.349, Test acc=0.105]
 64%|██████▎   | 127/200 [34:57<19:44, 16.23s/it, Train loss=0.123, Train acc=0.0425, Test loss=0.354, Test acc=0.105]
 64%|██████▍   | 128/200 [34:57<19:29, 16.25s/it, Train loss=0.123, Train acc=0.0425, Test loss=0.354, Test acc=0.105]
 64%|██████▍   | 128/200 [35:13<19:29, 16.25s/it, Train loss=0.12, Train acc=0.0428, Test loss=0.364, Test acc=0.106] 
 64%|██████▍   | 129/200 [35:13<19:15, 16.28s/it, Train loss=0.12, Train acc=0.0428, Test loss=0.364, Test acc=0.106]
 64%|██████▍   | 129/200 [35:30<19:15, 16.28s/it, Train loss=0.117, Train acc=0.0426, Test loss=0.348, Test acc=0.104]
 65%|██████▌   | 130/200 [35:30<18:58, 16.26s/it, Train loss=0.117, Train acc=0.0426, Test loss=0.348, Test acc=0.104]
 65%|██████▌   | 130/200 [35:46<18:58, 16.26s/it, Train loss=0.118, Train acc=0.0414, Test loss=0.402, Test acc=0.114]
 66%|██████▌   | 131/200 [35:46<18:41, 16.25s/it, Train loss=0.118, Train acc=0.0414, Test loss=0.402, Test acc=0.114]
 66%|██████▌   | 131/200 [36:02<18:41, 16.25s/it, Train loss=0.115, Train acc=0.0407, Test loss=0.377, Test acc=0.103]
 66%|██████▌   | 132/200 [36:02<18:27, 16.28s/it, Train loss=0.115, Train acc=0.0407, Test loss=0.377, Test acc=0.103]
 66%|██████▌   | 132/200 [36:18<18:27, 16.28s/it, Train loss=0.113, Train acc=0.0392, Test loss=0.359, Test acc=0.103]
 66%|██████▋   | 133/200 [36:18<18:09, 16.27s/it, Train loss=0.113, Train acc=0.0392, Test loss=0.359, Test acc=0.103]
 66%|██████▋   | 133/200 [36:35<18:09, 16.27s/it, Train loss=0.114, Train acc=0.0399, Test loss=0.372, Test acc=0.109]
 67%|██████▋   | 134/200 [36:35<17:52, 16.25s/it, Train loss=0.114, Train acc=0.0399, Test loss=0.372, Test acc=0.109]
 67%|██████▋   | 134/200 [36:51<17:52, 16.25s/it, Train loss=0.113, Train acc=0.0397, Test loss=0.362, Test acc=0.105]
 68%|██████▊   | 135/200 [36:51<17:36, 16.25s/it, Train loss=0.113, Train acc=0.0397, Test loss=0.362, Test acc=0.105]
 68%|██████▊   | 135/200 [37:07<17:36, 16.25s/it, Train loss=0.11, Train acc=0.0389, Test loss=0.356, Test acc=0.103] 
 68%|██████▊   | 136/200 [37:07<17:23, 16.30s/it, Train loss=0.11, Train acc=0.0389, Test loss=0.356, Test acc=0.103]
 68%|██████▊   | 136/200 [37:23<17:23, 16.30s/it, Train loss=0.108, Train acc=0.0378, Test loss=0.355, Test acc=0.102]
 68%|██████▊   | 137/200 [37:23<17:05, 16.27s/it, Train loss=0.108, Train acc=0.0378, Test loss=0.355, Test acc=0.102]
 68%|██████▊   | 137/200 [37:40<17:05, 16.27s/it, Train loss=0.105, Train acc=0.0371, Test loss=0.365, Test acc=0.104]
 69%|██████▉   | 138/200 [37:40<16:48, 16.26s/it, Train loss=0.105, Train acc=0.0371, Test loss=0.365, Test acc=0.104]
 69%|██████▉   | 138/200 [37:56<16:48, 16.26s/it, Train loss=0.0995, Train acc=0.0356, Test loss=0.355, Test acc=0.0993]
 70%|██████▉   | 139/200 [37:56<16:32, 16.27s/it, Train loss=0.0995, Train acc=0.0356, Test loss=0.355, Test acc=0.0993]
 70%|██████▉   | 139/200 [38:12<16:32, 16.27s/it, Train loss=0.0986, Train acc=0.0341, Test loss=0.363, Test acc=0.103] 
 70%|███████   | 140/200 [38:12<16:15, 16.26s/it, Train loss=0.0986, Train acc=0.0341, Test loss=0.363, Test acc=0.103]
 70%|███████   | 140/200 [38:28<16:15, 16.26s/it, Train loss=0.0994, Train acc=0.0354, Test loss=0.358, Test acc=0.103]
 70%|███████   | 141/200 [38:28<15:58, 16.25s/it, Train loss=0.0994, Train acc=0.0354, Test loss=0.358, Test acc=0.103]
 70%|███████   | 141/200 [38:45<15:58, 16.25s/it, Train loss=0.101, Train acc=0.0357, Test loss=0.357, Test acc=0.103] 
 71%|███████   | 142/200 [38:45<15:44, 16.29s/it, Train loss=0.101, Train acc=0.0357, Test loss=0.357, Test acc=0.103]
 71%|███████   | 142/200 [39:01<15:44, 16.29s/it, Train loss=0.0969, Train acc=0.0335, Test loss=0.352, Test acc=0.0982]
 72%|███████▏  | 143/200 [39:01<15:28, 16.29s/it, Train loss=0.0969, Train acc=0.0335, Test loss=0.352, Test acc=0.0982]
 72%|███████▏  | 143/200 [39:17<15:28, 16.29s/it, Train loss=0.0947, Train acc=0.0333, Test loss=0.351, Test acc=0.0991]
 72%|███████▏  | 144/200 [39:17<15:11, 16.28s/it, Train loss=0.0947, Train acc=0.0333, Test loss=0.351, Test acc=0.0991]
 72%|███████▏  | 144/200 [39:34<15:11, 16.28s/it, Train loss=0.0926, Train acc=0.0327, Test loss=0.354, Test acc=0.1]   
 72%|███████▎  | 145/200 [39:34<14:55, 16.28s/it, Train loss=0.0926, Train acc=0.0327, Test loss=0.354, Test acc=0.1]
 72%|███████▎  | 145/200 [39:50<14:55, 16.28s/it, Train loss=0.0922, Train acc=0.0321, Test loss=0.348, Test acc=0.0984]
 73%|███████▎  | 146/200 [39:50<14:39, 16.29s/it, Train loss=0.0922, Train acc=0.0321, Test loss=0.348, Test acc=0.0984]
 73%|███████▎  | 146/200 [40:06<14:39, 16.29s/it, Train loss=0.0878, Train acc=0.0307, Test loss=0.35, Test acc=0.0985] 
 74%|███████▎  | 147/200 [40:06<14:21, 16.26s/it, Train loss=0.0878, Train acc=0.0307, Test loss=0.35, Test acc=0.0985]
 74%|███████▎  | 147/200 [40:22<14:21, 16.26s/it, Train loss=0.0856, Train acc=0.0299, Test loss=0.354, Test acc=0.0982]
 74%|███████▍  | 148/200 [40:22<14:04, 16.25s/it, Train loss=0.0856, Train acc=0.0299, Test loss=0.354, Test acc=0.0982]
 74%|███████▍  | 148/200 [40:39<14:04, 16.25s/it, Train loss=0.0843, Train acc=0.0296, Test loss=0.356, Test acc=0.0979]
 74%|███████▍  | 149/200 [40:39<13:50, 16.28s/it, Train loss=0.0843, Train acc=0.0296, Test loss=0.356, Test acc=0.0979]
 74%|███████▍  | 149/200 [40:55<13:50, 16.28s/it, Train loss=0.0823, Train acc=0.0288, Test loss=0.37, Test acc=0.1]    
 75%|███████▌  | 150/200 [40:55<13:33, 16.27s/it, Train loss=0.0823, Train acc=0.0288, Test loss=0.37, Test acc=0.1]
 75%|███████▌  | 150/200 [41:11<13:33, 16.27s/it, Train loss=0.0814, Train acc=0.0278, Test loss=0.343, Test acc=0.0934]
 76%|███████▌  | 151/200 [41:11<13:16, 16.25s/it, Train loss=0.0814, Train acc=0.0278, Test loss=0.343, Test acc=0.0934]
 76%|███████▌  | 151/200 [41:27<13:16, 16.25s/it, Train loss=0.0811, Train acc=0.0287, Test loss=0.355, Test acc=0.0968]
 76%|███████▌  | 152/200 [41:27<12:59, 16.25s/it, Train loss=0.0811, Train acc=0.0287, Test loss=0.355, Test acc=0.0968]
 76%|███████▌  | 152/200 [41:44<12:59, 16.25s/it, Train loss=0.0804, Train acc=0.0275, Test loss=0.346, Test acc=0.0941]
 76%|███████▋  | 153/200 [41:44<12:44, 16.27s/it, Train loss=0.0804, Train acc=0.0275, Test loss=0.346, Test acc=0.0941]
 76%|███████▋  | 153/200 [42:00<12:44, 16.27s/it, Train loss=0.0781, Train acc=0.027, Test loss=0.353, Test acc=0.0942] 
 77%|███████▋  | 154/200 [42:00<12:27, 16.25s/it, Train loss=0.0781, Train acc=0.027, Test loss=0.353, Test acc=0.0942]
 77%|███████▋  | 154/200 [42:16<12:27, 16.25s/it, Train loss=0.0792, Train acc=0.0276, Test loss=0.352, Test acc=0.0958]
 78%|███████▊  | 155/200 [42:16<12:10, 16.24s/it, Train loss=0.0792, Train acc=0.0276, Test loss=0.352, Test acc=0.0958]
 78%|███████▊  | 155/200 [42:33<12:10, 16.24s/it, Train loss=0.0749, Train acc=0.0257, Test loss=0.349, Test acc=0.0959]
 78%|███████▊  | 156/200 [42:33<11:56, 16.28s/it, Train loss=0.0749, Train acc=0.0257, Test loss=0.349, Test acc=0.0959]
 78%|███████▊  | 156/200 [42:49<11:56, 16.28s/it, Train loss=0.0733, Train acc=0.0257, Test loss=0.35, Test acc=0.0948] 
 78%|███████▊  | 157/200 [42:49<11:40, 16.28s/it, Train loss=0.0733, Train acc=0.0257, Test loss=0.35, Test acc=0.0948]
 78%|███████▊  | 157/200 [43:05<11:40, 16.28s/it, Train loss=0.0724, Train acc=0.0258, Test loss=0.349, Test acc=0.0956]
 79%|███████▉  | 158/200 [43:05<11:23, 16.27s/it, Train loss=0.0724, Train acc=0.0258, Test loss=0.349, Test acc=0.0956]
 79%|███████▉  | 158/200 [43:21<11:23, 16.27s/it, Train loss=0.0716, Train acc=0.0247, Test loss=0.351, Test acc=0.0941]
 80%|███████▉  | 159/200 [43:21<11:06, 16.25s/it, Train loss=0.0716, Train acc=0.0247, Test loss=0.351, Test acc=0.0941]
 80%|███████▉  | 159/200 [43:38<11:06, 16.25s/it, Train loss=0.0706, Train acc=0.0242, Test loss=0.352, Test acc=0.0955]
 80%|████████  | 160/200 [43:38<10:50, 16.26s/it, Train loss=0.0706, Train acc=0.0242, Test loss=0.352, Test acc=0.0955]
 80%|████████  | 160/200 [43:54<10:50, 16.26s/it, Train loss=0.0685, Train acc=0.0231, Test loss=0.349, Test acc=0.095] 
 80%|████████  | 161/200 [43:54<10:34, 16.26s/it, Train loss=0.0685, Train acc=0.0231, Test loss=0.349, Test acc=0.095]
 80%|████████  | 161/200 [44:10<10:34, 16.26s/it, Train loss=0.0666, Train acc=0.022, Test loss=0.354, Test acc=0.0951]
 81%|████████  | 162/200 [44:10<10:17, 16.25s/it, Train loss=0.0666, Train acc=0.022, Test loss=0.354, Test acc=0.0951]
 81%|████████  | 162/200 [44:26<10:17, 16.25s/it, Train loss=0.0655, Train acc=0.0226, Test loss=0.351, Test acc=0.0958]
 82%|████████▏ | 163/200 [44:26<10:02, 16.28s/it, Train loss=0.0655, Train acc=0.0226, Test loss=0.351, Test acc=0.0958]
 82%|████████▏ | 163/200 [44:43<10:02, 16.28s/it, Train loss=0.0642, Train acc=0.021, Test loss=0.344, Test acc=0.0923] 
 82%|████████▏ | 164/200 [44:43<09:45, 16.28s/it, Train loss=0.0642, Train acc=0.021, Test loss=0.344, Test acc=0.0923]
 82%|████████▏ | 164/200 [44:59<09:45, 16.28s/it, Train loss=0.0654, Train acc=0.0225, Test loss=0.349, Test acc=0.0925]
 82%|████████▎ | 165/200 [44:59<09:28, 16.25s/it, Train loss=0.0654, Train acc=0.0225, Test loss=0.349, Test acc=0.0925]
 82%|████████▎ | 165/200 [45:15<09:28, 16.25s/it, Train loss=0.0633, Train acc=0.0216, Test loss=0.35, Test acc=0.0944] 
 83%|████████▎ | 166/200 [45:15<09:11, 16.23s/it, Train loss=0.0633, Train acc=0.0216, Test loss=0.35, Test acc=0.0944]
 83%|████████▎ | 166/200 [45:31<09:11, 16.23s/it, Train loss=0.0635, Train acc=0.0216, Test loss=0.342, Test acc=0.0919]
 84%|████████▎ | 167/200 [45:31<08:56, 16.25s/it, Train loss=0.0635, Train acc=0.0216, Test loss=0.342, Test acc=0.0919]
 84%|████████▎ | 167/200 [45:47<08:56, 16.25s/it, Train loss=0.0603, Train acc=0.0197, Test loss=0.345, Test acc=0.0907]
 84%|████████▍ | 168/200 [45:47<08:39, 16.24s/it, Train loss=0.0603, Train acc=0.0197, Test loss=0.345, Test acc=0.0907]
 84%|████████▍ | 168/200 [46:04<08:39, 16.24s/it, Train loss=0.0601, Train acc=0.0201, Test loss=0.345, Test acc=0.0918]
 84%|████████▍ | 169/200 [46:04<08:23, 16.23s/it, Train loss=0.0601, Train acc=0.0201, Test loss=0.345, Test acc=0.0918]
 84%|████████▍ | 169/200 [46:20<08:23, 16.23s/it, Train loss=0.0603, Train acc=0.0196, Test loss=0.35, Test acc=0.0917] 
 85%|████████▌ | 170/200 [46:20<08:07, 16.26s/it, Train loss=0.0603, Train acc=0.0196, Test loss=0.35, Test acc=0.0917]
 85%|████████▌ | 170/200 [46:36<08:07, 16.26s/it, Train loss=0.0591, Train acc=0.0195, Test loss=0.349, Test acc=0.0925]
 86%|████████▌ | 171/200 [46:36<07:51, 16.27s/it, Train loss=0.0591, Train acc=0.0195, Test loss=0.349, Test acc=0.0925]
 86%|████████▌ | 171/200 [46:53<07:51, 16.27s/it, Train loss=0.0583, Train acc=0.0191, Test loss=0.346, Test acc=0.09]  
 86%|████████▌ | 172/200 [46:53<07:35, 16.25s/it, Train loss=0.0583, Train acc=0.0191, Test loss=0.346, Test acc=0.09]
 86%|████████▌ | 172/200 [47:09<07:35, 16.25s/it, Train loss=0.0583, Train acc=0.0193, Test loss=0.345, Test acc=0.0913]
 86%|████████▋ | 173/200 [47:09<07:18, 16.23s/it, Train loss=0.0583, Train acc=0.0193, Test loss=0.345, Test acc=0.0913]
 86%|████████▋ | 173/200 [47:25<07:18, 16.23s/it, Train loss=0.0567, Train acc=0.0194, Test loss=0.345, Test acc=0.0906]
 87%|████████▋ | 174/200 [47:25<07:02, 16.24s/it, Train loss=0.0567, Train acc=0.0194, Test loss=0.345, Test acc=0.0906]
 87%|████████▋ | 174/200 [47:41<07:02, 16.24s/it, Train loss=0.0563, Train acc=0.0184, Test loss=0.345, Test acc=0.0889]
 88%|████████▊ | 175/200 [47:41<06:45, 16.23s/it, Train loss=0.0563, Train acc=0.0184, Test loss=0.345, Test acc=0.0889]
 88%|████████▊ | 175/200 [47:57<06:45, 16.23s/it, Train loss=0.0561, Train acc=0.0188, Test loss=0.344, Test acc=0.0899]
 88%|████████▊ | 176/200 [47:57<06:29, 16.22s/it, Train loss=0.0561, Train acc=0.0188, Test loss=0.344, Test acc=0.0899]
 88%|████████▊ | 176/200 [48:14<06:29, 16.22s/it, Train loss=0.0551, Train acc=0.0178, Test loss=0.348, Test acc=0.0903]
 88%|████████▊ | 177/200 [48:14<06:13, 16.23s/it, Train loss=0.0551, Train acc=0.0178, Test loss=0.348, Test acc=0.0903]
 88%|████████▊ | 177/200 [48:30<06:13, 16.23s/it, Train loss=0.0562, Train acc=0.0184, Test loss=0.346, Test acc=0.0905]
 89%|████████▉ | 178/200 [48:30<05:57, 16.25s/it, Train loss=0.0562, Train acc=0.0184, Test loss=0.346, Test acc=0.0905]
 89%|████████▉ | 178/200 [48:46<05:57, 16.25s/it, Train loss=0.0552, Train acc=0.018, Test loss=0.346, Test acc=0.0919] 
 90%|████████▉ | 179/200 [48:46<05:40, 16.24s/it, Train loss=0.0552, Train acc=0.018, Test loss=0.346, Test acc=0.0919]
 90%|████████▉ | 179/200 [49:02<05:40, 16.24s/it, Train loss=0.0557, Train acc=0.0182, Test loss=0.346, Test acc=0.0918]
 90%|█████████ | 180/200 [49:02<05:24, 16.23s/it, Train loss=0.0557, Train acc=0.0182, Test loss=0.346, Test acc=0.0918]
 90%|█████████ | 180/200 [49:19<05:24, 16.23s/it, Train loss=0.0537, Train acc=0.0164, Test loss=0.344, Test acc=0.0931]
 90%|█████████ | 181/200 [49:19<05:08, 16.25s/it, Train loss=0.0537, Train acc=0.0164, Test loss=0.344, Test acc=0.0931]
 90%|█████████ | 181/200 [49:35<05:08, 16.25s/it, Train loss=0.0525, Train acc=0.0173, Test loss=0.346, Test acc=0.0921]
 91%|█████████ | 182/200 [49:35<04:52, 16.25s/it, Train loss=0.0525, Train acc=0.0173, Test loss=0.346, Test acc=0.0921]
 91%|█████████ | 182/200 [49:51<04:52, 16.25s/it, Train loss=0.0536, Train acc=0.017, Test loss=0.345, Test acc=0.0913] 
 92%|█████████▏| 183/200 [49:51<04:36, 16.26s/it, Train loss=0.0536, Train acc=0.017, Test loss=0.345, Test acc=0.0913]
 92%|█████████▏| 183/200 [50:07<04:36, 16.26s/it, Train loss=0.0514, Train acc=0.0169, Test loss=0.345, Test acc=0.0911]
 92%|█████████▏| 184/200 [50:07<04:20, 16.25s/it, Train loss=0.0514, Train acc=0.0169, Test loss=0.345, Test acc=0.0911]
 92%|█████████▏| 184/200 [50:24<04:20, 16.25s/it, Train loss=0.0516, Train acc=0.0172, Test loss=0.347, Test acc=0.0918]
 92%|█████████▎| 185/200 [50:24<04:03, 16.25s/it, Train loss=0.0516, Train acc=0.0172, Test loss=0.347, Test acc=0.0918]
 92%|█████████▎| 185/200 [50:40<04:03, 16.25s/it, Train loss=0.0518, Train acc=0.0172, Test loss=0.347, Test acc=0.0915]
 93%|█████████▎| 186/200 [50:40<03:47, 16.24s/it, Train loss=0.0518, Train acc=0.0172, Test loss=0.347, Test acc=0.0915]
 93%|█████████▎| 186/200 [50:56<03:47, 16.24s/it, Train loss=0.0525, Train acc=0.0175, Test loss=0.348, Test acc=0.091] 
 94%|█████████▎| 187/200 [50:56<03:31, 16.24s/it, Train loss=0.0525, Train acc=0.0175, Test loss=0.348, Test acc=0.091]
 94%|█████████▎| 187/200 [51:12<03:31, 16.24s/it, Train loss=0.0506, Train acc=0.0163, Test loss=0.347, Test acc=0.0912]
 94%|█████████▍| 188/200 [51:12<03:14, 16.24s/it, Train loss=0.0506, Train acc=0.0163, Test loss=0.347, Test acc=0.0912]
 94%|█████████▍| 188/200 [51:29<03:14, 16.24s/it, Train loss=0.0522, Train acc=0.0172, Test loss=0.345, Test acc=0.0904]
 94%|█████████▍| 189/200 [51:29<02:58, 16.24s/it, Train loss=0.0522, Train acc=0.0172, Test loss=0.345, Test acc=0.0904]
 94%|█████████▍| 189/200 [51:45<02:58, 16.24s/it, Train loss=0.0517, Train acc=0.0168, Test loss=0.346, Test acc=0.0901]
 95%|█████████▌| 190/200 [51:45<02:42, 16.27s/it, Train loss=0.0517, Train acc=0.0168, Test loss=0.346, Test acc=0.0901]
 95%|█████████▌| 190/200 [52:01<02:42, 16.27s/it, Train loss=0.0507, Train acc=0.0163, Test loss=0.345, Test acc=0.0904]
 96%|█████████▌| 191/200 [52:01<02:26, 16.24s/it, Train loss=0.0507, Train acc=0.0163, Test loss=0.345, Test acc=0.0904]
 96%|█████████▌| 191/200 [52:17<02:26, 16.24s/it, Train loss=0.0509, Train acc=0.0167, Test loss=0.346, Test acc=0.0902]
 96%|█████████▌| 192/200 [52:17<02:09, 16.24s/it, Train loss=0.0509, Train acc=0.0167, Test loss=0.346, Test acc=0.0902]
 96%|█████████▌| 192/200 [52:34<02:09, 16.24s/it, Train loss=0.0504, Train acc=0.016, Test loss=0.345, Test acc=0.0906] 
 96%|█████████▋| 193/200 [52:34<01:53, 16.25s/it, Train loss=0.0504, Train acc=0.016, Test loss=0.345, Test acc=0.0906]
 96%|█████████▋| 193/200 [52:50<01:53, 16.25s/it, Train loss=0.0507, Train acc=0.0163, Test loss=0.347, Test acc=0.0911]
 97%|█████████▋| 194/200 [52:50<01:37, 16.23s/it, Train loss=0.0507, Train acc=0.0163, Test loss=0.347, Test acc=0.0911]
 97%|█████████▋| 194/200 [53:06<01:37, 16.23s/it, Train loss=0.0514, Train acc=0.0168, Test loss=0.344, Test acc=0.0911]
 98%|█████████▊| 195/200 [53:06<01:21, 16.23s/it, Train loss=0.0514, Train acc=0.0168, Test loss=0.344, Test acc=0.0911]
 98%|█████████▊| 195/200 [53:22<01:21, 16.23s/it, Train loss=0.0488, Train acc=0.0157, Test loss=0.345, Test acc=0.091] 
 98%|█████████▊| 196/200 [53:22<01:04, 16.23s/it, Train loss=0.0488, Train acc=0.0157, Test loss=0.345, Test acc=0.091]
 98%|█████████▊| 196/200 [53:39<01:04, 16.23s/it, Train loss=0.0497, Train acc=0.0163, Test loss=0.346, Test acc=0.09] 
 98%|█████████▊| 197/200 [53:39<00:48, 16.28s/it, Train loss=0.0497, Train acc=0.0163, Test loss=0.346, Test acc=0.09]
 98%|█████████▊| 197/200 [53:55<00:48, 16.28s/it, Train loss=0.0514, Train acc=0.0168, Test loss=0.345, Test acc=0.0907]
 99%|█████████▉| 198/200 [53:55<00:32, 16.26s/it, Train loss=0.0514, Train acc=0.0168, Test loss=0.345, Test acc=0.0907]
 99%|█████████▉| 198/200 [54:11<00:32, 16.26s/it, Train loss=0.0507, Train acc=0.0164, Test loss=0.346, Test acc=0.0912]
100%|█████████▉| 199/200 [54:11<00:16, 16.24s/it, Train loss=0.0507, Train acc=0.0164, Test loss=0.346, Test acc=0.0912]
100%|█████████▉| 199/200 [54:27<00:16, 16.24s/it, Train loss=0.0487, Train acc=0.0156, Test loss=0.345, Test acc=0.0904]
100%|██████████| 200/200 [54:27<00:00, 16.23s/it, Train loss=0.0487, Train acc=0.0156, Test loss=0.345, Test acc=0.0904]
100%|██████████| 200/200 [54:27<00:00, 16.34s/it, Train loss=0.0487, Train acc=0.0156, Test loss=0.345, Test acc=0.0904]
