Files already downloaded and verified
Files already downloaded and verified
load resnet18...

  0%|          | 0/200 [00:00<?, ?it/s]
  0%|          | 0/200 [00:17<?, ?it/s, Train loss=2.23, Train acc=0.781, Test loss=1.82, Test acc=0.686]
  0%|          | 1/200 [00:17<57:03, 17.21s/it, Train loss=2.23, Train acc=0.781, Test loss=1.82, Test acc=0.686]
  0%|          | 1/200 [00:33<57:03, 17.21s/it, Train loss=1.81, Train acc=0.686, Test loss=1.77, Test acc=0.66] 
  1%|          | 2/200 [00:33<54:59, 16.66s/it, Train loss=1.81, Train acc=0.686, Test loss=1.77, Test acc=0.66]
  1%|          | 2/200 [00:49<54:59, 16.66s/it, Train loss=1.69, Train acc=0.638, Test loss=1.62, Test acc=0.647]
  2%|▏         | 3/200 [00:49<54:12, 16.51s/it, Train loss=1.69, Train acc=0.638, Test loss=1.62, Test acc=0.647]
  2%|▏         | 3/200 [01:06<54:12, 16.51s/it, Train loss=1.6, Train acc=0.602, Test loss=1.59, Test acc=0.636] 
  2%|▏         | 4/200 [01:06<53:44, 16.45s/it, Train loss=1.6, Train acc=0.602, Test loss=1.59, Test acc=0.636]
  2%|▏         | 4/200 [01:22<53:44, 16.45s/it, Train loss=1.51, Train acc=0.565, Test loss=1.48, Test acc=0.568]
  2%|▎         | 5/200 [01:22<53:21, 16.42s/it, Train loss=1.51, Train acc=0.565, Test loss=1.48, Test acc=0.568]
  2%|▎         | 5/200 [01:38<53:21, 16.42s/it, Train loss=1.44, Train acc=0.535, Test loss=1.54, Test acc=0.608]
  3%|▎         | 6/200 [01:38<53:06, 16.43s/it, Train loss=1.44, Train acc=0.535, Test loss=1.54, Test acc=0.608]
  3%|▎         | 6/200 [01:55<53:06, 16.43s/it, Train loss=1.36, Train acc=0.502, Test loss=1.35, Test acc=0.507]
  4%|▎         | 7/200 [01:55<52:42, 16.39s/it, Train loss=1.36, Train acc=0.502, Test loss=1.35, Test acc=0.507]
  4%|▎         | 7/200 [02:11<52:42, 16.39s/it, Train loss=1.29, Train acc=0.47, Test loss=1.21, Test acc=0.429] 
  4%|▍         | 8/200 [02:11<52:18, 16.35s/it, Train loss=1.29, Train acc=0.47, Test loss=1.21, Test acc=0.429]
  4%|▍         | 8/200 [02:27<52:18, 16.35s/it, Train loss=1.2, Train acc=0.433, Test loss=1.34, Test acc=0.514]
  4%|▍         | 9/200 [02:27<51:58, 16.33s/it, Train loss=1.2, Train acc=0.433, Test loss=1.34, Test acc=0.514]
  4%|▍         | 9/200 [02:44<51:58, 16.33s/it, Train loss=1.14, Train acc=0.41, Test loss=1.21, Test acc=0.424]
  5%|▌         | 10/200 [02:44<51:35, 16.29s/it, Train loss=1.14, Train acc=0.41, Test loss=1.21, Test acc=0.424]
  5%|▌         | 10/200 [03:00<51:35, 16.29s/it, Train loss=1.06, Train acc=0.379, Test loss=1.3, Test acc=0.456]
  6%|▌         | 11/200 [03:00<51:04, 16.21s/it, Train loss=1.06, Train acc=0.379, Test loss=1.3, Test acc=0.456]
  6%|▌         | 11/200 [03:16<51:04, 16.21s/it, Train loss=0.985, Train acc=0.35, Test loss=1.25, Test acc=0.447]
  6%|▌         | 12/200 [03:16<50:38, 16.16s/it, Train loss=0.985, Train acc=0.35, Test loss=1.25, Test acc=0.447]
  6%|▌         | 12/200 [03:32<50:38, 16.16s/it, Train loss=0.907, Train acc=0.318, Test loss=0.99, Test acc=0.351]
  6%|▋         | 13/200 [03:32<50:23, 16.17s/it, Train loss=0.907, Train acc=0.318, Test loss=0.99, Test acc=0.351]
  6%|▋         | 13/200 [03:48<50:23, 16.17s/it, Train loss=0.842, Train acc=0.295, Test loss=0.898, Test acc=0.315]
  7%|▋         | 14/200 [03:48<50:00, 16.13s/it, Train loss=0.842, Train acc=0.295, Test loss=0.898, Test acc=0.315]
  7%|▋         | 14/200 [04:04<50:00, 16.13s/it, Train loss=0.791, Train acc=0.279, Test loss=0.8, Test acc=0.287]  
  8%|▊         | 15/200 [04:04<49:42, 16.12s/it, Train loss=0.791, Train acc=0.279, Test loss=0.8, Test acc=0.287]
  8%|▊         | 15/200 [04:20<49:42, 16.12s/it, Train loss=0.741, Train acc=0.259, Test loss=1.31, Test acc=0.427]
  8%|▊         | 16/200 [04:20<49:22, 16.10s/it, Train loss=0.741, Train acc=0.259, Test loss=1.31, Test acc=0.427]
  8%|▊         | 16/200 [04:36<49:22, 16.10s/it, Train loss=0.701, Train acc=0.247, Test loss=0.857, Test acc=0.302]
  8%|▊         | 17/200 [04:36<49:03, 16.08s/it, Train loss=0.701, Train acc=0.247, Test loss=0.857, Test acc=0.302]
  8%|▊         | 17/200 [04:52<49:03, 16.08s/it, Train loss=0.658, Train acc=0.228, Test loss=0.805, Test acc=0.286]
  9%|▉         | 18/200 [04:52<48:45, 16.07s/it, Train loss=0.658, Train acc=0.228, Test loss=0.805, Test acc=0.286]
  9%|▉         | 18/200 [05:08<48:45, 16.07s/it, Train loss=0.64, Train acc=0.223, Test loss=0.857, Test acc=0.303] 
 10%|▉         | 19/200 [05:08<48:28, 16.07s/it, Train loss=0.64, Train acc=0.223, Test loss=0.857, Test acc=0.303]
 10%|▉         | 19/200 [05:24<48:28, 16.07s/it, Train loss=0.607, Train acc=0.209, Test loss=0.73, Test acc=0.258]
 10%|█         | 20/200 [05:24<48:18, 16.10s/it, Train loss=0.607, Train acc=0.209, Test loss=0.73, Test acc=0.258]
 10%|█         | 20/200 [05:40<48:18, 16.10s/it, Train loss=0.577, Train acc=0.199, Test loss=0.896, Test acc=0.306]
 10%|█         | 21/200 [05:40<48:01, 16.10s/it, Train loss=0.577, Train acc=0.199, Test loss=0.896, Test acc=0.306]
 10%|█         | 21/200 [05:57<48:01, 16.10s/it, Train loss=0.553, Train acc=0.19, Test loss=0.852, Test acc=0.306] 
 11%|█         | 22/200 [05:57<47:45, 16.10s/it, Train loss=0.553, Train acc=0.19, Test loss=0.852, Test acc=0.306]
 11%|█         | 22/200 [06:13<47:45, 16.10s/it, Train loss=0.534, Train acc=0.185, Test loss=0.67, Test acc=0.235]
 12%|█▏        | 23/200 [06:13<47:28, 16.09s/it, Train loss=0.534, Train acc=0.185, Test loss=0.67, Test acc=0.235]
 12%|█▏        | 23/200 [06:29<47:28, 16.09s/it, Train loss=0.517, Train acc=0.178, Test loss=0.628, Test acc=0.22]
 12%|█▏        | 24/200 [06:29<47:11, 16.09s/it, Train loss=0.517, Train acc=0.178, Test loss=0.628, Test acc=0.22]
 12%|█▏        | 24/200 [06:45<47:11, 16.09s/it, Train loss=0.499, Train acc=0.174, Test loss=0.634, Test acc=0.221]
 12%|█▎        | 25/200 [06:45<46:56, 16.09s/it, Train loss=0.499, Train acc=0.174, Test loss=0.634, Test acc=0.221]
 12%|█▎        | 25/200 [07:01<46:56, 16.09s/it, Train loss=0.474, Train acc=0.166, Test loss=0.881, Test acc=0.286]
 13%|█▎        | 26/200 [07:01<46:42, 16.11s/it, Train loss=0.474, Train acc=0.166, Test loss=0.881, Test acc=0.286]
 13%|█▎        | 26/200 [07:17<46:42, 16.11s/it, Train loss=0.464, Train acc=0.16, Test loss=0.698, Test acc=0.241] 
 14%|█▎        | 27/200 [07:17<46:23, 16.09s/it, Train loss=0.464, Train acc=0.16, Test loss=0.698, Test acc=0.241]
 14%|█▎        | 27/200 [07:33<46:23, 16.09s/it, Train loss=0.444, Train acc=0.155, Test loss=0.599, Test acc=0.202]
 14%|█▍        | 28/200 [07:33<46:07, 16.09s/it, Train loss=0.444, Train acc=0.155, Test loss=0.599, Test acc=0.202]
 14%|█▍        | 28/200 [07:49<46:07, 16.09s/it, Train loss=0.434, Train acc=0.151, Test loss=0.859, Test acc=0.283]
 14%|█▍        | 29/200 [07:49<45:50, 16.09s/it, Train loss=0.434, Train acc=0.151, Test loss=0.859, Test acc=0.283]
 14%|█▍        | 29/200 [08:05<45:50, 16.09s/it, Train loss=0.421, Train acc=0.146, Test loss=0.658, Test acc=0.224]
 15%|█▌        | 30/200 [08:05<45:34, 16.08s/it, Train loss=0.421, Train acc=0.146, Test loss=0.658, Test acc=0.224]
 15%|█▌        | 30/200 [08:21<45:34, 16.08s/it, Train loss=0.407, Train acc=0.143, Test loss=0.528, Test acc=0.181]
 16%|█▌        | 31/200 [08:21<45:17, 16.08s/it, Train loss=0.407, Train acc=0.143, Test loss=0.528, Test acc=0.181]
 16%|█▌        | 31/200 [08:37<45:17, 16.08s/it, Train loss=0.388, Train acc=0.137, Test loss=0.509, Test acc=0.176]
 16%|█▌        | 32/200 [08:37<45:01, 16.08s/it, Train loss=0.388, Train acc=0.137, Test loss=0.509, Test acc=0.176]
 16%|█▌        | 32/200 [08:54<45:01, 16.08s/it, Train loss=0.386, Train acc=0.133, Test loss=0.63, Test acc=0.214] 
 16%|█▋        | 33/200 [08:54<44:50, 16.11s/it, Train loss=0.386, Train acc=0.133, Test loss=0.63, Test acc=0.214]
 16%|█▋        | 33/200 [09:10<44:50, 16.11s/it, Train loss=0.373, Train acc=0.131, Test loss=0.561, Test acc=0.195]
 17%|█▋        | 34/200 [09:10<44:33, 16.10s/it, Train loss=0.373, Train acc=0.131, Test loss=0.561, Test acc=0.195]
 17%|█▋        | 34/200 [09:26<44:33, 16.10s/it, Train loss=0.359, Train acc=0.126, Test loss=0.473, Test acc=0.161]
 18%|█▊        | 35/200 [09:26<44:15, 16.10s/it, Train loss=0.359, Train acc=0.126, Test loss=0.473, Test acc=0.161]
 18%|█▊        | 35/200 [09:42<44:15, 16.10s/it, Train loss=0.349, Train acc=0.121, Test loss=0.513, Test acc=0.169]
 18%|█▊        | 36/200 [09:42<44:00, 16.10s/it, Train loss=0.349, Train acc=0.121, Test loss=0.513, Test acc=0.169]
 18%|█▊        | 36/200 [09:58<44:00, 16.10s/it, Train loss=0.34, Train acc=0.118, Test loss=0.514, Test acc=0.174] 
 18%|█▊        | 37/200 [09:58<43:44, 16.10s/it, Train loss=0.34, Train acc=0.118, Test loss=0.514, Test acc=0.174]
 18%|█▊        | 37/200 [10:14<43:44, 16.10s/it, Train loss=0.335, Train acc=0.117, Test loss=0.545, Test acc=0.186]
 19%|█▉        | 38/200 [10:14<43:28, 16.10s/it, Train loss=0.335, Train acc=0.117, Test loss=0.545, Test acc=0.186]
 19%|█▉        | 38/200 [10:30<43:28, 16.10s/it, Train loss=0.324, Train acc=0.112, Test loss=0.513, Test acc=0.165]
 20%|█▉        | 39/200 [10:30<43:12, 16.10s/it, Train loss=0.324, Train acc=0.112, Test loss=0.513, Test acc=0.165]
 20%|█▉        | 39/200 [10:46<43:12, 16.10s/it, Train loss=0.311, Train acc=0.109, Test loss=0.623, Test acc=0.191]
 20%|██        | 40/200 [10:46<43:00, 16.13s/it, Train loss=0.311, Train acc=0.109, Test loss=0.623, Test acc=0.191]
 20%|██        | 40/200 [11:02<43:00, 16.13s/it, Train loss=0.305, Train acc=0.107, Test loss=0.576, Test acc=0.189]
 20%|██        | 41/200 [11:02<42:42, 16.12s/it, Train loss=0.305, Train acc=0.107, Test loss=0.576, Test acc=0.189]
 20%|██        | 41/200 [11:18<42:42, 16.12s/it, Train loss=0.299, Train acc=0.105, Test loss=0.465, Test acc=0.154]
 21%|██        | 42/200 [11:18<42:23, 16.10s/it, Train loss=0.299, Train acc=0.105, Test loss=0.465, Test acc=0.154]
 21%|██        | 42/200 [11:35<42:23, 16.10s/it, Train loss=0.291, Train acc=0.1, Test loss=0.451, Test acc=0.15]   
 22%|██▏       | 43/200 [11:35<42:07, 16.10s/it, Train loss=0.291, Train acc=0.1, Test loss=0.451, Test acc=0.15]
 22%|██▏       | 43/200 [11:51<42:07, 16.10s/it, Train loss=0.283, Train acc=0.1, Test loss=0.456, Test acc=0.156]
 22%|██▏       | 44/200 [11:51<41:49, 16.09s/it, Train loss=0.283, Train acc=0.1, Test loss=0.456, Test acc=0.156]
 22%|██▏       | 44/200 [12:07<41:49, 16.09s/it, Train loss=0.273, Train acc=0.0943, Test loss=0.459, Test acc=0.153]
 22%|██▎       | 45/200 [12:07<41:32, 16.08s/it, Train loss=0.273, Train acc=0.0943, Test loss=0.459, Test acc=0.153]
 22%|██▎       | 45/200 [12:23<41:32, 16.08s/it, Train loss=0.266, Train acc=0.0938, Test loss=0.436, Test acc=0.148]
 23%|██▎       | 46/200 [12:23<41:18, 16.10s/it, Train loss=0.266, Train acc=0.0938, Test loss=0.436, Test acc=0.148]
 23%|██▎       | 46/200 [12:39<41:18, 16.10s/it, Train loss=0.262, Train acc=0.0922, Test loss=0.463, Test acc=0.157]
 24%|██▎       | 47/200 [12:39<41:06, 16.12s/it, Train loss=0.262, Train acc=0.0922, Test loss=0.463, Test acc=0.157]
 24%|██▎       | 47/200 [12:55<41:06, 16.12s/it, Train loss=0.254, Train acc=0.0906, Test loss=0.441, Test acc=0.143]
 24%|██▍       | 48/200 [12:55<40:48, 16.11s/it, Train loss=0.254, Train acc=0.0906, Test loss=0.441, Test acc=0.143]
 24%|██▍       | 48/200 [13:11<40:48, 16.11s/it, Train loss=0.252, Train acc=0.0877, Test loss=0.437, Test acc=0.151]
 24%|██▍       | 49/200 [13:11<40:32, 16.11s/it, Train loss=0.252, Train acc=0.0877, Test loss=0.437, Test acc=0.151]
 24%|██▍       | 49/200 [13:27<40:32, 16.11s/it, Train loss=0.244, Train acc=0.0862, Test loss=0.43, Test acc=0.142] 
 25%|██▌       | 50/200 [13:27<40:16, 16.11s/it, Train loss=0.244, Train acc=0.0862, Test loss=0.43, Test acc=0.142]
 25%|██▌       | 50/200 [13:43<40:16, 16.11s/it, Train loss=0.235, Train acc=0.0826, Test loss=0.501, Test acc=0.161]
 26%|██▌       | 51/200 [13:43<39:58, 16.10s/it, Train loss=0.235, Train acc=0.0826, Test loss=0.501, Test acc=0.161]
 26%|██▌       | 51/200 [13:59<39:58, 16.10s/it, Train loss=0.23, Train acc=0.0795, Test loss=0.424, Test acc=0.142] 
 26%|██▌       | 52/200 [13:59<39:41, 16.09s/it, Train loss=0.23, Train acc=0.0795, Test loss=0.424, Test acc=0.142]
 26%|██▌       | 52/200 [14:16<39:41, 16.09s/it, Train loss=0.22, Train acc=0.0778, Test loss=0.478, Test acc=0.149]
 26%|██▋       | 53/200 [14:16<39:26, 16.10s/it, Train loss=0.22, Train acc=0.0778, Test loss=0.478, Test acc=0.149]
 26%|██▋       | 53/200 [14:32<39:26, 16.10s/it, Train loss=0.22, Train acc=0.0772, Test loss=0.432, Test acc=0.138]
 27%|██▋       | 54/200 [14:32<39:13, 16.12s/it, Train loss=0.22, Train acc=0.0772, Test loss=0.432, Test acc=0.138]
 27%|██▋       | 54/200 [14:48<39:13, 16.12s/it, Train loss=0.214, Train acc=0.0754, Test loss=0.401, Test acc=0.129]
 28%|██▊       | 55/200 [14:48<38:55, 16.11s/it, Train loss=0.214, Train acc=0.0754, Test loss=0.401, Test acc=0.129]
 28%|██▊       | 55/200 [15:04<38:55, 16.11s/it, Train loss=0.202, Train acc=0.0705, Test loss=0.474, Test acc=0.148]
 28%|██▊       | 56/200 [15:04<38:39, 16.11s/it, Train loss=0.202, Train acc=0.0705, Test loss=0.474, Test acc=0.148]
 28%|██▊       | 56/200 [15:20<38:39, 16.11s/it, Train loss=0.2, Train acc=0.0694, Test loss=0.356, Test acc=0.115]  
 28%|██▊       | 57/200 [15:20<38:22, 16.10s/it, Train loss=0.2, Train acc=0.0694, Test loss=0.356, Test acc=0.115]
 28%|██▊       | 57/200 [15:36<38:22, 16.10s/it, Train loss=0.196, Train acc=0.0696, Test loss=0.374, Test acc=0.124]
 29%|██▉       | 58/200 [15:36<38:04, 16.09s/it, Train loss=0.196, Train acc=0.0696, Test loss=0.374, Test acc=0.124]
 29%|██▉       | 58/200 [15:52<38:04, 16.09s/it, Train loss=0.19, Train acc=0.0664, Test loss=0.387, Test acc=0.123] 
 30%|██▉       | 59/200 [15:52<37:48, 16.09s/it, Train loss=0.19, Train acc=0.0664, Test loss=0.387, Test acc=0.123]
 30%|██▉       | 59/200 [16:08<37:48, 16.09s/it, Train loss=0.188, Train acc=0.0654, Test loss=0.371, Test acc=0.116]
 30%|███       | 60/200 [16:08<37:34, 16.10s/it, Train loss=0.188, Train acc=0.0654, Test loss=0.371, Test acc=0.116]
 30%|███       | 60/200 [16:25<37:34, 16.10s/it, Train loss=0.18, Train acc=0.0634, Test loss=0.401, Test acc=0.123] 
 30%|███       | 61/200 [16:25<37:22, 16.13s/it, Train loss=0.18, Train acc=0.0634, Test loss=0.401, Test acc=0.123]
 30%|███       | 61/200 [16:41<37:22, 16.13s/it, Train loss=0.178, Train acc=0.0628, Test loss=0.402, Test acc=0.127]
 31%|███       | 62/200 [16:41<37:03, 16.11s/it, Train loss=0.178, Train acc=0.0628, Test loss=0.402, Test acc=0.127]
 31%|███       | 62/200 [16:57<37:03, 16.11s/it, Train loss=0.176, Train acc=0.0616, Test loss=0.421, Test acc=0.132]
 32%|███▏      | 63/200 [16:57<36:47, 16.11s/it, Train loss=0.176, Train acc=0.0616, Test loss=0.421, Test acc=0.132]
 32%|███▏      | 63/200 [17:13<36:47, 16.11s/it, Train loss=0.169, Train acc=0.0602, Test loss=0.418, Test acc=0.133]
 32%|███▏      | 64/200 [17:13<36:32, 16.12s/it, Train loss=0.169, Train acc=0.0602, Test loss=0.418, Test acc=0.133]
 32%|███▏      | 64/200 [17:29<36:32, 16.12s/it, Train loss=0.17, Train acc=0.0594, Test loss=0.409, Test acc=0.123] 
 32%|███▎      | 65/200 [17:29<36:12, 16.10s/it, Train loss=0.17, Train acc=0.0594, Test loss=0.409, Test acc=0.123]
 32%|███▎      | 65/200 [17:45<36:12, 16.10s/it, Train loss=0.161, Train acc=0.0567, Test loss=0.399, Test acc=0.126]
 33%|███▎      | 66/200 [17:45<35:57, 16.10s/it, Train loss=0.161, Train acc=0.0567, Test loss=0.399, Test acc=0.126]
 33%|███▎      | 66/200 [18:01<35:57, 16.10s/it, Train loss=0.159, Train acc=0.0566, Test loss=0.439, Test acc=0.137]
 34%|███▎      | 67/200 [18:01<35:44, 16.13s/it, Train loss=0.159, Train acc=0.0566, Test loss=0.439, Test acc=0.137]
 34%|███▎      | 67/200 [18:17<35:44, 16.13s/it, Train loss=0.151, Train acc=0.054, Test loss=0.44, Test acc=0.138]  
 34%|███▍      | 68/200 [18:17<35:28, 16.13s/it, Train loss=0.151, Train acc=0.054, Test loss=0.44, Test acc=0.138]
 34%|███▍      | 68/200 [18:33<35:28, 16.13s/it, Train loss=0.148, Train acc=0.0534, Test loss=0.38, Test acc=0.116]
 34%|███▍      | 69/200 [18:33<35:11, 16.12s/it, Train loss=0.148, Train acc=0.0534, Test loss=0.38, Test acc=0.116]
 34%|███▍      | 69/200 [18:49<35:11, 16.12s/it, Train loss=0.147, Train acc=0.0527, Test loss=0.404, Test acc=0.122]
 35%|███▌      | 70/200 [18:49<34:53, 16.11s/it, Train loss=0.147, Train acc=0.0527, Test loss=0.404, Test acc=0.122]
 35%|███▌      | 70/200 [19:06<34:53, 16.11s/it, Train loss=0.142, Train acc=0.0505, Test loss=0.365, Test acc=0.115]
 36%|███▌      | 71/200 [19:06<34:40, 16.12s/it, Train loss=0.142, Train acc=0.0505, Test loss=0.365, Test acc=0.115]
 36%|███▌      | 71/200 [19:22<34:40, 16.12s/it, Train loss=0.136, Train acc=0.0481, Test loss=0.364, Test acc=0.11] 
 36%|███▌      | 72/200 [19:22<34:23, 16.12s/it, Train loss=0.136, Train acc=0.0481, Test loss=0.364, Test acc=0.11]
 36%|███▌      | 72/200 [19:38<34:23, 16.12s/it, Train loss=0.131, Train acc=0.0457, Test loss=0.398, Test acc=0.115]
 36%|███▋      | 73/200 [19:38<34:06, 16.12s/it, Train loss=0.131, Train acc=0.0457, Test loss=0.398, Test acc=0.115]
 36%|███▋      | 73/200 [19:54<34:06, 16.12s/it, Train loss=0.133, Train acc=0.0474, Test loss=0.425, Test acc=0.126]
 37%|███▋      | 74/200 [19:54<33:53, 16.14s/it, Train loss=0.133, Train acc=0.0474, Test loss=0.425, Test acc=0.126]
 37%|███▋      | 74/200 [20:10<33:53, 16.14s/it, Train loss=0.129, Train acc=0.0463, Test loss=0.373, Test acc=0.114]
 38%|███▊      | 75/200 [20:10<33:37, 16.14s/it, Train loss=0.129, Train acc=0.0463, Test loss=0.373, Test acc=0.114]
 38%|███▊      | 75/200 [20:26<33:37, 16.14s/it, Train loss=0.124, Train acc=0.0448, Test loss=0.399, Test acc=0.118]
 38%|███▊      | 76/200 [20:26<33:19, 16.13s/it, Train loss=0.124, Train acc=0.0448, Test loss=0.399, Test acc=0.118]
 38%|███▊      | 76/200 [20:42<33:19, 16.13s/it, Train loss=0.121, Train acc=0.0429, Test loss=0.502, Test acc=0.143]
 38%|███▊      | 77/200 [20:42<33:03, 16.12s/it, Train loss=0.121, Train acc=0.0429, Test loss=0.502, Test acc=0.143]
 38%|███▊      | 77/200 [20:59<33:03, 16.12s/it, Train loss=0.119, Train acc=0.042, Test loss=0.392, Test acc=0.107] 
 39%|███▉      | 78/200 [20:59<32:47, 16.13s/it, Train loss=0.119, Train acc=0.042, Test loss=0.392, Test acc=0.107]
 39%|███▉      | 78/200 [21:15<32:47, 16.13s/it, Train loss=0.118, Train acc=0.0412, Test loss=0.454, Test acc=0.13]
 40%|███▉      | 79/200 [21:15<32:31, 16.12s/it, Train loss=0.118, Train acc=0.0412, Test loss=0.454, Test acc=0.13]
 40%|███▉      | 79/200 [21:31<32:31, 16.12s/it, Train loss=0.113, Train acc=0.0399, Test loss=0.423, Test acc=0.125]
 40%|████      | 80/200 [21:31<32:12, 16.11s/it, Train loss=0.113, Train acc=0.0399, Test loss=0.423, Test acc=0.125]
 40%|████      | 80/200 [21:47<32:12, 16.11s/it, Train loss=0.11, Train acc=0.0386, Test loss=0.447, Test acc=0.122] 
 40%|████      | 81/200 [21:47<32:02, 16.15s/it, Train loss=0.11, Train acc=0.0386, Test loss=0.447, Test acc=0.122]
 40%|████      | 81/200 [22:03<32:02, 16.15s/it, Train loss=0.106, Train acc=0.0385, Test loss=0.355, Test acc=0.106]
 41%|████      | 82/200 [22:03<31:42, 16.12s/it, Train loss=0.106, Train acc=0.0385, Test loss=0.355, Test acc=0.106]
 41%|████      | 82/200 [22:19<31:42, 16.12s/it, Train loss=0.102, Train acc=0.0361, Test loss=0.396, Test acc=0.112]
 42%|████▏     | 83/200 [22:19<31:24, 16.11s/it, Train loss=0.102, Train acc=0.0361, Test loss=0.396, Test acc=0.112]
 42%|████▏     | 83/200 [22:35<31:24, 16.11s/it, Train loss=0.1, Train acc=0.0359, Test loss=0.354, Test acc=0.101]  
 42%|████▏     | 84/200 [22:35<31:09, 16.12s/it, Train loss=0.1, Train acc=0.0359, Test loss=0.354, Test acc=0.101]
 42%|████▏     | 84/200 [22:51<31:09, 16.12s/it, Train loss=0.0965, Train acc=0.0339, Test loss=0.371, Test acc=0.109]
 42%|████▎     | 85/200 [22:51<30:54, 16.13s/it, Train loss=0.0965, Train acc=0.0339, Test loss=0.371, Test acc=0.109]
 42%|████▎     | 85/200 [23:08<30:54, 16.13s/it, Train loss=0.0955, Train acc=0.034, Test loss=0.412, Test acc=0.114] 
 43%|████▎     | 86/200 [23:08<30:37, 16.12s/it, Train loss=0.0955, Train acc=0.034, Test loss=0.412, Test acc=0.114]
 43%|████▎     | 86/200 [23:24<30:37, 16.12s/it, Train loss=0.095, Train acc=0.0339, Test loss=0.417, Test acc=0.118]
 44%|████▎     | 87/200 [23:24<30:19, 16.10s/it, Train loss=0.095, Train acc=0.0339, Test loss=0.417, Test acc=0.118]
 44%|████▎     | 87/200 [23:40<30:19, 16.10s/it, Train loss=0.0907, Train acc=0.0316, Test loss=0.376, Test acc=0.105]
 44%|████▍     | 88/200 [23:40<30:09, 16.16s/it, Train loss=0.0907, Train acc=0.0316, Test loss=0.376, Test acc=0.105]
 44%|████▍     | 88/200 [23:56<30:09, 16.16s/it, Train loss=0.0842, Train acc=0.0294, Test loss=0.354, Test acc=0.101]
 44%|████▍     | 89/200 [23:56<29:51, 16.14s/it, Train loss=0.0842, Train acc=0.0294, Test loss=0.354, Test acc=0.101]
 44%|████▍     | 89/200 [24:12<29:51, 16.14s/it, Train loss=0.0822, Train acc=0.0289, Test loss=0.358, Test acc=0.1]  
 45%|████▌     | 90/200 [24:12<29:33, 16.13s/it, Train loss=0.0822, Train acc=0.0289, Test loss=0.358, Test acc=0.1]
 45%|████▌     | 90/200 [24:28<29:33, 16.13s/it, Train loss=0.0821, Train acc=0.0289, Test loss=0.378, Test acc=0.103]
 46%|████▌     | 91/200 [24:28<29:17, 16.13s/it, Train loss=0.0821, Train acc=0.0289, Test loss=0.378, Test acc=0.103]
 46%|████▌     | 91/200 [24:44<29:17, 16.13s/it, Train loss=0.0786, Train acc=0.0268, Test loss=0.423, Test acc=0.111]
 46%|████▌     | 92/200 [24:44<29:02, 16.13s/it, Train loss=0.0786, Train acc=0.0268, Test loss=0.423, Test acc=0.111]
 46%|████▌     | 92/200 [25:00<29:02, 16.13s/it, Train loss=0.0774, Train acc=0.0271, Test loss=0.353, Test acc=0.0972]
 46%|████▋     | 93/200 [25:00<28:44, 16.11s/it, Train loss=0.0774, Train acc=0.0271, Test loss=0.353, Test acc=0.0972]
 46%|████▋     | 93/200 [25:16<28:44, 16.11s/it, Train loss=0.0745, Train acc=0.0265, Test loss=0.369, Test acc=0.0981]
 47%|████▋     | 94/200 [25:16<28:28, 16.11s/it, Train loss=0.0745, Train acc=0.0265, Test loss=0.369, Test acc=0.0981]
 47%|████▋     | 94/200 [25:33<28:28, 16.11s/it, Train loss=0.074, Train acc=0.0266, Test loss=0.402, Test acc=0.107]  
 48%|████▊     | 95/200 [25:33<28:15, 16.15s/it, Train loss=0.074, Train acc=0.0266, Test loss=0.402, Test acc=0.107]
 48%|████▊     | 95/200 [25:49<28:15, 16.15s/it, Train loss=0.0721, Train acc=0.0248, Test loss=0.369, Test acc=0.102]
 48%|████▊     | 96/200 [25:49<27:59, 16.14s/it, Train loss=0.0721, Train acc=0.0248, Test loss=0.369, Test acc=0.102]
 48%|████▊     | 96/200 [26:05<27:59, 16.14s/it, Train loss=0.0692, Train acc=0.0246, Test loss=0.352, Test acc=0.0955]
 48%|████▊     | 97/200 [26:05<27:41, 16.13s/it, Train loss=0.0692, Train acc=0.0246, Test loss=0.352, Test acc=0.0955]
 48%|████▊     | 97/200 [26:21<27:41, 16.13s/it, Train loss=0.0669, Train acc=0.0232, Test loss=0.375, Test acc=0.1]   
 49%|████▉     | 98/200 [26:21<27:24, 16.13s/it, Train loss=0.0669, Train acc=0.0232, Test loss=0.375, Test acc=0.1]
 49%|████▉     | 98/200 [26:37<27:24, 16.13s/it, Train loss=0.0659, Train acc=0.023, Test loss=0.353, Test acc=0.093]
 50%|████▉     | 99/200 [26:37<27:10, 16.14s/it, Train loss=0.0659, Train acc=0.023, Test loss=0.353, Test acc=0.093]
 50%|████▉     | 99/200 [26:53<27:10, 16.14s/it, Train loss=0.0592, Train acc=0.0198, Test loss=0.377, Test acc=0.0968]
 50%|█████     | 100/200 [26:53<26:53, 16.13s/it, Train loss=0.0592, Train acc=0.0198, Test loss=0.377, Test acc=0.0968]
 50%|█████     | 100/200 [27:10<26:53, 16.13s/it, Train loss=0.0601, Train acc=0.0208, Test loss=0.397, Test acc=0.105] 
 50%|█████     | 101/200 [27:10<26:37, 16.14s/it, Train loss=0.0601, Train acc=0.0208, Test loss=0.397, Test acc=0.105]
 50%|█████     | 101/200 [27:26<26:37, 16.14s/it, Train loss=0.0587, Train acc=0.0199, Test loss=0.394, Test acc=0.0998]
 51%|█████     | 102/200 [27:26<26:21, 16.14s/it, Train loss=0.0587, Train acc=0.0199, Test loss=0.394, Test acc=0.0998]
 51%|█████     | 102/200 [27:42<26:21, 16.14s/it, Train loss=0.0607, Train acc=0.0214, Test loss=0.35, Test acc=0.096]  
 52%|█████▏    | 103/200 [27:42<26:04, 16.13s/it, Train loss=0.0607, Train acc=0.0214, Test loss=0.35, Test acc=0.096]
 52%|█████▏    | 103/200 [27:58<26:04, 16.13s/it, Train loss=0.0551, Train acc=0.0193, Test loss=0.453, Test acc=0.115]
 52%|█████▏    | 104/200 [27:58<25:47, 16.12s/it, Train loss=0.0551, Train acc=0.0193, Test loss=0.453, Test acc=0.115]
 52%|█████▏    | 104/200 [28:14<25:47, 16.12s/it, Train loss=0.055, Train acc=0.0184, Test loss=0.353, Test acc=0.094] 
 52%|█████▎    | 105/200 [28:14<25:31, 16.12s/it, Train loss=0.055, Train acc=0.0184, Test loss=0.353, Test acc=0.094]
 52%|█████▎    | 105/200 [28:30<25:31, 16.12s/it, Train loss=0.0513, Train acc=0.017, Test loss=0.36, Test acc=0.0925]
 53%|█████▎    | 106/200 [28:30<25:15, 16.12s/it, Train loss=0.0513, Train acc=0.017, Test loss=0.36, Test acc=0.0925]
 53%|█████▎    | 106/200 [28:46<25:15, 16.12s/it, Train loss=0.0473, Train acc=0.0158, Test loss=0.368, Test acc=0.0914]
 54%|█████▎    | 107/200 [28:46<24:58, 16.12s/it, Train loss=0.0473, Train acc=0.0158, Test loss=0.368, Test acc=0.0914]
 54%|█████▎    | 107/200 [29:02<24:58, 16.12s/it, Train loss=0.0455, Train acc=0.0154, Test loss=0.373, Test acc=0.0945]
 54%|█████▍    | 108/200 [29:02<24:44, 16.14s/it, Train loss=0.0455, Train acc=0.0154, Test loss=0.373, Test acc=0.0945]
 54%|█████▍    | 108/200 [29:19<24:44, 16.14s/it, Train loss=0.0456, Train acc=0.016, Test loss=0.341, Test acc=0.0872] 
 55%|█████▍    | 109/200 [29:19<24:29, 16.14s/it, Train loss=0.0456, Train acc=0.016, Test loss=0.341, Test acc=0.0872]
 55%|█████▍    | 109/200 [29:35<24:29, 16.14s/it, Train loss=0.0447, Train acc=0.0149, Test loss=0.371, Test acc=0.0945]
 55%|█████▌    | 110/200 [29:35<24:12, 16.14s/it, Train loss=0.0447, Train acc=0.0149, Test loss=0.371, Test acc=0.0945]
 55%|█████▌    | 110/200 [29:51<24:12, 16.14s/it, Train loss=0.0431, Train acc=0.0143, Test loss=0.362, Test acc=0.0917]
 56%|█████▌    | 111/200 [29:51<23:55, 16.13s/it, Train loss=0.0431, Train acc=0.0143, Test loss=0.362, Test acc=0.0917]
 56%|█████▌    | 111/200 [30:07<23:55, 16.13s/it, Train loss=0.0427, Train acc=0.0148, Test loss=0.387, Test acc=0.0969]
 56%|█████▌    | 112/200 [30:07<23:39, 16.13s/it, Train loss=0.0427, Train acc=0.0148, Test loss=0.387, Test acc=0.0969]
 56%|█████▌    | 112/200 [30:23<23:39, 16.13s/it, Train loss=0.0384, Train acc=0.0128, Test loss=0.373, Test acc=0.0925]
 56%|█████▋    | 113/200 [30:23<23:24, 16.15s/it, Train loss=0.0384, Train acc=0.0128, Test loss=0.373, Test acc=0.0925]
 56%|█████▋    | 113/200 [30:39<23:24, 16.15s/it, Train loss=0.0392, Train acc=0.0138, Test loss=0.37, Test acc=0.0891] 
 57%|█████▋    | 114/200 [30:39<23:07, 16.14s/it, Train loss=0.0392, Train acc=0.0138, Test loss=0.37, Test acc=0.0891]
 57%|█████▋    | 114/200 [30:55<23:07, 16.14s/it, Train loss=0.0367, Train acc=0.0123, Test loss=0.373, Test acc=0.0879]
 57%|█████▊    | 115/200 [30:55<22:52, 16.15s/it, Train loss=0.0367, Train acc=0.0123, Test loss=0.373, Test acc=0.0879]
 57%|█████▊    | 115/200 [31:12<22:52, 16.15s/it, Train loss=0.0355, Train acc=0.0116, Test loss=0.362, Test acc=0.0884]
 58%|█████▊    | 116/200 [31:12<22:36, 16.15s/it, Train loss=0.0355, Train acc=0.0116, Test loss=0.362, Test acc=0.0884]
 58%|█████▊    | 116/200 [31:28<22:36, 16.15s/it, Train loss=0.0352, Train acc=0.0118, Test loss=0.365, Test acc=0.0895]
 58%|█████▊    | 117/200 [31:28<22:20, 16.15s/it, Train loss=0.0352, Train acc=0.0118, Test loss=0.365, Test acc=0.0895]
 58%|█████▊    | 117/200 [31:44<22:20, 16.15s/it, Train loss=0.0323, Train acc=0.0108, Test loss=0.39, Test acc=0.095]  
 59%|█████▉    | 118/200 [31:44<22:03, 16.13s/it, Train loss=0.0323, Train acc=0.0108, Test loss=0.39, Test acc=0.095]
 59%|█████▉    | 118/200 [32:00<22:03, 16.13s/it, Train loss=0.0315, Train acc=0.0102, Test loss=0.359, Test acc=0.089]
 60%|█████▉    | 119/200 [32:00<21:46, 16.13s/it, Train loss=0.0315, Train acc=0.0102, Test loss=0.359, Test acc=0.089]
 60%|█████▉    | 119/200 [32:16<21:46, 16.13s/it, Train loss=0.0298, Train acc=0.0095, Test loss=0.361, Test acc=0.0903]
 60%|██████    | 120/200 [32:16<21:31, 16.14s/it, Train loss=0.0298, Train acc=0.0095, Test loss=0.361, Test acc=0.0903]
 60%|██████    | 120/200 [32:32<21:31, 16.14s/it, Train loss=0.0291, Train acc=0.00915, Test loss=0.355, Test acc=0.0875]
 60%|██████    | 121/200 [32:32<21:14, 16.13s/it, Train loss=0.0291, Train acc=0.00915, Test loss=0.355, Test acc=0.0875]
 60%|██████    | 121/200 [32:48<21:14, 16.13s/it, Train loss=0.03, Train acc=0.00946, Test loss=0.377, Test acc=0.0878]  
 61%|██████    | 122/200 [32:48<20:59, 16.14s/it, Train loss=0.03, Train acc=0.00946, Test loss=0.377, Test acc=0.0878]
 61%|██████    | 122/200 [33:05<20:59, 16.14s/it, Train loss=0.028, Train acc=0.00883, Test loss=0.382, Test acc=0.0891]
 62%|██████▏   | 123/200 [33:05<20:43, 16.15s/it, Train loss=0.028, Train acc=0.00883, Test loss=0.382, Test acc=0.0891]
 62%|██████▏   | 123/200 [33:21<20:43, 16.15s/it, Train loss=0.025, Train acc=0.00787, Test loss=0.365, Test acc=0.0884]
 62%|██████▏   | 124/200 [33:21<20:26, 16.13s/it, Train loss=0.025, Train acc=0.00787, Test loss=0.365, Test acc=0.0884]
 62%|██████▏   | 124/200 [33:37<20:26, 16.13s/it, Train loss=0.0252, Train acc=0.00769, Test loss=0.379, Test acc=0.0871]
 62%|██████▎   | 125/200 [33:37<20:09, 16.13s/it, Train loss=0.0252, Train acc=0.00769, Test loss=0.379, Test acc=0.0871]
 62%|██████▎   | 125/200 [33:53<20:09, 16.13s/it, Train loss=0.0245, Train acc=0.00759, Test loss=0.361, Test acc=0.0865]
 63%|██████▎   | 126/200 [33:53<19:51, 16.10s/it, Train loss=0.0245, Train acc=0.00759, Test loss=0.361, Test acc=0.0865]
 63%|██████▎   | 126/200 [34:09<19:51, 16.10s/it, Train loss=0.0225, Train acc=0.00697, Test loss=0.353, Test acc=0.0839]
 64%|██████▎   | 127/200 [34:09<19:37, 16.13s/it, Train loss=0.0225, Train acc=0.00697, Test loss=0.353, Test acc=0.0839]
 64%|██████▎   | 127/200 [34:25<19:37, 16.13s/it, Train loss=0.0205, Train acc=0.0057, Test loss=0.358, Test acc=0.084]  
 64%|██████▍   | 128/200 [34:25<19:20, 16.12s/it, Train loss=0.0205, Train acc=0.0057, Test loss=0.358, Test acc=0.084]
 64%|██████▍   | 128/200 [34:41<19:20, 16.12s/it, Train loss=0.0214, Train acc=0.0062, Test loss=0.361, Test acc=0.0842]
 64%|██████▍   | 129/200 [34:41<19:08, 16.17s/it, Train loss=0.0214, Train acc=0.0062, Test loss=0.361, Test acc=0.0842]
 64%|██████▍   | 129/200 [34:57<19:08, 16.17s/it, Train loss=0.0203, Train acc=0.006, Test loss=0.365, Test acc=0.084]  
 65%|██████▌   | 130/200 [34:57<18:49, 16.14s/it, Train loss=0.0203, Train acc=0.006, Test loss=0.365, Test acc=0.084]
 65%|██████▌   | 130/200 [35:14<18:49, 16.14s/it, Train loss=0.0199, Train acc=0.00595, Test loss=0.352, Test acc=0.0823]
 66%|██████▌   | 131/200 [35:14<18:34, 16.15s/it, Train loss=0.0199, Train acc=0.00595, Test loss=0.352, Test acc=0.0823]
 66%|██████▌   | 131/200 [35:30<18:34, 16.15s/it, Train loss=0.0193, Train acc=0.00613, Test loss=0.353, Test acc=0.0826]
 66%|██████▌   | 132/200 [35:30<18:16, 16.13s/it, Train loss=0.0193, Train acc=0.00613, Test loss=0.353, Test acc=0.0826]
 66%|██████▌   | 132/200 [35:46<18:16, 16.13s/it, Train loss=0.019, Train acc=0.00568, Test loss=0.348, Test acc=0.0853] 
 66%|██████▋   | 133/200 [35:46<18:00, 16.12s/it, Train loss=0.019, Train acc=0.00568, Test loss=0.348, Test acc=0.0853]
 66%|██████▋   | 133/200 [36:02<18:00, 16.12s/it, Train loss=0.017, Train acc=0.00509, Test loss=0.352, Test acc=0.083] 
 67%|██████▋   | 134/200 [36:02<17:44, 16.12s/it, Train loss=0.017, Train acc=0.00509, Test loss=0.352, Test acc=0.083]
 67%|██████▋   | 134/200 [36:18<17:44, 16.12s/it, Train loss=0.0164, Train acc=0.00478, Test loss=0.355, Test acc=0.0829]
 68%|██████▊   | 135/200 [36:18<17:28, 16.13s/it, Train loss=0.0164, Train acc=0.00478, Test loss=0.355, Test acc=0.0829]
 68%|██████▊   | 135/200 [36:34<17:28, 16.13s/it, Train loss=0.0161, Train acc=0.00446, Test loss=0.352, Test acc=0.0843]
 68%|██████▊   | 136/200 [36:34<17:13, 16.14s/it, Train loss=0.0161, Train acc=0.00446, Test loss=0.352, Test acc=0.0843]
 68%|██████▊   | 136/200 [36:50<17:13, 16.14s/it, Train loss=0.0167, Train acc=0.00502, Test loss=0.36, Test acc=0.084]  
 68%|██████▊   | 137/200 [36:50<16:56, 16.13s/it, Train loss=0.0167, Train acc=0.00502, Test loss=0.36, Test acc=0.084]
 68%|██████▊   | 137/200 [37:07<16:56, 16.13s/it, Train loss=0.0152, Train acc=0.0044, Test loss=0.372, Test acc=0.0858]
 69%|██████▉   | 138/200 [37:07<16:41, 16.15s/it, Train loss=0.0152, Train acc=0.0044, Test loss=0.372, Test acc=0.0858]
 69%|██████▉   | 138/200 [37:23<16:41, 16.15s/it, Train loss=0.014, Train acc=0.00357, Test loss=0.352, Test acc=0.0821]
 70%|██████▉   | 139/200 [37:23<16:24, 16.15s/it, Train loss=0.014, Train acc=0.00357, Test loss=0.352, Test acc=0.0821]
 70%|██████▉   | 139/200 [37:39<16:24, 16.15s/it, Train loss=0.0146, Train acc=0.00385, Test loss=0.35, Test acc=0.0812]
 70%|███████   | 140/200 [37:39<16:07, 16.13s/it, Train loss=0.0146, Train acc=0.00385, Test loss=0.35, Test acc=0.0812]
 70%|███████   | 140/200 [37:55<16:07, 16.13s/it, Train loss=0.0149, Train acc=0.00434, Test loss=0.361, Test acc=0.0812]
 70%|███████   | 141/200 [37:55<15:52, 16.14s/it, Train loss=0.0149, Train acc=0.00434, Test loss=0.361, Test acc=0.0812]
 70%|███████   | 141/200 [38:11<15:52, 16.14s/it, Train loss=0.0144, Train acc=0.00389, Test loss=0.36, Test acc=0.08]   
 71%|███████   | 142/200 [38:11<15:38, 16.17s/it, Train loss=0.0144, Train acc=0.00389, Test loss=0.36, Test acc=0.08]
 71%|███████   | 142/200 [38:27<15:38, 16.17s/it, Train loss=0.0131, Train acc=0.00343, Test loss=0.351, Test acc=0.0814]
 72%|███████▏  | 143/200 [38:27<15:21, 16.16s/it, Train loss=0.0131, Train acc=0.00343, Test loss=0.351, Test acc=0.0814]
 72%|███████▏  | 143/200 [38:43<15:21, 16.16s/it, Train loss=0.0126, Train acc=0.00311, Test loss=0.354, Test acc=0.0806]
 72%|███████▏  | 144/200 [38:43<15:04, 16.15s/it, Train loss=0.0126, Train acc=0.00311, Test loss=0.354, Test acc=0.0806]
 72%|███████▏  | 144/200 [39:00<15:04, 16.15s/it, Train loss=0.0121, Train acc=0.00318, Test loss=0.352, Test acc=0.0805]
 72%|███████▎  | 145/200 [39:00<14:49, 16.16s/it, Train loss=0.0121, Train acc=0.00318, Test loss=0.352, Test acc=0.0805]
 72%|███████▎  | 145/200 [39:16<14:49, 16.16s/it, Train loss=0.0123, Train acc=0.00324, Test loss=0.365, Test acc=0.0827]
 73%|███████▎  | 146/200 [39:16<14:31, 16.14s/it, Train loss=0.0123, Train acc=0.00324, Test loss=0.365, Test acc=0.0827]
 73%|███████▎  | 146/200 [39:32<14:31, 16.14s/it, Train loss=0.0103, Train acc=0.00232, Test loss=0.36, Test acc=0.0818] 
 74%|███████▎  | 147/200 [39:32<14:14, 16.13s/it, Train loss=0.0103, Train acc=0.00232, Test loss=0.36, Test acc=0.0818]
 74%|███████▎  | 147/200 [39:48<14:14, 16.13s/it, Train loss=0.0104, Train acc=0.00227, Test loss=0.355, Test acc=0.0799]
 74%|███████▍  | 148/200 [39:48<13:59, 16.15s/it, Train loss=0.0104, Train acc=0.00227, Test loss=0.355, Test acc=0.0799]
 74%|███████▍  | 148/200 [40:04<13:59, 16.15s/it, Train loss=0.0103, Train acc=0.00241, Test loss=0.349, Test acc=0.0798]
 74%|███████▍  | 149/200 [40:04<13:45, 16.18s/it, Train loss=0.0103, Train acc=0.00241, Test loss=0.349, Test acc=0.0798]
 74%|███████▍  | 149/200 [40:20<13:45, 16.18s/it, Train loss=0.00971, Train acc=0.00214, Test loss=0.361, Test acc=0.0803]
 75%|███████▌  | 150/200 [40:20<13:27, 16.14s/it, Train loss=0.00971, Train acc=0.00214, Test loss=0.361, Test acc=0.0803]
 75%|███████▌  | 150/200 [40:36<13:27, 16.14s/it, Train loss=0.00986, Train acc=0.00251, Test loss=0.351, Test acc=0.081] 
 76%|███████▌  | 151/200 [40:36<13:10, 16.14s/it, Train loss=0.00986, Train acc=0.00251, Test loss=0.351, Test acc=0.081]
 76%|███████▌  | 151/200 [40:53<13:10, 16.14s/it, Train loss=0.00939, Train acc=0.00203, Test loss=0.352, Test acc=0.0797]
 76%|███████▌  | 152/200 [40:53<12:55, 16.15s/it, Train loss=0.00939, Train acc=0.00203, Test loss=0.352, Test acc=0.0797]
 76%|███████▌  | 152/200 [41:09<12:55, 16.15s/it, Train loss=0.00965, Train acc=0.00219, Test loss=0.36, Test acc=0.081]  
 76%|███████▋  | 153/200 [41:09<12:38, 16.14s/it, Train loss=0.00965, Train acc=0.00219, Test loss=0.36, Test acc=0.081]
 76%|███████▋  | 153/200 [41:25<12:38, 16.14s/it, Train loss=0.00899, Train acc=0.00211, Test loss=0.353, Test acc=0.0793]
 77%|███████▋  | 154/200 [41:25<12:22, 16.13s/it, Train loss=0.00899, Train acc=0.00211, Test loss=0.353, Test acc=0.0793]
 77%|███████▋  | 154/200 [41:41<12:22, 16.13s/it, Train loss=0.00901, Train acc=0.00211, Test loss=0.357, Test acc=0.0793]
 78%|███████▊  | 155/200 [41:41<12:07, 16.16s/it, Train loss=0.00901, Train acc=0.00211, Test loss=0.357, Test acc=0.0793]
 78%|███████▊  | 155/200 [41:57<12:07, 16.16s/it, Train loss=0.00899, Train acc=0.00204, Test loss=0.358, Test acc=0.081] 
 78%|███████▊  | 156/200 [41:57<11:53, 16.21s/it, Train loss=0.00899, Train acc=0.00204, Test loss=0.358, Test acc=0.081]
 78%|███████▊  | 156/200 [42:14<11:53, 16.21s/it, Train loss=0.0086, Train acc=0.00199, Test loss=0.361, Test acc=0.0819]
 78%|███████▊  | 157/200 [42:14<11:35, 16.18s/it, Train loss=0.0086, Train acc=0.00199, Test loss=0.361, Test acc=0.0819]
 78%|███████▊  | 157/200 [42:30<11:35, 16.18s/it, Train loss=0.00774, Train acc=0.00152, Test loss=0.361, Test acc=0.0814]
 79%|███████▉  | 158/200 [42:30<11:19, 16.17s/it, Train loss=0.00774, Train acc=0.00152, Test loss=0.361, Test acc=0.0814]
 79%|███████▉  | 158/200 [42:46<11:19, 16.17s/it, Train loss=0.00775, Train acc=0.00155, Test loss=0.358, Test acc=0.0811]
 80%|███████▉  | 159/200 [42:46<11:03, 16.17s/it, Train loss=0.00775, Train acc=0.00155, Test loss=0.358, Test acc=0.0811]
 80%|███████▉  | 159/200 [43:02<11:03, 16.17s/it, Train loss=0.00771, Train acc=0.00159, Test loss=0.356, Test acc=0.08]  
 80%|████████  | 160/200 [43:02<10:46, 16.17s/it, Train loss=0.00771, Train acc=0.00159, Test loss=0.356, Test acc=0.08]
 80%|████████  | 160/200 [43:18<10:46, 16.17s/it, Train loss=0.00751, Train acc=0.00145, Test loss=0.358, Test acc=0.0794]
 80%|████████  | 161/200 [43:18<10:29, 16.15s/it, Train loss=0.00751, Train acc=0.00145, Test loss=0.358, Test acc=0.0794]
 80%|████████  | 161/200 [43:34<10:29, 16.15s/it, Train loss=0.00746, Train acc=0.0013, Test loss=0.357, Test acc=0.0795] 
 81%|████████  | 162/200 [43:34<10:13, 16.14s/it, Train loss=0.00746, Train acc=0.0013, Test loss=0.357, Test acc=0.0795]
 81%|████████  | 162/200 [43:51<10:13, 16.14s/it, Train loss=0.00713, Train acc=0.00132, Test loss=0.358, Test acc=0.0795]
 82%|████████▏ | 163/200 [43:51<09:59, 16.19s/it, Train loss=0.00713, Train acc=0.00132, Test loss=0.358, Test acc=0.0795]
 82%|████████▏ | 163/200 [44:07<09:59, 16.19s/it, Train loss=0.00704, Train acc=0.00147, Test loss=0.355, Test acc=0.0778]
 82%|████████▏ | 164/200 [44:07<09:42, 16.19s/it, Train loss=0.00704, Train acc=0.00147, Test loss=0.355, Test acc=0.0778]
 82%|████████▏ | 164/200 [44:23<09:42, 16.19s/it, Train loss=0.00778, Train acc=0.00167, Test loss=0.358, Test acc=0.0785]
 82%|████████▎ | 165/200 [44:23<09:26, 16.18s/it, Train loss=0.00778, Train acc=0.00167, Test loss=0.358, Test acc=0.0785]
 82%|████████▎ | 165/200 [44:39<09:26, 16.18s/it, Train loss=0.00744, Train acc=0.00151, Test loss=0.355, Test acc=0.0796]
 83%|████████▎ | 166/200 [44:39<09:10, 16.19s/it, Train loss=0.00744, Train acc=0.00151, Test loss=0.355, Test acc=0.0796]
 83%|████████▎ | 166/200 [44:55<09:10, 16.19s/it, Train loss=0.00689, Train acc=0.00133, Test loss=0.357, Test acc=0.0793]
 84%|████████▎ | 167/200 [44:55<08:54, 16.21s/it, Train loss=0.00689, Train acc=0.00133, Test loss=0.357, Test acc=0.0793]
 84%|████████▎ | 167/200 [45:12<08:54, 16.21s/it, Train loss=0.00657, Train acc=0.0011, Test loss=0.354, Test acc=0.0781] 
 84%|████████▍ | 168/200 [45:12<08:38, 16.19s/it, Train loss=0.00657, Train acc=0.0011, Test loss=0.354, Test acc=0.0781]
 84%|████████▍ | 168/200 [45:28<08:38, 16.19s/it, Train loss=0.00653, Train acc=0.000917, Test loss=0.356, Test acc=0.0773]
 84%|████████▍ | 169/200 [45:28<08:21, 16.18s/it, Train loss=0.00653, Train acc=0.000917, Test loss=0.356, Test acc=0.0773]
 84%|████████▍ | 169/200 [45:44<08:21, 16.18s/it, Train loss=0.00634, Train acc=0.00112, Test loss=0.355, Test acc=0.0781] 
 85%|████████▌ | 170/200 [45:44<08:06, 16.23s/it, Train loss=0.00634, Train acc=0.00112, Test loss=0.355, Test acc=0.0781]
 85%|████████▌ | 170/200 [46:00<08:06, 16.23s/it, Train loss=0.00659, Train acc=0.00124, Test loss=0.359, Test acc=0.079] 
 86%|████████▌ | 171/200 [46:00<07:49, 16.20s/it, Train loss=0.00659, Train acc=0.00124, Test loss=0.359, Test acc=0.079]
 86%|████████▌ | 171/200 [46:16<07:49, 16.20s/it, Train loss=0.00629, Train acc=0.00126, Test loss=0.357, Test acc=0.0792]
 86%|████████▌ | 172/200 [46:16<07:33, 16.19s/it, Train loss=0.00629, Train acc=0.00126, Test loss=0.357, Test acc=0.0792]
 86%|████████▌ | 172/200 [46:32<07:33, 16.19s/it, Train loss=0.0064, Train acc=0.00109, Test loss=0.357, Test acc=0.0793] 
 86%|████████▋ | 173/200 [46:32<07:17, 16.19s/it, Train loss=0.0064, Train acc=0.00109, Test loss=0.357, Test acc=0.0793]
 86%|████████▋ | 173/200 [46:49<07:17, 16.19s/it, Train loss=0.0064, Train acc=0.00112, Test loss=0.355, Test acc=0.0792]
 87%|████████▋ | 174/200 [46:49<07:01, 16.21s/it, Train loss=0.0064, Train acc=0.00112, Test loss=0.355, Test acc=0.0792]
 87%|████████▋ | 174/200 [47:05<07:01, 16.21s/it, Train loss=0.00636, Train acc=0.00129, Test loss=0.355, Test acc=0.0792]
 88%|████████▊ | 175/200 [47:05<06:44, 16.18s/it, Train loss=0.00636, Train acc=0.00129, Test loss=0.355, Test acc=0.0792]
 88%|████████▊ | 175/200 [47:21<06:44, 16.18s/it, Train loss=0.00577, Train acc=0.000848, Test loss=0.355, Test acc=0.0788]
 88%|████████▊ | 176/200 [47:21<06:28, 16.18s/it, Train loss=0.00577, Train acc=0.000848, Test loss=0.355, Test acc=0.0788]
 88%|████████▊ | 176/200 [47:37<06:28, 16.18s/it, Train loss=0.00593, Train acc=0.00115, Test loss=0.356, Test acc=0.0797] 
 88%|████████▊ | 177/200 [47:37<06:12, 16.22s/it, Train loss=0.00593, Train acc=0.00115, Test loss=0.356, Test acc=0.0797]
 88%|████████▊ | 177/200 [47:54<06:12, 16.22s/it, Train loss=0.00543, Train acc=0.000478, Test loss=0.356, Test acc=0.0791]
 89%|████████▉ | 178/200 [47:54<05:56, 16.20s/it, Train loss=0.00543, Train acc=0.000478, Test loss=0.356, Test acc=0.0791]
 89%|████████▉ | 178/200 [48:10<05:56, 16.20s/it, Train loss=0.00606, Train acc=0.00114, Test loss=0.355, Test acc=0.079]  
 90%|████████▉ | 179/200 [48:10<05:39, 16.18s/it, Train loss=0.00606, Train acc=0.00114, Test loss=0.355, Test acc=0.079]
 90%|████████▉ | 179/200 [48:26<05:39, 16.18s/it, Train loss=0.00611, Train acc=0.00102, Test loss=0.355, Test acc=0.0785]
 90%|█████████ | 180/200 [48:26<05:23, 16.18s/it, Train loss=0.00611, Train acc=0.00102, Test loss=0.355, Test acc=0.0785]
 90%|█████████ | 180/200 [48:42<05:23, 16.18s/it, Train loss=0.00593, Train acc=0.000957, Test loss=0.355, Test acc=0.0793]
 90%|█████████ | 181/200 [48:42<05:07, 16.19s/it, Train loss=0.00593, Train acc=0.000957, Test loss=0.355, Test acc=0.0793]
 90%|█████████ | 181/200 [48:58<05:07, 16.19s/it, Train loss=0.00571, Train acc=0.000977, Test loss=0.357, Test acc=0.0785]
 91%|█████████ | 182/200 [48:58<04:51, 16.18s/it, Train loss=0.00571, Train acc=0.000977, Test loss=0.357, Test acc=0.0785]
 91%|█████████ | 182/200 [49:14<04:51, 16.18s/it, Train loss=0.0061, Train acc=0.00114, Test loss=0.356, Test acc=0.0794]  
 92%|█████████▏| 183/200 [49:14<04:35, 16.20s/it, Train loss=0.0061, Train acc=0.00114, Test loss=0.356, Test acc=0.0794]
 92%|█████████▏| 183/200 [49:31<04:35, 16.20s/it, Train loss=0.0053, Train acc=0.000717, Test loss=0.356, Test acc=0.0785]
 92%|█████████▏| 184/200 [49:31<04:19, 16.21s/it, Train loss=0.0053, Train acc=0.000717, Test loss=0.356, Test acc=0.0785]
 92%|█████████▏| 184/200 [49:47<04:19, 16.21s/it, Train loss=0.00553, Train acc=0.000897, Test loss=0.356, Test acc=0.0786]
 92%|█████████▎| 185/200 [49:47<04:03, 16.21s/it, Train loss=0.00553, Train acc=0.000897, Test loss=0.356, Test acc=0.0786]
 92%|█████████▎| 185/200 [50:03<04:03, 16.21s/it, Train loss=0.00543, Train acc=0.000737, Test loss=0.357, Test acc=0.0784]
 93%|█████████▎| 186/200 [50:03<03:46, 16.19s/it, Train loss=0.00543, Train acc=0.000737, Test loss=0.357, Test acc=0.0784]
 93%|█████████▎| 186/200 [50:19<03:46, 16.19s/it, Train loss=0.00565, Train acc=0.000837, Test loss=0.356, Test acc=0.0787]
 94%|█████████▎| 187/200 [50:19<03:30, 16.21s/it, Train loss=0.00565, Train acc=0.000837, Test loss=0.356, Test acc=0.0787]
 94%|█████████▎| 187/200 [50:36<03:30, 16.21s/it, Train loss=0.0054, Train acc=0.000757, Test loss=0.356, Test acc=0.0785] 
 94%|█████████▍| 188/200 [50:36<03:14, 16.22s/it, Train loss=0.0054, Train acc=0.000757, Test loss=0.356, Test acc=0.0785]
 94%|█████████▍| 188/200 [50:52<03:14, 16.22s/it, Train loss=0.00526, Train acc=0.000678, Test loss=0.356, Test acc=0.0789]
 94%|█████████▍| 189/200 [50:52<02:58, 16.20s/it, Train loss=0.00526, Train acc=0.000678, Test loss=0.356, Test acc=0.0789]
 94%|█████████▍| 189/200 [51:08<02:58, 16.20s/it, Train loss=0.00545, Train acc=0.000917, Test loss=0.356, Test acc=0.0787]
 95%|█████████▌| 190/200 [51:08<02:42, 16.21s/it, Train loss=0.00545, Train acc=0.000917, Test loss=0.356, Test acc=0.0787]
 95%|█████████▌| 190/200 [51:24<02:42, 16.21s/it, Train loss=0.00583, Train acc=0.000857, Test loss=0.356, Test acc=0.0788]
 96%|█████████▌| 191/200 [51:24<02:25, 16.22s/it, Train loss=0.00583, Train acc=0.000857, Test loss=0.356, Test acc=0.0788]
 96%|█████████▌| 191/200 [51:40<02:25, 16.22s/it, Train loss=0.00537, Train acc=0.000868, Test loss=0.356, Test acc=0.0787]
 96%|█████████▌| 192/200 [51:40<02:09, 16.20s/it, Train loss=0.00537, Train acc=0.000868, Test loss=0.356, Test acc=0.0787]
 96%|█████████▌| 192/200 [51:56<02:09, 16.20s/it, Train loss=0.00558, Train acc=0.000799, Test loss=0.357, Test acc=0.0784]
 96%|█████████▋| 193/200 [51:56<01:53, 16.19s/it, Train loss=0.00558, Train acc=0.000799, Test loss=0.357, Test acc=0.0784]
 96%|█████████▋| 193/200 [52:13<01:53, 16.19s/it, Train loss=0.00518, Train acc=0.000757, Test loss=0.356, Test acc=0.079] 
 97%|█████████▋| 194/200 [52:13<01:37, 16.19s/it, Train loss=0.00518, Train acc=0.000757, Test loss=0.356, Test acc=0.079]
 97%|█████████▋| 194/200 [52:29<01:37, 16.19s/it, Train loss=0.00545, Train acc=0.000977, Test loss=0.356, Test acc=0.0784]
 98%|█████████▊| 195/200 [52:29<01:20, 16.20s/it, Train loss=0.00545, Train acc=0.000977, Test loss=0.356, Test acc=0.0784]
 98%|█████████▊| 195/200 [52:45<01:20, 16.20s/it, Train loss=0.00522, Train acc=0.000618, Test loss=0.357, Test acc=0.0783]
 98%|█████████▊| 196/200 [52:45<01:04, 16.19s/it, Train loss=0.00522, Train acc=0.000618, Test loss=0.357, Test acc=0.0783]
 98%|█████████▊| 196/200 [53:01<01:04, 16.19s/it, Train loss=0.00528, Train acc=0.000698, Test loss=0.356, Test acc=0.0783]
 98%|█████████▊| 197/200 [53:01<00:48, 16.20s/it, Train loss=0.00528, Train acc=0.000698, Test loss=0.356, Test acc=0.0783]
 98%|█████████▊| 197/200 [53:17<00:48, 16.20s/it, Train loss=0.00599, Train acc=0.00108, Test loss=0.356, Test acc=0.079]  
 99%|█████████▉| 198/200 [53:17<00:32, 16.21s/it, Train loss=0.00599, Train acc=0.00108, Test loss=0.356, Test acc=0.079]
 99%|█████████▉| 198/200 [53:34<00:32, 16.21s/it, Train loss=0.00503, Train acc=0.000629, Test loss=0.356, Test acc=0.0787]
100%|█████████▉| 199/200 [53:34<00:16, 16.21s/it, Train loss=0.00503, Train acc=0.000629, Test loss=0.356, Test acc=0.0787]
100%|█████████▉| 199/200 [53:50<00:16, 16.21s/it, Train loss=0.00507, Train acc=0.000728, Test loss=0.356, Test acc=0.0788]
100%|██████████| 200/200 [53:50<00:00, 16.18s/it, Train loss=0.00507, Train acc=0.000728, Test loss=0.356, Test acc=0.0788]
100%|██████████| 200/200 [53:50<00:00, 16.15s/it, Train loss=0.00507, Train acc=0.000728, Test loss=0.356, Test acc=0.0788]
