Files already downloaded and verified
Files already downloaded and verified
load resnet18...

  0%|          | 0/200 [00:00<?, ?it/s]
  0%|          | 0/200 [00:16<?, ?it/s, Train loss=2.09, Train acc=0.746, Test loss=1.77, Test acc=0.657]
  0%|          | 1/200 [00:16<55:33, 16.75s/it, Train loss=2.09, Train acc=0.746, Test loss=1.77, Test acc=0.657]
  0%|          | 1/200 [00:33<55:33, 16.75s/it, Train loss=1.72, Train acc=0.645, Test loss=1.56, Test acc=0.591]
  1%|          | 2/200 [00:33<54:38, 16.56s/it, Train loss=1.72, Train acc=0.645, Test loss=1.56, Test acc=0.591]
  1%|          | 2/200 [00:49<54:38, 16.56s/it, Train loss=1.57, Train acc=0.586, Test loss=1.6, Test acc=0.613] 
  2%|▏         | 3/200 [00:49<54:27, 16.58s/it, Train loss=1.57, Train acc=0.586, Test loss=1.6, Test acc=0.613]
  2%|▏         | 3/200 [01:06<54:27, 16.58s/it, Train loss=1.47, Train acc=0.549, Test loss=1.59, Test acc=0.587]
  2%|▏         | 4/200 [01:06<54:00, 16.53s/it, Train loss=1.47, Train acc=0.549, Test loss=1.59, Test acc=0.587]
  2%|▏         | 4/200 [01:22<54:00, 16.53s/it, Train loss=1.38, Train acc=0.512, Test loss=1.56, Test acc=0.567]
  2%|▎         | 5/200 [01:22<53:47, 16.55s/it, Train loss=1.38, Train acc=0.512, Test loss=1.56, Test acc=0.567]
  2%|▎         | 5/200 [01:39<53:47, 16.55s/it, Train loss=1.31, Train acc=0.485, Test loss=1.9, Test acc=0.572] 
  3%|▎         | 6/200 [01:39<53:35, 16.58s/it, Train loss=1.31, Train acc=0.485, Test loss=1.9, Test acc=0.572]
  3%|▎         | 6/200 [01:55<53:35, 16.58s/it, Train loss=1.25, Train acc=0.459, Test loss=1.49, Test acc=0.522]
  4%|▎         | 7/200 [01:55<53:15, 16.56s/it, Train loss=1.25, Train acc=0.459, Test loss=1.49, Test acc=0.522]
  4%|▎         | 7/200 [02:12<53:15, 16.56s/it, Train loss=1.18, Train acc=0.428, Test loss=1.37, Test acc=0.468]
  4%|▍         | 8/200 [02:12<52:49, 16.51s/it, Train loss=1.18, Train acc=0.428, Test loss=1.37, Test acc=0.468]
  4%|▍         | 8/200 [02:28<52:49, 16.51s/it, Train loss=1.12, Train acc=0.409, Test loss=1.25, Test acc=0.447]
  4%|▍         | 9/200 [02:28<52:25, 16.47s/it, Train loss=1.12, Train acc=0.409, Test loss=1.25, Test acc=0.447]
  4%|▍         | 9/200 [02:45<52:25, 16.47s/it, Train loss=1.07, Train acc=0.385, Test loss=1.14, Test acc=0.417]
  5%|▌         | 10/200 [02:45<52:03, 16.44s/it, Train loss=1.07, Train acc=0.385, Test loss=1.14, Test acc=0.417]
  5%|▌         | 10/200 [03:01<52:03, 16.44s/it, Train loss=1.02, Train acc=0.37, Test loss=1.18, Test acc=0.401] 
  6%|▌         | 11/200 [03:01<51:45, 16.43s/it, Train loss=1.02, Train acc=0.37, Test loss=1.18, Test acc=0.401]
  6%|▌         | 11/200 [03:17<51:45, 16.43s/it, Train loss=0.988, Train acc=0.353, Test loss=1.14, Test acc=0.378]
  6%|▌         | 12/200 [03:17<51:25, 16.41s/it, Train loss=0.988, Train acc=0.353, Test loss=1.14, Test acc=0.378]
  6%|▌         | 12/200 [03:34<51:25, 16.41s/it, Train loss=0.941, Train acc=0.338, Test loss=1.11, Test acc=0.387]
  6%|▋         | 13/200 [03:34<51:12, 16.43s/it, Train loss=0.941, Train acc=0.338, Test loss=1.11, Test acc=0.387]
  6%|▋         | 13/200 [03:50<51:12, 16.43s/it, Train loss=0.9, Train acc=0.322, Test loss=1.02, Test acc=0.349]  
  7%|▋         | 14/200 [03:50<50:52, 16.41s/it, Train loss=0.9, Train acc=0.322, Test loss=1.02, Test acc=0.349]
  7%|▋         | 14/200 [04:07<50:52, 16.41s/it, Train loss=0.865, Train acc=0.308, Test loss=0.914, Test acc=0.32]
  8%|▊         | 15/200 [04:07<50:34, 16.40s/it, Train loss=0.865, Train acc=0.308, Test loss=0.914, Test acc=0.32]
  8%|▊         | 15/200 [04:23<50:34, 16.40s/it, Train loss=0.824, Train acc=0.292, Test loss=1.14, Test acc=0.389]
  8%|▊         | 16/200 [04:23<50:18, 16.41s/it, Train loss=0.824, Train acc=0.292, Test loss=1.14, Test acc=0.389]
  8%|▊         | 16/200 [04:39<50:18, 16.41s/it, Train loss=0.809, Train acc=0.287, Test loss=0.879, Test acc=0.303]
  8%|▊         | 17/200 [04:39<50:01, 16.40s/it, Train loss=0.809, Train acc=0.287, Test loss=0.879, Test acc=0.303]
  8%|▊         | 17/200 [04:56<50:01, 16.40s/it, Train loss=0.764, Train acc=0.27, Test loss=1, Test acc=0.346]     
  9%|▉         | 18/200 [04:56<49:43, 16.39s/it, Train loss=0.764, Train acc=0.27, Test loss=1, Test acc=0.346]
  9%|▉         | 18/200 [05:12<49:43, 16.39s/it, Train loss=0.744, Train acc=0.263, Test loss=0.874, Test acc=0.297]
 10%|▉         | 19/200 [05:12<49:25, 16.39s/it, Train loss=0.744, Train acc=0.263, Test loss=0.874, Test acc=0.297]
 10%|▉         | 19/200 [05:29<49:25, 16.39s/it, Train loss=0.723, Train acc=0.253, Test loss=0.791, Test acc=0.276]
 10%|█         | 20/200 [05:29<49:11, 16.40s/it, Train loss=0.723, Train acc=0.253, Test loss=0.791, Test acc=0.276]
 10%|█         | 20/200 [05:45<49:11, 16.40s/it, Train loss=0.703, Train acc=0.247, Test loss=0.924, Test acc=0.313]
 10%|█         | 21/200 [05:45<48:52, 16.38s/it, Train loss=0.703, Train acc=0.247, Test loss=0.924, Test acc=0.313]
 10%|█         | 21/200 [06:01<48:52, 16.38s/it, Train loss=0.681, Train acc=0.239, Test loss=0.785, Test acc=0.273]
 11%|█         | 22/200 [06:01<48:32, 16.36s/it, Train loss=0.681, Train acc=0.239, Test loss=0.785, Test acc=0.273]
 11%|█         | 22/200 [06:18<48:32, 16.36s/it, Train loss=0.66, Train acc=0.231, Test loss=0.896, Test acc=0.302] 
 12%|█▏        | 23/200 [06:18<48:13, 16.35s/it, Train loss=0.66, Train acc=0.231, Test loss=0.896, Test acc=0.302]
 12%|█▏        | 23/200 [06:34<48:13, 16.35s/it, Train loss=0.653, Train acc=0.23, Test loss=0.772, Test acc=0.265]
 12%|█▏        | 24/200 [06:34<47:54, 16.33s/it, Train loss=0.653, Train acc=0.23, Test loss=0.772, Test acc=0.265]
 12%|█▏        | 24/200 [06:50<47:54, 16.33s/it, Train loss=0.642, Train acc=0.227, Test loss=0.717, Test acc=0.247]
 12%|█▎        | 25/200 [06:50<47:40, 16.35s/it, Train loss=0.642, Train acc=0.227, Test loss=0.717, Test acc=0.247]
 12%|█▎        | 25/200 [07:07<47:40, 16.35s/it, Train loss=0.617, Train acc=0.217, Test loss=0.83, Test acc=0.297] 
 13%|█▎        | 26/200 [07:07<47:28, 16.37s/it, Train loss=0.617, Train acc=0.217, Test loss=0.83, Test acc=0.297]
 13%|█▎        | 26/200 [07:23<47:28, 16.37s/it, Train loss=0.595, Train acc=0.207, Test loss=0.846, Test acc=0.281]
 14%|█▎        | 27/200 [07:23<47:11, 16.36s/it, Train loss=0.595, Train acc=0.207, Test loss=0.846, Test acc=0.281]
 14%|█▎        | 27/200 [07:39<47:11, 16.36s/it, Train loss=0.584, Train acc=0.203, Test loss=0.739, Test acc=0.246]
 14%|█▍        | 28/200 [07:39<46:50, 16.34s/it, Train loss=0.584, Train acc=0.203, Test loss=0.739, Test acc=0.246]
 14%|█▍        | 28/200 [07:56<46:50, 16.34s/it, Train loss=0.582, Train acc=0.204, Test loss=1.06, Test acc=0.351] 
 14%|█▍        | 29/200 [07:56<46:34, 16.34s/it, Train loss=0.582, Train acc=0.204, Test loss=1.06, Test acc=0.351]
 14%|█▍        | 29/200 [08:12<46:34, 16.34s/it, Train loss=0.56, Train acc=0.198, Test loss=0.693, Test acc=0.238]
 15%|█▌        | 30/200 [08:12<46:15, 16.33s/it, Train loss=0.56, Train acc=0.198, Test loss=0.693, Test acc=0.238]
 15%|█▌        | 30/200 [08:28<46:15, 16.33s/it, Train loss=0.553, Train acc=0.195, Test loss=0.717, Test acc=0.239]
 16%|█▌        | 31/200 [08:28<45:57, 16.32s/it, Train loss=0.553, Train acc=0.195, Test loss=0.717, Test acc=0.239]
 16%|█▌        | 31/200 [08:45<45:57, 16.32s/it, Train loss=0.531, Train acc=0.185, Test loss=0.755, Test acc=0.245]
 16%|█▌        | 32/200 [08:45<45:39, 16.30s/it, Train loss=0.531, Train acc=0.185, Test loss=0.755, Test acc=0.245]
 16%|█▌        | 32/200 [09:01<45:39, 16.30s/it, Train loss=0.53, Train acc=0.185, Test loss=0.642, Test acc=0.219] 
 16%|█▋        | 33/200 [09:01<45:29, 16.34s/it, Train loss=0.53, Train acc=0.185, Test loss=0.642, Test acc=0.219]
 16%|█▋        | 33/200 [09:17<45:29, 16.34s/it, Train loss=0.52, Train acc=0.182, Test loss=0.628, Test acc=0.212]
 17%|█▋        | 34/200 [09:17<45:11, 16.33s/it, Train loss=0.52, Train acc=0.182, Test loss=0.628, Test acc=0.212]
 17%|█▋        | 34/200 [09:34<45:11, 16.33s/it, Train loss=0.502, Train acc=0.175, Test loss=0.533, Test acc=0.182]
 18%|█▊        | 35/200 [09:34<44:52, 16.32s/it, Train loss=0.502, Train acc=0.175, Test loss=0.533, Test acc=0.182]
 18%|█▊        | 35/200 [09:50<44:52, 16.32s/it, Train loss=0.496, Train acc=0.174, Test loss=0.676, Test acc=0.234]
 18%|█▊        | 36/200 [09:50<44:37, 16.33s/it, Train loss=0.496, Train acc=0.174, Test loss=0.676, Test acc=0.234]
 18%|█▊        | 36/200 [10:06<44:37, 16.33s/it, Train loss=0.494, Train acc=0.174, Test loss=0.576, Test acc=0.204]
 18%|█▊        | 37/200 [10:06<44:20, 16.32s/it, Train loss=0.494, Train acc=0.174, Test loss=0.576, Test acc=0.204]
 18%|█▊        | 37/200 [10:23<44:20, 16.32s/it, Train loss=0.48, Train acc=0.167, Test loss=0.595, Test acc=0.197] 
 19%|█▉        | 38/200 [10:23<44:02, 16.31s/it, Train loss=0.48, Train acc=0.167, Test loss=0.595, Test acc=0.197]
 19%|█▉        | 38/200 [10:39<44:02, 16.31s/it, Train loss=0.473, Train acc=0.164, Test loss=0.726, Test acc=0.234]
 20%|█▉        | 39/200 [10:39<43:46, 16.32s/it, Train loss=0.473, Train acc=0.164, Test loss=0.726, Test acc=0.234]
 20%|█▉        | 39/200 [10:55<43:46, 16.32s/it, Train loss=0.468, Train acc=0.163, Test loss=0.629, Test acc=0.209]
 20%|██        | 40/200 [10:55<43:34, 16.34s/it, Train loss=0.468, Train acc=0.163, Test loss=0.629, Test acc=0.209]
 20%|██        | 40/200 [11:12<43:34, 16.34s/it, Train loss=0.463, Train acc=0.161, Test loss=0.513, Test acc=0.176]
 20%|██        | 41/200 [11:12<43:17, 16.33s/it, Train loss=0.463, Train acc=0.161, Test loss=0.513, Test acc=0.176]
 20%|██        | 41/200 [11:28<43:17, 16.33s/it, Train loss=0.451, Train acc=0.157, Test loss=0.661, Test acc=0.215]
 21%|██        | 42/200 [11:28<42:59, 16.33s/it, Train loss=0.451, Train acc=0.157, Test loss=0.661, Test acc=0.215]
 21%|██        | 42/200 [11:44<42:59, 16.33s/it, Train loss=0.439, Train acc=0.153, Test loss=0.632, Test acc=0.217]
 22%|██▏       | 43/200 [11:44<42:42, 16.32s/it, Train loss=0.439, Train acc=0.153, Test loss=0.632, Test acc=0.217]
 22%|██▏       | 43/200 [12:00<42:42, 16.32s/it, Train loss=0.442, Train acc=0.154, Test loss=0.532, Test acc=0.182]
 22%|██▏       | 44/200 [12:00<42:26, 16.32s/it, Train loss=0.442, Train acc=0.154, Test loss=0.532, Test acc=0.182]
 22%|██▏       | 44/200 [12:17<42:26, 16.32s/it, Train loss=0.425, Train acc=0.149, Test loss=0.527, Test acc=0.177]
 22%|██▎       | 45/200 [12:17<42:09, 16.32s/it, Train loss=0.425, Train acc=0.149, Test loss=0.527, Test acc=0.177]
 22%|██▎       | 45/200 [12:33<42:09, 16.32s/it, Train loss=0.424, Train acc=0.148, Test loss=0.68, Test acc=0.219] 
 23%|██▎       | 46/200 [12:33<41:54, 16.33s/it, Train loss=0.424, Train acc=0.148, Test loss=0.68, Test acc=0.219]
 23%|██▎       | 46/200 [12:50<41:54, 16.33s/it, Train loss=0.415, Train acc=0.146, Test loss=0.611, Test acc=0.198]
 24%|██▎       | 47/200 [12:50<41:40, 16.34s/it, Train loss=0.415, Train acc=0.146, Test loss=0.611, Test acc=0.198]
 24%|██▎       | 47/200 [13:06<41:40, 16.34s/it, Train loss=0.412, Train acc=0.145, Test loss=0.503, Test acc=0.17] 
 24%|██▍       | 48/200 [13:06<41:21, 16.32s/it, Train loss=0.412, Train acc=0.145, Test loss=0.503, Test acc=0.17]
 24%|██▍       | 48/200 [13:22<41:21, 16.32s/it, Train loss=0.406, Train acc=0.142, Test loss=0.507, Test acc=0.171]
 24%|██▍       | 49/200 [13:22<41:05, 16.32s/it, Train loss=0.406, Train acc=0.142, Test loss=0.507, Test acc=0.171]
 24%|██▍       | 49/200 [13:39<41:05, 16.32s/it, Train loss=0.402, Train acc=0.139, Test loss=0.584, Test acc=0.19] 
 25%|██▌       | 50/200 [13:39<40:50, 16.34s/it, Train loss=0.402, Train acc=0.139, Test loss=0.584, Test acc=0.19]
 25%|██▌       | 50/200 [13:55<40:50, 16.34s/it, Train loss=0.386, Train acc=0.135, Test loss=0.521, Test acc=0.178]
 26%|██▌       | 51/200 [13:55<40:33, 16.34s/it, Train loss=0.386, Train acc=0.135, Test loss=0.521, Test acc=0.178]
 26%|██▌       | 51/200 [14:11<40:33, 16.34s/it, Train loss=0.383, Train acc=0.134, Test loss=0.609, Test acc=0.197]
 26%|██▌       | 52/200 [14:11<40:17, 16.33s/it, Train loss=0.383, Train acc=0.134, Test loss=0.609, Test acc=0.197]
 26%|██▌       | 52/200 [14:27<40:17, 16.33s/it, Train loss=0.378, Train acc=0.133, Test loss=0.599, Test acc=0.194]
 26%|██▋       | 53/200 [14:27<40:00, 16.33s/it, Train loss=0.378, Train acc=0.133, Test loss=0.599, Test acc=0.194]
 26%|██▋       | 53/200 [14:44<40:00, 16.33s/it, Train loss=0.37, Train acc=0.129, Test loss=0.599, Test acc=0.192] 
 27%|██▋       | 54/200 [14:44<39:47, 16.35s/it, Train loss=0.37, Train acc=0.129, Test loss=0.599, Test acc=0.192]
 27%|██▋       | 54/200 [15:00<39:47, 16.35s/it, Train loss=0.364, Train acc=0.127, Test loss=0.553, Test acc=0.182]
 28%|██▊       | 55/200 [15:00<39:28, 16.33s/it, Train loss=0.364, Train acc=0.127, Test loss=0.553, Test acc=0.182]
 28%|██▊       | 55/200 [15:16<39:28, 16.33s/it, Train loss=0.362, Train acc=0.126, Test loss=0.489, Test acc=0.164]
 28%|██▊       | 56/200 [15:16<39:11, 16.33s/it, Train loss=0.362, Train acc=0.126, Test loss=0.489, Test acc=0.164]
 28%|██▊       | 56/200 [15:33<39:11, 16.33s/it, Train loss=0.352, Train acc=0.123, Test loss=0.461, Test acc=0.157]
 28%|██▊       | 57/200 [15:33<38:54, 16.32s/it, Train loss=0.352, Train acc=0.123, Test loss=0.461, Test acc=0.157]
 28%|██▊       | 57/200 [15:49<38:54, 16.32s/it, Train loss=0.353, Train acc=0.123, Test loss=0.566, Test acc=0.19] 
 29%|██▉       | 58/200 [15:49<38:34, 16.30s/it, Train loss=0.353, Train acc=0.123, Test loss=0.566, Test acc=0.19]
 29%|██▉       | 58/200 [16:05<38:34, 16.30s/it, Train loss=0.345, Train acc=0.122, Test loss=0.515, Test acc=0.169]
 30%|██▉       | 59/200 [16:05<38:17, 16.30s/it, Train loss=0.345, Train acc=0.122, Test loss=0.515, Test acc=0.169]
 30%|██▉       | 59/200 [16:22<38:17, 16.30s/it, Train loss=0.334, Train acc=0.117, Test loss=0.527, Test acc=0.176]
 30%|███       | 60/200 [16:22<38:01, 16.29s/it, Train loss=0.334, Train acc=0.117, Test loss=0.527, Test acc=0.176]
 30%|███       | 60/200 [16:38<38:01, 16.29s/it, Train loss=0.333, Train acc=0.117, Test loss=0.496, Test acc=0.159]
 30%|███       | 61/200 [16:38<37:49, 16.33s/it, Train loss=0.333, Train acc=0.117, Test loss=0.496, Test acc=0.159]
 30%|███       | 61/200 [16:54<37:49, 16.33s/it, Train loss=0.332, Train acc=0.118, Test loss=0.596, Test acc=0.192]
 31%|███       | 62/200 [16:54<37:31, 16.31s/it, Train loss=0.332, Train acc=0.118, Test loss=0.596, Test acc=0.192]
 31%|███       | 62/200 [17:11<37:31, 16.31s/it, Train loss=0.323, Train acc=0.112, Test loss=0.464, Test acc=0.151]
 32%|███▏      | 63/200 [17:11<37:14, 16.31s/it, Train loss=0.323, Train acc=0.112, Test loss=0.464, Test acc=0.151]
 32%|███▏      | 63/200 [17:27<37:14, 16.31s/it, Train loss=0.323, Train acc=0.113, Test loss=0.454, Test acc=0.151]
 32%|███▏      | 64/200 [17:27<36:58, 16.31s/it, Train loss=0.323, Train acc=0.113, Test loss=0.454, Test acc=0.151]
 32%|███▏      | 64/200 [17:43<36:58, 16.31s/it, Train loss=0.321, Train acc=0.113, Test loss=0.479, Test acc=0.16] 
 32%|███▎      | 65/200 [17:43<36:40, 16.30s/it, Train loss=0.321, Train acc=0.113, Test loss=0.479, Test acc=0.16]
 32%|███▎      | 65/200 [17:59<36:40, 16.30s/it, Train loss=0.314, Train acc=0.111, Test loss=0.505, Test acc=0.166]
 33%|███▎      | 66/200 [17:59<36:24, 16.30s/it, Train loss=0.314, Train acc=0.111, Test loss=0.505, Test acc=0.166]
 33%|███▎      | 66/200 [18:16<36:24, 16.30s/it, Train loss=0.313, Train acc=0.109, Test loss=0.527, Test acc=0.173]
 34%|███▎      | 67/200 [18:16<36:12, 16.34s/it, Train loss=0.313, Train acc=0.109, Test loss=0.527, Test acc=0.173]
 34%|███▎      | 67/200 [18:32<36:12, 16.34s/it, Train loss=0.307, Train acc=0.108, Test loss=0.448, Test acc=0.147]
 34%|███▍      | 68/200 [18:32<35:54, 16.32s/it, Train loss=0.307, Train acc=0.108, Test loss=0.448, Test acc=0.147]
 34%|███▍      | 68/200 [18:49<35:54, 16.32s/it, Train loss=0.3, Train acc=0.105, Test loss=0.518, Test acc=0.171]  
 34%|███▍      | 69/200 [18:49<35:37, 16.32s/it, Train loss=0.3, Train acc=0.105, Test loss=0.518, Test acc=0.171]
 34%|███▍      | 69/200 [19:05<35:37, 16.32s/it, Train loss=0.299, Train acc=0.104, Test loss=0.484, Test acc=0.159]
 35%|███▌      | 70/200 [19:05<35:20, 16.31s/it, Train loss=0.299, Train acc=0.104, Test loss=0.484, Test acc=0.159]
 35%|███▌      | 70/200 [19:21<35:20, 16.31s/it, Train loss=0.297, Train acc=0.104, Test loss=0.445, Test acc=0.145]
 36%|███▌      | 71/200 [19:21<35:02, 16.30s/it, Train loss=0.297, Train acc=0.104, Test loss=0.445, Test acc=0.145]
 36%|███▌      | 71/200 [19:37<35:02, 16.30s/it, Train loss=0.285, Train acc=0.1, Test loss=0.554, Test acc=0.181]  
 36%|███▌      | 72/200 [19:37<34:46, 16.30s/it, Train loss=0.285, Train acc=0.1, Test loss=0.554, Test acc=0.181]
 36%|███▌      | 72/200 [19:54<34:46, 16.30s/it, Train loss=0.281, Train acc=0.099, Test loss=0.485, Test acc=0.157]
 36%|███▋      | 73/200 [19:54<34:30, 16.30s/it, Train loss=0.281, Train acc=0.099, Test loss=0.485, Test acc=0.157]
 36%|███▋      | 73/200 [20:10<34:30, 16.30s/it, Train loss=0.285, Train acc=0.1, Test loss=0.429, Test acc=0.138]  
 37%|███▋      | 74/200 [20:10<34:17, 16.33s/it, Train loss=0.285, Train acc=0.1, Test loss=0.429, Test acc=0.138]
 37%|███▋      | 74/200 [20:26<34:17, 16.33s/it, Train loss=0.279, Train acc=0.0976, Test loss=0.573, Test acc=0.183]
 38%|███▊      | 75/200 [20:26<34:00, 16.32s/it, Train loss=0.279, Train acc=0.0976, Test loss=0.573, Test acc=0.183]
 38%|███▊      | 75/200 [20:43<34:00, 16.32s/it, Train loss=0.273, Train acc=0.097, Test loss=0.4, Test acc=0.132]   
 38%|███▊      | 76/200 [20:43<33:43, 16.32s/it, Train loss=0.273, Train acc=0.097, Test loss=0.4, Test acc=0.132]
 38%|███▊      | 76/200 [20:59<33:43, 16.32s/it, Train loss=0.266, Train acc=0.0925, Test loss=0.51, Test acc=0.17]
 38%|███▊      | 77/200 [20:59<33:25, 16.30s/it, Train loss=0.266, Train acc=0.0925, Test loss=0.51, Test acc=0.17]
 38%|███▊      | 77/200 [21:15<33:25, 16.30s/it, Train loss=0.265, Train acc=0.0916, Test loss=0.631, Test acc=0.184]
 39%|███▉      | 78/200 [21:15<33:08, 16.30s/it, Train loss=0.265, Train acc=0.0916, Test loss=0.631, Test acc=0.184]
 39%|███▉      | 78/200 [21:32<33:08, 16.30s/it, Train loss=0.265, Train acc=0.092, Test loss=0.449, Test acc=0.145] 
 40%|███▉      | 79/200 [21:32<32:51, 16.30s/it, Train loss=0.265, Train acc=0.092, Test loss=0.449, Test acc=0.145]
 40%|███▉      | 79/200 [21:48<32:51, 16.30s/it, Train loss=0.258, Train acc=0.0905, Test loss=0.408, Test acc=0.133]
 40%|████      | 80/200 [21:48<32:35, 16.30s/it, Train loss=0.258, Train acc=0.0905, Test loss=0.408, Test acc=0.133]
 40%|████      | 80/200 [22:04<32:35, 16.30s/it, Train loss=0.256, Train acc=0.0898, Test loss=0.441, Test acc=0.141]
 40%|████      | 81/200 [22:04<32:21, 16.32s/it, Train loss=0.256, Train acc=0.0898, Test loss=0.441, Test acc=0.141]
 40%|████      | 81/200 [22:20<32:21, 16.32s/it, Train loss=0.249, Train acc=0.0881, Test loss=0.456, Test acc=0.147]
 41%|████      | 82/200 [22:20<32:03, 16.30s/it, Train loss=0.249, Train acc=0.0881, Test loss=0.456, Test acc=0.147]
 41%|████      | 82/200 [22:37<32:03, 16.30s/it, Train loss=0.25, Train acc=0.0872, Test loss=0.406, Test acc=0.133] 
 42%|████▏     | 83/200 [22:37<31:45, 16.29s/it, Train loss=0.25, Train acc=0.0872, Test loss=0.406, Test acc=0.133]
 42%|████▏     | 83/200 [22:53<31:45, 16.29s/it, Train loss=0.244, Train acc=0.086, Test loss=0.383, Test acc=0.126]
 42%|████▏     | 84/200 [22:53<31:27, 16.27s/it, Train loss=0.244, Train acc=0.086, Test loss=0.383, Test acc=0.126]
 42%|████▏     | 84/200 [23:09<31:27, 16.27s/it, Train loss=0.24, Train acc=0.0828, Test loss=0.396, Test acc=0.129]
 42%|████▎     | 85/200 [23:09<31:10, 16.26s/it, Train loss=0.24, Train acc=0.0828, Test loss=0.396, Test acc=0.129]
 42%|████▎     | 85/200 [23:26<31:10, 16.26s/it, Train loss=0.24, Train acc=0.0836, Test loss=0.404, Test acc=0.13] 
 43%|████▎     | 86/200 [23:26<30:54, 16.27s/it, Train loss=0.24, Train acc=0.0836, Test loss=0.404, Test acc=0.13]
 43%|████▎     | 86/200 [23:42<30:54, 16.27s/it, Train loss=0.234, Train acc=0.0817, Test loss=0.436, Test acc=0.136]
 44%|████▎     | 87/200 [23:42<30:37, 16.26s/it, Train loss=0.234, Train acc=0.0817, Test loss=0.436, Test acc=0.136]
 44%|████▎     | 87/200 [23:58<30:37, 16.26s/it, Train loss=0.231, Train acc=0.081, Test loss=0.407, Test acc=0.132] 
 44%|████▍     | 88/200 [23:58<30:24, 16.29s/it, Train loss=0.231, Train acc=0.081, Test loss=0.407, Test acc=0.132]
 44%|████▍     | 88/200 [24:14<30:24, 16.29s/it, Train loss=0.225, Train acc=0.0787, Test loss=0.432, Test acc=0.134]
 44%|████▍     | 89/200 [24:14<30:07, 16.28s/it, Train loss=0.225, Train acc=0.0787, Test loss=0.432, Test acc=0.134]
 44%|████▍     | 89/200 [24:31<30:07, 16.28s/it, Train loss=0.221, Train acc=0.078, Test loss=0.437, Test acc=0.133] 
 45%|████▌     | 90/200 [24:31<29:49, 16.27s/it, Train loss=0.221, Train acc=0.078, Test loss=0.437, Test acc=0.133]
 45%|████▌     | 90/200 [24:47<29:49, 16.27s/it, Train loss=0.219, Train acc=0.0767, Test loss=0.403, Test acc=0.13]
 46%|████▌     | 91/200 [24:47<29:34, 16.28s/it, Train loss=0.219, Train acc=0.0767, Test loss=0.403, Test acc=0.13]
 46%|████▌     | 91/200 [25:03<29:34, 16.28s/it, Train loss=0.223, Train acc=0.0789, Test loss=0.403, Test acc=0.131]
 46%|████▌     | 92/200 [25:03<29:17, 16.27s/it, Train loss=0.223, Train acc=0.0789, Test loss=0.403, Test acc=0.131]
 46%|████▌     | 92/200 [25:19<29:17, 16.27s/it, Train loss=0.218, Train acc=0.0756, Test loss=0.381, Test acc=0.121]
 46%|████▋     | 93/200 [25:19<29:00, 16.27s/it, Train loss=0.218, Train acc=0.0756, Test loss=0.381, Test acc=0.121]
 46%|████▋     | 93/200 [25:36<29:00, 16.27s/it, Train loss=0.211, Train acc=0.0732, Test loss=0.459, Test acc=0.143]
 47%|████▋     | 94/200 [25:36<28:44, 16.27s/it, Train loss=0.211, Train acc=0.0732, Test loss=0.459, Test acc=0.143]
 47%|████▋     | 94/200 [25:52<28:44, 16.27s/it, Train loss=0.209, Train acc=0.0734, Test loss=0.419, Test acc=0.131]
 48%|████▊     | 95/200 [25:52<28:30, 16.29s/it, Train loss=0.209, Train acc=0.0734, Test loss=0.419, Test acc=0.131]
 48%|████▊     | 95/200 [26:08<28:30, 16.29s/it, Train loss=0.21, Train acc=0.0745, Test loss=0.4, Test acc=0.129]   
 48%|████▊     | 96/200 [26:08<28:13, 16.28s/it, Train loss=0.21, Train acc=0.0745, Test loss=0.4, Test acc=0.129]
 48%|████▊     | 96/200 [26:25<28:13, 16.28s/it, Train loss=0.2, Train acc=0.0713, Test loss=0.354, Test acc=0.114]
 48%|████▊     | 97/200 [26:25<27:55, 16.27s/it, Train loss=0.2, Train acc=0.0713, Test loss=0.354, Test acc=0.114]
 48%|████▊     | 97/200 [26:41<27:55, 16.27s/it, Train loss=0.198, Train acc=0.0697, Test loss=0.394, Test acc=0.122]
 49%|████▉     | 98/200 [26:41<27:39, 16.27s/it, Train loss=0.198, Train acc=0.0697, Test loss=0.394, Test acc=0.122]
 49%|████▉     | 98/200 [26:57<27:39, 16.27s/it, Train loss=0.197, Train acc=0.0687, Test loss=0.358, Test acc=0.116]
 50%|████▉     | 99/200 [26:57<27:22, 16.27s/it, Train loss=0.197, Train acc=0.0687, Test loss=0.358, Test acc=0.116]
 50%|████▉     | 99/200 [27:13<27:22, 16.27s/it, Train loss=0.192, Train acc=0.0665, Test loss=0.393, Test acc=0.125]
 50%|█████     | 100/200 [27:13<27:06, 16.27s/it, Train loss=0.192, Train acc=0.0665, Test loss=0.393, Test acc=0.125]
 50%|█████     | 100/200 [27:30<27:06, 16.27s/it, Train loss=0.189, Train acc=0.0658, Test loss=0.384, Test acc=0.121]
 50%|█████     | 101/200 [27:30<26:52, 16.28s/it, Train loss=0.189, Train acc=0.0658, Test loss=0.384, Test acc=0.121]
 50%|█████     | 101/200 [27:46<26:52, 16.28s/it, Train loss=0.188, Train acc=0.0646, Test loss=0.377, Test acc=0.118]
 51%|█████     | 102/200 [27:46<26:35, 16.28s/it, Train loss=0.188, Train acc=0.0646, Test loss=0.377, Test acc=0.118]
 51%|█████     | 102/200 [28:02<26:35, 16.28s/it, Train loss=0.185, Train acc=0.0639, Test loss=0.35, Test acc=0.109] 
 52%|█████▏    | 103/200 [28:02<26:18, 16.27s/it, Train loss=0.185, Train acc=0.0639, Test loss=0.35, Test acc=0.109]
 52%|█████▏    | 103/200 [28:18<26:18, 16.27s/it, Train loss=0.182, Train acc=0.0645, Test loss=0.385, Test acc=0.122]
 52%|█████▏    | 104/200 [28:18<26:01, 16.27s/it, Train loss=0.182, Train acc=0.0645, Test loss=0.385, Test acc=0.122]
 52%|█████▏    | 104/200 [28:35<26:01, 16.27s/it, Train loss=0.184, Train acc=0.0663, Test loss=0.363, Test acc=0.119]
 52%|█████▎    | 105/200 [28:35<25:45, 16.27s/it, Train loss=0.184, Train acc=0.0663, Test loss=0.363, Test acc=0.119]
 52%|█████▎    | 105/200 [28:51<25:45, 16.27s/it, Train loss=0.175, Train acc=0.0609, Test loss=0.396, Test acc=0.121]
 53%|█████▎    | 106/200 [28:51<25:29, 16.27s/it, Train loss=0.175, Train acc=0.0609, Test loss=0.396, Test acc=0.121]
 53%|█████▎    | 106/200 [29:07<25:29, 16.27s/it, Train loss=0.178, Train acc=0.0615, Test loss=0.378, Test acc=0.117]
 54%|█████▎    | 107/200 [29:07<25:12, 16.26s/it, Train loss=0.178, Train acc=0.0615, Test loss=0.378, Test acc=0.117]
 54%|█████▎    | 107/200 [29:24<25:12, 16.26s/it, Train loss=0.175, Train acc=0.0619, Test loss=0.353, Test acc=0.11] 
 54%|█████▍    | 108/200 [29:24<24:59, 16.30s/it, Train loss=0.175, Train acc=0.0619, Test loss=0.353, Test acc=0.11]
 54%|█████▍    | 108/200 [29:40<24:59, 16.30s/it, Train loss=0.174, Train acc=0.061, Test loss=0.385, Test acc=0.118]
 55%|█████▍    | 109/200 [29:40<24:41, 16.28s/it, Train loss=0.174, Train acc=0.061, Test loss=0.385, Test acc=0.118]
 55%|█████▍    | 109/200 [29:56<24:41, 16.28s/it, Train loss=0.166, Train acc=0.0584, Test loss=0.365, Test acc=0.114]
 55%|█████▌    | 110/200 [29:56<24:25, 16.28s/it, Train loss=0.166, Train acc=0.0584, Test loss=0.365, Test acc=0.114]
 55%|█████▌    | 110/200 [30:12<24:25, 16.28s/it, Train loss=0.161, Train acc=0.0563, Test loss=0.366, Test acc=0.116]
 56%|█████▌    | 111/200 [30:12<24:08, 16.28s/it, Train loss=0.161, Train acc=0.0563, Test loss=0.366, Test acc=0.116]
 56%|█████▌    | 111/200 [30:29<24:08, 16.28s/it, Train loss=0.164, Train acc=0.0577, Test loss=0.383, Test acc=0.118]
 56%|█████▌    | 112/200 [30:29<23:52, 16.28s/it, Train loss=0.164, Train acc=0.0577, Test loss=0.383, Test acc=0.118]
 56%|█████▌    | 112/200 [30:45<23:52, 16.28s/it, Train loss=0.156, Train acc=0.0538, Test loss=0.378, Test acc=0.116]
 56%|█████▋    | 113/200 [30:45<23:35, 16.27s/it, Train loss=0.156, Train acc=0.0538, Test loss=0.378, Test acc=0.116]
 56%|█████▋    | 113/200 [31:01<23:35, 16.27s/it, Train loss=0.155, Train acc=0.0535, Test loss=0.361, Test acc=0.115]
 57%|█████▋    | 114/200 [31:01<23:19, 16.28s/it, Train loss=0.155, Train acc=0.0535, Test loss=0.361, Test acc=0.115]
 57%|█████▋    | 114/200 [31:18<23:19, 16.28s/it, Train loss=0.151, Train acc=0.0531, Test loss=0.358, Test acc=0.111]
 57%|█████▊    | 115/200 [31:18<23:07, 16.32s/it, Train loss=0.151, Train acc=0.0531, Test loss=0.358, Test acc=0.111]
 57%|█████▊    | 115/200 [31:34<23:07, 16.32s/it, Train loss=0.151, Train acc=0.0531, Test loss=0.34, Test acc=0.108] 
 58%|█████▊    | 116/200 [31:34<22:49, 16.30s/it, Train loss=0.151, Train acc=0.0531, Test loss=0.34, Test acc=0.108]
 58%|█████▊    | 116/200 [31:50<22:49, 16.30s/it, Train loss=0.148, Train acc=0.0515, Test loss=0.346, Test acc=0.107]
 58%|█████▊    | 117/200 [31:50<22:32, 16.29s/it, Train loss=0.148, Train acc=0.0515, Test loss=0.346, Test acc=0.107]
 58%|█████▊    | 117/200 [32:06<22:32, 16.29s/it, Train loss=0.148, Train acc=0.0519, Test loss=0.359, Test acc=0.114]
 59%|█████▉    | 118/200 [32:06<22:15, 16.29s/it, Train loss=0.148, Train acc=0.0519, Test loss=0.359, Test acc=0.114]
 59%|█████▉    | 118/200 [32:23<22:15, 16.29s/it, Train loss=0.139, Train acc=0.0475, Test loss=0.346, Test acc=0.109]
 60%|█████▉    | 119/200 [32:23<21:58, 16.28s/it, Train loss=0.139, Train acc=0.0475, Test loss=0.346, Test acc=0.109]
 60%|█████▉    | 119/200 [32:39<21:58, 16.28s/it, Train loss=0.142, Train acc=0.0492, Test loss=0.341, Test acc=0.106]
 60%|██████    | 120/200 [32:39<21:41, 16.27s/it, Train loss=0.142, Train acc=0.0492, Test loss=0.341, Test acc=0.106]
 60%|██████    | 120/200 [32:55<21:41, 16.27s/it, Train loss=0.138, Train acc=0.0477, Test loss=0.33, Test acc=0.104] 
 60%|██████    | 121/200 [32:55<21:25, 16.27s/it, Train loss=0.138, Train acc=0.0477, Test loss=0.33, Test acc=0.104]
 60%|██████    | 121/200 [33:12<21:25, 16.27s/it, Train loss=0.137, Train acc=0.0486, Test loss=0.348, Test acc=0.109]
 61%|██████    | 122/200 [33:12<21:11, 16.30s/it, Train loss=0.137, Train acc=0.0486, Test loss=0.348, Test acc=0.109]
 61%|██████    | 122/200 [33:28<21:11, 16.30s/it, Train loss=0.133, Train acc=0.0456, Test loss=0.328, Test acc=0.0999]
 62%|██████▏   | 123/200 [33:28<20:54, 16.29s/it, Train loss=0.133, Train acc=0.0456, Test loss=0.328, Test acc=0.0999]
 62%|██████▏   | 123/200 [33:44<20:54, 16.29s/it, Train loss=0.131, Train acc=0.045, Test loss=0.336, Test acc=0.103]  
 62%|██████▏   | 124/200 [33:44<20:36, 16.26s/it, Train loss=0.131, Train acc=0.045, Test loss=0.336, Test acc=0.103]
 62%|██████▏   | 124/200 [34:00<20:36, 16.26s/it, Train loss=0.131, Train acc=0.0449, Test loss=0.347, Test acc=0.105]
 62%|██████▎   | 125/200 [34:00<20:21, 16.29s/it, Train loss=0.131, Train acc=0.0449, Test loss=0.347, Test acc=0.105]
 62%|██████▎   | 125/200 [34:17<20:21, 16.29s/it, Train loss=0.129, Train acc=0.0449, Test loss=0.337, Test acc=0.102]
 63%|██████▎   | 126/200 [34:17<20:05, 16.29s/it, Train loss=0.129, Train acc=0.0449, Test loss=0.337, Test acc=0.102]
 63%|██████▎   | 126/200 [34:33<20:05, 16.29s/it, Train loss=0.121, Train acc=0.0429, Test loss=0.328, Test acc=0.101]
 64%|██████▎   | 127/200 [34:33<19:47, 16.27s/it, Train loss=0.121, Train acc=0.0429, Test loss=0.328, Test acc=0.101]
 64%|██████▎   | 127/200 [34:49<19:47, 16.27s/it, Train loss=0.121, Train acc=0.0407, Test loss=0.345, Test acc=0.106]
 64%|██████▍   | 128/200 [34:49<19:32, 16.29s/it, Train loss=0.121, Train acc=0.0407, Test loss=0.345, Test acc=0.106]
 64%|██████▍   | 128/200 [35:06<19:32, 16.29s/it, Train loss=0.119, Train acc=0.0404, Test loss=0.327, Test acc=0.0995]
 64%|██████▍   | 129/200 [35:06<19:17, 16.31s/it, Train loss=0.119, Train acc=0.0404, Test loss=0.327, Test acc=0.0995]
 64%|██████▍   | 129/200 [35:22<19:17, 16.31s/it, Train loss=0.118, Train acc=0.0399, Test loss=0.332, Test acc=0.1]   
 65%|██████▌   | 130/200 [35:22<19:00, 16.29s/it, Train loss=0.118, Train acc=0.0399, Test loss=0.332, Test acc=0.1]
 65%|██████▌   | 130/200 [35:38<19:00, 16.29s/it, Train loss=0.117, Train acc=0.0415, Test loss=0.353, Test acc=0.104]
 66%|██████▌   | 131/200 [35:38<18:44, 16.29s/it, Train loss=0.117, Train acc=0.0415, Test loss=0.353, Test acc=0.104]
 66%|██████▌   | 131/200 [35:55<18:44, 16.29s/it, Train loss=0.115, Train acc=0.0397, Test loss=0.348, Test acc=0.103]
 66%|██████▌   | 132/200 [35:55<18:30, 16.33s/it, Train loss=0.115, Train acc=0.0397, Test loss=0.348, Test acc=0.103]
 66%|██████▌   | 132/200 [36:11<18:30, 16.33s/it, Train loss=0.114, Train acc=0.0388, Test loss=0.341, Test acc=0.103]
 66%|██████▋   | 133/200 [36:11<18:09, 16.27s/it, Train loss=0.114, Train acc=0.0388, Test loss=0.341, Test acc=0.103]
 66%|██████▋   | 133/200 [36:27<18:09, 16.27s/it, Train loss=0.111, Train acc=0.0373, Test loss=0.337, Test acc=0.103]
 67%|██████▋   | 134/200 [36:27<17:50, 16.22s/it, Train loss=0.111, Train acc=0.0373, Test loss=0.337, Test acc=0.103]
 67%|██████▋   | 134/200 [36:43<17:50, 16.22s/it, Train loss=0.11, Train acc=0.0373, Test loss=0.331, Test acc=0.0995]
 68%|██████▊   | 135/200 [36:43<17:33, 16.21s/it, Train loss=0.11, Train acc=0.0373, Test loss=0.331, Test acc=0.0995]
 68%|██████▊   | 135/200 [36:59<17:33, 16.21s/it, Train loss=0.106, Train acc=0.0356, Test loss=0.349, Test acc=0.105]
 68%|██████▊   | 136/200 [36:59<17:17, 16.21s/it, Train loss=0.106, Train acc=0.0356, Test loss=0.349, Test acc=0.105]
 68%|██████▊   | 136/200 [37:15<17:17, 16.21s/it, Train loss=0.106, Train acc=0.0362, Test loss=0.327, Test acc=0.0976]
 68%|██████▊   | 137/200 [37:15<16:58, 16.16s/it, Train loss=0.106, Train acc=0.0362, Test loss=0.327, Test acc=0.0976]
 68%|██████▊   | 137/200 [37:31<16:58, 16.16s/it, Train loss=0.103, Train acc=0.0357, Test loss=0.319, Test acc=0.0971]
 69%|██████▉   | 138/200 [37:31<16:42, 16.17s/it, Train loss=0.103, Train acc=0.0357, Test loss=0.319, Test acc=0.0971]
 69%|██████▉   | 138/200 [37:48<16:42, 16.17s/it, Train loss=0.0971, Train acc=0.0332, Test loss=0.331, Test acc=0.1]  
 70%|██████▉   | 139/200 [37:48<16:24, 16.15s/it, Train loss=0.0971, Train acc=0.0332, Test loss=0.331, Test acc=0.1]
 70%|██████▉   | 139/200 [38:04<16:24, 16.15s/it, Train loss=0.098, Train acc=0.0339, Test loss=0.333, Test acc=0.1] 
 70%|███████   | 140/200 [38:04<16:07, 16.13s/it, Train loss=0.098, Train acc=0.0339, Test loss=0.333, Test acc=0.1]
 70%|███████   | 140/200 [38:20<16:07, 16.13s/it, Train loss=0.0982, Train acc=0.0336, Test loss=0.342, Test acc=0.1]
 70%|███████   | 141/200 [38:20<15:50, 16.11s/it, Train loss=0.0982, Train acc=0.0336, Test loss=0.342, Test acc=0.1]
 70%|███████   | 141/200 [38:36<15:50, 16.11s/it, Train loss=0.0963, Train acc=0.0331, Test loss=0.326, Test acc=0.095]
 71%|███████   | 142/200 [38:36<15:36, 16.15s/it, Train loss=0.0963, Train acc=0.0331, Test loss=0.326, Test acc=0.095]
 71%|███████   | 142/200 [38:52<15:36, 16.15s/it, Train loss=0.0916, Train acc=0.0309, Test loss=0.325, Test acc=0.0946]
 72%|███████▏  | 143/200 [38:52<15:19, 16.14s/it, Train loss=0.0916, Train acc=0.0309, Test loss=0.325, Test acc=0.0946]
 72%|███████▏  | 143/200 [39:08<15:19, 16.14s/it, Train loss=0.0934, Train acc=0.0319, Test loss=0.319, Test acc=0.0936]
 72%|███████▏  | 144/200 [39:08<15:03, 16.14s/it, Train loss=0.0934, Train acc=0.0319, Test loss=0.319, Test acc=0.0936]
 72%|███████▏  | 144/200 [39:24<15:03, 16.14s/it, Train loss=0.0897, Train acc=0.0297, Test loss=0.325, Test acc=0.0955]
 72%|███████▎  | 145/200 [39:24<14:48, 16.15s/it, Train loss=0.0897, Train acc=0.0297, Test loss=0.325, Test acc=0.0955]
 72%|███████▎  | 145/200 [39:41<14:48, 16.15s/it, Train loss=0.09, Train acc=0.0307, Test loss=0.318, Test acc=0.0928]  
 73%|███████▎  | 146/200 [39:41<14:32, 16.15s/it, Train loss=0.09, Train acc=0.0307, Test loss=0.318, Test acc=0.0928]
 73%|███████▎  | 146/200 [39:57<14:32, 16.15s/it, Train loss=0.0866, Train acc=0.0284, Test loss=0.317, Test acc=0.0926]
 74%|███████▎  | 147/200 [39:57<14:15, 16.14s/it, Train loss=0.0866, Train acc=0.0284, Test loss=0.317, Test acc=0.0926]
 74%|███████▎  | 147/200 [40:13<14:15, 16.14s/it, Train loss=0.0854, Train acc=0.0291, Test loss=0.317, Test acc=0.0929]
 74%|███████▍  | 148/200 [40:13<13:59, 16.14s/it, Train loss=0.0854, Train acc=0.0291, Test loss=0.317, Test acc=0.0929]
 74%|███████▍  | 148/200 [40:29<13:59, 16.14s/it, Train loss=0.0841, Train acc=0.0293, Test loss=0.329, Test acc=0.0949]
 74%|███████▍  | 149/200 [40:29<13:45, 16.18s/it, Train loss=0.0841, Train acc=0.0293, Test loss=0.329, Test acc=0.0949]
 74%|███████▍  | 149/200 [40:45<13:45, 16.18s/it, Train loss=0.0857, Train acc=0.0293, Test loss=0.333, Test acc=0.0956]
 75%|███████▌  | 150/200 [40:45<13:28, 16.16s/it, Train loss=0.0857, Train acc=0.0293, Test loss=0.333, Test acc=0.0956]
 75%|███████▌  | 150/200 [41:01<13:28, 16.16s/it, Train loss=0.083, Train acc=0.028, Test loss=0.321, Test acc=0.094]   
 76%|███████▌  | 151/200 [41:01<13:11, 16.15s/it, Train loss=0.083, Train acc=0.028, Test loss=0.321, Test acc=0.094]
 76%|███████▌  | 151/200 [41:17<13:11, 16.15s/it, Train loss=0.0815, Train acc=0.0271, Test loss=0.319, Test acc=0.0908]
 76%|███████▌  | 152/200 [41:17<12:54, 16.14s/it, Train loss=0.0815, Train acc=0.0271, Test loss=0.319, Test acc=0.0908]
 76%|███████▌  | 152/200 [41:34<12:54, 16.14s/it, Train loss=0.0796, Train acc=0.0271, Test loss=0.316, Test acc=0.0923]
 76%|███████▋  | 153/200 [41:34<12:38, 16.14s/it, Train loss=0.0796, Train acc=0.0271, Test loss=0.316, Test acc=0.0923]
 76%|███████▋  | 153/200 [41:50<12:38, 16.14s/it, Train loss=0.0777, Train acc=0.0259, Test loss=0.319, Test acc=0.0942]
 77%|███████▋  | 154/200 [41:50<12:22, 16.13s/it, Train loss=0.0777, Train acc=0.0259, Test loss=0.319, Test acc=0.0942]
 77%|███████▋  | 154/200 [42:06<12:22, 16.13s/it, Train loss=0.0776, Train acc=0.0261, Test loss=0.32, Test acc=0.0909] 
 78%|███████▊  | 155/200 [42:06<12:05, 16.12s/it, Train loss=0.0776, Train acc=0.0261, Test loss=0.32, Test acc=0.0909]
 78%|███████▊  | 155/200 [42:22<12:05, 16.12s/it, Train loss=0.0757, Train acc=0.0248, Test loss=0.321, Test acc=0.091]
 78%|███████▊  | 156/200 [42:22<11:50, 16.16s/it, Train loss=0.0757, Train acc=0.0248, Test loss=0.321, Test acc=0.091]
 78%|███████▊  | 156/200 [42:38<11:50, 16.16s/it, Train loss=0.0762, Train acc=0.0252, Test loss=0.321, Test acc=0.0916]
 78%|███████▊  | 157/200 [42:38<11:34, 16.15s/it, Train loss=0.0762, Train acc=0.0252, Test loss=0.321, Test acc=0.0916]
 78%|███████▊  | 157/200 [42:54<11:34, 16.15s/it, Train loss=0.0744, Train acc=0.0249, Test loss=0.317, Test acc=0.0903]
 79%|███████▉  | 158/200 [42:54<11:18, 16.15s/it, Train loss=0.0744, Train acc=0.0249, Test loss=0.317, Test acc=0.0903]
 79%|███████▉  | 158/200 [43:10<11:18, 16.15s/it, Train loss=0.0728, Train acc=0.0247, Test loss=0.32, Test acc=0.0912] 
 80%|███████▉  | 159/200 [43:10<11:01, 16.14s/it, Train loss=0.0728, Train acc=0.0247, Test loss=0.32, Test acc=0.0912]
 80%|███████▉  | 159/200 [43:27<11:01, 16.14s/it, Train loss=0.0733, Train acc=0.0244, Test loss=0.316, Test acc=0.0921]
 80%|████████  | 160/200 [43:27<10:46, 16.15s/it, Train loss=0.0733, Train acc=0.0244, Test loss=0.316, Test acc=0.0921]
 80%|████████  | 160/200 [43:43<10:46, 16.15s/it, Train loss=0.0721, Train acc=0.0238, Test loss=0.321, Test acc=0.0921]
 80%|████████  | 161/200 [43:43<10:29, 16.15s/it, Train loss=0.0721, Train acc=0.0238, Test loss=0.321, Test acc=0.0921]
 80%|████████  | 161/200 [43:59<10:29, 16.15s/it, Train loss=0.0688, Train acc=0.0227, Test loss=0.318, Test acc=0.0897]
 81%|████████  | 162/200 [43:59<10:13, 16.15s/it, Train loss=0.0688, Train acc=0.0227, Test loss=0.318, Test acc=0.0897]
 81%|████████  | 162/200 [44:15<10:13, 16.15s/it, Train loss=0.0699, Train acc=0.0232, Test loss=0.32, Test acc=0.09]   
 82%|████████▏ | 163/200 [44:15<09:58, 16.17s/it, Train loss=0.0699, Train acc=0.0232, Test loss=0.32, Test acc=0.09]
 82%|████████▏ | 163/200 [44:31<09:58, 16.17s/it, Train loss=0.0676, Train acc=0.0219, Test loss=0.321, Test acc=0.093]
 82%|████████▏ | 164/200 [44:31<09:41, 16.15s/it, Train loss=0.0676, Train acc=0.0219, Test loss=0.321, Test acc=0.093]
 82%|████████▏ | 164/200 [44:47<09:41, 16.15s/it, Train loss=0.0678, Train acc=0.0218, Test loss=0.318, Test acc=0.0916]
 82%|████████▎ | 165/200 [44:47<09:24, 16.14s/it, Train loss=0.0678, Train acc=0.0218, Test loss=0.318, Test acc=0.0916]
 82%|████████▎ | 165/200 [45:03<09:24, 16.14s/it, Train loss=0.0658, Train acc=0.0211, Test loss=0.314, Test acc=0.0893]
 83%|████████▎ | 166/200 [45:03<09:08, 16.13s/it, Train loss=0.0658, Train acc=0.0211, Test loss=0.314, Test acc=0.0893]
 83%|████████▎ | 166/200 [45:20<09:08, 16.13s/it, Train loss=0.0662, Train acc=0.0214, Test loss=0.315, Test acc=0.0911]
 84%|████████▎ | 167/200 [45:20<08:52, 16.13s/it, Train loss=0.0662, Train acc=0.0214, Test loss=0.315, Test acc=0.0911]
 84%|████████▎ | 167/200 [45:36<08:52, 16.13s/it, Train loss=0.0649, Train acc=0.0214, Test loss=0.314, Test acc=0.0893]
 84%|████████▍ | 168/200 [45:36<08:36, 16.13s/it, Train loss=0.0649, Train acc=0.0214, Test loss=0.314, Test acc=0.0893]
 84%|████████▍ | 168/200 [45:52<08:36, 16.13s/it, Train loss=0.0634, Train acc=0.0206, Test loss=0.312, Test acc=0.0872]
 84%|████████▍ | 169/200 [45:52<08:19, 16.12s/it, Train loss=0.0634, Train acc=0.0206, Test loss=0.312, Test acc=0.0872]
 84%|████████▍ | 169/200 [46:08<08:19, 16.12s/it, Train loss=0.0639, Train acc=0.0207, Test loss=0.317, Test acc=0.0898]
 85%|████████▌ | 170/200 [46:08<08:04, 16.15s/it, Train loss=0.0639, Train acc=0.0207, Test loss=0.317, Test acc=0.0898]
 85%|████████▌ | 170/200 [46:24<08:04, 16.15s/it, Train loss=0.0621, Train acc=0.0194, Test loss=0.314, Test acc=0.0888]
 86%|████████▌ | 171/200 [46:24<07:48, 16.15s/it, Train loss=0.0621, Train acc=0.0194, Test loss=0.314, Test acc=0.0888]
 86%|████████▌ | 171/200 [46:40<07:48, 16.15s/it, Train loss=0.0644, Train acc=0.0211, Test loss=0.316, Test acc=0.0891]
 86%|████████▌ | 172/200 [46:40<07:31, 16.13s/it, Train loss=0.0644, Train acc=0.0211, Test loss=0.316, Test acc=0.0891]
 86%|████████▌ | 172/200 [46:56<07:31, 16.13s/it, Train loss=0.0606, Train acc=0.02, Test loss=0.314, Test acc=0.0871]  
 86%|████████▋ | 173/200 [46:56<07:16, 16.17s/it, Train loss=0.0606, Train acc=0.02, Test loss=0.314, Test acc=0.0871]
 86%|████████▋ | 173/200 [47:13<07:16, 16.17s/it, Train loss=0.0614, Train acc=0.0197, Test loss=0.312, Test acc=0.0871]
 87%|████████▋ | 174/200 [47:13<07:01, 16.23s/it, Train loss=0.0614, Train acc=0.0197, Test loss=0.312, Test acc=0.0871]
 87%|████████▋ | 174/200 [47:29<07:01, 16.23s/it, Train loss=0.0615, Train acc=0.0202, Test loss=0.312, Test acc=0.0879]
 88%|████████▊ | 175/200 [47:29<06:46, 16.25s/it, Train loss=0.0615, Train acc=0.0202, Test loss=0.312, Test acc=0.0879]
 88%|████████▊ | 175/200 [47:45<06:46, 16.25s/it, Train loss=0.0613, Train acc=0.0202, Test loss=0.312, Test acc=0.088] 
 88%|████████▊ | 176/200 [47:45<06:30, 16.26s/it, Train loss=0.0613, Train acc=0.0202, Test loss=0.312, Test acc=0.088]
 88%|████████▊ | 176/200 [48:02<06:30, 16.26s/it, Train loss=0.0613, Train acc=0.0194, Test loss=0.313, Test acc=0.089]
 88%|████████▊ | 177/200 [48:02<06:15, 16.31s/it, Train loss=0.0613, Train acc=0.0194, Test loss=0.313, Test acc=0.089]
 88%|████████▊ | 177/200 [48:18<06:15, 16.31s/it, Train loss=0.061, Train acc=0.0192, Test loss=0.315, Test acc=0.0894]
 89%|████████▉ | 178/200 [48:18<05:58, 16.30s/it, Train loss=0.061, Train acc=0.0192, Test loss=0.315, Test acc=0.0894]
 89%|████████▉ | 178/200 [48:34<05:58, 16.30s/it, Train loss=0.0599, Train acc=0.0193, Test loss=0.313, Test acc=0.0887]
 90%|████████▉ | 179/200 [48:34<05:41, 16.28s/it, Train loss=0.0599, Train acc=0.0193, Test loss=0.313, Test acc=0.0887]
 90%|████████▉ | 179/200 [48:51<05:41, 16.28s/it, Train loss=0.0592, Train acc=0.0197, Test loss=0.313, Test acc=0.0882]
 90%|█████████ | 180/200 [48:51<05:25, 16.28s/it, Train loss=0.0592, Train acc=0.0197, Test loss=0.313, Test acc=0.0882]
 90%|█████████ | 180/200 [49:07<05:25, 16.28s/it, Train loss=0.058, Train acc=0.0183, Test loss=0.314, Test acc=0.0887] 
 90%|█████████ | 181/200 [49:07<05:09, 16.31s/it, Train loss=0.058, Train acc=0.0183, Test loss=0.314, Test acc=0.0887]
 90%|█████████ | 181/200 [49:23<05:09, 16.31s/it, Train loss=0.0574, Train acc=0.0181, Test loss=0.316, Test acc=0.0888]
 91%|█████████ | 182/200 [49:23<04:53, 16.29s/it, Train loss=0.0574, Train acc=0.0181, Test loss=0.316, Test acc=0.0888]
 91%|█████████ | 182/200 [49:40<04:53, 16.29s/it, Train loss=0.0578, Train acc=0.0184, Test loss=0.313, Test acc=0.0894]
 92%|█████████▏| 183/200 [49:40<04:37, 16.31s/it, Train loss=0.0578, Train acc=0.0184, Test loss=0.313, Test acc=0.0894]
 92%|█████████▏| 183/200 [49:56<04:37, 16.31s/it, Train loss=0.0568, Train acc=0.0177, Test loss=0.313, Test acc=0.0882]
 92%|█████████▏| 184/200 [49:56<04:21, 16.33s/it, Train loss=0.0568, Train acc=0.0177, Test loss=0.313, Test acc=0.0882]
 92%|█████████▏| 184/200 [50:12<04:21, 16.33s/it, Train loss=0.0558, Train acc=0.0174, Test loss=0.313, Test acc=0.0885]
 92%|█████████▎| 185/200 [50:12<04:04, 16.31s/it, Train loss=0.0558, Train acc=0.0174, Test loss=0.313, Test acc=0.0885]
 92%|█████████▎| 185/200 [50:29<04:04, 16.31s/it, Train loss=0.0569, Train acc=0.018, Test loss=0.313, Test acc=0.0866] 
 93%|█████████▎| 186/200 [50:29<03:48, 16.31s/it, Train loss=0.0569, Train acc=0.018, Test loss=0.313, Test acc=0.0866]
 93%|█████████▎| 186/200 [50:45<03:48, 16.31s/it, Train loss=0.0571, Train acc=0.0183, Test loss=0.313, Test acc=0.088]
 94%|█████████▎| 187/200 [50:45<03:32, 16.31s/it, Train loss=0.0571, Train acc=0.0183, Test loss=0.313, Test acc=0.088]
 94%|█████████▎| 187/200 [51:01<03:32, 16.31s/it, Train loss=0.0562, Train acc=0.0179, Test loss=0.313, Test acc=0.0876]
 94%|█████████▍| 188/200 [51:01<03:16, 16.35s/it, Train loss=0.0562, Train acc=0.0179, Test loss=0.313, Test acc=0.0876]
 94%|█████████▍| 188/200 [51:18<03:16, 16.35s/it, Train loss=0.0577, Train acc=0.0177, Test loss=0.312, Test acc=0.0871]
 94%|█████████▍| 189/200 [51:18<02:59, 16.32s/it, Train loss=0.0577, Train acc=0.0177, Test loss=0.312, Test acc=0.0871]
 94%|█████████▍| 189/200 [51:34<02:59, 16.32s/it, Train loss=0.057, Train acc=0.0185, Test loss=0.313, Test acc=0.087]  
 95%|█████████▌| 190/200 [51:34<02:43, 16.32s/it, Train loss=0.057, Train acc=0.0185, Test loss=0.313, Test acc=0.087]
 95%|█████████▌| 190/200 [51:50<02:43, 16.32s/it, Train loss=0.0558, Train acc=0.0175, Test loss=0.312, Test acc=0.0864]
 96%|█████████▌| 191/200 [51:50<02:26, 16.32s/it, Train loss=0.0558, Train acc=0.0175, Test loss=0.312, Test acc=0.0864]
 96%|█████████▌| 191/200 [52:07<02:26, 16.32s/it, Train loss=0.0561, Train acc=0.0175, Test loss=0.312, Test acc=0.087] 
 96%|█████████▌| 192/200 [52:07<02:10, 16.33s/it, Train loss=0.0561, Train acc=0.0175, Test loss=0.312, Test acc=0.087]
 96%|█████████▌| 192/200 [52:23<02:10, 16.33s/it, Train loss=0.0552, Train acc=0.0172, Test loss=0.312, Test acc=0.0869]
 96%|█████████▋| 193/200 [52:23<01:54, 16.31s/it, Train loss=0.0552, Train acc=0.0172, Test loss=0.312, Test acc=0.0869]
 96%|█████████▋| 193/200 [52:39<01:54, 16.31s/it, Train loss=0.0564, Train acc=0.0178, Test loss=0.312, Test acc=0.0876]
 97%|█████████▋| 194/200 [52:39<01:37, 16.30s/it, Train loss=0.0564, Train acc=0.0178, Test loss=0.312, Test acc=0.0876]
 97%|█████████▋| 194/200 [52:55<01:37, 16.30s/it, Train loss=0.0563, Train acc=0.0178, Test loss=0.312, Test acc=0.0872]
 98%|█████████▊| 195/200 [52:55<01:21, 16.32s/it, Train loss=0.0563, Train acc=0.0178, Test loss=0.312, Test acc=0.0872]
 98%|█████████▊| 195/200 [53:12<01:21, 16.32s/it, Train loss=0.0539, Train acc=0.0168, Test loss=0.313, Test acc=0.0873]
 98%|█████████▊| 196/200 [53:12<01:05, 16.32s/it, Train loss=0.0539, Train acc=0.0168, Test loss=0.313, Test acc=0.0873]
 98%|█████████▊| 196/200 [53:28<01:05, 16.32s/it, Train loss=0.0561, Train acc=0.0182, Test loss=0.312, Test acc=0.0864]
 98%|█████████▊| 197/200 [53:28<00:48, 16.33s/it, Train loss=0.0561, Train acc=0.0182, Test loss=0.312, Test acc=0.0864]
 98%|█████████▊| 197/200 [53:44<00:48, 16.33s/it, Train loss=0.0577, Train acc=0.0187, Test loss=0.312, Test acc=0.088] 
 99%|█████████▉| 198/200 [53:44<00:32, 16.32s/it, Train loss=0.0577, Train acc=0.0187, Test loss=0.312, Test acc=0.088]
 99%|█████████▉| 198/200 [54:01<00:32, 16.32s/it, Train loss=0.0561, Train acc=0.0177, Test loss=0.313, Test acc=0.0869]
100%|█████████▉| 199/200 [54:01<00:16, 16.29s/it, Train loss=0.0561, Train acc=0.0177, Test loss=0.313, Test acc=0.0869]
100%|█████████▉| 199/200 [54:17<00:16, 16.29s/it, Train loss=0.0567, Train acc=0.0178, Test loss=0.313, Test acc=0.0873]
100%|██████████| 200/200 [54:17<00:00, 16.24s/it, Train loss=0.0567, Train acc=0.0178, Test loss=0.313, Test acc=0.0873]
100%|██████████| 200/200 [54:17<00:00, 16.29s/it, Train loss=0.0567, Train acc=0.0178, Test loss=0.313, Test acc=0.0873]
