Files already downloaded and verified
Files already downloaded and verified
load resnet18...

  0%|          | 0/200 [00:00<?, ?it/s]
  0%|          | 0/200 [00:16<?, ?it/s, Train loss=2.27, Train acc=0.778, Test loss=1.83, Test acc=0.678]
  0%|          | 1/200 [00:16<55:28, 16.73s/it, Train loss=2.27, Train acc=0.778, Test loss=1.83, Test acc=0.678]
  0%|          | 1/200 [00:33<55:28, 16.73s/it, Train loss=1.81, Train acc=0.689, Test loss=1.81, Test acc=0.679]
  1%|          | 2/200 [00:33<54:27, 16.50s/it, Train loss=1.81, Train acc=0.689, Test loss=1.81, Test acc=0.679]
  1%|          | 2/200 [00:49<54:27, 16.50s/it, Train loss=1.69, Train acc=0.638, Test loss=1.64, Test acc=0.646]
  2%|▏         | 3/200 [00:49<54:03, 16.46s/it, Train loss=1.69, Train acc=0.638, Test loss=1.64, Test acc=0.646]
  2%|▏         | 3/200 [01:05<54:03, 16.46s/it, Train loss=1.6, Train acc=0.601, Test loss=1.61, Test acc=0.626] 
  2%|▏         | 4/200 [01:05<53:43, 16.45s/it, Train loss=1.6, Train acc=0.601, Test loss=1.61, Test acc=0.626]
  2%|▏         | 4/200 [01:22<53:43, 16.45s/it, Train loss=1.51, Train acc=0.563, Test loss=1.5, Test acc=0.572]
  2%|▎         | 5/200 [01:22<53:31, 16.47s/it, Train loss=1.51, Train acc=0.563, Test loss=1.5, Test acc=0.572]
  2%|▎         | 5/200 [01:38<53:31, 16.47s/it, Train loss=1.45, Train acc=0.539, Test loss=1.52, Test acc=0.59]
  3%|▎         | 6/200 [01:38<53:18, 16.48s/it, Train loss=1.45, Train acc=0.539, Test loss=1.52, Test acc=0.59]
  3%|▎         | 6/200 [01:55<53:18, 16.48s/it, Train loss=1.38, Train acc=0.508, Test loss=1.38, Test acc=0.533]
  4%|▎         | 7/200 [01:55<52:54, 16.45s/it, Train loss=1.38, Train acc=0.508, Test loss=1.38, Test acc=0.533]
  4%|▎         | 7/200 [02:11<52:54, 16.45s/it, Train loss=1.31, Train acc=0.484, Test loss=1.3, Test acc=0.48]  
  4%|▍         | 8/200 [02:11<52:32, 16.42s/it, Train loss=1.31, Train acc=0.484, Test loss=1.3, Test acc=0.48]
  4%|▍         | 8/200 [02:28<52:32, 16.42s/it, Train loss=1.25, Train acc=0.46, Test loss=1.24, Test acc=0.458]
  4%|▍         | 9/200 [02:28<52:14, 16.41s/it, Train loss=1.25, Train acc=0.46, Test loss=1.24, Test acc=0.458]
  4%|▍         | 9/200 [02:44<52:14, 16.41s/it, Train loss=1.19, Train acc=0.433, Test loss=1.25, Test acc=0.451]
  5%|▌         | 10/200 [02:44<51:56, 16.40s/it, Train loss=1.19, Train acc=0.433, Test loss=1.25, Test acc=0.451]
  5%|▌         | 10/200 [03:00<51:56, 16.40s/it, Train loss=1.15, Train acc=0.414, Test loss=1.2, Test acc=0.434] 
  6%|▌         | 11/200 [03:00<51:36, 16.38s/it, Train loss=1.15, Train acc=0.414, Test loss=1.2, Test acc=0.434]
  6%|▌         | 11/200 [03:17<51:36, 16.38s/it, Train loss=1.1, Train acc=0.395, Test loss=1.46, Test acc=0.518]
  6%|▌         | 12/200 [03:17<51:15, 16.36s/it, Train loss=1.1, Train acc=0.395, Test loss=1.46, Test acc=0.518]
  6%|▌         | 12/200 [03:33<51:15, 16.36s/it, Train loss=1.04, Train acc=0.372, Test loss=1.07, Test acc=0.398]
  6%|▋         | 13/200 [03:33<51:01, 16.37s/it, Train loss=1.04, Train acc=0.372, Test loss=1.07, Test acc=0.398]
  6%|▋         | 13/200 [03:49<51:01, 16.37s/it, Train loss=0.994, Train acc=0.354, Test loss=1.11, Test acc=0.387]
  7%|▋         | 14/200 [03:49<50:41, 16.35s/it, Train loss=0.994, Train acc=0.354, Test loss=1.11, Test acc=0.387]
  7%|▋         | 14/200 [04:06<50:41, 16.35s/it, Train loss=0.961, Train acc=0.343, Test loss=1.01, Test acc=0.365]
  8%|▊         | 15/200 [04:06<50:23, 16.34s/it, Train loss=0.961, Train acc=0.343, Test loss=1.01, Test acc=0.365]
  8%|▊         | 15/200 [04:22<50:23, 16.34s/it, Train loss=0.909, Train acc=0.321, Test loss=1.46, Test acc=0.485]
  8%|▊         | 16/200 [04:22<50:07, 16.34s/it, Train loss=0.909, Train acc=0.321, Test loss=1.46, Test acc=0.485]
  8%|▊         | 16/200 [04:38<50:07, 16.34s/it, Train loss=0.876, Train acc=0.309, Test loss=1.06, Test acc=0.38] 
  8%|▊         | 17/200 [04:38<49:48, 16.33s/it, Train loss=0.876, Train acc=0.309, Test loss=1.06, Test acc=0.38]
  8%|▊         | 17/200 [04:55<49:48, 16.33s/it, Train loss=0.831, Train acc=0.293, Test loss=0.923, Test acc=0.33]
  9%|▉         | 18/200 [04:55<49:31, 16.33s/it, Train loss=0.831, Train acc=0.293, Test loss=0.923, Test acc=0.33]
  9%|▉         | 18/200 [05:11<49:31, 16.33s/it, Train loss=0.799, Train acc=0.282, Test loss=0.93, Test acc=0.332]
 10%|▉         | 19/200 [05:11<49:15, 16.33s/it, Train loss=0.799, Train acc=0.282, Test loss=0.93, Test acc=0.332]
 10%|▉         | 19/200 [05:27<49:15, 16.33s/it, Train loss=0.765, Train acc=0.268, Test loss=0.955, Test acc=0.334]
 10%|█         | 20/200 [05:27<49:04, 16.36s/it, Train loss=0.765, Train acc=0.268, Test loss=0.955, Test acc=0.334]
 10%|█         | 20/200 [05:44<49:04, 16.36s/it, Train loss=0.735, Train acc=0.257, Test loss=0.947, Test acc=0.333]
 10%|█         | 21/200 [05:44<48:50, 16.37s/it, Train loss=0.735, Train acc=0.257, Test loss=0.947, Test acc=0.333]
 10%|█         | 21/200 [06:00<48:50, 16.37s/it, Train loss=0.7, Train acc=0.245, Test loss=0.888, Test acc=0.32]   
 11%|█         | 22/200 [06:00<48:33, 16.37s/it, Train loss=0.7, Train acc=0.245, Test loss=0.888, Test acc=0.32]
 11%|█         | 22/200 [06:16<48:33, 16.37s/it, Train loss=0.677, Train acc=0.236, Test loss=0.699, Test acc=0.247]
 12%|█▏        | 23/200 [06:16<48:15, 16.36s/it, Train loss=0.677, Train acc=0.236, Test loss=0.699, Test acc=0.247]
 12%|█▏        | 23/200 [06:33<48:15, 16.36s/it, Train loss=0.652, Train acc=0.226, Test loss=0.864, Test acc=0.302]
 12%|█▏        | 24/200 [06:33<47:59, 16.36s/it, Train loss=0.652, Train acc=0.226, Test loss=0.864, Test acc=0.302]
 12%|█▏        | 24/200 [06:49<47:59, 16.36s/it, Train loss=0.632, Train acc=0.22, Test loss=0.689, Test acc=0.248] 
 12%|█▎        | 25/200 [06:49<47:42, 16.35s/it, Train loss=0.632, Train acc=0.22, Test loss=0.689, Test acc=0.248]
 12%|█▎        | 25/200 [07:06<47:42, 16.35s/it, Train loss=0.61, Train acc=0.213, Test loss=0.748, Test acc=0.264]
 13%|█▎        | 26/200 [07:06<47:30, 16.38s/it, Train loss=0.61, Train acc=0.213, Test loss=0.748, Test acc=0.264]
 13%|█▎        | 26/200 [07:22<47:30, 16.38s/it, Train loss=0.587, Train acc=0.203, Test loss=0.786, Test acc=0.275]
 14%|█▎        | 27/200 [07:22<47:10, 16.36s/it, Train loss=0.587, Train acc=0.203, Test loss=0.786, Test acc=0.275]
 14%|█▎        | 27/200 [07:38<47:10, 16.36s/it, Train loss=0.57, Train acc=0.197, Test loss=0.64, Test acc=0.217]  
 14%|█▍        | 28/200 [07:38<46:53, 16.36s/it, Train loss=0.57, Train acc=0.197, Test loss=0.64, Test acc=0.217]
 14%|█▍        | 28/200 [07:55<46:53, 16.36s/it, Train loss=0.558, Train acc=0.195, Test loss=0.871, Test acc=0.308]
 14%|█▍        | 29/200 [07:55<46:35, 16.35s/it, Train loss=0.558, Train acc=0.195, Test loss=0.871, Test acc=0.308]
 14%|█▍        | 29/200 [08:11<46:35, 16.35s/it, Train loss=0.536, Train acc=0.185, Test loss=0.691, Test acc=0.241]
 15%|█▌        | 30/200 [08:11<46:18, 16.34s/it, Train loss=0.536, Train acc=0.185, Test loss=0.691, Test acc=0.241]
 15%|█▌        | 30/200 [08:27<46:18, 16.34s/it, Train loss=0.521, Train acc=0.182, Test loss=0.627, Test acc=0.22] 
 16%|█▌        | 31/200 [08:27<45:59, 16.33s/it, Train loss=0.521, Train acc=0.182, Test loss=0.627, Test acc=0.22]
 16%|█▌        | 31/200 [08:44<45:59, 16.33s/it, Train loss=0.507, Train acc=0.177, Test loss=0.619, Test acc=0.212]
 16%|█▌        | 32/200 [08:44<45:43, 16.33s/it, Train loss=0.507, Train acc=0.177, Test loss=0.619, Test acc=0.212]
 16%|█▌        | 32/200 [09:00<45:43, 16.33s/it, Train loss=0.495, Train acc=0.172, Test loss=0.632, Test acc=0.219]
 16%|█▋        | 33/200 [09:00<45:31, 16.35s/it, Train loss=0.495, Train acc=0.172, Test loss=0.632, Test acc=0.219]
 16%|█▋        | 33/200 [09:16<45:31, 16.35s/it, Train loss=0.485, Train acc=0.17, Test loss=0.627, Test acc=0.221] 
 17%|█▋        | 34/200 [09:16<45:09, 16.32s/it, Train loss=0.485, Train acc=0.17, Test loss=0.627, Test acc=0.221]
 17%|█▋        | 34/200 [09:33<45:09, 16.32s/it, Train loss=0.468, Train acc=0.166, Test loss=0.568, Test acc=0.195]
 18%|█▊        | 35/200 [09:33<44:52, 16.32s/it, Train loss=0.468, Train acc=0.166, Test loss=0.568, Test acc=0.195]
 18%|█▊        | 35/200 [09:49<44:52, 16.32s/it, Train loss=0.46, Train acc=0.161, Test loss=0.738, Test acc=0.242] 
 18%|█▊        | 36/200 [09:49<44:35, 16.31s/it, Train loss=0.46, Train acc=0.161, Test loss=0.738, Test acc=0.242]
 18%|█▊        | 36/200 [10:05<44:35, 16.31s/it, Train loss=0.448, Train acc=0.156, Test loss=0.684, Test acc=0.236]
 18%|█▊        | 37/200 [10:05<44:17, 16.30s/it, Train loss=0.448, Train acc=0.156, Test loss=0.684, Test acc=0.236]
 18%|█▊        | 37/200 [10:21<44:17, 16.30s/it, Train loss=0.433, Train acc=0.151, Test loss=0.676, Test acc=0.236]
 19%|█▉        | 38/200 [10:21<43:59, 16.29s/it, Train loss=0.433, Train acc=0.151, Test loss=0.676, Test acc=0.236]
 19%|█▉        | 38/200 [10:38<43:59, 16.29s/it, Train loss=0.424, Train acc=0.148, Test loss=0.624, Test acc=0.212]
 20%|█▉        | 39/200 [10:38<43:43, 16.29s/it, Train loss=0.424, Train acc=0.148, Test loss=0.624, Test acc=0.212]
 20%|█▉        | 39/200 [10:54<43:43, 16.29s/it, Train loss=0.415, Train acc=0.144, Test loss=0.602, Test acc=0.203]
 20%|██        | 40/200 [10:54<43:32, 16.33s/it, Train loss=0.415, Train acc=0.144, Test loss=0.602, Test acc=0.203]
 20%|██        | 40/200 [11:10<43:32, 16.33s/it, Train loss=0.407, Train acc=0.142, Test loss=0.491, Test acc=0.174]
 20%|██        | 41/200 [11:10<43:13, 16.31s/it, Train loss=0.407, Train acc=0.142, Test loss=0.491, Test acc=0.174]
 20%|██        | 41/200 [11:27<43:13, 16.31s/it, Train loss=0.398, Train acc=0.139, Test loss=0.549, Test acc=0.185]
 21%|██        | 42/200 [11:27<42:56, 16.31s/it, Train loss=0.398, Train acc=0.139, Test loss=0.549, Test acc=0.185]
 21%|██        | 42/200 [11:43<42:56, 16.31s/it, Train loss=0.39, Train acc=0.137, Test loss=0.544, Test acc=0.189] 
 22%|██▏       | 43/200 [11:43<42:38, 16.30s/it, Train loss=0.39, Train acc=0.137, Test loss=0.544, Test acc=0.189]
 22%|██▏       | 43/200 [11:59<42:38, 16.30s/it, Train loss=0.381, Train acc=0.132, Test loss=0.548, Test acc=0.188]
 22%|██▏       | 44/200 [11:59<42:19, 16.28s/it, Train loss=0.381, Train acc=0.132, Test loss=0.548, Test acc=0.188]
 22%|██▏       | 44/200 [12:15<42:19, 16.28s/it, Train loss=0.369, Train acc=0.129, Test loss=0.472, Test acc=0.163]
 22%|██▎       | 45/200 [12:15<42:02, 16.28s/it, Train loss=0.369, Train acc=0.129, Test loss=0.472, Test acc=0.163]
 22%|██▎       | 45/200 [12:32<42:02, 16.28s/it, Train loss=0.362, Train acc=0.127, Test loss=0.611, Test acc=0.201]
 23%|██▎       | 46/200 [12:32<41:46, 16.28s/it, Train loss=0.362, Train acc=0.127, Test loss=0.611, Test acc=0.201]
 23%|██▎       | 46/200 [12:48<41:46, 16.28s/it, Train loss=0.356, Train acc=0.125, Test loss=0.522, Test acc=0.175]
 24%|██▎       | 47/200 [12:48<41:33, 16.30s/it, Train loss=0.356, Train acc=0.125, Test loss=0.522, Test acc=0.175]
 24%|██▎       | 47/200 [13:04<41:33, 16.30s/it, Train loss=0.348, Train acc=0.121, Test loss=0.479, Test acc=0.163]
 24%|██▍       | 48/200 [13:04<41:15, 16.29s/it, Train loss=0.348, Train acc=0.121, Test loss=0.479, Test acc=0.163]
 24%|██▍       | 48/200 [13:21<41:15, 16.29s/it, Train loss=0.343, Train acc=0.121, Test loss=0.526, Test acc=0.179]
 24%|██▍       | 49/200 [13:21<41:01, 16.30s/it, Train loss=0.343, Train acc=0.121, Test loss=0.526, Test acc=0.179]
 24%|██▍       | 49/200 [13:37<41:01, 16.30s/it, Train loss=0.333, Train acc=0.115, Test loss=0.47, Test acc=0.16]  
 25%|██▌       | 50/200 [13:37<40:44, 16.29s/it, Train loss=0.333, Train acc=0.115, Test loss=0.47, Test acc=0.16]
 25%|██▌       | 50/200 [13:53<40:44, 16.29s/it, Train loss=0.325, Train acc=0.114, Test loss=0.463, Test acc=0.157]
 26%|██▌       | 51/200 [13:53<40:26, 16.28s/it, Train loss=0.325, Train acc=0.114, Test loss=0.463, Test acc=0.157]
 26%|██▌       | 51/200 [14:09<40:26, 16.28s/it, Train loss=0.317, Train acc=0.111, Test loss=0.522, Test acc=0.174]
 26%|██▌       | 52/200 [14:09<40:09, 16.28s/it, Train loss=0.317, Train acc=0.111, Test loss=0.522, Test acc=0.174]
 26%|██▌       | 52/200 [14:26<40:09, 16.28s/it, Train loss=0.313, Train acc=0.109, Test loss=0.607, Test acc=0.182]
 26%|██▋       | 53/200 [14:26<39:50, 16.27s/it, Train loss=0.313, Train acc=0.109, Test loss=0.607, Test acc=0.182]
 26%|██▋       | 53/200 [14:42<39:50, 16.27s/it, Train loss=0.305, Train acc=0.107, Test loss=0.462, Test acc=0.153]
 27%|██▋       | 54/200 [14:42<39:37, 16.29s/it, Train loss=0.305, Train acc=0.107, Test loss=0.462, Test acc=0.153]
 27%|██▋       | 54/200 [14:58<39:37, 16.29s/it, Train loss=0.298, Train acc=0.105, Test loss=0.445, Test acc=0.151]
 28%|██▊       | 55/200 [14:58<39:20, 16.28s/it, Train loss=0.298, Train acc=0.105, Test loss=0.445, Test acc=0.151]
 28%|██▊       | 55/200 [15:15<39:20, 16.28s/it, Train loss=0.292, Train acc=0.102, Test loss=0.488, Test acc=0.163]
 28%|██▊       | 56/200 [15:15<39:03, 16.28s/it, Train loss=0.292, Train acc=0.102, Test loss=0.488, Test acc=0.163]
 28%|██▊       | 56/200 [15:31<39:03, 16.28s/it, Train loss=0.286, Train acc=0.0993, Test loss=0.484, Test acc=0.164]
 28%|██▊       | 57/200 [15:31<38:46, 16.27s/it, Train loss=0.286, Train acc=0.0993, Test loss=0.484, Test acc=0.164]
 28%|██▊       | 57/200 [15:47<38:46, 16.27s/it, Train loss=0.28, Train acc=0.0983, Test loss=0.42, Test acc=0.147]  
 29%|██▉       | 58/200 [15:47<38:28, 16.26s/it, Train loss=0.28, Train acc=0.0983, Test loss=0.42, Test acc=0.147]
 29%|██▉       | 58/200 [16:03<38:28, 16.26s/it, Train loss=0.274, Train acc=0.0968, Test loss=0.513, Test acc=0.167]
 30%|██▉       | 59/200 [16:03<38:13, 16.26s/it, Train loss=0.274, Train acc=0.0968, Test loss=0.513, Test acc=0.167]
 30%|██▉       | 59/200 [16:20<38:13, 16.26s/it, Train loss=0.269, Train acc=0.0949, Test loss=0.511, Test acc=0.165]
 30%|███       | 60/200 [16:20<38:00, 16.29s/it, Train loss=0.269, Train acc=0.0949, Test loss=0.511, Test acc=0.165]
 30%|███       | 60/200 [16:36<38:00, 16.29s/it, Train loss=0.262, Train acc=0.0931, Test loss=0.439, Test acc=0.145]
 30%|███       | 61/200 [16:36<37:47, 16.31s/it, Train loss=0.262, Train acc=0.0931, Test loss=0.439, Test acc=0.145]
 30%|███       | 61/200 [16:52<37:47, 16.31s/it, Train loss=0.254, Train acc=0.0905, Test loss=0.397, Test acc=0.132]
 31%|███       | 62/200 [16:52<37:27, 16.29s/it, Train loss=0.254, Train acc=0.0905, Test loss=0.397, Test acc=0.132]
 31%|███       | 62/200 [17:09<37:27, 16.29s/it, Train loss=0.254, Train acc=0.089, Test loss=0.43, Test acc=0.143]  
 32%|███▏      | 63/200 [17:09<37:12, 16.30s/it, Train loss=0.254, Train acc=0.089, Test loss=0.43, Test acc=0.143]
 32%|███▏      | 63/200 [17:25<37:12, 16.30s/it, Train loss=0.249, Train acc=0.088, Test loss=0.442, Test acc=0.146]
 32%|███▏      | 64/200 [17:25<36:55, 16.29s/it, Train loss=0.249, Train acc=0.088, Test loss=0.442, Test acc=0.146]
 32%|███▏      | 64/200 [17:41<36:55, 16.29s/it, Train loss=0.246, Train acc=0.0861, Test loss=0.466, Test acc=0.149]
 32%|███▎      | 65/200 [17:41<36:45, 16.34s/it, Train loss=0.246, Train acc=0.0861, Test loss=0.466, Test acc=0.149]
 32%|███▎      | 65/200 [17:58<36:45, 16.34s/it, Train loss=0.236, Train acc=0.0828, Test loss=0.41, Test acc=0.135] 
 33%|███▎      | 66/200 [17:58<36:27, 16.32s/it, Train loss=0.236, Train acc=0.0828, Test loss=0.41, Test acc=0.135]
 33%|███▎      | 66/200 [18:14<36:27, 16.32s/it, Train loss=0.234, Train acc=0.083, Test loss=0.439, Test acc=0.147]
 34%|███▎      | 67/200 [18:14<36:12, 16.34s/it, Train loss=0.234, Train acc=0.083, Test loss=0.439, Test acc=0.147]
 34%|███▎      | 67/200 [18:30<36:12, 16.34s/it, Train loss=0.227, Train acc=0.0806, Test loss=0.445, Test acc=0.144]
 34%|███▍      | 68/200 [18:30<35:54, 16.32s/it, Train loss=0.227, Train acc=0.0806, Test loss=0.445, Test acc=0.144]
 34%|███▍      | 68/200 [18:46<35:54, 16.32s/it, Train loss=0.225, Train acc=0.0805, Test loss=0.435, Test acc=0.143]
 34%|███▍      | 69/200 [18:46<35:31, 16.27s/it, Train loss=0.225, Train acc=0.0805, Test loss=0.435, Test acc=0.143]
 34%|███▍      | 69/200 [19:03<35:31, 16.27s/it, Train loss=0.224, Train acc=0.0791, Test loss=0.404, Test acc=0.131]
 35%|███▌      | 70/200 [19:03<35:10, 16.23s/it, Train loss=0.224, Train acc=0.0791, Test loss=0.404, Test acc=0.131]
 35%|███▌      | 70/200 [19:19<35:10, 16.23s/it, Train loss=0.216, Train acc=0.0762, Test loss=0.382, Test acc=0.127]
 36%|███▌      | 71/200 [19:19<34:49, 16.20s/it, Train loss=0.216, Train acc=0.0762, Test loss=0.382, Test acc=0.127]
 36%|███▌      | 71/200 [19:35<34:49, 16.20s/it, Train loss=0.212, Train acc=0.0751, Test loss=0.447, Test acc=0.145]
 36%|███▌      | 72/200 [19:35<34:29, 16.16s/it, Train loss=0.212, Train acc=0.0751, Test loss=0.447, Test acc=0.145]
 36%|███▌      | 72/200 [19:51<34:29, 16.16s/it, Train loss=0.203, Train acc=0.0719, Test loss=0.473, Test acc=0.147]
 36%|███▋      | 73/200 [19:51<34:11, 16.15s/it, Train loss=0.203, Train acc=0.0719, Test loss=0.473, Test acc=0.147]
 36%|███▋      | 73/200 [20:07<34:11, 16.15s/it, Train loss=0.204, Train acc=0.0722, Test loss=0.435, Test acc=0.136]
 37%|███▋      | 74/200 [20:07<33:57, 16.17s/it, Train loss=0.204, Train acc=0.0722, Test loss=0.435, Test acc=0.136]
 37%|███▋      | 74/200 [20:23<33:57, 16.17s/it, Train loss=0.203, Train acc=0.073, Test loss=0.405, Test acc=0.131] 
 38%|███▊      | 75/200 [20:23<33:38, 16.15s/it, Train loss=0.203, Train acc=0.073, Test loss=0.405, Test acc=0.131]
 38%|███▊      | 75/200 [20:39<33:38, 16.15s/it, Train loss=0.192, Train acc=0.0694, Test loss=0.39, Test acc=0.125]
 38%|███▊      | 76/200 [20:39<33:20, 16.13s/it, Train loss=0.192, Train acc=0.0694, Test loss=0.39, Test acc=0.125]
 38%|███▊      | 76/200 [20:55<33:20, 16.13s/it, Train loss=0.185, Train acc=0.0646, Test loss=0.492, Test acc=0.16]
 38%|███▊      | 77/200 [20:55<33:05, 16.14s/it, Train loss=0.185, Train acc=0.0646, Test loss=0.492, Test acc=0.16]
 38%|███▊      | 77/200 [21:11<33:05, 16.14s/it, Train loss=0.186, Train acc=0.0651, Test loss=0.476, Test acc=0.142]
 39%|███▉      | 78/200 [21:11<32:46, 16.12s/it, Train loss=0.186, Train acc=0.0651, Test loss=0.476, Test acc=0.142]
 39%|███▉      | 78/200 [21:28<32:46, 16.12s/it, Train loss=0.184, Train acc=0.0647, Test loss=0.477, Test acc=0.143]
 40%|███▉      | 79/200 [21:28<32:30, 16.12s/it, Train loss=0.184, Train acc=0.0647, Test loss=0.477, Test acc=0.143]
 40%|███▉      | 79/200 [21:44<32:30, 16.12s/it, Train loss=0.18, Train acc=0.0632, Test loss=0.398, Test acc=0.127] 
 40%|████      | 80/200 [21:44<32:15, 16.13s/it, Train loss=0.18, Train acc=0.0632, Test loss=0.398, Test acc=0.127]
 40%|████      | 80/200 [22:00<32:15, 16.13s/it, Train loss=0.174, Train acc=0.0617, Test loss=0.453, Test acc=0.137]
 40%|████      | 81/200 [22:00<32:02, 16.16s/it, Train loss=0.174, Train acc=0.0617, Test loss=0.453, Test acc=0.137]
 40%|████      | 81/200 [22:16<32:02, 16.16s/it, Train loss=0.172, Train acc=0.0616, Test loss=0.382, Test acc=0.123]
 41%|████      | 82/200 [22:16<31:44, 16.14s/it, Train loss=0.172, Train acc=0.0616, Test loss=0.382, Test acc=0.123]
 41%|████      | 82/200 [22:32<31:44, 16.14s/it, Train loss=0.166, Train acc=0.0577, Test loss=0.423, Test acc=0.129]
 42%|████▏     | 83/200 [22:32<31:26, 16.12s/it, Train loss=0.166, Train acc=0.0577, Test loss=0.423, Test acc=0.129]
 42%|████▏     | 83/200 [22:48<31:26, 16.12s/it, Train loss=0.161, Train acc=0.0563, Test loss=0.371, Test acc=0.116]
 42%|████▏     | 84/200 [22:48<31:12, 16.14s/it, Train loss=0.161, Train acc=0.0563, Test loss=0.371, Test acc=0.116]
 42%|████▏     | 84/200 [23:05<31:12, 16.14s/it, Train loss=0.155, Train acc=0.0549, Test loss=0.379, Test acc=0.116]
 42%|████▎     | 85/200 [23:05<30:56, 16.14s/it, Train loss=0.155, Train acc=0.0549, Test loss=0.379, Test acc=0.116]
 42%|████▎     | 85/200 [23:21<30:56, 16.14s/it, Train loss=0.155, Train acc=0.0551, Test loss=0.374, Test acc=0.117]
 43%|████▎     | 86/200 [23:21<30:38, 16.12s/it, Train loss=0.155, Train acc=0.0551, Test loss=0.374, Test acc=0.117]
 43%|████▎     | 86/200 [23:37<30:38, 16.12s/it, Train loss=0.155, Train acc=0.0548, Test loss=0.44, Test acc=0.132] 
 44%|████▎     | 87/200 [23:37<30:20, 16.11s/it, Train loss=0.155, Train acc=0.0548, Test loss=0.44, Test acc=0.132]
 44%|████▎     | 87/200 [23:53<30:20, 16.11s/it, Train loss=0.147, Train acc=0.0523, Test loss=0.412, Test acc=0.127]
 44%|████▍     | 88/200 [23:53<30:07, 16.14s/it, Train loss=0.147, Train acc=0.0523, Test loss=0.412, Test acc=0.127]
 44%|████▍     | 88/200 [24:09<30:07, 16.14s/it, Train loss=0.145, Train acc=0.0516, Test loss=0.396, Test acc=0.116]
 44%|████▍     | 89/200 [24:09<29:50, 16.13s/it, Train loss=0.145, Train acc=0.0516, Test loss=0.396, Test acc=0.116]
 44%|████▍     | 89/200 [24:25<29:50, 16.13s/it, Train loss=0.141, Train acc=0.0496, Test loss=0.373, Test acc=0.117]
 45%|████▌     | 90/200 [24:25<29:33, 16.12s/it, Train loss=0.141, Train acc=0.0496, Test loss=0.373, Test acc=0.117]
 45%|████▌     | 90/200 [24:41<29:33, 16.12s/it, Train loss=0.141, Train acc=0.0494, Test loss=0.377, Test acc=0.116]
 46%|████▌     | 91/200 [24:41<29:16, 16.12s/it, Train loss=0.141, Train acc=0.0494, Test loss=0.377, Test acc=0.116]
 46%|████▌     | 91/200 [24:57<29:16, 16.12s/it, Train loss=0.135, Train acc=0.0476, Test loss=0.394, Test acc=0.121]
 46%|████▌     | 92/200 [24:57<28:59, 16.11s/it, Train loss=0.135, Train acc=0.0476, Test loss=0.394, Test acc=0.121]
 46%|████▌     | 92/200 [25:13<28:59, 16.11s/it, Train loss=0.131, Train acc=0.0471, Test loss=0.378, Test acc=0.116]
 46%|████▋     | 93/200 [25:13<28:44, 16.11s/it, Train loss=0.131, Train acc=0.0471, Test loss=0.378, Test acc=0.116]
 46%|████▋     | 93/200 [25:29<28:44, 16.11s/it, Train loss=0.131, Train acc=0.0455, Test loss=0.433, Test acc=0.127]
 47%|████▋     | 94/200 [25:29<28:26, 16.10s/it, Train loss=0.131, Train acc=0.0455, Test loss=0.433, Test acc=0.127]
 47%|████▋     | 94/200 [25:46<28:26, 16.10s/it, Train loss=0.128, Train acc=0.0446, Test loss=0.396, Test acc=0.113]
 48%|████▊     | 95/200 [25:46<28:13, 16.13s/it, Train loss=0.128, Train acc=0.0446, Test loss=0.396, Test acc=0.113]
 48%|████▊     | 95/200 [26:02<28:13, 16.13s/it, Train loss=0.127, Train acc=0.0466, Test loss=0.415, Test acc=0.119]
 48%|████▊     | 96/200 [26:02<27:56, 16.12s/it, Train loss=0.127, Train acc=0.0466, Test loss=0.415, Test acc=0.119]
 48%|████▊     | 96/200 [26:18<27:56, 16.12s/it, Train loss=0.123, Train acc=0.0439, Test loss=0.378, Test acc=0.111]
 48%|████▊     | 97/200 [26:18<27:38, 16.10s/it, Train loss=0.123, Train acc=0.0439, Test loss=0.378, Test acc=0.111]
 48%|████▊     | 97/200 [26:34<27:38, 16.10s/it, Train loss=0.117, Train acc=0.0412, Test loss=0.375, Test acc=0.109]
 49%|████▉     | 98/200 [26:34<27:21, 16.10s/it, Train loss=0.117, Train acc=0.0412, Test loss=0.375, Test acc=0.109]
 49%|████▉     | 98/200 [26:50<27:21, 16.10s/it, Train loss=0.117, Train acc=0.0419, Test loss=0.368, Test acc=0.108]
 50%|████▉     | 99/200 [26:50<27:05, 16.09s/it, Train loss=0.117, Train acc=0.0419, Test loss=0.368, Test acc=0.108]
 50%|████▉     | 99/200 [27:06<27:05, 16.09s/it, Train loss=0.115, Train acc=0.0404, Test loss=0.39, Test acc=0.113] 
 50%|█████     | 100/200 [27:06<26:49, 16.09s/it, Train loss=0.115, Train acc=0.0404, Test loss=0.39, Test acc=0.113]
 50%|█████     | 100/200 [27:22<26:49, 16.09s/it, Train loss=0.111, Train acc=0.0394, Test loss=0.352, Test acc=0.104]
 50%|█████     | 101/200 [27:22<26:35, 16.12s/it, Train loss=0.111, Train acc=0.0394, Test loss=0.352, Test acc=0.104]
 50%|█████     | 101/200 [27:38<26:35, 16.12s/it, Train loss=0.104, Train acc=0.0371, Test loss=0.42, Test acc=0.119] 
 51%|█████     | 102/200 [27:38<26:19, 16.11s/it, Train loss=0.104, Train acc=0.0371, Test loss=0.42, Test acc=0.119]
 51%|█████     | 102/200 [27:54<26:19, 16.11s/it, Train loss=0.103, Train acc=0.036, Test loss=0.373, Test acc=0.105]
 52%|█████▏    | 103/200 [27:54<26:01, 16.09s/it, Train loss=0.103, Train acc=0.036, Test loss=0.373, Test acc=0.105]
 52%|█████▏    | 103/200 [28:11<26:01, 16.09s/it, Train loss=0.101, Train acc=0.0356, Test loss=0.381, Test acc=0.111]
 52%|█████▏    | 104/200 [28:11<25:45, 16.10s/it, Train loss=0.101, Train acc=0.0356, Test loss=0.381, Test acc=0.111]
 52%|█████▏    | 104/200 [28:27<25:45, 16.10s/it, Train loss=0.1, Train acc=0.0354, Test loss=0.361, Test acc=0.105]  
 52%|█████▎    | 105/200 [28:27<25:34, 16.15s/it, Train loss=0.1, Train acc=0.0354, Test loss=0.361, Test acc=0.105]
 52%|█████▎    | 105/200 [28:43<25:34, 16.15s/it, Train loss=0.097, Train acc=0.0339, Test loss=0.349, Test acc=0.101]
 53%|█████▎    | 106/200 [28:43<25:16, 16.14s/it, Train loss=0.097, Train acc=0.0339, Test loss=0.349, Test acc=0.101]
 53%|█████▎    | 106/200 [28:59<25:16, 16.14s/it, Train loss=0.0946, Train acc=0.0325, Test loss=0.38, Test acc=0.105]
 54%|█████▎    | 107/200 [28:59<24:59, 16.12s/it, Train loss=0.0946, Train acc=0.0325, Test loss=0.38, Test acc=0.105]
 54%|█████▎    | 107/200 [29:15<24:59, 16.12s/it, Train loss=0.089, Train acc=0.0309, Test loss=0.348, Test acc=0.102]
 54%|█████▍    | 108/200 [29:15<24:44, 16.13s/it, Train loss=0.089, Train acc=0.0309, Test loss=0.348, Test acc=0.102]
 54%|█████▍    | 108/200 [29:31<24:44, 16.13s/it, Train loss=0.088, Train acc=0.0312, Test loss=0.355, Test acc=0.101]
 55%|█████▍    | 109/200 [29:31<24:27, 16.13s/it, Train loss=0.088, Train acc=0.0312, Test loss=0.355, Test acc=0.101]
 55%|█████▍    | 109/200 [29:47<24:27, 16.13s/it, Train loss=0.0857, Train acc=0.0297, Test loss=0.376, Test acc=0.105]
 55%|█████▌    | 110/200 [29:47<24:10, 16.12s/it, Train loss=0.0857, Train acc=0.0297, Test loss=0.376, Test acc=0.105]
 55%|█████▌    | 110/200 [30:03<24:10, 16.12s/it, Train loss=0.0831, Train acc=0.029, Test loss=0.362, Test acc=0.0992]
 56%|█████▌    | 111/200 [30:03<23:53, 16.11s/it, Train loss=0.0831, Train acc=0.029, Test loss=0.362, Test acc=0.0992]
 56%|█████▌    | 111/200 [30:20<23:53, 16.11s/it, Train loss=0.0821, Train acc=0.0286, Test loss=0.359, Test acc=0.0985]
 56%|█████▌    | 112/200 [30:20<23:37, 16.11s/it, Train loss=0.0821, Train acc=0.0286, Test loss=0.359, Test acc=0.0985]
 56%|█████▌    | 112/200 [30:36<23:37, 16.11s/it, Train loss=0.0804, Train acc=0.0287, Test loss=0.366, Test acc=0.102] 
 56%|█████▋    | 113/200 [30:36<23:20, 16.10s/it, Train loss=0.0804, Train acc=0.0287, Test loss=0.366, Test acc=0.102]
 56%|█████▋    | 113/200 [30:52<23:20, 16.10s/it, Train loss=0.0811, Train acc=0.0284, Test loss=0.361, Test acc=0.1]  
 57%|█████▋    | 114/200 [30:52<23:04, 16.10s/it, Train loss=0.0811, Train acc=0.0284, Test loss=0.361, Test acc=0.1]
 57%|█████▋    | 114/200 [31:08<23:04, 16.10s/it, Train loss=0.0758, Train acc=0.0262, Test loss=0.368, Test acc=0.0994]
 57%|█████▊    | 115/200 [31:08<22:50, 16.12s/it, Train loss=0.0758, Train acc=0.0262, Test loss=0.368, Test acc=0.0994]
 57%|█████▊    | 115/200 [31:24<22:50, 16.12s/it, Train loss=0.0722, Train acc=0.025, Test loss=0.351, Test acc=0.0979] 
 58%|█████▊    | 116/200 [31:24<22:34, 16.12s/it, Train loss=0.0722, Train acc=0.025, Test loss=0.351, Test acc=0.0979]
 58%|█████▊    | 116/200 [31:40<22:34, 16.12s/it, Train loss=0.0716, Train acc=0.0248, Test loss=0.362, Test acc=0.0987]
 58%|█████▊    | 117/200 [31:40<22:19, 16.13s/it, Train loss=0.0716, Train acc=0.0248, Test loss=0.362, Test acc=0.0987]
 58%|█████▊    | 117/200 [31:56<22:19, 16.13s/it, Train loss=0.0678, Train acc=0.0232, Test loss=0.382, Test acc=0.106] 
 59%|█████▉    | 118/200 [31:56<22:01, 16.11s/it, Train loss=0.0678, Train acc=0.0232, Test loss=0.382, Test acc=0.106]
 59%|█████▉    | 118/200 [32:12<22:01, 16.11s/it, Train loss=0.0665, Train acc=0.0231, Test loss=0.356, Test acc=0.0977]
 60%|█████▉    | 119/200 [32:12<21:45, 16.12s/it, Train loss=0.0665, Train acc=0.0231, Test loss=0.356, Test acc=0.0977]
 60%|█████▉    | 119/200 [32:28<21:45, 16.12s/it, Train loss=0.065, Train acc=0.0222, Test loss=0.357, Test acc=0.0974] 
 60%|██████    | 120/200 [32:28<21:28, 16.11s/it, Train loss=0.065, Train acc=0.0222, Test loss=0.357, Test acc=0.0974]
 60%|██████    | 120/200 [32:45<21:28, 16.11s/it, Train loss=0.065, Train acc=0.0224, Test loss=0.375, Test acc=0.102] 
 60%|██████    | 121/200 [32:45<21:12, 16.11s/it, Train loss=0.065, Train acc=0.0224, Test loss=0.375, Test acc=0.102]
 60%|██████    | 121/200 [33:01<21:12, 16.11s/it, Train loss=0.0621, Train acc=0.0212, Test loss=0.374, Test acc=0.0995]
 61%|██████    | 122/200 [33:01<20:58, 16.14s/it, Train loss=0.0621, Train acc=0.0212, Test loss=0.374, Test acc=0.0995]
 61%|██████    | 122/200 [33:17<20:58, 16.14s/it, Train loss=0.0591, Train acc=0.0203, Test loss=0.397, Test acc=0.0996]
 62%|██████▏   | 123/200 [33:17<20:44, 16.16s/it, Train loss=0.0591, Train acc=0.0203, Test loss=0.397, Test acc=0.0996]
 62%|██████▏   | 123/200 [33:33<20:44, 16.16s/it, Train loss=0.0594, Train acc=0.0197, Test loss=0.362, Test acc=0.0973]
 62%|██████▏   | 124/200 [33:33<20:26, 16.14s/it, Train loss=0.0594, Train acc=0.0197, Test loss=0.362, Test acc=0.0973]
 62%|██████▏   | 124/200 [33:49<20:26, 16.14s/it, Train loss=0.0588, Train acc=0.0204, Test loss=0.366, Test acc=0.0938]
 62%|██████▎   | 125/200 [33:49<20:09, 16.13s/it, Train loss=0.0588, Train acc=0.0204, Test loss=0.366, Test acc=0.0938]
 62%|██████▎   | 125/200 [34:05<20:09, 16.13s/it, Train loss=0.054, Train acc=0.0181, Test loss=0.441, Test acc=0.112]  
 63%|██████▎   | 126/200 [34:05<19:53, 16.12s/it, Train loss=0.054, Train acc=0.0181, Test loss=0.441, Test acc=0.112]
 63%|██████▎   | 126/200 [34:21<19:53, 16.12s/it, Train loss=0.0531, Train acc=0.0174, Test loss=0.367, Test acc=0.0959]
 64%|██████▎   | 127/200 [34:21<19:35, 16.11s/it, Train loss=0.0531, Train acc=0.0174, Test loss=0.367, Test acc=0.0959]
 64%|██████▎   | 127/200 [34:37<19:35, 16.11s/it, Train loss=0.0503, Train acc=0.0167, Test loss=0.375, Test acc=0.0953]
 64%|██████▍   | 128/200 [34:37<19:19, 16.10s/it, Train loss=0.0503, Train acc=0.0167, Test loss=0.375, Test acc=0.0953]
 64%|██████▍   | 128/200 [34:54<19:19, 16.10s/it, Train loss=0.05, Train acc=0.017, Test loss=0.356, Test acc=0.0922]   
 64%|██████▍   | 129/200 [34:54<19:05, 16.13s/it, Train loss=0.05, Train acc=0.017, Test loss=0.356, Test acc=0.0922]
 64%|██████▍   | 129/200 [35:10<19:05, 16.13s/it, Train loss=0.0497, Train acc=0.0163, Test loss=0.357, Test acc=0.0927]
 65%|██████▌   | 130/200 [35:10<18:49, 16.13s/it, Train loss=0.0497, Train acc=0.0163, Test loss=0.357, Test acc=0.0927]
 65%|██████▌   | 130/200 [35:26<18:49, 16.13s/it, Train loss=0.046, Train acc=0.015, Test loss=0.363, Test acc=0.0921]  
 66%|██████▌   | 131/200 [35:26<18:31, 16.11s/it, Train loss=0.046, Train acc=0.015, Test loss=0.363, Test acc=0.0921]
 66%|██████▌   | 131/200 [35:42<18:31, 16.11s/it, Train loss=0.044, Train acc=0.0142, Test loss=0.376, Test acc=0.0933]
 66%|██████▌   | 132/200 [35:42<18:15, 16.11s/it, Train loss=0.044, Train acc=0.0142, Test loss=0.376, Test acc=0.0933]
 66%|██████▌   | 132/200 [35:58<18:15, 16.11s/it, Train loss=0.0423, Train acc=0.0142, Test loss=0.359, Test acc=0.0906]
 66%|██████▋   | 133/200 [35:58<17:59, 16.12s/it, Train loss=0.0423, Train acc=0.0142, Test loss=0.359, Test acc=0.0906]
 66%|██████▋   | 133/200 [36:14<17:59, 16.12s/it, Train loss=0.0404, Train acc=0.0129, Test loss=0.379, Test acc=0.0933]
 67%|██████▋   | 134/200 [36:14<17:43, 16.11s/it, Train loss=0.0404, Train acc=0.0129, Test loss=0.379, Test acc=0.0933]
 67%|██████▋   | 134/200 [36:30<17:43, 16.11s/it, Train loss=0.0401, Train acc=0.013, Test loss=0.363, Test acc=0.0909] 
 68%|██████▊   | 135/200 [36:30<17:27, 16.11s/it, Train loss=0.0401, Train acc=0.013, Test loss=0.363, Test acc=0.0909]
 68%|██████▊   | 135/200 [36:47<17:27, 16.11s/it, Train loss=0.0399, Train acc=0.0131, Test loss=0.373, Test acc=0.0927]
 68%|██████▊   | 136/200 [36:47<17:16, 16.19s/it, Train loss=0.0399, Train acc=0.0131, Test loss=0.373, Test acc=0.0927]
 68%|██████▊   | 136/200 [37:03<17:16, 16.19s/it, Train loss=0.0392, Train acc=0.0127, Test loss=0.364, Test acc=0.0904]
 68%|██████▊   | 137/200 [37:03<17:02, 16.22s/it, Train loss=0.0392, Train acc=0.0127, Test loss=0.364, Test acc=0.0904]
 68%|██████▊   | 137/200 [37:19<17:02, 16.22s/it, Train loss=0.036, Train acc=0.011, Test loss=0.366, Test acc=0.0906]  
 69%|██████▉   | 138/200 [37:19<16:44, 16.20s/it, Train loss=0.036, Train acc=0.011, Test loss=0.366, Test acc=0.0906]
 69%|██████▉   | 138/200 [37:35<16:44, 16.20s/it, Train loss=0.0351, Train acc=0.0113, Test loss=0.352, Test acc=0.088]
 70%|██████▉   | 139/200 [37:35<16:28, 16.20s/it, Train loss=0.0351, Train acc=0.0113, Test loss=0.352, Test acc=0.088]
 70%|██████▉   | 139/200 [37:51<16:28, 16.20s/it, Train loss=0.0328, Train acc=0.0105, Test loss=0.351, Test acc=0.0893]
 70%|███████   | 140/200 [37:51<16:11, 16.19s/it, Train loss=0.0328, Train acc=0.0105, Test loss=0.351, Test acc=0.0893]
 70%|███████   | 140/200 [38:08<16:11, 16.19s/it, Train loss=0.0328, Train acc=0.0101, Test loss=0.36, Test acc=0.0869] 
 70%|███████   | 141/200 [38:08<15:54, 16.17s/it, Train loss=0.0328, Train acc=0.0101, Test loss=0.36, Test acc=0.0869]
 70%|███████   | 141/200 [38:24<15:54, 16.17s/it, Train loss=0.0335, Train acc=0.0106, Test loss=0.358, Test acc=0.0887]
 71%|███████   | 142/200 [38:24<15:38, 16.18s/it, Train loss=0.0335, Train acc=0.0106, Test loss=0.358, Test acc=0.0887]
 71%|███████   | 142/200 [38:40<15:38, 16.18s/it, Train loss=0.0313, Train acc=0.00954, Test loss=0.364, Test acc=0.0882]
 72%|███████▏  | 143/200 [38:40<15:21, 16.16s/it, Train loss=0.0313, Train acc=0.00954, Test loss=0.364, Test acc=0.0882]
 72%|███████▏  | 143/200 [38:56<15:21, 16.16s/it, Train loss=0.0306, Train acc=0.00899, Test loss=0.357, Test acc=0.0878]
 72%|███████▏  | 144/200 [38:56<15:03, 16.14s/it, Train loss=0.0306, Train acc=0.00899, Test loss=0.357, Test acc=0.0878]
 72%|███████▏  | 144/200 [39:12<15:03, 16.14s/it, Train loss=0.0295, Train acc=0.00933, Test loss=0.372, Test acc=0.0914]
 72%|███████▎  | 145/200 [39:12<14:46, 16.12s/it, Train loss=0.0295, Train acc=0.00933, Test loss=0.372, Test acc=0.0914]
 72%|███████▎  | 145/200 [39:28<14:46, 16.12s/it, Train loss=0.0288, Train acc=0.00856, Test loss=0.356, Test acc=0.0867]
 73%|███████▎  | 146/200 [39:28<14:29, 16.11s/it, Train loss=0.0288, Train acc=0.00856, Test loss=0.356, Test acc=0.0867]
 73%|███████▎  | 146/200 [39:44<14:29, 16.11s/it, Train loss=0.0262, Train acc=0.00751, Test loss=0.355, Test acc=0.0863]
 74%|███████▎  | 147/200 [39:44<14:14, 16.13s/it, Train loss=0.0262, Train acc=0.00751, Test loss=0.355, Test acc=0.0863]
 74%|███████▎  | 147/200 [40:00<14:14, 16.13s/it, Train loss=0.0268, Train acc=0.00788, Test loss=0.36, Test acc=0.0862] 
 74%|███████▍  | 148/200 [40:00<13:57, 16.11s/it, Train loss=0.0268, Train acc=0.00788, Test loss=0.36, Test acc=0.0862]
 74%|███████▍  | 148/200 [40:17<13:57, 16.11s/it, Train loss=0.0265, Train acc=0.00797, Test loss=0.356, Test acc=0.0878]
 74%|███████▍  | 149/200 [40:17<13:42, 16.13s/it, Train loss=0.0265, Train acc=0.00797, Test loss=0.356, Test acc=0.0878]
 74%|███████▍  | 149/200 [40:33<13:42, 16.13s/it, Train loss=0.025, Train acc=0.00726, Test loss=0.361, Test acc=0.0846] 
 75%|███████▌  | 150/200 [40:33<13:25, 16.11s/it, Train loss=0.025, Train acc=0.00726, Test loss=0.361, Test acc=0.0846]
 75%|███████▌  | 150/200 [40:49<13:25, 16.11s/it, Train loss=0.0248, Train acc=0.00712, Test loss=0.355, Test acc=0.0836]
 76%|███████▌  | 151/200 [40:49<13:09, 16.12s/it, Train loss=0.0248, Train acc=0.00712, Test loss=0.355, Test acc=0.0836]
 76%|███████▌  | 151/200 [41:05<13:09, 16.12s/it, Train loss=0.0244, Train acc=0.00725, Test loss=0.351, Test acc=0.0841]
 76%|███████▌  | 152/200 [41:05<12:53, 16.12s/it, Train loss=0.0244, Train acc=0.00725, Test loss=0.351, Test acc=0.0841]
 76%|███████▌  | 152/200 [41:21<12:53, 16.12s/it, Train loss=0.024, Train acc=0.00705, Test loss=0.355, Test acc=0.0866] 
 76%|███████▋  | 153/200 [41:21<12:37, 16.11s/it, Train loss=0.024, Train acc=0.00705, Test loss=0.355, Test acc=0.0866]
 76%|███████▋  | 153/200 [41:37<12:37, 16.11s/it, Train loss=0.0232, Train acc=0.0063, Test loss=0.367, Test acc=0.0858]
 77%|███████▋  | 154/200 [41:37<12:21, 16.11s/it, Train loss=0.0232, Train acc=0.0063, Test loss=0.367, Test acc=0.0858]
 77%|███████▋  | 154/200 [41:53<12:21, 16.11s/it, Train loss=0.0225, Train acc=0.00605, Test loss=0.359, Test acc=0.0847]
 78%|███████▊  | 155/200 [41:53<12:05, 16.12s/it, Train loss=0.0225, Train acc=0.00605, Test loss=0.359, Test acc=0.0847]
 78%|███████▊  | 155/200 [42:10<12:05, 16.12s/it, Train loss=0.0214, Train acc=0.00593, Test loss=0.359, Test acc=0.084] 
 78%|███████▊  | 156/200 [42:10<11:50, 16.16s/it, Train loss=0.0214, Train acc=0.00593, Test loss=0.359, Test acc=0.084]
 78%|███████▊  | 156/200 [42:26<11:50, 16.16s/it, Train loss=0.0206, Train acc=0.0057, Test loss=0.36, Test acc=0.0853] 
 78%|███████▊  | 157/200 [42:26<11:37, 16.23s/it, Train loss=0.0206, Train acc=0.0057, Test loss=0.36, Test acc=0.0853]
 78%|███████▊  | 157/200 [42:42<11:37, 16.23s/it, Train loss=0.0201, Train acc=0.00555, Test loss=0.359, Test acc=0.0825]
 79%|███████▉  | 158/200 [42:42<11:21, 16.22s/it, Train loss=0.0201, Train acc=0.00555, Test loss=0.359, Test acc=0.0825]
 79%|███████▉  | 158/200 [42:58<11:21, 16.22s/it, Train loss=0.0199, Train acc=0.00568, Test loss=0.355, Test acc=0.0852]
 80%|███████▉  | 159/200 [42:58<11:05, 16.23s/it, Train loss=0.0199, Train acc=0.00568, Test loss=0.355, Test acc=0.0852]
 80%|███████▉  | 159/200 [43:15<11:05, 16.23s/it, Train loss=0.0203, Train acc=0.00532, Test loss=0.353, Test acc=0.0846]
 80%|████████  | 160/200 [43:15<10:48, 16.21s/it, Train loss=0.0203, Train acc=0.00532, Test loss=0.353, Test acc=0.0846]
 80%|████████  | 160/200 [43:31<10:48, 16.21s/it, Train loss=0.0189, Train acc=0.00472, Test loss=0.356, Test acc=0.085] 
 80%|████████  | 161/200 [43:31<10:33, 16.25s/it, Train loss=0.0189, Train acc=0.00472, Test loss=0.356, Test acc=0.085]
 80%|████████  | 161/200 [43:47<10:33, 16.25s/it, Train loss=0.0186, Train acc=0.00509, Test loss=0.356, Test acc=0.0859]
 81%|████████  | 162/200 [43:47<10:18, 16.27s/it, Train loss=0.0186, Train acc=0.00509, Test loss=0.356, Test acc=0.0859]
 81%|████████  | 162/200 [44:03<10:18, 16.27s/it, Train loss=0.018, Train acc=0.00484, Test loss=0.355, Test acc=0.0847] 
 82%|████████▏ | 163/200 [44:03<10:01, 16.27s/it, Train loss=0.018, Train acc=0.00484, Test loss=0.355, Test acc=0.0847]
 82%|████████▏ | 163/200 [44:20<10:01, 16.27s/it, Train loss=0.0179, Train acc=0.00449, Test loss=0.358, Test acc=0.0846]
 82%|████████▏ | 164/200 [44:20<09:44, 16.23s/it, Train loss=0.0179, Train acc=0.00449, Test loss=0.358, Test acc=0.0846]
 82%|████████▏ | 164/200 [44:36<09:44, 16.23s/it, Train loss=0.0172, Train acc=0.00439, Test loss=0.358, Test acc=0.0848]
 82%|████████▎ | 165/200 [44:36<09:27, 16.21s/it, Train loss=0.0172, Train acc=0.00439, Test loss=0.358, Test acc=0.0848]
 82%|████████▎ | 165/200 [44:52<09:27, 16.21s/it, Train loss=0.0169, Train acc=0.00437, Test loss=0.355, Test acc=0.0852]
 83%|████████▎ | 166/200 [44:52<09:10, 16.18s/it, Train loss=0.0169, Train acc=0.00437, Test loss=0.355, Test acc=0.0852]
 83%|████████▎ | 166/200 [45:08<09:10, 16.18s/it, Train loss=0.0162, Train acc=0.00386, Test loss=0.355, Test acc=0.0847]
 84%|████████▎ | 167/200 [45:08<08:53, 16.16s/it, Train loss=0.0162, Train acc=0.00386, Test loss=0.355, Test acc=0.0847]
 84%|████████▎ | 167/200 [45:24<08:53, 16.16s/it, Train loss=0.0165, Train acc=0.00428, Test loss=0.356, Test acc=0.0828]
 84%|████████▍ | 168/200 [45:24<08:37, 16.18s/it, Train loss=0.0165, Train acc=0.00428, Test loss=0.356, Test acc=0.0828]
 84%|████████▍ | 168/200 [45:40<08:37, 16.18s/it, Train loss=0.0166, Train acc=0.00421, Test loss=0.354, Test acc=0.0839]
 84%|████████▍ | 169/200 [45:40<08:21, 16.17s/it, Train loss=0.0166, Train acc=0.00421, Test loss=0.354, Test acc=0.0839]
 84%|████████▍ | 169/200 [45:57<08:21, 16.17s/it, Train loss=0.0163, Train acc=0.00371, Test loss=0.355, Test acc=0.0838]
 85%|████████▌ | 170/200 [45:57<08:05, 16.19s/it, Train loss=0.0163, Train acc=0.00371, Test loss=0.355, Test acc=0.0838]
 85%|████████▌ | 170/200 [46:13<08:05, 16.19s/it, Train loss=0.0149, Train acc=0.00309, Test loss=0.355, Test acc=0.0834]
 86%|████████▌ | 171/200 [46:13<07:49, 16.18s/it, Train loss=0.0149, Train acc=0.00309, Test loss=0.355, Test acc=0.0834]
 86%|████████▌ | 171/200 [46:29<07:49, 16.18s/it, Train loss=0.0151, Train acc=0.00364, Test loss=0.358, Test acc=0.0836]
 86%|████████▌ | 172/200 [46:29<07:32, 16.17s/it, Train loss=0.0151, Train acc=0.00364, Test loss=0.358, Test acc=0.0836]
 86%|████████▌ | 172/200 [46:45<07:32, 16.17s/it, Train loss=0.015, Train acc=0.00346, Test loss=0.36, Test acc=0.0836]  
 86%|████████▋ | 173/200 [46:45<07:16, 16.15s/it, Train loss=0.015, Train acc=0.00346, Test loss=0.36, Test acc=0.0836]
 86%|████████▋ | 173/200 [47:01<07:16, 16.15s/it, Train loss=0.0149, Train acc=0.00325, Test loss=0.357, Test acc=0.0836]
 87%|████████▋ | 174/200 [47:01<06:59, 16.14s/it, Train loss=0.0149, Train acc=0.00325, Test loss=0.357, Test acc=0.0836]
 87%|████████▋ | 174/200 [47:17<06:59, 16.14s/it, Train loss=0.0146, Train acc=0.0033, Test loss=0.358, Test acc=0.0837] 
 88%|████████▊ | 175/200 [47:17<06:43, 16.16s/it, Train loss=0.0146, Train acc=0.0033, Test loss=0.358, Test acc=0.0837]
 88%|████████▊ | 175/200 [47:33<06:43, 16.16s/it, Train loss=0.0138, Train acc=0.00324, Test loss=0.361, Test acc=0.0845]
 88%|████████▊ | 176/200 [47:33<06:27, 16.15s/it, Train loss=0.0138, Train acc=0.00324, Test loss=0.361, Test acc=0.0845]
 88%|████████▊ | 176/200 [47:50<06:27, 16.15s/it, Train loss=0.0151, Train acc=0.00375, Test loss=0.361, Test acc=0.0837]
 88%|████████▊ | 177/200 [47:50<06:11, 16.17s/it, Train loss=0.0151, Train acc=0.00375, Test loss=0.361, Test acc=0.0837]
 88%|████████▊ | 177/200 [48:06<06:11, 16.17s/it, Train loss=0.0142, Train acc=0.00338, Test loss=0.362, Test acc=0.0838]
 89%|████████▉ | 178/200 [48:06<05:55, 16.16s/it, Train loss=0.0142, Train acc=0.00338, Test loss=0.362, Test acc=0.0838]
 89%|████████▉ | 178/200 [48:22<05:55, 16.16s/it, Train loss=0.0144, Train acc=0.00352, Test loss=0.36, Test acc=0.0845] 
 90%|████████▉ | 179/200 [48:22<05:39, 16.16s/it, Train loss=0.0144, Train acc=0.00352, Test loss=0.36, Test acc=0.0845]
 90%|████████▉ | 179/200 [48:38<05:39, 16.16s/it, Train loss=0.0133, Train acc=0.00305, Test loss=0.36, Test acc=0.0842]
 90%|█████████ | 180/200 [48:38<05:22, 16.13s/it, Train loss=0.0133, Train acc=0.00305, Test loss=0.36, Test acc=0.0842]
 90%|█████████ | 180/200 [48:54<05:22, 16.13s/it, Train loss=0.0137, Train acc=0.00294, Test loss=0.36, Test acc=0.0848]
 90%|█████████ | 181/200 [48:54<05:06, 16.14s/it, Train loss=0.0137, Train acc=0.00294, Test loss=0.36, Test acc=0.0848]
 90%|█████████ | 181/200 [49:10<05:06, 16.14s/it, Train loss=0.0127, Train acc=0.00243, Test loss=0.361, Test acc=0.084]
 91%|█████████ | 182/200 [49:10<04:50, 16.15s/it, Train loss=0.0127, Train acc=0.00243, Test loss=0.361, Test acc=0.084]
 91%|█████████ | 182/200 [49:27<04:50, 16.15s/it, Train loss=0.0131, Train acc=0.00273, Test loss=0.36, Test acc=0.0845]
 92%|█████████▏| 183/200 [49:27<04:34, 16.17s/it, Train loss=0.0131, Train acc=0.00273, Test loss=0.36, Test acc=0.0845]
 92%|█████████▏| 183/200 [49:43<04:34, 16.17s/it, Train loss=0.0132, Train acc=0.00274, Test loss=0.36, Test acc=0.0847]
 92%|█████████▏| 184/200 [49:43<04:18, 16.15s/it, Train loss=0.0132, Train acc=0.00274, Test loss=0.36, Test acc=0.0847]
 92%|█████████▏| 184/200 [49:59<04:18, 16.15s/it, Train loss=0.0129, Train acc=0.00254, Test loss=0.359, Test acc=0.0838]
 92%|█████████▎| 185/200 [49:59<04:02, 16.14s/it, Train loss=0.0129, Train acc=0.00254, Test loss=0.359, Test acc=0.0838]
 92%|█████████▎| 185/200 [50:15<04:02, 16.14s/it, Train loss=0.0128, Train acc=0.0027, Test loss=0.361, Test acc=0.0827] 
 93%|█████████▎| 186/200 [50:15<03:46, 16.15s/it, Train loss=0.0128, Train acc=0.0027, Test loss=0.361, Test acc=0.0827]
 93%|█████████▎| 186/200 [50:31<03:46, 16.15s/it, Train loss=0.0127, Train acc=0.00277, Test loss=0.36, Test acc=0.0831]
 94%|█████████▎| 187/200 [50:31<03:29, 16.14s/it, Train loss=0.0127, Train acc=0.00277, Test loss=0.36, Test acc=0.0831]
 94%|█████████▎| 187/200 [50:47<03:29, 16.14s/it, Train loss=0.013, Train acc=0.00303, Test loss=0.359, Test acc=0.0827]
 94%|█████████▍| 188/200 [50:47<03:13, 16.14s/it, Train loss=0.013, Train acc=0.00303, Test loss=0.359, Test acc=0.0827]
 94%|█████████▍| 188/200 [51:03<03:13, 16.14s/it, Train loss=0.0132, Train acc=0.00271, Test loss=0.36, Test acc=0.0831]
 94%|█████████▍| 189/200 [51:03<02:57, 16.13s/it, Train loss=0.0132, Train acc=0.00271, Test loss=0.36, Test acc=0.0831]
 94%|█████████▍| 189/200 [51:20<02:57, 16.13s/it, Train loss=0.013, Train acc=0.00305, Test loss=0.36, Test acc=0.0827] 
 95%|█████████▌| 190/200 [51:20<02:41, 16.16s/it, Train loss=0.013, Train acc=0.00305, Test loss=0.36, Test acc=0.0827]
 95%|█████████▌| 190/200 [51:36<02:41, 16.16s/it, Train loss=0.0131, Train acc=0.00273, Test loss=0.359, Test acc=0.0835]
 96%|█████████▌| 191/200 [51:36<02:25, 16.16s/it, Train loss=0.0131, Train acc=0.00273, Test loss=0.359, Test acc=0.0835]
 96%|█████████▌| 191/200 [51:52<02:25, 16.16s/it, Train loss=0.0125, Train acc=0.00259, Test loss=0.359, Test acc=0.0823]
 96%|█████████▌| 192/200 [51:52<02:09, 16.17s/it, Train loss=0.0125, Train acc=0.00259, Test loss=0.359, Test acc=0.0823]
 96%|█████████▌| 192/200 [52:08<02:09, 16.17s/it, Train loss=0.0128, Train acc=0.00262, Test loss=0.359, Test acc=0.083] 
 96%|█████████▋| 193/200 [52:08<01:53, 16.17s/it, Train loss=0.0128, Train acc=0.00262, Test loss=0.359, Test acc=0.083]
 96%|█████████▋| 193/200 [52:24<01:53, 16.17s/it, Train loss=0.0127, Train acc=0.00284, Test loss=0.358, Test acc=0.0819]
 97%|█████████▋| 194/200 [52:24<01:36, 16.16s/it, Train loss=0.0127, Train acc=0.00284, Test loss=0.358, Test acc=0.0819]
 97%|█████████▋| 194/200 [52:40<01:36, 16.16s/it, Train loss=0.0128, Train acc=0.0028, Test loss=0.358, Test acc=0.0832] 
 98%|█████████▊| 195/200 [52:40<01:20, 16.16s/it, Train loss=0.0128, Train acc=0.0028, Test loss=0.358, Test acc=0.0832]
 98%|█████████▊| 195/200 [52:57<01:20, 16.16s/it, Train loss=0.013, Train acc=0.00267, Test loss=0.358, Test acc=0.0827]
 98%|█████████▊| 196/200 [52:57<01:04, 16.17s/it, Train loss=0.013, Train acc=0.00267, Test loss=0.358, Test acc=0.0827]
 98%|█████████▊| 196/200 [53:13<01:04, 16.17s/it, Train loss=0.0129, Train acc=0.00287, Test loss=0.359, Test acc=0.0827]
 98%|█████████▊| 197/200 [53:13<00:48, 16.19s/it, Train loss=0.0129, Train acc=0.00287, Test loss=0.359, Test acc=0.0827]
 98%|█████████▊| 197/200 [53:29<00:48, 16.19s/it, Train loss=0.0125, Train acc=0.00271, Test loss=0.359, Test acc=0.0822]
 99%|█████████▉| 198/200 [53:29<00:32, 16.17s/it, Train loss=0.0125, Train acc=0.00271, Test loss=0.359, Test acc=0.0822]
 99%|█████████▉| 198/200 [53:45<00:32, 16.17s/it, Train loss=0.0129, Train acc=0.00274, Test loss=0.36, Test acc=0.0832] 
100%|█████████▉| 199/200 [53:45<00:16, 16.18s/it, Train loss=0.0129, Train acc=0.00274, Test loss=0.36, Test acc=0.0832]
100%|█████████▉| 199/200 [54:01<00:16, 16.18s/it, Train loss=0.0128, Train acc=0.00299, Test loss=0.358, Test acc=0.0834]
100%|██████████| 200/200 [54:01<00:00, 16.19s/it, Train loss=0.0128, Train acc=0.00299, Test loss=0.358, Test acc=0.0834]
100%|██████████| 200/200 [54:01<00:00, 16.21s/it, Train loss=0.0128, Train acc=0.00299, Test loss=0.358, Test acc=0.0834]
