Files already downloaded and verified
Files already downloaded and verified
load resnet18...

  0%|          | 0/200 [00:00<?, ?it/s]
  0%|          | 0/200 [00:12<?, ?it/s, Train loss=2.03, Train acc=0.721, Test loss=2.49, Test acc=0.722]
  0%|          | 1/200 [00:12<42:52, 12.93s/it, Train loss=2.03, Train acc=0.721, Test loss=2.49, Test acc=0.722]
  0%|          | 1/200 [00:25<42:52, 12.93s/it, Train loss=1.6, Train acc=0.597, Test loss=1.81, Test acc=0.614] 
  1%|          | 2/200 [00:25<41:29, 12.57s/it, Train loss=1.6, Train acc=0.597, Test loss=1.81, Test acc=0.614]
  1%|          | 2/200 [00:37<41:29, 12.57s/it, Train loss=1.44, Train acc=0.534, Test loss=1.68, Test acc=0.621]
  2%|▏         | 3/200 [00:37<40:54, 12.46s/it, Train loss=1.44, Train acc=0.534, Test loss=1.68, Test acc=0.621]
  2%|▏         | 3/200 [00:49<40:54, 12.46s/it, Train loss=1.33, Train acc=0.487, Test loss=1.67, Test acc=0.58] 
  2%|▏         | 4/200 [00:49<40:31, 12.41s/it, Train loss=1.33, Train acc=0.487, Test loss=1.67, Test acc=0.58]
  2%|▏         | 4/200 [01:02<40:31, 12.41s/it, Train loss=1.23, Train acc=0.449, Test loss=1.72, Test acc=0.583]
  2%|▎         | 5/200 [01:02<40:14, 12.38s/it, Train loss=1.23, Train acc=0.449, Test loss=1.72, Test acc=0.583]
  2%|▎         | 5/200 [01:14<40:14, 12.38s/it, Train loss=1.13, Train acc=0.415, Test loss=1.61, Test acc=0.544]
  3%|▎         | 6/200 [01:14<39:58, 12.36s/it, Train loss=1.13, Train acc=0.415, Test loss=1.61, Test acc=0.544]
  3%|▎         | 6/200 [01:26<39:58, 12.36s/it, Train loss=1.05, Train acc=0.381, Test loss=1.3, Test acc=0.467] 
  4%|▎         | 7/200 [01:26<39:45, 12.36s/it, Train loss=1.05, Train acc=0.381, Test loss=1.3, Test acc=0.467]
  4%|▎         | 7/200 [01:39<39:45, 12.36s/it, Train loss=0.981, Train acc=0.352, Test loss=1.5, Test acc=0.502]
  4%|▍         | 8/200 [01:39<39:31, 12.35s/it, Train loss=0.981, Train acc=0.352, Test loss=1.5, Test acc=0.502]
  4%|▍         | 8/200 [01:52<39:31, 12.35s/it, Train loss=0.904, Train acc=0.322, Test loss=1.31, Test acc=0.459]
  4%|▍         | 9/200 [01:52<39:46, 12.50s/it, Train loss=0.904, Train acc=0.322, Test loss=1.31, Test acc=0.459]
  4%|▍         | 9/200 [02:05<39:46, 12.50s/it, Train loss=0.842, Train acc=0.302, Test loss=1.24, Test acc=0.44] 
  5%|▌         | 10/200 [02:05<40:45, 12.87s/it, Train loss=0.842, Train acc=0.302, Test loss=1.24, Test acc=0.44]
  5%|▌         | 10/200 [02:19<40:45, 12.87s/it, Train loss=0.797, Train acc=0.284, Test loss=1.19, Test acc=0.404]
  6%|▌         | 11/200 [02:19<41:22, 13.13s/it, Train loss=0.797, Train acc=0.284, Test loss=1.19, Test acc=0.404]
  6%|▌         | 11/200 [02:33<41:22, 13.13s/it, Train loss=0.735, Train acc=0.262, Test loss=1.67, Test acc=0.516]
  6%|▌         | 12/200 [02:33<41:35, 13.27s/it, Train loss=0.735, Train acc=0.262, Test loss=1.67, Test acc=0.516]
  6%|▌         | 12/200 [02:46<41:35, 13.27s/it, Train loss=0.698, Train acc=0.247, Test loss=0.981, Test acc=0.346]
  6%|▋         | 13/200 [02:46<41:41, 13.38s/it, Train loss=0.698, Train acc=0.247, Test loss=0.981, Test acc=0.346]
  6%|▋         | 13/200 [02:59<41:41, 13.38s/it, Train loss=0.656, Train acc=0.233, Test loss=1.94, Test acc=0.514] 
  7%|▋         | 14/200 [02:59<40:36, 13.10s/it, Train loss=0.656, Train acc=0.233, Test loss=1.94, Test acc=0.514]
  7%|▋         | 14/200 [03:11<40:36, 13.10s/it, Train loss=0.629, Train acc=0.223, Test loss=0.83, Test acc=0.284]
  8%|▊         | 15/200 [03:11<39:39, 12.86s/it, Train loss=0.629, Train acc=0.223, Test loss=0.83, Test acc=0.284]
  8%|▊         | 15/200 [03:23<39:39, 12.86s/it, Train loss=0.593, Train acc=0.208, Test loss=1.06, Test acc=0.352]
  8%|▊         | 16/200 [03:23<38:54, 12.69s/it, Train loss=0.593, Train acc=0.208, Test loss=1.06, Test acc=0.352]
  8%|▊         | 16/200 [03:36<38:54, 12.69s/it, Train loss=0.569, Train acc=0.199, Test loss=1.73, Test acc=0.444]
  8%|▊         | 17/200 [03:36<38:18, 12.56s/it, Train loss=0.569, Train acc=0.199, Test loss=1.73, Test acc=0.444]
  8%|▊         | 17/200 [03:48<38:18, 12.56s/it, Train loss=0.546, Train acc=0.19, Test loss=1.25, Test acc=0.405] 
  9%|▉         | 18/200 [03:48<37:51, 12.48s/it, Train loss=0.546, Train acc=0.19, Test loss=1.25, Test acc=0.405]
  9%|▉         | 18/200 [04:00<37:51, 12.48s/it, Train loss=0.513, Train acc=0.18, Test loss=1.43, Test acc=0.415]
 10%|▉         | 19/200 [04:00<37:36, 12.47s/it, Train loss=0.513, Train acc=0.18, Test loss=1.43, Test acc=0.415]
 10%|▉         | 19/200 [04:13<37:36, 12.47s/it, Train loss=0.494, Train acc=0.171, Test loss=1.06, Test acc=0.337]
 10%|█         | 20/200 [04:13<37:15, 12.42s/it, Train loss=0.494, Train acc=0.171, Test loss=1.06, Test acc=0.337]
 10%|█         | 20/200 [04:25<37:15, 12.42s/it, Train loss=0.465, Train acc=0.16, Test loss=0.794, Test acc=0.262]
 10%|█         | 21/200 [04:25<36:57, 12.39s/it, Train loss=0.465, Train acc=0.16, Test loss=0.794, Test acc=0.262]
 10%|█         | 21/200 [04:37<36:57, 12.39s/it, Train loss=0.444, Train acc=0.152, Test loss=1.23, Test acc=0.353]
 11%|█         | 22/200 [04:37<36:39, 12.36s/it, Train loss=0.444, Train acc=0.152, Test loss=1.23, Test acc=0.353]
 11%|█         | 22/200 [04:49<36:39, 12.36s/it, Train loss=0.429, Train acc=0.148, Test loss=1.04, Test acc=0.327]
 12%|█▏        | 23/200 [04:49<36:24, 12.34s/it, Train loss=0.429, Train acc=0.148, Test loss=1.04, Test acc=0.327]
 12%|█▏        | 23/200 [05:02<36:24, 12.34s/it, Train loss=0.414, Train acc=0.144, Test loss=0.965, Test acc=0.309]
 12%|█▏        | 24/200 [05:02<36:09, 12.33s/it, Train loss=0.414, Train acc=0.144, Test loss=0.965, Test acc=0.309]
 12%|█▏        | 24/200 [05:14<36:09, 12.33s/it, Train loss=0.391, Train acc=0.134, Test loss=0.898, Test acc=0.288]
 12%|█▎        | 25/200 [05:14<35:57, 12.33s/it, Train loss=0.391, Train acc=0.134, Test loss=0.898, Test acc=0.288]
 12%|█▎        | 25/200 [05:26<35:57, 12.33s/it, Train loss=0.373, Train acc=0.127, Test loss=1.01, Test acc=0.303] 
 13%|█▎        | 26/200 [05:26<35:43, 12.32s/it, Train loss=0.373, Train acc=0.127, Test loss=1.01, Test acc=0.303]
 13%|█▎        | 26/200 [05:39<35:43, 12.32s/it, Train loss=0.352, Train acc=0.119, Test loss=0.707, Test acc=0.226]
 14%|█▎        | 27/200 [05:39<35:32, 12.33s/it, Train loss=0.352, Train acc=0.119, Test loss=0.707, Test acc=0.226]
 14%|█▎        | 27/200 [05:51<35:32, 12.33s/it, Train loss=0.335, Train acc=0.114, Test loss=0.724, Test acc=0.233]
 14%|█▍        | 28/200 [05:51<35:18, 12.32s/it, Train loss=0.335, Train acc=0.114, Test loss=0.724, Test acc=0.233]
 14%|█▍        | 28/200 [06:03<35:18, 12.32s/it, Train loss=0.313, Train acc=0.106, Test loss=0.701, Test acc=0.233]
 14%|█▍        | 29/200 [06:03<35:04, 12.31s/it, Train loss=0.313, Train acc=0.106, Test loss=0.701, Test acc=0.233]
 14%|█▍        | 29/200 [06:16<35:04, 12.31s/it, Train loss=0.303, Train acc=0.101, Test loss=0.683, Test acc=0.218]
 15%|█▌        | 30/200 [06:16<34:52, 12.31s/it, Train loss=0.303, Train acc=0.101, Test loss=0.683, Test acc=0.218]
 15%|█▌        | 30/200 [06:28<34:52, 12.31s/it, Train loss=0.281, Train acc=0.0923, Test loss=0.809, Test acc=0.24]
 16%|█▌        | 31/200 [06:28<34:37, 12.29s/it, Train loss=0.281, Train acc=0.0923, Test loss=0.809, Test acc=0.24]
 16%|█▌        | 31/200 [06:40<34:37, 12.29s/it, Train loss=0.273, Train acc=0.0912, Test loss=0.802, Test acc=0.245]
 16%|█▌        | 32/200 [06:40<34:23, 12.28s/it, Train loss=0.273, Train acc=0.0912, Test loss=0.802, Test acc=0.245]
 16%|█▌        | 32/200 [06:52<34:23, 12.28s/it, Train loss=0.26, Train acc=0.0852, Test loss=0.861, Test acc=0.249] 
 16%|█▋        | 33/200 [06:52<34:09, 12.27s/it, Train loss=0.26, Train acc=0.0852, Test loss=0.861, Test acc=0.249]
 16%|█▋        | 33/200 [07:05<34:09, 12.27s/it, Train loss=0.253, Train acc=0.0849, Test loss=0.812, Test acc=0.241]
 17%|█▋        | 34/200 [07:05<33:57, 12.28s/it, Train loss=0.253, Train acc=0.0849, Test loss=0.812, Test acc=0.241]
 17%|█▋        | 34/200 [07:17<33:57, 12.28s/it, Train loss=0.23, Train acc=0.0764, Test loss=0.852, Test acc=0.265] 
 18%|█▊        | 35/200 [07:17<33:45, 12.28s/it, Train loss=0.23, Train acc=0.0764, Test loss=0.852, Test acc=0.265]
 18%|█▊        | 35/200 [07:29<33:45, 12.28s/it, Train loss=0.212, Train acc=0.0694, Test loss=0.705, Test acc=0.218]
 18%|█▊        | 36/200 [07:29<33:34, 12.28s/it, Train loss=0.212, Train acc=0.0694, Test loss=0.705, Test acc=0.218]
 18%|█▊        | 36/200 [07:42<33:34, 12.28s/it, Train loss=0.212, Train acc=0.0694, Test loss=1.02, Test acc=0.286] 
 18%|█▊        | 37/200 [07:42<33:20, 12.28s/it, Train loss=0.212, Train acc=0.0694, Test loss=1.02, Test acc=0.286]
 18%|█▊        | 37/200 [07:54<33:20, 12.28s/it, Train loss=0.204, Train acc=0.0669, Test loss=0.688, Test acc=0.202]
 19%|█▉        | 38/200 [07:54<33:07, 12.27s/it, Train loss=0.204, Train acc=0.0669, Test loss=0.688, Test acc=0.202]
 19%|█▉        | 38/200 [08:06<33:07, 12.27s/it, Train loss=0.198, Train acc=0.0649, Test loss=0.819, Test acc=0.227]
 20%|█▉        | 39/200 [08:06<32:54, 12.26s/it, Train loss=0.198, Train acc=0.0649, Test loss=0.819, Test acc=0.227]
 20%|█▉        | 39/200 [08:18<32:54, 12.26s/it, Train loss=0.19, Train acc=0.0609, Test loss=0.69, Test acc=0.205]  
 20%|██        | 40/200 [08:18<32:44, 12.28s/it, Train loss=0.19, Train acc=0.0609, Test loss=0.69, Test acc=0.205]
 20%|██        | 40/200 [08:31<32:44, 12.28s/it, Train loss=0.167, Train acc=0.0531, Test loss=0.753, Test acc=0.218]
 20%|██        | 41/200 [08:31<32:33, 12.29s/it, Train loss=0.167, Train acc=0.0531, Test loss=0.753, Test acc=0.218]
 20%|██        | 41/200 [08:43<32:33, 12.29s/it, Train loss=0.156, Train acc=0.0489, Test loss=0.801, Test acc=0.234]
 21%|██        | 42/200 [08:43<32:20, 12.28s/it, Train loss=0.156, Train acc=0.0489, Test loss=0.801, Test acc=0.234]
 21%|██        | 42/200 [08:55<32:20, 12.28s/it, Train loss=0.154, Train acc=0.0467, Test loss=0.648, Test acc=0.192]
 22%|██▏       | 43/200 [08:55<32:07, 12.28s/it, Train loss=0.154, Train acc=0.0467, Test loss=0.648, Test acc=0.192]
 22%|██▏       | 43/200 [09:07<32:07, 12.28s/it, Train loss=0.15, Train acc=0.0457, Test loss=0.692, Test acc=0.197] 
 22%|██▏       | 44/200 [09:07<31:55, 12.28s/it, Train loss=0.15, Train acc=0.0457, Test loss=0.692, Test acc=0.197]
 22%|██▏       | 44/200 [09:20<31:55, 12.28s/it, Train loss=0.134, Train acc=0.0418, Test loss=0.698, Test acc=0.199]
 22%|██▎       | 45/200 [09:20<31:45, 12.29s/it, Train loss=0.134, Train acc=0.0418, Test loss=0.698, Test acc=0.199]
 22%|██▎       | 45/200 [09:32<31:45, 12.29s/it, Train loss=0.131, Train acc=0.0399, Test loss=0.636, Test acc=0.184]
 23%|██▎       | 46/200 [09:32<31:33, 12.29s/it, Train loss=0.131, Train acc=0.0399, Test loss=0.636, Test acc=0.184]
 23%|██▎       | 46/200 [09:44<31:33, 12.29s/it, Train loss=0.123, Train acc=0.0378, Test loss=0.631, Test acc=0.183]
 24%|██▎       | 47/200 [09:44<31:19, 12.29s/it, Train loss=0.123, Train acc=0.0378, Test loss=0.631, Test acc=0.183]
 24%|██▎       | 47/200 [09:57<31:19, 12.29s/it, Train loss=0.11, Train acc=0.0327, Test loss=0.611, Test acc=0.174] 
 24%|██▍       | 48/200 [09:57<31:08, 12.29s/it, Train loss=0.11, Train acc=0.0327, Test loss=0.611, Test acc=0.174]
 24%|██▍       | 48/200 [10:09<31:08, 12.29s/it, Train loss=0.105, Train acc=0.0297, Test loss=0.658, Test acc=0.186]
 24%|██▍       | 49/200 [10:09<30:56, 12.30s/it, Train loss=0.105, Train acc=0.0297, Test loss=0.658, Test acc=0.186]
 24%|██▍       | 49/200 [10:21<30:56, 12.30s/it, Train loss=0.0999, Train acc=0.0289, Test loss=0.808, Test acc=0.211]
 25%|██▌       | 50/200 [10:21<30:50, 12.34s/it, Train loss=0.0999, Train acc=0.0289, Test loss=0.808, Test acc=0.211]
 25%|██▌       | 50/200 [10:34<30:50, 12.34s/it, Train loss=0.0979, Train acc=0.0289, Test loss=0.709, Test acc=0.193]
 26%|██▌       | 51/200 [10:34<30:37, 12.33s/it, Train loss=0.0979, Train acc=0.0289, Test loss=0.709, Test acc=0.193]
 26%|██▌       | 51/200 [10:46<30:37, 12.33s/it, Train loss=0.0897, Train acc=0.0264, Test loss=0.799, Test acc=0.209]
 26%|██▌       | 52/200 [10:46<30:22, 12.31s/it, Train loss=0.0897, Train acc=0.0264, Test loss=0.799, Test acc=0.209]
 26%|██▌       | 52/200 [11:00<30:22, 12.31s/it, Train loss=0.0943, Train acc=0.0273, Test loss=0.653, Test acc=0.185]
 26%|██▋       | 53/200 [11:00<31:17, 12.77s/it, Train loss=0.0943, Train acc=0.0273, Test loss=0.653, Test acc=0.185]
 26%|██▋       | 53/200 [11:13<31:17, 12.77s/it, Train loss=0.0814, Train acc=0.0233, Test loss=0.685, Test acc=0.183]
 27%|██▋       | 54/200 [11:13<31:43, 13.04s/it, Train loss=0.0814, Train acc=0.0233, Test loss=0.685, Test acc=0.183]
 27%|██▋       | 54/200 [11:27<31:43, 13.04s/it, Train loss=0.0793, Train acc=0.0228, Test loss=0.911, Test acc=0.219]
 28%|██▊       | 55/200 [11:27<31:58, 13.23s/it, Train loss=0.0793, Train acc=0.0228, Test loss=0.911, Test acc=0.219]
 28%|██▊       | 55/200 [11:40<31:58, 13.23s/it, Train loss=0.0765, Train acc=0.0209, Test loss=0.701, Test acc=0.183]
 28%|██▊       | 56/200 [11:40<31:39, 13.19s/it, Train loss=0.0765, Train acc=0.0209, Test loss=0.701, Test acc=0.183]
 28%|██▊       | 56/200 [11:53<31:39, 13.19s/it, Train loss=0.0771, Train acc=0.0215, Test loss=0.693, Test acc=0.181]
 28%|██▊       | 57/200 [11:53<30:52, 12.96s/it, Train loss=0.0771, Train acc=0.0215, Test loss=0.693, Test acc=0.181]
 28%|██▊       | 57/200 [12:05<30:52, 12.96s/it, Train loss=0.0628, Train acc=0.0164, Test loss=0.668, Test acc=0.182]
 29%|██▉       | 58/200 [12:05<30:14, 12.78s/it, Train loss=0.0628, Train acc=0.0164, Test loss=0.668, Test acc=0.182]
 29%|██▉       | 58/200 [12:17<30:14, 12.78s/it, Train loss=0.0571, Train acc=0.0145, Test loss=0.644, Test acc=0.173]
 30%|██▉       | 59/200 [12:17<29:43, 12.65s/it, Train loss=0.0571, Train acc=0.0145, Test loss=0.644, Test acc=0.173]
 30%|██▉       | 59/200 [12:30<29:43, 12.65s/it, Train loss=0.0508, Train acc=0.0125, Test loss=0.728, Test acc=0.187]
 30%|███       | 60/200 [12:30<29:17, 12.56s/it, Train loss=0.0508, Train acc=0.0125, Test loss=0.728, Test acc=0.187]
 30%|███       | 60/200 [12:42<29:17, 12.56s/it, Train loss=0.0488, Train acc=0.0119, Test loss=0.619, Test acc=0.165]
 30%|███       | 61/200 [12:42<28:57, 12.50s/it, Train loss=0.0488, Train acc=0.0119, Test loss=0.619, Test acc=0.165]
 30%|███       | 61/200 [12:55<28:57, 12.50s/it, Train loss=0.0441, Train acc=0.0103, Test loss=0.654, Test acc=0.176]
 31%|███       | 62/200 [12:55<28:41, 12.48s/it, Train loss=0.0441, Train acc=0.0103, Test loss=0.654, Test acc=0.176]
 31%|███       | 62/200 [13:07<28:41, 12.48s/it, Train loss=0.041, Train acc=0.00973, Test loss=0.599, Test acc=0.163]
 32%|███▏      | 63/200 [13:07<28:25, 12.45s/it, Train loss=0.041, Train acc=0.00973, Test loss=0.599, Test acc=0.163]
 32%|███▏      | 63/200 [13:19<28:25, 12.45s/it, Train loss=0.038, Train acc=0.008, Test loss=0.604, Test acc=0.16]   
 32%|███▏      | 64/200 [13:19<28:09, 12.42s/it, Train loss=0.038, Train acc=0.008, Test loss=0.604, Test acc=0.16]
 32%|███▏      | 64/200 [13:32<28:09, 12.42s/it, Train loss=0.0373, Train acc=0.00802, Test loss=0.606, Test acc=0.159]
 32%|███▎      | 65/200 [13:32<27:54, 12.40s/it, Train loss=0.0373, Train acc=0.00802, Test loss=0.606, Test acc=0.159]
 32%|███▎      | 65/200 [13:44<27:54, 12.40s/it, Train loss=0.0366, Train acc=0.00784, Test loss=0.625, Test acc=0.163]
 33%|███▎      | 66/200 [13:44<27:42, 12.40s/it, Train loss=0.0366, Train acc=0.00784, Test loss=0.625, Test acc=0.163]
 33%|███▎      | 66/200 [13:56<27:42, 12.40s/it, Train loss=0.0331, Train acc=0.00706, Test loss=0.599, Test acc=0.158]
 34%|███▎      | 67/200 [13:56<27:31, 12.42s/it, Train loss=0.0331, Train acc=0.00706, Test loss=0.599, Test acc=0.158]
 34%|███▎      | 67/200 [14:09<27:31, 12.42s/it, Train loss=0.0294, Train acc=0.00606, Test loss=0.663, Test acc=0.167]
 34%|███▍      | 68/200 [14:09<27:17, 12.41s/it, Train loss=0.0294, Train acc=0.00606, Test loss=0.663, Test acc=0.167]
 34%|███▍      | 68/200 [14:21<27:17, 12.41s/it, Train loss=0.0288, Train acc=0.00617, Test loss=0.609, Test acc=0.161]
 34%|███▍      | 69/200 [14:21<27:04, 12.40s/it, Train loss=0.0288, Train acc=0.00617, Test loss=0.609, Test acc=0.161]
 34%|███▍      | 69/200 [14:34<27:04, 12.40s/it, Train loss=0.0254, Train acc=0.00476, Test loss=0.584, Test acc=0.158]
 35%|███▌      | 70/200 [14:34<26:49, 12.38s/it, Train loss=0.0254, Train acc=0.00476, Test loss=0.584, Test acc=0.158]
 35%|███▌      | 70/200 [14:46<26:49, 12.38s/it, Train loss=0.019, Train acc=0.00337, Test loss=0.584, Test acc=0.155] 
 36%|███▌      | 71/200 [14:46<26:37, 12.39s/it, Train loss=0.019, Train acc=0.00337, Test loss=0.584, Test acc=0.155]
 36%|███▌      | 71/200 [14:58<26:37, 12.39s/it, Train loss=0.018, Train acc=0.00355, Test loss=0.584, Test acc=0.148]
 36%|███▌      | 72/200 [14:58<26:26, 12.39s/it, Train loss=0.018, Train acc=0.00355, Test loss=0.584, Test acc=0.148]
 36%|███▌      | 72/200 [15:11<26:26, 12.39s/it, Train loss=0.0174, Train acc=0.00335, Test loss=0.618, Test acc=0.16]
 36%|███▋      | 73/200 [15:11<26:13, 12.39s/it, Train loss=0.0174, Train acc=0.00335, Test loss=0.618, Test acc=0.16]
 36%|███▋      | 73/200 [15:23<26:13, 12.39s/it, Train loss=0.0153, Train acc=0.00293, Test loss=0.618, Test acc=0.154]
 37%|███▋      | 74/200 [15:23<25:59, 12.37s/it, Train loss=0.0153, Train acc=0.00293, Test loss=0.618, Test acc=0.154]
 37%|███▋      | 74/200 [15:35<25:59, 12.37s/it, Train loss=0.0155, Train acc=0.00275, Test loss=0.593, Test acc=0.15] 
 38%|███▊      | 75/200 [15:35<25:45, 12.37s/it, Train loss=0.0155, Train acc=0.00275, Test loss=0.593, Test acc=0.15]
 38%|███▊      | 75/200 [15:48<25:45, 12.37s/it, Train loss=0.0127, Train acc=0.00187, Test loss=0.614, Test acc=0.154]
 38%|███▊      | 76/200 [15:48<25:35, 12.38s/it, Train loss=0.0127, Train acc=0.00187, Test loss=0.614, Test acc=0.154]
 38%|███▊      | 76/200 [16:00<25:35, 12.38s/it, Train loss=0.0134, Train acc=0.00199, Test loss=0.655, Test acc=0.16] 
 38%|███▊      | 77/200 [16:00<25:24, 12.39s/it, Train loss=0.0134, Train acc=0.00199, Test loss=0.655, Test acc=0.16]
 38%|███▊      | 77/200 [16:13<25:24, 12.39s/it, Train loss=0.0131, Train acc=0.00213, Test loss=0.583, Test acc=0.148]
 39%|███▉      | 78/200 [16:13<25:11, 12.39s/it, Train loss=0.0131, Train acc=0.00213, Test loss=0.583, Test acc=0.148]
 39%|███▉      | 78/200 [16:25<25:11, 12.39s/it, Train loss=0.0102, Train acc=0.00179, Test loss=0.588, Test acc=0.145]
 40%|███▉      | 79/200 [16:25<24:57, 12.37s/it, Train loss=0.0102, Train acc=0.00179, Test loss=0.588, Test acc=0.145]
 40%|███▉      | 79/200 [16:37<24:57, 12.37s/it, Train loss=0.00985, Train acc=0.00153, Test loss=0.6, Test acc=0.15]  
 40%|████      | 80/200 [16:37<24:43, 12.36s/it, Train loss=0.00985, Train acc=0.00153, Test loss=0.6, Test acc=0.15]
 40%|████      | 80/200 [16:50<24:43, 12.36s/it, Train loss=0.01, Train acc=0.0013, Test loss=0.59, Test acc=0.148]  
 40%|████      | 81/200 [16:50<24:33, 12.38s/it, Train loss=0.01, Train acc=0.0013, Test loss=0.59, Test acc=0.148]
 40%|████      | 81/200 [17:02<24:33, 12.38s/it, Train loss=0.00756, Train acc=0.000996, Test loss=0.581, Test acc=0.146]
 41%|████      | 82/200 [17:02<24:22, 12.39s/it, Train loss=0.00756, Train acc=0.000996, Test loss=0.581, Test acc=0.146]
 41%|████      | 82/200 [17:15<24:22, 12.39s/it, Train loss=0.00742, Train acc=0.00118, Test loss=0.598, Test acc=0.151] 
 42%|████▏     | 83/200 [17:15<24:09, 12.39s/it, Train loss=0.00742, Train acc=0.00118, Test loss=0.598, Test acc=0.151]
 42%|████▏     | 83/200 [17:27<24:09, 12.39s/it, Train loss=0.0066, Train acc=0.000897, Test loss=0.585, Test acc=0.148]
 42%|████▏     | 84/200 [17:27<23:55, 12.38s/it, Train loss=0.0066, Train acc=0.000897, Test loss=0.585, Test acc=0.148]
 42%|████▏     | 84/200 [17:39<23:55, 12.38s/it, Train loss=0.00434, Train acc=0.000558, Test loss=0.587, Test acc=0.146]
 42%|████▎     | 85/200 [17:39<23:43, 12.38s/it, Train loss=0.00434, Train acc=0.000558, Test loss=0.587, Test acc=0.146]
 42%|████▎     | 85/200 [17:52<23:43, 12.38s/it, Train loss=0.00434, Train acc=0.000618, Test loss=0.593, Test acc=0.145]
 43%|████▎     | 86/200 [17:52<23:32, 12.39s/it, Train loss=0.00434, Train acc=0.000618, Test loss=0.593, Test acc=0.145]
 43%|████▎     | 86/200 [18:04<23:32, 12.39s/it, Train loss=0.00344, Train acc=0.000359, Test loss=0.586, Test acc=0.145]
 44%|████▎     | 87/200 [18:04<23:20, 12.39s/it, Train loss=0.00344, Train acc=0.000359, Test loss=0.586, Test acc=0.145]
 44%|████▎     | 87/200 [18:16<23:20, 12.39s/it, Train loss=0.00285, Train acc=0.000299, Test loss=0.584, Test acc=0.145]
 44%|████▍     | 88/200 [18:16<23:07, 12.39s/it, Train loss=0.00285, Train acc=0.000299, Test loss=0.584, Test acc=0.145]
 44%|████▍     | 88/200 [18:29<23:07, 12.39s/it, Train loss=0.00243, Train acc=0.000279, Test loss=0.587, Test acc=0.146]
 44%|████▍     | 89/200 [18:29<22:53, 12.37s/it, Train loss=0.00243, Train acc=0.000279, Test loss=0.587, Test acc=0.146]
 44%|████▍     | 89/200 [18:41<22:53, 12.37s/it, Train loss=0.00311, Train acc=0.000447, Test loss=0.606, Test acc=0.145]
 45%|████▌     | 90/200 [18:41<22:41, 12.37s/it, Train loss=0.00311, Train acc=0.000447, Test loss=0.606, Test acc=0.145]
 45%|████▌     | 90/200 [18:54<22:41, 12.37s/it, Train loss=0.00311, Train acc=0.000498, Test loss=0.598, Test acc=0.142]
 46%|████▌     | 91/200 [18:54<22:30, 12.39s/it, Train loss=0.00311, Train acc=0.000498, Test loss=0.598, Test acc=0.142]
 46%|████▌     | 91/200 [19:06<22:30, 12.39s/it, Train loss=0.00236, Train acc=0.000299, Test loss=0.593, Test acc=0.142]
 46%|████▌     | 92/200 [19:06<22:18, 12.39s/it, Train loss=0.00236, Train acc=0.000299, Test loss=0.593, Test acc=0.142]
 46%|████▌     | 92/200 [19:18<22:18, 12.39s/it, Train loss=0.00219, Train acc=0.000199, Test loss=0.591, Test acc=0.142]
 46%|████▋     | 93/200 [19:18<22:05, 12.38s/it, Train loss=0.00219, Train acc=0.000199, Test loss=0.591, Test acc=0.142]
 46%|████▋     | 93/200 [19:31<22:05, 12.38s/it, Train loss=0.00236, Train acc=0.000219, Test loss=0.588, Test acc=0.142]
 47%|████▋     | 94/200 [19:31<21:51, 12.37s/it, Train loss=0.00236, Train acc=0.000219, Test loss=0.588, Test acc=0.142]
 47%|████▋     | 94/200 [19:43<21:51, 12.37s/it, Train loss=0.00182, Train acc=0.000179, Test loss=0.592, Test acc=0.144]
 48%|████▊     | 95/200 [19:43<21:40, 12.38s/it, Train loss=0.00182, Train acc=0.000179, Test loss=0.592, Test acc=0.144]
 48%|████▊     | 95/200 [19:56<21:40, 12.38s/it, Train loss=0.00154, Train acc=0.00014, Test loss=0.591, Test acc=0.144] 
 48%|████▊     | 96/200 [19:56<21:28, 12.39s/it, Train loss=0.00154, Train acc=0.00014, Test loss=0.591, Test acc=0.144]
 48%|████▊     | 96/200 [20:08<21:28, 12.39s/it, Train loss=0.00127, Train acc=0.000159, Test loss=0.596, Test acc=0.144]
 48%|████▊     | 97/200 [20:08<21:16, 12.40s/it, Train loss=0.00127, Train acc=0.000159, Test loss=0.596, Test acc=0.144]
 48%|████▊     | 97/200 [20:20<21:16, 12.40s/it, Train loss=0.00141, Train acc=0.000159, Test loss=0.594, Test acc=0.142]
 49%|████▉     | 98/200 [20:20<21:03, 12.39s/it, Train loss=0.00141, Train acc=0.000159, Test loss=0.594, Test acc=0.142]
 49%|████▉     | 98/200 [20:33<21:03, 12.39s/it, Train loss=0.00127, Train acc=0.000159, Test loss=0.599, Test acc=0.143]
 50%|████▉     | 99/200 [20:33<20:50, 12.38s/it, Train loss=0.00127, Train acc=0.000159, Test loss=0.599, Test acc=0.143]
 50%|████▉     | 99/200 [20:45<20:50, 12.38s/it, Train loss=0.0011, Train acc=9.96e-5, Test loss=0.599, Test acc=0.143]  
 50%|█████     | 100/200 [20:45<20:38, 12.39s/it, Train loss=0.0011, Train acc=9.96e-5, Test loss=0.599, Test acc=0.143]
 50%|█████     | 100/200 [20:58<20:38, 12.39s/it, Train loss=0.00119, Train acc=0.000179, Test loss=0.599, Test acc=0.144]
 50%|█████     | 101/200 [20:58<20:27, 12.39s/it, Train loss=0.00119, Train acc=0.000179, Test loss=0.599, Test acc=0.144]
 50%|█████     | 101/200 [21:10<20:27, 12.39s/it, Train loss=0.00142, Train acc=0.000159, Test loss=0.6, Test acc=0.144]  
 51%|█████     | 102/200 [21:10<20:14, 12.40s/it, Train loss=0.00142, Train acc=0.000159, Test loss=0.6, Test acc=0.144]
 51%|█████     | 102/200 [21:22<20:14, 12.40s/it, Train loss=0.00127, Train acc=0.00014, Test loss=0.602, Test acc=0.143]
 52%|█████▏    | 103/200 [21:22<20:00, 12.38s/it, Train loss=0.00127, Train acc=0.00014, Test loss=0.602, Test acc=0.143]
 52%|█████▏    | 103/200 [21:35<20:00, 12.38s/it, Train loss=0.00101, Train acc=9.96e-5, Test loss=0.601, Test acc=0.143]
 52%|█████▏    | 104/200 [21:35<19:48, 12.38s/it, Train loss=0.00101, Train acc=9.96e-5, Test loss=0.601, Test acc=0.143]
 52%|█████▏    | 104/200 [21:47<19:48, 12.38s/it, Train loss=0.000969, Train acc=0.00012, Test loss=0.604, Test acc=0.142]
 52%|█████▎    | 105/200 [21:47<19:37, 12.40s/it, Train loss=0.000969, Train acc=0.00012, Test loss=0.604, Test acc=0.142]
 52%|█████▎    | 105/200 [21:59<19:37, 12.40s/it, Train loss=0.00089, Train acc=3.99e-5, Test loss=0.61, Test acc=0.144]  
 53%|█████▎    | 106/200 [21:59<19:26, 12.41s/it, Train loss=0.00089, Train acc=3.99e-5, Test loss=0.61, Test acc=0.144]
 53%|█████▎    | 106/200 [22:12<19:26, 12.41s/it, Train loss=0.000742, Train acc=7.97e-5, Test loss=0.606, Test acc=0.143]
 54%|█████▎    | 107/200 [22:12<19:14, 12.41s/it, Train loss=0.000742, Train acc=7.97e-5, Test loss=0.606, Test acc=0.143]
 54%|█████▎    | 107/200 [22:24<19:14, 12.41s/it, Train loss=0.000695, Train acc=3.99e-5, Test loss=0.608, Test acc=0.142]
 54%|█████▍    | 108/200 [22:24<19:00, 12.40s/it, Train loss=0.000695, Train acc=3.99e-5, Test loss=0.608, Test acc=0.142]
 54%|█████▍    | 108/200 [22:37<19:00, 12.40s/it, Train loss=0.000609, Train acc=1.99e-5, Test loss=0.609, Test acc=0.143]
 55%|█████▍    | 109/200 [22:37<18:48, 12.40s/it, Train loss=0.000609, Train acc=1.99e-5, Test loss=0.609, Test acc=0.143]
 55%|█████▍    | 109/200 [22:49<18:48, 12.40s/it, Train loss=0.000724, Train acc=5.98e-5, Test loss=0.608, Test acc=0.142]
 55%|█████▌    | 110/200 [22:49<18:37, 12.41s/it, Train loss=0.000724, Train acc=5.98e-5, Test loss=0.608, Test acc=0.142]
 55%|█████▌    | 110/200 [23:02<18:37, 12.41s/it, Train loss=0.000549, Train acc=1.99e-5, Test loss=0.608, Test acc=0.142]
 56%|█████▌    | 111/200 [23:02<18:24, 12.42s/it, Train loss=0.000549, Train acc=1.99e-5, Test loss=0.608, Test acc=0.142]
 56%|█████▌    | 111/200 [23:14<18:24, 12.42s/it, Train loss=0.000531, Train acc=1.99e-5, Test loss=0.61, Test acc=0.142] 
 56%|█████▌    | 112/200 [23:14<18:12, 12.41s/it, Train loss=0.000531, Train acc=1.99e-5, Test loss=0.61, Test acc=0.142]
 56%|█████▌    | 112/200 [23:26<18:12, 12.41s/it, Train loss=0.000623, Train acc=3.99e-5, Test loss=0.61, Test acc=0.141]
 56%|█████▋    | 113/200 [23:26<17:59, 12.40s/it, Train loss=0.000623, Train acc=3.99e-5, Test loss=0.61, Test acc=0.141]
 56%|█████▋    | 113/200 [23:39<17:59, 12.40s/it, Train loss=0.000495, Train acc=0, Test loss=0.607, Test acc=0.141]     
 57%|█████▋    | 114/200 [23:39<17:45, 12.39s/it, Train loss=0.000495, Train acc=0, Test loss=0.607, Test acc=0.141]
 57%|█████▋    | 114/200 [23:51<17:45, 12.39s/it, Train loss=0.000472, Train acc=0, Test loss=0.61, Test acc=0.14]  
 57%|█████▊    | 115/200 [23:51<17:34, 12.40s/it, Train loss=0.000472, Train acc=0, Test loss=0.61, Test acc=0.14]
 57%|█████▊    | 115/200 [24:04<17:34, 12.40s/it, Train loss=0.000455, Train acc=0, Test loss=0.611, Test acc=0.141]
 58%|█████▊    | 116/200 [24:04<17:23, 12.42s/it, Train loss=0.000455, Train acc=0, Test loss=0.611, Test acc=0.141]
 58%|█████▊    | 116/200 [24:17<17:23, 12.42s/it, Train loss=0.000434, Train acc=0, Test loss=0.615, Test acc=0.143]
 58%|█████▊    | 117/200 [24:17<17:35, 12.71s/it, Train loss=0.000434, Train acc=0, Test loss=0.615, Test acc=0.143]
 58%|█████▊    | 117/200 [24:29<17:35, 12.71s/it, Train loss=0.000444, Train acc=0, Test loss=0.613, Test acc=0.141]
 59%|█████▉    | 118/200 [24:29<17:14, 12.61s/it, Train loss=0.000444, Train acc=0, Test loss=0.613, Test acc=0.141]
 59%|█████▉    | 118/200 [24:42<17:14, 12.61s/it, Train loss=0.000434, Train acc=0, Test loss=0.617, Test acc=0.143]
 60%|█████▉    | 119/200 [24:42<16:55, 12.54s/it, Train loss=0.000434, Train acc=0, Test loss=0.617, Test acc=0.143]
 60%|█████▉    | 119/200 [24:54<16:55, 12.54s/it, Train loss=0.000437, Train acc=0, Test loss=0.617, Test acc=0.142]
 60%|██████    | 120/200 [24:54<16:41, 12.52s/it, Train loss=0.000437, Train acc=0, Test loss=0.617, Test acc=0.142]
 60%|██████    | 120/200 [25:07<16:41, 12.52s/it, Train loss=0.000427, Train acc=0, Test loss=0.615, Test acc=0.14] 
 60%|██████    | 121/200 [25:07<16:26, 12.49s/it, Train loss=0.000427, Train acc=0, Test loss=0.615, Test acc=0.14]
 60%|██████    | 121/200 [25:19<16:26, 12.49s/it, Train loss=0.000457, Train acc=1.99e-5, Test loss=0.619, Test acc=0.141]
 61%|██████    | 122/200 [25:19<16:12, 12.46s/it, Train loss=0.000457, Train acc=1.99e-5, Test loss=0.619, Test acc=0.141]
 61%|██████    | 122/200 [25:31<16:12, 12.46s/it, Train loss=0.000526, Train acc=1.99e-5, Test loss=0.616, Test acc=0.141]
 62%|██████▏   | 123/200 [25:31<15:58, 12.44s/it, Train loss=0.000526, Train acc=1.99e-5, Test loss=0.616, Test acc=0.141]
 62%|██████▏   | 123/200 [25:44<15:58, 12.44s/it, Train loss=0.000534, Train acc=1.99e-5, Test loss=0.62, Test acc=0.142] 
 62%|██████▏   | 124/200 [25:44<15:44, 12.43s/it, Train loss=0.000534, Train acc=1.99e-5, Test loss=0.62, Test acc=0.142]
 62%|██████▏   | 124/200 [25:56<15:44, 12.43s/it, Train loss=0.000382, Train acc=0, Test loss=0.621, Test acc=0.143]     
 62%|██████▎   | 125/200 [25:56<15:32, 12.43s/it, Train loss=0.000382, Train acc=0, Test loss=0.621, Test acc=0.143]
 62%|██████▎   | 125/200 [26:09<15:32, 12.43s/it, Train loss=0.000379, Train acc=0, Test loss=0.621, Test acc=0.141]
 63%|██████▎   | 126/200 [26:09<15:19, 12.43s/it, Train loss=0.000379, Train acc=0, Test loss=0.621, Test acc=0.141]
 63%|██████▎   | 126/200 [26:21<15:19, 12.43s/it, Train loss=0.000381, Train acc=0, Test loss=0.621, Test acc=0.144]
 64%|██████▎   | 127/200 [26:21<15:07, 12.42s/it, Train loss=0.000381, Train acc=0, Test loss=0.621, Test acc=0.144]
 64%|██████▎   | 127/200 [26:33<15:07, 12.42s/it, Train loss=0.000373, Train acc=0, Test loss=0.621, Test acc=0.141]
 64%|██████▍   | 128/200 [26:33<14:53, 12.40s/it, Train loss=0.000373, Train acc=0, Test loss=0.621, Test acc=0.141]
 64%|██████▍   | 128/200 [26:46<14:53, 12.40s/it, Train loss=0.000373, Train acc=0, Test loss=0.626, Test acc=0.141]
 64%|██████▍   | 129/200 [26:46<14:40, 12.40s/it, Train loss=0.000373, Train acc=0, Test loss=0.626, Test acc=0.141]
 64%|██████▍   | 129/200 [26:58<14:40, 12.40s/it, Train loss=0.000374, Train acc=0, Test loss=0.624, Test acc=0.142]
 65%|██████▌   | 130/200 [26:58<14:29, 12.42s/it, Train loss=0.000374, Train acc=0, Test loss=0.624, Test acc=0.142]
 65%|██████▌   | 130/200 [27:11<14:29, 12.42s/it, Train loss=0.000372, Train acc=0, Test loss=0.625, Test acc=0.142]
 66%|██████▌   | 131/200 [27:11<14:17, 12.43s/it, Train loss=0.000372, Train acc=0, Test loss=0.625, Test acc=0.142]
 66%|██████▌   | 131/200 [27:23<14:17, 12.43s/it, Train loss=0.000373, Train acc=1.99e-5, Test loss=0.621, Test acc=0.142]
 66%|██████▌   | 132/200 [27:23<14:04, 12.43s/it, Train loss=0.000373, Train acc=1.99e-5, Test loss=0.621, Test acc=0.142]
 66%|██████▌   | 132/200 [27:36<14:04, 12.43s/it, Train loss=0.000344, Train acc=0, Test loss=0.623, Test acc=0.14]       
 66%|██████▋   | 133/200 [27:36<13:51, 12.41s/it, Train loss=0.000344, Train acc=0, Test loss=0.623, Test acc=0.14]
 66%|██████▋   | 133/200 [27:48<13:51, 12.41s/it, Train loss=0.00035, Train acc=0, Test loss=0.626, Test acc=0.143]
 67%|██████▋   | 134/200 [27:48<13:38, 12.41s/it, Train loss=0.00035, Train acc=0, Test loss=0.626, Test acc=0.143]
 67%|██████▋   | 134/200 [28:00<13:38, 12.41s/it, Train loss=0.000346, Train acc=0, Test loss=0.624, Test acc=0.141]
 68%|██████▊   | 135/200 [28:00<13:27, 12.42s/it, Train loss=0.000346, Train acc=0, Test loss=0.624, Test acc=0.141]
 68%|██████▊   | 135/200 [28:13<13:27, 12.42s/it, Train loss=0.000347, Train acc=0, Test loss=0.625, Test acc=0.142]
 68%|██████▊   | 136/200 [28:13<13:15, 12.43s/it, Train loss=0.000347, Train acc=0, Test loss=0.625, Test acc=0.142]
 68%|██████▊   | 136/200 [28:25<13:15, 12.43s/it, Train loss=0.000341, Train acc=0, Test loss=0.625, Test acc=0.142]
 68%|██████▊   | 137/200 [28:25<13:02, 12.42s/it, Train loss=0.000341, Train acc=0, Test loss=0.625, Test acc=0.142]
 68%|██████▊   | 137/200 [28:38<13:02, 12.42s/it, Train loss=0.000336, Train acc=0, Test loss=0.627, Test acc=0.143]
 69%|██████▉   | 138/200 [28:38<12:48, 12.40s/it, Train loss=0.000336, Train acc=0, Test loss=0.627, Test acc=0.143]
 69%|██████▉   | 138/200 [28:50<12:48, 12.40s/it, Train loss=0.000331, Train acc=0, Test loss=0.623, Test acc=0.143]
 70%|██████▉   | 139/200 [28:50<12:36, 12.41s/it, Train loss=0.000331, Train acc=0, Test loss=0.623, Test acc=0.143]
 70%|██████▉   | 139/200 [29:02<12:36, 12.41s/it, Train loss=0.000337, Train acc=0, Test loss=0.625, Test acc=0.141]
 70%|███████   | 140/200 [29:02<12:24, 12.42s/it, Train loss=0.000337, Train acc=0, Test loss=0.625, Test acc=0.141]
 70%|███████   | 140/200 [29:15<12:24, 12.42s/it, Train loss=0.00033, Train acc=0, Test loss=0.625, Test acc=0.141] 
 70%|███████   | 141/200 [29:15<12:13, 12.43s/it, Train loss=0.00033, Train acc=0, Test loss=0.625, Test acc=0.141]
 70%|███████   | 141/200 [29:27<12:13, 12.43s/it, Train loss=0.000318, Train acc=0, Test loss=0.627, Test acc=0.141]
 71%|███████   | 142/200 [29:27<12:00, 12.42s/it, Train loss=0.000318, Train acc=0, Test loss=0.627, Test acc=0.141]
 71%|███████   | 142/200 [29:40<12:00, 12.42s/it, Train loss=0.000318, Train acc=0, Test loss=0.627, Test acc=0.142]
 72%|███████▏  | 143/200 [29:40<11:46, 12.39s/it, Train loss=0.000318, Train acc=0, Test loss=0.627, Test acc=0.142]
 72%|███████▏  | 143/200 [29:52<11:46, 12.39s/it, Train loss=0.000308, Train acc=0, Test loss=0.625, Test acc=0.142]
 72%|███████▏  | 144/200 [29:52<11:34, 12.40s/it, Train loss=0.000308, Train acc=0, Test loss=0.625, Test acc=0.142]
 72%|███████▏  | 144/200 [30:05<11:34, 12.40s/it, Train loss=0.000322, Train acc=0, Test loss=0.627, Test acc=0.141]
 72%|███████▎  | 145/200 [30:05<11:22, 12.41s/it, Train loss=0.000322, Train acc=0, Test loss=0.627, Test acc=0.141]
 72%|███████▎  | 145/200 [30:17<11:22, 12.41s/it, Train loss=0.000323, Train acc=0, Test loss=0.625, Test acc=0.142]
 73%|███████▎  | 146/200 [30:17<11:10, 12.42s/it, Train loss=0.000323, Train acc=0, Test loss=0.625, Test acc=0.142]
 73%|███████▎  | 146/200 [30:29<11:10, 12.42s/it, Train loss=0.000329, Train acc=0, Test loss=0.627, Test acc=0.142]
 74%|███████▎  | 147/200 [30:29<10:57, 12.41s/it, Train loss=0.000329, Train acc=0, Test loss=0.627, Test acc=0.142]
 74%|███████▎  | 147/200 [30:43<10:57, 12.41s/it, Train loss=0.000313, Train acc=0, Test loss=0.626, Test acc=0.141]
 74%|███████▍  | 148/200 [30:43<11:03, 12.76s/it, Train loss=0.000313, Train acc=0, Test loss=0.626, Test acc=0.141]
 74%|███████▍  | 148/200 [30:55<11:03, 12.76s/it, Train loss=0.000316, Train acc=0, Test loss=0.629, Test acc=0.144]
 74%|███████▍  | 149/200 [30:55<10:45, 12.65s/it, Train loss=0.000316, Train acc=0, Test loss=0.629, Test acc=0.144]
 74%|███████▍  | 149/200 [31:08<10:45, 12.65s/it, Train loss=0.00031, Train acc=0, Test loss=0.628, Test acc=0.143] 
 75%|███████▌  | 150/200 [31:08<10:28, 12.57s/it, Train loss=0.00031, Train acc=0, Test loss=0.628, Test acc=0.143]
 75%|███████▌  | 150/200 [31:22<10:28, 12.57s/it, Train loss=0.000302, Train acc=0, Test loss=0.629, Test acc=0.142]
 76%|███████▌  | 151/200 [31:22<10:41, 13.10s/it, Train loss=0.000302, Train acc=0, Test loss=0.629, Test acc=0.142]
 76%|███████▌  | 151/200 [31:35<10:41, 13.10s/it, Train loss=0.000293, Train acc=0, Test loss=0.627, Test acc=0.141]
 76%|███████▌  | 152/200 [31:35<10:22, 12.97s/it, Train loss=0.000293, Train acc=0, Test loss=0.627, Test acc=0.141]
 76%|███████▌  | 152/200 [31:47<10:22, 12.97s/it, Train loss=0.000302, Train acc=0, Test loss=0.628, Test acc=0.142]
 76%|███████▋  | 153/200 [31:47<10:00, 12.78s/it, Train loss=0.000302, Train acc=0, Test loss=0.628, Test acc=0.142]
 76%|███████▋  | 153/200 [31:59<10:00, 12.78s/it, Train loss=0.000303, Train acc=0, Test loss=0.626, Test acc=0.142]
 77%|███████▋  | 154/200 [31:59<09:42, 12.66s/it, Train loss=0.000303, Train acc=0, Test loss=0.626, Test acc=0.142]
 77%|███████▋  | 154/200 [32:12<09:42, 12.66s/it, Train loss=0.000302, Train acc=0, Test loss=0.628, Test acc=0.142]
 78%|███████▊  | 155/200 [32:12<09:26, 12.59s/it, Train loss=0.000302, Train acc=0, Test loss=0.628, Test acc=0.142]
 78%|███████▊  | 155/200 [32:24<09:26, 12.59s/it, Train loss=0.000303, Train acc=0, Test loss=0.63, Test acc=0.141] 
 78%|███████▊  | 156/200 [32:24<09:11, 12.54s/it, Train loss=0.000303, Train acc=0, Test loss=0.63, Test acc=0.141]
 78%|███████▊  | 156/200 [32:37<09:11, 12.54s/it, Train loss=0.000308, Train acc=0, Test loss=0.63, Test acc=0.141]
 78%|███████▊  | 157/200 [32:37<08:58, 12.53s/it, Train loss=0.000308, Train acc=0, Test loss=0.63, Test acc=0.141]
 78%|███████▊  | 157/200 [32:49<08:58, 12.53s/it, Train loss=0.000291, Train acc=0, Test loss=0.627, Test acc=0.142]
 79%|███████▉  | 158/200 [32:49<08:43, 12.47s/it, Train loss=0.000291, Train acc=0, Test loss=0.627, Test acc=0.142]
 79%|███████▉  | 158/200 [33:01<08:43, 12.47s/it, Train loss=0.000309, Train acc=0, Test loss=0.629, Test acc=0.142]
 80%|███████▉  | 159/200 [33:01<08:30, 12.44s/it, Train loss=0.000309, Train acc=0, Test loss=0.629, Test acc=0.142]
 80%|███████▉  | 159/200 [33:14<08:30, 12.44s/it, Train loss=0.000299, Train acc=0, Test loss=0.628, Test acc=0.142]
 80%|████████  | 160/200 [33:14<08:17, 12.43s/it, Train loss=0.000299, Train acc=0, Test loss=0.628, Test acc=0.142]
 80%|████████  | 160/200 [33:26<08:17, 12.43s/it, Train loss=0.000296, Train acc=0, Test loss=0.63, Test acc=0.143] 
 80%|████████  | 161/200 [33:26<08:05, 12.44s/it, Train loss=0.000296, Train acc=0, Test loss=0.63, Test acc=0.143]
 80%|████████  | 161/200 [33:39<08:05, 12.44s/it, Train loss=0.000293, Train acc=0, Test loss=0.629, Test acc=0.143]
 81%|████████  | 162/200 [33:39<07:51, 12.40s/it, Train loss=0.000293, Train acc=0, Test loss=0.629, Test acc=0.143]
 81%|████████  | 162/200 [33:51<07:51, 12.40s/it, Train loss=0.000288, Train acc=0, Test loss=0.631, Test acc=0.142]
 82%|████████▏ | 163/200 [33:51<07:37, 12.38s/it, Train loss=0.000288, Train acc=0, Test loss=0.631, Test acc=0.142]
 82%|████████▏ | 163/200 [34:03<07:37, 12.38s/it, Train loss=0.000298, Train acc=0, Test loss=0.629, Test acc=0.143]
 82%|████████▏ | 164/200 [34:03<07:25, 12.37s/it, Train loss=0.000298, Train acc=0, Test loss=0.629, Test acc=0.143]
 82%|████████▏ | 164/200 [34:16<07:25, 12.37s/it, Train loss=0.000286, Train acc=0, Test loss=0.63, Test acc=0.142] 
 82%|████████▎ | 165/200 [34:16<07:15, 12.43s/it, Train loss=0.000286, Train acc=0, Test loss=0.63, Test acc=0.142]
 82%|████████▎ | 165/200 [34:28<07:15, 12.43s/it, Train loss=0.000286, Train acc=0, Test loss=0.631, Test acc=0.142]
 83%|████████▎ | 166/200 [34:28<07:02, 12.43s/it, Train loss=0.000286, Train acc=0, Test loss=0.631, Test acc=0.142]
 83%|████████▎ | 166/200 [34:41<07:02, 12.43s/it, Train loss=0.000289, Train acc=0, Test loss=0.631, Test acc=0.142]
 84%|████████▎ | 167/200 [34:41<06:50, 12.43s/it, Train loss=0.000289, Train acc=0, Test loss=0.631, Test acc=0.142]
 84%|████████▎ | 167/200 [34:53<06:50, 12.43s/it, Train loss=0.000287, Train acc=0, Test loss=0.63, Test acc=0.141] 
 84%|████████▍ | 168/200 [34:53<06:36, 12.41s/it, Train loss=0.000287, Train acc=0, Test loss=0.63, Test acc=0.141]
 84%|████████▍ | 168/200 [35:05<06:36, 12.41s/it, Train loss=0.000286, Train acc=0, Test loss=0.631, Test acc=0.142]
 84%|████████▍ | 169/200 [35:05<06:24, 12.40s/it, Train loss=0.000286, Train acc=0, Test loss=0.631, Test acc=0.142]
 84%|████████▍ | 169/200 [35:18<06:24, 12.40s/it, Train loss=0.000284, Train acc=0, Test loss=0.631, Test acc=0.142]
 85%|████████▌ | 170/200 [35:18<06:12, 12.41s/it, Train loss=0.000284, Train acc=0, Test loss=0.631, Test acc=0.142]
 85%|████████▌ | 170/200 [35:30<06:12, 12.41s/it, Train loss=0.000286, Train acc=0, Test loss=0.632, Test acc=0.141]
 86%|████████▌ | 171/200 [35:30<06:00, 12.43s/it, Train loss=0.000286, Train acc=0, Test loss=0.632, Test acc=0.141]
 86%|████████▌ | 171/200 [35:43<06:00, 12.43s/it, Train loss=0.000287, Train acc=0, Test loss=0.634, Test acc=0.143]
 86%|████████▌ | 172/200 [35:43<05:48, 12.43s/it, Train loss=0.000287, Train acc=0, Test loss=0.634, Test acc=0.143]
 86%|████████▌ | 172/200 [35:55<05:48, 12.43s/it, Train loss=0.000285, Train acc=0, Test loss=0.63, Test acc=0.141] 
 86%|████████▋ | 173/200 [35:55<05:35, 12.42s/it, Train loss=0.000285, Train acc=0, Test loss=0.63, Test acc=0.141]
 86%|████████▋ | 173/200 [36:08<05:35, 12.42s/it, Train loss=0.000282, Train acc=0, Test loss=0.631, Test acc=0.143]
 87%|████████▋ | 174/200 [36:08<05:22, 12.41s/it, Train loss=0.000282, Train acc=0, Test loss=0.631, Test acc=0.143]
 87%|████████▋ | 174/200 [36:20<05:22, 12.41s/it, Train loss=0.000293, Train acc=0, Test loss=0.628, Test acc=0.141]
 88%|████████▊ | 175/200 [36:20<05:10, 12.43s/it, Train loss=0.000293, Train acc=0, Test loss=0.628, Test acc=0.141]
 88%|████████▊ | 175/200 [36:33<05:10, 12.43s/it, Train loss=0.000273, Train acc=0, Test loss=0.63, Test acc=0.142] 
 88%|████████▊ | 176/200 [36:33<04:58, 12.43s/it, Train loss=0.000273, Train acc=0, Test loss=0.63, Test acc=0.142]
 88%|████████▊ | 176/200 [36:45<04:58, 12.43s/it, Train loss=0.000294, Train acc=0, Test loss=0.632, Test acc=0.142]
 88%|████████▊ | 177/200 [36:45<04:46, 12.44s/it, Train loss=0.000294, Train acc=0, Test loss=0.632, Test acc=0.142]
 88%|████████▊ | 177/200 [36:57<04:46, 12.44s/it, Train loss=0.000282, Train acc=0, Test loss=0.631, Test acc=0.143]
 89%|████████▉ | 178/200 [36:57<04:33, 12.42s/it, Train loss=0.000282, Train acc=0, Test loss=0.631, Test acc=0.143]
 89%|████████▉ | 178/200 [37:10<04:33, 12.42s/it, Train loss=0.000279, Train acc=0, Test loss=0.632, Test acc=0.142]
 90%|████████▉ | 179/200 [37:10<04:20, 12.43s/it, Train loss=0.000279, Train acc=0, Test loss=0.632, Test acc=0.142]
 90%|████████▉ | 179/200 [37:22<04:20, 12.43s/it, Train loss=0.000278, Train acc=0, Test loss=0.636, Test acc=0.142]
 90%|█████████ | 180/200 [37:22<04:08, 12.43s/it, Train loss=0.000278, Train acc=0, Test loss=0.636, Test acc=0.142]
 90%|█████████ | 180/200 [37:35<04:08, 12.43s/it, Train loss=0.000291, Train acc=0, Test loss=0.633, Test acc=0.143]
 90%|█████████ | 181/200 [37:35<03:56, 12.43s/it, Train loss=0.000291, Train acc=0, Test loss=0.633, Test acc=0.143]
 90%|█████████ | 181/200 [37:47<03:56, 12.43s/it, Train loss=0.000286, Train acc=0, Test loss=0.635, Test acc=0.142]
 91%|█████████ | 182/200 [37:47<03:43, 12.40s/it, Train loss=0.000286, Train acc=0, Test loss=0.635, Test acc=0.142]
 91%|█████████ | 182/200 [37:59<03:43, 12.40s/it, Train loss=0.000282, Train acc=0, Test loss=0.632, Test acc=0.14] 
 92%|█████████▏| 183/200 [37:59<03:29, 12.35s/it, Train loss=0.000282, Train acc=0, Test loss=0.632, Test acc=0.14]
 92%|█████████▏| 183/200 [38:11<03:29, 12.35s/it, Train loss=0.000276, Train acc=0, Test loss=0.63, Test acc=0.142]
 92%|█████████▏| 184/200 [38:11<03:17, 12.32s/it, Train loss=0.000276, Train acc=0, Test loss=0.63, Test acc=0.142]
 92%|█████████▏| 184/200 [38:24<03:17, 12.32s/it, Train loss=0.000278, Train acc=0, Test loss=0.631, Test acc=0.141]
 92%|█████████▎| 185/200 [38:24<03:04, 12.31s/it, Train loss=0.000278, Train acc=0, Test loss=0.631, Test acc=0.141]
 92%|█████████▎| 185/200 [38:36<03:04, 12.31s/it, Train loss=0.000275, Train acc=0, Test loss=0.634, Test acc=0.142]
 93%|█████████▎| 186/200 [38:36<02:52, 12.31s/it, Train loss=0.000275, Train acc=0, Test loss=0.634, Test acc=0.142]
 93%|█████████▎| 186/200 [38:48<02:52, 12.31s/it, Train loss=0.000277, Train acc=0, Test loss=0.632, Test acc=0.143]
 94%|█████████▎| 187/200 [38:48<02:39, 12.30s/it, Train loss=0.000277, Train acc=0, Test loss=0.632, Test acc=0.143]
 94%|█████████▎| 187/200 [39:01<02:39, 12.30s/it, Train loss=0.000292, Train acc=0, Test loss=0.63, Test acc=0.144] 
 94%|█████████▍| 188/200 [39:01<02:27, 12.27s/it, Train loss=0.000292, Train acc=0, Test loss=0.63, Test acc=0.144]
 94%|█████████▍| 188/200 [39:13<02:27, 12.27s/it, Train loss=0.00028, Train acc=0, Test loss=0.634, Test acc=0.142]
 94%|█████████▍| 189/200 [39:13<02:14, 12.25s/it, Train loss=0.00028, Train acc=0, Test loss=0.634, Test acc=0.142]
 94%|█████████▍| 189/200 [39:25<02:14, 12.25s/it, Train loss=0.000275, Train acc=0, Test loss=0.633, Test acc=0.142]
 95%|█████████▌| 190/200 [39:25<02:02, 12.25s/it, Train loss=0.000275, Train acc=0, Test loss=0.633, Test acc=0.142]
 95%|█████████▌| 190/200 [39:37<02:02, 12.25s/it, Train loss=0.000274, Train acc=0, Test loss=0.634, Test acc=0.143]
 96%|█████████▌| 191/200 [39:37<01:50, 12.25s/it, Train loss=0.000274, Train acc=0, Test loss=0.634, Test acc=0.143]
 96%|█████████▌| 191/200 [39:49<01:50, 12.25s/it, Train loss=0.000283, Train acc=0, Test loss=0.632, Test acc=0.142]
 96%|█████████▌| 192/200 [39:49<01:37, 12.24s/it, Train loss=0.000283, Train acc=0, Test loss=0.632, Test acc=0.142]
 96%|█████████▌| 192/200 [40:02<01:37, 12.24s/it, Train loss=0.000279, Train acc=0, Test loss=0.64, Test acc=0.145] 
 96%|█████████▋| 193/200 [40:02<01:25, 12.22s/it, Train loss=0.000279, Train acc=0, Test loss=0.64, Test acc=0.145]
 96%|█████████▋| 193/200 [40:14<01:25, 12.22s/it, Train loss=0.000279, Train acc=0, Test loss=0.632, Test acc=0.141]
 97%|█████████▋| 194/200 [40:14<01:13, 12.21s/it, Train loss=0.000279, Train acc=0, Test loss=0.632, Test acc=0.141]
 97%|█████████▋| 194/200 [40:26<01:13, 12.21s/it, Train loss=0.000277, Train acc=0, Test loss=0.632, Test acc=0.142]
 98%|█████████▊| 195/200 [40:26<01:01, 12.22s/it, Train loss=0.000277, Train acc=0, Test loss=0.632, Test acc=0.142]
 98%|█████████▊| 195/200 [40:38<01:01, 12.22s/it, Train loss=0.000278, Train acc=0, Test loss=0.632, Test acc=0.142]
 98%|█████████▊| 196/200 [40:38<00:48, 12.23s/it, Train loss=0.000278, Train acc=0, Test loss=0.632, Test acc=0.142]
 98%|█████████▊| 196/200 [40:51<00:48, 12.23s/it, Train loss=0.000285, Train acc=0, Test loss=0.634, Test acc=0.143]
 98%|█████████▊| 197/200 [40:51<00:36, 12.23s/it, Train loss=0.000285, Train acc=0, Test loss=0.634, Test acc=0.143]
 98%|█████████▊| 197/200 [41:03<00:36, 12.23s/it, Train loss=0.000279, Train acc=0, Test loss=0.633, Test acc=0.141]
 99%|█████████▉| 198/200 [41:03<00:24, 12.21s/it, Train loss=0.000279, Train acc=0, Test loss=0.633, Test acc=0.141]
 99%|█████████▉| 198/200 [41:15<00:24, 12.21s/it, Train loss=0.000285, Train acc=0, Test loss=0.631, Test acc=0.141]
100%|█████████▉| 199/200 [41:15<00:12, 12.20s/it, Train loss=0.000285, Train acc=0, Test loss=0.631, Test acc=0.141]
100%|█████████▉| 199/200 [41:27<00:12, 12.20s/it, Train loss=0.000305, Train acc=0, Test loss=0.631, Test acc=0.143]
100%|██████████| 200/200 [41:27<00:00, 12.21s/it, Train loss=0.000305, Train acc=0, Test loss=0.631, Test acc=0.143]
100%|██████████| 200/200 [41:27<00:00, 12.44s/it, Train loss=0.000305, Train acc=0, Test loss=0.631, Test acc=0.143]
