Files already downloaded and verified
Files already downloaded and verified
load resnet18...

  0%|          | 0/200 [00:00<?, ?it/s]
  0%|          | 0/200 [00:14<?, ?it/s, Train loss=2.06, Train acc=0.735, Test loss=2.29, Test acc=0.749]
  0%|          | 1/200 [00:14<49:16, 14.86s/it, Train loss=2.06, Train acc=0.735, Test loss=2.29, Test acc=0.749]
  0%|          | 1/200 [00:28<49:16, 14.86s/it, Train loss=1.66, Train acc=0.627, Test loss=1.82, Test acc=0.646]
  1%|          | 2/200 [00:28<47:34, 14.42s/it, Train loss=1.66, Train acc=0.627, Test loss=1.82, Test acc=0.646]
  1%|          | 2/200 [00:41<47:34, 14.42s/it, Train loss=1.51, Train acc=0.563, Test loss=1.93, Test acc=0.654]
  2%|▏         | 3/200 [00:41<44:10, 13.46s/it, Train loss=1.51, Train acc=0.563, Test loss=1.93, Test acc=0.654]
  2%|▏         | 3/200 [00:53<44:10, 13.46s/it, Train loss=1.41, Train acc=0.518, Test loss=1.93, Test acc=0.638]
  2%|▏         | 4/200 [00:53<42:27, 13.00s/it, Train loss=1.41, Train acc=0.518, Test loss=1.93, Test acc=0.638]
  2%|▏         | 4/200 [01:05<42:27, 13.00s/it, Train loss=1.31, Train acc=0.483, Test loss=1.55, Test acc=0.559]
  2%|▎         | 5/200 [01:05<41:25, 12.75s/it, Train loss=1.31, Train acc=0.483, Test loss=1.55, Test acc=0.559]
  2%|▎         | 5/200 [01:18<41:25, 12.75s/it, Train loss=1.22, Train acc=0.448, Test loss=1.32, Test acc=0.491]
  3%|▎         | 6/200 [01:18<40:41, 12.58s/it, Train loss=1.22, Train acc=0.448, Test loss=1.32, Test acc=0.491]
  3%|▎         | 6/200 [01:30<40:41, 12.58s/it, Train loss=1.14, Train acc=0.413, Test loss=1.2, Test acc=0.432] 
  4%|▎         | 7/200 [01:30<40:09, 12.48s/it, Train loss=1.14, Train acc=0.413, Test loss=1.2, Test acc=0.432]
  4%|▎         | 7/200 [01:42<40:09, 12.48s/it, Train loss=1.05, Train acc=0.38, Test loss=1.52, Test acc=0.526]
  4%|▍         | 8/200 [01:42<39:46, 12.43s/it, Train loss=1.05, Train acc=0.38, Test loss=1.52, Test acc=0.526]
  4%|▍         | 8/200 [01:55<39:46, 12.43s/it, Train loss=0.979, Train acc=0.352, Test loss=1.17, Test acc=0.431]
  4%|▍         | 9/200 [01:55<39:25, 12.39s/it, Train loss=0.979, Train acc=0.352, Test loss=1.17, Test acc=0.431]
  4%|▍         | 9/200 [02:07<39:25, 12.39s/it, Train loss=0.917, Train acc=0.33, Test loss=1.44, Test acc=0.493] 
  5%|▌         | 10/200 [02:07<39:05, 12.34s/it, Train loss=0.917, Train acc=0.33, Test loss=1.44, Test acc=0.493]
  5%|▌         | 10/200 [02:19<39:05, 12.34s/it, Train loss=0.864, Train acc=0.308, Test loss=1.13, Test acc=0.4] 
  6%|▌         | 11/200 [02:19<38:51, 12.33s/it, Train loss=0.864, Train acc=0.308, Test loss=1.13, Test acc=0.4]
  6%|▌         | 11/200 [02:31<38:51, 12.33s/it, Train loss=0.801, Train acc=0.286, Test loss=1.86, Test acc=0.547]
  6%|▌         | 12/200 [02:31<38:35, 12.32s/it, Train loss=0.801, Train acc=0.286, Test loss=1.86, Test acc=0.547]
  6%|▌         | 12/200 [02:44<38:35, 12.32s/it, Train loss=0.764, Train acc=0.27, Test loss=1.07, Test acc=0.367] 
  6%|▋         | 13/200 [02:44<38:21, 12.31s/it, Train loss=0.764, Train acc=0.27, Test loss=1.07, Test acc=0.367]
  6%|▋         | 13/200 [02:56<38:21, 12.31s/it, Train loss=0.712, Train acc=0.251, Test loss=1.32, Test acc=0.416]
  7%|▋         | 14/200 [02:56<38:09, 12.31s/it, Train loss=0.712, Train acc=0.251, Test loss=1.32, Test acc=0.416]
  7%|▋         | 14/200 [03:08<38:09, 12.31s/it, Train loss=0.684, Train acc=0.242, Test loss=0.822, Test acc=0.282]
  8%|▊         | 15/200 [03:08<38:00, 12.33s/it, Train loss=0.684, Train acc=0.242, Test loss=0.822, Test acc=0.282]
  8%|▊         | 15/200 [03:21<38:00, 12.33s/it, Train loss=0.652, Train acc=0.228, Test loss=0.98, Test acc=0.334] 
  8%|▊         | 16/200 [03:21<38:01, 12.40s/it, Train loss=0.652, Train acc=0.228, Test loss=0.98, Test acc=0.334]
  8%|▊         | 16/200 [03:34<38:01, 12.40s/it, Train loss=0.609, Train acc=0.212, Test loss=0.794, Test acc=0.266]
  8%|▊         | 17/200 [03:34<38:33, 12.64s/it, Train loss=0.609, Train acc=0.212, Test loss=0.794, Test acc=0.266]
  8%|▊         | 17/200 [03:47<38:33, 12.64s/it, Train loss=0.578, Train acc=0.202, Test loss=1.17, Test acc=0.373] 
  9%|▉         | 18/200 [03:47<38:08, 12.57s/it, Train loss=0.578, Train acc=0.202, Test loss=1.17, Test acc=0.373]
  9%|▉         | 18/200 [03:59<38:08, 12.57s/it, Train loss=0.56, Train acc=0.195, Test loss=1.08, Test acc=0.345] 
 10%|▉         | 19/200 [03:59<37:47, 12.53s/it, Train loss=0.56, Train acc=0.195, Test loss=1.08, Test acc=0.345]
 10%|▉         | 19/200 [04:11<37:47, 12.53s/it, Train loss=0.536, Train acc=0.187, Test loss=0.815, Test acc=0.275]
 10%|█         | 20/200 [04:11<37:26, 12.48s/it, Train loss=0.536, Train acc=0.187, Test loss=0.815, Test acc=0.275]
 10%|█         | 20/200 [04:24<37:26, 12.48s/it, Train loss=0.51, Train acc=0.178, Test loss=0.843, Test acc=0.283] 
 10%|█         | 21/200 [04:24<37:09, 12.45s/it, Train loss=0.51, Train acc=0.178, Test loss=0.843, Test acc=0.283]
 10%|█         | 21/200 [04:36<37:09, 12.45s/it, Train loss=0.48, Train acc=0.165, Test loss=1.48, Test acc=0.396] 
 11%|█         | 22/200 [04:36<36:53, 12.43s/it, Train loss=0.48, Train acc=0.165, Test loss=1.48, Test acc=0.396]
 11%|█         | 22/200 [04:48<36:53, 12.43s/it, Train loss=0.471, Train acc=0.163, Test loss=1.05, Test acc=0.328]
 12%|█▏        | 23/200 [04:48<36:37, 12.42s/it, Train loss=0.471, Train acc=0.163, Test loss=1.05, Test acc=0.328]
 12%|█▏        | 23/200 [05:01<36:37, 12.42s/it, Train loss=0.456, Train acc=0.159, Test loss=1.06, Test acc=0.328]
 12%|█▏        | 24/200 [05:01<36:28, 12.44s/it, Train loss=0.456, Train acc=0.159, Test loss=1.06, Test acc=0.328]
 12%|█▏        | 24/200 [05:13<36:28, 12.44s/it, Train loss=0.429, Train acc=0.148, Test loss=0.781, Test acc=0.252]
 12%|█▎        | 25/200 [05:13<36:14, 12.43s/it, Train loss=0.429, Train acc=0.148, Test loss=0.781, Test acc=0.252]
 12%|█▎        | 25/200 [05:26<36:14, 12.43s/it, Train loss=0.406, Train acc=0.14, Test loss=0.735, Test acc=0.239] 
 13%|█▎        | 26/200 [05:26<36:00, 12.42s/it, Train loss=0.406, Train acc=0.14, Test loss=0.735, Test acc=0.239]
 13%|█▎        | 26/200 [05:38<36:00, 12.42s/it, Train loss=0.39, Train acc=0.135, Test loss=0.693, Test acc=0.229]
 14%|█▎        | 27/200 [05:38<35:47, 12.41s/it, Train loss=0.39, Train acc=0.135, Test loss=0.693, Test acc=0.229]
 14%|█▎        | 27/200 [05:51<35:47, 12.41s/it, Train loss=0.37, Train acc=0.127, Test loss=0.772, Test acc=0.253]
 14%|█▍        | 28/200 [05:51<35:38, 12.43s/it, Train loss=0.37, Train acc=0.127, Test loss=0.772, Test acc=0.253]
 14%|█▍        | 28/200 [06:03<35:38, 12.43s/it, Train loss=0.35, Train acc=0.118, Test loss=0.825, Test acc=0.262]
 14%|█▍        | 29/200 [06:03<35:28, 12.45s/it, Train loss=0.35, Train acc=0.118, Test loss=0.825, Test acc=0.262]
 14%|█▍        | 29/200 [06:16<35:28, 12.45s/it, Train loss=0.338, Train acc=0.115, Test loss=0.687, Test acc=0.222]
 15%|█▌        | 30/200 [06:16<35:16, 12.45s/it, Train loss=0.338, Train acc=0.115, Test loss=0.687, Test acc=0.222]
 15%|█▌        | 30/200 [06:28<35:16, 12.45s/it, Train loss=0.317, Train acc=0.106, Test loss=0.961, Test acc=0.269]
 16%|█▌        | 31/200 [06:28<35:02, 12.44s/it, Train loss=0.317, Train acc=0.106, Test loss=0.961, Test acc=0.269]
 16%|█▌        | 31/200 [06:40<35:02, 12.44s/it, Train loss=0.317, Train acc=0.107, Test loss=0.723, Test acc=0.234]
 16%|█▌        | 32/200 [06:40<34:52, 12.45s/it, Train loss=0.317, Train acc=0.107, Test loss=0.723, Test acc=0.234]
 16%|█▌        | 32/200 [06:53<34:52, 12.45s/it, Train loss=0.296, Train acc=0.101, Test loss=0.698, Test acc=0.221]
 16%|█▋        | 33/200 [06:53<34:38, 12.45s/it, Train loss=0.296, Train acc=0.101, Test loss=0.698, Test acc=0.221]
 16%|█▋        | 33/200 [07:05<34:38, 12.45s/it, Train loss=0.289, Train acc=0.0978, Test loss=0.929, Test acc=0.266]
 17%|█▋        | 34/200 [07:05<34:29, 12.46s/it, Train loss=0.289, Train acc=0.0978, Test loss=0.929, Test acc=0.266]
 17%|█▋        | 34/200 [07:18<34:29, 12.46s/it, Train loss=0.272, Train acc=0.0909, Test loss=0.817, Test acc=0.256]
 18%|█▊        | 35/200 [07:18<34:16, 12.46s/it, Train loss=0.272, Train acc=0.0909, Test loss=0.817, Test acc=0.256]
 18%|█▊        | 35/200 [07:30<34:16, 12.46s/it, Train loss=0.257, Train acc=0.0871, Test loss=0.639, Test acc=0.204]
 18%|█▊        | 36/200 [07:30<34:01, 12.45s/it, Train loss=0.257, Train acc=0.0871, Test loss=0.639, Test acc=0.204]
 18%|█▊        | 36/200 [07:43<34:01, 12.45s/it, Train loss=0.236, Train acc=0.0777, Test loss=0.766, Test acc=0.238]
 18%|█▊        | 37/200 [07:43<33:47, 12.44s/it, Train loss=0.236, Train acc=0.0777, Test loss=0.766, Test acc=0.238]
 18%|█▊        | 37/200 [07:56<33:47, 12.44s/it, Train loss=0.239, Train acc=0.0785, Test loss=0.763, Test acc=0.218]
 19%|█▉        | 38/200 [07:56<34:16, 12.69s/it, Train loss=0.239, Train acc=0.0785, Test loss=0.763, Test acc=0.218]
 19%|█▉        | 38/200 [08:10<34:16, 12.69s/it, Train loss=0.218, Train acc=0.0705, Test loss=0.765, Test acc=0.237]
 20%|█▉        | 39/200 [08:10<35:12, 13.12s/it, Train loss=0.218, Train acc=0.0705, Test loss=0.765, Test acc=0.237]
 20%|█▉        | 39/200 [08:24<35:12, 13.12s/it, Train loss=0.208, Train acc=0.0679, Test loss=0.59, Test acc=0.185] 
 20%|██        | 40/200 [08:24<35:37, 13.36s/it, Train loss=0.208, Train acc=0.0679, Test loss=0.59, Test acc=0.185]
 20%|██        | 40/200 [08:36<35:37, 13.36s/it, Train loss=0.2, Train acc=0.0655, Test loss=0.647, Test acc=0.195] 
 20%|██        | 41/200 [08:36<34:33, 13.04s/it, Train loss=0.2, Train acc=0.0655, Test loss=0.647, Test acc=0.195]
 20%|██        | 41/200 [08:50<34:33, 13.04s/it, Train loss=0.186, Train acc=0.0619, Test loss=0.85, Test acc=0.234]
 21%|██        | 42/200 [08:50<34:32, 13.12s/it, Train loss=0.186, Train acc=0.0619, Test loss=0.85, Test acc=0.234]
 21%|██        | 42/200 [09:02<34:32, 13.12s/it, Train loss=0.185, Train acc=0.0594, Test loss=0.811, Test acc=0.22]
 22%|██▏       | 43/200 [09:02<34:00, 12.99s/it, Train loss=0.185, Train acc=0.0594, Test loss=0.811, Test acc=0.22]
 22%|██▏       | 43/200 [09:16<34:00, 12.99s/it, Train loss=0.171, Train acc=0.0554, Test loss=0.693, Test acc=0.201]
 22%|██▏       | 44/200 [09:16<34:29, 13.26s/it, Train loss=0.171, Train acc=0.0554, Test loss=0.693, Test acc=0.201]
 22%|██▏       | 44/200 [09:29<34:29, 13.26s/it, Train loss=0.161, Train acc=0.0508, Test loss=0.636, Test acc=0.184]
 22%|██▎       | 45/200 [09:29<33:37, 13.02s/it, Train loss=0.161, Train acc=0.0508, Test loss=0.636, Test acc=0.184]
 22%|██▎       | 45/200 [09:41<33:37, 13.02s/it, Train loss=0.157, Train acc=0.0501, Test loss=0.77, Test acc=0.212] 
 23%|██▎       | 46/200 [09:41<32:57, 12.84s/it, Train loss=0.157, Train acc=0.0501, Test loss=0.77, Test acc=0.212]
 23%|██▎       | 46/200 [09:54<32:57, 12.84s/it, Train loss=0.156, Train acc=0.0496, Test loss=0.784, Test acc=0.212]
 24%|██▎       | 47/200 [09:54<32:25, 12.71s/it, Train loss=0.156, Train acc=0.0496, Test loss=0.784, Test acc=0.212]
 24%|██▎       | 47/200 [10:06<32:25, 12.71s/it, Train loss=0.141, Train acc=0.0434, Test loss=0.671, Test acc=0.188]
 24%|██▍       | 48/200 [10:06<32:11, 12.71s/it, Train loss=0.141, Train acc=0.0434, Test loss=0.671, Test acc=0.188]
 24%|██▍       | 48/200 [10:20<32:11, 12.71s/it, Train loss=0.133, Train acc=0.0418, Test loss=0.755, Test acc=0.203]
 24%|██▍       | 49/200 [10:20<32:56, 13.09s/it, Train loss=0.133, Train acc=0.0418, Test loss=0.755, Test acc=0.203]
 24%|██▍       | 49/200 [10:34<32:56, 13.09s/it, Train loss=0.128, Train acc=0.0392, Test loss=0.742, Test acc=0.198]
 25%|██▌       | 50/200 [10:34<33:19, 13.33s/it, Train loss=0.128, Train acc=0.0392, Test loss=0.742, Test acc=0.198]
 25%|██▌       | 50/200 [10:47<33:19, 13.33s/it, Train loss=0.125, Train acc=0.0387, Test loss=0.673, Test acc=0.19] 
 26%|██▌       | 51/200 [10:47<32:57, 13.27s/it, Train loss=0.125, Train acc=0.0387, Test loss=0.673, Test acc=0.19]
 26%|██▌       | 51/200 [11:00<32:57, 13.27s/it, Train loss=0.115, Train acc=0.0344, Test loss=0.67, Test acc=0.184]
 26%|██▌       | 52/200 [11:00<32:03, 13.00s/it, Train loss=0.115, Train acc=0.0344, Test loss=0.67, Test acc=0.184]
 26%|██▌       | 52/200 [11:12<32:03, 13.00s/it, Train loss=0.11, Train acc=0.0329, Test loss=0.652, Test acc=0.192]
 26%|██▋       | 53/200 [11:12<31:24, 12.82s/it, Train loss=0.11, Train acc=0.0329, Test loss=0.652, Test acc=0.192]
 26%|██▋       | 53/200 [11:24<31:24, 12.82s/it, Train loss=0.102, Train acc=0.0292, Test loss=0.721, Test acc=0.189]
 27%|██▋       | 54/200 [11:24<30:58, 12.73s/it, Train loss=0.102, Train acc=0.0292, Test loss=0.721, Test acc=0.189]
 27%|██▋       | 54/200 [11:37<30:58, 12.73s/it, Train loss=0.0933, Train acc=0.0278, Test loss=0.67, Test acc=0.182]
 28%|██▊       | 55/200 [11:37<30:38, 12.68s/it, Train loss=0.0933, Train acc=0.0278, Test loss=0.67, Test acc=0.182]
 28%|██▊       | 55/200 [11:50<30:38, 12.68s/it, Train loss=0.0929, Train acc=0.0268, Test loss=0.67, Test acc=0.181]
 28%|██▊       | 56/200 [11:50<30:17, 12.62s/it, Train loss=0.0929, Train acc=0.0268, Test loss=0.67, Test acc=0.181]
 28%|██▊       | 56/200 [12:03<30:17, 12.62s/it, Train loss=0.0925, Train acc=0.0272, Test loss=0.771, Test acc=0.19]
 28%|██▊       | 57/200 [12:03<30:24, 12.76s/it, Train loss=0.0925, Train acc=0.0272, Test loss=0.771, Test acc=0.19]
 28%|██▊       | 57/200 [12:16<30:24, 12.76s/it, Train loss=0.0795, Train acc=0.0226, Test loss=0.656, Test acc=0.171]
 29%|██▉       | 58/200 [12:16<30:24, 12.85s/it, Train loss=0.0795, Train acc=0.0226, Test loss=0.656, Test acc=0.171]
 29%|██▉       | 58/200 [12:28<30:24, 12.85s/it, Train loss=0.0787, Train acc=0.0224, Test loss=0.665, Test acc=0.177]
 30%|██▉       | 59/200 [12:28<29:53, 12.72s/it, Train loss=0.0787, Train acc=0.0224, Test loss=0.665, Test acc=0.177]
 30%|██▉       | 59/200 [12:41<29:53, 12.72s/it, Train loss=0.0738, Train acc=0.0209, Test loss=0.76, Test acc=0.19]  
 30%|███       | 60/200 [12:41<29:34, 12.67s/it, Train loss=0.0738, Train acc=0.0209, Test loss=0.76, Test acc=0.19]
 30%|███       | 60/200 [12:53<29:34, 12.67s/it, Train loss=0.0668, Train acc=0.0182, Test loss=0.681, Test acc=0.176]
 30%|███       | 61/200 [12:53<29:13, 12.62s/it, Train loss=0.0668, Train acc=0.0182, Test loss=0.681, Test acc=0.176]
 30%|███       | 61/200 [13:06<29:13, 12.62s/it, Train loss=0.0655, Train acc=0.018, Test loss=0.683, Test acc=0.175] 
 31%|███       | 62/200 [13:06<28:54, 12.57s/it, Train loss=0.0655, Train acc=0.018, Test loss=0.683, Test acc=0.175]
 31%|███       | 62/200 [13:18<28:54, 12.57s/it, Train loss=0.0637, Train acc=0.0159, Test loss=0.645, Test acc=0.164]
 32%|███▏      | 63/200 [13:18<28:55, 12.67s/it, Train loss=0.0637, Train acc=0.0159, Test loss=0.645, Test acc=0.164]
 32%|███▏      | 63/200 [13:31<28:55, 12.67s/it, Train loss=0.0574, Train acc=0.0145, Test loss=0.7, Test acc=0.181]  
 32%|███▏      | 64/200 [13:31<28:41, 12.66s/it, Train loss=0.0574, Train acc=0.0145, Test loss=0.7, Test acc=0.181]
 32%|███▏      | 64/200 [13:44<28:41, 12.66s/it, Train loss=0.0503, Train acc=0.0135, Test loss=0.785, Test acc=0.182]
 32%|███▎      | 65/200 [13:44<28:24, 12.63s/it, Train loss=0.0503, Train acc=0.0135, Test loss=0.785, Test acc=0.182]
 32%|███▎      | 65/200 [13:56<28:24, 12.63s/it, Train loss=0.0521, Train acc=0.0129, Test loss=0.695, Test acc=0.178]
 33%|███▎      | 66/200 [13:56<28:07, 12.59s/it, Train loss=0.0521, Train acc=0.0129, Test loss=0.695, Test acc=0.178]
 33%|███▎      | 66/200 [14:10<28:07, 12.59s/it, Train loss=0.0478, Train acc=0.0113, Test loss=0.644, Test acc=0.164]
 34%|███▎      | 67/200 [14:10<28:28, 12.84s/it, Train loss=0.0478, Train acc=0.0113, Test loss=0.644, Test acc=0.164]
 34%|███▎      | 67/200 [14:22<28:28, 12.84s/it, Train loss=0.0431, Train acc=0.0107, Test loss=0.647, Test acc=0.165]
 34%|███▍      | 68/200 [14:22<28:10, 12.80s/it, Train loss=0.0431, Train acc=0.0107, Test loss=0.647, Test acc=0.165]
 34%|███▍      | 68/200 [14:35<28:10, 12.80s/it, Train loss=0.0403, Train acc=0.00947, Test loss=0.702, Test acc=0.17]
 34%|███▍      | 69/200 [14:35<27:47, 12.73s/it, Train loss=0.0403, Train acc=0.00947, Test loss=0.702, Test acc=0.17]
 34%|███▍      | 69/200 [14:48<27:47, 12.73s/it, Train loss=0.0412, Train acc=0.00981, Test loss=0.639, Test acc=0.161]
 35%|███▌      | 70/200 [14:48<27:40, 12.77s/it, Train loss=0.0412, Train acc=0.00981, Test loss=0.639, Test acc=0.161]
 35%|███▌      | 70/200 [15:02<27:40, 12.77s/it, Train loss=0.0347, Train acc=0.00779, Test loss=0.645, Test acc=0.161]
 36%|███▌      | 71/200 [15:02<28:18, 13.17s/it, Train loss=0.0347, Train acc=0.00779, Test loss=0.645, Test acc=0.161]
 36%|███▌      | 71/200 [15:15<28:18, 13.17s/it, Train loss=0.0343, Train acc=0.00851, Test loss=0.66, Test acc=0.159] 
 36%|███▌      | 72/200 [15:15<27:50, 13.05s/it, Train loss=0.0343, Train acc=0.00851, Test loss=0.66, Test acc=0.159]
 36%|███▌      | 72/200 [15:27<27:50, 13.05s/it, Train loss=0.0295, Train acc=0.00666, Test loss=0.669, Test acc=0.163]
 36%|███▋      | 73/200 [15:27<27:22, 12.94s/it, Train loss=0.0295, Train acc=0.00666, Test loss=0.669, Test acc=0.163]
 36%|███▋      | 73/200 [15:40<27:22, 12.94s/it, Train loss=0.028, Train acc=0.00663, Test loss=0.667, Test acc=0.16]  
 37%|███▋      | 74/200 [15:40<27:16, 12.99s/it, Train loss=0.028, Train acc=0.00663, Test loss=0.667, Test acc=0.16]
 37%|███▋      | 74/200 [15:53<27:16, 12.99s/it, Train loss=0.0266, Train acc=0.00592, Test loss=0.645, Test acc=0.157]
 38%|███▊      | 75/200 [15:53<26:49, 12.88s/it, Train loss=0.0266, Train acc=0.00592, Test loss=0.645, Test acc=0.157]
 38%|███▊      | 75/200 [16:05<26:49, 12.88s/it, Train loss=0.023, Train acc=0.00475, Test loss=0.658, Test acc=0.164] 
 38%|███▊      | 76/200 [16:05<26:20, 12.74s/it, Train loss=0.023, Train acc=0.00475, Test loss=0.658, Test acc=0.164]
 38%|███▊      | 76/200 [16:18<26:20, 12.74s/it, Train loss=0.0186, Train acc=0.00375, Test loss=0.64, Test acc=0.155]
 38%|███▊      | 77/200 [16:18<25:54, 12.64s/it, Train loss=0.0186, Train acc=0.00375, Test loss=0.64, Test acc=0.155]
 38%|███▊      | 77/200 [16:30<25:54, 12.64s/it, Train loss=0.016, Train acc=0.00309, Test loss=0.632, Test acc=0.152]
 39%|███▉      | 78/200 [16:30<25:38, 12.61s/it, Train loss=0.016, Train acc=0.00309, Test loss=0.632, Test acc=0.152]
 39%|███▉      | 78/200 [16:43<25:38, 12.61s/it, Train loss=0.0155, Train acc=0.00331, Test loss=0.639, Test acc=0.152]
 40%|███▉      | 79/200 [16:43<25:23, 12.59s/it, Train loss=0.0155, Train acc=0.00331, Test loss=0.639, Test acc=0.152]
 40%|███▉      | 79/200 [16:55<25:23, 12.59s/it, Train loss=0.0148, Train acc=0.00287, Test loss=0.653, Test acc=0.151]
 40%|████      | 80/200 [16:55<25:06, 12.55s/it, Train loss=0.0148, Train acc=0.00287, Test loss=0.653, Test acc=0.151]
 40%|████      | 80/200 [17:08<25:06, 12.55s/it, Train loss=0.0145, Train acc=0.00252, Test loss=0.641, Test acc=0.153]
 40%|████      | 81/200 [17:08<24:49, 12.52s/it, Train loss=0.0145, Train acc=0.00252, Test loss=0.641, Test acc=0.153]
 40%|████      | 81/200 [17:20<24:49, 12.52s/it, Train loss=0.0122, Train acc=0.00221, Test loss=0.637, Test acc=0.151]
 41%|████      | 82/200 [17:20<24:35, 12.50s/it, Train loss=0.0122, Train acc=0.00221, Test loss=0.637, Test acc=0.151]
 41%|████      | 82/200 [17:33<24:35, 12.50s/it, Train loss=0.0117, Train acc=0.00203, Test loss=0.657, Test acc=0.153]
 42%|████▏     | 83/200 [17:33<24:25, 12.53s/it, Train loss=0.0117, Train acc=0.00203, Test loss=0.657, Test acc=0.153]
 42%|████▏     | 83/200 [17:45<24:25, 12.53s/it, Train loss=0.0109, Train acc=0.00195, Test loss=0.643, Test acc=0.151]
 42%|████▏     | 84/200 [17:45<24:15, 12.54s/it, Train loss=0.0109, Train acc=0.00195, Test loss=0.643, Test acc=0.151]
 42%|████▏     | 84/200 [17:58<24:15, 12.54s/it, Train loss=0.0116, Train acc=0.00211, Test loss=0.658, Test acc=0.154]
 42%|████▎     | 85/200 [17:58<24:00, 12.53s/it, Train loss=0.0116, Train acc=0.00211, Test loss=0.658, Test acc=0.154]
 42%|████▎     | 85/200 [18:10<24:00, 12.53s/it, Train loss=0.0105, Train acc=0.00173, Test loss=0.672, Test acc=0.153]
 43%|████▎     | 86/200 [18:10<23:44, 12.50s/it, Train loss=0.0105, Train acc=0.00173, Test loss=0.672, Test acc=0.153]
 43%|████▎     | 86/200 [18:23<23:44, 12.50s/it, Train loss=0.00942, Train acc=0.00138, Test loss=0.646, Test acc=0.148]
 44%|████▎     | 87/200 [18:23<23:30, 12.48s/it, Train loss=0.00942, Train acc=0.00138, Test loss=0.646, Test acc=0.148]
 44%|████▎     | 87/200 [18:35<23:30, 12.48s/it, Train loss=0.00654, Train acc=0.00108, Test loss=0.672, Test acc=0.15] 
 44%|████▍     | 88/200 [18:35<23:22, 12.52s/it, Train loss=0.00654, Train acc=0.00108, Test loss=0.672, Test acc=0.15]
 44%|████▍     | 88/200 [18:48<23:22, 12.52s/it, Train loss=0.00697, Train acc=0.0012, Test loss=0.66, Test acc=0.15]  
 44%|████▍     | 89/200 [18:48<23:12, 12.54s/it, Train loss=0.00697, Train acc=0.0012, Test loss=0.66, Test acc=0.15]
 44%|████▍     | 89/200 [19:01<23:12, 12.54s/it, Train loss=0.0072, Train acc=0.00122, Test loss=0.742, Test acc=0.155]
 45%|████▌     | 90/200 [19:01<23:05, 12.59s/it, Train loss=0.0072, Train acc=0.00122, Test loss=0.742, Test acc=0.155]
 45%|████▌     | 90/200 [19:13<23:05, 12.59s/it, Train loss=0.00753, Train acc=0.00122, Test loss=0.645, Test acc=0.145]
 46%|████▌     | 91/200 [19:13<22:54, 12.61s/it, Train loss=0.00753, Train acc=0.00122, Test loss=0.645, Test acc=0.145]
 46%|████▌     | 91/200 [19:26<22:54, 12.61s/it, Train loss=0.00597, Train acc=0.000837, Test loss=0.643, Test acc=0.144]
 46%|████▌     | 92/200 [19:26<22:38, 12.58s/it, Train loss=0.00597, Train acc=0.000837, Test loss=0.643, Test acc=0.144]
 46%|████▌     | 92/200 [19:38<22:38, 12.58s/it, Train loss=0.00466, Train acc=0.000717, Test loss=0.644, Test acc=0.146]
 46%|████▋     | 93/200 [19:38<22:25, 12.58s/it, Train loss=0.00466, Train acc=0.000717, Test loss=0.644, Test acc=0.146]
 46%|████▋     | 93/200 [19:51<22:25, 12.58s/it, Train loss=0.0049, Train acc=0.000737, Test loss=0.657, Test acc=0.143] 
 47%|████▋     | 94/200 [19:51<22:11, 12.57s/it, Train loss=0.0049, Train acc=0.000737, Test loss=0.657, Test acc=0.143]
 47%|████▋     | 94/200 [20:03<22:11, 12.57s/it, Train loss=0.00449, Train acc=0.000737, Test loss=0.657, Test acc=0.146]
 48%|████▊     | 95/200 [20:03<21:54, 12.52s/it, Train loss=0.00449, Train acc=0.000737, Test loss=0.657, Test acc=0.146]
 48%|████▊     | 95/200 [20:16<21:54, 12.52s/it, Train loss=0.00376, Train acc=0.000578, Test loss=0.673, Test acc=0.146]
 48%|████▊     | 96/200 [20:16<21:38, 12.49s/it, Train loss=0.00376, Train acc=0.000578, Test loss=0.673, Test acc=0.146]
 48%|████▊     | 96/200 [20:28<21:38, 12.49s/it, Train loss=0.00315, Train acc=0.000419, Test loss=0.667, Test acc=0.144]
 48%|████▊     | 97/200 [20:28<21:27, 12.50s/it, Train loss=0.00315, Train acc=0.000419, Test loss=0.667, Test acc=0.144]
 48%|████▊     | 97/200 [20:41<21:27, 12.50s/it, Train loss=0.00326, Train acc=0.000498, Test loss=0.667, Test acc=0.144]
 49%|████▉     | 98/200 [20:41<21:18, 12.53s/it, Train loss=0.00326, Train acc=0.000498, Test loss=0.667, Test acc=0.144]
 49%|████▉     | 98/200 [20:54<21:18, 12.53s/it, Train loss=0.00337, Train acc=0.000478, Test loss=0.659, Test acc=0.145]
 50%|████▉     | 99/200 [20:54<21:06, 12.54s/it, Train loss=0.00337, Train acc=0.000478, Test loss=0.659, Test acc=0.145]
 50%|████▉     | 99/200 [21:06<21:06, 12.54s/it, Train loss=0.0024, Train acc=0.000279, Test loss=0.659, Test acc=0.144] 
 50%|█████     | 100/200 [21:06<20:51, 12.52s/it, Train loss=0.0024, Train acc=0.000279, Test loss=0.659, Test acc=0.144]
 50%|█████     | 100/200 [21:18<20:51, 12.52s/it, Train loss=0.00217, Train acc=0.000359, Test loss=0.664, Test acc=0.145]
 50%|█████     | 101/200 [21:18<20:37, 12.50s/it, Train loss=0.00217, Train acc=0.000359, Test loss=0.664, Test acc=0.145]
 50%|█████     | 101/200 [21:31<20:37, 12.50s/it, Train loss=0.00194, Train acc=0.000259, Test loss=0.663, Test acc=0.143]
 51%|█████     | 102/200 [21:31<20:26, 12.52s/it, Train loss=0.00194, Train acc=0.000259, Test loss=0.663, Test acc=0.143]
 51%|█████     | 102/200 [21:44<20:26, 12.52s/it, Train loss=0.00154, Train acc=0.000199, Test loss=0.677, Test acc=0.144]
 52%|█████▏    | 103/200 [21:44<20:16, 12.54s/it, Train loss=0.00154, Train acc=0.000199, Test loss=0.677, Test acc=0.144]
 52%|█████▏    | 103/200 [21:56<20:16, 12.54s/it, Train loss=0.00156, Train acc=0.000159, Test loss=0.665, Test acc=0.143]
 52%|█████▏    | 104/200 [21:56<20:03, 12.54s/it, Train loss=0.00156, Train acc=0.000159, Test loss=0.665, Test acc=0.143]
 52%|█████▏    | 104/200 [22:09<20:03, 12.54s/it, Train loss=0.00153, Train acc=0.000179, Test loss=0.685, Test acc=0.143]
 52%|█████▎    | 105/200 [22:09<19:48, 12.51s/it, Train loss=0.00153, Train acc=0.000179, Test loss=0.685, Test acc=0.143]
 52%|█████▎    | 105/200 [22:21<19:48, 12.51s/it, Train loss=0.00125, Train acc=0.000188, Test loss=0.691, Test acc=0.143]
 53%|█████▎    | 106/200 [22:21<19:34, 12.50s/it, Train loss=0.00125, Train acc=0.000188, Test loss=0.691, Test acc=0.143]
 53%|█████▎    | 106/200 [22:34<19:34, 12.50s/it, Train loss=0.00114, Train acc=0.000179, Test loss=0.664, Test acc=0.144]
 54%|█████▎    | 107/200 [22:34<19:31, 12.60s/it, Train loss=0.00114, Train acc=0.000179, Test loss=0.664, Test acc=0.144]
 54%|█████▎    | 107/200 [22:46<19:31, 12.60s/it, Train loss=0.00128, Train acc=0.000199, Test loss=0.676, Test acc=0.144]
 54%|█████▍    | 108/200 [22:46<19:17, 12.58s/it, Train loss=0.00128, Train acc=0.000199, Test loss=0.676, Test acc=0.144]
 54%|█████▍    | 108/200 [22:59<19:17, 12.58s/it, Train loss=0.000883, Train acc=0.00012, Test loss=0.681, Test acc=0.143]
 55%|█████▍    | 109/200 [22:59<19:01, 12.55s/it, Train loss=0.000883, Train acc=0.00012, Test loss=0.681, Test acc=0.143]
 55%|█████▍    | 109/200 [23:11<19:01, 12.55s/it, Train loss=0.00112, Train acc=0.000179, Test loss=0.678, Test acc=0.142]
 55%|█████▌    | 110/200 [23:11<18:45, 12.50s/it, Train loss=0.00112, Train acc=0.000179, Test loss=0.678, Test acc=0.142]
 55%|█████▌    | 110/200 [23:24<18:45, 12.50s/it, Train loss=0.000598, Train acc=5.98e-5, Test loss=0.685, Test acc=0.141]
 56%|█████▌    | 111/200 [23:24<18:31, 12.49s/it, Train loss=0.000598, Train acc=5.98e-5, Test loss=0.685, Test acc=0.141]
 56%|█████▌    | 111/200 [23:36<18:31, 12.49s/it, Train loss=0.000713, Train acc=9.96e-5, Test loss=0.693, Test acc=0.142]
 56%|█████▌    | 112/200 [23:36<18:19, 12.50s/it, Train loss=0.000713, Train acc=9.96e-5, Test loss=0.693, Test acc=0.142]
 56%|█████▌    | 112/200 [23:49<18:19, 12.50s/it, Train loss=0.000848, Train acc=5.98e-5, Test loss=0.681, Test acc=0.142]
 56%|█████▋    | 113/200 [23:49<18:08, 12.51s/it, Train loss=0.000848, Train acc=5.98e-5, Test loss=0.681, Test acc=0.142]
 56%|█████▋    | 113/200 [24:01<18:08, 12.51s/it, Train loss=0.000904, Train acc=0.000179, Test loss=0.68, Test acc=0.14] 
 57%|█████▋    | 114/200 [24:01<17:56, 12.52s/it, Train loss=0.000904, Train acc=0.000179, Test loss=0.68, Test acc=0.14]
 57%|█████▋    | 114/200 [24:14<17:56, 12.52s/it, Train loss=0.000838, Train acc=0.00014, Test loss=0.682, Test acc=0.142]
 57%|█████▊    | 115/200 [24:14<17:41, 12.48s/it, Train loss=0.000838, Train acc=0.00014, Test loss=0.682, Test acc=0.142]
 57%|█████▊    | 115/200 [24:26<17:41, 12.48s/it, Train loss=0.000862, Train acc=0.000179, Test loss=0.683, Test acc=0.141]
 58%|█████▊    | 116/200 [24:26<17:28, 12.48s/it, Train loss=0.000862, Train acc=0.000179, Test loss=0.683, Test acc=0.141]
 58%|█████▊    | 116/200 [24:39<17:28, 12.48s/it, Train loss=0.000972, Train acc=0.000159, Test loss=0.685, Test acc=0.142]
 58%|█████▊    | 117/200 [24:39<17:20, 12.54s/it, Train loss=0.000972, Train acc=0.000159, Test loss=0.685, Test acc=0.142]
 58%|█████▊    | 117/200 [24:51<17:20, 12.54s/it, Train loss=0.000627, Train acc=9.96e-5, Test loss=0.701, Test acc=0.142] 
 59%|█████▉    | 118/200 [24:51<17:07, 12.53s/it, Train loss=0.000627, Train acc=9.96e-5, Test loss=0.701, Test acc=0.142]
 59%|█████▉    | 118/200 [25:04<17:07, 12.53s/it, Train loss=0.000585, Train acc=5.98e-5, Test loss=0.708, Test acc=0.142]
 60%|█████▉    | 119/200 [25:04<16:53, 12.51s/it, Train loss=0.000585, Train acc=5.98e-5, Test loss=0.708, Test acc=0.142]
 60%|█████▉    | 119/200 [25:16<16:53, 12.51s/it, Train loss=0.000569, Train acc=3.99e-5, Test loss=0.695, Test acc=0.143]
 60%|██████    | 120/200 [25:16<16:38, 12.48s/it, Train loss=0.000569, Train acc=3.99e-5, Test loss=0.695, Test acc=0.143]
 60%|██████    | 120/200 [25:29<16:38, 12.48s/it, Train loss=0.00056, Train acc=5.98e-5, Test loss=0.693, Test acc=0.143] 
 60%|██████    | 121/200 [25:29<16:24, 12.46s/it, Train loss=0.00056, Train acc=5.98e-5, Test loss=0.693, Test acc=0.143]
 60%|██████    | 121/200 [25:41<16:24, 12.46s/it, Train loss=0.000508, Train acc=7.97e-5, Test loss=0.695, Test acc=0.143]
 61%|██████    | 122/200 [25:41<16:12, 12.46s/it, Train loss=0.000508, Train acc=7.97e-5, Test loss=0.695, Test acc=0.143]
 61%|██████    | 122/200 [25:54<16:12, 12.46s/it, Train loss=0.000559, Train acc=7.97e-5, Test loss=0.696, Test acc=0.141]
 62%|██████▏   | 123/200 [25:54<16:00, 12.48s/it, Train loss=0.000559, Train acc=7.97e-5, Test loss=0.696, Test acc=0.141]
 62%|██████▏   | 123/200 [26:06<16:00, 12.48s/it, Train loss=0.000379, Train acc=1.99e-5, Test loss=0.701, Test acc=0.141]
 62%|██████▏   | 124/200 [26:06<15:47, 12.47s/it, Train loss=0.000379, Train acc=1.99e-5, Test loss=0.701, Test acc=0.141]
 62%|██████▏   | 124/200 [26:18<15:47, 12.47s/it, Train loss=0.000378, Train acc=1.99e-5, Test loss=0.707, Test acc=0.145]
 62%|██████▎   | 125/200 [26:18<15:32, 12.43s/it, Train loss=0.000378, Train acc=1.99e-5, Test loss=0.707, Test acc=0.145]
 62%|██████▎   | 125/200 [26:31<15:32, 12.43s/it, Train loss=0.000301, Train acc=0, Test loss=0.708, Test acc=0.143]      
 63%|██████▎   | 126/200 [26:31<15:17, 12.40s/it, Train loss=0.000301, Train acc=0, Test loss=0.708, Test acc=0.143]
 63%|██████▎   | 126/200 [26:43<15:17, 12.40s/it, Train loss=0.000319, Train acc=1.99e-5, Test loss=0.716, Test acc=0.142]
 64%|██████▎   | 127/200 [26:43<15:08, 12.44s/it, Train loss=0.000319, Train acc=1.99e-5, Test loss=0.716, Test acc=0.142]
 64%|██████▎   | 127/200 [26:56<15:08, 12.44s/it, Train loss=0.000373, Train acc=3.99e-5, Test loss=0.73, Test acc=0.144] 
 64%|██████▍   | 128/200 [26:56<14:56, 12.45s/it, Train loss=0.000373, Train acc=3.99e-5, Test loss=0.73, Test acc=0.144]
 64%|██████▍   | 128/200 [27:08<14:56, 12.45s/it, Train loss=0.000401, Train acc=5.98e-5, Test loss=0.731, Test acc=0.145]
 64%|██████▍   | 129/200 [27:08<14:39, 12.39s/it, Train loss=0.000401, Train acc=5.98e-5, Test loss=0.731, Test acc=0.145]
 64%|██████▍   | 129/200 [27:20<14:39, 12.39s/it, Train loss=0.000515, Train acc=9.96e-5, Test loss=0.721, Test acc=0.144]
 65%|██████▌   | 130/200 [27:20<14:23, 12.33s/it, Train loss=0.000515, Train acc=9.96e-5, Test loss=0.721, Test acc=0.144]
 65%|██████▌   | 130/200 [27:32<14:23, 12.33s/it, Train loss=0.000421, Train acc=7.97e-5, Test loss=0.716, Test acc=0.143]
 66%|██████▌   | 131/200 [27:32<14:07, 12.29s/it, Train loss=0.000421, Train acc=7.97e-5, Test loss=0.716, Test acc=0.143]
 66%|██████▌   | 131/200 [27:45<14:07, 12.29s/it, Train loss=0.000499, Train acc=5.98e-5, Test loss=0.703, Test acc=0.143]
 66%|██████▌   | 132/200 [27:45<13:55, 12.29s/it, Train loss=0.000499, Train acc=5.98e-5, Test loss=0.703, Test acc=0.143]
 66%|██████▌   | 132/200 [27:57<13:55, 12.29s/it, Train loss=0.000278, Train acc=0, Test loss=0.707, Test acc=0.144]      
 66%|██████▋   | 133/200 [27:57<13:44, 12.30s/it, Train loss=0.000278, Train acc=0, Test loss=0.707, Test acc=0.144]
 66%|██████▋   | 133/200 [28:09<13:44, 12.30s/it, Train loss=0.000257, Train acc=0, Test loss=0.71, Test acc=0.143] 
 67%|██████▋   | 134/200 [28:09<13:32, 12.31s/it, Train loss=0.000257, Train acc=0, Test loss=0.71, Test acc=0.143]
 67%|██████▋   | 134/200 [28:22<13:32, 12.31s/it, Train loss=0.000261, Train acc=0, Test loss=0.71, Test acc=0.144]
 68%|██████▊   | 135/200 [28:22<13:19, 12.30s/it, Train loss=0.000261, Train acc=0, Test loss=0.71, Test acc=0.144]
 68%|██████▊   | 135/200 [28:34<13:19, 12.30s/it, Train loss=0.000271, Train acc=1.99e-5, Test loss=0.709, Test acc=0.143]
 68%|██████▊   | 136/200 [28:34<13:09, 12.34s/it, Train loss=0.000271, Train acc=1.99e-5, Test loss=0.709, Test acc=0.143]
 68%|██████▊   | 136/200 [28:47<13:09, 12.34s/it, Train loss=0.000285, Train acc=3.99e-5, Test loss=0.711, Test acc=0.143]
 68%|██████▊   | 137/200 [28:47<13:05, 12.46s/it, Train loss=0.000285, Train acc=3.99e-5, Test loss=0.711, Test acc=0.143]
 68%|██████▊   | 137/200 [29:00<13:05, 12.46s/it, Train loss=0.000301, Train acc=1.99e-5, Test loss=0.709, Test acc=0.142]
 69%|██████▉   | 138/200 [29:00<12:57, 12.54s/it, Train loss=0.000301, Train acc=1.99e-5, Test loss=0.709, Test acc=0.142]
 69%|██████▉   | 138/200 [29:12<12:57, 12.54s/it, Train loss=0.000342, Train acc=3.99e-5, Test loss=0.706, Test acc=0.143]
 70%|██████▉   | 139/200 [29:12<12:47, 12.59s/it, Train loss=0.000342, Train acc=3.99e-5, Test loss=0.706, Test acc=0.143]
 70%|██████▉   | 139/200 [29:25<12:47, 12.59s/it, Train loss=0.000344, Train acc=3.99e-5, Test loss=0.709, Test acc=0.142]
 70%|███████   | 140/200 [29:25<12:35, 12.59s/it, Train loss=0.000344, Train acc=3.99e-5, Test loss=0.709, Test acc=0.142]
 70%|███████   | 140/200 [29:37<12:35, 12.59s/it, Train loss=0.000277, Train acc=3.99e-5, Test loss=0.711, Test acc=0.141]
 70%|███████   | 141/200 [29:37<12:22, 12.59s/it, Train loss=0.000277, Train acc=3.99e-5, Test loss=0.711, Test acc=0.141]
 70%|███████   | 141/200 [29:50<12:22, 12.59s/it, Train loss=0.000242, Train acc=0, Test loss=0.715, Test acc=0.143]      
 71%|███████   | 142/200 [29:50<12:10, 12.60s/it, Train loss=0.000242, Train acc=0, Test loss=0.715, Test acc=0.143]
 71%|███████   | 142/200 [30:03<12:10, 12.60s/it, Train loss=0.000262, Train acc=1.99e-5, Test loss=0.712, Test acc=0.142]
 72%|███████▏  | 143/200 [30:03<11:55, 12.56s/it, Train loss=0.000262, Train acc=1.99e-5, Test loss=0.712, Test acc=0.142]
 72%|███████▏  | 143/200 [30:15<11:55, 12.56s/it, Train loss=0.000273, Train acc=1.99e-5, Test loss=0.706, Test acc=0.142]
 72%|███████▏  | 144/200 [30:15<11:42, 12.55s/it, Train loss=0.000273, Train acc=1.99e-5, Test loss=0.706, Test acc=0.142]
 72%|███████▏  | 144/200 [30:28<11:42, 12.55s/it, Train loss=0.000252, Train acc=0, Test loss=0.708, Test acc=0.141]      
 72%|███████▎  | 145/200 [30:28<11:28, 12.51s/it, Train loss=0.000252, Train acc=0, Test loss=0.708, Test acc=0.141]
 72%|███████▎  | 145/200 [30:40<11:28, 12.51s/it, Train loss=0.000264, Train acc=1.99e-5, Test loss=0.708, Test acc=0.143]
 73%|███████▎  | 146/200 [30:40<11:14, 12.48s/it, Train loss=0.000264, Train acc=1.99e-5, Test loss=0.708, Test acc=0.143]
 73%|███████▎  | 146/200 [30:52<11:14, 12.48s/it, Train loss=0.000311, Train acc=3.99e-5, Test loss=0.711, Test acc=0.142]
 74%|███████▎  | 147/200 [30:52<11:01, 12.49s/it, Train loss=0.000311, Train acc=3.99e-5, Test loss=0.711, Test acc=0.142]
 74%|███████▎  | 147/200 [31:05<11:01, 12.49s/it, Train loss=0.000225, Train acc=0, Test loss=0.708, Test acc=0.141]      
 74%|███████▍  | 148/200 [31:05<10:49, 12.50s/it, Train loss=0.000225, Train acc=0, Test loss=0.708, Test acc=0.141]
 74%|███████▍  | 148/200 [31:17<10:49, 12.50s/it, Train loss=0.000251, Train acc=1.99e-5, Test loss=0.714, Test acc=0.142]
 74%|███████▍  | 149/200 [31:17<10:37, 12.50s/it, Train loss=0.000251, Train acc=1.99e-5, Test loss=0.714, Test acc=0.142]
 74%|███████▍  | 149/200 [31:30<10:37, 12.50s/it, Train loss=0.000229, Train acc=0, Test loss=0.725, Test acc=0.143]      
 75%|███████▌  | 150/200 [31:30<10:22, 12.46s/it, Train loss=0.000229, Train acc=0, Test loss=0.725, Test acc=0.143]
 75%|███████▌  | 150/200 [31:42<10:22, 12.46s/it, Train loss=0.000218, Train acc=0, Test loss=0.717, Test acc=0.144]
 76%|███████▌  | 151/200 [31:42<10:09, 12.45s/it, Train loss=0.000218, Train acc=0, Test loss=0.717, Test acc=0.144]
 76%|███████▌  | 151/200 [31:55<10:09, 12.45s/it, Train loss=0.000223, Train acc=1.99e-5, Test loss=0.71, Test acc=0.142]
 76%|███████▌  | 152/200 [31:55<09:58, 12.46s/it, Train loss=0.000223, Train acc=1.99e-5, Test loss=0.71, Test acc=0.142]
 76%|███████▌  | 152/200 [32:07<09:58, 12.46s/it, Train loss=0.000234, Train acc=3.99e-5, Test loss=0.718, Test acc=0.144]
 76%|███████▋  | 153/200 [32:07<09:46, 12.47s/it, Train loss=0.000234, Train acc=3.99e-5, Test loss=0.718, Test acc=0.144]
 76%|███████▋  | 153/200 [32:20<09:46, 12.47s/it, Train loss=0.000218, Train acc=1.99e-5, Test loss=0.712, Test acc=0.143]
 77%|███████▋  | 154/200 [32:20<09:33, 12.46s/it, Train loss=0.000218, Train acc=1.99e-5, Test loss=0.712, Test acc=0.143]
 77%|███████▋  | 154/200 [32:32<09:33, 12.46s/it, Train loss=0.000228, Train acc=0, Test loss=0.716, Test acc=0.142]      
 78%|███████▊  | 155/200 [32:32<09:20, 12.44s/it, Train loss=0.000228, Train acc=0, Test loss=0.716, Test acc=0.142]
 78%|███████▊  | 155/200 [32:45<09:20, 12.44s/it, Train loss=0.000199, Train acc=0, Test loss=0.71, Test acc=0.14]  
 78%|███████▊  | 156/200 [32:45<09:08, 12.46s/it, Train loss=0.000199, Train acc=0, Test loss=0.71, Test acc=0.14]
 78%|███████▊  | 156/200 [32:57<09:08, 12.46s/it, Train loss=0.000215, Train acc=0, Test loss=0.717, Test acc=0.142]
 78%|███████▊  | 157/200 [32:57<08:56, 12.48s/it, Train loss=0.000215, Train acc=0, Test loss=0.717, Test acc=0.142]
 78%|███████▊  | 157/200 [33:10<08:56, 12.48s/it, Train loss=0.000209, Train acc=0, Test loss=0.72, Test acc=0.143] 
 79%|███████▉  | 158/200 [33:10<08:44, 12.49s/it, Train loss=0.000209, Train acc=0, Test loss=0.72, Test acc=0.143]
 79%|███████▉  | 158/200 [33:22<08:44, 12.49s/it, Train loss=0.000228, Train acc=0, Test loss=0.712, Test acc=0.143]
 80%|███████▉  | 159/200 [33:22<08:32, 12.49s/it, Train loss=0.000228, Train acc=0, Test loss=0.712, Test acc=0.143]
 80%|███████▉  | 159/200 [33:34<08:32, 12.49s/it, Train loss=0.000208, Train acc=0, Test loss=0.72, Test acc=0.142] 
 80%|████████  | 160/200 [33:34<08:18, 12.47s/it, Train loss=0.000208, Train acc=0, Test loss=0.72, Test acc=0.142]
 80%|████████  | 160/200 [33:47<08:18, 12.47s/it, Train loss=0.000221, Train acc=1.99e-5, Test loss=0.717, Test acc=0.142]
 80%|████████  | 161/200 [33:47<08:06, 12.47s/it, Train loss=0.000221, Train acc=1.99e-5, Test loss=0.717, Test acc=0.142]
 80%|████████  | 161/200 [34:00<08:06, 12.47s/it, Train loss=0.000206, Train acc=0, Test loss=0.716, Test acc=0.142]      
 81%|████████  | 162/200 [34:00<07:54, 12.49s/it, Train loss=0.000206, Train acc=0, Test loss=0.716, Test acc=0.142]
 81%|████████  | 162/200 [34:12<07:54, 12.49s/it, Train loss=0.000213, Train acc=0, Test loss=0.724, Test acc=0.143]
 82%|████████▏ | 163/200 [34:12<07:42, 12.49s/it, Train loss=0.000213, Train acc=0, Test loss=0.724, Test acc=0.143]
 82%|████████▏ | 163/200 [34:25<07:42, 12.49s/it, Train loss=0.000201, Train acc=0, Test loss=0.717, Test acc=0.143]
 82%|████████▏ | 164/200 [34:25<07:31, 12.56s/it, Train loss=0.000201, Train acc=0, Test loss=0.717, Test acc=0.143]
 82%|████████▏ | 164/200 [34:37<07:31, 12.56s/it, Train loss=0.000209, Train acc=0, Test loss=0.717, Test acc=0.142]
 82%|████████▎ | 165/200 [34:37<07:17, 12.50s/it, Train loss=0.000209, Train acc=0, Test loss=0.717, Test acc=0.142]
 82%|████████▎ | 165/200 [34:49<07:17, 12.50s/it, Train loss=0.000201, Train acc=0, Test loss=0.724, Test acc=0.142]
 83%|████████▎ | 166/200 [34:49<07:02, 12.42s/it, Train loss=0.000201, Train acc=0, Test loss=0.724, Test acc=0.142]
 83%|████████▎ | 166/200 [35:02<07:02, 12.42s/it, Train loss=0.000205, Train acc=0, Test loss=0.715, Test acc=0.142]
 84%|████████▎ | 167/200 [35:02<06:49, 12.39s/it, Train loss=0.000205, Train acc=0, Test loss=0.715, Test acc=0.142]
 84%|████████▎ | 167/200 [35:14<06:49, 12.39s/it, Train loss=0.000198, Train acc=0, Test loss=0.725, Test acc=0.142]
 84%|████████▍ | 168/200 [35:14<06:36, 12.38s/it, Train loss=0.000198, Train acc=0, Test loss=0.725, Test acc=0.142]
 84%|████████▍ | 168/200 [35:26<06:36, 12.38s/it, Train loss=0.000216, Train acc=1.99e-5, Test loss=0.721, Test acc=0.142]
 84%|████████▍ | 169/200 [35:26<06:23, 12.35s/it, Train loss=0.000216, Train acc=1.99e-5, Test loss=0.721, Test acc=0.142]
 84%|████████▍ | 169/200 [35:39<06:23, 12.35s/it, Train loss=0.000196, Train acc=0, Test loss=0.722, Test acc=0.142]      
 85%|████████▌ | 170/200 [35:39<06:09, 12.32s/it, Train loss=0.000196, Train acc=0, Test loss=0.722, Test acc=0.142]
 85%|████████▌ | 170/200 [35:51<06:09, 12.32s/it, Train loss=0.000191, Train acc=0, Test loss=0.723, Test acc=0.142]
 86%|████████▌ | 171/200 [35:51<05:57, 12.32s/it, Train loss=0.000191, Train acc=0, Test loss=0.723, Test acc=0.142]
 86%|████████▌ | 171/200 [36:03<05:57, 12.32s/it, Train loss=0.000242, Train acc=3.99e-5, Test loss=0.728, Test acc=0.142]
 86%|████████▌ | 172/200 [36:03<05:45, 12.34s/it, Train loss=0.000242, Train acc=3.99e-5, Test loss=0.728, Test acc=0.142]
 86%|████████▌ | 172/200 [36:16<05:45, 12.34s/it, Train loss=0.000219, Train acc=1.99e-5, Test loss=0.719, Test acc=0.142]
 86%|████████▋ | 173/200 [36:16<05:33, 12.34s/it, Train loss=0.000219, Train acc=1.99e-5, Test loss=0.719, Test acc=0.142]
 86%|████████▋ | 173/200 [36:28<05:33, 12.34s/it, Train loss=0.000186, Train acc=0, Test loss=0.727, Test acc=0.144]      
 87%|████████▋ | 174/200 [36:28<05:20, 12.34s/it, Train loss=0.000186, Train acc=0, Test loss=0.727, Test acc=0.144]
 87%|████████▋ | 174/200 [36:40<05:20, 12.34s/it, Train loss=0.000196, Train acc=0, Test loss=0.717, Test acc=0.143]
 88%|████████▊ | 175/200 [36:40<05:07, 12.30s/it, Train loss=0.000196, Train acc=0, Test loss=0.717, Test acc=0.143]
 88%|████████▊ | 175/200 [36:52<05:07, 12.30s/it, Train loss=0.000211, Train acc=1.99e-5, Test loss=0.716, Test acc=0.143]
 88%|████████▊ | 176/200 [36:52<04:54, 12.28s/it, Train loss=0.000211, Train acc=1.99e-5, Test loss=0.716, Test acc=0.143]
 88%|████████▊ | 176/200 [37:05<04:54, 12.28s/it, Train loss=0.0002, Train acc=0, Test loss=0.725, Test acc=0.143]        
 88%|████████▊ | 177/200 [37:05<04:42, 12.28s/it, Train loss=0.0002, Train acc=0, Test loss=0.725, Test acc=0.143]
 88%|████████▊ | 177/200 [37:17<04:42, 12.28s/it, Train loss=0.000203, Train acc=0, Test loss=0.718, Test acc=0.143]
 89%|████████▉ | 178/200 [37:17<04:30, 12.30s/it, Train loss=0.000203, Train acc=0, Test loss=0.718, Test acc=0.143]
 89%|████████▉ | 178/200 [37:29<04:30, 12.30s/it, Train loss=0.000191, Train acc=0, Test loss=0.726, Test acc=0.142]
 90%|████████▉ | 179/200 [37:29<04:18, 12.31s/it, Train loss=0.000191, Train acc=0, Test loss=0.726, Test acc=0.142]
 90%|████████▉ | 179/200 [37:42<04:18, 12.31s/it, Train loss=0.00022, Train acc=0, Test loss=0.73, Test acc=0.142]  
 90%|█████████ | 180/200 [37:42<04:06, 12.31s/it, Train loss=0.00022, Train acc=0, Test loss=0.73, Test acc=0.142]
 90%|█████████ | 180/200 [37:54<04:06, 12.31s/it, Train loss=0.000199, Train acc=0, Test loss=0.72, Test acc=0.141]
 90%|█████████ | 181/200 [37:54<03:54, 12.32s/it, Train loss=0.000199, Train acc=0, Test loss=0.72, Test acc=0.141]
 90%|█████████ | 181/200 [38:07<03:54, 12.32s/it, Train loss=0.000205, Train acc=1.99e-5, Test loss=0.729, Test acc=0.142]
 91%|█████████ | 182/200 [38:07<03:43, 12.41s/it, Train loss=0.000205, Train acc=1.99e-5, Test loss=0.729, Test acc=0.142]
 91%|█████████ | 182/200 [38:19<03:43, 12.41s/it, Train loss=0.000192, Train acc=0, Test loss=0.722, Test acc=0.142]      
 92%|█████████▏| 183/200 [38:19<03:31, 12.43s/it, Train loss=0.000192, Train acc=0, Test loss=0.722, Test acc=0.142]
 92%|█████████▏| 183/200 [38:32<03:31, 12.43s/it, Train loss=0.000187, Train acc=0, Test loss=0.719, Test acc=0.142]
 92%|█████████▏| 184/200 [38:32<03:19, 12.46s/it, Train loss=0.000187, Train acc=0, Test loss=0.719, Test acc=0.142]
 92%|█████████▏| 184/200 [38:44<03:19, 12.46s/it, Train loss=0.0002, Train acc=0, Test loss=0.72, Test acc=0.142]   
 92%|█████████▎| 185/200 [38:44<03:07, 12.47s/it, Train loss=0.0002, Train acc=0, Test loss=0.72, Test acc=0.142]
 92%|█████████▎| 185/200 [38:57<03:07, 12.47s/it, Train loss=0.000188, Train acc=0, Test loss=0.726, Test acc=0.143]
 93%|█████████▎| 186/200 [38:57<02:54, 12.46s/it, Train loss=0.000188, Train acc=0, Test loss=0.726, Test acc=0.143]
 93%|█████████▎| 186/200 [39:09<02:54, 12.46s/it, Train loss=0.000186, Train acc=0, Test loss=0.722, Test acc=0.143]
 94%|█████████▎| 187/200 [39:09<02:42, 12.48s/it, Train loss=0.000186, Train acc=0, Test loss=0.722, Test acc=0.143]
 94%|█████████▎| 187/200 [39:22<02:42, 12.48s/it, Train loss=0.000203, Train acc=0, Test loss=0.715, Test acc=0.142]
 94%|█████████▍| 188/200 [39:22<02:30, 12.51s/it, Train loss=0.000203, Train acc=0, Test loss=0.715, Test acc=0.142]
 94%|█████████▍| 188/200 [39:34<02:30, 12.51s/it, Train loss=0.000181, Train acc=0, Test loss=0.719, Test acc=0.142]
 94%|█████████▍| 189/200 [39:34<02:17, 12.53s/it, Train loss=0.000181, Train acc=0, Test loss=0.719, Test acc=0.142]
 94%|█████████▍| 189/200 [39:47<02:17, 12.53s/it, Train loss=0.000185, Train acc=0, Test loss=0.718, Test acc=0.143]
 95%|█████████▌| 190/200 [39:47<02:05, 12.51s/it, Train loss=0.000185, Train acc=0, Test loss=0.718, Test acc=0.143]
 95%|█████████▌| 190/200 [39:59<02:05, 12.51s/it, Train loss=0.000194, Train acc=0, Test loss=0.722, Test acc=0.142]
 96%|█████████▌| 191/200 [39:59<01:52, 12.49s/it, Train loss=0.000194, Train acc=0, Test loss=0.722, Test acc=0.142]
 96%|█████████▌| 191/200 [40:12<01:52, 12.49s/it, Train loss=0.000191, Train acc=0, Test loss=0.716, Test acc=0.144]
 96%|█████████▌| 192/200 [40:12<01:40, 12.51s/it, Train loss=0.000191, Train acc=0, Test loss=0.716, Test acc=0.144]
 96%|█████████▌| 192/200 [40:24<01:40, 12.51s/it, Train loss=0.000191, Train acc=0, Test loss=0.728, Test acc=0.144]
 96%|█████████▋| 193/200 [40:24<01:27, 12.52s/it, Train loss=0.000191, Train acc=0, Test loss=0.728, Test acc=0.144]
 96%|█████████▋| 193/200 [40:37<01:27, 12.52s/it, Train loss=0.000212, Train acc=1.99e-5, Test loss=0.717, Test acc=0.142]
 97%|█████████▋| 194/200 [40:37<01:15, 12.53s/it, Train loss=0.000212, Train acc=1.99e-5, Test loss=0.717, Test acc=0.142]
 97%|█████████▋| 194/200 [40:49<01:15, 12.53s/it, Train loss=0.000188, Train acc=0, Test loss=0.72, Test acc=0.142]       
 98%|█████████▊| 195/200 [40:49<01:02, 12.51s/it, Train loss=0.000188, Train acc=0, Test loss=0.72, Test acc=0.142]
 98%|█████████▊| 195/200 [41:02<01:02, 12.51s/it, Train loss=0.000194, Train acc=0, Test loss=0.719, Test acc=0.142]
 98%|█████████▊| 196/200 [41:02<00:49, 12.49s/it, Train loss=0.000194, Train acc=0, Test loss=0.719, Test acc=0.142]
 98%|█████████▊| 196/200 [41:14<00:49, 12.49s/it, Train loss=0.000192, Train acc=0, Test loss=0.718, Test acc=0.143]
 98%|█████████▊| 197/200 [41:14<00:37, 12.50s/it, Train loss=0.000192, Train acc=0, Test loss=0.718, Test acc=0.143]
 98%|█████████▊| 197/200 [41:27<00:37, 12.50s/it, Train loss=0.00019, Train acc=0, Test loss=0.718, Test acc=0.143] 
 99%|█████████▉| 198/200 [41:27<00:25, 12.51s/it, Train loss=0.00019, Train acc=0, Test loss=0.718, Test acc=0.143]
 99%|█████████▉| 198/200 [41:39<00:25, 12.51s/it, Train loss=0.000198, Train acc=0, Test loss=0.717, Test acc=0.144]
100%|█████████▉| 199/200 [41:39<00:12, 12.51s/it, Train loss=0.000198, Train acc=0, Test loss=0.717, Test acc=0.144]
100%|█████████▉| 199/200 [41:52<00:12, 12.51s/it, Train loss=0.000203, Train acc=0, Test loss=0.716, Test acc=0.142]
100%|██████████| 200/200 [41:52<00:00, 12.49s/it, Train loss=0.000203, Train acc=0, Test loss=0.716, Test acc=0.142]
100%|██████████| 200/200 [41:52<00:00, 12.56s/it, Train loss=0.000203, Train acc=0, Test loss=0.716, Test acc=0.142]
