Files already downloaded and verified
Files already downloaded and verified
load resnet18...

  0%|          | 0/200 [00:00<?, ?it/s]
  0%|          | 0/200 [00:12<?, ?it/s, Train loss=2.09, Train acc=0.746, Test loss=2.1, Test acc=0.751]
  0%|          | 1/200 [00:12<42:53, 12.93s/it, Train loss=2.09, Train acc=0.746, Test loss=2.1, Test acc=0.751]
  0%|          | 1/200 [00:25<42:53, 12.93s/it, Train loss=1.69, Train acc=0.641, Test loss=1.79, Test acc=0.658]
  1%|          | 2/200 [00:25<41:47, 12.66s/it, Train loss=1.69, Train acc=0.641, Test loss=1.79, Test acc=0.658]
  1%|          | 2/200 [00:38<41:47, 12.66s/it, Train loss=1.53, Train acc=0.571, Test loss=1.91, Test acc=0.683]
  2%|▏         | 3/200 [00:38<41:30, 12.64s/it, Train loss=1.53, Train acc=0.571, Test loss=1.91, Test acc=0.683]
  2%|▏         | 3/200 [00:50<41:30, 12.64s/it, Train loss=1.41, Train acc=0.523, Test loss=1.67, Test acc=0.616]
  2%|▏         | 4/200 [00:50<41:10, 12.60s/it, Train loss=1.41, Train acc=0.523, Test loss=1.67, Test acc=0.616]
  2%|▏         | 4/200 [01:02<41:10, 12.60s/it, Train loss=1.31, Train acc=0.483, Test loss=1.43, Test acc=0.528]
  2%|▎         | 5/200 [01:02<40:38, 12.51s/it, Train loss=1.31, Train acc=0.483, Test loss=1.43, Test acc=0.528]
  2%|▎         | 5/200 [01:15<40:38, 12.51s/it, Train loss=1.21, Train acc=0.442, Test loss=1.25, Test acc=0.467]
  3%|▎         | 6/200 [01:15<40:14, 12.45s/it, Train loss=1.21, Train acc=0.442, Test loss=1.25, Test acc=0.467]
  3%|▎         | 6/200 [01:27<40:14, 12.45s/it, Train loss=1.11, Train acc=0.401, Test loss=1.77, Test acc=0.584]
  4%|▎         | 7/200 [01:27<39:51, 12.39s/it, Train loss=1.11, Train acc=0.401, Test loss=1.77, Test acc=0.584]
  4%|▎         | 7/200 [01:39<39:51, 12.39s/it, Train loss=1.02, Train acc=0.364, Test loss=1.41, Test acc=0.512]
  4%|▍         | 8/200 [01:39<39:35, 12.37s/it, Train loss=1.02, Train acc=0.364, Test loss=1.41, Test acc=0.512]
  4%|▍         | 8/200 [01:52<39:35, 12.37s/it, Train loss=0.93, Train acc=0.33, Test loss=1.34, Test acc=0.49]  
  4%|▍         | 9/200 [01:52<39:27, 12.39s/it, Train loss=0.93, Train acc=0.33, Test loss=1.34, Test acc=0.49]
  4%|▍         | 9/200 [02:04<39:27, 12.39s/it, Train loss=0.859, Train acc=0.308, Test loss=1.48, Test acc=0.5]
  5%|▌         | 10/200 [02:04<39:14, 12.39s/it, Train loss=0.859, Train acc=0.308, Test loss=1.48, Test acc=0.5]
  5%|▌         | 10/200 [02:17<39:14, 12.39s/it, Train loss=0.793, Train acc=0.281, Test loss=1.07, Test acc=0.381]
  6%|▌         | 11/200 [02:17<39:00, 12.38s/it, Train loss=0.793, Train acc=0.281, Test loss=1.07, Test acc=0.381]
  6%|▌         | 11/200 [02:29<39:00, 12.38s/it, Train loss=0.722, Train acc=0.257, Test loss=1.38, Test acc=0.451]
  6%|▌         | 12/200 [02:29<38:52, 12.41s/it, Train loss=0.722, Train acc=0.257, Test loss=1.38, Test acc=0.451]
  6%|▌         | 12/200 [02:42<38:52, 12.41s/it, Train loss=0.666, Train acc=0.235, Test loss=1.11, Test acc=0.392]
  6%|▋         | 13/200 [02:42<38:57, 12.50s/it, Train loss=0.666, Train acc=0.235, Test loss=1.11, Test acc=0.392]
  6%|▋         | 13/200 [02:54<38:57, 12.50s/it, Train loss=0.609, Train acc=0.216, Test loss=1.07, Test acc=0.365]
  7%|▋         | 14/200 [02:54<38:57, 12.57s/it, Train loss=0.609, Train acc=0.216, Test loss=1.07, Test acc=0.365]
  7%|▋         | 14/200 [03:07<38:57, 12.57s/it, Train loss=0.57, Train acc=0.204, Test loss=0.798, Test acc=0.276]
  8%|▊         | 15/200 [03:07<38:52, 12.61s/it, Train loss=0.57, Train acc=0.204, Test loss=0.798, Test acc=0.276]
  8%|▊         | 15/200 [03:20<38:52, 12.61s/it, Train loss=0.523, Train acc=0.181, Test loss=0.861, Test acc=0.303]
  8%|▊         | 16/200 [03:20<38:42, 12.62s/it, Train loss=0.523, Train acc=0.181, Test loss=0.861, Test acc=0.303]
  8%|▊         | 16/200 [03:32<38:42, 12.62s/it, Train loss=0.486, Train acc=0.172, Test loss=0.83, Test acc=0.283] 
  8%|▊         | 17/200 [03:32<38:32, 12.63s/it, Train loss=0.486, Train acc=0.172, Test loss=0.83, Test acc=0.283]
  8%|▊         | 17/200 [03:45<38:32, 12.63s/it, Train loss=0.444, Train acc=0.154, Test loss=1.17, Test acc=0.367]
  9%|▉         | 18/200 [03:45<38:18, 12.63s/it, Train loss=0.444, Train acc=0.154, Test loss=1.17, Test acc=0.367]
  9%|▉         | 18/200 [03:58<38:18, 12.63s/it, Train loss=0.42, Train acc=0.149, Test loss=1.18, Test acc=0.368] 
 10%|▉         | 19/200 [03:58<38:03, 12.62s/it, Train loss=0.42, Train acc=0.149, Test loss=1.18, Test acc=0.368]
 10%|▉         | 19/200 [04:10<38:03, 12.62s/it, Train loss=0.392, Train acc=0.137, Test loss=1.33, Test acc=0.336]
 10%|█         | 20/200 [04:10<37:44, 12.58s/it, Train loss=0.392, Train acc=0.137, Test loss=1.33, Test acc=0.336]
 10%|█         | 20/200 [04:23<37:44, 12.58s/it, Train loss=0.357, Train acc=0.125, Test loss=0.758, Test acc=0.256]
 10%|█         | 21/200 [04:23<37:33, 12.59s/it, Train loss=0.357, Train acc=0.125, Test loss=0.758, Test acc=0.256]
 10%|█         | 21/200 [04:35<37:33, 12.59s/it, Train loss=0.327, Train acc=0.114, Test loss=1.09, Test acc=0.317] 
 11%|█         | 22/200 [04:35<37:20, 12.58s/it, Train loss=0.327, Train acc=0.114, Test loss=1.09, Test acc=0.317]
 11%|█         | 22/200 [04:48<37:20, 12.58s/it, Train loss=0.307, Train acc=0.107, Test loss=0.875, Test acc=0.279]
 12%|█▏        | 23/200 [04:48<37:07, 12.59s/it, Train loss=0.307, Train acc=0.107, Test loss=0.875, Test acc=0.279]
 12%|█▏        | 23/200 [05:01<37:07, 12.59s/it, Train loss=0.282, Train acc=0.0996, Test loss=0.985, Test acc=0.304]
 12%|█▏        | 24/200 [05:01<36:54, 12.58s/it, Train loss=0.282, Train acc=0.0996, Test loss=0.985, Test acc=0.304]
 12%|█▏        | 24/200 [05:13<36:54, 12.58s/it, Train loss=0.265, Train acc=0.0909, Test loss=0.718, Test acc=0.227]
 12%|█▎        | 25/200 [05:13<36:42, 12.59s/it, Train loss=0.265, Train acc=0.0909, Test loss=0.718, Test acc=0.227]
 12%|█▎        | 25/200 [05:26<36:42, 12.59s/it, Train loss=0.243, Train acc=0.0837, Test loss=0.776, Test acc=0.235]
 13%|█▎        | 26/200 [05:26<36:22, 12.54s/it, Train loss=0.243, Train acc=0.0837, Test loss=0.776, Test acc=0.235]
 13%|█▎        | 26/200 [05:38<36:22, 12.54s/it, Train loss=0.222, Train acc=0.0763, Test loss=0.854, Test acc=0.253]
 14%|█▎        | 27/200 [05:38<36:05, 12.52s/it, Train loss=0.222, Train acc=0.0763, Test loss=0.854, Test acc=0.253]
 14%|█▎        | 27/200 [05:51<36:05, 12.52s/it, Train loss=0.205, Train acc=0.0711, Test loss=0.95, Test acc=0.278] 
 14%|█▍        | 28/200 [05:51<35:55, 12.53s/it, Train loss=0.205, Train acc=0.0711, Test loss=0.95, Test acc=0.278]
 14%|█▍        | 28/200 [06:03<35:55, 12.53s/it, Train loss=0.188, Train acc=0.0636, Test loss=0.696, Test acc=0.214]
 14%|█▍        | 29/200 [06:03<35:46, 12.55s/it, Train loss=0.188, Train acc=0.0636, Test loss=0.696, Test acc=0.214]
 14%|█▍        | 29/200 [06:16<35:46, 12.55s/it, Train loss=0.169, Train acc=0.0583, Test loss=0.885, Test acc=0.25] 
 15%|█▌        | 30/200 [06:16<35:35, 12.56s/it, Train loss=0.169, Train acc=0.0583, Test loss=0.885, Test acc=0.25]
 15%|█▌        | 30/200 [06:28<35:35, 12.56s/it, Train loss=0.158, Train acc=0.0528, Test loss=0.935, Test acc=0.247]
 16%|█▌        | 31/200 [06:28<35:21, 12.56s/it, Train loss=0.158, Train acc=0.0528, Test loss=0.935, Test acc=0.247]
 16%|█▌        | 31/200 [06:41<35:21, 12.56s/it, Train loss=0.151, Train acc=0.0514, Test loss=0.826, Test acc=0.231]
 16%|█▌        | 32/200 [06:41<35:05, 12.54s/it, Train loss=0.151, Train acc=0.0514, Test loss=0.826, Test acc=0.231]
 16%|█▌        | 32/200 [06:53<35:05, 12.54s/it, Train loss=0.147, Train acc=0.0502, Test loss=0.824, Test acc=0.222]
 16%|█▋        | 33/200 [06:53<34:54, 12.54s/it, Train loss=0.147, Train acc=0.0502, Test loss=0.824, Test acc=0.222]
 16%|█▋        | 33/200 [07:06<34:54, 12.54s/it, Train loss=0.122, Train acc=0.0405, Test loss=0.943, Test acc=0.242]
 17%|█▋        | 34/200 [07:06<34:44, 12.56s/it, Train loss=0.122, Train acc=0.0405, Test loss=0.943, Test acc=0.242]
 17%|█▋        | 34/200 [07:19<34:44, 12.56s/it, Train loss=0.117, Train acc=0.039, Test loss=0.859, Test acc=0.247] 
 18%|█▊        | 35/200 [07:19<34:35, 12.58s/it, Train loss=0.117, Train acc=0.039, Test loss=0.859, Test acc=0.247]
 18%|█▊        | 35/200 [07:31<34:35, 12.58s/it, Train loss=0.103, Train acc=0.033, Test loss=0.777, Test acc=0.204]
 18%|█▊        | 36/200 [07:31<34:21, 12.57s/it, Train loss=0.103, Train acc=0.033, Test loss=0.777, Test acc=0.204]
 18%|█▊        | 36/200 [07:44<34:21, 12.57s/it, Train loss=0.0945, Train acc=0.0298, Test loss=0.89, Test acc=0.222]
 18%|█▊        | 37/200 [07:44<34:08, 12.57s/it, Train loss=0.0945, Train acc=0.0298, Test loss=0.89, Test acc=0.222]
 18%|█▊        | 37/200 [07:56<34:08, 12.57s/it, Train loss=0.093, Train acc=0.0298, Test loss=0.898, Test acc=0.217]
 19%|█▉        | 38/200 [07:56<33:55, 12.57s/it, Train loss=0.093, Train acc=0.0298, Test loss=0.898, Test acc=0.217]
 19%|█▉        | 38/200 [08:09<33:55, 12.57s/it, Train loss=0.0876, Train acc=0.028, Test loss=0.712, Test acc=0.189]
 20%|█▉        | 39/200 [08:09<33:43, 12.57s/it, Train loss=0.0876, Train acc=0.028, Test loss=0.712, Test acc=0.189]
 20%|█▉        | 39/200 [08:21<33:43, 12.57s/it, Train loss=0.0783, Train acc=0.025, Test loss=0.707, Test acc=0.187]
 20%|██        | 40/200 [08:21<33:33, 12.58s/it, Train loss=0.0783, Train acc=0.025, Test loss=0.707, Test acc=0.187]
 20%|██        | 40/200 [08:34<33:33, 12.58s/it, Train loss=0.0728, Train acc=0.0234, Test loss=0.81, Test acc=0.205]
 20%|██        | 41/200 [08:34<33:21, 12.59s/it, Train loss=0.0728, Train acc=0.0234, Test loss=0.81, Test acc=0.205]
 20%|██        | 41/200 [08:47<33:21, 12.59s/it, Train loss=0.0682, Train acc=0.0219, Test loss=0.994, Test acc=0.238]
 21%|██        | 42/200 [08:47<33:05, 12.57s/it, Train loss=0.0682, Train acc=0.0219, Test loss=0.994, Test acc=0.238]
 21%|██        | 42/200 [08:59<33:05, 12.57s/it, Train loss=0.0646, Train acc=0.0198, Test loss=0.931, Test acc=0.214]
 22%|██▏       | 43/200 [08:59<32:56, 12.59s/it, Train loss=0.0646, Train acc=0.0198, Test loss=0.931, Test acc=0.214]
 22%|██▏       | 43/200 [09:12<32:56, 12.59s/it, Train loss=0.0563, Train acc=0.0174, Test loss=0.839, Test acc=0.201]
 22%|██▏       | 44/200 [09:12<32:49, 12.63s/it, Train loss=0.0563, Train acc=0.0174, Test loss=0.839, Test acc=0.201]
 22%|██▏       | 44/200 [09:25<32:49, 12.63s/it, Train loss=0.0522, Train acc=0.0163, Test loss=0.751, Test acc=0.183]
 22%|██▎       | 45/200 [09:25<32:39, 12.64s/it, Train loss=0.0522, Train acc=0.0163, Test loss=0.751, Test acc=0.183]
 22%|██▎       | 45/200 [09:37<32:39, 12.64s/it, Train loss=0.0476, Train acc=0.0142, Test loss=0.753, Test acc=0.187]
 23%|██▎       | 46/200 [09:37<32:27, 12.65s/it, Train loss=0.0476, Train acc=0.0142, Test loss=0.753, Test acc=0.187]
 23%|██▎       | 46/200 [09:50<32:27, 12.65s/it, Train loss=0.05, Train acc=0.0146, Test loss=0.738, Test acc=0.181]  
 24%|██▎       | 47/200 [09:50<32:08, 12.61s/it, Train loss=0.05, Train acc=0.0146, Test loss=0.738, Test acc=0.181]
 24%|██▎       | 47/200 [10:02<32:08, 12.61s/it, Train loss=0.0423, Train acc=0.0127, Test loss=0.728, Test acc=0.173]
 24%|██▍       | 48/200 [10:02<31:56, 12.61s/it, Train loss=0.0423, Train acc=0.0127, Test loss=0.728, Test acc=0.173]
 24%|██▍       | 48/200 [10:15<31:56, 12.61s/it, Train loss=0.0395, Train acc=0.0119, Test loss=0.768, Test acc=0.186]
 24%|██▍       | 49/200 [10:15<31:48, 12.64s/it, Train loss=0.0395, Train acc=0.0119, Test loss=0.768, Test acc=0.186]
 24%|██▍       | 49/200 [10:28<31:48, 12.64s/it, Train loss=0.0359, Train acc=0.0106, Test loss=0.708, Test acc=0.172]
 25%|██▌       | 50/200 [10:28<31:39, 12.66s/it, Train loss=0.0359, Train acc=0.0106, Test loss=0.708, Test acc=0.172]
 25%|██▌       | 50/200 [10:40<31:39, 12.66s/it, Train loss=0.0321, Train acc=0.00926, Test loss=0.715, Test acc=0.172]
 26%|██▌       | 51/200 [10:40<31:26, 12.66s/it, Train loss=0.0321, Train acc=0.00926, Test loss=0.715, Test acc=0.172]
 26%|██▌       | 51/200 [10:53<31:26, 12.66s/it, Train loss=0.0347, Train acc=0.00976, Test loss=0.811, Test acc=0.193]
 26%|██▌       | 52/200 [10:53<31:09, 12.63s/it, Train loss=0.0347, Train acc=0.00976, Test loss=0.811, Test acc=0.193]
 26%|██▌       | 52/200 [11:06<31:09, 12.63s/it, Train loss=0.0291, Train acc=0.00814, Test loss=1.02, Test acc=0.217] 
 26%|██▋       | 53/200 [11:06<30:55, 12.62s/it, Train loss=0.0291, Train acc=0.00814, Test loss=1.02, Test acc=0.217]
 26%|██▋       | 53/200 [11:18<30:55, 12.62s/it, Train loss=0.0289, Train acc=0.00817, Test loss=0.73, Test acc=0.174]
 27%|██▋       | 54/200 [11:18<30:43, 12.63s/it, Train loss=0.0289, Train acc=0.00817, Test loss=0.73, Test acc=0.174]
 27%|██▋       | 54/200 [11:31<30:43, 12.63s/it, Train loss=0.0242, Train acc=0.00711, Test loss=0.716, Test acc=0.172]
 28%|██▊       | 55/200 [11:31<30:35, 12.66s/it, Train loss=0.0242, Train acc=0.00711, Test loss=0.716, Test acc=0.172]
 28%|██▊       | 55/200 [11:44<30:35, 12.66s/it, Train loss=0.022, Train acc=0.00606, Test loss=0.712, Test acc=0.172] 
 28%|██▊       | 56/200 [11:44<30:22, 12.66s/it, Train loss=0.022, Train acc=0.00606, Test loss=0.712, Test acc=0.172]
 28%|██▊       | 56/200 [11:56<30:22, 12.66s/it, Train loss=0.0194, Train acc=0.00494, Test loss=0.725, Test acc=0.17]
 28%|██▊       | 57/200 [11:56<30:04, 12.62s/it, Train loss=0.0194, Train acc=0.00494, Test loss=0.725, Test acc=0.17]
 28%|██▊       | 57/200 [12:09<30:04, 12.62s/it, Train loss=0.0187, Train acc=0.00466, Test loss=0.709, Test acc=0.17]
 29%|██▉       | 58/200 [12:09<29:55, 12.65s/it, Train loss=0.0187, Train acc=0.00466, Test loss=0.709, Test acc=0.17]
 29%|██▉       | 58/200 [12:22<29:55, 12.65s/it, Train loss=0.0148, Train acc=0.00365, Test loss=0.685, Test acc=0.161]
 30%|██▉       | 59/200 [12:22<29:45, 12.66s/it, Train loss=0.0148, Train acc=0.00365, Test loss=0.685, Test acc=0.161]
 30%|██▉       | 59/200 [12:34<29:45, 12.66s/it, Train loss=0.0142, Train acc=0.00337, Test loss=0.713, Test acc=0.167]
 30%|███       | 60/200 [12:34<29:36, 12.69s/it, Train loss=0.0142, Train acc=0.00337, Test loss=0.713, Test acc=0.167]
 30%|███       | 60/200 [12:47<29:36, 12.69s/it, Train loss=0.012, Train acc=0.00311, Test loss=0.712, Test acc=0.165] 
 30%|███       | 61/200 [12:47<29:19, 12.66s/it, Train loss=0.012, Train acc=0.00311, Test loss=0.712, Test acc=0.165]
 30%|███       | 61/200 [12:59<29:19, 12.66s/it, Train loss=0.0123, Train acc=0.00287, Test loss=0.739, Test acc=0.167]
 31%|███       | 62/200 [12:59<29:01, 12.62s/it, Train loss=0.0123, Train acc=0.00287, Test loss=0.739, Test acc=0.167]
 31%|███       | 62/200 [13:12<29:01, 12.62s/it, Train loss=0.0111, Train acc=0.00266, Test loss=0.729, Test acc=0.166]
 32%|███▏      | 63/200 [13:12<28:46, 12.61s/it, Train loss=0.0111, Train acc=0.00266, Test loss=0.729, Test acc=0.166]
 32%|███▏      | 63/200 [13:25<28:46, 12.61s/it, Train loss=0.0093, Train acc=0.00233, Test loss=0.709, Test acc=0.163]
 32%|███▏      | 64/200 [13:25<28:37, 12.63s/it, Train loss=0.0093, Train acc=0.00233, Test loss=0.709, Test acc=0.163]
 32%|███▏      | 64/200 [13:37<28:37, 12.63s/it, Train loss=0.00994, Train acc=0.00249, Test loss=0.742, Test acc=0.165]
 32%|███▎      | 65/200 [13:37<28:20, 12.59s/it, Train loss=0.00994, Train acc=0.00249, Test loss=0.742, Test acc=0.165]
 32%|███▎      | 65/200 [13:50<28:20, 12.59s/it, Train loss=0.00905, Train acc=0.00243, Test loss=0.718, Test acc=0.164]
 33%|███▎      | 66/200 [13:50<28:02, 12.56s/it, Train loss=0.00905, Train acc=0.00243, Test loss=0.718, Test acc=0.164]
 33%|███▎      | 66/200 [14:02<28:02, 12.56s/it, Train loss=0.00896, Train acc=0.00221, Test loss=0.714, Test acc=0.161]
 34%|███▎      | 67/200 [14:02<27:44, 12.51s/it, Train loss=0.00896, Train acc=0.00221, Test loss=0.714, Test acc=0.161]
 34%|███▎      | 67/200 [14:15<27:44, 12.51s/it, Train loss=0.00841, Train acc=0.00201, Test loss=0.74, Test acc=0.165] 
 34%|███▍      | 68/200 [14:15<27:28, 12.49s/it, Train loss=0.00841, Train acc=0.00201, Test loss=0.74, Test acc=0.165]
 34%|███▍      | 68/200 [14:27<27:28, 12.49s/it, Train loss=0.00851, Train acc=0.00206, Test loss=0.705, Test acc=0.161]
 34%|███▍      | 69/200 [14:27<27:16, 12.49s/it, Train loss=0.00851, Train acc=0.00206, Test loss=0.705, Test acc=0.161]
 34%|███▍      | 69/200 [14:40<27:16, 12.49s/it, Train loss=0.00699, Train acc=0.00149, Test loss=0.721, Test acc=0.167]
 35%|███▌      | 70/200 [14:40<27:04, 12.49s/it, Train loss=0.00699, Train acc=0.00149, Test loss=0.721, Test acc=0.167]
 35%|███▌      | 70/200 [14:52<27:04, 12.49s/it, Train loss=0.00616, Train acc=0.0013, Test loss=0.71, Test acc=0.16]   
 36%|███▌      | 71/200 [14:52<26:49, 12.48s/it, Train loss=0.00616, Train acc=0.0013, Test loss=0.71, Test acc=0.16]
 36%|███▌      | 71/200 [15:04<26:49, 12.48s/it, Train loss=0.00482, Train acc=0.000957, Test loss=0.733, Test acc=0.163]
 36%|███▌      | 72/200 [15:04<26:32, 12.44s/it, Train loss=0.00482, Train acc=0.000957, Test loss=0.733, Test acc=0.163]
 36%|███▌      | 72/200 [15:17<26:32, 12.44s/it, Train loss=0.00349, Train acc=0.000578, Test loss=0.74, Test acc=0.162] 
 36%|███▋      | 73/200 [15:17<26:17, 12.42s/it, Train loss=0.00349, Train acc=0.000578, Test loss=0.74, Test acc=0.162]
 36%|███▋      | 73/200 [15:29<26:17, 12.42s/it, Train loss=0.00391, Train acc=0.000686, Test loss=0.72, Test acc=0.159]
 37%|███▋      | 74/200 [15:29<26:07, 12.44s/it, Train loss=0.00391, Train acc=0.000686, Test loss=0.72, Test acc=0.159]
 37%|███▋      | 74/200 [15:42<26:07, 12.44s/it, Train loss=0.00366, Train acc=0.000777, Test loss=0.718, Test acc=0.156]
 38%|███▊      | 75/200 [15:42<25:57, 12.46s/it, Train loss=0.00366, Train acc=0.000777, Test loss=0.718, Test acc=0.156]
 38%|███▊      | 75/200 [15:54<25:57, 12.46s/it, Train loss=0.00279, Train acc=0.000558, Test loss=0.721, Test acc=0.16] 
 38%|███▊      | 76/200 [15:54<25:42, 12.44s/it, Train loss=0.00279, Train acc=0.000558, Test loss=0.721, Test acc=0.16]
 38%|███▊      | 76/200 [16:06<25:42, 12.44s/it, Train loss=0.00292, Train acc=0.000498, Test loss=0.742, Test acc=0.161]
 38%|███▊      | 77/200 [16:06<25:23, 12.39s/it, Train loss=0.00292, Train acc=0.000498, Test loss=0.742, Test acc=0.161]
 38%|███▊      | 77/200 [16:19<25:23, 12.39s/it, Train loss=0.00274, Train acc=0.000458, Test loss=0.732, Test acc=0.16] 
 39%|███▉      | 78/200 [16:19<25:09, 12.38s/it, Train loss=0.00274, Train acc=0.000458, Test loss=0.732, Test acc=0.16]
 39%|███▉      | 78/200 [16:31<25:09, 12.38s/it, Train loss=0.00257, Train acc=0.000518, Test loss=0.731, Test acc=0.159]
 40%|███▉      | 79/200 [16:31<25:01, 12.41s/it, Train loss=0.00257, Train acc=0.000518, Test loss=0.731, Test acc=0.159]
 40%|███▉      | 79/200 [16:44<25:01, 12.41s/it, Train loss=0.00271, Train acc=0.000538, Test loss=0.731, Test acc=0.158]
 40%|████      | 80/200 [16:44<24:50, 12.42s/it, Train loss=0.00271, Train acc=0.000538, Test loss=0.731, Test acc=0.158]
 40%|████      | 80/200 [16:56<24:50, 12.42s/it, Train loss=0.00275, Train acc=0.000498, Test loss=0.714, Test acc=0.159]
 40%|████      | 81/200 [16:56<24:35, 12.40s/it, Train loss=0.00275, Train acc=0.000498, Test loss=0.714, Test acc=0.159]
 40%|████      | 81/200 [17:08<24:35, 12.40s/it, Train loss=0.00203, Train acc=0.000359, Test loss=0.711, Test acc=0.158]
 41%|████      | 82/200 [17:08<24:20, 12.38s/it, Train loss=0.00203, Train acc=0.000359, Test loss=0.711, Test acc=0.158]
 41%|████      | 82/200 [17:21<24:20, 12.38s/it, Train loss=0.00196, Train acc=0.000319, Test loss=0.726, Test acc=0.159]
 42%|████▏     | 83/200 [17:21<24:06, 12.36s/it, Train loss=0.00196, Train acc=0.000319, Test loss=0.726, Test acc=0.159]
 42%|████▏     | 83/200 [17:33<24:06, 12.36s/it, Train loss=0.00199, Train acc=0.000379, Test loss=0.717, Test acc=0.157]
 42%|████▏     | 84/200 [17:33<23:56, 12.38s/it, Train loss=0.00199, Train acc=0.000379, Test loss=0.717, Test acc=0.157]
 42%|████▏     | 84/200 [17:45<23:56, 12.38s/it, Train loss=0.00172, Train acc=0.000299, Test loss=0.727, Test acc=0.155]
 42%|████▎     | 85/200 [17:45<23:46, 12.40s/it, Train loss=0.00172, Train acc=0.000299, Test loss=0.727, Test acc=0.155]
 42%|████▎     | 85/200 [17:58<23:46, 12.40s/it, Train loss=0.000958, Train acc=0.00014, Test loss=0.72, Test acc=0.154] 
 43%|████▎     | 86/200 [17:58<23:37, 12.43s/it, Train loss=0.000958, Train acc=0.00014, Test loss=0.72, Test acc=0.154]
 43%|████▎     | 86/200 [18:10<23:37, 12.43s/it, Train loss=0.00097, Train acc=0.00014, Test loss=0.716, Test acc=0.153]
 44%|████▎     | 87/200 [18:10<23:23, 12.42s/it, Train loss=0.00097, Train acc=0.00014, Test loss=0.716, Test acc=0.153]
 44%|████▎     | 87/200 [18:23<23:23, 12.42s/it, Train loss=0.000761, Train acc=9.96e-5, Test loss=0.717, Test acc=0.152]
 44%|████▍     | 88/200 [18:23<23:10, 12.42s/it, Train loss=0.000761, Train acc=9.96e-5, Test loss=0.717, Test acc=0.152]
 44%|████▍     | 88/200 [18:35<23:10, 12.42s/it, Train loss=0.000907, Train acc=0.000159, Test loss=0.706, Test acc=0.153]
 44%|████▍     | 89/200 [18:35<23:06, 12.49s/it, Train loss=0.000907, Train acc=0.000159, Test loss=0.706, Test acc=0.153]
 44%|████▍     | 89/200 [18:48<23:06, 12.49s/it, Train loss=0.000985, Train acc=0.00014, Test loss=0.717, Test acc=0.155] 
 45%|████▌     | 90/200 [18:48<22:58, 12.53s/it, Train loss=0.000985, Train acc=0.00014, Test loss=0.717, Test acc=0.155]
 45%|████▌     | 90/200 [19:01<22:58, 12.53s/it, Train loss=0.00055, Train acc=5.98e-5, Test loss=0.712, Test acc=0.154] 
 46%|████▌     | 91/200 [19:01<22:50, 12.58s/it, Train loss=0.00055, Train acc=5.98e-5, Test loss=0.712, Test acc=0.154]
 46%|████▌     | 91/200 [19:13<22:50, 12.58s/it, Train loss=0.000608, Train acc=7.97e-5, Test loss=0.711, Test acc=0.153]
 46%|████▌     | 92/200 [19:13<22:35, 12.55s/it, Train loss=0.000608, Train acc=7.97e-5, Test loss=0.711, Test acc=0.153]
 46%|████▌     | 92/200 [19:26<22:35, 12.55s/it, Train loss=0.000478, Train acc=1.99e-5, Test loss=0.711, Test acc=0.153]
 46%|████▋     | 93/200 [19:26<22:29, 12.62s/it, Train loss=0.000478, Train acc=1.99e-5, Test loss=0.711, Test acc=0.153]
 46%|████▋     | 93/200 [19:39<22:29, 12.62s/it, Train loss=0.000439, Train acc=1.99e-5, Test loss=0.715, Test acc=0.152]
 47%|████▋     | 94/200 [19:39<22:26, 12.70s/it, Train loss=0.000439, Train acc=1.99e-5, Test loss=0.715, Test acc=0.152]
 47%|████▋     | 94/200 [19:52<22:26, 12.70s/it, Train loss=0.000481, Train acc=9.96e-5, Test loss=0.709, Test acc=0.151]
 48%|████▊     | 95/200 [19:52<22:17, 12.74s/it, Train loss=0.000481, Train acc=9.96e-5, Test loss=0.709, Test acc=0.151]
 48%|████▊     | 95/200 [20:04<22:17, 12.74s/it, Train loss=0.000367, Train acc=1.99e-5, Test loss=0.718, Test acc=0.152]
 48%|████▊     | 96/200 [20:04<21:57, 12.66s/it, Train loss=0.000367, Train acc=1.99e-5, Test loss=0.718, Test acc=0.152]
 48%|████▊     | 96/200 [20:17<21:57, 12.66s/it, Train loss=0.000396, Train acc=3.99e-5, Test loss=0.713, Test acc=0.152]
 48%|████▊     | 97/200 [20:17<21:42, 12.65s/it, Train loss=0.000396, Train acc=3.99e-5, Test loss=0.713, Test acc=0.152]
 48%|████▊     | 97/200 [20:29<21:42, 12.65s/it, Train loss=0.000407, Train acc=3.99e-5, Test loss=0.716, Test acc=0.152]
 49%|████▉     | 98/200 [20:29<21:27, 12.62s/it, Train loss=0.000407, Train acc=3.99e-5, Test loss=0.716, Test acc=0.152]
 49%|████▉     | 98/200 [20:42<21:27, 12.62s/it, Train loss=0.00051, Train acc=3.99e-5, Test loss=0.714, Test acc=0.152] 
 50%|████▉     | 99/200 [20:42<21:14, 12.62s/it, Train loss=0.00051, Train acc=3.99e-5, Test loss=0.714, Test acc=0.152]
 50%|████▉     | 99/200 [20:55<21:14, 12.62s/it, Train loss=0.000458, Train acc=3.99e-5, Test loss=0.721, Test acc=0.152]
 50%|█████     | 100/200 [20:55<21:03, 12.63s/it, Train loss=0.000458, Train acc=3.99e-5, Test loss=0.721, Test acc=0.152]
 50%|█████     | 100/200 [21:07<21:03, 12.63s/it, Train loss=0.000295, Train acc=1.99e-5, Test loss=0.722, Test acc=0.151]
 50%|█████     | 101/200 [21:07<20:49, 12.62s/it, Train loss=0.000295, Train acc=1.99e-5, Test loss=0.722, Test acc=0.151]
 50%|█████     | 101/200 [21:20<20:49, 12.62s/it, Train loss=0.000301, Train acc=1.99e-5, Test loss=0.715, Test acc=0.151]
 51%|█████     | 102/200 [21:20<20:33, 12.58s/it, Train loss=0.000301, Train acc=1.99e-5, Test loss=0.715, Test acc=0.151]
 51%|█████     | 102/200 [21:32<20:33, 12.58s/it, Train loss=0.000272, Train acc=1.99e-5, Test loss=0.724, Test acc=0.151]
 52%|█████▏    | 103/200 [21:32<20:20, 12.58s/it, Train loss=0.000272, Train acc=1.99e-5, Test loss=0.724, Test acc=0.151]
 52%|█████▏    | 103/200 [21:45<20:20, 12.58s/it, Train loss=0.000262, Train acc=1.99e-5, Test loss=0.718, Test acc=0.151]
 52%|█████▏    | 104/200 [21:45<20:10, 12.61s/it, Train loss=0.000262, Train acc=1.99e-5, Test loss=0.718, Test acc=0.151]
 52%|█████▏    | 104/200 [21:58<20:10, 12.61s/it, Train loss=0.000255, Train acc=1.99e-5, Test loss=0.727, Test acc=0.15] 
 52%|█████▎    | 105/200 [21:58<19:59, 12.62s/it, Train loss=0.000255, Train acc=1.99e-5, Test loss=0.727, Test acc=0.15]
 52%|█████▎    | 105/200 [22:10<19:59, 12.62s/it, Train loss=0.000256, Train acc=0, Test loss=0.73, Test acc=0.152]      
 53%|█████▎    | 106/200 [22:10<19:45, 12.61s/it, Train loss=0.000256, Train acc=0, Test loss=0.73, Test acc=0.152]
 53%|█████▎    | 106/200 [22:23<19:45, 12.61s/it, Train loss=0.000303, Train acc=1.99e-5, Test loss=0.719, Test acc=0.152]
 54%|█████▎    | 107/200 [22:23<19:28, 12.57s/it, Train loss=0.000303, Train acc=1.99e-5, Test loss=0.719, Test acc=0.152]
 54%|█████▎    | 107/200 [22:36<19:28, 12.57s/it, Train loss=0.000204, Train acc=0, Test loss=0.726, Test acc=0.151]      
 54%|█████▍    | 108/200 [22:36<19:23, 12.65s/it, Train loss=0.000204, Train acc=0, Test loss=0.726, Test acc=0.151]
 54%|█████▍    | 108/200 [22:48<19:23, 12.65s/it, Train loss=0.000203, Train acc=0, Test loss=0.728, Test acc=0.151]
 55%|█████▍    | 109/200 [22:48<19:09, 12.63s/it, Train loss=0.000203, Train acc=0, Test loss=0.728, Test acc=0.151]
 55%|█████▍    | 109/200 [23:01<19:09, 12.63s/it, Train loss=0.00023, Train acc=1.99e-5, Test loss=0.725, Test acc=0.151]
 55%|█████▌    | 110/200 [23:01<18:56, 12.62s/it, Train loss=0.00023, Train acc=1.99e-5, Test loss=0.725, Test acc=0.151]
 55%|█████▌    | 110/200 [23:13<18:56, 12.62s/it, Train loss=0.000199, Train acc=0, Test loss=0.725, Test acc=0.152]     
 56%|█████▌    | 111/200 [23:13<18:41, 12.60s/it, Train loss=0.000199, Train acc=0, Test loss=0.725, Test acc=0.152]
 56%|█████▌    | 111/200 [23:26<18:41, 12.60s/it, Train loss=0.000211, Train acc=0, Test loss=0.732, Test acc=0.151]
 56%|█████▌    | 112/200 [23:26<18:25, 12.57s/it, Train loss=0.000211, Train acc=0, Test loss=0.732, Test acc=0.151]
 56%|█████▌    | 112/200 [23:38<18:25, 12.57s/it, Train loss=0.000197, Train acc=0, Test loss=0.727, Test acc=0.15] 
 56%|█████▋    | 113/200 [23:38<18:13, 12.57s/it, Train loss=0.000197, Train acc=0, Test loss=0.727, Test acc=0.15]
 56%|█████▋    | 113/200 [23:51<18:13, 12.57s/it, Train loss=0.000204, Train acc=0, Test loss=0.724, Test acc=0.151]
 57%|█████▋    | 114/200 [23:51<18:03, 12.60s/it, Train loss=0.000204, Train acc=0, Test loss=0.724, Test acc=0.151]
 57%|█████▋    | 114/200 [24:04<18:03, 12.60s/it, Train loss=0.000237, Train acc=1.99e-5, Test loss=0.723, Test acc=0.152]
 57%|█████▊    | 115/200 [24:04<17:52, 12.62s/it, Train loss=0.000237, Train acc=1.99e-5, Test loss=0.723, Test acc=0.152]
 57%|█████▊    | 115/200 [24:16<17:52, 12.62s/it, Train loss=0.000332, Train acc=3.99e-5, Test loss=0.728, Test acc=0.151]
 58%|█████▊    | 116/200 [24:16<17:40, 12.62s/it, Train loss=0.000332, Train acc=3.99e-5, Test loss=0.728, Test acc=0.151]
 58%|█████▊    | 116/200 [24:29<17:40, 12.62s/it, Train loss=0.000216, Train acc=0, Test loss=0.73, Test acc=0.152]       
 58%|█████▊    | 117/200 [24:29<17:24, 12.58s/it, Train loss=0.000216, Train acc=0, Test loss=0.73, Test acc=0.152]
 58%|█████▊    | 117/200 [24:41<17:24, 12.58s/it, Train loss=0.000209, Train acc=1.99e-5, Test loss=0.732, Test acc=0.15]
 59%|█████▉    | 118/200 [24:41<17:07, 12.53s/it, Train loss=0.000209, Train acc=1.99e-5, Test loss=0.732, Test acc=0.15]
 59%|█████▉    | 118/200 [24:54<17:07, 12.53s/it, Train loss=0.000347, Train acc=5.98e-5, Test loss=0.734, Test acc=0.151]
 60%|█████▉    | 119/200 [24:54<16:52, 12.50s/it, Train loss=0.000347, Train acc=5.98e-5, Test loss=0.734, Test acc=0.151]
 60%|█████▉    | 119/200 [25:06<16:52, 12.50s/it, Train loss=0.000204, Train acc=0, Test loss=0.738, Test acc=0.152]      
 60%|██████    | 120/200 [25:06<16:39, 12.49s/it, Train loss=0.000204, Train acc=0, Test loss=0.738, Test acc=0.152]
 60%|██████    | 120/200 [25:19<16:39, 12.49s/it, Train loss=0.000174, Train acc=0, Test loss=0.732, Test acc=0.151]
 60%|██████    | 121/200 [25:19<16:25, 12.48s/it, Train loss=0.000174, Train acc=0, Test loss=0.732, Test acc=0.151]
 60%|██████    | 121/200 [25:31<16:25, 12.48s/it, Train loss=0.000166, Train acc=0, Test loss=0.737, Test acc=0.151]
 61%|██████    | 122/200 [25:31<16:16, 12.52s/it, Train loss=0.000166, Train acc=0, Test loss=0.737, Test acc=0.151]
 61%|██████    | 122/200 [25:44<16:16, 12.52s/it, Train loss=0.000269, Train acc=6.8e-5, Test loss=0.737, Test acc=0.151]
 62%|██████▏   | 123/200 [25:44<16:01, 12.49s/it, Train loss=0.000269, Train acc=6.8e-5, Test loss=0.737, Test acc=0.151]
 62%|██████▏   | 123/200 [25:56<16:01, 12.49s/it, Train loss=0.000196, Train acc=1.99e-5, Test loss=0.736, Test acc=0.15]
 62%|██████▏   | 124/200 [25:56<15:48, 12.48s/it, Train loss=0.000196, Train acc=1.99e-5, Test loss=0.736, Test acc=0.15]
 62%|██████▏   | 124/200 [26:09<15:48, 12.48s/it, Train loss=0.00027, Train acc=3.99e-5, Test loss=0.739, Test acc=0.151]
 62%|██████▎   | 125/200 [26:09<15:35, 12.47s/it, Train loss=0.00027, Train acc=3.99e-5, Test loss=0.739, Test acc=0.151]
 62%|██████▎   | 125/200 [26:21<15:35, 12.47s/it, Train loss=0.000348, Train acc=9.96e-5, Test loss=0.735, Test acc=0.152]
 63%|██████▎   | 126/200 [26:21<15:21, 12.46s/it, Train loss=0.000348, Train acc=9.96e-5, Test loss=0.735, Test acc=0.152]
 63%|██████▎   | 126/200 [26:33<15:21, 12.46s/it, Train loss=0.000181, Train acc=1.99e-5, Test loss=0.736, Test acc=0.152]
 64%|██████▎   | 127/200 [26:33<15:06, 12.41s/it, Train loss=0.000181, Train acc=1.99e-5, Test loss=0.736, Test acc=0.152]
 64%|██████▎   | 127/200 [26:46<15:06, 12.41s/it, Train loss=0.000254, Train acc=3.99e-5, Test loss=0.75, Test acc=0.151] 
 64%|██████▍   | 128/200 [26:46<14:53, 12.40s/it, Train loss=0.000254, Train acc=3.99e-5, Test loss=0.75, Test acc=0.151]
 64%|██████▍   | 128/200 [26:58<14:53, 12.40s/it, Train loss=0.000176, Train acc=1.99e-5, Test loss=0.745, Test acc=0.152]
 64%|██████▍   | 129/200 [26:58<14:41, 12.42s/it, Train loss=0.000176, Train acc=1.99e-5, Test loss=0.745, Test acc=0.152]
 64%|██████▍   | 129/200 [27:11<14:41, 12.42s/it, Train loss=0.000151, Train acc=0, Test loss=0.743, Test acc=0.151]      
 65%|██████▌   | 130/200 [27:11<14:30, 12.43s/it, Train loss=0.000151, Train acc=0, Test loss=0.743, Test acc=0.151]
 65%|██████▌   | 130/200 [27:23<14:30, 12.43s/it, Train loss=0.000146, Train acc=0, Test loss=0.743, Test acc=0.152]
 66%|██████▌   | 131/200 [27:23<14:17, 12.42s/it, Train loss=0.000146, Train acc=0, Test loss=0.743, Test acc=0.152]
 66%|██████▌   | 131/200 [27:35<14:17, 12.42s/it, Train loss=0.000186, Train acc=1.99e-5, Test loss=0.734, Test acc=0.151]
 66%|██████▌   | 132/200 [27:35<14:02, 12.38s/it, Train loss=0.000186, Train acc=1.99e-5, Test loss=0.734, Test acc=0.151]
 66%|██████▌   | 132/200 [27:48<14:02, 12.38s/it, Train loss=0.000153, Train acc=0, Test loss=0.736, Test acc=0.152]      
 66%|██████▋   | 133/200 [27:48<13:49, 12.39s/it, Train loss=0.000153, Train acc=0, Test loss=0.736, Test acc=0.152]
 66%|██████▋   | 133/200 [28:00<13:49, 12.39s/it, Train loss=0.000163, Train acc=0, Test loss=0.736, Test acc=0.152]
 67%|██████▋   | 134/200 [28:00<13:38, 12.41s/it, Train loss=0.000163, Train acc=0, Test loss=0.736, Test acc=0.152]
 67%|██████▋   | 134/200 [28:13<13:38, 12.41s/it, Train loss=0.000145, Train acc=0, Test loss=0.737, Test acc=0.152]
 68%|██████▊   | 135/200 [28:13<13:27, 12.42s/it, Train loss=0.000145, Train acc=0, Test loss=0.737, Test acc=0.152]
 68%|██████▊   | 135/200 [28:25<13:27, 12.42s/it, Train loss=0.000144, Train acc=0, Test loss=0.736, Test acc=0.152]
 68%|██████▊   | 136/200 [28:25<13:14, 12.41s/it, Train loss=0.000144, Train acc=0, Test loss=0.736, Test acc=0.152]
 68%|██████▊   | 136/200 [28:37<13:14, 12.41s/it, Train loss=0.000148, Train acc=0, Test loss=0.739, Test acc=0.152]
 68%|██████▊   | 137/200 [28:37<12:59, 12.37s/it, Train loss=0.000148, Train acc=0, Test loss=0.739, Test acc=0.152]
 68%|██████▊   | 137/200 [28:50<12:59, 12.37s/it, Train loss=0.000139, Train acc=0, Test loss=0.739, Test acc=0.151]
 69%|██████▉   | 138/200 [28:50<12:46, 12.37s/it, Train loss=0.000139, Train acc=0, Test loss=0.739, Test acc=0.151]
 69%|██████▉   | 138/200 [29:02<12:46, 12.37s/it, Train loss=0.00014, Train acc=0, Test loss=0.739, Test acc=0.152] 
 70%|██████▉   | 139/200 [29:02<12:35, 12.39s/it, Train loss=0.00014, Train acc=0, Test loss=0.739, Test acc=0.152]
 70%|██████▉   | 139/200 [29:14<12:35, 12.39s/it, Train loss=0.00014, Train acc=0, Test loss=0.741, Test acc=0.152]
 70%|███████   | 140/200 [29:14<12:24, 12.40s/it, Train loss=0.00014, Train acc=0, Test loss=0.741, Test acc=0.152]
 70%|███████   | 140/200 [29:27<12:24, 12.40s/it, Train loss=0.000134, Train acc=0, Test loss=0.744, Test acc=0.15]
 70%|███████   | 141/200 [29:27<12:11, 12.40s/it, Train loss=0.000134, Train acc=0, Test loss=0.744, Test acc=0.15]
 70%|███████   | 141/200 [29:39<12:11, 12.40s/it, Train loss=0.000132, Train acc=0, Test loss=0.745, Test acc=0.151]
 71%|███████   | 142/200 [29:39<11:57, 12.37s/it, Train loss=0.000132, Train acc=0, Test loss=0.745, Test acc=0.151]
 71%|███████   | 142/200 [29:52<11:57, 12.37s/it, Train loss=0.000154, Train acc=1.99e-5, Test loss=0.741, Test acc=0.152]
 72%|███████▏  | 143/200 [29:52<11:45, 12.38s/it, Train loss=0.000154, Train acc=1.99e-5, Test loss=0.741, Test acc=0.152]
 72%|███████▏  | 143/200 [30:04<11:45, 12.38s/it, Train loss=0.000143, Train acc=0, Test loss=0.739, Test acc=0.151]      
 72%|███████▏  | 144/200 [30:04<11:34, 12.41s/it, Train loss=0.000143, Train acc=0, Test loss=0.739, Test acc=0.151]
 72%|███████▏  | 144/200 [30:16<11:34, 12.41s/it, Train loss=0.000133, Train acc=0, Test loss=0.742, Test acc=0.151]
 72%|███████▎  | 145/200 [30:16<11:23, 12.42s/it, Train loss=0.000133, Train acc=0, Test loss=0.742, Test acc=0.151]
 72%|███████▎  | 145/200 [30:29<11:23, 12.42s/it, Train loss=0.00013, Train acc=0, Test loss=0.74, Test acc=0.151]  
 73%|███████▎  | 146/200 [30:29<11:10, 12.41s/it, Train loss=0.00013, Train acc=0, Test loss=0.74, Test acc=0.151]
 73%|███████▎  | 146/200 [30:41<11:10, 12.41s/it, Train loss=0.000147, Train acc=0, Test loss=0.742, Test acc=0.151]
 74%|███████▎  | 147/200 [30:41<10:56, 12.38s/it, Train loss=0.000147, Train acc=0, Test loss=0.742, Test acc=0.151]
 74%|███████▎  | 147/200 [30:54<10:56, 12.38s/it, Train loss=0.000127, Train acc=0, Test loss=0.74, Test acc=0.151] 
 74%|███████▍  | 148/200 [30:54<10:43, 12.38s/it, Train loss=0.000127, Train acc=0, Test loss=0.74, Test acc=0.151]
 74%|███████▍  | 148/200 [31:06<10:43, 12.38s/it, Train loss=0.00014, Train acc=0, Test loss=0.744, Test acc=0.151]
 74%|███████▍  | 149/200 [31:06<10:32, 12.40s/it, Train loss=0.00014, Train acc=0, Test loss=0.744, Test acc=0.151]
 74%|███████▍  | 149/200 [31:18<10:32, 12.40s/it, Train loss=0.000127, Train acc=0, Test loss=0.744, Test acc=0.151]
 75%|███████▌  | 150/200 [31:18<10:20, 12.42s/it, Train loss=0.000127, Train acc=0, Test loss=0.744, Test acc=0.151]
 75%|███████▌  | 150/200 [31:31<10:20, 12.42s/it, Train loss=0.000124, Train acc=0, Test loss=0.746, Test acc=0.15] 
 76%|███████▌  | 151/200 [31:31<10:08, 12.42s/it, Train loss=0.000124, Train acc=0, Test loss=0.746, Test acc=0.15]
 76%|███████▌  | 151/200 [31:43<10:08, 12.42s/it, Train loss=0.000117, Train acc=0, Test loss=0.741, Test acc=0.151]
 76%|███████▌  | 152/200 [31:43<09:54, 12.39s/it, Train loss=0.000117, Train acc=0, Test loss=0.741, Test acc=0.151]
 76%|███████▌  | 152/200 [31:56<09:54, 12.39s/it, Train loss=0.000121, Train acc=0, Test loss=0.744, Test acc=0.15] 
 76%|███████▋  | 153/200 [31:56<09:41, 12.38s/it, Train loss=0.000121, Train acc=0, Test loss=0.744, Test acc=0.15]
 76%|███████▋  | 153/200 [32:08<09:41, 12.38s/it, Train loss=0.00012, Train acc=0, Test loss=0.743, Test acc=0.15] 
 77%|███████▋  | 154/200 [32:08<09:30, 12.40s/it, Train loss=0.00012, Train acc=0, Test loss=0.743, Test acc=0.15]
 77%|███████▋  | 154/200 [32:20<09:30, 12.40s/it, Train loss=0.000125, Train acc=0, Test loss=0.745, Test acc=0.151]
 78%|███████▊  | 155/200 [32:20<09:18, 12.41s/it, Train loss=0.000125, Train acc=0, Test loss=0.745, Test acc=0.151]
 78%|███████▊  | 155/200 [32:33<09:18, 12.41s/it, Train loss=0.000124, Train acc=0, Test loss=0.744, Test acc=0.151]
 78%|███████▊  | 156/200 [32:33<09:06, 12.42s/it, Train loss=0.000124, Train acc=0, Test loss=0.744, Test acc=0.151]
 78%|███████▊  | 156/200 [32:45<09:06, 12.42s/it, Train loss=0.000136, Train acc=0, Test loss=0.748, Test acc=0.151]
 78%|███████▊  | 157/200 [32:45<08:52, 12.39s/it, Train loss=0.000136, Train acc=0, Test loss=0.748, Test acc=0.151]
 78%|███████▊  | 157/200 [32:58<08:52, 12.39s/it, Train loss=0.000118, Train acc=0, Test loss=0.744, Test acc=0.151]
 79%|███████▉  | 158/200 [32:58<08:39, 12.38s/it, Train loss=0.000118, Train acc=0, Test loss=0.744, Test acc=0.151]
 79%|███████▉  | 158/200 [33:10<08:39, 12.38s/it, Train loss=0.000124, Train acc=0, Test loss=0.742, Test acc=0.151]
 80%|███████▉  | 159/200 [33:10<08:28, 12.40s/it, Train loss=0.000124, Train acc=0, Test loss=0.742, Test acc=0.151]
 80%|███████▉  | 159/200 [33:22<08:28, 12.40s/it, Train loss=0.00012, Train acc=0, Test loss=0.743, Test acc=0.152] 
 80%|████████  | 160/200 [33:22<08:16, 12.41s/it, Train loss=0.00012, Train acc=0, Test loss=0.743, Test acc=0.152]
 80%|████████  | 160/200 [33:35<08:16, 12.41s/it, Train loss=0.000131, Train acc=0, Test loss=0.745, Test acc=0.152]
 80%|████████  | 161/200 [33:35<08:03, 12.41s/it, Train loss=0.000131, Train acc=0, Test loss=0.745, Test acc=0.152]
 80%|████████  | 161/200 [33:47<08:03, 12.41s/it, Train loss=0.000123, Train acc=0, Test loss=0.743, Test acc=0.152]
 81%|████████  | 162/200 [33:47<07:50, 12.38s/it, Train loss=0.000123, Train acc=0, Test loss=0.743, Test acc=0.152]
 81%|████████  | 162/200 [33:59<07:50, 12.38s/it, Train loss=0.000126, Train acc=0, Test loss=0.749, Test acc=0.152]
 82%|████████▏ | 163/200 [33:59<07:37, 12.36s/it, Train loss=0.000126, Train acc=0, Test loss=0.749, Test acc=0.152]
 82%|████████▏ | 163/200 [34:12<07:37, 12.36s/it, Train loss=0.000119, Train acc=0, Test loss=0.745, Test acc=0.152]
 82%|████████▏ | 164/200 [34:12<07:25, 12.37s/it, Train loss=0.000119, Train acc=0, Test loss=0.745, Test acc=0.152]
 82%|████████▏ | 164/200 [34:24<07:25, 12.37s/it, Train loss=0.000137, Train acc=1.99e-5, Test loss=0.747, Test acc=0.152]
 82%|████████▎ | 165/200 [34:24<07:13, 12.40s/it, Train loss=0.000137, Train acc=1.99e-5, Test loss=0.747, Test acc=0.152]
 82%|████████▎ | 165/200 [34:37<07:13, 12.40s/it, Train loss=0.000118, Train acc=0, Test loss=0.751, Test acc=0.151]      
 83%|████████▎ | 166/200 [34:37<07:01, 12.41s/it, Train loss=0.000118, Train acc=0, Test loss=0.751, Test acc=0.151]
 83%|████████▎ | 166/200 [34:49<07:01, 12.41s/it, Train loss=0.000117, Train acc=0, Test loss=0.746, Test acc=0.151]
 84%|████████▎ | 167/200 [34:49<06:48, 12.39s/it, Train loss=0.000117, Train acc=0, Test loss=0.746, Test acc=0.151]
 84%|████████▎ | 167/200 [35:01<06:48, 12.39s/it, Train loss=0.000118, Train acc=0, Test loss=0.75, Test acc=0.15]  
 84%|████████▍ | 168/200 [35:01<06:35, 12.37s/it, Train loss=0.000118, Train acc=0, Test loss=0.75, Test acc=0.15]
 84%|████████▍ | 168/200 [35:14<06:35, 12.37s/it, Train loss=0.000118, Train acc=0, Test loss=0.748, Test acc=0.152]
 84%|████████▍ | 169/200 [35:14<06:23, 12.38s/it, Train loss=0.000118, Train acc=0, Test loss=0.748, Test acc=0.152]
 84%|████████▍ | 169/200 [35:26<06:23, 12.38s/it, Train loss=0.000118, Train acc=0, Test loss=0.751, Test acc=0.151]
 85%|████████▌ | 170/200 [35:26<06:11, 12.40s/it, Train loss=0.000118, Train acc=0, Test loss=0.751, Test acc=0.151]
 85%|████████▌ | 170/200 [35:39<06:11, 12.40s/it, Train loss=0.000113, Train acc=0, Test loss=0.753, Test acc=0.151]
 86%|████████▌ | 171/200 [35:39<05:59, 12.39s/it, Train loss=0.000113, Train acc=0, Test loss=0.753, Test acc=0.151]
 86%|████████▌ | 171/200 [35:51<05:59, 12.39s/it, Train loss=0.000124, Train acc=0, Test loss=0.755, Test acc=0.152]
 86%|████████▌ | 172/200 [35:51<05:46, 12.37s/it, Train loss=0.000124, Train acc=0, Test loss=0.755, Test acc=0.152]
 86%|████████▌ | 172/200 [36:03<05:46, 12.37s/it, Train loss=0.000117, Train acc=0, Test loss=0.752, Test acc=0.151]
 86%|████████▋ | 173/200 [36:03<05:33, 12.35s/it, Train loss=0.000117, Train acc=0, Test loss=0.752, Test acc=0.151]
 86%|████████▋ | 173/200 [36:16<05:33, 12.35s/it, Train loss=0.000115, Train acc=0, Test loss=0.747, Test acc=0.152]
 87%|████████▋ | 174/200 [36:16<05:21, 12.36s/it, Train loss=0.000115, Train acc=0, Test loss=0.747, Test acc=0.152]
 87%|████████▋ | 174/200 [36:28<05:21, 12.36s/it, Train loss=0.000121, Train acc=0, Test loss=0.746, Test acc=0.151]
 88%|████████▊ | 175/200 [36:28<05:09, 12.38s/it, Train loss=0.000121, Train acc=0, Test loss=0.746, Test acc=0.151]
 88%|████████▊ | 175/200 [36:41<05:09, 12.38s/it, Train loss=0.000113, Train acc=0, Test loss=0.746, Test acc=0.151]
 88%|████████▊ | 176/200 [36:41<04:57, 12.40s/it, Train loss=0.000113, Train acc=0, Test loss=0.746, Test acc=0.151]
 88%|████████▊ | 176/200 [36:53<04:57, 12.40s/it, Train loss=0.000118, Train acc=0, Test loss=0.752, Test acc=0.151]
 88%|████████▊ | 177/200 [36:53<04:44, 12.39s/it, Train loss=0.000118, Train acc=0, Test loss=0.752, Test acc=0.151]
 88%|████████▊ | 177/200 [37:05<04:44, 12.39s/it, Train loss=0.000115, Train acc=0, Test loss=0.743, Test acc=0.152]
 89%|████████▉ | 178/200 [37:05<04:31, 12.36s/it, Train loss=0.000115, Train acc=0, Test loss=0.743, Test acc=0.152]
 89%|████████▉ | 178/200 [37:18<04:31, 12.36s/it, Train loss=0.000124, Train acc=0, Test loss=0.751, Test acc=0.152]
 90%|████████▉ | 179/200 [37:18<04:19, 12.37s/it, Train loss=0.000124, Train acc=0, Test loss=0.751, Test acc=0.152]
 90%|████████▉ | 179/200 [37:30<04:19, 12.37s/it, Train loss=0.000125, Train acc=0, Test loss=0.753, Test acc=0.152]
 90%|█████████ | 180/200 [37:30<04:07, 12.39s/it, Train loss=0.000125, Train acc=0, Test loss=0.753, Test acc=0.152]
 90%|█████████ | 180/200 [37:42<04:07, 12.39s/it, Train loss=0.00012, Train acc=0, Test loss=0.747, Test acc=0.152] 
 90%|█████████ | 181/200 [37:42<03:55, 12.41s/it, Train loss=0.00012, Train acc=0, Test loss=0.747, Test acc=0.152]
 90%|█████████ | 181/200 [37:55<03:55, 12.41s/it, Train loss=0.000116, Train acc=0, Test loss=0.751, Test acc=0.152]
 91%|█████████ | 182/200 [37:55<03:43, 12.39s/it, Train loss=0.000116, Train acc=0, Test loss=0.751, Test acc=0.152]
 91%|█████████ | 182/200 [38:07<03:43, 12.39s/it, Train loss=0.000115, Train acc=0, Test loss=0.753, Test acc=0.151]
 92%|█████████▏| 183/200 [38:07<03:30, 12.37s/it, Train loss=0.000115, Train acc=0, Test loss=0.753, Test acc=0.151]
 92%|█████████▏| 183/200 [38:20<03:30, 12.37s/it, Train loss=0.000111, Train acc=0, Test loss=0.747, Test acc=0.151]
 92%|█████████▏| 184/200 [38:20<03:18, 12.38s/it, Train loss=0.000111, Train acc=0, Test loss=0.747, Test acc=0.151]
 92%|█████████▏| 184/200 [38:32<03:18, 12.38s/it, Train loss=0.000111, Train acc=0, Test loss=0.745, Test acc=0.151]
 92%|█████████▎| 185/200 [38:32<03:06, 12.40s/it, Train loss=0.000111, Train acc=0, Test loss=0.745, Test acc=0.151]
 92%|█████████▎| 185/200 [38:44<03:06, 12.40s/it, Train loss=0.000115, Train acc=0, Test loss=0.75, Test acc=0.151] 
 93%|█████████▎| 186/200 [38:44<02:53, 12.42s/it, Train loss=0.000115, Train acc=0, Test loss=0.75, Test acc=0.151]
 93%|█████████▎| 186/200 [38:57<02:53, 12.42s/it, Train loss=0.000109, Train acc=0, Test loss=0.749, Test acc=0.152]
 94%|█████████▎| 187/200 [38:57<02:40, 12.38s/it, Train loss=0.000109, Train acc=0, Test loss=0.749, Test acc=0.152]
 94%|█████████▎| 187/200 [39:09<02:40, 12.38s/it, Train loss=0.000118, Train acc=0, Test loss=0.744, Test acc=0.151]
 94%|█████████▍| 188/200 [39:09<02:28, 12.35s/it, Train loss=0.000118, Train acc=0, Test loss=0.744, Test acc=0.151]
 94%|█████████▍| 188/200 [39:21<02:28, 12.35s/it, Train loss=0.000117, Train acc=0, Test loss=0.747, Test acc=0.15] 
 94%|█████████▍| 189/200 [39:21<02:16, 12.38s/it, Train loss=0.000117, Train acc=0, Test loss=0.747, Test acc=0.15]
 94%|█████████▍| 189/200 [39:34<02:16, 12.38s/it, Train loss=0.000112, Train acc=0, Test loss=0.75, Test acc=0.152]
 95%|█████████▌| 190/200 [39:34<02:03, 12.40s/it, Train loss=0.000112, Train acc=0, Test loss=0.75, Test acc=0.152]
 95%|█████████▌| 190/200 [39:46<02:03, 12.40s/it, Train loss=0.000114, Train acc=0, Test loss=0.75, Test acc=0.151]
 96%|█████████▌| 191/200 [39:46<01:51, 12.42s/it, Train loss=0.000114, Train acc=0, Test loss=0.75, Test acc=0.151]
 96%|█████████▌| 191/200 [39:59<01:51, 12.42s/it, Train loss=0.00012, Train acc=0, Test loss=0.746, Test acc=0.151]
 96%|█████████▌| 192/200 [39:59<01:39, 12.39s/it, Train loss=0.00012, Train acc=0, Test loss=0.746, Test acc=0.151]
 96%|█████████▌| 192/200 [40:11<01:39, 12.39s/it, Train loss=0.000113, Train acc=0, Test loss=0.756, Test acc=0.154]
 96%|█████████▋| 193/200 [40:11<01:26, 12.37s/it, Train loss=0.000113, Train acc=0, Test loss=0.756, Test acc=0.154]
 96%|█████████▋| 193/200 [40:23<01:26, 12.37s/it, Train loss=0.00011, Train acc=0, Test loss=0.751, Test acc=0.151] 
 97%|█████████▋| 194/200 [40:23<01:14, 12.37s/it, Train loss=0.00011, Train acc=0, Test loss=0.751, Test acc=0.151]
 97%|█████████▋| 194/200 [40:36<01:14, 12.37s/it, Train loss=0.000114, Train acc=0, Test loss=0.748, Test acc=0.151]
 98%|█████████▊| 195/200 [40:36<01:01, 12.40s/it, Train loss=0.000114, Train acc=0, Test loss=0.748, Test acc=0.151]
 98%|█████████▊| 195/200 [40:48<01:01, 12.40s/it, Train loss=0.000112, Train acc=0, Test loss=0.751, Test acc=0.151]
 98%|█████████▊| 196/200 [40:48<00:49, 12.40s/it, Train loss=0.000112, Train acc=0, Test loss=0.751, Test acc=0.151]
 98%|█████████▊| 196/200 [41:01<00:49, 12.40s/it, Train loss=0.000114, Train acc=0, Test loss=0.75, Test acc=0.152] 
 98%|█████████▊| 197/200 [41:01<00:37, 12.39s/it, Train loss=0.000114, Train acc=0, Test loss=0.75, Test acc=0.152]
 98%|█████████▊| 197/200 [41:13<00:37, 12.39s/it, Train loss=0.000115, Train acc=0, Test loss=0.747, Test acc=0.152]
 99%|█████████▉| 198/200 [41:13<00:24, 12.37s/it, Train loss=0.000115, Train acc=0, Test loss=0.747, Test acc=0.152]
 99%|█████████▉| 198/200 [41:25<00:24, 12.37s/it, Train loss=0.000114, Train acc=0, Test loss=0.744, Test acc=0.152]
100%|█████████▉| 199/200 [41:25<00:12, 12.37s/it, Train loss=0.000114, Train acc=0, Test loss=0.744, Test acc=0.152]
100%|█████████▉| 199/200 [41:38<00:12, 12.37s/it, Train loss=0.000125, Train acc=0, Test loss=0.75, Test acc=0.151] 
100%|██████████| 200/200 [41:38<00:00, 12.39s/it, Train loss=0.000125, Train acc=0, Test loss=0.75, Test acc=0.151]
100%|██████████| 200/200 [41:38<00:00, 12.49s/it, Train loss=0.000125, Train acc=0, Test loss=0.75, Test acc=0.151]
