Files already downloaded and verified
Files already downloaded and verified
load resnet18...

  0%|          | 0/200 [00:00<?, ?it/s]
  0%|          | 0/200 [00:12<?, ?it/s, Train loss=2.14, Train acc=0.752, Test loss=2.07, Test acc=0.77]
  0%|          | 1/200 [00:12<42:56, 12.95s/it, Train loss=2.14, Train acc=0.752, Test loss=2.07, Test acc=0.77]
  0%|          | 1/200 [00:25<42:56, 12.95s/it, Train loss=1.72, Train acc=0.647, Test loss=1.83, Test acc=0.682]
  1%|          | 2/200 [00:25<41:50, 12.68s/it, Train loss=1.72, Train acc=0.647, Test loss=1.83, Test acc=0.682]
  1%|          | 2/200 [00:37<41:50, 12.68s/it, Train loss=1.56, Train acc=0.58, Test loss=1.6, Test acc=0.589]  
  2%|▏         | 3/200 [00:37<41:05, 12.51s/it, Train loss=1.56, Train acc=0.58, Test loss=1.6, Test acc=0.589]
  2%|▏         | 3/200 [00:50<41:05, 12.51s/it, Train loss=1.44, Train acc=0.533, Test loss=1.52, Test acc=0.602]
  2%|▏         | 4/200 [00:50<40:39, 12.44s/it, Train loss=1.44, Train acc=0.533, Test loss=1.52, Test acc=0.602]
  2%|▏         | 4/200 [01:02<40:39, 12.44s/it, Train loss=1.32, Train acc=0.487, Test loss=1.42, Test acc=0.548]
  2%|▎         | 5/200 [01:02<40:18, 12.40s/it, Train loss=1.32, Train acc=0.487, Test loss=1.42, Test acc=0.548]
  2%|▎         | 5/200 [01:14<40:18, 12.40s/it, Train loss=1.22, Train acc=0.444, Test loss=1.39, Test acc=0.549]
  3%|▎         | 6/200 [01:14<40:03, 12.39s/it, Train loss=1.22, Train acc=0.444, Test loss=1.39, Test acc=0.549]
  3%|▎         | 6/200 [01:27<40:03, 12.39s/it, Train loss=1.11, Train acc=0.399, Test loss=1.58, Test acc=0.565]
  4%|▎         | 7/200 [01:27<39:47, 12.37s/it, Train loss=1.11, Train acc=0.399, Test loss=1.58, Test acc=0.565]
  4%|▎         | 7/200 [01:39<39:47, 12.37s/it, Train loss=0.999, Train acc=0.359, Test loss=1.63, Test acc=0.588]
  4%|▍         | 8/200 [01:39<39:35, 12.37s/it, Train loss=0.999, Train acc=0.359, Test loss=1.63, Test acc=0.588]
  4%|▍         | 8/200 [01:51<39:35, 12.37s/it, Train loss=0.91, Train acc=0.322, Test loss=1.26, Test acc=0.462] 
  4%|▍         | 9/200 [01:51<39:20, 12.36s/it, Train loss=0.91, Train acc=0.322, Test loss=1.26, Test acc=0.462]
  4%|▍         | 9/200 [02:04<39:20, 12.36s/it, Train loss=0.818, Train acc=0.288, Test loss=1.46, Test acc=0.5] 
  5%|▌         | 10/200 [02:04<39:02, 12.33s/it, Train loss=0.818, Train acc=0.288, Test loss=1.46, Test acc=0.5]
  5%|▌         | 10/200 [02:16<39:02, 12.33s/it, Train loss=0.738, Train acc=0.261, Test loss=1.1, Test acc=0.399]
  6%|▌         | 11/200 [02:16<38:47, 12.31s/it, Train loss=0.738, Train acc=0.261, Test loss=1.1, Test acc=0.399]
  6%|▌         | 11/200 [02:28<38:47, 12.31s/it, Train loss=0.66, Train acc=0.234, Test loss=1.12, Test acc=0.375]
  6%|▌         | 12/200 [02:28<38:33, 12.31s/it, Train loss=0.66, Train acc=0.234, Test loss=1.12, Test acc=0.375]
  6%|▌         | 12/200 [02:40<38:33, 12.31s/it, Train loss=0.597, Train acc=0.21, Test loss=1.35, Test acc=0.432]
  6%|▋         | 13/200 [02:40<38:18, 12.29s/it, Train loss=0.597, Train acc=0.21, Test loss=1.35, Test acc=0.432]
  6%|▋         | 13/200 [02:53<38:18, 12.29s/it, Train loss=0.538, Train acc=0.191, Test loss=1.11, Test acc=0.376]
  7%|▋         | 14/200 [02:53<38:03, 12.28s/it, Train loss=0.538, Train acc=0.191, Test loss=1.11, Test acc=0.376]
  7%|▋         | 14/200 [03:05<38:03, 12.28s/it, Train loss=0.489, Train acc=0.173, Test loss=0.849, Test acc=0.288]
  8%|▊         | 15/200 [03:05<37:51, 12.28s/it, Train loss=0.489, Train acc=0.173, Test loss=0.849, Test acc=0.288]
  8%|▊         | 15/200 [03:17<37:51, 12.28s/it, Train loss=0.445, Train acc=0.157, Test loss=0.786, Test acc=0.282]
  8%|▊         | 16/200 [03:17<37:38, 12.28s/it, Train loss=0.445, Train acc=0.157, Test loss=0.786, Test acc=0.282]
  8%|▊         | 16/200 [03:29<37:38, 12.28s/it, Train loss=0.399, Train acc=0.14, Test loss=0.8, Test acc=0.265]   
  8%|▊         | 17/200 [03:29<37:25, 12.27s/it, Train loss=0.399, Train acc=0.14, Test loss=0.8, Test acc=0.265]
  8%|▊         | 17/200 [03:42<37:25, 12.27s/it, Train loss=0.356, Train acc=0.124, Test loss=1.17, Test acc=0.362]
  9%|▉         | 18/200 [03:42<37:12, 12.27s/it, Train loss=0.356, Train acc=0.124, Test loss=1.17, Test acc=0.362]
  9%|▉         | 18/200 [03:54<37:12, 12.27s/it, Train loss=0.332, Train acc=0.116, Test loss=0.967, Test acc=0.296]
 10%|▉         | 19/200 [03:54<36:59, 12.26s/it, Train loss=0.332, Train acc=0.116, Test loss=0.967, Test acc=0.296]
 10%|▉         | 19/200 [04:06<36:59, 12.26s/it, Train loss=0.295, Train acc=0.104, Test loss=0.711, Test acc=0.229]
 10%|█         | 20/200 [04:06<36:48, 12.27s/it, Train loss=0.295, Train acc=0.104, Test loss=0.711, Test acc=0.229]
 10%|█         | 20/200 [04:19<36:48, 12.27s/it, Train loss=0.263, Train acc=0.0922, Test loss=0.716, Test acc=0.226]
 10%|█         | 21/200 [04:19<36:37, 12.28s/it, Train loss=0.263, Train acc=0.0922, Test loss=0.716, Test acc=0.226]
 10%|█         | 21/200 [04:31<36:37, 12.28s/it, Train loss=0.241, Train acc=0.0855, Test loss=1.16, Test acc=0.32]  
 11%|█         | 22/200 [04:31<36:24, 12.27s/it, Train loss=0.241, Train acc=0.0855, Test loss=1.16, Test acc=0.32]
 11%|█         | 22/200 [04:43<36:24, 12.27s/it, Train loss=0.217, Train acc=0.0766, Test loss=1.74, Test acc=0.378]
 12%|█▏        | 23/200 [04:43<36:11, 12.27s/it, Train loss=0.217, Train acc=0.0766, Test loss=1.74, Test acc=0.378]
 12%|█▏        | 23/200 [04:55<36:11, 12.27s/it, Train loss=0.193, Train acc=0.0667, Test loss=1.02, Test acc=0.288]
 12%|█▏        | 24/200 [04:55<35:58, 12.27s/it, Train loss=0.193, Train acc=0.0667, Test loss=1.02, Test acc=0.288]
 12%|█▏        | 24/200 [05:08<35:58, 12.27s/it, Train loss=0.173, Train acc=0.0591, Test loss=0.834, Test acc=0.243]
 12%|█▎        | 25/200 [05:08<35:48, 12.28s/it, Train loss=0.173, Train acc=0.0591, Test loss=0.834, Test acc=0.243]
 12%|█▎        | 25/200 [05:20<35:48, 12.28s/it, Train loss=0.154, Train acc=0.0531, Test loss=0.723, Test acc=0.205]
 13%|█▎        | 26/200 [05:20<35:36, 12.28s/it, Train loss=0.154, Train acc=0.0531, Test loss=0.723, Test acc=0.205]
 13%|█▎        | 26/200 [05:32<35:36, 12.28s/it, Train loss=0.142, Train acc=0.0481, Test loss=0.837, Test acc=0.226]
 14%|█▎        | 27/200 [05:32<35:23, 12.27s/it, Train loss=0.142, Train acc=0.0481, Test loss=0.837, Test acc=0.226]
 14%|█▎        | 27/200 [05:44<35:23, 12.27s/it, Train loss=0.124, Train acc=0.0419, Test loss=1.11, Test acc=0.268] 
 14%|█▍        | 28/200 [05:44<35:10, 12.27s/it, Train loss=0.124, Train acc=0.0419, Test loss=1.11, Test acc=0.268]
 14%|█▍        | 28/200 [05:57<35:10, 12.27s/it, Train loss=0.113, Train acc=0.0378, Test loss=0.78, Test acc=0.214]
 14%|█▍        | 29/200 [05:57<34:58, 12.27s/it, Train loss=0.113, Train acc=0.0378, Test loss=0.78, Test acc=0.214]
 14%|█▍        | 29/200 [06:09<34:58, 12.27s/it, Train loss=0.0978, Train acc=0.032, Test loss=0.876, Test acc=0.238]
 15%|█▌        | 30/200 [06:09<34:47, 12.28s/it, Train loss=0.0978, Train acc=0.032, Test loss=0.876, Test acc=0.238]
 15%|█▌        | 30/200 [06:21<34:47, 12.28s/it, Train loss=0.0927, Train acc=0.0322, Test loss=1.11, Test acc=0.264]
 16%|█▌        | 31/200 [06:21<34:34, 12.27s/it, Train loss=0.0927, Train acc=0.0322, Test loss=1.11, Test acc=0.264]
 16%|█▌        | 31/200 [06:34<34:34, 12.27s/it, Train loss=0.0878, Train acc=0.0296, Test loss=0.714, Test acc=0.192]
 16%|█▌        | 32/200 [06:34<34:20, 12.26s/it, Train loss=0.0878, Train acc=0.0296, Test loss=0.714, Test acc=0.192]
 16%|█▌        | 32/200 [06:46<34:20, 12.26s/it, Train loss=0.0751, Train acc=0.0243, Test loss=0.862, Test acc=0.22] 
 16%|█▋        | 33/200 [06:46<34:06, 12.26s/it, Train loss=0.0751, Train acc=0.0243, Test loss=0.862, Test acc=0.22]
 16%|█▋        | 33/200 [06:58<34:06, 12.26s/it, Train loss=0.0665, Train acc=0.0215, Test loss=0.792, Test acc=0.199]
 17%|█▋        | 34/200 [06:58<33:51, 12.24s/it, Train loss=0.0665, Train acc=0.0215, Test loss=0.792, Test acc=0.199]
 17%|█▋        | 34/200 [07:10<33:51, 12.24s/it, Train loss=0.0681, Train acc=0.0226, Test loss=0.924, Test acc=0.221]
 18%|█▊        | 35/200 [07:10<33:41, 12.25s/it, Train loss=0.0681, Train acc=0.0226, Test loss=0.924, Test acc=0.221]
 18%|█▊        | 35/200 [07:22<33:41, 12.25s/it, Train loss=0.0573, Train acc=0.0194, Test loss=0.789, Test acc=0.2]  
 18%|█▊        | 36/200 [07:22<33:27, 12.24s/it, Train loss=0.0573, Train acc=0.0194, Test loss=0.789, Test acc=0.2]
 18%|█▊        | 36/200 [07:35<33:27, 12.24s/it, Train loss=0.0528, Train acc=0.0169, Test loss=0.759, Test acc=0.193]
 18%|█▊        | 37/200 [07:35<33:12, 12.23s/it, Train loss=0.0528, Train acc=0.0169, Test loss=0.759, Test acc=0.193]
 18%|█▊        | 37/200 [07:47<33:12, 12.23s/it, Train loss=0.0478, Train acc=0.0152, Test loss=0.773, Test acc=0.184]
 19%|█▉        | 38/200 [07:47<32:59, 12.22s/it, Train loss=0.0478, Train acc=0.0152, Test loss=0.773, Test acc=0.184]
 19%|█▉        | 38/200 [07:59<32:59, 12.22s/it, Train loss=0.044, Train acc=0.0144, Test loss=0.766, Test acc=0.181] 
 20%|█▉        | 39/200 [07:59<32:46, 12.21s/it, Train loss=0.044, Train acc=0.0144, Test loss=0.766, Test acc=0.181]
 20%|█▉        | 39/200 [08:11<32:46, 12.21s/it, Train loss=0.0438, Train acc=0.0141, Test loss=0.747, Test acc=0.175]
 20%|██        | 40/200 [08:11<32:33, 12.21s/it, Train loss=0.0438, Train acc=0.0141, Test loss=0.747, Test acc=0.175]
 20%|██        | 40/200 [08:24<32:33, 12.21s/it, Train loss=0.0388, Train acc=0.0122, Test loss=0.745, Test acc=0.177]
 20%|██        | 41/200 [08:24<32:25, 12.23s/it, Train loss=0.0388, Train acc=0.0122, Test loss=0.745, Test acc=0.177]
 20%|██        | 41/200 [08:36<32:25, 12.23s/it, Train loss=0.0328, Train acc=0.00974, Test loss=0.772, Test acc=0.181]
 21%|██        | 42/200 [08:36<32:12, 12.23s/it, Train loss=0.0328, Train acc=0.00974, Test loss=0.772, Test acc=0.181]
 21%|██        | 42/200 [08:48<32:12, 12.23s/it, Train loss=0.0317, Train acc=0.00911, Test loss=0.793, Test acc=0.186]
 22%|██▏       | 43/200 [08:48<32:01, 12.24s/it, Train loss=0.0317, Train acc=0.00911, Test loss=0.793, Test acc=0.186]
 22%|██▏       | 43/200 [09:00<32:01, 12.24s/it, Train loss=0.0287, Train acc=0.00852, Test loss=0.746, Test acc=0.179]
 22%|██▏       | 44/200 [09:00<31:47, 12.23s/it, Train loss=0.0287, Train acc=0.00852, Test loss=0.746, Test acc=0.179]
 22%|██▏       | 44/200 [09:13<31:47, 12.23s/it, Train loss=0.0277, Train acc=0.00833, Test loss=0.782, Test acc=0.185]
 22%|██▎       | 45/200 [09:13<31:46, 12.30s/it, Train loss=0.0277, Train acc=0.00833, Test loss=0.782, Test acc=0.185]
 22%|██▎       | 45/200 [09:25<31:46, 12.30s/it, Train loss=0.0251, Train acc=0.00759, Test loss=0.802, Test acc=0.185]
 23%|██▎       | 46/200 [09:25<31:39, 12.34s/it, Train loss=0.0251, Train acc=0.00759, Test loss=0.802, Test acc=0.185]
 23%|██▎       | 46/200 [09:38<31:39, 12.34s/it, Train loss=0.0218, Train acc=0.00654, Test loss=0.783, Test acc=0.178]
 24%|██▎       | 47/200 [09:38<31:30, 12.35s/it, Train loss=0.0218, Train acc=0.00654, Test loss=0.783, Test acc=0.178]
 24%|██▎       | 47/200 [09:50<31:30, 12.35s/it, Train loss=0.0195, Train acc=0.00582, Test loss=0.743, Test acc=0.166]
 24%|██▍       | 48/200 [09:50<31:16, 12.35s/it, Train loss=0.0195, Train acc=0.00582, Test loss=0.743, Test acc=0.166]
 24%|██▍       | 48/200 [10:02<31:16, 12.35s/it, Train loss=0.0202, Train acc=0.00592, Test loss=0.711, Test acc=0.168]
 24%|██▍       | 49/200 [10:02<31:05, 12.35s/it, Train loss=0.0202, Train acc=0.00592, Test loss=0.711, Test acc=0.168]
 24%|██▍       | 49/200 [10:15<31:05, 12.35s/it, Train loss=0.0196, Train acc=0.00597, Test loss=0.802, Test acc=0.183]
 25%|██▌       | 50/200 [10:15<30:52, 12.35s/it, Train loss=0.0196, Train acc=0.00597, Test loss=0.802, Test acc=0.183]
 25%|██▌       | 50/200 [10:27<30:52, 12.35s/it, Train loss=0.0194, Train acc=0.00545, Test loss=0.859, Test acc=0.188]
 26%|██▌       | 51/200 [10:27<30:43, 12.37s/it, Train loss=0.0194, Train acc=0.00545, Test loss=0.859, Test acc=0.188]
 26%|██▌       | 51/200 [10:39<30:43, 12.37s/it, Train loss=0.0162, Train acc=0.00461, Test loss=0.8, Test acc=0.178]  
 26%|██▌       | 52/200 [10:39<30:34, 12.39s/it, Train loss=0.0162, Train acc=0.00461, Test loss=0.8, Test acc=0.178]
 26%|██▌       | 52/200 [10:52<30:34, 12.39s/it, Train loss=0.0137, Train acc=0.00385, Test loss=0.769, Test acc=0.174]
 26%|██▋       | 53/200 [10:52<30:20, 12.39s/it, Train loss=0.0137, Train acc=0.00385, Test loss=0.769, Test acc=0.174]
 26%|██▋       | 53/200 [11:04<30:20, 12.39s/it, Train loss=0.0126, Train acc=0.00351, Test loss=0.762, Test acc=0.171]
 27%|██▋       | 54/200 [11:04<30:05, 12.37s/it, Train loss=0.0126, Train acc=0.00351, Test loss=0.762, Test acc=0.171]
 27%|██▋       | 54/200 [11:17<30:05, 12.37s/it, Train loss=0.0118, Train acc=0.00343, Test loss=0.768, Test acc=0.169]
 28%|██▊       | 55/200 [11:17<29:57, 12.39s/it, Train loss=0.0118, Train acc=0.00343, Test loss=0.768, Test acc=0.169]
 28%|██▊       | 55/200 [11:29<29:57, 12.39s/it, Train loss=0.0102, Train acc=0.00283, Test loss=0.746, Test acc=0.167]
 28%|██▊       | 56/200 [11:29<29:49, 12.43s/it, Train loss=0.0102, Train acc=0.00283, Test loss=0.746, Test acc=0.167]
 28%|██▊       | 56/200 [11:41<29:49, 12.43s/it, Train loss=0.0101, Train acc=0.00277, Test loss=0.752, Test acc=0.166]
 28%|██▊       | 57/200 [11:41<29:35, 12.42s/it, Train loss=0.0101, Train acc=0.00277, Test loss=0.752, Test acc=0.166]
 28%|██▊       | 57/200 [11:54<29:35, 12.42s/it, Train loss=0.00818, Train acc=0.00209, Test loss=0.749, Test acc=0.165]
 29%|██▉       | 58/200 [11:54<29:21, 12.40s/it, Train loss=0.00818, Train acc=0.00209, Test loss=0.749, Test acc=0.165]
 29%|██▉       | 58/200 [12:06<29:21, 12.40s/it, Train loss=0.0102, Train acc=0.00265, Test loss=0.763, Test acc=0.165] 
 30%|██▉       | 59/200 [12:06<29:16, 12.45s/it, Train loss=0.0102, Train acc=0.00265, Test loss=0.763, Test acc=0.165]
 30%|██▉       | 59/200 [12:20<29:16, 12.45s/it, Train loss=0.00849, Train acc=0.00209, Test loss=0.748, Test acc=0.161]
 30%|███       | 60/200 [12:20<29:58, 12.84s/it, Train loss=0.00849, Train acc=0.00209, Test loss=0.748, Test acc=0.161]
 30%|███       | 60/200 [12:33<29:58, 12.84s/it, Train loss=0.00834, Train acc=0.00211, Test loss=0.761, Test acc=0.162]
 30%|███       | 61/200 [12:33<29:40, 12.81s/it, Train loss=0.00834, Train acc=0.00211, Test loss=0.761, Test acc=0.162]
 30%|███       | 61/200 [12:46<29:40, 12.81s/it, Train loss=0.007, Train acc=0.00156, Test loss=0.744, Test acc=0.164]  
 31%|███       | 62/200 [12:46<29:23, 12.78s/it, Train loss=0.007, Train acc=0.00156, Test loss=0.744, Test acc=0.164]
 31%|███       | 62/200 [12:58<29:23, 12.78s/it, Train loss=0.00651, Train acc=0.00173, Test loss=0.774, Test acc=0.166]
 32%|███▏      | 63/200 [12:58<29:06, 12.75s/it, Train loss=0.00651, Train acc=0.00173, Test loss=0.774, Test acc=0.166]
 32%|███▏      | 63/200 [13:11<29:06, 12.75s/it, Train loss=0.00749, Train acc=0.00179, Test loss=0.728, Test acc=0.157]
 32%|███▏      | 64/200 [13:11<28:32, 12.59s/it, Train loss=0.00749, Train acc=0.00179, Test loss=0.728, Test acc=0.157]
 32%|███▏      | 64/200 [13:23<28:32, 12.59s/it, Train loss=0.00549, Train acc=0.00136, Test loss=0.719, Test acc=0.155]
 32%|███▎      | 65/200 [13:23<28:06, 12.49s/it, Train loss=0.00549, Train acc=0.00136, Test loss=0.719, Test acc=0.155]
 32%|███▎      | 65/200 [13:35<28:06, 12.49s/it, Train loss=0.00549, Train acc=0.00134, Test loss=0.721, Test acc=0.158]
 33%|███▎      | 66/200 [13:35<27:47, 12.44s/it, Train loss=0.00549, Train acc=0.00134, Test loss=0.721, Test acc=0.158]
 33%|███▎      | 66/200 [13:47<27:47, 12.44s/it, Train loss=0.00462, Train acc=0.00112, Test loss=0.749, Test acc=0.16] 
 34%|███▎      | 67/200 [13:47<27:28, 12.39s/it, Train loss=0.00462, Train acc=0.00112, Test loss=0.749, Test acc=0.16]
 34%|███▎      | 67/200 [14:00<27:28, 12.39s/it, Train loss=0.00384, Train acc=0.000817, Test loss=0.804, Test acc=0.163]
 34%|███▍      | 68/200 [14:00<27:08, 12.34s/it, Train loss=0.00384, Train acc=0.000817, Test loss=0.804, Test acc=0.163]
 34%|███▍      | 68/200 [14:12<27:08, 12.34s/it, Train loss=0.00441, Train acc=0.0012, Test loss=0.732, Test acc=0.158]  
 34%|███▍      | 69/200 [14:12<26:51, 12.30s/it, Train loss=0.00441, Train acc=0.0012, Test loss=0.732, Test acc=0.158]
 34%|███▍      | 69/200 [14:24<26:51, 12.30s/it, Train loss=0.0039, Train acc=0.0011, Test loss=0.747, Test acc=0.162] 
 35%|███▌      | 70/200 [14:24<26:37, 12.29s/it, Train loss=0.0039, Train acc=0.0011, Test loss=0.747, Test acc=0.162]
 35%|███▌      | 70/200 [14:36<26:37, 12.29s/it, Train loss=0.00306, Train acc=0.000698, Test loss=0.74, Test acc=0.159]
 36%|███▌      | 71/200 [14:36<26:26, 12.30s/it, Train loss=0.00306, Train acc=0.000698, Test loss=0.74, Test acc=0.159]
 36%|███▌      | 71/200 [14:49<26:26, 12.30s/it, Train loss=0.00307, Train acc=0.000658, Test loss=0.738, Test acc=0.155]
 36%|███▌      | 72/200 [14:49<26:14, 12.30s/it, Train loss=0.00307, Train acc=0.000658, Test loss=0.738, Test acc=0.155]
 36%|███▌      | 72/200 [15:01<26:14, 12.30s/it, Train loss=0.00319, Train acc=0.000678, Test loss=0.739, Test acc=0.156]
 36%|███▋      | 73/200 [15:01<25:58, 12.27s/it, Train loss=0.00319, Train acc=0.000678, Test loss=0.739, Test acc=0.156]
 36%|███▋      | 73/200 [15:13<25:58, 12.27s/it, Train loss=0.00266, Train acc=0.000618, Test loss=0.763, Test acc=0.162]
 37%|███▋      | 74/200 [15:13<25:43, 12.25s/it, Train loss=0.00266, Train acc=0.000618, Test loss=0.763, Test acc=0.162]
 37%|███▋      | 74/200 [15:25<25:43, 12.25s/it, Train loss=0.0029, Train acc=0.000797, Test loss=0.756, Test acc=0.157] 
 38%|███▊      | 75/200 [15:25<25:32, 12.26s/it, Train loss=0.0029, Train acc=0.000797, Test loss=0.756, Test acc=0.157]
 38%|███▊      | 75/200 [15:38<25:32, 12.26s/it, Train loss=0.00242, Train acc=0.000538, Test loss=0.733, Test acc=0.155]
 38%|███▊      | 76/200 [15:38<25:21, 12.27s/it, Train loss=0.00242, Train acc=0.000538, Test loss=0.733, Test acc=0.155]
 38%|███▊      | 76/200 [15:50<25:21, 12.27s/it, Train loss=0.00144, Train acc=0.000259, Test loss=0.733, Test acc=0.155]
 38%|███▊      | 77/200 [15:50<25:10, 12.28s/it, Train loss=0.00144, Train acc=0.000259, Test loss=0.733, Test acc=0.155]
 38%|███▊      | 77/200 [16:02<25:10, 12.28s/it, Train loss=0.00167, Train acc=0.000319, Test loss=0.74, Test acc=0.156] 
 39%|███▉      | 78/200 [16:02<24:54, 12.25s/it, Train loss=0.00167, Train acc=0.000319, Test loss=0.74, Test acc=0.156]
 39%|███▉      | 78/200 [16:14<24:54, 12.25s/it, Train loss=0.00119, Train acc=0.000259, Test loss=0.735, Test acc=0.156]
 40%|███▉      | 79/200 [16:14<24:41, 12.25s/it, Train loss=0.00119, Train acc=0.000259, Test loss=0.735, Test acc=0.156]
 40%|███▉      | 79/200 [16:27<24:41, 12.25s/it, Train loss=0.00111, Train acc=0.000259, Test loss=0.731, Test acc=0.154]
 40%|████      | 80/200 [16:27<24:30, 12.25s/it, Train loss=0.00111, Train acc=0.000259, Test loss=0.731, Test acc=0.154]
 40%|████      | 80/200 [16:39<24:30, 12.25s/it, Train loss=0.00112, Train acc=0.000239, Test loss=0.728, Test acc=0.153]
 40%|████      | 81/200 [16:39<24:21, 12.28s/it, Train loss=0.00112, Train acc=0.000239, Test loss=0.728, Test acc=0.153]
 40%|████      | 81/200 [16:51<24:21, 12.28s/it, Train loss=0.000959, Train acc=0.00012, Test loss=0.722, Test acc=0.154]
 41%|████      | 82/200 [16:51<24:09, 12.28s/it, Train loss=0.000959, Train acc=0.00012, Test loss=0.722, Test acc=0.154]
 41%|████      | 82/200 [17:04<24:09, 12.28s/it, Train loss=0.000844, Train acc=0.00014, Test loss=0.729, Test acc=0.154]
 42%|████▏     | 83/200 [17:04<23:55, 12.27s/it, Train loss=0.000844, Train acc=0.00014, Test loss=0.729, Test acc=0.154]
 42%|████▏     | 83/200 [17:16<23:55, 12.27s/it, Train loss=0.000735, Train acc=0.00012, Test loss=0.726, Test acc=0.155]
 42%|████▏     | 84/200 [17:16<23:42, 12.26s/it, Train loss=0.000735, Train acc=0.00012, Test loss=0.726, Test acc=0.155]
 42%|████▏     | 84/200 [17:28<23:42, 12.26s/it, Train loss=0.000726, Train acc=0.00012, Test loss=0.734, Test acc=0.153]
 42%|████▎     | 85/200 [17:28<23:30, 12.27s/it, Train loss=0.000726, Train acc=0.00012, Test loss=0.734, Test acc=0.153]
 42%|████▎     | 85/200 [17:40<23:30, 12.27s/it, Train loss=0.000717, Train acc=7.97e-5, Test loss=0.742, Test acc=0.156]
 43%|████▎     | 86/200 [17:40<23:20, 12.29s/it, Train loss=0.000717, Train acc=7.97e-5, Test loss=0.742, Test acc=0.156]
 43%|████▎     | 86/200 [17:53<23:20, 12.29s/it, Train loss=0.000559, Train acc=3.99e-5, Test loss=0.734, Test acc=0.153]
 44%|████▎     | 87/200 [17:53<23:06, 12.27s/it, Train loss=0.000559, Train acc=3.99e-5, Test loss=0.734, Test acc=0.153]
 44%|████▎     | 87/200 [18:05<23:06, 12.27s/it, Train loss=0.000631, Train acc=0.00012, Test loss=0.729, Test acc=0.153]
 44%|████▍     | 88/200 [18:05<22:53, 12.26s/it, Train loss=0.000631, Train acc=0.00012, Test loss=0.729, Test acc=0.153]
 44%|████▍     | 88/200 [18:17<22:53, 12.26s/it, Train loss=0.000436, Train acc=1.99e-5, Test loss=0.726, Test acc=0.152]
 44%|████▍     | 89/200 [18:17<22:41, 12.26s/it, Train loss=0.000436, Train acc=1.99e-5, Test loss=0.726, Test acc=0.152]
 44%|████▍     | 89/200 [18:29<22:41, 12.26s/it, Train loss=0.000421, Train acc=3.99e-5, Test loss=0.733, Test acc=0.153]
 45%|████▌     | 90/200 [18:29<22:30, 12.28s/it, Train loss=0.000421, Train acc=3.99e-5, Test loss=0.733, Test acc=0.153]
 45%|████▌     | 90/200 [18:42<22:30, 12.28s/it, Train loss=0.000322, Train acc=0, Test loss=0.732, Test acc=0.153]      
 46%|████▌     | 91/200 [18:42<22:20, 12.30s/it, Train loss=0.000322, Train acc=0, Test loss=0.732, Test acc=0.153]
 46%|████▌     | 91/200 [18:54<22:20, 12.30s/it, Train loss=0.000282, Train acc=0, Test loss=0.734, Test acc=0.152]
 46%|████▌     | 92/200 [18:54<22:07, 12.29s/it, Train loss=0.000282, Train acc=0, Test loss=0.734, Test acc=0.152]
 46%|████▌     | 92/200 [19:06<22:07, 12.29s/it, Train loss=0.000302, Train acc=3.99e-5, Test loss=0.733, Test acc=0.152]
 46%|████▋     | 93/200 [19:06<21:54, 12.28s/it, Train loss=0.000302, Train acc=3.99e-5, Test loss=0.733, Test acc=0.152]
 46%|████▋     | 93/200 [19:19<21:54, 12.28s/it, Train loss=0.000392, Train acc=7.97e-5, Test loss=0.742, Test acc=0.153]
 47%|████▋     | 94/200 [19:19<21:39, 12.26s/it, Train loss=0.000392, Train acc=7.97e-5, Test loss=0.742, Test acc=0.153]
 47%|████▋     | 94/200 [19:31<21:39, 12.26s/it, Train loss=0.000329, Train acc=5.98e-5, Test loss=0.739, Test acc=0.152]
 48%|████▊     | 95/200 [19:31<21:26, 12.25s/it, Train loss=0.000329, Train acc=5.98e-5, Test loss=0.739, Test acc=0.152]
 48%|████▊     | 95/200 [19:43<21:26, 12.25s/it, Train loss=0.000307, Train acc=1.99e-5, Test loss=0.735, Test acc=0.152]
 48%|████▊     | 96/200 [19:43<21:17, 12.28s/it, Train loss=0.000307, Train acc=1.99e-5, Test loss=0.735, Test acc=0.152]
 48%|████▊     | 96/200 [19:55<21:17, 12.28s/it, Train loss=0.000217, Train acc=0, Test loss=0.74, Test acc=0.154]       
 48%|████▊     | 97/200 [19:55<21:05, 12.29s/it, Train loss=0.000217, Train acc=0, Test loss=0.74, Test acc=0.154]
 48%|████▊     | 97/200 [20:08<21:05, 12.29s/it, Train loss=0.000197, Train acc=0, Test loss=0.737, Test acc=0.152]
 49%|████▉     | 98/200 [20:08<20:52, 12.28s/it, Train loss=0.000197, Train acc=0, Test loss=0.737, Test acc=0.152]
 49%|████▉     | 98/200 [20:20<20:52, 12.28s/it, Train loss=0.000234, Train acc=0, Test loss=0.737, Test acc=0.152]
 50%|████▉     | 99/200 [20:20<20:38, 12.26s/it, Train loss=0.000234, Train acc=0, Test loss=0.737, Test acc=0.152]
 50%|████▉     | 99/200 [20:32<20:38, 12.26s/it, Train loss=0.000195, Train acc=0, Test loss=0.741, Test acc=0.152]
 50%|█████     | 100/200 [20:32<20:24, 12.25s/it, Train loss=0.000195, Train acc=0, Test loss=0.741, Test acc=0.152]
 50%|█████     | 100/200 [20:44<20:24, 12.25s/it, Train loss=0.000173, Train acc=0, Test loss=0.738, Test acc=0.152]
 50%|█████     | 101/200 [20:44<20:11, 12.24s/it, Train loss=0.000173, Train acc=0, Test loss=0.738, Test acc=0.152]
 50%|█████     | 101/200 [20:57<20:11, 12.24s/it, Train loss=0.000182, Train acc=0, Test loss=0.738, Test acc=0.151]
 51%|█████     | 102/200 [20:57<20:00, 12.25s/it, Train loss=0.000182, Train acc=0, Test loss=0.738, Test acc=0.151]
 51%|█████     | 102/200 [21:09<20:00, 12.25s/it, Train loss=0.000185, Train acc=1.99e-5, Test loss=0.744, Test acc=0.152]
 52%|█████▏    | 103/200 [21:09<20:06, 12.44s/it, Train loss=0.000185, Train acc=1.99e-5, Test loss=0.744, Test acc=0.152]
 52%|█████▏    | 103/200 [21:22<20:06, 12.44s/it, Train loss=0.000163, Train acc=0, Test loss=0.739, Test acc=0.151]      
 52%|█████▏    | 104/200 [21:22<19:55, 12.45s/it, Train loss=0.000163, Train acc=0, Test loss=0.739, Test acc=0.151]
 52%|█████▏    | 104/200 [21:34<19:55, 12.45s/it, Train loss=0.000156, Train acc=0, Test loss=0.744, Test acc=0.152]
 52%|█████▎    | 105/200 [21:34<19:40, 12.42s/it, Train loss=0.000156, Train acc=0, Test loss=0.744, Test acc=0.152]
 52%|█████▎    | 105/200 [21:47<19:40, 12.42s/it, Train loss=0.000154, Train acc=0, Test loss=0.747, Test acc=0.152]
 53%|█████▎    | 106/200 [21:47<19:25, 12.40s/it, Train loss=0.000154, Train acc=0, Test loss=0.747, Test acc=0.152]
 53%|█████▎    | 106/200 [21:59<19:25, 12.40s/it, Train loss=0.000149, Train acc=0, Test loss=0.747, Test acc=0.153]
 54%|█████▎    | 107/200 [21:59<19:15, 12.42s/it, Train loss=0.000149, Train acc=0, Test loss=0.747, Test acc=0.153]
 54%|█████▎    | 107/200 [22:12<19:15, 12.42s/it, Train loss=0.000144, Train acc=0, Test loss=0.746, Test acc=0.151]
 54%|█████▍    | 108/200 [22:12<19:03, 12.43s/it, Train loss=0.000144, Train acc=0, Test loss=0.746, Test acc=0.151]
 54%|█████▍    | 108/200 [22:24<19:03, 12.43s/it, Train loss=0.000133, Train acc=0, Test loss=0.747, Test acc=0.151]
 55%|█████▍    | 109/200 [22:24<18:50, 12.42s/it, Train loss=0.000133, Train acc=0, Test loss=0.747, Test acc=0.151]
 55%|█████▍    | 109/200 [22:36<18:50, 12.42s/it, Train loss=0.00015, Train acc=0, Test loss=0.742, Test acc=0.152] 
 55%|█████▌    | 110/200 [22:36<18:37, 12.42s/it, Train loss=0.00015, Train acc=0, Test loss=0.742, Test acc=0.152]
 55%|█████▌    | 110/200 [22:49<18:37, 12.42s/it, Train loss=0.000145, Train acc=0, Test loss=0.747, Test acc=0.151]
 56%|█████▌    | 111/200 [22:49<18:24, 12.41s/it, Train loss=0.000145, Train acc=0, Test loss=0.747, Test acc=0.151]
 56%|█████▌    | 111/200 [23:01<18:24, 12.41s/it, Train loss=0.000136, Train acc=0, Test loss=0.748, Test acc=0.15] 
 56%|█████▌    | 112/200 [23:01<18:12, 12.42s/it, Train loss=0.000136, Train acc=0, Test loss=0.748, Test acc=0.15]
 56%|█████▌    | 112/200 [23:14<18:12, 12.42s/it, Train loss=0.000139, Train acc=0, Test loss=0.75, Test acc=0.151]
 56%|█████▋    | 113/200 [23:14<18:01, 12.44s/it, Train loss=0.000139, Train acc=0, Test loss=0.75, Test acc=0.151]
 56%|█████▋    | 113/200 [23:26<18:01, 12.44s/it, Train loss=0.000132, Train acc=0, Test loss=0.747, Test acc=0.149]
 57%|█████▋    | 114/200 [23:26<17:49, 12.44s/it, Train loss=0.000132, Train acc=0, Test loss=0.747, Test acc=0.149]
 57%|█████▋    | 114/200 [23:39<17:49, 12.44s/it, Train loss=0.000126, Train acc=0, Test loss=0.75, Test acc=0.151] 
 57%|█████▊    | 115/200 [23:39<17:35, 12.42s/it, Train loss=0.000126, Train acc=0, Test loss=0.75, Test acc=0.151]
 57%|█████▊    | 115/200 [23:51<17:35, 12.42s/it, Train loss=0.000127, Train acc=0, Test loss=0.749, Test acc=0.15]
 58%|█████▊    | 116/200 [23:51<17:22, 12.41s/it, Train loss=0.000127, Train acc=0, Test loss=0.749, Test acc=0.15]
 58%|█████▊    | 116/200 [24:04<17:22, 12.41s/it, Train loss=0.000124, Train acc=0, Test loss=0.754, Test acc=0.152]
 58%|█████▊    | 117/200 [24:04<17:16, 12.49s/it, Train loss=0.000124, Train acc=0, Test loss=0.754, Test acc=0.152]
 58%|█████▊    | 117/200 [24:16<17:16, 12.49s/it, Train loss=0.00013, Train acc=0, Test loss=0.749, Test acc=0.15]  
 59%|█████▉    | 118/200 [24:16<16:59, 12.43s/it, Train loss=0.00013, Train acc=0, Test loss=0.749, Test acc=0.15]
 59%|█████▉    | 118/200 [24:28<16:59, 12.43s/it, Train loss=0.000126, Train acc=0, Test loss=0.753, Test acc=0.152]
 60%|█████▉    | 119/200 [24:28<16:44, 12.40s/it, Train loss=0.000126, Train acc=0, Test loss=0.753, Test acc=0.152]
 60%|█████▉    | 119/200 [24:40<16:44, 12.40s/it, Train loss=0.000125, Train acc=0, Test loss=0.753, Test acc=0.153]
 60%|██████    | 120/200 [24:40<16:26, 12.33s/it, Train loss=0.000125, Train acc=0, Test loss=0.753, Test acc=0.153]
 60%|██████    | 120/200 [24:53<16:26, 12.33s/it, Train loss=0.000118, Train acc=0, Test loss=0.753, Test acc=0.152]
 60%|██████    | 121/200 [24:53<16:10, 12.29s/it, Train loss=0.000118, Train acc=0, Test loss=0.753, Test acc=0.152]
 60%|██████    | 121/200 [25:05<16:10, 12.29s/it, Train loss=0.00012, Train acc=0, Test loss=0.754, Test acc=0.152] 
 61%|██████    | 122/200 [25:05<15:58, 12.29s/it, Train loss=0.00012, Train acc=0, Test loss=0.754, Test acc=0.152]
 61%|██████    | 122/200 [25:17<15:58, 12.29s/it, Train loss=0.00012, Train acc=0, Test loss=0.752, Test acc=0.151]
 62%|██████▏   | 123/200 [25:17<15:46, 12.30s/it, Train loss=0.00012, Train acc=0, Test loss=0.752, Test acc=0.151]
 62%|██████▏   | 123/200 [25:29<15:46, 12.30s/it, Train loss=0.000118, Train acc=0, Test loss=0.754, Test acc=0.151]
 62%|██████▏   | 124/200 [25:29<15:33, 12.28s/it, Train loss=0.000118, Train acc=0, Test loss=0.754, Test acc=0.151]
 62%|██████▏   | 124/200 [25:42<15:33, 12.28s/it, Train loss=0.000122, Train acc=0, Test loss=0.759, Test acc=0.151]
 62%|██████▎   | 125/200 [25:42<15:18, 12.25s/it, Train loss=0.000122, Train acc=0, Test loss=0.759, Test acc=0.151]
 62%|██████▎   | 125/200 [25:54<15:18, 12.25s/it, Train loss=0.000113, Train acc=0, Test loss=0.756, Test acc=0.15] 
 63%|██████▎   | 126/200 [25:54<15:05, 12.23s/it, Train loss=0.000113, Train acc=0, Test loss=0.756, Test acc=0.15]
 63%|██████▎   | 126/200 [26:06<15:05, 12.23s/it, Train loss=0.000116, Train acc=0, Test loss=0.756, Test acc=0.151]
 64%|██████▎   | 127/200 [26:06<14:53, 12.23s/it, Train loss=0.000116, Train acc=0, Test loss=0.756, Test acc=0.151]
 64%|██████▎   | 127/200 [26:18<14:53, 12.23s/it, Train loss=0.000124, Train acc=0, Test loss=0.755, Test acc=0.15] 
 64%|██████▍   | 128/200 [26:18<14:42, 12.25s/it, Train loss=0.000124, Train acc=0, Test loss=0.755, Test acc=0.15]
 64%|██████▍   | 128/200 [26:31<14:42, 12.25s/it, Train loss=0.000116, Train acc=0, Test loss=0.758, Test acc=0.152]
 64%|██████▍   | 129/200 [26:31<14:29, 12.24s/it, Train loss=0.000116, Train acc=0, Test loss=0.758, Test acc=0.152]
 64%|██████▍   | 129/200 [26:43<14:29, 12.24s/it, Train loss=0.000111, Train acc=0, Test loss=0.756, Test acc=0.152]
 65%|██████▌   | 130/200 [26:43<14:15, 12.22s/it, Train loss=0.000111, Train acc=0, Test loss=0.756, Test acc=0.152]
 65%|██████▌   | 130/200 [26:55<14:15, 12.22s/it, Train loss=0.000108, Train acc=0, Test loss=0.758, Test acc=0.151]
 66%|██████▌   | 131/200 [26:55<14:02, 12.21s/it, Train loss=0.000108, Train acc=0, Test loss=0.758, Test acc=0.151]
 66%|██████▌   | 131/200 [27:07<14:02, 12.21s/it, Train loss=0.000113, Train acc=0, Test loss=0.757, Test acc=0.15] 
 66%|██████▌   | 132/200 [27:07<13:51, 12.23s/it, Train loss=0.000113, Train acc=0, Test loss=0.757, Test acc=0.15]
 66%|██████▌   | 132/200 [27:20<13:51, 12.23s/it, Train loss=0.000129, Train acc=1.99e-5, Test loss=0.755, Test acc=0.153]
 66%|██████▋   | 133/200 [27:20<13:41, 12.26s/it, Train loss=0.000129, Train acc=1.99e-5, Test loss=0.755, Test acc=0.153]
 66%|██████▋   | 133/200 [27:32<13:41, 12.26s/it, Train loss=0.000112, Train acc=0, Test loss=0.759, Test acc=0.151]      
 67%|██████▋   | 134/200 [27:32<13:29, 12.26s/it, Train loss=0.000112, Train acc=0, Test loss=0.759, Test acc=0.151]
 67%|██████▋   | 134/200 [27:44<13:29, 12.26s/it, Train loss=0.000106, Train acc=0, Test loss=0.755, Test acc=0.151]
 68%|██████▊   | 135/200 [27:44<13:15, 12.24s/it, Train loss=0.000106, Train acc=0, Test loss=0.755, Test acc=0.151]
 68%|██████▊   | 135/200 [27:56<13:15, 12.24s/it, Train loss=0.000109, Train acc=0, Test loss=0.755, Test acc=0.15] 
 68%|██████▊   | 136/200 [27:56<13:02, 12.22s/it, Train loss=0.000109, Train acc=0, Test loss=0.755, Test acc=0.15]
 68%|██████▊   | 136/200 [28:08<13:02, 12.22s/it, Train loss=0.000106, Train acc=0, Test loss=0.757, Test acc=0.153]
 68%|██████▊   | 137/200 [28:08<12:49, 12.21s/it, Train loss=0.000106, Train acc=0, Test loss=0.757, Test acc=0.153]
 68%|██████▊   | 137/200 [28:21<12:49, 12.21s/it, Train loss=0.000106, Train acc=0, Test loss=0.757, Test acc=0.151]
 69%|██████▉   | 138/200 [28:21<12:38, 12.24s/it, Train loss=0.000106, Train acc=0, Test loss=0.757, Test acc=0.151]
 69%|██████▉   | 138/200 [28:33<12:38, 12.24s/it, Train loss=0.000104, Train acc=0, Test loss=0.754, Test acc=0.15] 
 70%|██████▉   | 139/200 [28:33<12:26, 12.24s/it, Train loss=0.000104, Train acc=0, Test loss=0.754, Test acc=0.15]
 70%|██████▉   | 139/200 [28:45<12:26, 12.24s/it, Train loss=0.000107, Train acc=0, Test loss=0.752, Test acc=0.151]
 70%|███████   | 140/200 [28:45<12:13, 12.23s/it, Train loss=0.000107, Train acc=0, Test loss=0.752, Test acc=0.151]
 70%|███████   | 140/200 [28:57<12:13, 12.23s/it, Train loss=0.000106, Train acc=0, Test loss=0.756, Test acc=0.15] 
 70%|███████   | 141/200 [28:57<12:00, 12.21s/it, Train loss=0.000106, Train acc=0, Test loss=0.756, Test acc=0.15]
 70%|███████   | 141/200 [29:09<12:00, 12.21s/it, Train loss=0.000103, Train acc=0, Test loss=0.757, Test acc=0.151]
 71%|███████   | 142/200 [29:09<11:48, 12.21s/it, Train loss=0.000103, Train acc=0, Test loss=0.757, Test acc=0.151]
 71%|███████   | 142/200 [29:22<11:48, 12.21s/it, Train loss=0.0001, Train acc=0, Test loss=0.757, Test acc=0.152]  
 72%|███████▏  | 143/200 [29:22<11:36, 12.21s/it, Train loss=0.0001, Train acc=0, Test loss=0.757, Test acc=0.152]
 72%|███████▏  | 143/200 [29:34<11:36, 12.21s/it, Train loss=0.000102, Train acc=0, Test loss=0.757, Test acc=0.151]
 72%|███████▏  | 144/200 [29:34<11:24, 12.22s/it, Train loss=0.000102, Train acc=0, Test loss=0.757, Test acc=0.151]
 72%|███████▏  | 144/200 [29:46<11:24, 12.22s/it, Train loss=0.000106, Train acc=0, Test loss=0.756, Test acc=0.151]
 72%|███████▎  | 145/200 [29:46<11:12, 12.22s/it, Train loss=0.000106, Train acc=0, Test loss=0.756, Test acc=0.151]
 72%|███████▎  | 145/200 [29:58<11:12, 12.22s/it, Train loss=0.000101, Train acc=0, Test loss=0.758, Test acc=0.151]
 73%|███████▎  | 146/200 [29:58<10:59, 12.21s/it, Train loss=0.000101, Train acc=0, Test loss=0.758, Test acc=0.151]
 73%|███████▎  | 146/200 [30:11<10:59, 12.21s/it, Train loss=0.000104, Train acc=0, Test loss=0.758, Test acc=0.151]
 74%|███████▎  | 147/200 [30:11<10:48, 12.23s/it, Train loss=0.000104, Train acc=0, Test loss=0.758, Test acc=0.151]
 74%|███████▎  | 147/200 [30:23<10:48, 12.23s/it, Train loss=0.000104, Train acc=0, Test loss=0.757, Test acc=0.15] 
 74%|███████▍  | 148/200 [30:23<10:36, 12.24s/it, Train loss=0.000104, Train acc=0, Test loss=0.757, Test acc=0.15]
 74%|███████▍  | 148/200 [30:35<10:36, 12.24s/it, Train loss=0.000104, Train acc=0, Test loss=0.761, Test acc=0.151]
 74%|███████▍  | 149/200 [30:35<10:24, 12.25s/it, Train loss=0.000104, Train acc=0, Test loss=0.761, Test acc=0.151]
 74%|███████▍  | 149/200 [30:47<10:24, 12.25s/it, Train loss=9.98e-5, Train acc=0, Test loss=0.757, Test acc=0.151] 
 75%|███████▌  | 150/200 [30:47<10:11, 12.23s/it, Train loss=9.98e-5, Train acc=0, Test loss=0.757, Test acc=0.151]
 75%|███████▌  | 150/200 [30:59<10:11, 12.23s/it, Train loss=9.54e-5, Train acc=0, Test loss=0.761, Test acc=0.151]
 76%|███████▌  | 151/200 [30:59<09:57, 12.20s/it, Train loss=9.54e-5, Train acc=0, Test loss=0.761, Test acc=0.151]
 76%|███████▌  | 151/200 [31:12<09:57, 12.20s/it, Train loss=9.5e-5, Train acc=0, Test loss=0.758, Test acc=0.15]  
 76%|███████▌  | 152/200 [31:12<09:45, 12.20s/it, Train loss=9.5e-5, Train acc=0, Test loss=0.758, Test acc=0.15]
 76%|███████▌  | 152/200 [31:24<09:45, 12.20s/it, Train loss=0.000101, Train acc=0, Test loss=0.759, Test acc=0.15]
 76%|███████▋  | 153/200 [31:24<09:35, 12.25s/it, Train loss=0.000101, Train acc=0, Test loss=0.759, Test acc=0.15]
 76%|███████▋  | 153/200 [31:36<09:35, 12.25s/it, Train loss=9.75e-5, Train acc=0, Test loss=0.755, Test acc=0.151]
 77%|███████▋  | 154/200 [31:36<09:23, 12.26s/it, Train loss=9.75e-5, Train acc=0, Test loss=0.755, Test acc=0.151]
 77%|███████▋  | 154/200 [31:48<09:23, 12.26s/it, Train loss=9.64e-5, Train acc=0, Test loss=0.761, Test acc=0.152]
 78%|███████▊  | 155/200 [31:48<09:10, 12.24s/it, Train loss=9.64e-5, Train acc=0, Test loss=0.761, Test acc=0.152]
 78%|███████▊  | 155/200 [32:01<09:10, 12.24s/it, Train loss=0.000101, Train acc=0, Test loss=0.758, Test acc=0.151]
 78%|███████▊  | 156/200 [32:01<08:56, 12.20s/it, Train loss=0.000101, Train acc=0, Test loss=0.758, Test acc=0.151]
 78%|███████▊  | 156/200 [32:13<08:56, 12.20s/it, Train loss=9.9e-5, Train acc=0, Test loss=0.76, Test acc=0.151]   
 78%|███████▊  | 157/200 [32:13<08:51, 12.36s/it, Train loss=9.9e-5, Train acc=0, Test loss=0.76, Test acc=0.151]
 78%|███████▊  | 157/200 [32:27<08:51, 12.36s/it, Train loss=9.38e-5, Train acc=0, Test loss=0.757, Test acc=0.151]
 79%|███████▉  | 158/200 [32:27<08:51, 12.65s/it, Train loss=9.38e-5, Train acc=0, Test loss=0.757, Test acc=0.151]
 79%|███████▉  | 158/200 [32:39<08:51, 12.65s/it, Train loss=0.000103, Train acc=0, Test loss=0.758, Test acc=0.151]
 80%|███████▉  | 159/200 [32:39<08:36, 12.59s/it, Train loss=0.000103, Train acc=0, Test loss=0.758, Test acc=0.151]
 80%|███████▉  | 159/200 [32:51<08:36, 12.59s/it, Train loss=0.000101, Train acc=0, Test loss=0.759, Test acc=0.151]
 80%|████████  | 160/200 [32:51<08:20, 12.51s/it, Train loss=0.000101, Train acc=0, Test loss=0.759, Test acc=0.151]
 80%|████████  | 160/200 [33:04<08:20, 12.51s/it, Train loss=9.85e-5, Train acc=0, Test loss=0.764, Test acc=0.152] 
 80%|████████  | 161/200 [33:04<08:06, 12.46s/it, Train loss=9.85e-5, Train acc=0, Test loss=0.764, Test acc=0.152]
 80%|████████  | 161/200 [33:16<08:06, 12.46s/it, Train loss=9.58e-5, Train acc=0, Test loss=0.762, Test acc=0.152]
 81%|████████  | 162/200 [33:16<07:53, 12.45s/it, Train loss=9.58e-5, Train acc=0, Test loss=0.762, Test acc=0.152]
 81%|████████  | 162/200 [33:29<07:53, 12.45s/it, Train loss=9.08e-5, Train acc=0, Test loss=0.759, Test acc=0.15] 
 82%|████████▏ | 163/200 [33:29<07:40, 12.46s/it, Train loss=9.08e-5, Train acc=0, Test loss=0.759, Test acc=0.15]
 82%|████████▏ | 163/200 [33:41<07:40, 12.46s/it, Train loss=9.48e-5, Train acc=0, Test loss=0.758, Test acc=0.151]
 82%|████████▏ | 164/200 [33:41<07:27, 12.43s/it, Train loss=9.48e-5, Train acc=0, Test loss=0.758, Test acc=0.151]
 82%|████████▏ | 164/200 [33:53<07:27, 12.43s/it, Train loss=9.1e-5, Train acc=0, Test loss=0.763, Test acc=0.151] 
 82%|████████▎ | 165/200 [33:53<07:14, 12.41s/it, Train loss=9.1e-5, Train acc=0, Test loss=0.763, Test acc=0.151]
 82%|████████▎ | 165/200 [34:06<07:14, 12.41s/it, Train loss=9.43e-5, Train acc=0, Test loss=0.762, Test acc=0.151]
 83%|████████▎ | 166/200 [34:06<07:00, 12.36s/it, Train loss=9.43e-5, Train acc=0, Test loss=0.762, Test acc=0.151]
 83%|████████▎ | 166/200 [34:18<07:00, 12.36s/it, Train loss=8.92e-5, Train acc=0, Test loss=0.758, Test acc=0.15] 
 84%|████████▎ | 167/200 [34:18<06:47, 12.35s/it, Train loss=8.92e-5, Train acc=0, Test loss=0.758, Test acc=0.15]
 84%|████████▎ | 167/200 [34:30<06:47, 12.35s/it, Train loss=9.36e-5, Train acc=0, Test loss=0.76, Test acc=0.15] 
 84%|████████▍ | 168/200 [34:30<06:35, 12.37s/it, Train loss=9.36e-5, Train acc=0, Test loss=0.76, Test acc=0.15]
 84%|████████▍ | 168/200 [34:43<06:35, 12.37s/it, Train loss=9.03e-5, Train acc=0, Test loss=0.762, Test acc=0.151]
 84%|████████▍ | 169/200 [34:43<06:27, 12.51s/it, Train loss=9.03e-5, Train acc=0, Test loss=0.762, Test acc=0.151]
 84%|████████▍ | 169/200 [34:57<06:27, 12.51s/it, Train loss=9.18e-5, Train acc=0, Test loss=0.763, Test acc=0.151]
 85%|████████▌ | 170/200 [34:57<06:22, 12.76s/it, Train loss=9.18e-5, Train acc=0, Test loss=0.763, Test acc=0.151]
 85%|████████▌ | 170/200 [35:09<06:22, 12.76s/it, Train loss=8.91e-5, Train acc=0, Test loss=0.762, Test acc=0.15] 
 86%|████████▌ | 171/200 [35:09<06:06, 12.65s/it, Train loss=8.91e-5, Train acc=0, Test loss=0.762, Test acc=0.15]
 86%|████████▌ | 171/200 [35:21<06:06, 12.65s/it, Train loss=9.47e-5, Train acc=0, Test loss=0.764, Test acc=0.151]
 86%|████████▌ | 172/200 [35:21<05:51, 12.56s/it, Train loss=9.47e-5, Train acc=0, Test loss=0.764, Test acc=0.151]
 86%|████████▌ | 172/200 [35:34<05:51, 12.56s/it, Train loss=9.04e-5, Train acc=0, Test loss=0.758, Test acc=0.15] 
 86%|████████▋ | 173/200 [35:34<05:38, 12.53s/it, Train loss=9.04e-5, Train acc=0, Test loss=0.758, Test acc=0.15]
 86%|████████▋ | 173/200 [35:46<05:38, 12.53s/it, Train loss=9.12e-5, Train acc=0, Test loss=0.764, Test acc=0.151]
 87%|████████▋ | 174/200 [35:46<05:24, 12.49s/it, Train loss=9.12e-5, Train acc=0, Test loss=0.764, Test acc=0.151]
 87%|████████▋ | 174/200 [35:58<05:24, 12.49s/it, Train loss=9.3e-5, Train acc=0, Test loss=0.755, Test acc=0.15]  
 88%|████████▊ | 175/200 [35:58<05:10, 12.43s/it, Train loss=9.3e-5, Train acc=0, Test loss=0.755, Test acc=0.15]
 88%|████████▊ | 175/200 [36:11<05:10, 12.43s/it, Train loss=8.84e-5, Train acc=0, Test loss=0.761, Test acc=0.152]
 88%|████████▊ | 176/200 [36:11<04:57, 12.38s/it, Train loss=8.84e-5, Train acc=0, Test loss=0.761, Test acc=0.152]
 88%|████████▊ | 176/200 [36:23<04:57, 12.38s/it, Train loss=9.48e-5, Train acc=0, Test loss=0.759, Test acc=0.152]
 88%|████████▊ | 177/200 [36:23<04:44, 12.37s/it, Train loss=9.48e-5, Train acc=0, Test loss=0.759, Test acc=0.152]
 88%|████████▊ | 177/200 [36:35<04:44, 12.37s/it, Train loss=9.29e-5, Train acc=0, Test loss=0.762, Test acc=0.152]
 89%|████████▉ | 178/200 [36:35<04:32, 12.38s/it, Train loss=9.29e-5, Train acc=0, Test loss=0.762, Test acc=0.152]
 89%|████████▉ | 178/200 [36:48<04:32, 12.38s/it, Train loss=9.33e-5, Train acc=0, Test loss=0.764, Test acc=0.151]
 90%|████████▉ | 179/200 [36:48<04:19, 12.38s/it, Train loss=9.33e-5, Train acc=0, Test loss=0.764, Test acc=0.151]
 90%|████████▉ | 179/200 [37:00<04:19, 12.38s/it, Train loss=9.47e-5, Train acc=0, Test loss=0.765, Test acc=0.151]
 90%|█████████ | 180/200 [37:00<04:06, 12.35s/it, Train loss=9.47e-5, Train acc=0, Test loss=0.765, Test acc=0.151]
 90%|█████████ | 180/200 [37:12<04:06, 12.35s/it, Train loss=9.38e-5, Train acc=0, Test loss=0.763, Test acc=0.152]
 90%|█████████ | 181/200 [37:12<03:54, 12.33s/it, Train loss=9.38e-5, Train acc=0, Test loss=0.763, Test acc=0.152]
 90%|█████████ | 181/200 [37:25<03:54, 12.33s/it, Train loss=9.4e-5, Train acc=0, Test loss=0.761, Test acc=0.152] 
 91%|█████████ | 182/200 [37:25<03:42, 12.35s/it, Train loss=9.4e-5, Train acc=0, Test loss=0.761, Test acc=0.152]
 91%|█████████ | 182/200 [37:37<03:42, 12.35s/it, Train loss=9.3e-5, Train acc=0, Test loss=0.763, Test acc=0.152]
 92%|█████████▏| 183/200 [37:37<03:30, 12.39s/it, Train loss=9.3e-5, Train acc=0, Test loss=0.763, Test acc=0.152]
 92%|█████████▏| 183/200 [37:50<03:30, 12.39s/it, Train loss=8.78e-5, Train acc=0, Test loss=0.76, Test acc=0.151]
 92%|█████████▏| 184/200 [37:50<03:17, 12.37s/it, Train loss=8.78e-5, Train acc=0, Test loss=0.76, Test acc=0.151]
 92%|█████████▏| 184/200 [38:02<03:17, 12.37s/it, Train loss=8.71e-5, Train acc=0, Test loss=0.76, Test acc=0.151]
 92%|█████████▎| 185/200 [38:02<03:05, 12.35s/it, Train loss=8.71e-5, Train acc=0, Test loss=0.76, Test acc=0.151]
 92%|█████████▎| 185/200 [38:14<03:05, 12.35s/it, Train loss=9e-5, Train acc=0, Test loss=0.761, Test acc=0.15]   
 93%|█████████▎| 186/200 [38:14<02:52, 12.36s/it, Train loss=9e-5, Train acc=0, Test loss=0.761, Test acc=0.15]
 93%|█████████▎| 186/200 [38:27<02:52, 12.36s/it, Train loss=8.56e-5, Train acc=0, Test loss=0.762, Test acc=0.15]
 94%|█████████▎| 187/200 [38:27<02:40, 12.36s/it, Train loss=8.56e-5, Train acc=0, Test loss=0.762, Test acc=0.15]
 94%|█████████▎| 187/200 [38:39<02:40, 12.36s/it, Train loss=9.34e-5, Train acc=0, Test loss=0.758, Test acc=0.15]
 94%|█████████▍| 188/200 [38:39<02:28, 12.39s/it, Train loss=9.34e-5, Train acc=0, Test loss=0.758, Test acc=0.15]
 94%|█████████▍| 188/200 [38:51<02:28, 12.39s/it, Train loss=9.31e-5, Train acc=0, Test loss=0.762, Test acc=0.151]
 94%|█████████▍| 189/200 [38:51<02:16, 12.39s/it, Train loss=9.31e-5, Train acc=0, Test loss=0.762, Test acc=0.151]
 94%|█████████▍| 189/200 [39:04<02:16, 12.39s/it, Train loss=8.81e-5, Train acc=0, Test loss=0.761, Test acc=0.151]
 95%|█████████▌| 190/200 [39:04<02:03, 12.37s/it, Train loss=8.81e-5, Train acc=0, Test loss=0.761, Test acc=0.151]
 95%|█████████▌| 190/200 [39:16<02:03, 12.37s/it, Train loss=9.58e-5, Train acc=0, Test loss=0.764, Test acc=0.151]
 96%|█████████▌| 191/200 [39:16<01:51, 12.36s/it, Train loss=9.58e-5, Train acc=0, Test loss=0.764, Test acc=0.151]
 96%|█████████▌| 191/200 [39:29<01:51, 12.36s/it, Train loss=0.000102, Train acc=0, Test loss=0.757, Test acc=0.152]
 96%|█████████▌| 192/200 [39:29<01:38, 12.36s/it, Train loss=0.000102, Train acc=0, Test loss=0.757, Test acc=0.152]
 96%|█████████▌| 192/200 [39:41<01:38, 12.36s/it, Train loss=8.96e-5, Train acc=0, Test loss=0.769, Test acc=0.153] 
 96%|█████████▋| 193/200 [39:41<01:26, 12.39s/it, Train loss=8.96e-5, Train acc=0, Test loss=0.769, Test acc=0.153]
 96%|█████████▋| 193/200 [39:53<01:26, 12.39s/it, Train loss=8.72e-5, Train acc=0, Test loss=0.761, Test acc=0.151]
 97%|█████████▋| 194/200 [39:53<01:14, 12.39s/it, Train loss=8.72e-5, Train acc=0, Test loss=0.761, Test acc=0.151]
 97%|█████████▋| 194/200 [40:06<01:14, 12.39s/it, Train loss=9.25e-5, Train acc=0, Test loss=0.76, Test acc=0.151] 
 98%|█████████▊| 195/200 [40:06<01:01, 12.38s/it, Train loss=9.25e-5, Train acc=0, Test loss=0.76, Test acc=0.151]
 98%|█████████▊| 195/200 [40:18<01:01, 12.38s/it, Train loss=8.71e-5, Train acc=0, Test loss=0.764, Test acc=0.15]
 98%|█████████▊| 196/200 [40:18<00:49, 12.37s/it, Train loss=8.71e-5, Train acc=0, Test loss=0.764, Test acc=0.15]
 98%|█████████▊| 196/200 [40:30<00:49, 12.37s/it, Train loss=9.13e-5, Train acc=0, Test loss=0.762, Test acc=0.152]
 98%|█████████▊| 197/200 [40:30<00:37, 12.38s/it, Train loss=9.13e-5, Train acc=0, Test loss=0.762, Test acc=0.152]
 98%|█████████▊| 197/200 [40:43<00:37, 12.38s/it, Train loss=9.59e-5, Train acc=0, Test loss=0.759, Test acc=0.15] 
 99%|█████████▉| 198/200 [40:43<00:24, 12.40s/it, Train loss=9.59e-5, Train acc=0, Test loss=0.759, Test acc=0.15]
 99%|█████████▉| 198/200 [40:55<00:24, 12.40s/it, Train loss=9.18e-5, Train acc=0, Test loss=0.76, Test acc=0.152]
100%|█████████▉| 199/200 [40:55<00:12, 12.40s/it, Train loss=9.18e-5, Train acc=0, Test loss=0.76, Test acc=0.152]
100%|█████████▉| 199/200 [41:08<00:12, 12.40s/it, Train loss=9e-5, Train acc=0, Test loss=0.762, Test acc=0.151]  
100%|██████████| 200/200 [41:08<00:00, 12.39s/it, Train loss=9e-5, Train acc=0, Test loss=0.762, Test acc=0.151]
100%|██████████| 200/200 [41:08<00:00, 12.34s/it, Train loss=9e-5, Train acc=0, Test loss=0.762, Test acc=0.151]
