Files already downloaded and verified
Files already downloaded and verified
load resnet18...

  0%|          | 0/200 [00:00<?, ?it/s]
  0%|          | 0/200 [00:12<?, ?it/s, Train loss=1.98, Train acc=0.716, Test loss=2.35, Test acc=0.789]
  0%|          | 1/200 [00:12<42:26, 12.80s/it, Train loss=1.98, Train acc=0.716, Test loss=2.35, Test acc=0.789]
  0%|          | 1/200 [00:25<42:26, 12.80s/it, Train loss=1.6, Train acc=0.599, Test loss=1.82, Test acc=0.671] 
  1%|          | 2/200 [00:25<41:30, 12.58s/it, Train loss=1.6, Train acc=0.599, Test loss=1.82, Test acc=0.671]
  1%|          | 2/200 [00:37<41:30, 12.58s/it, Train loss=1.42, Train acc=0.526, Test loss=1.68, Test acc=0.632]
  2%|▏         | 3/200 [00:37<41:01, 12.49s/it, Train loss=1.42, Train acc=0.526, Test loss=1.68, Test acc=0.632]
  2%|▏         | 3/200 [00:50<41:01, 12.49s/it, Train loss=1.27, Train acc=0.468, Test loss=1.46, Test acc=0.572]
  2%|▏         | 4/200 [00:50<40:43, 12.47s/it, Train loss=1.27, Train acc=0.468, Test loss=1.46, Test acc=0.572]
  2%|▏         | 4/200 [01:02<40:43, 12.47s/it, Train loss=1.14, Train acc=0.413, Test loss=1.6, Test acc=0.567] 
  2%|▎         | 5/200 [01:02<40:27, 12.45s/it, Train loss=1.14, Train acc=0.413, Test loss=1.6, Test acc=0.567]
  2%|▎         | 5/200 [01:14<40:27, 12.45s/it, Train loss=1.03, Train acc=0.369, Test loss=1.16, Test acc=0.435]
  3%|▎         | 6/200 [01:14<40:14, 12.45s/it, Train loss=1.03, Train acc=0.369, Test loss=1.16, Test acc=0.435]
  3%|▎         | 6/200 [01:28<40:14, 12.45s/it, Train loss=0.909, Train acc=0.328, Test loss=1.18, Test acc=0.434]
  4%|▎         | 7/200 [01:28<41:10, 12.80s/it, Train loss=0.909, Train acc=0.328, Test loss=1.18, Test acc=0.434]
  4%|▎         | 7/200 [01:40<41:10, 12.80s/it, Train loss=0.805, Train acc=0.286, Test loss=1.29, Test acc=0.458]
  4%|▍         | 8/200 [01:40<40:25, 12.63s/it, Train loss=0.805, Train acc=0.286, Test loss=1.29, Test acc=0.458]
  4%|▍         | 8/200 [01:52<40:25, 12.63s/it, Train loss=0.713, Train acc=0.25, Test loss=1.43, Test acc=0.483] 
  4%|▍         | 9/200 [01:52<39:50, 12.52s/it, Train loss=0.713, Train acc=0.25, Test loss=1.43, Test acc=0.483]
  4%|▍         | 9/200 [02:05<39:50, 12.52s/it, Train loss=0.638, Train acc=0.226, Test loss=1.36, Test acc=0.464]
  5%|▌         | 10/200 [02:05<39:23, 12.44s/it, Train loss=0.638, Train acc=0.226, Test loss=1.36, Test acc=0.464]
  5%|▌         | 10/200 [02:17<39:23, 12.44s/it, Train loss=0.572, Train acc=0.201, Test loss=1.1, Test acc=0.377] 
  6%|▌         | 11/200 [02:17<39:24, 12.51s/it, Train loss=0.572, Train acc=0.201, Test loss=1.1, Test acc=0.377]
  6%|▌         | 11/200 [02:30<39:24, 12.51s/it, Train loss=0.504, Train acc=0.179, Test loss=1.08, Test acc=0.362]
  6%|▌         | 12/200 [02:30<38:59, 12.44s/it, Train loss=0.504, Train acc=0.179, Test loss=1.08, Test acc=0.362]
  6%|▌         | 12/200 [02:42<38:59, 12.44s/it, Train loss=0.454, Train acc=0.16, Test loss=1.11, Test acc=0.343] 
  6%|▋         | 13/200 [02:42<38:38, 12.40s/it, Train loss=0.454, Train acc=0.16, Test loss=1.11, Test acc=0.343]
  6%|▋         | 13/200 [02:54<38:38, 12.40s/it, Train loss=0.4, Train acc=0.143, Test loss=0.963, Test acc=0.322]
  7%|▋         | 14/200 [02:54<38:19, 12.36s/it, Train loss=0.4, Train acc=0.143, Test loss=0.963, Test acc=0.322]
  7%|▋         | 14/200 [03:07<38:19, 12.36s/it, Train loss=0.359, Train acc=0.127, Test loss=0.799, Test acc=0.258]
  8%|▊         | 15/200 [03:07<38:05, 12.35s/it, Train loss=0.359, Train acc=0.127, Test loss=0.799, Test acc=0.258]
  8%|▊         | 15/200 [03:19<38:05, 12.35s/it, Train loss=0.326, Train acc=0.114, Test loss=1.09, Test acc=0.327] 
  8%|▊         | 16/200 [03:19<37:50, 12.34s/it, Train loss=0.326, Train acc=0.114, Test loss=1.09, Test acc=0.327]
  8%|▊         | 16/200 [03:31<37:50, 12.34s/it, Train loss=0.29, Train acc=0.102, Test loss=0.746, Test acc=0.244]
  8%|▊         | 17/200 [03:31<37:37, 12.34s/it, Train loss=0.29, Train acc=0.102, Test loss=0.746, Test acc=0.244]
  8%|▊         | 17/200 [03:44<37:37, 12.34s/it, Train loss=0.249, Train acc=0.0857, Test loss=1.75, Test acc=0.407]
  9%|▉         | 18/200 [03:44<37:23, 12.33s/it, Train loss=0.249, Train acc=0.0857, Test loss=1.75, Test acc=0.407]
  9%|▉         | 18/200 [03:56<37:23, 12.33s/it, Train loss=0.238, Train acc=0.0821, Test loss=0.844, Test acc=0.265]
 10%|▉         | 19/200 [03:56<37:10, 12.32s/it, Train loss=0.238, Train acc=0.0821, Test loss=0.844, Test acc=0.265]
 10%|▉         | 19/200 [04:08<37:10, 12.32s/it, Train loss=0.204, Train acc=0.0702, Test loss=1.24, Test acc=0.324] 
 10%|█         | 20/200 [04:08<36:58, 12.32s/it, Train loss=0.204, Train acc=0.0702, Test loss=1.24, Test acc=0.324]
 10%|█         | 20/200 [04:20<36:58, 12.32s/it, Train loss=0.186, Train acc=0.0641, Test loss=1.27, Test acc=0.326]
 10%|█         | 21/200 [04:20<36:45, 12.32s/it, Train loss=0.186, Train acc=0.0641, Test loss=1.27, Test acc=0.326]
 10%|█         | 21/200 [04:33<36:45, 12.32s/it, Train loss=0.164, Train acc=0.0565, Test loss=0.963, Test acc=0.261]
 11%|█         | 22/200 [04:33<36:32, 12.32s/it, Train loss=0.164, Train acc=0.0565, Test loss=0.963, Test acc=0.261]
 11%|█         | 22/200 [04:45<36:32, 12.32s/it, Train loss=0.143, Train acc=0.0487, Test loss=3.55, Test acc=0.551] 
 12%|█▏        | 23/200 [04:45<36:19, 12.31s/it, Train loss=0.143, Train acc=0.0487, Test loss=3.55, Test acc=0.551]
 12%|█▏        | 23/200 [04:57<36:19, 12.31s/it, Train loss=0.175, Train acc=0.0611, Test loss=0.887, Test acc=0.239]
 12%|█▏        | 24/200 [04:57<36:07, 12.32s/it, Train loss=0.175, Train acc=0.0611, Test loss=0.887, Test acc=0.239]
 12%|█▏        | 24/200 [05:10<36:07, 12.32s/it, Train loss=0.145, Train acc=0.0503, Test loss=0.768, Test acc=0.219]
 12%|█▎        | 25/200 [05:10<35:56, 12.32s/it, Train loss=0.145, Train acc=0.0503, Test loss=0.768, Test acc=0.219]
 12%|█▎        | 25/200 [05:22<35:56, 12.32s/it, Train loss=0.114, Train acc=0.0378, Test loss=0.785, Test acc=0.226]
 13%|█▎        | 26/200 [05:22<35:44, 12.33s/it, Train loss=0.114, Train acc=0.0378, Test loss=0.785, Test acc=0.226]
 13%|█▎        | 26/200 [05:34<35:44, 12.33s/it, Train loss=0.0955, Train acc=0.0313, Test loss=0.743, Test acc=0.203]
 14%|█▎        | 27/200 [05:34<35:30, 12.31s/it, Train loss=0.0955, Train acc=0.0313, Test loss=0.743, Test acc=0.203]
 14%|█▎        | 27/200 [05:47<35:30, 12.31s/it, Train loss=0.0826, Train acc=0.0265, Test loss=0.706, Test acc=0.193]
 14%|█▍        | 28/200 [05:47<35:17, 12.31s/it, Train loss=0.0826, Train acc=0.0265, Test loss=0.706, Test acc=0.193]
 14%|█▍        | 28/200 [05:59<35:17, 12.31s/it, Train loss=0.0752, Train acc=0.0249, Test loss=0.821, Test acc=0.209]
 14%|█▍        | 29/200 [05:59<35:03, 12.30s/it, Train loss=0.0752, Train acc=0.0249, Test loss=0.821, Test acc=0.209]
 14%|█▍        | 29/200 [06:11<35:03, 12.30s/it, Train loss=0.0669, Train acc=0.022, Test loss=0.804, Test acc=0.21]  
 15%|█▌        | 30/200 [06:11<34:54, 12.32s/it, Train loss=0.0669, Train acc=0.022, Test loss=0.804, Test acc=0.21]
 15%|█▌        | 30/200 [06:24<34:54, 12.32s/it, Train loss=0.0581, Train acc=0.0187, Test loss=0.963, Test acc=0.23]
 16%|█▌        | 31/200 [06:24<34:43, 12.33s/it, Train loss=0.0581, Train acc=0.0187, Test loss=0.963, Test acc=0.23]
 16%|█▌        | 31/200 [06:36<34:43, 12.33s/it, Train loss=0.0582, Train acc=0.0186, Test loss=0.753, Test acc=0.197]
 16%|█▌        | 32/200 [06:36<34:28, 12.31s/it, Train loss=0.0582, Train acc=0.0186, Test loss=0.753, Test acc=0.197]
 16%|█▌        | 32/200 [06:48<34:28, 12.31s/it, Train loss=0.0511, Train acc=0.0163, Test loss=0.709, Test acc=0.181]
 16%|█▋        | 33/200 [06:48<34:16, 12.31s/it, Train loss=0.0511, Train acc=0.0163, Test loss=0.709, Test acc=0.181]
 16%|█▋        | 33/200 [07:01<34:16, 12.31s/it, Train loss=0.0438, Train acc=0.013, Test loss=1.03, Test acc=0.244]  
 17%|█▋        | 34/200 [07:01<34:04, 12.32s/it, Train loss=0.0438, Train acc=0.013, Test loss=1.03, Test acc=0.244]
 17%|█▋        | 34/200 [07:13<34:04, 12.32s/it, Train loss=0.0441, Train acc=0.0135, Test loss=0.789, Test acc=0.198]
 18%|█▊        | 35/200 [07:13<33:53, 12.33s/it, Train loss=0.0441, Train acc=0.0135, Test loss=0.789, Test acc=0.198]
 18%|█▊        | 35/200 [07:25<33:53, 12.33s/it, Train loss=0.0369, Train acc=0.0116, Test loss=0.731, Test acc=0.187]
 18%|█▊        | 36/200 [07:25<33:44, 12.34s/it, Train loss=0.0369, Train acc=0.0116, Test loss=0.731, Test acc=0.187]
 18%|█▊        | 36/200 [07:38<33:44, 12.34s/it, Train loss=0.0329, Train acc=0.01, Test loss=0.738, Test acc=0.185]  
 18%|█▊        | 37/200 [07:38<33:31, 12.34s/it, Train loss=0.0329, Train acc=0.01, Test loss=0.738, Test acc=0.185]
 18%|█▊        | 37/200 [07:50<33:31, 12.34s/it, Train loss=0.0317, Train acc=0.00957, Test loss=0.782, Test acc=0.19]
 19%|█▉        | 38/200 [07:50<33:16, 12.33s/it, Train loss=0.0317, Train acc=0.00957, Test loss=0.782, Test acc=0.19]
 19%|█▉        | 38/200 [08:02<33:16, 12.33s/it, Train loss=0.03, Train acc=0.0088, Test loss=0.726, Test acc=0.179]  
 20%|█▉        | 39/200 [08:02<33:04, 12.32s/it, Train loss=0.03, Train acc=0.0088, Test loss=0.726, Test acc=0.179]
 20%|█▉        | 39/200 [08:15<33:04, 12.32s/it, Train loss=0.0256, Train acc=0.00729, Test loss=0.698, Test acc=0.17]
 20%|██        | 40/200 [08:15<32:55, 12.34s/it, Train loss=0.0256, Train acc=0.00729, Test loss=0.698, Test acc=0.17]
 20%|██        | 40/200 [08:27<32:55, 12.34s/it, Train loss=0.0241, Train acc=0.00674, Test loss=0.703, Test acc=0.173]
 20%|██        | 41/200 [08:27<32:44, 12.36s/it, Train loss=0.0241, Train acc=0.00674, Test loss=0.703, Test acc=0.173]
 20%|██        | 41/200 [08:39<32:44, 12.36s/it, Train loss=0.022, Train acc=0.00623, Test loss=0.717, Test acc=0.173] 
 21%|██        | 42/200 [08:39<32:30, 12.35s/it, Train loss=0.022, Train acc=0.00623, Test loss=0.717, Test acc=0.173]
 21%|██        | 42/200 [08:52<32:30, 12.35s/it, Train loss=0.0207, Train acc=0.00588, Test loss=0.751, Test acc=0.179]
 22%|██▏       | 43/200 [08:52<32:16, 12.33s/it, Train loss=0.0207, Train acc=0.00588, Test loss=0.751, Test acc=0.179]
 22%|██▏       | 43/200 [09:04<32:16, 12.33s/it, Train loss=0.0194, Train acc=0.00568, Test loss=1.09, Test acc=0.241] 
 22%|██▏       | 44/200 [09:04<32:04, 12.34s/it, Train loss=0.0194, Train acc=0.00568, Test loss=1.09, Test acc=0.241]
 22%|██▏       | 44/200 [09:16<32:04, 12.34s/it, Train loss=0.0193, Train acc=0.00553, Test loss=0.738, Test acc=0.177]
 22%|██▎       | 45/200 [09:16<31:55, 12.36s/it, Train loss=0.0193, Train acc=0.00553, Test loss=0.738, Test acc=0.177]
 22%|██▎       | 45/200 [09:29<31:55, 12.36s/it, Train loss=0.016, Train acc=0.00419, Test loss=0.827, Test acc=0.189] 
 23%|██▎       | 46/200 [09:29<31:42, 12.35s/it, Train loss=0.016, Train acc=0.00419, Test loss=0.827, Test acc=0.189]
 23%|██▎       | 46/200 [09:41<31:42, 12.35s/it, Train loss=0.0188, Train acc=0.00513, Test loss=0.862, Test acc=0.193]
 24%|██▎       | 47/200 [09:41<31:28, 12.35s/it, Train loss=0.0188, Train acc=0.00513, Test loss=0.862, Test acc=0.193]
 24%|██▎       | 47/200 [09:53<31:28, 12.35s/it, Train loss=0.0178, Train acc=0.00492, Test loss=0.709, Test acc=0.166]
 24%|██▍       | 48/200 [09:53<31:15, 12.34s/it, Train loss=0.0178, Train acc=0.00492, Test loss=0.709, Test acc=0.166]
 24%|██▍       | 48/200 [10:06<31:15, 12.34s/it, Train loss=0.0151, Train acc=0.00425, Test loss=0.772, Test acc=0.179]
 24%|██▍       | 49/200 [10:06<31:02, 12.34s/it, Train loss=0.0151, Train acc=0.00425, Test loss=0.772, Test acc=0.179]
 24%|██▍       | 49/200 [10:18<31:02, 12.34s/it, Train loss=0.0146, Train acc=0.00375, Test loss=0.897, Test acc=0.201]
 25%|██▌       | 50/200 [10:18<30:54, 12.36s/it, Train loss=0.0146, Train acc=0.00375, Test loss=0.897, Test acc=0.201]
 25%|██▌       | 50/200 [10:31<30:54, 12.36s/it, Train loss=0.0137, Train acc=0.00385, Test loss=0.686, Test acc=0.165]
 26%|██▌       | 51/200 [10:31<30:43, 12.37s/it, Train loss=0.0137, Train acc=0.00385, Test loss=0.686, Test acc=0.165]
 26%|██▌       | 51/200 [10:43<30:43, 12.37s/it, Train loss=0.0123, Train acc=0.0033, Test loss=0.898, Test acc=0.197] 
 26%|██▌       | 52/200 [10:43<30:30, 12.37s/it, Train loss=0.0123, Train acc=0.0033, Test loss=0.898, Test acc=0.197]
 26%|██▌       | 52/200 [10:55<30:30, 12.37s/it, Train loss=0.0122, Train acc=0.00313, Test loss=0.712, Test acc=0.167]
 26%|██▋       | 53/200 [10:55<30:17, 12.36s/it, Train loss=0.0122, Train acc=0.00313, Test loss=0.712, Test acc=0.167]
 26%|██▋       | 53/200 [11:08<30:17, 12.36s/it, Train loss=0.0104, Train acc=0.00251, Test loss=0.704, Test acc=0.165]
 27%|██▋       | 54/200 [11:08<30:01, 12.34s/it, Train loss=0.0104, Train acc=0.00251, Test loss=0.704, Test acc=0.165]
 27%|██▋       | 54/200 [11:20<30:01, 12.34s/it, Train loss=0.00989, Train acc=0.00259, Test loss=0.794, Test acc=0.172]
 28%|██▊       | 55/200 [11:20<29:47, 12.33s/it, Train loss=0.00989, Train acc=0.00259, Test loss=0.794, Test acc=0.172]
 28%|██▊       | 55/200 [11:32<29:47, 12.33s/it, Train loss=0.00908, Train acc=0.00235, Test loss=0.688, Test acc=0.158]
 28%|██▊       | 56/200 [11:32<29:39, 12.36s/it, Train loss=0.00908, Train acc=0.00235, Test loss=0.688, Test acc=0.158]
 28%|██▊       | 56/200 [11:45<29:39, 12.36s/it, Train loss=0.0077, Train acc=0.00183, Test loss=0.683, Test acc=0.159] 
 28%|██▊       | 57/200 [11:45<29:28, 12.37s/it, Train loss=0.0077, Train acc=0.00183, Test loss=0.683, Test acc=0.159]
 28%|██▊       | 57/200 [11:57<29:28, 12.37s/it, Train loss=0.00627, Train acc=0.00149, Test loss=0.732, Test acc=0.166]
 29%|██▉       | 58/200 [11:57<29:16, 12.37s/it, Train loss=0.00627, Train acc=0.00149, Test loss=0.732, Test acc=0.166]
 29%|██▉       | 58/200 [12:09<29:16, 12.37s/it, Train loss=0.00654, Train acc=0.00145, Test loss=0.688, Test acc=0.159]
 30%|██▉       | 59/200 [12:09<29:01, 12.35s/it, Train loss=0.00654, Train acc=0.00145, Test loss=0.688, Test acc=0.159]
 30%|██▉       | 59/200 [12:22<29:01, 12.35s/it, Train loss=0.00568, Train acc=0.00142, Test loss=0.683, Test acc=0.157]
 30%|███       | 60/200 [12:22<28:48, 12.34s/it, Train loss=0.00568, Train acc=0.00142, Test loss=0.683, Test acc=0.157]
 30%|███       | 60/200 [12:34<28:48, 12.34s/it, Train loss=0.00458, Train acc=0.00104, Test loss=0.674, Test acc=0.155]
 30%|███       | 61/200 [12:34<28:37, 12.36s/it, Train loss=0.00458, Train acc=0.00104, Test loss=0.674, Test acc=0.155]
 30%|███       | 61/200 [12:46<28:37, 12.36s/it, Train loss=0.00447, Train acc=0.00116, Test loss=0.714, Test acc=0.16] 
 31%|███       | 62/200 [12:46<28:27, 12.37s/it, Train loss=0.00447, Train acc=0.00116, Test loss=0.714, Test acc=0.16]
 31%|███       | 62/200 [12:59<28:27, 12.37s/it, Train loss=0.00386, Train acc=0.000937, Test loss=0.703, Test acc=0.16]
 32%|███▏      | 63/200 [12:59<28:16, 12.38s/it, Train loss=0.00386, Train acc=0.000937, Test loss=0.703, Test acc=0.16]
 32%|███▏      | 63/200 [13:11<28:16, 12.38s/it, Train loss=0.00428, Train acc=0.000937, Test loss=0.706, Test acc=0.16]
 32%|███▏      | 64/200 [13:11<28:01, 12.37s/it, Train loss=0.00428, Train acc=0.000937, Test loss=0.706, Test acc=0.16]
 32%|███▏      | 64/200 [13:24<28:01, 12.37s/it, Train loss=0.00436, Train acc=0.00102, Test loss=0.746, Test acc=0.164]
 32%|███▎      | 65/200 [13:24<27:47, 12.35s/it, Train loss=0.00436, Train acc=0.00102, Test loss=0.746, Test acc=0.164]
 32%|███▎      | 65/200 [13:36<27:47, 12.35s/it, Train loss=0.0035, Train acc=0.000817, Test loss=0.702, Test acc=0.159]
 33%|███▎      | 66/200 [13:36<27:36, 12.36s/it, Train loss=0.0035, Train acc=0.000817, Test loss=0.702, Test acc=0.159]
 33%|███▎      | 66/200 [13:48<27:36, 12.36s/it, Train loss=0.00335, Train acc=0.000678, Test loss=0.692, Test acc=0.157]
 34%|███▎      | 67/200 [13:48<27:26, 12.38s/it, Train loss=0.00335, Train acc=0.000678, Test loss=0.692, Test acc=0.157]
 34%|███▎      | 67/200 [14:01<27:26, 12.38s/it, Train loss=0.00311, Train acc=0.000678, Test loss=0.711, Test acc=0.162]
 34%|███▍      | 68/200 [14:01<27:15, 12.39s/it, Train loss=0.00311, Train acc=0.000678, Test loss=0.711, Test acc=0.162]
 34%|███▍      | 68/200 [14:13<27:15, 12.39s/it, Train loss=0.00262, Train acc=0.000666, Test loss=0.701, Test acc=0.16] 
 34%|███▍      | 69/200 [14:13<27:00, 12.37s/it, Train loss=0.00262, Train acc=0.000666, Test loss=0.701, Test acc=0.16]
 34%|███▍      | 69/200 [14:25<27:00, 12.37s/it, Train loss=0.00271, Train acc=0.000626, Test loss=0.744, Test acc=0.162]
 35%|███▌      | 70/200 [14:25<26:45, 12.35s/it, Train loss=0.00271, Train acc=0.000626, Test loss=0.744, Test acc=0.162]
 35%|███▌      | 70/200 [14:38<26:45, 12.35s/it, Train loss=0.00256, Train acc=0.000578, Test loss=0.695, Test acc=0.159]
 36%|███▌      | 71/200 [14:38<26:32, 12.35s/it, Train loss=0.00256, Train acc=0.000578, Test loss=0.695, Test acc=0.159]
 36%|███▌      | 71/200 [14:50<26:32, 12.35s/it, Train loss=0.00217, Train acc=0.000498, Test loss=0.682, Test acc=0.154]
 36%|███▌      | 72/200 [14:50<26:23, 12.37s/it, Train loss=0.00217, Train acc=0.000498, Test loss=0.682, Test acc=0.154]
 36%|███▌      | 72/200 [15:03<26:23, 12.37s/it, Train loss=0.0016, Train acc=0.000319, Test loss=0.688, Test acc=0.157] 
 36%|███▋      | 73/200 [15:03<26:12, 12.38s/it, Train loss=0.0016, Train acc=0.000319, Test loss=0.688, Test acc=0.157]
 36%|███▋      | 73/200 [15:15<26:12, 12.38s/it, Train loss=0.0019, Train acc=0.000379, Test loss=0.69, Test acc=0.153] 
 37%|███▋      | 74/200 [15:15<25:57, 12.36s/it, Train loss=0.0019, Train acc=0.000379, Test loss=0.69, Test acc=0.153]
 37%|███▋      | 74/200 [15:27<25:57, 12.36s/it, Train loss=0.00119, Train acc=0.000179, Test loss=0.677, Test acc=0.153]
 38%|███▊      | 75/200 [15:27<25:44, 12.35s/it, Train loss=0.00119, Train acc=0.000179, Test loss=0.677, Test acc=0.153]
 38%|███▊      | 75/200 [15:40<25:44, 12.35s/it, Train loss=0.00117, Train acc=0.000159, Test loss=0.683, Test acc=0.154]
 38%|███▊      | 76/200 [15:40<25:32, 12.36s/it, Train loss=0.00117, Train acc=0.000159, Test loss=0.683, Test acc=0.154]
 38%|███▊      | 76/200 [15:52<25:32, 12.36s/it, Train loss=0.0013, Train acc=0.000219, Test loss=0.687, Test acc=0.153] 
 38%|███▊      | 77/200 [15:52<25:22, 12.38s/it, Train loss=0.0013, Train acc=0.000219, Test loss=0.687, Test acc=0.153]
 38%|███▊      | 77/200 [16:04<25:22, 12.38s/it, Train loss=0.00103, Train acc=0.000159, Test loss=0.685, Test acc=0.152]
 39%|███▉      | 78/200 [16:04<25:11, 12.39s/it, Train loss=0.00103, Train acc=0.000159, Test loss=0.685, Test acc=0.152]
 39%|███▉      | 78/200 [16:17<25:11, 12.39s/it, Train loss=0.000866, Train acc=9.96e-5, Test loss=0.68, Test acc=0.152] 
 40%|███▉      | 79/200 [16:17<25:00, 12.40s/it, Train loss=0.000866, Train acc=9.96e-5, Test loss=0.68, Test acc=0.152]
 40%|███▉      | 79/200 [16:29<25:00, 12.40s/it, Train loss=0.000667, Train acc=7.97e-5, Test loss=0.674, Test acc=0.15]
 40%|████      | 80/200 [16:29<24:43, 12.36s/it, Train loss=0.000667, Train acc=7.97e-5, Test loss=0.674, Test acc=0.15]
 40%|████      | 80/200 [16:41<24:43, 12.36s/it, Train loss=0.000755, Train acc=9.96e-5, Test loss=0.676, Test acc=0.152]
 40%|████      | 81/200 [16:41<24:29, 12.35s/it, Train loss=0.000755, Train acc=9.96e-5, Test loss=0.676, Test acc=0.152]
 40%|████      | 81/200 [16:54<24:29, 12.35s/it, Train loss=0.000597, Train acc=7.97e-5, Test loss=0.676, Test acc=0.151]
 41%|████      | 82/200 [16:54<24:19, 12.37s/it, Train loss=0.000597, Train acc=7.97e-5, Test loss=0.676, Test acc=0.151]
 41%|████      | 82/200 [17:06<24:19, 12.37s/it, Train loss=0.000648, Train acc=5.98e-5, Test loss=0.679, Test acc=0.151]
 42%|████▏     | 83/200 [17:06<24:08, 12.38s/it, Train loss=0.000648, Train acc=5.98e-5, Test loss=0.679, Test acc=0.151]
 42%|████▏     | 83/200 [17:19<24:08, 12.38s/it, Train loss=0.000447, Train acc=3.99e-5, Test loss=0.684, Test acc=0.152]
 42%|████▏     | 84/200 [17:19<23:55, 12.37s/it, Train loss=0.000447, Train acc=3.99e-5, Test loss=0.684, Test acc=0.152]
 42%|████▏     | 84/200 [17:31<23:55, 12.37s/it, Train loss=0.000455, Train acc=3.99e-5, Test loss=0.681, Test acc=0.151]
 42%|████▎     | 85/200 [17:31<23:39, 12.35s/it, Train loss=0.000455, Train acc=3.99e-5, Test loss=0.681, Test acc=0.151]
 42%|████▎     | 85/200 [17:43<23:39, 12.35s/it, Train loss=0.000321, Train acc=1.99e-5, Test loss=0.676, Test acc=0.15] 
 43%|████▎     | 86/200 [17:43<23:26, 12.33s/it, Train loss=0.000321, Train acc=1.99e-5, Test loss=0.676, Test acc=0.15]
 43%|████▎     | 86/200 [17:56<23:26, 12.33s/it, Train loss=0.000281, Train acc=1.99e-5, Test loss=0.677, Test acc=0.151]
 44%|████▎     | 87/200 [17:56<23:15, 12.35s/it, Train loss=0.000281, Train acc=1.99e-5, Test loss=0.677, Test acc=0.151]
 44%|████▎     | 87/200 [18:08<23:15, 12.35s/it, Train loss=0.000292, Train acc=1.99e-5, Test loss=0.679, Test acc=0.15] 
 44%|████▍     | 88/200 [18:08<23:06, 12.38s/it, Train loss=0.000292, Train acc=1.99e-5, Test loss=0.679, Test acc=0.15]
 44%|████▍     | 88/200 [18:20<23:06, 12.38s/it, Train loss=0.000239, Train acc=0, Test loss=0.675, Test acc=0.15]      
 44%|████▍     | 89/200 [18:20<22:54, 12.38s/it, Train loss=0.000239, Train acc=0, Test loss=0.675, Test acc=0.15]
 44%|████▍     | 89/200 [18:33<22:54, 12.38s/it, Train loss=0.000237, Train acc=0, Test loss=0.676, Test acc=0.149]
 45%|████▌     | 90/200 [18:33<22:41, 12.37s/it, Train loss=0.000237, Train acc=0, Test loss=0.676, Test acc=0.149]
 45%|████▌     | 90/200 [18:45<22:41, 12.37s/it, Train loss=0.000224, Train acc=0, Test loss=0.674, Test acc=0.15] 
 46%|████▌     | 91/200 [18:45<22:27, 12.36s/it, Train loss=0.000224, Train acc=0, Test loss=0.674, Test acc=0.15]
 46%|████▌     | 91/200 [18:57<22:27, 12.36s/it, Train loss=0.000217, Train acc=0, Test loss=0.676, Test acc=0.149]
 46%|████▌     | 92/200 [18:57<22:15, 12.36s/it, Train loss=0.000217, Train acc=0, Test loss=0.676, Test acc=0.149]
 46%|████▌     | 92/200 [19:10<22:15, 12.36s/it, Train loss=0.000211, Train acc=0, Test loss=0.674, Test acc=0.149]
 46%|████▋     | 93/200 [19:10<22:04, 12.37s/it, Train loss=0.000211, Train acc=0, Test loss=0.674, Test acc=0.149]
 46%|████▋     | 93/200 [19:22<22:04, 12.37s/it, Train loss=0.0002, Train acc=0, Test loss=0.676, Test acc=0.149]  
 47%|████▋     | 94/200 [19:22<21:51, 12.37s/it, Train loss=0.0002, Train acc=0, Test loss=0.676, Test acc=0.149]
 47%|████▋     | 94/200 [19:35<21:51, 12.37s/it, Train loss=0.000186, Train acc=0, Test loss=0.677, Test acc=0.149]
 48%|████▊     | 95/200 [19:35<21:37, 12.36s/it, Train loss=0.000186, Train acc=0, Test loss=0.677, Test acc=0.149]
 48%|████▊     | 95/200 [19:47<21:37, 12.36s/it, Train loss=0.000187, Train acc=0, Test loss=0.678, Test acc=0.149]
 48%|████▊     | 96/200 [19:47<21:23, 12.34s/it, Train loss=0.000187, Train acc=0, Test loss=0.678, Test acc=0.149]
 48%|████▊     | 96/200 [19:59<21:23, 12.34s/it, Train loss=0.000187, Train acc=0, Test loss=0.679, Test acc=0.15] 
 48%|████▊     | 97/200 [19:59<21:12, 12.36s/it, Train loss=0.000187, Train acc=0, Test loss=0.679, Test acc=0.15]
 48%|████▊     | 97/200 [20:12<21:12, 12.36s/it, Train loss=0.000182, Train acc=0, Test loss=0.678, Test acc=0.15]
 49%|████▉     | 98/200 [20:12<21:02, 12.38s/it, Train loss=0.000182, Train acc=0, Test loss=0.678, Test acc=0.15]
 49%|████▉     | 98/200 [20:24<21:02, 12.38s/it, Train loss=0.000197, Train acc=0, Test loss=0.676, Test acc=0.15]
 50%|████▉     | 99/200 [20:24<20:48, 12.37s/it, Train loss=0.000197, Train acc=0, Test loss=0.676, Test acc=0.15]
 50%|████▉     | 99/200 [20:36<20:48, 12.37s/it, Train loss=0.000181, Train acc=0, Test loss=0.679, Test acc=0.149]
 50%|█████     | 100/200 [20:36<20:33, 12.34s/it, Train loss=0.000181, Train acc=0, Test loss=0.679, Test acc=0.149]
 50%|█████     | 100/200 [20:49<20:33, 12.34s/it, Train loss=0.00017, Train acc=0, Test loss=0.677, Test acc=0.149] 
 50%|█████     | 101/200 [20:49<20:23, 12.36s/it, Train loss=0.00017, Train acc=0, Test loss=0.677, Test acc=0.149]
 50%|█████     | 101/200 [21:01<20:23, 12.36s/it, Train loss=0.00017, Train acc=0, Test loss=0.676, Test acc=0.149]
 51%|█████     | 102/200 [21:01<20:18, 12.43s/it, Train loss=0.00017, Train acc=0, Test loss=0.676, Test acc=0.149]
 51%|█████     | 102/200 [21:14<20:18, 12.43s/it, Train loss=0.000171, Train acc=0, Test loss=0.682, Test acc=0.149]
 52%|█████▏    | 103/200 [21:14<20:10, 12.48s/it, Train loss=0.000171, Train acc=0, Test loss=0.682, Test acc=0.149]
 52%|█████▏    | 103/200 [21:26<20:10, 12.48s/it, Train loss=0.000168, Train acc=0, Test loss=0.677, Test acc=0.15] 
 52%|█████▏    | 104/200 [21:26<19:57, 12.47s/it, Train loss=0.000168, Train acc=0, Test loss=0.677, Test acc=0.15]
 52%|█████▏    | 104/200 [21:39<19:57, 12.47s/it, Train loss=0.000159, Train acc=0, Test loss=0.683, Test acc=0.148]
 52%|█████▎    | 105/200 [21:39<19:43, 12.46s/it, Train loss=0.000159, Train acc=0, Test loss=0.683, Test acc=0.148]
 52%|█████▎    | 105/200 [21:51<19:43, 12.46s/it, Train loss=0.000165, Train acc=0, Test loss=0.684, Test acc=0.149]
 53%|█████▎    | 106/200 [21:51<19:26, 12.41s/it, Train loss=0.000165, Train acc=0, Test loss=0.684, Test acc=0.149]
 53%|█████▎    | 106/200 [22:03<19:26, 12.41s/it, Train loss=0.000155, Train acc=0, Test loss=0.68, Test acc=0.149] 
 54%|█████▎    | 107/200 [22:03<19:12, 12.39s/it, Train loss=0.000155, Train acc=0, Test loss=0.68, Test acc=0.149]
 54%|█████▎    | 107/200 [22:16<19:12, 12.39s/it, Train loss=0.000152, Train acc=0, Test loss=0.682, Test acc=0.149]
 54%|█████▍    | 108/200 [22:16<18:58, 12.38s/it, Train loss=0.000152, Train acc=0, Test loss=0.682, Test acc=0.149]
 54%|█████▍    | 108/200 [22:28<18:58, 12.38s/it, Train loss=0.000145, Train acc=0, Test loss=0.684, Test acc=0.149]
 55%|█████▍    | 109/200 [22:28<18:43, 12.34s/it, Train loss=0.000145, Train acc=0, Test loss=0.684, Test acc=0.149]
 55%|█████▍    | 109/200 [22:40<18:43, 12.34s/it, Train loss=0.000152, Train acc=0, Test loss=0.682, Test acc=0.148]
 55%|█████▌    | 110/200 [22:40<18:27, 12.30s/it, Train loss=0.000152, Train acc=0, Test loss=0.682, Test acc=0.148]
 55%|█████▌    | 110/200 [22:53<18:27, 12.30s/it, Train loss=0.000147, Train acc=0, Test loss=0.684, Test acc=0.148]
 56%|█████▌    | 111/200 [22:53<18:16, 12.32s/it, Train loss=0.000147, Train acc=0, Test loss=0.684, Test acc=0.148]
 56%|█████▌    | 111/200 [23:05<18:16, 12.32s/it, Train loss=0.000145, Train acc=0, Test loss=0.682, Test acc=0.149]
 56%|█████▌    | 112/200 [23:05<18:04, 12.33s/it, Train loss=0.000145, Train acc=0, Test loss=0.682, Test acc=0.149]
 56%|█████▌    | 112/200 [23:17<18:04, 12.33s/it, Train loss=0.00015, Train acc=0, Test loss=0.682, Test acc=0.149] 
 56%|█████▋    | 113/200 [23:17<17:53, 12.34s/it, Train loss=0.00015, Train acc=0, Test loss=0.682, Test acc=0.149]
 56%|█████▋    | 113/200 [23:30<17:53, 12.34s/it, Train loss=0.000149, Train acc=0, Test loss=0.68, Test acc=0.149]
 57%|█████▋    | 114/200 [23:30<17:39, 12.32s/it, Train loss=0.000149, Train acc=0, Test loss=0.68, Test acc=0.149]
 57%|█████▋    | 114/200 [23:42<17:39, 12.32s/it, Train loss=0.000141, Train acc=0, Test loss=0.681, Test acc=0.148]
 57%|█████▊    | 115/200 [23:42<17:25, 12.30s/it, Train loss=0.000141, Train acc=0, Test loss=0.681, Test acc=0.148]
 57%|█████▊    | 115/200 [23:54<17:25, 12.30s/it, Train loss=0.000141, Train acc=0, Test loss=0.683, Test acc=0.149]
 58%|█████▊    | 116/200 [23:54<17:12, 12.29s/it, Train loss=0.000141, Train acc=0, Test loss=0.683, Test acc=0.149]
 58%|█████▊    | 116/200 [24:06<17:12, 12.29s/it, Train loss=0.000139, Train acc=0, Test loss=0.685, Test acc=0.149]
 58%|█████▊    | 117/200 [24:06<17:01, 12.31s/it, Train loss=0.000139, Train acc=0, Test loss=0.685, Test acc=0.149]
 58%|█████▊    | 117/200 [24:19<17:01, 12.31s/it, Train loss=0.000139, Train acc=0, Test loss=0.68, Test acc=0.147] 
 59%|█████▉    | 118/200 [24:19<16:50, 12.33s/it, Train loss=0.000139, Train acc=0, Test loss=0.68, Test acc=0.147]
 59%|█████▉    | 118/200 [24:31<16:50, 12.33s/it, Train loss=0.000137, Train acc=0, Test loss=0.686, Test acc=0.148]
 60%|█████▉    | 119/200 [24:31<16:38, 12.32s/it, Train loss=0.000137, Train acc=0, Test loss=0.686, Test acc=0.148]
 60%|█████▉    | 119/200 [24:43<16:38, 12.32s/it, Train loss=0.000138, Train acc=0, Test loss=0.686, Test acc=0.15] 
 60%|██████    | 120/200 [24:43<16:24, 12.30s/it, Train loss=0.000138, Train acc=0, Test loss=0.686, Test acc=0.15]
 60%|██████    | 120/200 [24:56<16:24, 12.30s/it, Train loss=0.000134, Train acc=0, Test loss=0.683, Test acc=0.148]
 60%|██████    | 121/200 [24:56<16:11, 12.30s/it, Train loss=0.000134, Train acc=0, Test loss=0.683, Test acc=0.148]
 60%|██████    | 121/200 [25:08<16:11, 12.30s/it, Train loss=0.000134, Train acc=0, Test loss=0.686, Test acc=0.148]
 61%|██████    | 122/200 [25:08<16:00, 12.31s/it, Train loss=0.000134, Train acc=0, Test loss=0.686, Test acc=0.148]
 61%|██████    | 122/200 [25:20<16:00, 12.31s/it, Train loss=0.000142, Train acc=0, Test loss=0.684, Test acc=0.148]
 62%|██████▏   | 123/200 [25:20<15:49, 12.34s/it, Train loss=0.000142, Train acc=0, Test loss=0.684, Test acc=0.148]
 62%|██████▏   | 123/200 [25:33<15:49, 12.34s/it, Train loss=0.00013, Train acc=0, Test loss=0.688, Test acc=0.148] 
 62%|██████▏   | 124/200 [25:33<15:38, 12.34s/it, Train loss=0.00013, Train acc=0, Test loss=0.688, Test acc=0.148]
 62%|██████▏   | 124/200 [25:45<15:38, 12.34s/it, Train loss=0.00013, Train acc=0, Test loss=0.687, Test acc=0.15] 
 62%|██████▎   | 125/200 [25:45<15:23, 12.31s/it, Train loss=0.00013, Train acc=0, Test loss=0.687, Test acc=0.15]
 62%|██████▎   | 125/200 [25:57<15:23, 12.31s/it, Train loss=0.000129, Train acc=0, Test loss=0.684, Test acc=0.148]
 63%|██████▎   | 126/200 [25:57<15:09, 12.29s/it, Train loss=0.000129, Train acc=0, Test loss=0.684, Test acc=0.148]
 63%|██████▎   | 126/200 [26:10<15:09, 12.29s/it, Train loss=0.000127, Train acc=0, Test loss=0.687, Test acc=0.148]
 64%|██████▎   | 127/200 [26:10<14:59, 12.32s/it, Train loss=0.000127, Train acc=0, Test loss=0.687, Test acc=0.148]
 64%|██████▎   | 127/200 [26:22<14:59, 12.32s/it, Train loss=0.000129, Train acc=0, Test loss=0.688, Test acc=0.149]
 64%|██████▍   | 128/200 [26:22<14:48, 12.34s/it, Train loss=0.000129, Train acc=0, Test loss=0.688, Test acc=0.149]
 64%|██████▍   | 128/200 [26:34<14:48, 12.34s/it, Train loss=0.000132, Train acc=0, Test loss=0.691, Test acc=0.148]
 64%|██████▍   | 129/200 [26:34<14:37, 12.35s/it, Train loss=0.000132, Train acc=0, Test loss=0.691, Test acc=0.148]
 64%|██████▍   | 129/200 [26:47<14:37, 12.35s/it, Train loss=0.00013, Train acc=0, Test loss=0.689, Test acc=0.148] 
 65%|██████▌   | 130/200 [26:47<14:31, 12.45s/it, Train loss=0.00013, Train acc=0, Test loss=0.689, Test acc=0.148]
 65%|██████▌   | 130/200 [27:00<14:31, 12.45s/it, Train loss=0.000129, Train acc=0, Test loss=0.687, Test acc=0.149]
 66%|██████▌   | 131/200 [27:00<14:27, 12.57s/it, Train loss=0.000129, Train acc=0, Test loss=0.687, Test acc=0.149]
 66%|██████▌   | 131/200 [27:12<14:27, 12.57s/it, Train loss=0.000137, Train acc=0, Test loss=0.684, Test acc=0.149]
 66%|██████▌   | 132/200 [27:12<14:14, 12.56s/it, Train loss=0.000137, Train acc=0, Test loss=0.684, Test acc=0.149]
 66%|██████▌   | 132/200 [27:25<14:14, 12.56s/it, Train loss=0.000124, Train acc=0, Test loss=0.685, Test acc=0.148]
 66%|██████▋   | 133/200 [27:25<14:01, 12.56s/it, Train loss=0.000124, Train acc=0, Test loss=0.685, Test acc=0.148]
 66%|██████▋   | 133/200 [27:38<14:01, 12.56s/it, Train loss=0.000124, Train acc=0, Test loss=0.688, Test acc=0.148]
 67%|██████▋   | 134/200 [27:38<13:48, 12.56s/it, Train loss=0.000124, Train acc=0, Test loss=0.688, Test acc=0.148]
 67%|██████▋   | 134/200 [27:50<13:48, 12.56s/it, Train loss=0.000123, Train acc=0, Test loss=0.686, Test acc=0.148]
 68%|██████▊   | 135/200 [27:50<13:35, 12.55s/it, Train loss=0.000123, Train acc=0, Test loss=0.686, Test acc=0.148]
 68%|██████▊   | 135/200 [28:03<13:35, 12.55s/it, Train loss=0.00012, Train acc=0, Test loss=0.685, Test acc=0.148] 
 68%|██████▊   | 136/200 [28:03<13:25, 12.58s/it, Train loss=0.00012, Train acc=0, Test loss=0.685, Test acc=0.148]
 68%|██████▊   | 136/200 [28:15<13:25, 12.58s/it, Train loss=0.000124, Train acc=0, Test loss=0.687, Test acc=0.149]
 68%|██████▊   | 137/200 [28:15<13:07, 12.49s/it, Train loss=0.000124, Train acc=0, Test loss=0.687, Test acc=0.149]
 68%|██████▊   | 137/200 [28:27<13:07, 12.49s/it, Train loss=0.000121, Train acc=0, Test loss=0.689, Test acc=0.148]
 69%|██████▉   | 138/200 [28:27<12:52, 12.46s/it, Train loss=0.000121, Train acc=0, Test loss=0.689, Test acc=0.148]
 69%|██████▉   | 138/200 [28:40<12:52, 12.46s/it, Train loss=0.000125, Train acc=0, Test loss=0.685, Test acc=0.149]
 70%|██████▉   | 139/200 [28:40<12:39, 12.45s/it, Train loss=0.000125, Train acc=0, Test loss=0.685, Test acc=0.149]
 70%|██████▉   | 139/200 [28:52<12:39, 12.45s/it, Train loss=0.000121, Train acc=0, Test loss=0.685, Test acc=0.148]
 70%|███████   | 140/200 [28:52<12:27, 12.45s/it, Train loss=0.000121, Train acc=0, Test loss=0.685, Test acc=0.148]
 70%|███████   | 140/200 [29:05<12:27, 12.45s/it, Train loss=0.000119, Train acc=0, Test loss=0.685, Test acc=0.148]
 70%|███████   | 141/200 [29:05<12:12, 12.41s/it, Train loss=0.000119, Train acc=0, Test loss=0.685, Test acc=0.148]
 70%|███████   | 141/200 [29:17<12:12, 12.41s/it, Train loss=0.00012, Train acc=0, Test loss=0.686, Test acc=0.15]  
 71%|███████   | 142/200 [29:17<11:58, 12.38s/it, Train loss=0.00012, Train acc=0, Test loss=0.686, Test acc=0.15]
 71%|███████   | 142/200 [29:29<11:58, 12.38s/it, Train loss=0.000118, Train acc=0, Test loss=0.687, Test acc=0.148]
 72%|███████▏  | 143/200 [29:29<11:44, 12.36s/it, Train loss=0.000118, Train acc=0, Test loss=0.687, Test acc=0.148]
 72%|███████▏  | 143/200 [29:42<11:44, 12.36s/it, Train loss=0.000118, Train acc=0, Test loss=0.685, Test acc=0.149]
 72%|███████▏  | 144/200 [29:42<11:32, 12.37s/it, Train loss=0.000118, Train acc=0, Test loss=0.685, Test acc=0.149]
 72%|███████▏  | 144/200 [29:54<11:32, 12.37s/it, Train loss=0.000121, Train acc=0, Test loss=0.687, Test acc=0.148]
 72%|███████▎  | 145/200 [29:54<11:22, 12.40s/it, Train loss=0.000121, Train acc=0, Test loss=0.687, Test acc=0.148]
 72%|███████▎  | 145/200 [30:07<11:22, 12.40s/it, Train loss=0.000119, Train acc=0, Test loss=0.685, Test acc=0.147]
 73%|███████▎  | 146/200 [30:07<11:09, 12.40s/it, Train loss=0.000119, Train acc=0, Test loss=0.685, Test acc=0.147]
 73%|███████▎  | 146/200 [30:19<11:09, 12.40s/it, Train loss=0.00012, Train acc=0, Test loss=0.687, Test acc=0.148] 
 74%|███████▎  | 147/200 [30:19<10:55, 12.37s/it, Train loss=0.00012, Train acc=0, Test loss=0.687, Test acc=0.148]
 74%|███████▎  | 147/200 [30:31<10:55, 12.37s/it, Train loss=0.000116, Train acc=0, Test loss=0.685, Test acc=0.148]
 74%|███████▍  | 148/200 [30:31<10:42, 12.35s/it, Train loss=0.000116, Train acc=0, Test loss=0.685, Test acc=0.148]
 74%|███████▍  | 148/200 [30:44<10:42, 12.35s/it, Train loss=0.000114, Train acc=0, Test loss=0.689, Test acc=0.148]
 74%|███████▍  | 149/200 [30:44<10:30, 12.36s/it, Train loss=0.000114, Train acc=0, Test loss=0.689, Test acc=0.148]
 74%|███████▍  | 149/200 [30:56<10:30, 12.36s/it, Train loss=0.000114, Train acc=0, Test loss=0.687, Test acc=0.149]
 75%|███████▌  | 150/200 [30:56<10:19, 12.39s/it, Train loss=0.000114, Train acc=0, Test loss=0.687, Test acc=0.149]
 75%|███████▌  | 150/200 [31:08<10:19, 12.39s/it, Train loss=0.000116, Train acc=0, Test loss=0.688, Test acc=0.148]
 76%|███████▌  | 151/200 [31:08<10:07, 12.40s/it, Train loss=0.000116, Train acc=0, Test loss=0.688, Test acc=0.148]
 76%|███████▌  | 151/200 [31:21<10:07, 12.40s/it, Train loss=0.000111, Train acc=0, Test loss=0.687, Test acc=0.149]
 76%|███████▌  | 152/200 [31:21<09:54, 12.38s/it, Train loss=0.000111, Train acc=0, Test loss=0.687, Test acc=0.149]
 76%|███████▌  | 152/200 [31:33<09:54, 12.38s/it, Train loss=0.000118, Train acc=0, Test loss=0.689, Test acc=0.148]
 76%|███████▋  | 153/200 [31:33<09:40, 12.34s/it, Train loss=0.000118, Train acc=0, Test loss=0.689, Test acc=0.148]
 76%|███████▋  | 153/200 [31:45<09:40, 12.34s/it, Train loss=0.000114, Train acc=0, Test loss=0.686, Test acc=0.148]
 77%|███████▋  | 154/200 [31:45<09:26, 12.32s/it, Train loss=0.000114, Train acc=0, Test loss=0.686, Test acc=0.148]
 77%|███████▋  | 154/200 [31:58<09:26, 12.32s/it, Train loss=0.000112, Train acc=0, Test loss=0.687, Test acc=0.148]
 78%|███████▊  | 155/200 [31:58<09:14, 12.32s/it, Train loss=0.000112, Train acc=0, Test loss=0.687, Test acc=0.148]
 78%|███████▊  | 155/200 [32:10<09:14, 12.32s/it, Train loss=0.000114, Train acc=0, Test loss=0.688, Test acc=0.148]
 78%|███████▊  | 156/200 [32:10<09:03, 12.35s/it, Train loss=0.000114, Train acc=0, Test loss=0.688, Test acc=0.148]
 78%|███████▊  | 156/200 [32:22<09:03, 12.35s/it, Train loss=0.000114, Train acc=0, Test loss=0.69, Test acc=0.149] 
 78%|███████▊  | 157/200 [32:22<08:51, 12.36s/it, Train loss=0.000114, Train acc=0, Test loss=0.69, Test acc=0.149]
 78%|███████▊  | 157/200 [32:35<08:51, 12.36s/it, Train loss=0.000112, Train acc=0, Test loss=0.689, Test acc=0.148]
 79%|███████▉  | 158/200 [32:35<08:38, 12.35s/it, Train loss=0.000112, Train acc=0, Test loss=0.689, Test acc=0.148]
 79%|███████▉  | 158/200 [32:47<08:38, 12.35s/it, Train loss=0.000117, Train acc=0, Test loss=0.687, Test acc=0.148]
 80%|███████▉  | 159/200 [32:47<08:25, 12.33s/it, Train loss=0.000117, Train acc=0, Test loss=0.687, Test acc=0.148]
 80%|███████▉  | 159/200 [32:59<08:25, 12.33s/it, Train loss=0.000111, Train acc=0, Test loss=0.688, Test acc=0.148]
 80%|████████  | 160/200 [32:59<08:13, 12.33s/it, Train loss=0.000111, Train acc=0, Test loss=0.688, Test acc=0.148]
 80%|████████  | 160/200 [33:12<08:13, 12.33s/it, Train loss=0.000114, Train acc=0, Test loss=0.692, Test acc=0.149]
 80%|████████  | 161/200 [33:12<08:01, 12.36s/it, Train loss=0.000114, Train acc=0, Test loss=0.692, Test acc=0.149]
 80%|████████  | 161/200 [33:24<08:01, 12.36s/it, Train loss=0.000114, Train acc=0, Test loss=0.689, Test acc=0.149]
 81%|████████  | 162/200 [33:24<07:49, 12.37s/it, Train loss=0.000114, Train acc=0, Test loss=0.689, Test acc=0.149]
 81%|████████  | 162/200 [33:36<07:49, 12.37s/it, Train loss=0.000113, Train acc=0, Test loss=0.689, Test acc=0.147]
 82%|████████▏ | 163/200 [33:36<07:37, 12.35s/it, Train loss=0.000113, Train acc=0, Test loss=0.689, Test acc=0.147]
 82%|████████▏ | 163/200 [33:49<07:37, 12.35s/it, Train loss=0.000113, Train acc=0, Test loss=0.687, Test acc=0.148]
 82%|████████▏ | 164/200 [33:49<07:24, 12.33s/it, Train loss=0.000113, Train acc=0, Test loss=0.687, Test acc=0.148]
 82%|████████▏ | 164/200 [34:01<07:24, 12.33s/it, Train loss=0.000112, Train acc=0, Test loss=0.691, Test acc=0.149]
 82%|████████▎ | 165/200 [34:01<07:11, 12.33s/it, Train loss=0.000112, Train acc=0, Test loss=0.691, Test acc=0.149]
 82%|████████▎ | 165/200 [34:14<07:11, 12.33s/it, Train loss=0.00011, Train acc=0, Test loss=0.689, Test acc=0.148] 
 83%|████████▎ | 166/200 [34:14<07:00, 12.36s/it, Train loss=0.00011, Train acc=0, Test loss=0.689, Test acc=0.148]
 83%|████████▎ | 166/200 [34:26<07:00, 12.36s/it, Train loss=0.00011, Train acc=0, Test loss=0.69, Test acc=0.148] 
 84%|████████▎ | 167/200 [34:26<06:48, 12.37s/it, Train loss=0.00011, Train acc=0, Test loss=0.69, Test acc=0.148]
 84%|████████▎ | 167/200 [34:38<06:48, 12.37s/it, Train loss=0.000111, Train acc=0, Test loss=0.688, Test acc=0.149]
 84%|████████▍ | 168/200 [34:38<06:35, 12.36s/it, Train loss=0.000111, Train acc=0, Test loss=0.688, Test acc=0.149]
 84%|████████▍ | 168/200 [34:51<06:35, 12.36s/it, Train loss=0.00011, Train acc=0, Test loss=0.69, Test acc=0.148]  
 84%|████████▍ | 169/200 [34:51<06:22, 12.34s/it, Train loss=0.00011, Train acc=0, Test loss=0.69, Test acc=0.148]
 84%|████████▍ | 169/200 [35:03<06:22, 12.34s/it, Train loss=0.000112, Train acc=0, Test loss=0.69, Test acc=0.147]
 85%|████████▌ | 170/200 [35:03<06:10, 12.34s/it, Train loss=0.000112, Train acc=0, Test loss=0.69, Test acc=0.147]
 85%|████████▌ | 170/200 [35:15<06:10, 12.34s/it, Train loss=0.00011, Train acc=0, Test loss=0.691, Test acc=0.15] 
 86%|████████▌ | 171/200 [35:15<05:58, 12.35s/it, Train loss=0.00011, Train acc=0, Test loss=0.691, Test acc=0.15]
 86%|████████▌ | 171/200 [35:28<05:58, 12.35s/it, Train loss=0.000111, Train acc=0, Test loss=0.694, Test acc=0.149]
 86%|████████▌ | 172/200 [35:28<05:45, 12.35s/it, Train loss=0.000111, Train acc=0, Test loss=0.694, Test acc=0.149]
 86%|████████▌ | 172/200 [35:40<05:45, 12.35s/it, Train loss=0.000111, Train acc=0, Test loss=0.69, Test acc=0.148] 
 86%|████████▋ | 173/200 [35:40<05:32, 12.33s/it, Train loss=0.000111, Train acc=0, Test loss=0.69, Test acc=0.148]
 86%|████████▋ | 173/200 [35:52<05:32, 12.33s/it, Train loss=0.000109, Train acc=0, Test loss=0.69, Test acc=0.148]
 87%|████████▋ | 174/200 [35:52<05:20, 12.32s/it, Train loss=0.000109, Train acc=0, Test loss=0.69, Test acc=0.148]
 87%|████████▋ | 174/200 [36:04<05:20, 12.32s/it, Train loss=0.000115, Train acc=0, Test loss=0.685, Test acc=0.148]
 88%|████████▊ | 175/200 [36:04<05:07, 12.32s/it, Train loss=0.000115, Train acc=0, Test loss=0.685, Test acc=0.148]
 88%|████████▊ | 175/200 [36:17<05:07, 12.32s/it, Train loss=0.000107, Train acc=0, Test loss=0.689, Test acc=0.147]
 88%|████████▊ | 176/200 [36:17<04:56, 12.34s/it, Train loss=0.000107, Train acc=0, Test loss=0.689, Test acc=0.147]
 88%|████████▊ | 176/200 [36:29<04:56, 12.34s/it, Train loss=0.000113, Train acc=0, Test loss=0.69, Test acc=0.148] 
 88%|████████▊ | 177/200 [36:29<04:44, 12.36s/it, Train loss=0.000113, Train acc=0, Test loss=0.69, Test acc=0.148]
 88%|████████▊ | 177/200 [36:42<04:44, 12.36s/it, Train loss=0.00011, Train acc=0, Test loss=0.689, Test acc=0.148]
 89%|████████▉ | 178/200 [36:42<04:31, 12.35s/it, Train loss=0.00011, Train acc=0, Test loss=0.689, Test acc=0.148]
 89%|████████▉ | 178/200 [36:54<04:31, 12.35s/it, Train loss=0.000114, Train acc=0, Test loss=0.691, Test acc=0.149]
 90%|████████▉ | 179/200 [36:54<04:19, 12.34s/it, Train loss=0.000114, Train acc=0, Test loss=0.691, Test acc=0.149]
 90%|████████▉ | 179/200 [37:06<04:19, 12.34s/it, Train loss=0.000111, Train acc=0, Test loss=0.693, Test acc=0.148]
 90%|█████████ | 180/200 [37:06<04:06, 12.32s/it, Train loss=0.000111, Train acc=0, Test loss=0.693, Test acc=0.148]
 90%|█████████ | 180/200 [37:19<04:06, 12.32s/it, Train loss=0.000113, Train acc=0, Test loss=0.691, Test acc=0.147]
 90%|█████████ | 181/200 [37:19<03:54, 12.35s/it, Train loss=0.000113, Train acc=0, Test loss=0.691, Test acc=0.147]
 90%|█████████ | 181/200 [37:31<03:54, 12.35s/it, Train loss=0.000113, Train acc=0, Test loss=0.693, Test acc=0.148]
 91%|█████████ | 182/200 [37:31<03:42, 12.37s/it, Train loss=0.000113, Train acc=0, Test loss=0.693, Test acc=0.148]
 91%|█████████ | 182/200 [37:43<03:42, 12.37s/it, Train loss=0.000109, Train acc=0, Test loss=0.692, Test acc=0.148]
 92%|█████████▏| 183/200 [37:43<03:30, 12.36s/it, Train loss=0.000109, Train acc=0, Test loss=0.692, Test acc=0.148]
 92%|█████████▏| 183/200 [37:56<03:30, 12.36s/it, Train loss=0.000106, Train acc=0, Test loss=0.688, Test acc=0.148]
 92%|█████████▏| 184/200 [37:56<03:17, 12.35s/it, Train loss=0.000106, Train acc=0, Test loss=0.688, Test acc=0.148]
 92%|█████████▏| 184/200 [38:08<03:17, 12.35s/it, Train loss=0.000107, Train acc=0, Test loss=0.69, Test acc=0.148] 
 92%|█████████▎| 185/200 [38:08<03:04, 12.33s/it, Train loss=0.000107, Train acc=0, Test loss=0.69, Test acc=0.148]
 92%|█████████▎| 185/200 [38:20<03:04, 12.33s/it, Train loss=0.000108, Train acc=0, Test loss=0.692, Test acc=0.149]
 93%|█████████▎| 186/200 [38:20<02:52, 12.34s/it, Train loss=0.000108, Train acc=0, Test loss=0.692, Test acc=0.149]
 93%|█████████▎| 186/200 [38:33<02:52, 12.34s/it, Train loss=0.000108, Train acc=0, Test loss=0.691, Test acc=0.149]
 94%|█████████▎| 187/200 [38:33<02:40, 12.36s/it, Train loss=0.000108, Train acc=0, Test loss=0.691, Test acc=0.149]
 94%|█████████▎| 187/200 [38:45<02:40, 12.36s/it, Train loss=0.000112, Train acc=0, Test loss=0.689, Test acc=0.148]
 94%|█████████▍| 188/200 [38:45<02:28, 12.38s/it, Train loss=0.000112, Train acc=0, Test loss=0.689, Test acc=0.148]
 94%|█████████▍| 188/200 [38:58<02:28, 12.38s/it, Train loss=0.000107, Train acc=0, Test loss=0.691, Test acc=0.148]
 94%|█████████▍| 189/200 [38:58<02:16, 12.38s/it, Train loss=0.000107, Train acc=0, Test loss=0.691, Test acc=0.148]
 94%|█████████▍| 189/200 [39:10<02:16, 12.38s/it, Train loss=0.000107, Train acc=0, Test loss=0.691, Test acc=0.149]
 95%|█████████▌| 190/200 [39:10<02:03, 12.37s/it, Train loss=0.000107, Train acc=0, Test loss=0.691, Test acc=0.149]
 95%|█████████▌| 190/200 [39:22<02:03, 12.37s/it, Train loss=0.000107, Train acc=0, Test loss=0.691, Test acc=0.148]
 96%|█████████▌| 191/200 [39:22<01:51, 12.37s/it, Train loss=0.000107, Train acc=0, Test loss=0.691, Test acc=0.148]
 96%|█████████▌| 191/200 [39:35<01:51, 12.37s/it, Train loss=0.000109, Train acc=0, Test loss=0.689, Test acc=0.149]
 96%|█████████▌| 192/200 [39:35<01:39, 12.38s/it, Train loss=0.000109, Train acc=0, Test loss=0.689, Test acc=0.149]
 96%|█████████▌| 192/200 [39:47<01:39, 12.38s/it, Train loss=0.000108, Train acc=0, Test loss=0.697, Test acc=0.149]
 96%|█████████▋| 193/200 [39:47<01:26, 12.37s/it, Train loss=0.000108, Train acc=0, Test loss=0.697, Test acc=0.149]
 96%|█████████▋| 193/200 [39:59<01:26, 12.37s/it, Train loss=0.000109, Train acc=0, Test loss=0.689, Test acc=0.15] 
 97%|█████████▋| 194/200 [39:59<01:14, 12.36s/it, Train loss=0.000109, Train acc=0, Test loss=0.689, Test acc=0.15]
 97%|█████████▋| 194/200 [40:12<01:14, 12.36s/it, Train loss=0.00011, Train acc=0, Test loss=0.69, Test acc=0.148] 
 98%|█████████▊| 195/200 [40:12<01:01, 12.33s/it, Train loss=0.00011, Train acc=0, Test loss=0.69, Test acc=0.148]
 98%|█████████▊| 195/200 [40:24<01:01, 12.33s/it, Train loss=0.000107, Train acc=0, Test loss=0.691, Test acc=0.148]
 98%|█████████▊| 196/200 [40:24<00:49, 12.35s/it, Train loss=0.000107, Train acc=0, Test loss=0.691, Test acc=0.148]
 98%|█████████▊| 196/200 [40:36<00:49, 12.35s/it, Train loss=0.000109, Train acc=0, Test loss=0.694, Test acc=0.149]
 98%|█████████▊| 197/200 [40:36<00:37, 12.36s/it, Train loss=0.000109, Train acc=0, Test loss=0.694, Test acc=0.149]
 98%|█████████▊| 197/200 [40:49<00:37, 12.36s/it, Train loss=0.000111, Train acc=0, Test loss=0.69, Test acc=0.148] 
 99%|█████████▉| 198/200 [40:49<00:24, 12.36s/it, Train loss=0.000111, Train acc=0, Test loss=0.69, Test acc=0.148]
 99%|█████████▉| 198/200 [41:01<00:24, 12.36s/it, Train loss=0.000112, Train acc=0, Test loss=0.689, Test acc=0.148]
100%|█████████▉| 199/200 [41:01<00:12, 12.35s/it, Train loss=0.000112, Train acc=0, Test loss=0.689, Test acc=0.148]
100%|█████████▉| 199/200 [41:13<00:12, 12.35s/it, Train loss=0.000109, Train acc=0, Test loss=0.69, Test acc=0.149] 
100%|██████████| 200/200 [41:13<00:00, 12.34s/it, Train loss=0.000109, Train acc=0, Test loss=0.69, Test acc=0.149]
100%|██████████| 200/200 [41:13<00:00, 12.37s/it, Train loss=0.000109, Train acc=0, Test loss=0.69, Test acc=0.149]
