Files already downloaded and verified
Files already downloaded and verified
load resnet18...

  0%|          | 0/200 [00:00<?, ?it/s]
  0%|          | 0/200 [00:14<?, ?it/s, Train loss=1.93, Train acc=0.706, Test loss=2.08, Test acc=0.701]
  0%|          | 1/200 [00:14<47:25, 14.30s/it, Train loss=1.93, Train acc=0.706, Test loss=2.08, Test acc=0.701]
  0%|          | 1/200 [00:27<47:25, 14.30s/it, Train loss=1.56, Train acc=0.591, Test loss=1.84, Test acc=0.639]
  1%|          | 2/200 [00:27<44:16, 13.41s/it, Train loss=1.56, Train acc=0.591, Test loss=1.84, Test acc=0.639]
  1%|          | 2/200 [00:39<44:16, 13.41s/it, Train loss=1.4, Train acc=0.519, Test loss=1.57, Test acc=0.571] 
  2%|▏         | 3/200 [00:39<43:07, 13.14s/it, Train loss=1.4, Train acc=0.519, Test loss=1.57, Test acc=0.571]
  2%|▏         | 3/200 [00:52<43:07, 13.14s/it, Train loss=1.26, Train acc=0.464, Test loss=1.79, Test acc=0.617]
  2%|▏         | 4/200 [00:52<42:34, 13.03s/it, Train loss=1.26, Train acc=0.464, Test loss=1.79, Test acc=0.617]
  2%|▏         | 4/200 [01:05<42:34, 13.03s/it, Train loss=1.13, Train acc=0.414, Test loss=1.58, Test acc=0.553]
  2%|▎         | 5/200 [01:05<42:12, 12.99s/it, Train loss=1.13, Train acc=0.414, Test loss=1.58, Test acc=0.553]
  2%|▎         | 5/200 [01:18<42:12, 12.99s/it, Train loss=1.03, Train acc=0.371, Test loss=1.19, Test acc=0.434]
  3%|▎         | 6/200 [01:18<41:27, 12.82s/it, Train loss=1.03, Train acc=0.371, Test loss=1.19, Test acc=0.434]
  3%|▎         | 6/200 [01:30<41:27, 12.82s/it, Train loss=0.919, Train acc=0.332, Test loss=1.1, Test acc=0.401]
  4%|▎         | 7/200 [01:30<40:30, 12.59s/it, Train loss=0.919, Train acc=0.332, Test loss=1.1, Test acc=0.401]
  4%|▎         | 7/200 [01:42<40:30, 12.59s/it, Train loss=0.828, Train acc=0.295, Test loss=1.45, Test acc=0.503]
  4%|▍         | 8/200 [01:42<39:50, 12.45s/it, Train loss=0.828, Train acc=0.295, Test loss=1.45, Test acc=0.503]
  4%|▍         | 8/200 [01:54<39:50, 12.45s/it, Train loss=0.753, Train acc=0.267, Test loss=1.12, Test acc=0.406]
  4%|▍         | 9/200 [01:54<39:22, 12.37s/it, Train loss=0.753, Train acc=0.267, Test loss=1.12, Test acc=0.406]
  4%|▍         | 9/200 [02:06<39:22, 12.37s/it, Train loss=0.688, Train acc=0.244, Test loss=1.54, Test acc=0.484]
  5%|▌         | 10/200 [02:06<38:54, 12.29s/it, Train loss=0.688, Train acc=0.244, Test loss=1.54, Test acc=0.484]
  5%|▌         | 10/200 [02:18<38:54, 12.29s/it, Train loss=0.631, Train acc=0.223, Test loss=0.993, Test acc=0.353]
  6%|▌         | 11/200 [02:18<38:32, 12.24s/it, Train loss=0.631, Train acc=0.223, Test loss=0.993, Test acc=0.353]
  6%|▌         | 11/200 [02:31<38:32, 12.24s/it, Train loss=0.569, Train acc=0.203, Test loss=1.45, Test acc=0.447] 
  6%|▌         | 12/200 [02:31<38:25, 12.26s/it, Train loss=0.569, Train acc=0.203, Test loss=1.45, Test acc=0.447]
  6%|▌         | 12/200 [02:43<38:25, 12.26s/it, Train loss=0.532, Train acc=0.188, Test loss=1.06, Test acc=0.361]
  6%|▋         | 13/200 [02:43<38:31, 12.36s/it, Train loss=0.532, Train acc=0.188, Test loss=1.06, Test acc=0.361]
  6%|▋         | 13/200 [02:56<38:31, 12.36s/it, Train loss=0.482, Train acc=0.169, Test loss=1.11, Test acc=0.349]
  7%|▋         | 14/200 [02:56<38:28, 12.41s/it, Train loss=0.482, Train acc=0.169, Test loss=1.11, Test acc=0.349]
  7%|▋         | 14/200 [03:08<38:28, 12.41s/it, Train loss=0.445, Train acc=0.157, Test loss=1.19, Test acc=0.37] 
  8%|▊         | 15/200 [03:08<38:23, 12.45s/it, Train loss=0.445, Train acc=0.157, Test loss=1.19, Test acc=0.37]
  8%|▊         | 15/200 [03:21<38:23, 12.45s/it, Train loss=0.411, Train acc=0.142, Test loss=0.872, Test acc=0.297]
  8%|▊         | 16/200 [03:21<38:16, 12.48s/it, Train loss=0.411, Train acc=0.142, Test loss=0.872, Test acc=0.297]
  8%|▊         | 16/200 [03:34<38:16, 12.48s/it, Train loss=0.373, Train acc=0.131, Test loss=1.01, Test acc=0.316] 
  8%|▊         | 17/200 [03:34<38:11, 12.52s/it, Train loss=0.373, Train acc=0.131, Test loss=1.01, Test acc=0.316]
  8%|▊         | 17/200 [03:46<38:11, 12.52s/it, Train loss=0.338, Train acc=0.118, Test loss=1.31, Test acc=0.371]
  9%|▉         | 18/200 [03:46<38:11, 12.59s/it, Train loss=0.338, Train acc=0.118, Test loss=1.31, Test acc=0.371]
  9%|▉         | 18/200 [03:59<38:11, 12.59s/it, Train loss=0.321, Train acc=0.112, Test loss=1.41, Test acc=0.366]
 10%|▉         | 19/200 [03:59<38:07, 12.64s/it, Train loss=0.321, Train acc=0.112, Test loss=1.41, Test acc=0.366]
 10%|▉         | 19/200 [04:12<38:07, 12.64s/it, Train loss=0.293, Train acc=0.103, Test loss=0.731, Test acc=0.237]
 10%|█         | 20/200 [04:12<37:51, 12.62s/it, Train loss=0.293, Train acc=0.103, Test loss=0.731, Test acc=0.237]
 10%|█         | 20/200 [04:24<37:51, 12.62s/it, Train loss=0.261, Train acc=0.0909, Test loss=0.744, Test acc=0.238]
 10%|█         | 21/200 [04:24<37:14, 12.48s/it, Train loss=0.261, Train acc=0.0909, Test loss=0.744, Test acc=0.238]
 10%|█         | 21/200 [04:36<37:14, 12.48s/it, Train loss=0.239, Train acc=0.0821, Test loss=1.06, Test acc=0.294] 
 11%|█         | 22/200 [04:36<36:45, 12.39s/it, Train loss=0.239, Train acc=0.0821, Test loss=1.06, Test acc=0.294]
 11%|█         | 22/200 [04:48<36:45, 12.39s/it, Train loss=0.224, Train acc=0.0777, Test loss=1.75, Test acc=0.342]
 12%|█▏        | 23/200 [04:48<36:21, 12.32s/it, Train loss=0.224, Train acc=0.0777, Test loss=1.75, Test acc=0.342]
 12%|█▏        | 23/200 [05:00<36:21, 12.32s/it, Train loss=0.21, Train acc=0.0717, Test loss=0.777, Test acc=0.237]
 12%|█▏        | 24/200 [05:00<36:01, 12.28s/it, Train loss=0.21, Train acc=0.0717, Test loss=0.777, Test acc=0.237]
 12%|█▏        | 24/200 [05:12<36:01, 12.28s/it, Train loss=0.193, Train acc=0.0672, Test loss=0.951, Test acc=0.262]
 12%|█▎        | 25/200 [05:12<35:44, 12.25s/it, Train loss=0.193, Train acc=0.0672, Test loss=0.951, Test acc=0.262]
 12%|█▎        | 25/200 [05:25<35:44, 12.25s/it, Train loss=0.168, Train acc=0.0566, Test loss=0.758, Test acc=0.228]
 13%|█▎        | 26/200 [05:25<35:26, 12.22s/it, Train loss=0.168, Train acc=0.0566, Test loss=0.758, Test acc=0.228]
 13%|█▎        | 26/200 [05:37<35:26, 12.22s/it, Train loss=0.156, Train acc=0.0528, Test loss=0.83, Test acc=0.241] 
 14%|█▎        | 27/200 [05:37<35:10, 12.20s/it, Train loss=0.156, Train acc=0.0528, Test loss=0.83, Test acc=0.241]
 14%|█▎        | 27/200 [05:49<35:10, 12.20s/it, Train loss=0.146, Train acc=0.0495, Test loss=0.905, Test acc=0.251]
 14%|█▍        | 28/200 [05:49<34:55, 12.18s/it, Train loss=0.146, Train acc=0.0495, Test loss=0.905, Test acc=0.251]
 14%|█▍        | 28/200 [06:01<34:55, 12.18s/it, Train loss=0.138, Train acc=0.0449, Test loss=0.759, Test acc=0.222]
 14%|█▍        | 29/200 [06:01<34:44, 12.19s/it, Train loss=0.138, Train acc=0.0449, Test loss=0.759, Test acc=0.222]
 14%|█▍        | 29/200 [06:13<34:44, 12.19s/it, Train loss=0.119, Train acc=0.0391, Test loss=0.663, Test acc=0.196]
 15%|█▌        | 30/200 [06:13<34:33, 12.20s/it, Train loss=0.119, Train acc=0.0391, Test loss=0.663, Test acc=0.196]
 15%|█▌        | 30/200 [06:25<34:33, 12.20s/it, Train loss=0.11, Train acc=0.0357, Test loss=0.848, Test acc=0.22]  
 16%|█▌        | 31/200 [06:25<34:19, 12.19s/it, Train loss=0.11, Train acc=0.0357, Test loss=0.848, Test acc=0.22]
 16%|█▌        | 31/200 [06:38<34:19, 12.19s/it, Train loss=0.101, Train acc=0.0327, Test loss=0.913, Test acc=0.242]
 16%|█▌        | 32/200 [06:38<34:09, 12.20s/it, Train loss=0.101, Train acc=0.0327, Test loss=0.913, Test acc=0.242]
 16%|█▌        | 32/200 [06:50<34:09, 12.20s/it, Train loss=0.095, Train acc=0.0298, Test loss=0.687, Test acc=0.191]
 16%|█▋        | 33/200 [06:50<33:59, 12.22s/it, Train loss=0.095, Train acc=0.0298, Test loss=0.687, Test acc=0.191]
 16%|█▋        | 33/200 [07:02<33:59, 12.22s/it, Train loss=0.0823, Train acc=0.0254, Test loss=0.83, Test acc=0.223]
 17%|█▋        | 34/200 [07:02<33:50, 12.23s/it, Train loss=0.0823, Train acc=0.0254, Test loss=0.83, Test acc=0.223]
 17%|█▋        | 34/200 [07:15<33:50, 12.23s/it, Train loss=0.0754, Train acc=0.0231, Test loss=0.885, Test acc=0.234]
 18%|█▊        | 35/200 [07:15<33:41, 12.25s/it, Train loss=0.0754, Train acc=0.0231, Test loss=0.885, Test acc=0.234]
 18%|█▊        | 35/200 [07:27<33:41, 12.25s/it, Train loss=0.069, Train acc=0.0212, Test loss=0.674, Test acc=0.184] 
 18%|█▊        | 36/200 [07:27<33:30, 12.26s/it, Train loss=0.069, Train acc=0.0212, Test loss=0.674, Test acc=0.184]
 18%|█▊        | 36/200 [07:39<33:30, 12.26s/it, Train loss=0.06, Train acc=0.0183, Test loss=0.779, Test acc=0.209] 
 18%|█▊        | 37/200 [07:39<33:17, 12.26s/it, Train loss=0.06, Train acc=0.0183, Test loss=0.779, Test acc=0.209]
 18%|█▊        | 37/200 [07:51<33:17, 12.26s/it, Train loss=0.0589, Train acc=0.0178, Test loss=0.726, Test acc=0.19]
 19%|█▉        | 38/200 [07:51<33:08, 12.27s/it, Train loss=0.0589, Train acc=0.0178, Test loss=0.726, Test acc=0.19]
 19%|█▉        | 38/200 [08:04<33:08, 12.27s/it, Train loss=0.0601, Train acc=0.0185, Test loss=0.717, Test acc=0.193]
 20%|█▉        | 39/200 [08:04<32:58, 12.29s/it, Train loss=0.0601, Train acc=0.0185, Test loss=0.717, Test acc=0.193]
 20%|█▉        | 39/200 [08:16<32:58, 12.29s/it, Train loss=0.0521, Train acc=0.0156, Test loss=0.716, Test acc=0.186]
 20%|██        | 40/200 [08:16<32:49, 12.31s/it, Train loss=0.0521, Train acc=0.0156, Test loss=0.716, Test acc=0.186]
 20%|██        | 40/200 [08:28<32:49, 12.31s/it, Train loss=0.0458, Train acc=0.0132, Test loss=0.705, Test acc=0.188]
 20%|██        | 41/200 [08:28<32:35, 12.30s/it, Train loss=0.0458, Train acc=0.0132, Test loss=0.705, Test acc=0.188]
 20%|██        | 41/200 [08:41<32:35, 12.30s/it, Train loss=0.0447, Train acc=0.0131, Test loss=0.855, Test acc=0.216]
 21%|██        | 42/200 [08:41<32:32, 12.36s/it, Train loss=0.0447, Train acc=0.0131, Test loss=0.855, Test acc=0.216]
 21%|██        | 42/200 [08:53<32:32, 12.36s/it, Train loss=0.0417, Train acc=0.0118, Test loss=0.698, Test acc=0.184]
 22%|██▏       | 43/200 [08:53<32:16, 12.33s/it, Train loss=0.0417, Train acc=0.0118, Test loss=0.698, Test acc=0.184]
 22%|██▏       | 43/200 [09:05<32:16, 12.33s/it, Train loss=0.0357, Train acc=0.0109, Test loss=0.787, Test acc=0.191]
 22%|██▏       | 44/200 [09:05<32:06, 12.35s/it, Train loss=0.0357, Train acc=0.0109, Test loss=0.787, Test acc=0.191]
 22%|██▏       | 44/200 [09:18<32:06, 12.35s/it, Train loss=0.0344, Train acc=0.00973, Test loss=0.684, Test acc=0.171]
 22%|██▎       | 45/200 [09:18<31:55, 12.36s/it, Train loss=0.0344, Train acc=0.00973, Test loss=0.684, Test acc=0.171]
 22%|██▎       | 45/200 [09:30<31:55, 12.36s/it, Train loss=0.028, Train acc=0.00806, Test loss=0.696, Test acc=0.178] 
 23%|██▎       | 46/200 [09:30<31:53, 12.43s/it, Train loss=0.028, Train acc=0.00806, Test loss=0.696, Test acc=0.178]
 23%|██▎       | 46/200 [09:43<31:53, 12.43s/it, Train loss=0.0284, Train acc=0.00765, Test loss=0.705, Test acc=0.176]
 24%|██▎       | 47/200 [09:43<31:31, 12.36s/it, Train loss=0.0284, Train acc=0.00765, Test loss=0.705, Test acc=0.176]
 24%|██▎       | 47/200 [09:55<31:31, 12.36s/it, Train loss=0.0245, Train acc=0.0064, Test loss=0.744, Test acc=0.18]  
 24%|██▍       | 48/200 [09:55<31:12, 12.32s/it, Train loss=0.0245, Train acc=0.0064, Test loss=0.744, Test acc=0.18]
 24%|██▍       | 48/200 [10:07<31:12, 12.32s/it, Train loss=0.025, Train acc=0.00666, Test loss=0.722, Test acc=0.179]
 24%|██▍       | 49/200 [10:07<30:54, 12.28s/it, Train loss=0.025, Train acc=0.00666, Test loss=0.722, Test acc=0.179]
 24%|██▍       | 49/200 [10:19<30:54, 12.28s/it, Train loss=0.0239, Train acc=0.00631, Test loss=0.758, Test acc=0.187]
 25%|██▌       | 50/200 [10:19<30:40, 12.27s/it, Train loss=0.0239, Train acc=0.00631, Test loss=0.758, Test acc=0.187]
 25%|██▌       | 50/200 [10:32<30:40, 12.27s/it, Train loss=0.0216, Train acc=0.00603, Test loss=0.722, Test acc=0.174]
 26%|██▌       | 51/200 [10:32<30:23, 12.24s/it, Train loss=0.0216, Train acc=0.00603, Test loss=0.722, Test acc=0.174]
 26%|██▌       | 51/200 [10:44<30:23, 12.24s/it, Train loss=0.0206, Train acc=0.00536, Test loss=0.799, Test acc=0.19] 
 26%|██▌       | 52/200 [10:44<30:04, 12.19s/it, Train loss=0.0206, Train acc=0.00536, Test loss=0.799, Test acc=0.19]
 26%|██▌       | 52/200 [10:56<30:04, 12.19s/it, Train loss=0.0198, Train acc=0.00513, Test loss=0.708, Test acc=0.171]
 26%|██▋       | 53/200 [10:56<29:47, 12.16s/it, Train loss=0.0198, Train acc=0.00513, Test loss=0.708, Test acc=0.171]
 26%|██▋       | 53/200 [11:08<29:47, 12.16s/it, Train loss=0.0168, Train acc=0.00409, Test loss=0.682, Test acc=0.17] 
 27%|██▋       | 54/200 [11:08<29:35, 12.16s/it, Train loss=0.0168, Train acc=0.00409, Test loss=0.682, Test acc=0.17]
 27%|██▋       | 54/200 [11:20<29:35, 12.16s/it, Train loss=0.015, Train acc=0.00351, Test loss=0.679, Test acc=0.163]
 28%|██▊       | 55/200 [11:20<29:27, 12.19s/it, Train loss=0.015, Train acc=0.00351, Test loss=0.679, Test acc=0.163]
 28%|██▊       | 55/200 [11:32<29:27, 12.19s/it, Train loss=0.0129, Train acc=0.00311, Test loss=0.69, Test acc=0.165]
 28%|██▊       | 56/200 [11:32<29:12, 12.17s/it, Train loss=0.0129, Train acc=0.00311, Test loss=0.69, Test acc=0.165]
 28%|██▊       | 56/200 [11:44<29:12, 12.17s/it, Train loss=0.0122, Train acc=0.00275, Test loss=0.669, Test acc=0.162]
 28%|██▊       | 57/200 [11:44<28:57, 12.15s/it, Train loss=0.0122, Train acc=0.00275, Test loss=0.669, Test acc=0.162]
 28%|██▊       | 57/200 [11:57<28:57, 12.15s/it, Train loss=0.0124, Train acc=0.00269, Test loss=0.689, Test acc=0.162]
 29%|██▉       | 58/200 [11:57<28:54, 12.22s/it, Train loss=0.0124, Train acc=0.00269, Test loss=0.689, Test acc=0.162]
 29%|██▉       | 58/200 [12:09<28:54, 12.22s/it, Train loss=0.011, Train acc=0.00233, Test loss=0.648, Test acc=0.16]  
 30%|██▉       | 59/200 [12:09<28:40, 12.20s/it, Train loss=0.011, Train acc=0.00233, Test loss=0.648, Test acc=0.16]
 30%|██▉       | 59/200 [12:21<28:40, 12.20s/it, Train loss=0.0097, Train acc=0.00223, Test loss=0.66, Test acc=0.161]
 30%|███       | 60/200 [12:21<28:28, 12.20s/it, Train loss=0.0097, Train acc=0.00223, Test loss=0.66, Test acc=0.161]
 30%|███       | 60/200 [12:33<28:28, 12.20s/it, Train loss=0.00886, Train acc=0.00191, Test loss=0.669, Test acc=0.162]
 30%|███       | 61/200 [12:33<28:14, 12.19s/it, Train loss=0.00886, Train acc=0.00191, Test loss=0.669, Test acc=0.162]
 30%|███       | 61/200 [12:45<28:14, 12.19s/it, Train loss=0.00851, Train acc=0.00173, Test loss=0.659, Test acc=0.159]
 31%|███       | 62/200 [12:45<27:58, 12.16s/it, Train loss=0.00851, Train acc=0.00173, Test loss=0.659, Test acc=0.159]
 31%|███       | 62/200 [12:57<27:58, 12.16s/it, Train loss=0.00689, Train acc=0.00147, Test loss=0.657, Test acc=0.158]
 32%|███▏      | 63/200 [12:57<27:44, 12.15s/it, Train loss=0.00689, Train acc=0.00147, Test loss=0.657, Test acc=0.158]
 32%|███▏      | 63/200 [13:10<27:44, 12.15s/it, Train loss=0.00588, Train acc=0.00118, Test loss=0.647, Test acc=0.156]
 32%|███▏      | 64/200 [13:10<27:34, 12.17s/it, Train loss=0.00588, Train acc=0.00118, Test loss=0.647, Test acc=0.156]
 32%|███▏      | 64/200 [13:22<27:34, 12.17s/it, Train loss=0.00563, Train acc=0.0012, Test loss=0.674, Test acc=0.159] 
 32%|███▎      | 65/200 [13:22<27:27, 12.20s/it, Train loss=0.00563, Train acc=0.0012, Test loss=0.674, Test acc=0.159]
 32%|███▎      | 65/200 [13:34<27:27, 12.20s/it, Train loss=0.005, Train acc=0.000996, Test loss=0.639, Test acc=0.153]
 33%|███▎      | 66/200 [13:34<27:15, 12.20s/it, Train loss=0.005, Train acc=0.000996, Test loss=0.639, Test acc=0.153]
 33%|███▎      | 66/200 [13:48<27:15, 12.20s/it, Train loss=0.00375, Train acc=0.000817, Test loss=0.649, Test acc=0.154]
 34%|███▎      | 67/200 [13:48<28:07, 12.69s/it, Train loss=0.00375, Train acc=0.000817, Test loss=0.649, Test acc=0.154]
 34%|███▎      | 67/200 [14:02<28:07, 12.69s/it, Train loss=0.00388, Train acc=0.000797, Test loss=0.652, Test acc=0.153]
 34%|███▍      | 68/200 [14:02<28:38, 13.02s/it, Train loss=0.00388, Train acc=0.000797, Test loss=0.652, Test acc=0.153]
 34%|███▍      | 68/200 [14:16<28:38, 13.02s/it, Train loss=0.00407, Train acc=0.000766, Test loss=0.657, Test acc=0.159]
 34%|███▍      | 69/200 [14:16<28:55, 13.25s/it, Train loss=0.00407, Train acc=0.000766, Test loss=0.657, Test acc=0.159]
 34%|███▍      | 69/200 [14:28<28:55, 13.25s/it, Train loss=0.00292, Train acc=0.000518, Test loss=0.641, Test acc=0.154]
 35%|███▌      | 70/200 [14:28<28:23, 13.10s/it, Train loss=0.00292, Train acc=0.000518, Test loss=0.641, Test acc=0.154]
 35%|███▌      | 70/200 [14:40<28:23, 13.10s/it, Train loss=0.00286, Train acc=0.000478, Test loss=0.642, Test acc=0.155]
 36%|███▌      | 71/200 [14:40<27:35, 12.84s/it, Train loss=0.00286, Train acc=0.000478, Test loss=0.642, Test acc=0.155]
 36%|███▌      | 71/200 [14:53<27:35, 12.84s/it, Train loss=0.00235, Train acc=0.000399, Test loss=0.672, Test acc=0.153]
 36%|███▌      | 72/200 [14:53<26:56, 12.63s/it, Train loss=0.00235, Train acc=0.000399, Test loss=0.672, Test acc=0.153]
 36%|███▌      | 72/200 [15:05<26:56, 12.63s/it, Train loss=0.00184, Train acc=0.000299, Test loss=0.65, Test acc=0.153] 
 36%|███▋      | 73/200 [15:05<26:24, 12.48s/it, Train loss=0.00184, Train acc=0.000299, Test loss=0.65, Test acc=0.153]
 36%|███▋      | 73/200 [15:17<26:24, 12.48s/it, Train loss=0.00117, Train acc=0.000267, Test loss=0.656, Test acc=0.15]
 37%|███▋      | 74/200 [15:17<25:58, 12.37s/it, Train loss=0.00117, Train acc=0.000267, Test loss=0.656, Test acc=0.15]
 37%|███▋      | 74/200 [15:29<25:58, 12.37s/it, Train loss=0.00214, Train acc=0.000399, Test loss=0.643, Test acc=0.153]
 38%|███▊      | 75/200 [15:29<25:49, 12.40s/it, Train loss=0.00214, Train acc=0.000399, Test loss=0.643, Test acc=0.153]
 38%|███▊      | 75/200 [15:42<25:49, 12.40s/it, Train loss=0.00137, Train acc=0.000219, Test loss=0.635, Test acc=0.151]
 38%|███▊      | 76/200 [15:42<25:31, 12.35s/it, Train loss=0.00137, Train acc=0.000219, Test loss=0.635, Test acc=0.151]
 38%|███▊      | 76/200 [15:54<25:31, 12.35s/it, Train loss=0.00124, Train acc=0.00012, Test loss=0.649, Test acc=0.15]  
 38%|███▊      | 77/200 [15:54<25:14, 12.31s/it, Train loss=0.00124, Train acc=0.00012, Test loss=0.649, Test acc=0.15]
 38%|███▊      | 77/200 [16:06<25:14, 12.31s/it, Train loss=0.001, Train acc=0.000159, Test loss=0.639, Test acc=0.15] 
 39%|███▉      | 78/200 [16:06<24:56, 12.27s/it, Train loss=0.001, Train acc=0.000159, Test loss=0.639, Test acc=0.15]
 39%|███▉      | 78/200 [16:18<24:56, 12.27s/it, Train loss=0.000744, Train acc=0.000159, Test loss=0.635, Test acc=0.147]
 40%|███▉      | 79/200 [16:18<24:40, 12.24s/it, Train loss=0.000744, Train acc=0.000159, Test loss=0.635, Test acc=0.147]
 40%|███▉      | 79/200 [16:30<24:40, 12.24s/it, Train loss=0.000685, Train acc=0.00012, Test loss=0.635, Test acc=0.149] 
 40%|████      | 80/200 [16:30<24:24, 12.21s/it, Train loss=0.000685, Train acc=0.00012, Test loss=0.635, Test acc=0.149]
 40%|████      | 80/200 [16:43<24:24, 12.21s/it, Train loss=0.000721, Train acc=7.97e-5, Test loss=0.634, Test acc=0.148]
 40%|████      | 81/200 [16:43<24:13, 12.22s/it, Train loss=0.000721, Train acc=7.97e-5, Test loss=0.634, Test acc=0.148]
 40%|████      | 81/200 [16:55<24:13, 12.22s/it, Train loss=0.000664, Train acc=3.99e-5, Test loss=0.637, Test acc=0.149]
 41%|████      | 82/200 [16:55<24:03, 12.23s/it, Train loss=0.000664, Train acc=3.99e-5, Test loss=0.637, Test acc=0.149]
 41%|████      | 82/200 [17:07<24:03, 12.23s/it, Train loss=0.000671, Train acc=9.96e-5, Test loss=0.643, Test acc=0.148]
 42%|████▏     | 83/200 [17:07<23:47, 12.20s/it, Train loss=0.000671, Train acc=9.96e-5, Test loss=0.643, Test acc=0.148]
 42%|████▏     | 83/200 [17:19<23:47, 12.20s/it, Train loss=0.000644, Train acc=9.96e-5, Test loss=0.641, Test acc=0.148]
 42%|████▏     | 84/200 [17:19<23:32, 12.17s/it, Train loss=0.000644, Train acc=9.96e-5, Test loss=0.641, Test acc=0.148]
 42%|████▏     | 84/200 [17:31<23:32, 12.17s/it, Train loss=0.000467, Train acc=0, Test loss=0.646, Test acc=0.148]      
 42%|████▎     | 85/200 [17:31<23:18, 12.16s/it, Train loss=0.000467, Train acc=0, Test loss=0.646, Test acc=0.148]
 42%|████▎     | 85/200 [17:43<23:18, 12.16s/it, Train loss=0.000369, Train acc=0, Test loss=0.641, Test acc=0.148]
 43%|████▎     | 86/200 [17:43<23:08, 12.18s/it, Train loss=0.000369, Train acc=0, Test loss=0.641, Test acc=0.148]
 43%|████▎     | 86/200 [17:56<23:08, 12.18s/it, Train loss=0.000356, Train acc=1.99e-5, Test loss=0.643, Test acc=0.146]
 44%|████▎     | 87/200 [17:56<22:58, 12.20s/it, Train loss=0.000356, Train acc=1.99e-5, Test loss=0.643, Test acc=0.146]
 44%|████▎     | 87/200 [18:08<22:58, 12.20s/it, Train loss=0.000462, Train acc=3.99e-5, Test loss=0.644, Test acc=0.148]
 44%|████▍     | 88/200 [18:08<22:45, 12.19s/it, Train loss=0.000462, Train acc=3.99e-5, Test loss=0.644, Test acc=0.148]
 44%|████▍     | 88/200 [18:20<22:45, 12.19s/it, Train loss=0.000482, Train acc=5.98e-5, Test loss=0.64, Test acc=0.146] 
 44%|████▍     | 89/200 [18:20<22:31, 12.18s/it, Train loss=0.000482, Train acc=5.98e-5, Test loss=0.64, Test acc=0.146]
 44%|████▍     | 89/200 [18:32<22:31, 12.18s/it, Train loss=0.000403, Train acc=3.99e-5, Test loss=0.644, Test acc=0.148]
 45%|████▌     | 90/200 [18:32<22:18, 12.17s/it, Train loss=0.000403, Train acc=3.99e-5, Test loss=0.644, Test acc=0.148]
 45%|████▌     | 90/200 [18:44<22:18, 12.17s/it, Train loss=0.000317, Train acc=0, Test loss=0.643, Test acc=0.145]      
 46%|████▌     | 91/200 [18:44<22:09, 12.20s/it, Train loss=0.000317, Train acc=0, Test loss=0.643, Test acc=0.145]
 46%|████▌     | 91/200 [18:57<22:09, 12.20s/it, Train loss=0.0003, Train acc=0, Test loss=0.646, Test acc=0.146]  
 46%|████▌     | 92/200 [18:57<21:59, 12.22s/it, Train loss=0.0003, Train acc=0, Test loss=0.646, Test acc=0.146]
 46%|████▌     | 92/200 [19:09<21:59, 12.22s/it, Train loss=0.000306, Train acc=0, Test loss=0.643, Test acc=0.147]
 46%|████▋     | 93/200 [19:09<21:46, 12.21s/it, Train loss=0.000306, Train acc=0, Test loss=0.643, Test acc=0.147]
 46%|████▋     | 93/200 [19:21<21:46, 12.21s/it, Train loss=0.000306, Train acc=0, Test loss=0.647, Test acc=0.147]
 47%|████▋     | 94/200 [19:21<21:33, 12.21s/it, Train loss=0.000306, Train acc=0, Test loss=0.647, Test acc=0.147]
 47%|████▋     | 94/200 [19:33<21:33, 12.21s/it, Train loss=0.000321, Train acc=3.99e-5, Test loss=0.647, Test acc=0.147]
 48%|████▊     | 95/200 [19:33<21:18, 12.18s/it, Train loss=0.000321, Train acc=3.99e-5, Test loss=0.647, Test acc=0.147]
 48%|████▊     | 95/200 [19:45<21:18, 12.18s/it, Train loss=0.000272, Train acc=0, Test loss=0.647, Test acc=0.146]      
 48%|████▊     | 96/200 [19:45<21:08, 12.20s/it, Train loss=0.000272, Train acc=0, Test loss=0.647, Test acc=0.146]
 48%|████▊     | 96/200 [19:58<21:08, 12.20s/it, Train loss=0.000256, Train acc=0, Test loss=0.647, Test acc=0.147]
 48%|████▊     | 97/200 [19:58<20:58, 12.22s/it, Train loss=0.000256, Train acc=0, Test loss=0.647, Test acc=0.147]
 48%|████▊     | 97/200 [20:10<20:58, 12.22s/it, Train loss=0.00027, Train acc=1.99e-5, Test loss=0.648, Test acc=0.145]
 49%|████▉     | 98/200 [20:10<20:46, 12.22s/it, Train loss=0.00027, Train acc=1.99e-5, Test loss=0.648, Test acc=0.145]
 49%|████▉     | 98/200 [20:22<20:46, 12.22s/it, Train loss=0.000315, Train acc=1.99e-5, Test loss=0.648, Test acc=0.145]
 50%|████▉     | 99/200 [20:22<20:32, 12.21s/it, Train loss=0.000315, Train acc=1.99e-5, Test loss=0.648, Test acc=0.145]
 50%|████▉     | 99/200 [20:34<20:32, 12.21s/it, Train loss=0.000265, Train acc=1.99e-5, Test loss=0.65, Test acc=0.145] 
 50%|█████     | 100/200 [20:34<20:19, 12.20s/it, Train loss=0.000265, Train acc=1.99e-5, Test loss=0.65, Test acc=0.145]
 50%|█████     | 100/200 [20:46<20:19, 12.20s/it, Train loss=0.000233, Train acc=0, Test loss=0.649, Test acc=0.146]     
 50%|█████     | 101/200 [20:46<20:09, 12.21s/it, Train loss=0.000233, Train acc=0, Test loss=0.649, Test acc=0.146]
 50%|█████     | 101/200 [20:59<20:09, 12.21s/it, Train loss=0.000252, Train acc=0, Test loss=0.65, Test acc=0.145] 
 51%|█████     | 102/200 [20:59<19:58, 12.23s/it, Train loss=0.000252, Train acc=0, Test loss=0.65, Test acc=0.145]
 51%|█████     | 102/200 [21:11<19:58, 12.23s/it, Train loss=0.000262, Train acc=3.99e-5, Test loss=0.651, Test acc=0.146]
 52%|█████▏    | 103/200 [21:11<19:48, 12.26s/it, Train loss=0.000262, Train acc=3.99e-5, Test loss=0.651, Test acc=0.146]
 52%|█████▏    | 103/200 [21:23<19:48, 12.26s/it, Train loss=0.000237, Train acc=0, Test loss=0.651, Test acc=0.148]      
 52%|█████▏    | 104/200 [21:23<19:35, 12.24s/it, Train loss=0.000237, Train acc=0, Test loss=0.651, Test acc=0.148]
 52%|█████▏    | 104/200 [21:35<19:35, 12.24s/it, Train loss=0.000219, Train acc=0, Test loss=0.654, Test acc=0.146]
 52%|█████▎    | 105/200 [21:35<19:20, 12.22s/it, Train loss=0.000219, Train acc=0, Test loss=0.654, Test acc=0.146]
 52%|█████▎    | 105/200 [21:48<19:20, 12.22s/it, Train loss=0.000221, Train acc=0, Test loss=0.654, Test acc=0.147]
 53%|█████▎    | 106/200 [21:48<19:11, 12.25s/it, Train loss=0.000221, Train acc=0, Test loss=0.654, Test acc=0.147]
 53%|█████▎    | 106/200 [22:00<19:11, 12.25s/it, Train loss=0.000214, Train acc=0, Test loss=0.654, Test acc=0.148]
 54%|█████▎    | 107/200 [22:00<18:59, 12.26s/it, Train loss=0.000214, Train acc=0, Test loss=0.654, Test acc=0.148]
 54%|█████▎    | 107/200 [22:12<18:59, 12.26s/it, Train loss=0.000229, Train acc=1.99e-5, Test loss=0.654, Test acc=0.146]
 54%|█████▍    | 108/200 [22:12<18:47, 12.25s/it, Train loss=0.000229, Train acc=1.99e-5, Test loss=0.654, Test acc=0.146]
 54%|█████▍    | 108/200 [22:24<18:47, 12.25s/it, Train loss=0.000213, Train acc=0, Test loss=0.654, Test acc=0.145]      
 55%|█████▍    | 109/200 [22:24<18:32, 12.22s/it, Train loss=0.000213, Train acc=0, Test loss=0.654, Test acc=0.145]
 55%|█████▍    | 109/200 [22:37<18:32, 12.22s/it, Train loss=0.00025, Train acc=1.99e-5, Test loss=0.653, Test acc=0.145]
 55%|█████▌    | 110/200 [22:37<18:18, 12.20s/it, Train loss=0.00025, Train acc=1.99e-5, Test loss=0.653, Test acc=0.145]
 55%|█████▌    | 110/200 [22:49<18:18, 12.20s/it, Train loss=0.000201, Train acc=0, Test loss=0.653, Test acc=0.146]     
 56%|█████▌    | 111/200 [22:49<18:07, 12.21s/it, Train loss=0.000201, Train acc=0, Test loss=0.653, Test acc=0.146]
 56%|█████▌    | 111/200 [23:01<18:07, 12.21s/it, Train loss=0.00021, Train acc=0, Test loss=0.656, Test acc=0.145] 
 56%|█████▌    | 112/200 [23:01<17:57, 12.24s/it, Train loss=0.00021, Train acc=0, Test loss=0.656, Test acc=0.145]
 56%|█████▌    | 112/200 [23:13<17:57, 12.24s/it, Train loss=0.000209, Train acc=0, Test loss=0.656, Test acc=0.144]
 56%|█████▋    | 113/200 [23:13<17:45, 12.25s/it, Train loss=0.000209, Train acc=0, Test loss=0.656, Test acc=0.144]
 56%|█████▋    | 113/200 [23:26<17:45, 12.25s/it, Train loss=0.000202, Train acc=0, Test loss=0.654, Test acc=0.145]
 57%|█████▋    | 114/200 [23:26<17:30, 12.22s/it, Train loss=0.000202, Train acc=0, Test loss=0.654, Test acc=0.145]
 57%|█████▋    | 114/200 [23:38<17:30, 12.22s/it, Train loss=0.000194, Train acc=0, Test loss=0.654, Test acc=0.146]
 57%|█████▊    | 115/200 [23:38<17:21, 12.25s/it, Train loss=0.000194, Train acc=0, Test loss=0.654, Test acc=0.146]
 57%|█████▊    | 115/200 [23:50<17:21, 12.25s/it, Train loss=0.000192, Train acc=0, Test loss=0.656, Test acc=0.146]
 58%|█████▊    | 116/200 [23:50<17:09, 12.26s/it, Train loss=0.000192, Train acc=0, Test loss=0.656, Test acc=0.146]
 58%|█████▊    | 116/200 [24:02<17:09, 12.26s/it, Train loss=0.000191, Train acc=0, Test loss=0.658, Test acc=0.148]
 58%|█████▊    | 117/200 [24:02<16:57, 12.26s/it, Train loss=0.000191, Train acc=0, Test loss=0.658, Test acc=0.148]
 58%|█████▊    | 117/200 [24:15<16:57, 12.26s/it, Train loss=0.00019, Train acc=0, Test loss=0.655, Test acc=0.145] 
 59%|█████▉    | 118/200 [24:15<16:44, 12.26s/it, Train loss=0.00019, Train acc=0, Test loss=0.655, Test acc=0.145]
 59%|█████▉    | 118/200 [24:27<16:44, 12.26s/it, Train loss=0.000184, Train acc=0, Test loss=0.657, Test acc=0.147]
 60%|█████▉    | 119/200 [24:27<16:30, 12.23s/it, Train loss=0.000184, Train acc=0, Test loss=0.657, Test acc=0.147]
 60%|█████▉    | 119/200 [24:39<16:30, 12.23s/it, Train loss=0.000188, Train acc=0, Test loss=0.659, Test acc=0.147]
 60%|██████    | 120/200 [24:39<16:16, 12.21s/it, Train loss=0.000188, Train acc=0, Test loss=0.659, Test acc=0.147]
 60%|██████    | 120/200 [24:51<16:16, 12.21s/it, Train loss=0.000178, Train acc=0, Test loss=0.655, Test acc=0.146]
 60%|██████    | 121/200 [24:51<16:06, 12.23s/it, Train loss=0.000178, Train acc=0, Test loss=0.655, Test acc=0.146]
 60%|██████    | 121/200 [25:04<16:06, 12.23s/it, Train loss=0.000175, Train acc=0, Test loss=0.658, Test acc=0.147]
 61%|██████    | 122/200 [25:04<15:56, 12.26s/it, Train loss=0.000175, Train acc=0, Test loss=0.658, Test acc=0.147]
 61%|██████    | 122/200 [25:16<15:56, 12.26s/it, Train loss=0.0002, Train acc=0, Test loss=0.659, Test acc=0.147]  
 62%|██████▏   | 123/200 [25:16<15:43, 12.25s/it, Train loss=0.0002, Train acc=0, Test loss=0.659, Test acc=0.147]
 62%|██████▏   | 123/200 [25:28<15:43, 12.25s/it, Train loss=0.000178, Train acc=0, Test loss=0.662, Test acc=0.146]
 62%|██████▏   | 124/200 [25:28<15:30, 12.24s/it, Train loss=0.000178, Train acc=0, Test loss=0.662, Test acc=0.146]
 62%|██████▏   | 124/200 [25:40<15:30, 12.24s/it, Train loss=0.000178, Train acc=0, Test loss=0.662, Test acc=0.147]
 62%|██████▎   | 125/200 [25:40<15:15, 12.21s/it, Train loss=0.000178, Train acc=0, Test loss=0.662, Test acc=0.147]
 62%|██████▎   | 125/200 [25:52<15:15, 12.21s/it, Train loss=0.000167, Train acc=0, Test loss=0.662, Test acc=0.145]
 63%|██████▎   | 126/200 [25:52<15:05, 12.24s/it, Train loss=0.000167, Train acc=0, Test loss=0.662, Test acc=0.145]
 63%|██████▎   | 126/200 [26:05<15:05, 12.24s/it, Train loss=0.000171, Train acc=0, Test loss=0.66, Test acc=0.147] 
 64%|██████▎   | 127/200 [26:05<14:58, 12.31s/it, Train loss=0.000171, Train acc=0, Test loss=0.66, Test acc=0.147]
 64%|██████▎   | 127/200 [26:17<14:58, 12.31s/it, Train loss=0.000171, Train acc=0, Test loss=0.66, Test acc=0.146]
 64%|██████▍   | 128/200 [26:17<14:47, 12.32s/it, Train loss=0.000171, Train acc=0, Test loss=0.66, Test acc=0.146]
 64%|██████▍   | 128/200 [26:30<14:47, 12.32s/it, Train loss=0.000179, Train acc=0, Test loss=0.665, Test acc=0.145]
 64%|██████▍   | 129/200 [26:30<14:33, 12.31s/it, Train loss=0.000179, Train acc=0, Test loss=0.665, Test acc=0.145]
 64%|██████▍   | 129/200 [26:42<14:33, 12.31s/it, Train loss=0.000173, Train acc=0, Test loss=0.663, Test acc=0.147]
 65%|██████▌   | 130/200 [26:42<14:21, 12.31s/it, Train loss=0.000173, Train acc=0, Test loss=0.663, Test acc=0.147]
 65%|██████▌   | 130/200 [26:54<14:21, 12.31s/it, Train loss=0.000163, Train acc=0, Test loss=0.663, Test acc=0.146]
 66%|██████▌   | 131/200 [26:54<14:10, 12.32s/it, Train loss=0.000163, Train acc=0, Test loss=0.663, Test acc=0.146]
 66%|██████▌   | 131/200 [27:07<14:10, 12.32s/it, Train loss=0.000169, Train acc=0, Test loss=0.661, Test acc=0.145]
 66%|██████▌   | 132/200 [27:07<13:59, 12.35s/it, Train loss=0.000169, Train acc=0, Test loss=0.661, Test acc=0.145]
 66%|██████▌   | 132/200 [27:19<13:59, 12.35s/it, Train loss=0.000159, Train acc=0, Test loss=0.661, Test acc=0.146]
 66%|██████▋   | 133/200 [27:19<13:47, 12.36s/it, Train loss=0.000159, Train acc=0, Test loss=0.661, Test acc=0.146]
 66%|██████▋   | 133/200 [27:31<13:47, 12.36s/it, Train loss=0.000161, Train acc=0, Test loss=0.663, Test acc=0.146]
 67%|██████▋   | 134/200 [27:31<13:31, 12.29s/it, Train loss=0.000161, Train acc=0, Test loss=0.663, Test acc=0.146]
 67%|██████▋   | 134/200 [27:43<13:31, 12.29s/it, Train loss=0.000161, Train acc=0, Test loss=0.661, Test acc=0.145]
 68%|██████▊   | 135/200 [27:43<13:16, 12.26s/it, Train loss=0.000161, Train acc=0, Test loss=0.661, Test acc=0.145]
 68%|██████▊   | 135/200 [27:56<13:16, 12.26s/it, Train loss=0.000158, Train acc=0, Test loss=0.661, Test acc=0.146]
 68%|██████▊   | 136/200 [27:56<13:05, 12.27s/it, Train loss=0.000158, Train acc=0, Test loss=0.661, Test acc=0.146]
 68%|██████▊   | 136/200 [28:08<13:05, 12.27s/it, Train loss=0.000161, Train acc=0, Test loss=0.663, Test acc=0.146]
 68%|██████▊   | 137/200 [28:08<12:52, 12.26s/it, Train loss=0.000161, Train acc=0, Test loss=0.663, Test acc=0.146]
 68%|██████▊   | 137/200 [28:20<12:52, 12.26s/it, Train loss=0.00016, Train acc=0, Test loss=0.662, Test acc=0.146] 
 69%|██████▉   | 138/200 [28:20<12:40, 12.26s/it, Train loss=0.00016, Train acc=0, Test loss=0.662, Test acc=0.146]
 69%|██████▉   | 138/200 [28:32<12:40, 12.26s/it, Train loss=0.000158, Train acc=0, Test loss=0.661, Test acc=0.146]
 70%|██████▉   | 139/200 [28:32<12:25, 12.22s/it, Train loss=0.000158, Train acc=0, Test loss=0.661, Test acc=0.146]
 70%|██████▉   | 139/200 [28:44<12:25, 12.22s/it, Train loss=0.000159, Train acc=0, Test loss=0.662, Test acc=0.146]
 70%|███████   | 140/200 [28:44<12:10, 12.18s/it, Train loss=0.000159, Train acc=0, Test loss=0.662, Test acc=0.146]
 70%|███████   | 140/200 [28:57<12:10, 12.18s/it, Train loss=0.000156, Train acc=0, Test loss=0.665, Test acc=0.146]
 70%|███████   | 141/200 [28:57<11:59, 12.19s/it, Train loss=0.000156, Train acc=0, Test loss=0.665, Test acc=0.146]
 70%|███████   | 141/200 [29:09<11:59, 12.19s/it, Train loss=0.000151, Train acc=0, Test loss=0.662, Test acc=0.146]
 71%|███████   | 142/200 [29:09<11:47, 12.20s/it, Train loss=0.000151, Train acc=0, Test loss=0.662, Test acc=0.146]
 71%|███████   | 142/200 [29:21<11:47, 12.20s/it, Train loss=0.000154, Train acc=0, Test loss=0.663, Test acc=0.146]
 72%|███████▏  | 143/200 [29:21<11:35, 12.20s/it, Train loss=0.000154, Train acc=0, Test loss=0.663, Test acc=0.146]
 72%|███████▏  | 143/200 [29:33<11:35, 12.20s/it, Train loss=0.000152, Train acc=0, Test loss=0.661, Test acc=0.146]
 72%|███████▏  | 144/200 [29:33<11:21, 12.17s/it, Train loss=0.000152, Train acc=0, Test loss=0.661, Test acc=0.146]
 72%|███████▏  | 144/200 [29:45<11:21, 12.17s/it, Train loss=0.000156, Train acc=0, Test loss=0.664, Test acc=0.146]
 72%|███████▎  | 145/200 [29:45<11:08, 12.15s/it, Train loss=0.000156, Train acc=0, Test loss=0.664, Test acc=0.146]
 72%|███████▎  | 145/200 [29:58<11:08, 12.15s/it, Train loss=0.000157, Train acc=0, Test loss=0.662, Test acc=0.146]
 73%|███████▎  | 146/200 [29:58<11:10, 12.42s/it, Train loss=0.000157, Train acc=0, Test loss=0.662, Test acc=0.146]
 73%|███████▎  | 146/200 [30:10<11:10, 12.42s/it, Train loss=0.000157, Train acc=0, Test loss=0.664, Test acc=0.147]
 74%|███████▎  | 147/200 [30:10<10:55, 12.36s/it, Train loss=0.000157, Train acc=0, Test loss=0.664, Test acc=0.147]
 74%|███████▎  | 147/200 [30:23<10:55, 12.36s/it, Train loss=0.000147, Train acc=0, Test loss=0.663, Test acc=0.145]
 74%|███████▍  | 148/200 [30:23<10:39, 12.30s/it, Train loss=0.000147, Train acc=0, Test loss=0.663, Test acc=0.145]
 74%|███████▍  | 148/200 [30:35<10:39, 12.30s/it, Train loss=0.000147, Train acc=0, Test loss=0.665, Test acc=0.146]
 74%|███████▍  | 149/200 [30:35<10:23, 12.23s/it, Train loss=0.000147, Train acc=0, Test loss=0.665, Test acc=0.146]
 74%|███████▍  | 149/200 [30:47<10:23, 12.23s/it, Train loss=0.000146, Train acc=0, Test loss=0.663, Test acc=0.146]
 75%|███████▌  | 150/200 [30:47<10:09, 12.20s/it, Train loss=0.000146, Train acc=0, Test loss=0.663, Test acc=0.146]
 75%|███████▌  | 150/200 [30:59<10:09, 12.20s/it, Train loss=0.000149, Train acc=0, Test loss=0.668, Test acc=0.145]
 76%|███████▌  | 151/200 [30:59<09:57, 12.19s/it, Train loss=0.000149, Train acc=0, Test loss=0.668, Test acc=0.145]
 76%|███████▌  | 151/200 [31:11<09:57, 12.19s/it, Train loss=0.000145, Train acc=0, Test loss=0.665, Test acc=0.146]
 76%|███████▌  | 152/200 [31:11<09:46, 12.22s/it, Train loss=0.000145, Train acc=0, Test loss=0.665, Test acc=0.146]
 76%|███████▌  | 152/200 [31:23<09:46, 12.22s/it, Train loss=0.00015, Train acc=0, Test loss=0.666, Test acc=0.145] 
 76%|███████▋  | 153/200 [31:23<09:33, 12.19s/it, Train loss=0.00015, Train acc=0, Test loss=0.666, Test acc=0.145]
 76%|███████▋  | 153/200 [31:36<09:33, 12.19s/it, Train loss=0.00015, Train acc=0, Test loss=0.663, Test acc=0.145]
 77%|███████▋  | 154/200 [31:36<09:19, 12.16s/it, Train loss=0.00015, Train acc=0, Test loss=0.663, Test acc=0.145]
 77%|███████▋  | 154/200 [31:48<09:19, 12.16s/it, Train loss=0.000146, Train acc=0, Test loss=0.663, Test acc=0.146]
 78%|███████▊  | 155/200 [31:48<09:07, 12.16s/it, Train loss=0.000146, Train acc=0, Test loss=0.663, Test acc=0.146]
 78%|███████▊  | 155/200 [32:00<09:07, 12.16s/it, Train loss=0.000148, Train acc=0, Test loss=0.665, Test acc=0.147]
 78%|███████▊  | 156/200 [32:00<08:55, 12.17s/it, Train loss=0.000148, Train acc=0, Test loss=0.665, Test acc=0.147]
 78%|███████▊  | 156/200 [32:12<08:55, 12.17s/it, Train loss=0.000151, Train acc=0, Test loss=0.667, Test acc=0.146]
 78%|███████▊  | 157/200 [32:12<08:44, 12.19s/it, Train loss=0.000151, Train acc=0, Test loss=0.667, Test acc=0.146]
 78%|███████▊  | 157/200 [32:24<08:44, 12.19s/it, Train loss=0.00014, Train acc=0, Test loss=0.665, Test acc=0.146] 
 79%|███████▉  | 158/200 [32:24<08:32, 12.21s/it, Train loss=0.00014, Train acc=0, Test loss=0.665, Test acc=0.146]
 79%|███████▉  | 158/200 [32:36<08:32, 12.21s/it, Train loss=0.000145, Train acc=0, Test loss=0.664, Test acc=0.147]
 80%|███████▉  | 159/200 [32:36<08:19, 12.19s/it, Train loss=0.000145, Train acc=0, Test loss=0.664, Test acc=0.147]
 80%|███████▉  | 159/200 [32:49<08:19, 12.19s/it, Train loss=0.000145, Train acc=0, Test loss=0.666, Test acc=0.147]
 80%|████████  | 160/200 [32:49<08:06, 12.17s/it, Train loss=0.000145, Train acc=0, Test loss=0.666, Test acc=0.147]
 80%|████████  | 160/200 [33:01<08:06, 12.17s/it, Train loss=0.000141, Train acc=0, Test loss=0.668, Test acc=0.147]
 80%|████████  | 161/200 [33:01<07:55, 12.19s/it, Train loss=0.000141, Train acc=0, Test loss=0.668, Test acc=0.147]
 80%|████████  | 161/200 [33:13<07:55, 12.19s/it, Train loss=0.000146, Train acc=0, Test loss=0.665, Test acc=0.146]
 81%|████████  | 162/200 [33:13<07:43, 12.20s/it, Train loss=0.000146, Train acc=0, Test loss=0.665, Test acc=0.146]
 81%|████████  | 162/200 [33:25<07:43, 12.20s/it, Train loss=0.000141, Train acc=0, Test loss=0.666, Test acc=0.146]
 82%|████████▏ | 163/200 [33:25<07:32, 12.23s/it, Train loss=0.000141, Train acc=0, Test loss=0.666, Test acc=0.146]
 82%|████████▏ | 163/200 [33:38<07:32, 12.23s/it, Train loss=0.000146, Train acc=0, Test loss=0.664, Test acc=0.147]
 82%|████████▏ | 164/200 [33:38<07:19, 12.21s/it, Train loss=0.000146, Train acc=0, Test loss=0.664, Test acc=0.147]
 82%|████████▏ | 164/200 [33:50<07:19, 12.21s/it, Train loss=0.000144, Train acc=0, Test loss=0.67, Test acc=0.146] 
 82%|████████▎ | 165/200 [33:50<07:06, 12.19s/it, Train loss=0.000144, Train acc=0, Test loss=0.67, Test acc=0.146]
 82%|████████▎ | 165/200 [34:02<07:06, 12.19s/it, Train loss=0.000144, Train acc=0, Test loss=0.666, Test acc=0.147]
 83%|████████▎ | 166/200 [34:02<06:53, 12.17s/it, Train loss=0.000144, Train acc=0, Test loss=0.666, Test acc=0.147]
 83%|████████▎ | 166/200 [34:14<06:53, 12.17s/it, Train loss=0.000142, Train acc=0, Test loss=0.667, Test acc=0.146]
 84%|████████▎ | 167/200 [34:14<06:42, 12.20s/it, Train loss=0.000142, Train acc=0, Test loss=0.667, Test acc=0.146]
 84%|████████▎ | 167/200 [34:26<06:42, 12.20s/it, Train loss=0.000138, Train acc=0, Test loss=0.666, Test acc=0.146]
 84%|████████▍ | 168/200 [34:26<06:31, 12.22s/it, Train loss=0.000138, Train acc=0, Test loss=0.666, Test acc=0.146]
 84%|████████▍ | 168/200 [34:39<06:31, 12.22s/it, Train loss=0.00014, Train acc=0, Test loss=0.665, Test acc=0.146] 
 84%|████████▍ | 169/200 [34:39<06:18, 12.22s/it, Train loss=0.00014, Train acc=0, Test loss=0.665, Test acc=0.146]
 84%|████████▍ | 169/200 [34:51<06:18, 12.22s/it, Train loss=0.000141, Train acc=0, Test loss=0.667, Test acc=0.146]
 85%|████████▌ | 170/200 [34:51<06:05, 12.20s/it, Train loss=0.000141, Train acc=0, Test loss=0.667, Test acc=0.146]
 85%|████████▌ | 170/200 [35:03<06:05, 12.20s/it, Train loss=0.000138, Train acc=0, Test loss=0.669, Test acc=0.146]
 86%|████████▌ | 171/200 [35:03<05:53, 12.18s/it, Train loss=0.000138, Train acc=0, Test loss=0.669, Test acc=0.146]
 86%|████████▌ | 171/200 [35:15<05:53, 12.18s/it, Train loss=0.000143, Train acc=0, Test loss=0.67, Test acc=0.147] 
 86%|████████▌ | 172/200 [35:15<05:41, 12.21s/it, Train loss=0.000143, Train acc=0, Test loss=0.67, Test acc=0.147]
 86%|████████▌ | 172/200 [35:27<05:41, 12.21s/it, Train loss=0.000141, Train acc=0, Test loss=0.666, Test acc=0.146]
 86%|████████▋ | 173/200 [35:27<05:30, 12.23s/it, Train loss=0.000141, Train acc=0, Test loss=0.666, Test acc=0.146]
 86%|████████▋ | 173/200 [35:40<05:30, 12.23s/it, Train loss=0.000139, Train acc=0, Test loss=0.668, Test acc=0.147]
 87%|████████▋ | 174/200 [35:40<05:17, 12.23s/it, Train loss=0.000139, Train acc=0, Test loss=0.668, Test acc=0.147]
 87%|████████▋ | 174/200 [35:52<05:17, 12.23s/it, Train loss=0.000144, Train acc=0, Test loss=0.663, Test acc=0.146]
 88%|████████▊ | 175/200 [35:52<05:05, 12.21s/it, Train loss=0.000144, Train acc=0, Test loss=0.663, Test acc=0.146]
 88%|████████▊ | 175/200 [36:04<05:05, 12.21s/it, Train loss=0.000134, Train acc=0, Test loss=0.666, Test acc=0.145]
 88%|████████▊ | 176/200 [36:04<04:52, 12.20s/it, Train loss=0.000134, Train acc=0, Test loss=0.666, Test acc=0.145]
 88%|████████▊ | 176/200 [36:16<04:52, 12.20s/it, Train loss=0.000147, Train acc=0, Test loss=0.667, Test acc=0.145]
 88%|████████▊ | 177/200 [36:16<04:41, 12.23s/it, Train loss=0.000147, Train acc=0, Test loss=0.667, Test acc=0.145]
 88%|████████▊ | 177/200 [36:28<04:41, 12.23s/it, Train loss=0.000142, Train acc=0, Test loss=0.668, Test acc=0.147]
 89%|████████▉ | 178/200 [36:28<04:29, 12.24s/it, Train loss=0.000142, Train acc=0, Test loss=0.668, Test acc=0.147]
 89%|████████▉ | 178/200 [36:41<04:29, 12.24s/it, Train loss=0.000142, Train acc=0, Test loss=0.667, Test acc=0.146]
 90%|████████▉ | 179/200 [36:41<04:16, 12.23s/it, Train loss=0.000142, Train acc=0, Test loss=0.667, Test acc=0.146]
 90%|████████▉ | 179/200 [36:53<04:16, 12.23s/it, Train loss=0.000146, Train acc=0, Test loss=0.67, Test acc=0.146] 
 90%|█████████ | 180/200 [36:53<04:03, 12.20s/it, Train loss=0.000146, Train acc=0, Test loss=0.67, Test acc=0.146]
 90%|█████████ | 180/200 [37:05<04:03, 12.20s/it, Train loss=0.000143, Train acc=0, Test loss=0.667, Test acc=0.146]
 90%|█████████ | 181/200 [37:05<03:51, 12.19s/it, Train loss=0.000143, Train acc=0, Test loss=0.667, Test acc=0.146]
 90%|█████████ | 181/200 [37:17<03:51, 12.19s/it, Train loss=0.00014, Train acc=0, Test loss=0.671, Test acc=0.146] 
 91%|█████████ | 182/200 [37:17<03:39, 12.22s/it, Train loss=0.00014, Train acc=0, Test loss=0.671, Test acc=0.146]
 91%|█████████ | 182/200 [37:30<03:39, 12.22s/it, Train loss=0.000135, Train acc=0, Test loss=0.67, Test acc=0.146]
 92%|█████████▏| 183/200 [37:30<03:28, 12.25s/it, Train loss=0.000135, Train acc=0, Test loss=0.67, Test acc=0.146]
 92%|█████████▏| 183/200 [37:42<03:28, 12.25s/it, Train loss=0.000137, Train acc=0, Test loss=0.665, Test acc=0.146]
 92%|█████████▏| 184/200 [37:42<03:15, 12.25s/it, Train loss=0.000137, Train acc=0, Test loss=0.665, Test acc=0.146]
 92%|█████████▏| 184/200 [37:54<03:15, 12.25s/it, Train loss=0.000147, Train acc=0, Test loss=0.666, Test acc=0.146]
 92%|█████████▎| 185/200 [37:54<03:03, 12.23s/it, Train loss=0.000147, Train acc=0, Test loss=0.666, Test acc=0.146]
 92%|█████████▎| 185/200 [38:06<03:03, 12.23s/it, Train loss=0.000136, Train acc=0, Test loss=0.668, Test acc=0.147]
 93%|█████████▎| 186/200 [38:06<02:50, 12.21s/it, Train loss=0.000136, Train acc=0, Test loss=0.668, Test acc=0.147]
 93%|█████████▎| 186/200 [38:18<02:50, 12.21s/it, Train loss=0.00014, Train acc=0, Test loss=0.667, Test acc=0.147] 
 94%|█████████▎| 187/200 [38:18<02:38, 12.22s/it, Train loss=0.00014, Train acc=0, Test loss=0.667, Test acc=0.147]
 94%|█████████▎| 187/200 [38:31<02:38, 12.22s/it, Train loss=0.000143, Train acc=0, Test loss=0.665, Test acc=0.147]
 94%|█████████▍| 188/200 [38:31<02:26, 12.23s/it, Train loss=0.000143, Train acc=0, Test loss=0.665, Test acc=0.147]
 94%|█████████▍| 188/200 [38:43<02:26, 12.23s/it, Train loss=0.000137, Train acc=0, Test loss=0.67, Test acc=0.146] 
 94%|█████████▍| 189/200 [38:43<02:14, 12.22s/it, Train loss=0.000137, Train acc=0, Test loss=0.67, Test acc=0.146]
 94%|█████████▍| 189/200 [38:55<02:14, 12.22s/it, Train loss=0.000136, Train acc=0, Test loss=0.668, Test acc=0.147]
 95%|█████████▌| 190/200 [38:55<02:02, 12.22s/it, Train loss=0.000136, Train acc=0, Test loss=0.668, Test acc=0.147]
 95%|█████████▌| 190/200 [39:07<02:02, 12.22s/it, Train loss=0.000141, Train acc=0, Test loss=0.67, Test acc=0.147] 
 96%|█████████▌| 191/200 [39:07<01:49, 12.21s/it, Train loss=0.000141, Train acc=0, Test loss=0.67, Test acc=0.147]
 96%|█████████▌| 191/200 [39:20<01:49, 12.21s/it, Train loss=0.00014, Train acc=0, Test loss=0.667, Test acc=0.147]
 96%|█████████▌| 192/200 [39:20<01:37, 12.22s/it, Train loss=0.00014, Train acc=0, Test loss=0.667, Test acc=0.147]
 96%|█████████▌| 192/200 [39:32<01:37, 12.22s/it, Train loss=0.000137, Train acc=0, Test loss=0.673, Test acc=0.147]
 96%|█████████▋| 193/200 [39:32<01:25, 12.25s/it, Train loss=0.000137, Train acc=0, Test loss=0.673, Test acc=0.147]
 96%|█████████▋| 193/200 [39:44<01:25, 12.25s/it, Train loss=0.000138, Train acc=0, Test loss=0.667, Test acc=0.147]
 97%|█████████▋| 194/200 [39:44<01:13, 12.25s/it, Train loss=0.000138, Train acc=0, Test loss=0.667, Test acc=0.147]
 97%|█████████▋| 194/200 [39:56<01:13, 12.25s/it, Train loss=0.000139, Train acc=0, Test loss=0.666, Test acc=0.146]
 98%|█████████▊| 195/200 [39:56<01:01, 12.21s/it, Train loss=0.000139, Train acc=0, Test loss=0.666, Test acc=0.146]
 98%|█████████▊| 195/200 [40:08<01:01, 12.21s/it, Train loss=0.000142, Train acc=0, Test loss=0.669, Test acc=0.147]
 98%|█████████▊| 196/200 [40:08<00:48, 12.18s/it, Train loss=0.000142, Train acc=0, Test loss=0.669, Test acc=0.147]
 98%|█████████▊| 196/200 [40:21<00:48, 12.18s/it, Train loss=0.000136, Train acc=0, Test loss=0.67, Test acc=0.148] 
 98%|█████████▊| 197/200 [40:21<00:36, 12.19s/it, Train loss=0.000136, Train acc=0, Test loss=0.67, Test acc=0.148]
 98%|█████████▊| 197/200 [40:33<00:36, 12.19s/it, Train loss=0.000145, Train acc=0, Test loss=0.667, Test acc=0.146]
 99%|█████████▉| 198/200 [40:33<00:24, 12.22s/it, Train loss=0.000145, Train acc=0, Test loss=0.667, Test acc=0.146]
 99%|█████████▉| 198/200 [40:45<00:24, 12.22s/it, Train loss=0.000142, Train acc=0, Test loss=0.667, Test acc=0.146]
100%|█████████▉| 199/200 [40:45<00:12, 12.22s/it, Train loss=0.000142, Train acc=0, Test loss=0.667, Test acc=0.146]
100%|█████████▉| 199/200 [40:57<00:12, 12.22s/it, Train loss=0.000149, Train acc=0, Test loss=0.669, Test acc=0.146]
100%|██████████| 200/200 [40:57<00:00, 12.20s/it, Train loss=0.000149, Train acc=0, Test loss=0.669, Test acc=0.146]
100%|██████████| 200/200 [40:57<00:00, 12.29s/it, Train loss=0.000149, Train acc=0, Test loss=0.669, Test acc=0.146]
